Log file open, 02/07/19 10:47:10
LogWindows: Failed to load 'aqProf.dll' (GetLastError=126)
LogWindows: File 'aqProf.dll' does not exist
LogWindows: Failed to load 'VSPerf140.dll' (GetLastError=126)
LogWindows: File 'VSPerf140.dll' does not exist
LogWindows: Failed to load 'VtuneApi.dll' (GetLastError=126)
LogWindows: File 'VtuneApi.dll' does not exist
LogWindows: Failed to load 'VtuneApi32e.dll' (GetLastError=126)
LogWindows: File 'VtuneApi32e.dll' does not exist
LogInit: Display: Running engine for game: Terminus_22XX
LogPlatformFile: Not using cached read wrapper
LogTaskGraph: Started task graph with 5 named threads and 14 total threads with 3 sets of task threads.
LogStats: Stats thread started at 0.245064
LogD3D11RHI: Loaded GFSDK_Aftermath_Lib.x64.dll
LogICUInternationalization: Display: ICU TimeZone Detection - Raw Offset: -5:00, Platform Override: ''
LogPluginManager: Mounting plugin Paper2D
LogPluginManager: Mounting plugin AISupport
LogPluginManager: Mounting plugin LightPropagationVolume
LogPluginManager: Mounting plugin CLionSourceCodeAccess
LogPluginManager: Mounting plugin CodeLiteSourceCodeAccess
LogPluginManager: Mounting plugin GitSourceControl
LogPluginManager: Mounting plugin KDevelopSourceCodeAccess
LogPluginManager: Mounting plugin NullSourceCodeAccess
LogPluginManager: Mounting plugin PerforceSourceControl
LogPluginManager: Mounting plugin SubversionSourceControl
LogPluginManager: Mounting plugin UObjectPlugin
LogPluginManager: Mounting plugin VisualStudioCodeSourceCodeAccess
LogPluginManager: Mounting plugin VisualStudioSourceCodeAccess
LogPluginManager: Mounting plugin XCodeSourceCodeAccess
LogPluginManager: Mounting plugin AssetManagerEditor
LogPluginManager: Mounting plugin CryptoKeys
LogPluginManager: Mounting plugin DataValidation
LogPluginManager: Mounting plugin FacialAnimation
LogPluginManager: Mounting plugin GameplayTagsEditor
LogPluginManager: Mounting plugin MacGraphicsSwitching
LogPluginManager: Mounting plugin MeshEditor
LogPluginManager: Mounting plugin MobileLauncherProfileWizard
LogPluginManager: Mounting plugin PluginBrowser
LogPluginManager: Mounting plugin SpeedTreeImporter
LogPluginManager: Mounting plugin DatasmithContent
LogPluginManager: Mounting plugin AlembicImporter
LogPluginManager: Mounting plugin AppleImageUtils
LogPluginManager: Mounting plugin AppleVision
LogPluginManager: Mounting plugin BackChannel
LogPluginManager: Mounting plugin CharacterAI
LogPluginManager: Mounting plugin GeometryCache
LogPluginManager: Mounting plugin HTML5Networking
LogPluginManager: Mounting plugin ProxyLODPlugin
LogPluginManager: Mounting plugin MagicLeap
LogPluginManager: Mounting plugin MagicLeapEmulator
LogPluginManager: Mounting plugin MagicLeapMedia
LogPluginManager: Mounting plugin AndroidMedia
LogPluginManager: Mounting plugin AvfMedia
LogPluginManager: Mounting plugin ImgMedia
LogPluginManager: Mounting plugin LinearTimecode
LogPluginManager: Mounting plugin MediaCompositing
LogPluginManager: Mounting plugin MediaPlayerEditor
LogPluginManager: Mounting plugin WmfMedia
LogPluginManager: Mounting plugin TcpMessaging
LogPluginManager: Mounting plugin UdpMessaging
LogPluginManager: Mounting plugin ActorSequence
LogPluginManager: Mounting plugin LevelSequenceEditor
LogPluginManager: Mounting plugin MatineeToLevelSequence
LogPluginManager: Mounting plugin NetcodeUnitTest
LogPluginManager: Mounting plugin NUTUnrealEngine4
LogPluginManager: Mounting plugin OnlineSubsystemGooglePlay
LogPluginManager: Mounting plugin OnlineSubsystemIOS
LogPluginManager: Mounting plugin OnlineSubsystem
LogPluginManager: Mounting plugin OnlineSubsystemNull
LogPluginManager: Mounting plugin OnlineSubsystemUtils
LogPluginManager: Mounting plugin LauncherChunkInstaller
LogPluginManager: Mounting plugin AndroidDeviceProfileSelector
LogPluginManager: Mounting plugin AndroidMoviePlayer
LogPluginManager: Mounting plugin AndroidPermission
LogPluginManager: Mounting plugin AppleMoviePlayer
LogPluginManager: Mounting plugin ArchVisCharacter
LogPluginManager: Mounting plugin AudioCapture
LogPluginManager: Mounting plugin CableComponent
LogPluginManager: Mounting plugin CustomMeshComponent
LogPluginManager: Mounting plugin EditableMesh
LogPluginManager: Mounting plugin ExampleDeviceProfileSelector
LogPluginManager: Mounting plugin GoogleCloudMessaging
LogPluginManager: Mounting plugin ImmediatePhysics
LogPluginManager: Mounting plugin IOSDeviceProfileSelector
LogPluginManager: Mounting plugin LinuxDeviceProfileSelector
LogPluginManager: Mounting plugin LocationServicesBPLibrary
LogPluginManager: Mounting plugin MobilePatchingUtils
LogPluginManager: Mounting plugin OculusVR
LogPluginManager: Plugin shader directory ../../../Engine/Plugins/Runtime/Oculus/OculusVR/Shaders found
LogPluginManager: Mapping shader source directory ../../../Engine/Plugins/Runtime/Oculus/OculusVR/Shaders to virtual directory /Plugin/OculusVR
LogPluginManager: Mounting plugin PhysXVehicles
LogPluginManager: Mounting plugin ProceduralMeshComponent
LogPluginManager: Mounting plugin RuntimePhysXCooking
LogPluginManager: Mounting plugin SteamVR
LogPluginManager: Mounting plugin WindowsMoviePlayer
LogStreaming: Display: Took  0.174s to configure plugins.
LogInit: Using libcurl 7.55.1-DEV
LogInit:  - built for x86_64-pc-win32
LogInit:  - supports SSL with OpenSSL/1.0.2h
LogInit:  - supports HTTP deflate (compression) using libz 1.2.8
LogInit:  - other features:
LogInit:      CURL_VERSION_SSL
LogInit:      CURL_VERSION_LIBZ
LogInit:      CURL_VERSION_IPV6
LogInit:      CURL_VERSION_ASYNCHDNS
LogInit:      CURL_VERSION_LARGEFILE
LogInit:      CURL_VERSION_IDN
LogInit:  CurlRequestOptions (configurable via config and command line):
LogInit:  - bVerifyPeer = false  - Libcurl will NOT verify peer certificate
LogInit:  - bUseHttpProxy = false  - Libcurl will NOT use HTTP proxy
LogInit:  - bDontReuseConnections = false  - Libcurl will reuse connections
LogInit:  - CertBundlePath = nullptr  - Libcurl will use whatever was configured at build time.
LogInit:  - MaxHostConnections = 16  - Libcurl will limit the number of connections to a host
LogInit:  - LocalHostAddr = Default
LogInit:  - BufferSize = 65536
LogInit: WinSock: version 1.1 (2.2), MaxSocks=32767, MaxUdp=65467
LogInit: Build: ++UE4+Release-4.20-CL-4369336
LogInit: Engine Version: 4.20.3-4369336+++UE4+Release-4.20
LogInit: Compatible Engine Version: 4.20.0-4212847+++UE4+Release-4.20
LogInit: Net CL: 4212847
LogInit: OS: Windows 10 (), CPU: Intel(R) Core(TM) i5-6600K CPU @ 3.50GHz, GPU: NVIDIA GeForce GTX 1060 6GB
LogInit: Compiled (64-bit): Sep 17 2018 12:26:19
LogInit: Compiled with Visual C++: 19.13.26129.00
LogInit: Build Configuration: Development
LogInit: Branch Name: ++UE4+Release-4.20
LogInit: Command Line:  -skipcompile
LogInit: Base Directory: F:/Program Files (x86)/Epic Games/UE_4.20/Engine/Binaries/Win64/
LogInit: Installed Engine Build: 1
LogDevObjectVersion: Number of dev versions registered: 20
LogDevObjectVersion:   Dev-Blueprints (B0D832E4-1F89-4F0D-ACCF-7EB736FD4AA2): 10
LogDevObjectVersion:   Dev-Build (E1C64328-A22C-4D53-A36C-8E866417BD8C): 0
LogDevObjectVersion:   Dev-Core (375EC13C-06E4-48FB-B500-84F0262A717E): 2
LogDevObjectVersion:   Dev-Editor (E4B068ED-F494-42E9-A231-DA0B2E46BB41): 24
LogDevObjectVersion:   Dev-Framework (CFFC743F-43B0-4480-9391-14DF171D2073): 34
LogDevObjectVersion:   Dev-Mobile (B02B49B5-BB20-44E9-A304-32B752E40360): 2
LogDevObjectVersion:   Dev-Networking (A4E4105C-59A1-49B5-A7C5-40C4547EDFEE): 0
LogDevObjectVersion:   Dev-Online (39C831C9-5AE6-47DC-9A44-9C173E1C8E7C): 0
LogDevObjectVersion:   Dev-Physics (78F01B33-EBEA-4F98-B9B4-84EACCB95AA2): 0
LogDevObjectVersion:   Dev-Platform (6631380F-2D4D-43E0-8009-CF276956A95A): 0
LogDevObjectVersion:   Dev-Rendering (12F88B9F-8875-4AFC-A67C-D90C383ABD29): 26
LogDevObjectVersion:   Dev-Sequencer (7B5AE74C-D270-4C10-A958-57980B212A5A): 9
LogDevObjectVersion:   Dev-VR (D7296918-1DD6-4BDD-9DE2-64A83CC13884): 2
LogDevObjectVersion:   Dev-LoadTimes (C2A15278-BFE7-4AFE-6C17-90FF531DF755): 1
LogDevObjectVersion:   Private-Geometry (6EACA3D4-40EC-4CC1-B786-8BED09428FC5): 3
LogDevObjectVersion:   Dev-AnimPhys (29E575DD-E0A3-4627-9D10-D276232CDCEA): 17
LogDevObjectVersion:   Dev-ReflectionCapture (6B266CEC-1EC7-4B8F-A30B-E4D90942FC07): 1
LogDevObjectVersion:   Dev-Automation (0DF73D61-A23F-47EA-B727-89E90C41499A): 1
LogDevObjectVersion:   FortniteMain (601D1886-AC64-4F84-AA16-D3DE0DEAC7D6): 12
LogDevObjectVersion:   Dev-Enterprise (9DFFBCD6-494F-0158-E221-12823C92A888): 1
LogStreaming: Display: Took  0.002s to delete old logs.
LogInit: Presizing for max 8388607 objects, including 0 objects not considered by GC, pre-allocating 0 bytes for permanent pool.
LogInit: Object subsystem initialized
[2019.02.07-15.47.11:185][  0]LogInit: Selected Device Profile: [Windows]
[2019.02.07-15.47.11:186][  0]LogInit: Applying CVar settings loaded from the selected device profile: [Windows]
[2019.02.07-15.47.11:199][  0]LogHAL: Display: Platform has ~ 16 GB [17136545792 / 17179869184 / 16], which maps to Larger [LargestMinGB=32, LargerMinGB=12, DefaultMinGB=8, SmallerMinGB=6, SmallestMinGB=0)
[2019.02.07-15.47.11:201][  0]LogInit: Setting Device Profile CVar: [[r.Vulkan.UseRealUBs:1]]
[2019.02.07-15.47.11:204][  0]LogInit: Going up to parent DeviceProfile []
[2019.02.07-15.47.11:205][  0]LogInit: Computer: RENZY-GAMING
[2019.02.07-15.47.11:205][  0]LogInit: User: Renzy
[2019.02.07-15.47.11:205][  0]LogInit: CPU Page size=4096, Cores=4
[2019.02.07-15.47.11:205][  0]LogInit: High frequency timer resolution =3.421876 MHz
[2019.02.07-15.47.11:206][  0]LogMemory: Memory total: Physical=16.0GB (16GB approx)
[2019.02.07-15.47.11:206][  0]LogMemory: Platform Memory Stats for Windows
[2019.02.07-15.47.11:206][  0]LogMemory: Process Physical Memory: 101.29 MB used, 101.29 MB peak
[2019.02.07-15.47.11:206][  0]LogMemory: Process Virtual Memory: 84.66 MB used, 84.66 MB peak
[2019.02.07-15.47.11:206][  0]LogMemory: Physical Memory: 7229.56 MB used,  9113.13 MB free, 16342.68 MB total
[2019.02.07-15.47.11:206][  0]LogMemory: Virtual Memory: 4625.35 MB used,  9113.13 MB free, 134217728.00 MB total
[2019.02.07-15.47.11:320][  0]LogInit: Using OS detected language (en-US).
[2019.02.07-15.47.11:320][  0]LogInit: Using OS detected locale (en-CA).
[2019.02.07-15.47.11:321][  0]LogTextLocalizationManager: No specific localization for 'en-US' exists, so the 'en' localization will be used.
[2019.02.07-15.47.11:658][  0]LogStreaming: Display: Took  0.339s to InitEngineTextLocalization.
[2019.02.07-15.47.11:660][  0]LogInit: Setting process to per monitor DPI aware
[2019.02.07-15.47.11:713][  0]LogSlate: New Slate User Created.  User Index 0, Is Virtual User: 0
[2019.02.07-15.47.11:713][  0]LogSlate: Slate User Registered.  User Index 0, Is Virtual User: 0
[2019.02.07-15.47.11:972][  0]LogHMD: Failed to initialize OpenVR with code 110
[2019.02.07-15.47.11:972][  0]LogD3D11RHI: D3D11 adapters:
[2019.02.07-15.47.12:038][  0]LogD3D11RHI:    0. 'NVIDIA GeForce GTX 1060 6GB' (Feature Level 11_0)
[2019.02.07-15.47.12:038][  0]LogD3D11RHI:       6052/0/8171 MB DedicatedVideo/DedicatedSystem/SharedSystem, Outputs:2, VendorId:0x10de
[2019.02.07-15.47.12:045][  0]LogD3D11RHI:    1. 'Microsoft Basic Render Driver' (Feature Level 11_0)
[2019.02.07-15.47.12:045][  0]LogD3D11RHI:       0/0/8171 MB DedicatedVideo/DedicatedSystem/SharedSystem, Outputs:0, VendorId:0x1414
[2019.02.07-15.47.12:045][  0]LogD3D11RHI: Chosen D3D11 Adapter: 0
[2019.02.07-15.47.12:051][  0]LogD3D11RHI: Creating new Direct3DDevice
[2019.02.07-15.47.12:051][  0]LogD3D11RHI:     GPU DeviceId: 0x1c03 (for the marketing name, search the web for "GPU Device Id")
[2019.02.07-15.47.12:052][  0]LogWindows: EnumDisplayDevices:
[2019.02.07-15.47.12:052][  0]LogWindows:    0. 'NVIDIA GeForce GTX 1060 6GB' (P:1 D:1)
[2019.02.07-15.47.12:052][  0]LogWindows:    1. 'NVIDIA GeForce GTX 1060 6GB' (P:0 D:1)
[2019.02.07-15.47.12:053][  0]LogWindows:    2. 'NVIDIA GeForce GTX 1060 6GB' (P:0 D:0)
[2019.02.07-15.47.12:053][  0]LogWindows:    3. 'NVIDIA GeForce GTX 1060 6GB' (P:0 D:0)
[2019.02.07-15.47.12:053][  0]LogWindows: DebugString: FoundDriverCount:4 
[2019.02.07-15.47.12:053][  0]LogD3D11RHI:     Adapter Name: NVIDIA GeForce GTX 1060 6GB
[2019.02.07-15.47.12:053][  0]LogD3D11RHI:   Driver Version: 418.81 (internal:25.21.14.1881, unified:418.81)
[2019.02.07-15.47.12:053][  0]LogD3D11RHI:      Driver Date: 1-30-2019
[2019.02.07-15.47.12:053][  0]LogRHI: Texture pool is 4236 MB (70% of 6052 MB)
[2019.02.07-15.47.12:091][  0]LogD3D11RHI: Async texture creation enabled
[2019.02.07-15.47.12:109][  0]LogD3D11RHI: GPU Timing Frequency: 1000.000000 (Debug: 2 1)
[2019.02.07-15.47.12:200][  0]LogShaderCompilers: Guid format shader working directory is -63 characters bigger than the processId version (../../../../../../Renzy/Documents/Algonquin/Term 4/GAM1528 - High Level Development 2/Assignments/GOOB-master/Intermediate/Shaders/WorkingDirectory/5668/).
[2019.02.07-15.47.12:201][  0]LogShaderCompilers: Cleaned the shader compiler working directory 'C:/Users/Renzy/AppData/Local/Temp/UnrealShaderWorkingDir/1C08B9FE47726B67FE8D3894285E4FC9/'.
[2019.02.07-15.47.12:450][  0]LogTemp: Display: Loaded TP AllDesktopTargetPlatform
[2019.02.07-15.47.12:463][  0]LogTemp: Display: Loaded TP MacClientTargetPlatform
[2019.02.07-15.47.12:483][  0]LogTemp: Display: Loaded TP MacNoEditorTargetPlatform
[2019.02.07-15.47.12:495][  0]LogTemp: Display: Loaded TP MacServerTargetPlatform
[2019.02.07-15.47.12:508][  0]LogTemp: Display: Loaded TP MacTargetPlatform
[2019.02.07-15.47.12:520][  0]LogTemp: Display: Loaded TP WindowsClientTargetPlatform
[2019.02.07-15.47.12:532][  0]LogTemp: Display: Loaded TP WindowsNoEditorTargetPlatform
[2019.02.07-15.47.12:546][  0]LogTemp: Display: Loaded TP WindowsServerTargetPlatform
[2019.02.07-15.47.12:554][  0]LogTemp: Display: Loaded TP WindowsTargetPlatform
[2019.02.07-15.47.12:618][  0]LogTemp: Display: Loaded TP AndroidTargetPlatform
[2019.02.07-15.47.12:618][  0]LogTemp: Display: Loaded TP AndroidTargetPlatform
[2019.02.07-15.47.12:618][  0]LogTemp: Display: Loaded TP AndroidTargetPlatform
[2019.02.07-15.47.12:619][  0]LogTemp: Display: Loaded TP AndroidTargetPlatform
[2019.02.07-15.47.12:619][  0]LogTemp: Display: Loaded TP AndroidTargetPlatform
[2019.02.07-15.47.12:619][  0]LogTemp: Display: Loaded TP AndroidTargetPlatform
[2019.02.07-15.47.12:619][  0]LogTemp: Display: Loaded TP AndroidTargetPlatform
[2019.02.07-15.47.12:619][  0]LogTemp: Display: Loaded TP AndroidTargetPlatform
[2019.02.07-15.47.12:619][  0]LogTemp: Display: Loaded TP AndroidTargetPlatform
[2019.02.07-15.47.12:619][  0]LogTemp: Display: Loaded TP AndroidTargetPlatform
[2019.02.07-15.47.12:619][  0]LogTemp: Display: Loaded TP AndroidTargetPlatform
[2019.02.07-15.47.12:619][  0]LogTemp: Display: Loaded TP AndroidTargetPlatform
[2019.02.07-15.47.12:619][  0]LogTemp: Display: Loaded TP AndroidTargetPlatform
[2019.02.07-15.47.12:619][  0]LogTemp: Display: Loaded TP AndroidTargetPlatform
[2019.02.07-15.47.12:619][  0]LogTemp: Display: Loaded TP AndroidTargetPlatform
[2019.02.07-15.47.12:619][  0]LogTemp: Display: Loaded TP AndroidTargetPlatform
[2019.02.07-15.47.12:619][  0]LogTemp: Display: Loaded TP AndroidTargetPlatform
[2019.02.07-15.47.12:619][  0]LogTemp: Display: Loaded TP AndroidTargetPlatform
[2019.02.07-15.47.12:622][  0]LogTemp: Display: Loaded TP HTML5TargetPlatform
[2019.02.07-15.47.12:689][  0]LogTemp: Display: Loaded TP IOSTargetPlatform
[2019.02.07-15.47.12:689][  0]LogTemp: Display: Loaded TP IOSTargetPlatform
[2019.02.07-15.47.12:710][  0]LogTemp: Display: Loaded TP TVOSTargetPlatform
[2019.02.07-15.47.12:710][  0]LogTemp: Display: Loaded TP TVOSTargetPlatform
[2019.02.07-15.47.12:723][  0]LogTemp: Display: Loaded TP LinuxClientTargetPlatform
[2019.02.07-15.47.12:735][  0]LogTemp: Display: Loaded TP LinuxNoEditorTargetPlatform
[2019.02.07-15.47.12:747][  0]LogTemp: Display: Loaded TP LinuxServerTargetPlatform
[2019.02.07-15.47.12:764][  0]LogTemp: Display: Loaded TP LinuxTargetPlatform
[2019.02.07-15.47.12:774][  0]LogTemp: Display: Loaded TP LuminTargetPlatform
[2019.02.07-15.47.12:774][  0]LogTargetPlatformManager: Display: Building Assets For Windows
[2019.02.07-15.47.12:879][  0]LogXGEController: Cleaning working directory: C:/Users/Renzy/AppData/Local/Temp/UnrealXGEWorkingDir/
[2019.02.07-15.47.12:880][  0]LogXGEController: Cannot use XGE Controller as Incredibuild is not installed on this machine.
[2019.02.07-15.47.12:880][  0]LogShaderCompilers: Cannot use XGE Shader Compiler as Incredibuild is not installed on this machine.
[2019.02.07-15.47.12:880][  0]LogShaderCompilers: Display: Using Local Shader Compiler.
[2019.02.07-15.47.13:469][  0]LogDerivedDataCache: Display: Max Cache Size: 512 MB
[2019.02.07-15.47.13:518][  0]LogDerivedDataCache: Loaded boot cache 0.05s 71MB C:/Users/Renzy/AppData/Local/UnrealEngine/4.20/DerivedDataCache/Boot.ddc.
[2019.02.07-15.47.13:518][  0]LogDerivedDataCache: Display: Loaded Boot cache: C:/Users/Renzy/AppData/Local/UnrealEngine/4.20/DerivedDataCache/Boot.ddc
[2019.02.07-15.47.13:518][  0]LogDerivedDataCache: FDerivedDataBackendGraph:  Pak pak cache file ../../../../../../Renzy/Documents/Algonquin/Term 4/GAM1528 - High Level Development 2/Assignments/GOOB-master/DerivedDataCache/DDC.ddp not found, will not use a pak cache.
[2019.02.07-15.47.13:518][  0]LogDerivedDataCache: Unable to find inner node Pak for hierarchical cache Hierarchy.
[2019.02.07-15.47.13:518][  0]LogDerivedDataCache: FDerivedDataBackendGraph:  CompressedPak pak cache file ../../../../../../Renzy/Documents/Algonquin/Term 4/GAM1528 - High Level Development 2/Assignments/GOOB-master/DerivedDataCache/Compressed.ddp not found, will not use a pak cache.
[2019.02.07-15.47.13:518][  0]LogDerivedDataCache: Unable to find inner node CompressedPak for hierarchical cache Hierarchy.
[2019.02.07-15.47.13:528][  0]LogDerivedDataCache: Display: Pak cache opened for reading ../../../Engine/DerivedDataCache/Compressed.ddp.
[2019.02.07-15.47.13:541][  0]LogDerivedDataCache: Using Local data cache path C:/Users/Renzy/AppData/Local/UnrealEngine/Common/DerivedDataCache: Writable
[2019.02.07-15.47.13:541][  0]LogDerivedDataCache: Shared data cache path not found in *engine.ini, will not use an Shared cache.
[2019.02.07-15.47.13:541][  0]LogDerivedDataCache: Unable to find inner node Shared for hierarchical cache Hierarchy.
[2019.02.07-15.47.13:555][  0]LogMaterial: Verifying Global Shaders for PCD3D_SM5
[2019.02.07-15.47.13:556][  0]LogSlate: Using FreeType 2.6.0
[2019.02.07-15.47.13:557][  0]LogSlate: SlateFontServices - WITH_FREETYPE: 1, WITH_HARFBUZZ: 1
[2019.02.07-15.47.13:630][  0]LogAssetRegistry: FAssetRegistry took 0.0271 seconds to start up
[2019.02.07-15.47.13:875][  0]LogInit: Selected Device Profile: [Windows]
[2019.02.07-15.47.13:996][  0]LogSimplygon: Simplygon DLL not present - disabling.
[2019.02.07-15.47.14:005][  0]LogMeshReduction: Using SimplygonSwarm for distributed automatic mesh merging
[2019.02.07-15.47.14:005][  0]LogMeshReduction: Using ProxyLODMeshReduction for automatic mesh merging
[2019.02.07-15.47.14:005][  0]LogMeshReduction: Using QuadricMeshReduction for automatic static mesh reduction
[2019.02.07-15.47.14:005][  0]LogMeshReduction: No automatic skeletal mesh reduction module available
[2019.02.07-15.47.14:023][  0]LogNetVersion: Terminus_22XX 1.0.0, NetCL: 4212847, EngineNetVer: 5, GameNetVer: 0 (Checksum: 1011408813)
[2019.02.07-15.47.14:495][  0]LogPackageLocalizationCache: Processed 11 localized package path(s) for 2 prioritized culture(s) in 0.112596 seconds
[2019.02.07-15.47.14:503][  0]LogUObjectArray: 38425 objects as part of root set at end of initial load.
[2019.02.07-15.47.14:504][  0]LogUObjectAllocator: 6690864 out of 0 bytes used by permanent object pool.
[2019.02.07-15.47.14:504][  0]LogUObjectArray: CloseDisregardForGC: 0/0 objects in disregard for GC pool
[2019.02.07-15.47.15:388][  0]LogTcpMessaging: Initializing TcpMessaging bridge
[2019.02.07-15.47.15:406][  0]LogUdpMessaging: Initializing bridge on interface 0.0.0.0:0 to multicast group 230.0.0.1:6666.
[2019.02.07-15.47.15:598][  0]SourceControl: Source control is disabled
[2019.02.07-15.47.15:598][  0]SourceControl: Source control is disabled
[2019.02.07-15.47.15:603][  0]SourceControl: Source control is disabled
[2019.02.07-15.47.15:606][  0]SourceControl: Source control is disabled
[2019.02.07-15.47.15:865][  0]LogAndroidPermission: UAndroidPermissionCallbackProxy::GetInstance
[2019.02.07-15.47.16:004][  0]LogOcInput: OculusInput pre-init called
[2019.02.07-15.47.16:062][  0]LogEngine: Initializing Engine...
[2019.02.07-15.47.16:063][  0]LogHMD: Failed to initialize OpenVR with code 110
[2019.02.07-15.47.16:064][  0]LogStats: UGameplayTagsManager::ConstructGameplayTagTree: ImportINI prefixes -  0.000 s
[2019.02.07-15.47.16:064][  0]LogStats: UGameplayTagsManager::ConstructGameplayTagTree: Construct from data asset -  0.000 s
[2019.02.07-15.47.16:064][  0]LogStats: UGameplayTagsManager::ConstructGameplayTagTree: ImportINI -  0.000 s
[2019.02.07-15.47.16:064][  0]LogStats: UGameplayTagsManager::ConstructGameplayTagTree: GameplayTagTreeChangedEvent.Broadcast -  0.000 s
[2019.02.07-15.47.16:228][  0]LogInit: Initializing FReadOnlyCVARCache
[2019.02.07-15.47.16:240][  0]LogAIModule: Creating AISystem for world Untitled
[2019.02.07-15.47.16:319][  0]LogInit: XAudio2 using 'Speakers (Sound BlasterX AE-5)' : 6 channels at 48 kHz using 32 bits per sample (channel mask 0x3f)
[2019.02.07-15.47.16:343][  0]LogInit: FAudioDevice initialized.
[2019.02.07-15.47.16:344][  0]LogNetVersion: Set ProjectVersion to 1.0.0.0. Version Checksum will be recalculated on next use.
[2019.02.07-15.47.16:406][  0]LogDerivedDataCache: Saved boot cache 0.06s 71MB C:/Users/Renzy/AppData/Local/UnrealEngine/4.20/DerivedDataCache/Boot.ddc.
[2019.02.07-15.47.16:414][  0]LogInit: Texture streaming: Enabled
[2019.02.07-15.47.16:437][  0]LogEngineSessionManager: EngineSessionManager initialized
[2019.02.07-15.47.16:437][  0]LogEngineSessionManager: EngineSessionManager sent abnormal shutdown report. Type=Debugger, SessionId={03F5CCE9-4E3E-1701-FBCB-0E989CA98A56}
[2019.02.07-15.47.16:437][  0]LogEngineSessionManager: EngineSessionManager sent abnormal shutdown report. Type=Debugger, SessionId={8492349C-471C-D50C-9358-7D8BDA3245BF}
[2019.02.07-15.47.16:445][  0]LogInit: Transaction tracking system initialized
[2019.02.07-15.47.16:473][  0]BlueprintLog: New page: Editor Load
[2019.02.07-15.47.16:577][  0]LocalizationService: Localization service is disabled
[2019.02.07-15.47.16:849][  0]LogCook: Display: Max memory allowance for cook 16384mb min free memory 0mb
[2019.02.07-15.47.16:849][  0]LogCook: Display: Mobile HDR setting 1
[2019.02.07-15.47.16:849][  0]LogGameplayTags: Display: UGameplayTagsManager::DoneAddingNativeTags. DelegateIsBound: 0
[2019.02.07-15.47.16:849][  0]LogStats: UGameplayTagsManager::ConstructGameplayTagTree: ImportINI prefixes -  0.000 s
[2019.02.07-15.47.16:849][  0]LogStats: UGameplayTagsManager::ConstructGameplayTagTree: Construct from data asset -  0.000 s
[2019.02.07-15.47.16:849][  0]LogStats: UGameplayTagsManager::ConstructGameplayTagTree: ImportINI -  0.000 s
[2019.02.07-15.47.16:850][  0]LogStats: UGameplayTagsManager::ConstructGameplayTagTree: GameplayTagTreeChangedEvent.Broadcast -  0.000 s
[2019.02.07-15.47.17:016][  0]LogFileCache: Scanning file cache for directory 'F:/Renzy/Documents/Algonquin/Term 4/GAM1528 - High Level Development 2/Assignments/GOOB-master/Content/' took 0.02s
[2019.02.07-15.47.17:018][  0]SourceControl: Source control is disabled
[2019.02.07-15.47.17:019][  0]LightingResults: New page: Lighting Build
[2019.02.07-15.47.17:021][  0]MapCheck: New page: Map Check
[2019.02.07-15.47.17:021][  0]LightingResults: New page: Lighting Build
[2019.02.07-15.47.17:295][  0]LogAIModule: Creating AISystem for world Minimal_Default
[2019.02.07-15.47.17:304][  0]LogEditorServer: Finished looking for orphan Actors (0.000 secs)
[2019.02.07-15.47.17:328][  0]Cmd: MAP CHECKDEP NOCLEARLOG
[2019.02.07-15.47.17:388][  0]MapCheck: Map check complete: 0 Error(s), 0 Warning(s), took 59.485ms to complete.
[2019.02.07-15.47.17:388][  0]LogFileHelpers: Loading map 'Minimal_Default' took 0.370
[2019.02.07-15.47.17:521][  0]LogSlate: Updating window title bar state: overlay mode, drag disabled, window buttons hidden, title bar hidden
[2019.02.07-15.47.17:527][  0]LogSlate: Updating window title bar state: overlay mode, drag disabled, window buttons hidden, title bar hidden
[2019.02.07-15.47.17:532][  0]LogSlate: Updating window title bar state: overlay mode, drag disabled, window buttons hidden, title bar hidden
[2019.02.07-15.47.17:540][  0]LogSlate: Updating window title bar state: overlay mode, drag disabled, window buttons hidden, title bar hidden
[2019.02.07-15.47.17:545][  0]LogCollectionManager: Loaded 0 collections in 0.001026 seconds
[2019.02.07-15.47.17:596][  0]LogFileCache: Scanning file cache for directory 'F:/Renzy/Documents/Algonquin/Term 4/GAM1528 - High Level Development 2/Assignments/GOOB-master/Saved/Collections/' took 0.01s
[2019.02.07-15.47.17:596][  0]LogFileCache: Scanning file cache for directory 'F:/Renzy/Documents/Algonquin/Term 4/GAM1528 - High Level Development 2/Assignments/GOOB-master/Content/Developers/Renzy/Collections/' took 0.01s
[2019.02.07-15.47.17:596][  0]LogFileCache: Scanning file cache for directory 'F:/Renzy/Documents/Algonquin/Term 4/GAM1528 - High Level Development 2/Assignments/GOOB-master/Content/Collections/' took 0.01s
[2019.02.07-15.47.17:596][  0]LogCollectionManager: Rebuilt the GUID cache for 0 collections in 0.000000 seconds
[2019.02.07-15.47.17:604][  0]LogContentBrowser: Native class hierarchy populated in 0.0076 seconds. Added 2574 classes and 605 folders.
[2019.02.07-15.47.17:608][  0]LogContentBrowser: Native class hierarchy updated for 'WidgetCarousel' in 0.0003 seconds. Added 0 classes and 0 folders.
[2019.02.07-15.47.17:663][  0]LogContentBrowser: Native class hierarchy updated for 'AddContentDialog' in 0.0003 seconds. Added 0 classes and 0 folders.
[2019.02.07-15.47.17:669][  0]LogContentBrowser: Native class hierarchy updated for 'SceneOutliner' in 0.0004 seconds. Added 1 classes and 2 folders.
[2019.02.07-15.47.17:721][  0]LogSlate: Took 0.000200 seconds to synchronously load lazily loaded font '../../../Engine/Content/Slate/Fonts/Roboto-Regular.ttf' (155K)
[2019.02.07-15.47.17:724][  0]LogSlate: Took 0.000285 seconds to synchronously load lazily loaded font '../../../Engine/Content/Slate/Fonts/Roboto-Bold.ttf' (160K)
[2019.02.07-15.47.17:728][  0]LogSlate: Took 0.000222 seconds to synchronously load lazily loaded font '../../../Engine/Content/Editor/Slate/Fonts/FontAwesome.ttf' (139K)
[2019.02.07-15.47.17:787][  0]LogRenderer: Reallocating scene render targets to support 1208x576 Format 10 NumSamples 1 (Frame:1).
[2019.02.07-15.47.17:919][  0]LogContentBrowser: Native class hierarchy updated for 'HierarchicalLODOutliner' in 0.0004 seconds. Added 0 classes and 0 folders.
[2019.02.07-15.47.17:919][  0]LogLoad: (Engine Initialization) Total time: 8.73 seconds
[2019.02.07-15.47.17:919][  0]LogLoad: (Engine Initialization) Total Blueprint compile time: 0.00 seconds
[2019.02.07-15.47.17:929][  0]LogWindowsTextInputMethodSystem: Display: IME system now deactivated.
[2019.02.07-15.47.17:947][  0]LogAssetRegistry: Asset discovery search completed in 4.3417 seconds
[2019.02.07-15.47.17:949][  0]LogCollectionManager: Rebuilt the object cache for 0 collections in 0.000000 seconds (found 0 objects)
[2019.02.07-15.47.17:950][  0]LogCollectionManager: Fixed up redirectors for 0 collections in 0.000777 seconds (updated 0 objects)
[2019.02.07-15.47.17:952][  0]LogContentStreaming: Texture pool size now 1000 MB
[2019.02.07-15.47.18:016][  0]LogSlate: Took 0.000217 seconds to synchronously load lazily loaded font '../../../Engine/Content/Slate/Fonts/Roboto-Light.ttf' (167K)
[2019.02.07-15.47.19:011][115]LogSlate: FSceneViewport::OnFocusLost() reason 0
[2019.02.07-15.47.19:179][134]LogSlate: Took 0.000186 seconds to synchronously load lazily loaded font '../../../Engine/Content/Slate/Fonts/Roboto-Light.ttf' (167K)
[2019.02.07-15.47.19:212][134]LogAIModule: Creating AISystem for world Test_Level
[2019.02.07-15.47.19:220][134]LogAssetEditorManager: Opening Asset editor for World /Game/Levels/Test_Level.Test_Level
[2019.02.07-15.47.19:239][134]Cmd: MAP LOAD FILE="../../../../../../Renzy/Documents/Algonquin/Term 4/GAM1528 - High Level Development 2/Assignments/GOOB-master/Content/Levels/Test_Level.umap" TEMPLATE=0 SHOWPROGRESS=1 FEATURELEVEL=3
[2019.02.07-15.47.19:239][134]LightingResults: New page: Lighting Build
[2019.02.07-15.47.19:240][134]LoadErrors: New page: Loading map: Test_Level.umap
[2019.02.07-15.47.19:240][134]MapCheck: New page: Map Check
[2019.02.07-15.47.19:240][134]LightingResults: New page: Lighting Build
[2019.02.07-15.47.19:307][134]LogEditorServer: Finished looking for orphan Actors (0.000 secs)
[2019.02.07-15.47.19:349][134]Cmd: MAP CHECKDEP NOCLEARLOG
[2019.02.07-15.47.19:409][134]MapCheck: Map check complete: 0 Error(s), 0 Warning(s), took 60.832ms to complete.
[2019.02.07-15.47.19:410][134]LogFileHelpers: Loading map 'Test_Level' took 0.172
[2019.02.07-15.47.19:995][198]LogTemp: Repeating last play command: Selected Viewport
[2019.02.07-15.47.20:010][198]LogPlayLevel: PlayLevel: No blueprints needed recompiling
[2019.02.07-15.47.20:023][198]PIE: New page: PIE session: Test_Level (Feb 7, 2019, 5:47:20 AM)
[2019.02.07-15.47.20:023][198]LogPlayLevel: Creating play world package: /Game/Levels/UEDPIE_0_Test_Level
[2019.02.07-15.47.20:035][198]LogPlayLevel: PIE: StaticDuplicateObject took: (0.011585s)
[2019.02.07-15.47.20:036][198]LogAIModule: Creating AISystem for world Test_Level
[2019.02.07-15.47.20:036][198]LogPlayLevel: PIE: World Init took: (0.000727s)
[2019.02.07-15.47.20:036][198]LogPlayLevel: PIE: Created PIE world by copying editor world from /Game/Levels/Test_Level.Test_Level to /Game/Levels/UEDPIE_0_Test_Level.Test_Level (0.012642s)
[2019.02.07-15.47.20:077][198]LogInit: XAudio2 using 'Speakers (Sound BlasterX AE-5)' : 6 channels at 48 kHz using 32 bits per sample (channel mask 0x3f)
[2019.02.07-15.47.20:097][198]LogInit: FAudioDevice initialized.
[2019.02.07-15.47.20:145][198]LogLoad: Game class is 'Test_Terminus_22XXGameModeBase_C'
[2019.02.07-15.47.20:147][198]LogWorld: Bringing World /Game/Levels/UEDPIE_0_Test_Level.Test_Level up for play (max tick rate 0) at 2019.02.07-10.47.20
[2019.02.07-15.47.20:147][198]LogWorld: Bringing up level for play took: 0.000999
[2019.02.07-15.47.20:165][198]LogContentBrowser: Native class hierarchy updated for 'MovieSceneCapture' in 0.0005 seconds. Added 10 classes and 0 folders.
[2019.02.07-15.47.20:166][198]PIE: Play in editor start time for /Game/Levels/UEDPIE_0_Test_Level -0.715
[2019.02.07-15.48.28:718][409]LogSlate: Updating window title bar state: overlay mode, drag disabled, window buttons hidden, title bar hidden
[2019.02.07-15.48.28:751][409]LogPlayLevel: Display: Shutting down PIE online subsystems
[2019.02.07-15.48.28:770][409]LogSlate: Updating window title bar state: overlay mode, drag disabled, window buttons hidden, title bar hidden
[2019.02.07-15.48.28:817][414]LogPlayLevel: Display: Destroying online subsystem :Context_1
[2019.02.07-15.48.29:573][504]LogSlate: FSceneViewport::OnFocusLost() reason 0
[2019.02.07-15.48.31:657][752]LogAssetEditorManager: Opening Asset editor for Blueprint /Game/Blueprints/Test_PlayerCharacter.Test_PlayerCharacter
[2019.02.07-15.48.31:996][752]LogContentBrowser: Native class hierarchy updated for 'BlueprintGraph' in 0.0007 seconds. Added 116 classes and 0 folders.
[2019.02.07-15.48.34:102][917]LogSlate: Window 'Test_PlayerCharacter' being destroyed
[2019.02.07-15.48.34:164][917]LogAssetEditorManager: Opening Asset editor for Blueprint /Game/Blueprints/Test_PlayerCharacter.Test_PlayerCharacter
[2019.02.07-15.48.34:410][917]LogSlate: Took 0.000219 seconds to synchronously load lazily loaded font '../../../Engine/Content/Slate/Fonts/Roboto-BoldCondensed.ttf' (158K)
[2019.02.07-15.48.46:130][299]BlueprintLog: New page: Compile Test_PlayerCharacter
[2019.02.07-15.48.46:318][299]LogSavePackage: Moving '../../../../../../Renzy/Documents/Algonquin/Term 4/GAM1528 - High Level Development 2/Assignments/GOOB-master/Saved/Test_PlayerCharacter72CA3CA54D0DB49FC54DEC8EA32404E7.tmp' to '../../../../../../Renzy/Documents/Algonquin/Term 4/GAM1528 - High Level Development 2/Assignments/GOOB-master/Content/Blueprints/Test_PlayerCharacter.uasset'
[2019.02.07-15.48.47:647][449]LogTemp: Repeating last play command: Selected Viewport
[2019.02.07-15.48.47:664][449]LogPlayLevel: PlayLevel: No blueprints needed recompiling
[2019.02.07-15.48.47:664][449]PIE: New page: PIE session: Test_Level (Feb 7, 2019, 5:48:47 AM)
[2019.02.07-15.48.47:664][449]LogPlayLevel: Creating play world package: /Game/Levels/UEDPIE_0_Test_Level
[2019.02.07-15.48.47:675][449]LogPlayLevel: PIE: StaticDuplicateObject took: (0.010800s)
[2019.02.07-15.48.47:676][449]LogAIModule: Creating AISystem for world Test_Level
[2019.02.07-15.48.47:676][449]LogPlayLevel: PIE: World Init took: (0.000574s)
[2019.02.07-15.48.47:676][449]LogPlayLevel: PIE: Created PIE world by copying editor world from /Game/Levels/Test_Level.Test_Level to /Game/Levels/UEDPIE_0_Test_Level.Test_Level (0.011622s)
[2019.02.07-15.48.47:724][449]LogInit: XAudio2 using 'Speakers (Sound BlasterX AE-5)' : 6 channels at 48 kHz using 32 bits per sample (channel mask 0x3f)
[2019.02.07-15.48.47:739][449]LogInit: FAudioDevice initialized.
[2019.02.07-15.48.47:771][449]LogLoad: Game class is 'Test_Terminus_22XXGameModeBase_C'
[2019.02.07-15.48.47:772][449]LogWorld: Bringing World /Game/Levels/UEDPIE_0_Test_Level.Test_Level up for play (max tick rate 0) at 2019.02.07-10.48.47
[2019.02.07-15.48.47:772][449]LogWorld: Bringing up level for play took: 0.000942
[2019.02.07-15.48.47:787][449]PIE: Play in editor start time for /Game/Levels/UEDPIE_0_Test_Level 0.905
[2019.02.07-15.48.56:817][526]LogSlate: Updating window title bar state: overlay mode, drag disabled, window buttons hidden, title bar hidden
[2019.02.07-15.48.56:852][526]LogPlayLevel: Display: Shutting down PIE online subsystems
[2019.02.07-15.48.56:877][526]LogSlate: Updating window title bar state: overlay mode, drag disabled, window buttons hidden, title bar hidden
[2019.02.07-15.48.56:925][530]LogPlayLevel: Display: Destroying online subsystem :Context_4
[2019.02.07-15.48.57:732][625]LogSlate: FSceneViewport::OnFocusLost() reason 0
[2019.02.07-15.49.08:674][927]LogTemp: Repeating last play command: Selected Viewport
[2019.02.07-15.49.08:691][927]LogPlayLevel: PlayLevel: No blueprints needed recompiling
[2019.02.07-15.49.08:691][927]PIE: New page: PIE session: Test_Level (Feb 7, 2019, 5:49:08 AM)
[2019.02.07-15.49.08:691][927]LogPlayLevel: Creating play world package: /Game/Levels/UEDPIE_0_Test_Level
[2019.02.07-15.49.08:702][927]LogPlayLevel: PIE: StaticDuplicateObject took: (0.011083s)
[2019.02.07-15.49.08:703][927]LogAIModule: Creating AISystem for world Test_Level
[2019.02.07-15.49.08:703][927]LogPlayLevel: PIE: World Init took: (0.000693s)
[2019.02.07-15.49.08:703][927]LogPlayLevel: PIE: Created PIE world by copying editor world from /Game/Levels/Test_Level.Test_Level to /Game/Levels/UEDPIE_0_Test_Level.Test_Level (0.012268s)
[2019.02.07-15.49.08:752][927]LogInit: XAudio2 using 'Speakers (Sound BlasterX AE-5)' : 6 channels at 48 kHz using 32 bits per sample (channel mask 0x3f)
[2019.02.07-15.49.08:767][927]LogInit: FAudioDevice initialized.
[2019.02.07-15.49.08:798][927]LogLoad: Game class is 'Test_Terminus_22XXGameModeBase_C'
[2019.02.07-15.49.08:799][927]LogWorld: Bringing World /Game/Levels/UEDPIE_0_Test_Level.Test_Level up for play (max tick rate 0) at 2019.02.07-10.49.08
[2019.02.07-15.49.08:799][927]LogWorld: Bringing up level for play took: 0.000918
[2019.02.07-15.49.08:812][927]PIE: Play in editor start time for /Game/Levels/UEDPIE_0_Test_Level -0.069
[2019.02.07-15.49.34:233][960]LogSlate: Updating window title bar state: overlay mode, drag disabled, window buttons hidden, title bar hidden
[2019.02.07-15.49.34:271][960]LogPlayLevel: Display: Shutting down PIE online subsystems
[2019.02.07-15.49.34:297][960]LogSlate: Updating window title bar state: overlay mode, drag disabled, window buttons hidden, title bar hidden
[2019.02.07-15.49.34:337][963]LogPlayLevel: Display: Destroying online subsystem :Context_5
[2019.02.07-15.49.36:835][259]LogSlate: FSceneViewport::OnFocusLost() reason 0
[2019.02.07-15.49.40:015][636]LogTemp: Repeating last play command: Selected Viewport
[2019.02.07-15.49.40:034][636]LogPlayLevel: PlayLevel: No blueprints needed recompiling
[2019.02.07-15.49.40:034][636]PIE: New page: PIE session: Test_Level (Feb 7, 2019, 5:49:40 AM)
[2019.02.07-15.49.40:034][636]LogPlayLevel: Creating play world package: /Game/Levels/UEDPIE_0_Test_Level
[2019.02.07-15.49.40:046][636]LogPlayLevel: PIE: StaticDuplicateObject took: (0.011581s)
[2019.02.07-15.49.40:046][636]LogAIModule: Creating AISystem for world Test_Level
[2019.02.07-15.49.40:047][636]LogPlayLevel: PIE: World Init took: (0.000719s)
[2019.02.07-15.49.40:047][636]LogPlayLevel: PIE: Created PIE world by copying editor world from /Game/Levels/Test_Level.Test_Level to /Game/Levels/UEDPIE_0_Test_Level.Test_Level (0.012833s)
[2019.02.07-15.49.40:097][636]LogInit: XAudio2 using 'Speakers (Sound BlasterX AE-5)' : 6 channels at 48 kHz using 32 bits per sample (channel mask 0x3f)
[2019.02.07-15.49.40:114][636]LogInit: FAudioDevice initialized.
[2019.02.07-15.49.40:148][636]LogLoad: Game class is 'Test_Terminus_22XXGameModeBase_C'
[2019.02.07-15.49.40:149][636]LogWorld: Bringing World /Game/Levels/UEDPIE_0_Test_Level.Test_Level up for play (max tick rate 0) at 2019.02.07-10.49.40
[2019.02.07-15.49.40:149][636]LogWorld: Bringing up level for play took: 0.001041
[2019.02.07-15.49.40:162][636]PIE: Play in editor start time for /Game/Levels/UEDPIE_0_Test_Level -0.719
[2019.02.07-15.49.52:558][117]LogSlate: Updating window title bar state: overlay mode, drag disabled, window buttons hidden, title bar hidden
[2019.02.07-15.49.52:596][117]LogPlayLevel: Display: Shutting down PIE online subsystems
[2019.02.07-15.49.52:621][117]LogSlate: Updating window title bar state: overlay mode, drag disabled, window buttons hidden, title bar hidden
[2019.02.07-15.49.52:665][121]LogPlayLevel: Display: Destroying online subsystem :Context_6
[2019.02.07-15.49.54:699][362]LogSlate: FSceneViewport::OnFocusLost() reason 0
[2019.02.07-15.49.59:288][906]LogTemp: Repeating last play command: Selected Viewport
[2019.02.07-15.49.59:305][906]LogPlayLevel: PlayLevel: No blueprints needed recompiling
[2019.02.07-15.49.59:306][906]PIE: New page: PIE session: Test_Level (Feb 7, 2019, 5:49:59 AM)
[2019.02.07-15.49.59:306][906]LogPlayLevel: Creating play world package: /Game/Levels/UEDPIE_0_Test_Level
[2019.02.07-15.49.59:318][906]LogPlayLevel: PIE: StaticDuplicateObject took: (0.011629s)
[2019.02.07-15.49.59:318][906]LogAIModule: Creating AISystem for world Test_Level
[2019.02.07-15.49.59:318][906]LogPlayLevel: PIE: World Init took: (0.000630s)
[2019.02.07-15.49.59:318][906]LogPlayLevel: PIE: Created PIE world by copying editor world from /Game/Levels/Test_Level.Test_Level to /Game/Levels/UEDPIE_0_Test_Level.Test_Level (0.012604s)
[2019.02.07-15.49.59:367][906]LogInit: XAudio2 using 'Speakers (Sound BlasterX AE-5)' : 6 channels at 48 kHz using 32 bits per sample (channel mask 0x3f)
[2019.02.07-15.49.59:383][906]LogInit: FAudioDevice initialized.
[2019.02.07-15.49.59:413][906]LogLoad: Game class is 'Test_Terminus_22XXGameModeBase_C'
[2019.02.07-15.49.59:414][906]LogWorld: Bringing World /Game/Levels/UEDPIE_0_Test_Level.Test_Level up for play (max tick rate 0) at 2019.02.07-10.49.59
[2019.02.07-15.49.59:414][906]LogWorld: Bringing up level for play took: 0.001044
[2019.02.07-15.49.59:428][906]PIE: Play in editor start time for /Game/Levels/UEDPIE_0_Test_Level 0.547
[2019.02.07-15.50.24:756][928]LogSlate: Updating window title bar state: overlay mode, drag disabled, window buttons hidden, title bar hidden
[2019.02.07-15.50.24:793][928]LogPlayLevel: Display: Shutting down PIE online subsystems
[2019.02.07-15.50.24:818][928]LogSlate: Updating window title bar state: overlay mode, drag disabled, window buttons hidden, title bar hidden
[2019.02.07-15.50.24:859][931]LogPlayLevel: Display: Destroying online subsystem :Context_7
[2019.02.07-15.50.26:318][104]LogSlate: FSceneViewport::OnFocusLost() reason 0
[2019.02.07-15.50.28:980][420]LogTemp: Repeating last play command: Selected Viewport
[2019.02.07-15.50.28:998][420]LogPlayLevel: PlayLevel: No blueprints needed recompiling
[2019.02.07-15.50.28:998][420]PIE: New page: PIE session: Test_Level (Feb 7, 2019, 5:50:28 AM)
[2019.02.07-15.50.28:999][420]LogPlayLevel: Creating play world package: /Game/Levels/UEDPIE_0_Test_Level
[2019.02.07-15.50.29:010][420]LogPlayLevel: PIE: StaticDuplicateObject took: (0.011234s)
[2019.02.07-15.50.29:011][420]LogAIModule: Creating AISystem for world Test_Level
[2019.02.07-15.50.29:011][420]LogPlayLevel: PIE: World Init took: (0.000727s)
[2019.02.07-15.50.29:011][420]LogPlayLevel: PIE: Created PIE world by copying editor world from /Game/Levels/Test_Level.Test_Level to /Game/Levels/UEDPIE_0_Test_Level.Test_Level (0.012755s)
[2019.02.07-15.50.29:063][420]LogInit: XAudio2 using 'Speakers (Sound BlasterX AE-5)' : 6 channels at 48 kHz using 32 bits per sample (channel mask 0x3f)
[2019.02.07-15.50.29:079][420]LogInit: FAudioDevice initialized.
[2019.02.07-15.50.29:110][420]LogLoad: Game class is 'Test_Terminus_22XXGameModeBase_C'
[2019.02.07-15.50.29:111][420]LogWorld: Bringing World /Game/Levels/UEDPIE_0_Test_Level.Test_Level up for play (max tick rate 0) at 2019.02.07-10.50.29
[2019.02.07-15.50.29:112][420]LogWorld: Bringing up level for play took: 0.000941
[2019.02.07-15.50.29:126][420]PIE: Play in editor start time for /Game/Levels/UEDPIE_0_Test_Level 0.245
[2019.02.07-15.51.33:020][ 71]LogSlate: FSceneViewport::OnFocusLost() reason 0
[2019.02.07-15.51.36:282][446]LogSlate: Updating window title bar state: overlay mode, drag disabled, window buttons hidden, title bar hidden
[2019.02.07-15.51.36:316][446]LogPlayLevel: Display: Shutting down PIE online subsystems
[2019.02.07-15.51.36:340][446]LogSlate: Updating window title bar state: overlay mode, drag disabled, window buttons hidden, title bar hidden
[2019.02.07-15.51.36:388][451]LogPlayLevel: Display: Destroying online subsystem :Context_8
[2019.02.07-15.51.43:668][320]BlueprintLog: New page: Compile Test_PlayerCharacter
[2019.02.07-15.51.43:826][320]LogSavePackage: Moving '../../../../../../Renzy/Documents/Algonquin/Term 4/GAM1528 - High Level Development 2/Assignments/GOOB-master/Saved/Test_PlayerCharacter44519CDF4D5596FA825397BA8C219BD3.tmp' to '../../../../../../Renzy/Documents/Algonquin/Term 4/GAM1528 - High Level Development 2/Assignments/GOOB-master/Content/Blueprints/Test_PlayerCharacter.uasset'
[2019.02.07-15.51.45:206][471]LogSlate: FSceneViewport::OnFocusLost() reason 0
[2019.02.07-15.51.45:288][481]LogTemp: Repeating last play command: Selected Viewport
[2019.02.07-15.51.45:305][481]LogPlayLevel: PlayLevel: No blueprints needed recompiling
[2019.02.07-15.51.45:305][481]PIE: New page: PIE session: Test_Level (Feb 7, 2019, 5:51:45 AM)
[2019.02.07-15.51.45:305][481]LogPlayLevel: Creating play world package: /Game/Levels/UEDPIE_0_Test_Level
[2019.02.07-15.51.45:316][481]LogPlayLevel: PIE: StaticDuplicateObject took: (0.010735s)
[2019.02.07-15.51.45:317][481]LogAIModule: Creating AISystem for world Test_Level
[2019.02.07-15.51.45:317][481]LogPlayLevel: PIE: World Init took: (0.000628s)
[2019.02.07-15.51.45:317][481]LogPlayLevel: PIE: Created PIE world by copying editor world from /Game/Levels/Test_Level.Test_Level to /Game/Levels/UEDPIE_0_Test_Level.Test_Level (0.011753s)
[2019.02.07-15.51.45:363][481]LogInit: XAudio2 using 'Speakers (Sound BlasterX AE-5)' : 6 channels at 48 kHz using 32 bits per sample (channel mask 0x3f)
[2019.02.07-15.51.45:378][481]LogInit: FAudioDevice initialized.
[2019.02.07-15.51.45:414][481]LogLoad: Game class is 'Test_Terminus_22XXGameModeBase_C'
[2019.02.07-15.51.45:415][481]LogWorld: Bringing World /Game/Levels/UEDPIE_0_Test_Level.Test_Level up for play (max tick rate 0) at 2019.02.07-10.51.45
[2019.02.07-15.51.45:415][481]LogWorld: Bringing up level for play took: 0.000909
[2019.02.07-15.51.45:429][481]PIE: Play in editor start time for /Game/Levels/UEDPIE_0_Test_Level 0.547
[2019.02.07-15.52.16:028][127]LogSlate: FSceneViewport::OnFocusLost() reason 2
