Log file open, 02/03/19 12:59:19
LogWindows: Failed to load 'aqProf.dll' (GetLastError=126)
LogWindows: File 'aqProf.dll' does not exist
LogWindows: Failed to load 'VSPerf140.dll' (GetLastError=126)
LogWindows: File 'VSPerf140.dll' does not exist
LogWindows: Failed to load 'VtuneApi.dll' (GetLastError=126)
LogWindows: File 'VtuneApi.dll' does not exist
LogWindows: Failed to load 'VtuneApi32e.dll' (GetLastError=126)
LogWindows: File 'VtuneApi32e.dll' does not exist
LogInit: Display: Running engine for game: Terminus_22XX
LogPlatformFile: Not using cached read wrapper
LogTaskGraph: Started task graph with 5 named threads and 23 total threads with 3 sets of task threads.
LogStats: Stats thread started at 3.365984
LogD3D11RHI: Loaded GFSDK_Aftermath_Lib.x64.dll
LogICUInternationalization: Display: ICU TimeZone Detection - Raw Offset: -5:00, Platform Override: ''
LogPluginManager: Mounting plugin Paper2D
LogPluginManager: Mounting plugin AISupport
LogPluginManager: Mounting plugin LightPropagationVolume
LogPluginManager: Mounting plugin CLionSourceCodeAccess
LogPluginManager: Mounting plugin CodeLiteSourceCodeAccess
LogPluginManager: Mounting plugin GitSourceControl
LogPluginManager: Mounting plugin KDevelopSourceCodeAccess
LogPluginManager: Mounting plugin NullSourceCodeAccess
LogPluginManager: Mounting plugin PerforceSourceControl
LogPluginManager: Mounting plugin SubversionSourceControl
LogPluginManager: Mounting plugin UObjectPlugin
LogPluginManager: Mounting plugin VisualStudioCodeSourceCodeAccess
LogPluginManager: Mounting plugin VisualStudioSourceCodeAccess
LogPluginManager: Mounting plugin XCodeSourceCodeAccess
LogPluginManager: Mounting plugin AssetManagerEditor
LogPluginManager: Mounting plugin CryptoKeys
LogPluginManager: Mounting plugin DataValidation
LogPluginManager: Mounting plugin FacialAnimation
LogPluginManager: Mounting plugin GameplayTagsEditor
LogPluginManager: Mounting plugin MacGraphicsSwitching
LogPluginManager: Mounting plugin MeshEditor
LogPluginManager: Mounting plugin MobileLauncherProfileWizard
LogPluginManager: Mounting plugin PluginBrowser
LogPluginManager: Mounting plugin SpeedTreeImporter
LogPluginManager: Mounting plugin DatasmithContent
LogPluginManager: Mounting plugin AlembicImporter
LogPluginManager: Mounting plugin AppleImageUtils
LogPluginManager: Mounting plugin AppleVision
LogPluginManager: Mounting plugin BackChannel
LogPluginManager: Mounting plugin CharacterAI
LogPluginManager: Mounting plugin GeometryCache
LogPluginManager: Mounting plugin HTML5Networking
LogPluginManager: Mounting plugin ProxyLODPlugin
LogPluginManager: Mounting plugin MagicLeap
LogPluginManager: Mounting plugin MagicLeapEmulator
LogPluginManager: Mounting plugin MagicLeapMedia
LogPluginManager: Mounting plugin AndroidMedia
LogPluginManager: Mounting plugin AvfMedia
LogPluginManager: Mounting plugin ImgMedia
LogPluginManager: Mounting plugin LinearTimecode
LogPluginManager: Mounting plugin MediaCompositing
LogPluginManager: Mounting plugin MediaPlayerEditor
LogPluginManager: Mounting plugin WmfMedia
LogPluginManager: Mounting plugin TcpMessaging
LogPluginManager: Mounting plugin UdpMessaging
LogPluginManager: Mounting plugin ActorSequence
LogPluginManager: Mounting plugin LevelSequenceEditor
LogPluginManager: Mounting plugin MatineeToLevelSequence
LogPluginManager: Mounting plugin NetcodeUnitTest
LogPluginManager: Mounting plugin NUTUnrealEngine4
LogPluginManager: Mounting plugin OnlineSubsystemGooglePlay
LogPluginManager: Mounting plugin OnlineSubsystemIOS
LogPluginManager: Mounting plugin OnlineSubsystem
LogPluginManager: Mounting plugin OnlineSubsystemNull
LogPluginManager: Mounting plugin OnlineSubsystemUtils
LogPluginManager: Mounting plugin LauncherChunkInstaller
LogPluginManager: Mounting plugin AndroidDeviceProfileSelector
LogPluginManager: Mounting plugin AndroidMoviePlayer
LogPluginManager: Mounting plugin AndroidPermission
LogPluginManager: Mounting plugin AppleMoviePlayer
LogPluginManager: Mounting plugin ArchVisCharacter
LogPluginManager: Mounting plugin AudioCapture
LogPluginManager: Mounting plugin CableComponent
LogPluginManager: Mounting plugin CustomMeshComponent
LogPluginManager: Mounting plugin EditableMesh
LogPluginManager: Mounting plugin ExampleDeviceProfileSelector
LogPluginManager: Mounting plugin GoogleCloudMessaging
LogPluginManager: Mounting plugin ImmediatePhysics
LogPluginManager: Mounting plugin IOSDeviceProfileSelector
LogPluginManager: Mounting plugin LinuxDeviceProfileSelector
LogPluginManager: Mounting plugin LocationServicesBPLibrary
LogPluginManager: Mounting plugin MobilePatchingUtils
LogPluginManager: Mounting plugin OculusVR
LogPluginManager: Plugin shader directory ../../../Engine/Plugins/Runtime/Oculus/OculusVR/Shaders found
LogPluginManager: Mapping shader source directory ../../../Engine/Plugins/Runtime/Oculus/OculusVR/Shaders to virtual directory /Plugin/OculusVR
LogPluginManager: Mounting plugin PhysXVehicles
LogPluginManager: Mounting plugin ProceduralMeshComponent
LogPluginManager: Mounting plugin RuntimePhysXCooking
LogPluginManager: Mounting plugin SteamVR
LogPluginManager: Mounting plugin WindowsMoviePlayer
LogStreaming: Display: Took  0.210s to configure plugins.
LogInit: Warning: Incompatible or missing module: Terminus_22XX
Running D:/Program Files/Epic Games/UE_4.20/Engine/Binaries/DotNET/UnrealBuildTool.exe Development Win64 -Project="C:/Users/jarr0036/Documents/GitHub/GOOB/Terminus_22XX.uproject" -TargetType=Editor -Progress -NoHotReloadFromIDE
Performing full C++ include scan (building a new target)
Using 'git status' to determine working set for adaptive non-unity build.
Creating makefile for Terminus_22XXEditor (no existing makefile)
Using Visual Studio 2017 14.14.26428 toolchain (C:\Program Files (x86)\Microsoft Visual Studio\2017\Professional\VC\Tools\MSVC\14.14.26428) and Windows 10.0.17134.0 SDK (C:\Program Files (x86)\Windows Kits\10).
@progress push 5%
Parsing headers for Terminus_22XXEditor
  Running UnrealHeaderTool "C:\Users\jarr0036\Documents\GitHub\GOOB\Terminus_22XX.uproject" "C:\Users\jarr0036\Documents\GitHub\GOOB\Intermediate\Build\Win64\Terminus_22XXEditor\Development\Terminus_22XXEditor.uhtmanifest" -LogCmds="loginit warning, logexit warning, logdatabase error" -Unattended -WarningsAsErrors -installed
Reflection code generated for Terminus_22XXEditor in 10.1773941 seconds
@progress pop
Building 10 actions with 8 processes...
  @progress 'Compiling C++ source code...' 0%
  PCLaunch.rc
  @progress 'Compiling C++ source code...' 10%
  SharedPCH.Engine.cpp
  @progress 'Compiling C++ source code...' 20%
  Terminus_22XX.cpp
  @progress 'Compiling C++ source code...' 30%
  Terminus_22XX.init.gen.cpp
  @progress 'Compiling C++ source code...' 40%
  Terminus_22XXGameModeBase.cpp
  @progress 'Compiling C++ source code...' 50%
  Terminus_22XXGameModeBase.gen.cpp
  @progress 'Compiling C++ source code...' 60%
  PlayerCharacter.gen.cpp
  @progress 'Compiling C++ source code...' 70%
  PlayerCharacter.cpp
  @progress 'Compiling C++ source code...' 80%
  UE4Editor-Terminus_22XX.lib
     Creating library C:\Users\jarr0036\Documents\GitHub\GOOB\Intermediate\Build\Win64\UE4Editor\Development\Terminus_22XX\UE4Editor-Terminus_22XX.lib and object C:\Users\jarr0036\Documents\GitHub\GOOB\Intermediate\Build\Win64\UE4Editor\Development\Terminus_22XX\UE4Editor-Terminus_22XX.exp
  @progress 'Compiling C++ source code...' 90%
  UE4Editor-Terminus_22XX.dll
     Creating library C:\Users\jarr0036\Documents\GitHub\GOOB\Intermediate\Build\Win64\UE4Editor\Development\Terminus_22XX\UE4Editor-Terminus_22XX.suppressed.lib and object C:\Users\jarr0036\Documents\GitHub\GOOB\Intermediate\Build\Win64\UE4Editor\Development\Terminus_22XX\UE4Editor-Terminus_22XX.suppressed.exp
  @progress 'Compiling C++ source code...' 100%
Total build time: 53.05 seconds (Parallel executor: 25.86 seconds)
LogInit: Using libcurl 7.55.1-DEV
LogInit:  - built for x86_64-pc-win32
LogInit:  - supports SSL with OpenSSL/1.0.2h
LogInit:  - supports HTTP deflate (compression) using libz 1.2.8
LogInit:  - other features:
LogInit:      CURL_VERSION_SSL
LogInit:      CURL_VERSION_LIBZ
LogInit:      CURL_VERSION_IPV6
LogInit:      CURL_VERSION_ASYNCHDNS
LogInit:      CURL_VERSION_LARGEFILE
LogInit:      CURL_VERSION_IDN
LogInit:  CurlRequestOptions (configurable via config and command line):
LogInit:  - bVerifyPeer = false  - Libcurl will NOT verify peer certificate
LogInit:  - bUseHttpProxy = false  - Libcurl will NOT use HTTP proxy
LogInit:  - bDontReuseConnections = false  - Libcurl will reuse connections
LogInit:  - CertBundlePath = nullptr  - Libcurl will use whatever was configured at build time.
LogInit:  - MaxHostConnections = 16  - Libcurl will limit the number of connections to a host
LogInit:  - LocalHostAddr = Default
LogInit:  - BufferSize = 65536
LogInit: WinSock: version 1.1 (2.2), MaxSocks=32767, MaxUdp=65467
LogInit: Build: ++UE4+Release-4.20-CL-4233996
LogInit: Engine Version: 4.20.1-4233996+++UE4+Release-4.20
LogInit: Compatible Engine Version: 4.20.0-4212847+++UE4+Release-4.20
LogInit: Net CL: 4212847
LogInit: OS: Windows 10 (), CPU:        Intel(R) Core(TM) i7-3770K CPU @ 3.50GHz, GPU: NVIDIA GeForce GTX 670
LogInit: Compiled (64-bit): Jul 26 2018 10:07:30
LogInit: Compiled with Visual C++: 19.13.26129.00
LogInit: Build Configuration: Development
LogInit: Branch Name: ++UE4+Release-4.20
LogInit: Command Line:  
LogInit: Base Directory: D:/Program Files/Epic Games/UE_4.20/Engine/Binaries/Win64/
LogInit: Installed Engine Build: 1
LogDevObjectVersion: Number of dev versions registered: 20
LogDevObjectVersion:   Dev-Blueprints (B0D832E4-1F89-4F0D-ACCF-7EB736FD4AA2): 10
LogDevObjectVersion:   Dev-Build (E1C64328-A22C-4D53-A36C-8E866417BD8C): 0
LogDevObjectVersion:   Dev-Core (375EC13C-06E4-48FB-B500-84F0262A717E): 2
LogDevObjectVersion:   Dev-Editor (E4B068ED-F494-42E9-A231-DA0B2E46BB41): 24
LogDevObjectVersion:   Dev-Framework (CFFC743F-43B0-4480-9391-14DF171D2073): 34
LogDevObjectVersion:   Dev-Mobile (B02B49B5-BB20-44E9-A304-32B752E40360): 2
LogDevObjectVersion:   Dev-Networking (A4E4105C-59A1-49B5-A7C5-40C4547EDFEE): 0
LogDevObjectVersion:   Dev-Online (39C831C9-5AE6-47DC-9A44-9C173E1C8E7C): 0
LogDevObjectVersion:   Dev-Physics (78F01B33-EBEA-4F98-B9B4-84EACCB95AA2): 0
LogDevObjectVersion:   Dev-Platform (6631380F-2D4D-43E0-8009-CF276956A95A): 0
LogDevObjectVersion:   Dev-Rendering (12F88B9F-8875-4AFC-A67C-D90C383ABD29): 26
LogDevObjectVersion:   Dev-Sequencer (7B5AE74C-D270-4C10-A958-57980B212A5A): 9
LogDevObjectVersion:   Dev-VR (D7296918-1DD6-4BDD-9DE2-64A83CC13884): 2
LogDevObjectVersion:   Dev-LoadTimes (C2A15278-BFE7-4AFE-6C17-90FF531DF755): 1
LogDevObjectVersion:   Private-Geometry (6EACA3D4-40EC-4CC1-B786-8BED09428FC5): 3
LogDevObjectVersion:   Dev-AnimPhys (29E575DD-E0A3-4627-9D10-D276232CDCEA): 17
LogDevObjectVersion:   Dev-ReflectionCapture (6B266CEC-1EC7-4B8F-A30B-E4D90942FC07): 1
LogDevObjectVersion:   Dev-Automation (0DF73D61-A23F-47EA-B727-89E90C41499A): 1
LogDevObjectVersion:   FortniteMain (601D1886-AC64-4F84-AA16-D3DE0DEAC7D6): 12
LogDevObjectVersion:   Dev-Enterprise (9DFFBCD6-494F-0158-E221-12823C92A888): 1
LogStreaming: Display: Took  0.008s to delete old logs.
LogInit: Presizing for max 8388607 objects, including 0 objects not considered by GC, pre-allocating 0 bytes for permanent pool.
LogInit: Object subsystem initialized
[2019.02.03-18.00.20:239][  0]LogInit: Selected Device Profile: [Windows]
[2019.02.03-18.00.20:239][  0]LogInit: Applying CVar settings loaded from the selected device profile: [Windows]
[2019.02.03-18.00.20:286][  0]LogHAL: Display: Platform has ~ 16 GB [17121808384 / 17179869184 / 16], which maps to Larger [LargestMinGB=32, LargerMinGB=12, DefaultMinGB=8, SmallerMinGB=6, SmallestMinGB=0)
[2019.02.03-18.00.20:286][  0]LogInit: Setting Device Profile CVar: [[r.Vulkan.UseRealUBs:1]]
[2019.02.03-18.00.20:286][  0]LogInit: Going up to parent DeviceProfile []
[2019.02.03-18.00.20:328][  0]LogInit: Computer: WJ316-28
[2019.02.03-18.00.20:328][  0]LogInit: User: jarr0036
[2019.02.03-18.00.20:328][  0]LogInit: CPU Page size=4096, Cores=4
[2019.02.03-18.00.20:328][  0]LogInit: High frequency timer resolution =3.428044 MHz
[2019.02.03-18.00.20:328][  0]LogMemory: Memory total: Physical=15.9GB (16GB approx)
[2019.02.03-18.00.20:328][  0]LogMemory: Platform Memory Stats for Windows
[2019.02.03-18.00.20:328][  0]LogMemory: Process Physical Memory: 100.34 MB used, 100.34 MB peak
[2019.02.03-18.00.20:328][  0]LogMemory: Process Virtual Memory: 91.64 MB used, 91.64 MB peak
[2019.02.03-18.00.20:328][  0]LogMemory: Physical Memory: 2974.38 MB used,  13354.25 MB free, 16328.63 MB total
[2019.02.03-18.00.20:328][  0]LogMemory: Virtual Memory: 587.45 MB used,  13354.25 MB free, 134217728.00 MB total
[2019.02.03-18.00.20:876][  0]LogInit: Using OS detected language (en-US).
[2019.02.03-18.00.20:876][  0]LogInit: Using OS detected locale (en-US).
[2019.02.03-18.00.20:919][  0]LogTextLocalizationManager: No specific localization for 'en-US' exists, so the 'en' localization will be used.
[2019.02.03-18.00.21:609][  0]LogStreaming: Display: Took  0.720s to InitEngineTextLocalization.
[2019.02.03-18.00.21:619][  0]LogInit: Setting process to per monitor DPI aware
[2019.02.03-18.00.22:211][  0]LogSlate: New Slate User Created.  User Index 0, Is Virtual User: 0
[2019.02.03-18.00.22:211][  0]LogSlate: Slate User Registered.  User Index 0, Is Virtual User: 0
[2019.02.03-18.00.22:981][  0]LogHMD: Failed to initialize OpenVR with code 110
[2019.02.03-18.00.22:981][  0]LogD3D11RHI: D3D11 adapters:
[2019.02.03-18.00.23:145][  0]LogD3D11RHI:    0. 'NVIDIA GeForce GTX 670' (Feature Level 11_0)
[2019.02.03-18.00.23:145][  0]LogD3D11RHI:       4052/0/8164 MB DedicatedVideo/DedicatedSystem/SharedSystem, Outputs:1, VendorId:0x10de
[2019.02.03-18.00.23:148][  0]LogD3D11RHI:    1. 'Microsoft Basic Render Driver' (Feature Level 11_0)
[2019.02.03-18.00.23:148][  0]LogD3D11RHI:       0/0/8164 MB DedicatedVideo/DedicatedSystem/SharedSystem, Outputs:0, VendorId:0x1414
[2019.02.03-18.00.23:148][  0]LogD3D11RHI: Chosen D3D11 Adapter: 0
[2019.02.03-18.00.23:153][  0]LogD3D11RHI: Creating new Direct3DDevice
[2019.02.03-18.00.23:153][  0]LogD3D11RHI:     GPU DeviceId: 0x1189 (for the marketing name, search the web for "GPU Device Id")
[2019.02.03-18.00.23:164][  0]LogWindows: EnumDisplayDevices:
[2019.02.03-18.00.23:164][  0]LogWindows:    0. 'NVIDIA GeForce GTX 670' (P:1 D:1)
[2019.02.03-18.00.23:164][  0]LogWindows:    1. 'NVIDIA GeForce GTX 670' (P:0 D:0)
[2019.02.03-18.00.23:164][  0]LogWindows:    2. 'NVIDIA GeForce GTX 670' (P:0 D:0)
[2019.02.03-18.00.23:165][  0]LogWindows:    3. 'NVIDIA GeForce GTX 670' (P:0 D:0)
[2019.02.03-18.00.23:165][  0]LogWindows: DebugString: FoundDriverCount:4 
[2019.02.03-18.00.23:165][  0]LogD3D11RHI:     Adapter Name: NVIDIA GeForce GTX 670
[2019.02.03-18.00.23:165][  0]LogD3D11RHI:   Driver Version: 391.35 (internal:23.21.13.9135, unified:391.35)
[2019.02.03-18.00.23:165][  0]LogD3D11RHI:      Driver Date: 3-23-2018
[2019.02.03-18.00.23:165][  0]LogRHI: Texture pool is 2836 MB (70% of 4052 MB)
[2019.02.03-18.00.23:205][  0]LogD3D11RHI: Async texture creation enabled
[2019.02.03-18.00.23:433][  0]LogD3D11RHI: GPU Timing Frequency: 1000.000000 (Debug: 2 2)
[2019.02.03-18.00.23:474][  0]LogShaderCompilers: Guid format shader working directory is 10 characters bigger than the processId version (C:/Users/jarr0036/Documents/GitHub/GOOB/Intermediate/Shaders/WorkingDirectory/7048/).
[2019.02.03-18.00.23:474][  0]LogShaderCompilers: Cleaned the shader compiler working directory 'C:/Users/jarr0036/AppData/Local/Temp/UnrealShaderWorkingDir/3739AC5146E98AB464DD4F8823EA2EF5/'.
[2019.02.03-18.00.23:758][  0]LogTemp: Display: Loaded TP AllDesktopTargetPlatform
[2019.02.03-18.00.23:790][  0]LogTemp: Display: Loaded TP MacClientTargetPlatform
[2019.02.03-18.00.23:821][  0]LogTemp: Display: Loaded TP MacNoEditorTargetPlatform
[2019.02.03-18.00.23:836][  0]LogTemp: Display: Loaded TP MacServerTargetPlatform
[2019.02.03-18.00.23:902][  0]LogTemp: Display: Loaded TP MacTargetPlatform
[2019.02.03-18.00.23:954][  0]LogTemp: Display: Loaded TP WindowsClientTargetPlatform
[2019.02.03-18.00.23:981][  0]LogTemp: Display: Loaded TP WindowsNoEditorTargetPlatform
[2019.02.03-18.00.24:007][  0]LogTemp: Display: Loaded TP WindowsServerTargetPlatform
[2019.02.03-18.00.24:015][  0]LogTemp: Display: Loaded TP WindowsTargetPlatform
[2019.02.03-18.00.24:115][  0]LogTemp: Display: Loaded TP AndroidTargetPlatform
[2019.02.03-18.00.24:115][  0]LogTemp: Display: Loaded TP AndroidTargetPlatform
[2019.02.03-18.00.24:115][  0]LogTemp: Display: Loaded TP AndroidTargetPlatform
[2019.02.03-18.00.24:115][  0]LogTemp: Display: Loaded TP AndroidTargetPlatform
[2019.02.03-18.00.24:115][  0]LogTemp: Display: Loaded TP AndroidTargetPlatform
[2019.02.03-18.00.24:115][  0]LogTemp: Display: Loaded TP AndroidTargetPlatform
[2019.02.03-18.00.24:115][  0]LogTemp: Display: Loaded TP AndroidTargetPlatform
[2019.02.03-18.00.24:115][  0]LogTemp: Display: Loaded TP AndroidTargetPlatform
[2019.02.03-18.00.24:115][  0]LogTemp: Display: Loaded TP AndroidTargetPlatform
[2019.02.03-18.00.24:115][  0]LogTemp: Display: Loaded TP AndroidTargetPlatform
[2019.02.03-18.00.24:115][  0]LogTemp: Display: Loaded TP AndroidTargetPlatform
[2019.02.03-18.00.24:115][  0]LogTemp: Display: Loaded TP AndroidTargetPlatform
[2019.02.03-18.00.24:115][  0]LogTemp: Display: Loaded TP AndroidTargetPlatform
[2019.02.03-18.00.24:115][  0]LogTemp: Display: Loaded TP AndroidTargetPlatform
[2019.02.03-18.00.24:115][  0]LogTemp: Display: Loaded TP AndroidTargetPlatform
[2019.02.03-18.00.24:115][  0]LogTemp: Display: Loaded TP AndroidTargetPlatform
[2019.02.03-18.00.24:115][  0]LogTemp: Display: Loaded TP AndroidTargetPlatform
[2019.02.03-18.00.24:115][  0]LogTemp: Display: Loaded TP AndroidTargetPlatform
[2019.02.03-18.00.24:127][  0]LogTemp: Display: Loaded TP HTML5TargetPlatform
[2019.02.03-18.00.24:226][  0]LogTemp: Display: Loaded TP IOSTargetPlatform
[2019.02.03-18.00.24:226][  0]LogTemp: Display: Loaded TP IOSTargetPlatform
[2019.02.03-18.00.24:251][  0]LogTemp: Display: Loaded TP TVOSTargetPlatform
[2019.02.03-18.00.24:251][  0]LogTemp: Display: Loaded TP TVOSTargetPlatform
[2019.02.03-18.00.24:271][  0]LogTemp: Display: Loaded TP LinuxClientTargetPlatform
[2019.02.03-18.00.24:287][  0]LogTemp: Display: Loaded TP LinuxNoEditorTargetPlatform
[2019.02.03-18.00.24:302][  0]LogTemp: Display: Loaded TP LinuxServerTargetPlatform
[2019.02.03-18.00.24:318][  0]LogTemp: Display: Loaded TP LinuxTargetPlatform
[2019.02.03-18.00.24:340][  0]LogTemp: Display: Loaded TP LuminTargetPlatform
[2019.02.03-18.00.24:340][  0]LogTargetPlatformManager: Display: Building Assets For Windows
[2019.02.03-18.00.24:763][  0]LogXGEController: Cleaning working directory: C:/Users/jarr0036/AppData/Local/Temp/UnrealXGEWorkingDir/
[2019.02.03-18.00.24:763][  0]LogXGEController: Cannot use XGE Controller as Incredibuild is not installed on this machine.
[2019.02.03-18.00.24:763][  0]LogShaderCompilers: Cannot use XGE Shader Compiler as Incredibuild is not installed on this machine.
[2019.02.03-18.00.24:763][  0]LogShaderCompilers: Display: Using Local Shader Compiler.
[2019.02.03-18.00.26:501][  0]LogDerivedDataCache: Display: Max Cache Size: 512 MB
[2019.02.03-18.00.26:501][  0]LogDerivedDataCache: Display: Starting with empty Boot cache
[2019.02.03-18.00.26:501][  0]LogDerivedDataCache: FDerivedDataBackendGraph:  Pak pak cache file C:/Users/jarr0036/Documents/GitHub/GOOB/DerivedDataCache/DDC.ddp not found, will not use a pak cache.
[2019.02.03-18.00.26:501][  0]LogDerivedDataCache: Unable to find inner node Pak for hierarchical cache Hierarchy.
[2019.02.03-18.00.26:501][  0]LogDerivedDataCache: FDerivedDataBackendGraph:  CompressedPak pak cache file C:/Users/jarr0036/Documents/GitHub/GOOB/DerivedDataCache/Compressed.ddp not found, will not use a pak cache.
[2019.02.03-18.00.26:501][  0]LogDerivedDataCache: Unable to find inner node CompressedPak for hierarchical cache Hierarchy.
[2019.02.03-18.00.26:583][  0]LogDerivedDataCache: Display: Pak cache opened for reading ../../../Engine/DerivedDataCache/Compressed.ddp.
[2019.02.03-18.00.26:596][  0]LogDerivedDataCache: Using Local data cache path C:/Users/jarr0036/AppData/Local/UnrealEngine/Common/DerivedDataCache: Writable
[2019.02.03-18.00.26:596][  0]LogDerivedDataCache: Shared data cache path not found in *engine.ini, will not use an Shared cache.
[2019.02.03-18.00.26:596][  0]LogDerivedDataCache: Unable to find inner node Shared for hierarchical cache Hierarchy.
[2019.02.03-18.00.26:680][  0]LogMaterial: Verifying Global Shaders for PCD3D_SM5
[2019.02.03-18.00.26:707][  0]LogSlate: Using FreeType 2.6.0
[2019.02.03-18.00.26:772][  0]LogSlate: SlateFontServices - WITH_FREETYPE: 1, WITH_HARFBUZZ: 1
[2019.02.03-18.00.27:144][  0]LogAssetRegistry: FAssetRegistry took 0.0376 seconds to start up
[2019.02.03-18.00.29:654][  0]LogInit: Selected Device Profile: [Windows]
[2019.02.03-18.00.31:654][  0]LogSimplygon: Simplygon DLL not present - disabling.
[2019.02.03-18.00.31:843][  0]LogMeshReduction: Using SimplygonSwarm for distributed automatic mesh merging
[2019.02.03-18.00.31:843][  0]LogMeshReduction: Using ProxyLODMeshReduction for automatic mesh merging
[2019.02.03-18.00.31:843][  0]LogMeshReduction: Using QuadricMeshReduction for automatic static mesh reduction
[2019.02.03-18.00.31:843][  0]LogMeshReduction: No automatic skeletal mesh reduction module available
[2019.02.03-18.00.32:518][  0]LogNetVersion: Terminus_22XX 1.0.0, NetCL: 4212847, EngineNetVer: 5, GameNetVer: 0 (Checksum: 1011408813)
[2019.02.03-18.00.37:627][  0]LogPackageLocalizationCache: Processed 11 localized package path(s) for 2 prioritized culture(s) in 0.112261 seconds
[2019.02.03-18.00.37:663][  0]LogUObjectArray: 38447 objects as part of root set at end of initial load.
[2019.02.03-18.00.37:663][  0]LogUObjectAllocator: 6692624 out of 0 bytes used by permanent object pool.
[2019.02.03-18.00.37:663][  0]LogUObjectArray: CloseDisregardForGC: 0/0 objects in disregard for GC pool
[2019.02.03-18.00.47:427][  0]LogTcpMessaging: Initializing TcpMessaging bridge
[2019.02.03-18.00.47:464][  0]LogUdpMessaging: Initializing bridge on interface 0.0.0.0:0 to multicast group 230.0.0.1:6666.
[2019.02.03-18.00.48:435][  0]SourceControl: Source control is disabled
[2019.02.03-18.00.48:435][  0]SourceControl: Source control is disabled
[2019.02.03-18.00.48:494][  0]SourceControl: Source control is disabled
[2019.02.03-18.00.48:523][  0]SourceControl: Source control is disabled
[2019.02.03-18.00.49:490][  0]LogAndroidPermission: UAndroidPermissionCallbackProxy::GetInstance
[2019.02.03-18.00.49:661][  0]LogOcInput: OculusInput pre-init called
[2019.02.03-18.00.50:076][  0]LogEngine: Initializing Engine...
[2019.02.03-18.00.50:096][  0]LogHMD: Failed to initialize OpenVR with code 110
[2019.02.03-18.00.50:110][  0]LogStats: UGameplayTagsManager::ConstructGameplayTagTree: ImportINI prefixes -  0.000 s
[2019.02.03-18.00.50:110][  0]LogStats: UGameplayTagsManager::ConstructGameplayTagTree: Construct from data asset -  0.000 s
[2019.02.03-18.00.50:110][  0]LogStats: UGameplayTagsManager::ConstructGameplayTagTree: ImportINI -  0.000 s
[2019.02.03-18.00.50:110][  0]LogStats: UGameplayTagsManager::ConstructGameplayTagTree: GameplayTagTreeChangedEvent.Broadcast -  0.000 s
[2019.02.03-18.00.50:715][  0]LogInit: Initializing FReadOnlyCVARCache
[2019.02.03-18.00.51:098][  0]LogAIModule: Creating AISystem for world Untitled
[2019.02.03-18.00.51:217][  0]LogInit: XAudio2 using 'Realtek Digital Output(Optical) (Realtek High Definition Audio)' : 2 channels at 48 kHz using 16 bits per sample (channel mask 0x3)
[2019.02.03-18.00.51:252][  0]LogInit: FAudioDevice initialized.
[2019.02.03-18.00.51:252][  0]LogNetVersion: Set ProjectVersion to 1.0.0.0. Version Checksum will be recalculated on next use.
[2019.02.03-18.00.51:340][  0]LogDerivedDataCache: Saved boot cache 0.09s 87MB C:/Users/jarr0036/AppData/Local/UnrealEngine/4.20/DerivedDataCache/Boot.ddc.
[2019.02.03-18.00.51:343][  0]LogInit: Texture streaming: Enabled
[2019.02.03-18.00.51:430][  0]LogEngineSessionManager: EngineSessionManager initialized
[2019.02.03-18.00.51:491][  0]LogWindowsTextInputMethodSystem: Display: IME system now deactivated.
[2019.02.03-18.00.51:659][  0]LogInit: Transaction tracking system initialized
[2019.02.03-18.00.52:436][  0]BlueprintLog: New page: Editor Load
[2019.02.03-18.00.55:598][  0]LocalizationService: Localization service is disabled
[2019.02.03-18.00.58:316][  0]LogFileCache: Scanning file cache for directory 'C:/Users/jarr0036/Documents/GitHub/GOOB/Content/' took 0.02s
[2019.02.03-18.00.58:316][  0]LogCook: Display: Max memory allowance for cook 16384mb min free memory 0mb
[2019.02.03-18.00.58:324][  0]LogCook: Display: Mobile HDR setting 1
[2019.02.03-18.00.58:335][  0]LogGameplayTags: Display: UGameplayTagsManager::DoneAddingNativeTags. DelegateIsBound: 0
[2019.02.03-18.00.58:335][  0]LogStats: UGameplayTagsManager::ConstructGameplayTagTree: ImportINI prefixes -  0.000 s
[2019.02.03-18.00.58:335][  0]LogStats: UGameplayTagsManager::ConstructGameplayTagTree: Construct from data asset -  0.000 s
[2019.02.03-18.00.58:335][  0]LogStats: UGameplayTagsManager::ConstructGameplayTagTree: ImportINI -  0.000 s
[2019.02.03-18.00.58:336][  0]LogStats: UGameplayTagsManager::ConstructGameplayTagTree: GameplayTagTreeChangedEvent.Broadcast -  0.000 s
[2019.02.03-18.01.02:004][  0]SourceControl: Source control is disabled
[2019.02.03-18.01.02:046][  0]Cmd: MAP LOAD FILE="C:/Users/jarr0036/Documents/GitHub/GOOB/Content/StarterContent/Maps/Minimal_Default.umap" TEMPLATE=0 SHOWPROGRESS=1 FEATURELEVEL=3
[2019.02.03-18.01.02:053][  0]LightingResults: New page: Lighting Build
[2019.02.03-18.01.02:365][  0]MapCheck: New page: Map Check
[2019.02.03-18.01.02:366][  0]LightingResults: New page: Lighting Build
[2019.02.03-18.01.06:890][  0]LogStaticMesh: Building static mesh Floor_400x400...
[2019.02.03-18.01.06:947][  0]LogStaticMesh: Built static mesh [0.06s] /Game/StarterContent/Architecture/Floor_400x400.Floor_400x400
[2019.02.03-18.01.07:344][  0]LogAIModule: Creating AISystem for world Minimal_Default
[2019.02.03-18.01.08:610][  0]LogEditorServer: Finished looking for orphan Actors (0.000 secs)
[2019.02.03-18.01.08:992][  0]Cmd: MAP CHECKDEP NOCLEARLOG
[2019.02.03-18.01.09:113][  0]MapCheck: Map check complete: 0 Error(s), 0 Warning(s), took 121.186ms to complete.
[2019.02.03-18.01.09:113][  0]LogFileHelpers: Loading map 'Minimal_Default' took 7.089
[2019.02.03-18.01.11:190][  0]LogSlate: Updating window title bar state: overlay mode, drag disabled, window buttons hidden, title bar hidden
[2019.02.03-18.01.11:215][  0]LogSlate: Updating window title bar state: overlay mode, drag disabled, window buttons hidden, title bar hidden
[2019.02.03-18.01.11:231][  0]LogSlate: Updating window title bar state: overlay mode, drag disabled, window buttons hidden, title bar hidden
[2019.02.03-18.01.11:241][  0]LogSlate: Updating window title bar state: overlay mode, drag disabled, window buttons hidden, title bar hidden
[2019.02.03-18.01.11:530][  0]LogCollectionManager: Loaded 0 collections in 0.001646 seconds
[2019.02.03-18.01.12:040][  0]LogFileCache: Scanning file cache for directory 'C:/Users/jarr0036/Documents/GitHub/GOOB/Saved/Collections/' took 0.01s
[2019.02.03-18.01.12:040][  0]LogFileCache: Scanning file cache for directory 'C:/Users/jarr0036/Documents/GitHub/GOOB/Content/Developers/jarr0036/Collections/' took 0.01s
[2019.02.03-18.01.12:040][  0]LogFileCache: Scanning file cache for directory 'C:/Users/jarr0036/Documents/GitHub/GOOB/Content/Collections/' took 0.01s
[2019.02.03-18.01.12:040][  0]LogCollectionManager: Rebuilt the GUID cache for 0 collections in 0.000001 seconds
[2019.02.03-18.01.12:185][  0]LogContentBrowser: Native class hierarchy populated in 0.1079 seconds. Added 2574 classes and 605 folders.
[2019.02.03-18.01.12:361][  0]LogContentBrowser: Native class hierarchy updated for 'WidgetCarousel' in 0.0008 seconds. Added 0 classes and 0 folders.
[2019.02.03-18.01.13:700][  0]LogContentBrowser: Native class hierarchy updated for 'AddContentDialog' in 0.0008 seconds. Added 0 classes and 0 folders.
[2019.02.03-18.01.13:830][  0]LogContentBrowser: Native class hierarchy updated for 'SceneOutliner' in 0.0008 seconds. Added 1 classes and 2 folders.
[2019.02.03-18.01.14:448][  0]LogSlate: Took 0.066150 seconds to synchronously load lazily loaded font '../../../Engine/Content/Slate/Fonts/Roboto-Regular.ttf' (155K)
[2019.02.03-18.01.14:554][  0]LogSlate: Took 0.070397 seconds to synchronously load lazily loaded font '../../../Engine/Content/Slate/Fonts/Roboto-Bold.ttf' (160K)
[2019.02.03-18.01.14:647][  0]LogSlate: Took 0.020536 seconds to synchronously load lazily loaded font '../../../Engine/Content/Editor/Slate/Fonts/FontAwesome.ttf' (139K)
[2019.02.03-18.01.15:100][  0]LogRenderer: Reallocating scene render targets to support 1208x576 Format 10 NumSamples 1 (Frame:1).
[2019.02.03-18.01.15:637][  0]LogSlate: FSceneViewport::OnFocusLost() reason 2
[2019.02.03-18.01.15:690][  0]LogSlate: Window 'Tutorials' being destroyed
[2019.02.03-18.01.15:772][  0]LogContentBrowser: Native class hierarchy updated for 'HierarchicalLODOutliner' in 0.0008 seconds. Added 0 classes and 0 folders.
[2019.02.03-18.01.15:772][  0]LogLoad: (Engine Initialization) Total time: 123.56 seconds
[2019.02.03-18.01.15:772][  0]LogLoad: (Engine Initialization) Total Blueprint compile time: 0.00 seconds
[2019.02.03-18.01.15:966][  0]LogContentStreaming: Texture pool size now 3000 MB
[2019.02.03-18.01.16:145][  0]LogSlate: Took 0.020210 seconds to synchronously load lazily loaded font '../../../Engine/Content/Slate/Fonts/Roboto-Light.ttf' (167K)
[2019.02.03-18.01.16:402][  3]LogAssetRegistry: Asset discovery search completed in 49.3303 seconds
[2019.02.03-18.01.16:404][  3]LogCollectionManager: Rebuilt the object cache for 0 collections in 0.000001 seconds (found 0 objects)
[2019.02.03-18.01.16:404][  3]LogCollectionManager: Fixed up redirectors for 0 collections in 0.000056 seconds (updated 0 objects)
[2019.02.03-18.01.32:596][616]LogSlate: FSceneViewport::OnFocusLost() reason 0
[2019.02.03-18.01.32:668][625]LogTemp: Repeating last play command: Selected Viewport
[2019.02.03-18.01.32:688][625]LogBlueprintUserMessages: Early PlayInEditor Detection: Level '/Game/StarterContent/Maps/Minimal_Default.Minimal_Default:PersistentLevel' has LevelScriptBlueprint '/Game/StarterContent/Maps/Minimal_Default.Minimal_Default:PersistentLevel.Minimal_Default' with GeneratedClass '/Game/StarterContent/Maps/Minimal_Default.Minimal_Default_C' with ClassGeneratedBy '/Game/StarterContent/Maps/Minimal_Default.Minimal_Default:PersistentLevel.Minimal_Default'
[2019.02.03-18.01.32:688][625]LogPlayLevel: PlayLevel: No blueprints needed recompiling
[2019.02.03-18.01.32:790][625]PIE: New page: PIE session: Minimal_Default (Feb 3, 2019, 8:01:32 AM)
[2019.02.03-18.01.32:790][625]LogPlayLevel: Creating play world package: /Game/StarterContent/Maps/UEDPIE_0_Minimal_Default
[2019.02.03-18.01.32:842][625]LogPlayLevel: PIE: StaticDuplicateObject took: (0.051800s)
[2019.02.03-18.01.32:861][625]LogAIModule: Creating AISystem for world Minimal_Default
[2019.02.03-18.01.32:861][625]LogPlayLevel: PIE: World Init took: (0.000860s)
[2019.02.03-18.01.32:861][625]LogPlayLevel: PIE: Created PIE world by copying editor world from /Game/StarterContent/Maps/Minimal_Default.Minimal_Default to /Game/StarterContent/Maps/UEDPIE_0_Minimal_Default.Minimal_Default (0.071716s)
[2019.02.03-18.01.32:882][625]LogInit: XAudio2 using 'Realtek Digital Output(Optical) (Realtek High Definition Audio)' : 2 channels at 48 kHz using 16 bits per sample (channel mask 0x3)
[2019.02.03-18.01.32:894][625]LogInit: FAudioDevice initialized.
[2019.02.03-18.01.33:013][625]LogLoad: Game class is 'Test_Terminus_22XXGameModeBase_C'
[2019.02.03-18.01.33:050][625]LogWorld: Bringing World /Game/StarterContent/Maps/UEDPIE_0_Minimal_Default.Minimal_Default up for play (max tick rate 0) at 2019.02.03-13.01.33
[2019.02.03-18.01.33:050][625]LogWorld: Bringing up level for play took: 0.001092
[2019.02.03-18.01.33:179][625]LogContentBrowser: Native class hierarchy updated for 'MovieSceneCapture' in 0.0004 seconds. Added 10 classes and 0 folders.
[2019.02.03-18.01.33:330][625]PIE: Play in editor start time for /Game/StarterContent/Maps/UEDPIE_0_Minimal_Default 1.305
[2019.02.03-18.01.33:330][625]LogBlueprintUserMessages: Late PlayInEditor Detection: Level '/Game/StarterContent/Maps/Minimal_Default.Minimal_Default:PersistentLevel' has LevelScriptBlueprint '/Game/StarterContent/Maps/Minimal_Default.Minimal_Default:PersistentLevel.Minimal_Default' with GeneratedClass '/Game/StarterContent/Maps/Minimal_Default.Minimal_Default_C' with ClassGeneratedBy '/Game/StarterContent/Maps/Minimal_Default.Minimal_Default:PersistentLevel.Minimal_Default'
[2019.02.03-18.01.41:555][566]LogBlueprintUserMessages: Early EndPlayMap Detection: Level '/Game/StarterContent/Maps/Minimal_Default.Minimal_Default:PersistentLevel' has LevelScriptBlueprint '/Game/StarterContent/Maps/Minimal_Default.Minimal_Default:PersistentLevel.Minimal_Default' with GeneratedClass '/Game/StarterContent/Maps/Minimal_Default.Minimal_Default_C' with ClassGeneratedBy '/Game/StarterContent/Maps/Minimal_Default.Minimal_Default:PersistentLevel.Minimal_Default'
[2019.02.03-18.01.41:572][566]LogSlate: Updating window title bar state: overlay mode, drag disabled, window buttons hidden, title bar hidden
[2019.02.03-18.01.41:605][566]LogPlayLevel: Display: Shutting down PIE online subsystems
[2019.02.03-18.01.41:606][566]LogBlueprintUserMessages: Late EndPlayMap Detection: Level '/Game/StarterContent/Maps/Minimal_Default.Minimal_Default:PersistentLevel' has LevelScriptBlueprint '/Game/StarterContent/Maps/Minimal_Default.Minimal_Default:PersistentLevel.Minimal_Default' with GeneratedClass '/Game/StarterContent/Maps/Minimal_Default.Minimal_Default_C' with ClassGeneratedBy '/Game/StarterContent/Maps/Minimal_Default.Minimal_Default:PersistentLevel.Minimal_Default'
[2019.02.03-18.01.41:653][566]LogSlate: Updating window title bar state: overlay mode, drag disabled, window buttons hidden, title bar hidden
[2019.02.03-18.01.41:684][567]LogPlayLevel: Display: Destroying online subsystem :Context_1
[2019.02.03-18.01.45:368][962]LogSlate: FSceneViewport::OnFocusLost() reason 0
[2019.02.03-18.01.45:468][974]LogTemp: Repeating last play command: Selected Viewport
[2019.02.03-18.01.45:485][974]LogBlueprintUserMessages: Early PlayInEditor Detection: Level '/Game/StarterContent/Maps/Minimal_Default.Minimal_Default:PersistentLevel' has LevelScriptBlueprint '/Game/StarterContent/Maps/Minimal_Default.Minimal_Default:PersistentLevel.Minimal_Default' with GeneratedClass '/Game/StarterContent/Maps/Minimal_Default.Minimal_Default_C' with ClassGeneratedBy '/Game/StarterContent/Maps/Minimal_Default.Minimal_Default:PersistentLevel.Minimal_Default'
[2019.02.03-18.01.45:485][974]LogPlayLevel: PlayLevel: No blueprints needed recompiling
[2019.02.03-18.01.45:486][974]PIE: New page: PIE session: Minimal_Default (Feb 3, 2019, 8:01:45 AM)
[2019.02.03-18.01.45:486][974]LogPlayLevel: Creating play world package: /Game/StarterContent/Maps/UEDPIE_0_Minimal_Default
[2019.02.03-18.01.45:490][974]LogPlayLevel: PIE: StaticDuplicateObject took: (0.004217s)
[2019.02.03-18.01.45:491][974]LogAIModule: Creating AISystem for world Minimal_Default
[2019.02.03-18.01.45:491][974]LogPlayLevel: PIE: World Init took: (0.001077s)
[2019.02.03-18.01.45:491][974]LogPlayLevel: PIE: Created PIE world by copying editor world from /Game/StarterContent/Maps/Minimal_Default.Minimal_Default to /Game/StarterContent/Maps/UEDPIE_0_Minimal_Default.Minimal_Default (0.005474s)
[2019.02.03-18.01.45:513][974]LogInit: XAudio2 using 'Realtek Digital Output(Optical) (Realtek High Definition Audio)' : 2 channels at 48 kHz using 16 bits per sample (channel mask 0x3)
[2019.02.03-18.01.45:525][974]LogInit: FAudioDevice initialized.
[2019.02.03-18.01.45:570][974]LogLoad: Game class is 'Test_Terminus_22XXGameModeBase_C'
[2019.02.03-18.01.45:572][974]LogWorld: Bringing World /Game/StarterContent/Maps/UEDPIE_0_Minimal_Default.Minimal_Default up for play (max tick rate 0) at 2019.02.03-13.01.45
[2019.02.03-18.01.45:572][974]LogWorld: Bringing up level for play took: 0.001126
[2019.02.03-18.01.45:585][974]PIE: Play in editor start time for /Game/StarterContent/Maps/UEDPIE_0_Minimal_Default -0.428
[2019.02.03-18.01.45:585][974]LogBlueprintUserMessages: Late PlayInEditor Detection: Level '/Game/StarterContent/Maps/Minimal_Default.Minimal_Default:PersistentLevel' has LevelScriptBlueprint '/Game/StarterContent/Maps/Minimal_Default.Minimal_Default:PersistentLevel.Minimal_Default' with GeneratedClass '/Game/StarterContent/Maps/Minimal_Default.Minimal_Default_C' with ClassGeneratedBy '/Game/StarterContent/Maps/Minimal_Default.Minimal_Default:PersistentLevel.Minimal_Default'
[2019.02.03-18.01.50:469][555]LogBlueprintUserMessages: Early EndPlayMap Detection: Level '/Game/StarterContent/Maps/Minimal_Default.Minimal_Default:PersistentLevel' has LevelScriptBlueprint '/Game/StarterContent/Maps/Minimal_Default.Minimal_Default:PersistentLevel.Minimal_Default' with GeneratedClass '/Game/StarterContent/Maps/Minimal_Default.Minimal_Default_C' with ClassGeneratedBy '/Game/StarterContent/Maps/Minimal_Default.Minimal_Default:PersistentLevel.Minimal_Default'
[2019.02.03-18.01.50:470][555]LogSlate: Updating window title bar state: overlay mode, drag disabled, window buttons hidden, title bar hidden
[2019.02.03-18.01.50:499][555]LogPlayLevel: Display: Shutting down PIE online subsystems
[2019.02.03-18.01.50:500][555]LogBlueprintUserMessages: Late EndPlayMap Detection: Level '/Game/StarterContent/Maps/Minimal_Default.Minimal_Default:PersistentLevel' has LevelScriptBlueprint '/Game/StarterContent/Maps/Minimal_Default.Minimal_Default:PersistentLevel.Minimal_Default' with GeneratedClass '/Game/StarterContent/Maps/Minimal_Default.Minimal_Default_C' with ClassGeneratedBy '/Game/StarterContent/Maps/Minimal_Default.Minimal_Default:PersistentLevel.Minimal_Default'
[2019.02.03-18.01.50:520][555]LogSlate: Updating window title bar state: overlay mode, drag disabled, window buttons hidden, title bar hidden
[2019.02.03-18.01.50:576][560]LogPlayLevel: Display: Destroying online subsystem :Context_2
[2019.02.03-18.01.52:760][816]LogEditorViewport: Clicking on Actor (LMB): PlayerStart (Player Start)
[2019.02.03-18.01.54:161][926]LogEditorViewport: Clicking on Actor (LMB): BP_Sky_Sphere_C (BP_Sky_Sphere)
[2019.02.03-18.01.56:464][174]LogSlate: FSceneViewport::OnFocusLost() reason 0
[2019.02.03-18.02.11:485][360]LogSlate: Only BGRA pngs, bmps or icos are supported in by External Image Picker
[2019.02.03-18.02.11:597][361]LogTemp: Executing iPhonePackager certificates Engine -bundlename com.YourCompany.Terminus22XX
[2019.02.03-18.02.11:597][361]LogTemp: CWD: D:\Program Files\Epic Games\UE_4.20\Engine\Binaries\DotNET\IOS
[2019.02.03-18.02.11:597][361]LogTemp: Initial Dir: D:\Program Files\Epic Games\UE_4.20
[2019.02.03-18.02.11:597][361]LogTemp: Env CWD: D:\Program Files\Epic Games\UE_4.20\Engine\Binaries\DotNET\IOS
[2019.02.03-18.02.11:597][361]LogTemp: BranchPath = WJ316-28/D/Program Files/Epic Games/UE_4.20/Engine/Binaries --- GameBranchPath = WJ316-28/D/Program Files/Epic Games/UE_4.20/Engine/Binaries
[2019.02.03-18.02.11:621][361]LogTemp: IPP ERROR: Could not find provision directory 'C:\Users\jarr0036\AppData\Local/Apple Computer/MobileDevice/Provisioning Profiles/'.
[2019.02.03-18.02.12:883][469]LogUObjectGlobals: Warning: Failed to find object 'Class /Script/Terminus_22XX.Terminus_22XXGameMode'
[2019.02.03-18.02.18:031][948]LogSlate: Took 0.000374 seconds to synchronously load lazily loaded font '../../../Engine/Content/Slate/Fonts/Roboto-Light.ttf' (167K)
[2019.02.03-18.03.20:135][443]LogSlate: Window 'Project Settings' being destroyed
[2019.02.03-18.03.20:140][443]LogSlate: Window 'Project Settings' being destroyed
[2019.02.03-18.03.21:443][560]LogSavePackage: Moving 'C:/Users/jarr0036/Documents/GitHub/GOOB/Saved/Minimal_DefaultA666F43F4E7EB2BBA87AB9940FB7FF06.tmp' to 'C:/Users/jarr0036/Documents/GitHub/GOOB/Content/StarterContent/Maps/Minimal_Default.umap'
[2019.02.03-18.03.21:485][560]Cmd: OBJ SAVEPACKAGE PACKAGE="/Game/StarterContent/Maps/Minimal_Default_BuiltData" FILE="C:/Users/jarr0036/Documents/GitHub/GOOB/Content/StarterContent/Maps/Minimal_Default_BuiltData.uasset" SILENT=true
[2019.02.03-18.03.21:550][560]LogSavePackage: Moving 'C:/Users/jarr0036/Documents/GitHub/GOOB/Saved/Minimal_Default_BuiltDataBB5F71FB486A6A082DE4BBAF026B872B.tmp' to 'C:/Users/jarr0036/Documents/GitHub/GOOB/Content/StarterContent/Maps/Minimal_Default_BuiltData.uasset'
[2019.02.03-18.03.24:508][889]LogSlate: FSceneViewport::OnFocusLost() reason 2
[2019.02.03-18.03.25:171][964]LogSlate: FSceneViewport::OnFocusLost() reason 2
[2019.02.03-18.03.25:955][964]LogSlate: Only BGRA pngs, bmps or icos are supported in by External Image Picker
[2019.02.03-18.03.26:017][965]LogTemp: Executing iPhonePackager certificates Engine -bundlename com.YourCompany.Terminus22XX
[2019.02.03-18.03.26:017][965]LogTemp: CWD: D:\Program Files\Epic Games\UE_4.20\Engine\Binaries\DotNET\IOS
[2019.02.03-18.03.26:017][965]LogTemp: Initial Dir: D:\Program Files\Epic Games\UE_4.20
[2019.02.03-18.03.26:017][965]LogTemp: Env CWD: D:\Program Files\Epic Games\UE_4.20\Engine\Binaries\DotNET\IOS
[2019.02.03-18.03.26:017][965]LogTemp: BranchPath = WJ316-28/D/Program Files/Epic Games/UE_4.20/Engine/Binaries --- GameBranchPath = WJ316-28/D/Program Files/Epic Games/UE_4.20/Engine/Binaries
[2019.02.03-18.03.26:045][966]LogTemp: IPP ERROR: Could not find provision directory 'C:\Users\jarr0036\AppData\Local/Apple Computer/MobileDevice/Provisioning Profiles/'.
[2019.02.03-18.03.30:629][413]LogSlate: Window 'Project Settings' being destroyed
[2019.02.03-18.03.30:633][413]LogSlate: Window 'Project Settings' being destroyed
[2019.02.03-18.03.31:192][477]LogSlate: FSceneViewport::OnFocusLost() reason 0
[2019.02.03-18.03.31:258][485]LogTemp: Repeating last play command: Selected Viewport
[2019.02.03-18.03.31:269][485]LogBlueprintUserMessages: Early PlayInEditor Detection: Level '/Game/StarterContent/Maps/Minimal_Default.Minimal_Default:PersistentLevel' has LevelScriptBlueprint '/Game/StarterContent/Maps/Minimal_Default.Minimal_Default:PersistentLevel.Minimal_Default' with GeneratedClass '/Game/StarterContent/Maps/Minimal_Default.Minimal_Default_C' with ClassGeneratedBy '/Game/StarterContent/Maps/Minimal_Default.Minimal_Default:PersistentLevel.Minimal_Default'
[2019.02.03-18.03.31:269][485]LogPlayLevel: PlayLevel: No blueprints needed recompiling
[2019.02.03-18.03.31:270][485]PIE: New page: PIE session: Minimal_Default (Feb 3, 2019, 8:03:31 AM)
[2019.02.03-18.03.31:270][485]LogPlayLevel: Creating play world package: /Game/StarterContent/Maps/UEDPIE_0_Minimal_Default
[2019.02.03-18.03.31:273][485]LogPlayLevel: PIE: StaticDuplicateObject took: (0.003671s)
[2019.02.03-18.03.31:274][485]LogAIModule: Creating AISystem for world Minimal_Default
[2019.02.03-18.03.31:274][485]LogPlayLevel: PIE: World Init took: (0.000846s)
[2019.02.03-18.03.31:274][485]LogPlayLevel: PIE: Created PIE world by copying editor world from /Game/StarterContent/Maps/Minimal_Default.Minimal_Default to /Game/StarterContent/Maps/UEDPIE_0_Minimal_Default.Minimal_Default (0.004660s)
[2019.02.03-18.03.31:294][485]LogInit: XAudio2 using 'Realtek Digital Output(Optical) (Realtek High Definition Audio)' : 2 channels at 48 kHz using 16 bits per sample (channel mask 0x3)
[2019.02.03-18.03.31:304][485]LogInit: FAudioDevice initialized.
[2019.02.03-18.03.31:336][485]LogLoad: Game class is 'Test_Terminus_22XXGameModeBase_C'
[2019.02.03-18.03.31:338][485]LogWorld: Bringing World /Game/StarterContent/Maps/UEDPIE_0_Minimal_Default.Minimal_Default up for play (max tick rate 0) at 2019.02.03-13.03.31
[2019.02.03-18.03.31:338][485]LogWorld: Bringing up level for play took: 0.000946
[2019.02.03-18.03.31:351][485]PIE: Play in editor start time for /Game/StarterContent/Maps/UEDPIE_0_Minimal_Default -0.556
[2019.02.03-18.03.31:351][485]LogBlueprintUserMessages: Late PlayInEditor Detection: Level '/Game/StarterContent/Maps/Minimal_Default.Minimal_Default:PersistentLevel' has LevelScriptBlueprint '/Game/StarterContent/Maps/Minimal_Default.Minimal_Default:PersistentLevel.Minimal_Default' with GeneratedClass '/Game/StarterContent/Maps/Minimal_Default.Minimal_Default_C' with ClassGeneratedBy '/Game/StarterContent/Maps/Minimal_Default.Minimal_Default:PersistentLevel.Minimal_Default'
[2019.02.03-18.03.37:070][165]LogBlueprintUserMessages: Early EndPlayMap Detection: Level '/Game/StarterContent/Maps/Minimal_Default.Minimal_Default:PersistentLevel' has LevelScriptBlueprint '/Game/StarterContent/Maps/Minimal_Default.Minimal_Default:PersistentLevel.Minimal_Default' with GeneratedClass '/Game/StarterContent/Maps/Minimal_Default.Minimal_Default_C' with ClassGeneratedBy '/Game/StarterContent/Maps/Minimal_Default.Minimal_Default:PersistentLevel.Minimal_Default'
[2019.02.03-18.03.37:070][165]LogSlate: Updating window title bar state: overlay mode, drag disabled, window buttons hidden, title bar hidden
[2019.02.03-18.03.37:100][165]LogPlayLevel: Display: Shutting down PIE online subsystems
[2019.02.03-18.03.37:100][165]LogBlueprintUserMessages: Late EndPlayMap Detection: Level '/Game/StarterContent/Maps/Minimal_Default.Minimal_Default:PersistentLevel' has LevelScriptBlueprint '/Game/StarterContent/Maps/Minimal_Default.Minimal_Default:PersistentLevel.Minimal_Default' with GeneratedClass '/Game/StarterContent/Maps/Minimal_Default.Minimal_Default_C' with ClassGeneratedBy '/Game/StarterContent/Maps/Minimal_Default.Minimal_Default:PersistentLevel.Minimal_Default'
[2019.02.03-18.03.37:119][165]LogSlate: Updating window title bar state: overlay mode, drag disabled, window buttons hidden, title bar hidden
[2019.02.03-18.03.37:171][170]LogPlayLevel: Display: Destroying online subsystem :Context_5
[2019.02.03-18.03.37:870][254]LogSlate: FSceneViewport::OnFocusLost() reason 0
[2019.02.03-18.03.37:987][268]LogTemp: Repeating last play command: Selected Viewport
[2019.02.03-18.03.37:998][268]LogBlueprintUserMessages: Early PlayInEditor Detection: Level '/Game/StarterContent/Maps/Minimal_Default.Minimal_Default:PersistentLevel' has LevelScriptBlueprint '/Game/StarterContent/Maps/Minimal_Default.Minimal_Default:PersistentLevel.Minimal_Default' with GeneratedClass '/Game/StarterContent/Maps/Minimal_Default.Minimal_Default_C' with ClassGeneratedBy '/Game/StarterContent/Maps/Minimal_Default.Minimal_Default:PersistentLevel.Minimal_Default'
[2019.02.03-18.03.37:998][268]LogPlayLevel: PlayLevel: No blueprints needed recompiling
[2019.02.03-18.03.37:998][268]PIE: New page: PIE session: Minimal_Default (Feb 3, 2019, 8:03:37 AM)
[2019.02.03-18.03.37:998][268]LogPlayLevel: Creating play world package: /Game/StarterContent/Maps/UEDPIE_0_Minimal_Default
[2019.02.03-18.03.38:002][268]LogPlayLevel: PIE: StaticDuplicateObject took: (0.003271s)
[2019.02.03-18.03.38:002][268]LogAIModule: Creating AISystem for world Minimal_Default
[2019.02.03-18.03.38:002][268]LogPlayLevel: PIE: World Init took: (0.000812s)
[2019.02.03-18.03.38:002][268]LogPlayLevel: PIE: Created PIE world by copying editor world from /Game/StarterContent/Maps/Minimal_Default.Minimal_Default to /Game/StarterContent/Maps/UEDPIE_0_Minimal_Default.Minimal_Default (0.004232s)
[2019.02.03-18.03.38:024][268]LogInit: XAudio2 using 'Realtek Digital Output(Optical) (Realtek High Definition Audio)' : 2 channels at 48 kHz using 16 bits per sample (channel mask 0x3)
[2019.02.03-18.03.38:034][268]LogInit: FAudioDevice initialized.
[2019.02.03-18.03.38:060][268]LogLoad: Game class is 'Test_Terminus_22XXGameModeBase_C'
[2019.02.03-18.03.38:062][268]LogWorld: Bringing World /Game/StarterContent/Maps/UEDPIE_0_Minimal_Default.Minimal_Default up for play (max tick rate 0) at 2019.02.03-13.03.38
[2019.02.03-18.03.38:062][268]LogWorld: Bringing up level for play took: 0.000892
[2019.02.03-18.03.38:075][268]PIE: Play in editor start time for /Game/StarterContent/Maps/UEDPIE_0_Minimal_Default 0.175
[2019.02.03-18.03.38:075][268]LogBlueprintUserMessages: Late PlayInEditor Detection: Level '/Game/StarterContent/Maps/Minimal_Default.Minimal_Default:PersistentLevel' has LevelScriptBlueprint '/Game/StarterContent/Maps/Minimal_Default.Minimal_Default:PersistentLevel.Minimal_Default' with GeneratedClass '/Game/StarterContent/Maps/Minimal_Default.Minimal_Default_C' with ClassGeneratedBy '/Game/StarterContent/Maps/Minimal_Default.Minimal_Default:PersistentLevel.Minimal_Default'
[2019.02.03-18.05.06:045][821]LogBlueprintUserMessages: Early EndPlayMap Detection: Level '/Game/StarterContent/Maps/Minimal_Default.Minimal_Default:PersistentLevel' has LevelScriptBlueprint '/Game/StarterContent/Maps/Minimal_Default.Minimal_Default:PersistentLevel.Minimal_Default' with GeneratedClass '/Game/StarterContent/Maps/Minimal_Default.Minimal_Default_C' with ClassGeneratedBy '/Game/StarterContent/Maps/Minimal_Default.Minimal_Default:PersistentLevel.Minimal_Default'
[2019.02.03-18.05.06:045][821]LogSlate: Updating window title bar state: overlay mode, drag disabled, window buttons hidden, title bar hidden
[2019.02.03-18.05.06:077][821]LogPlayLevel: Display: Shutting down PIE online subsystems
[2019.02.03-18.05.06:078][821]LogBlueprintUserMessages: Late EndPlayMap Detection: Level '/Game/StarterContent/Maps/Minimal_Default.Minimal_Default:PersistentLevel' has LevelScriptBlueprint '/Game/StarterContent/Maps/Minimal_Default.Minimal_Default:PersistentLevel.Minimal_Default' with GeneratedClass '/Game/StarterContent/Maps/Minimal_Default.Minimal_Default_C' with ClassGeneratedBy '/Game/StarterContent/Maps/Minimal_Default.Minimal_Default:PersistentLevel.Minimal_Default'
[2019.02.03-18.05.06:101][821]LogSlate: Updating window title bar state: overlay mode, drag disabled, window buttons hidden, title bar hidden
[2019.02.03-18.05.06:148][825]LogPlayLevel: Display: Destroying online subsystem :Context_6
[2019.02.03-18.05.11:546][466]LogSlate: FSceneViewport::OnFocusLost() reason 0
[2019.02.03-18.05.13:063][647]LogAssetEditorManager: Opening Asset editor for Class /Script/Terminus_22XX.PlayerCharacter
[2019.02.03-18.09.29:288][655]LogHotReload: New module detected: UE4Editor-Terminus_22XX-2621.dll
[2019.02.03-18.09.29:972][658]LogHotReload: Starting Hot-Reload from IDE
[2019.02.03-18.09.30:020][658]LogHotReload: Re-instancing PlayerCharacter after hot-reload.
[2019.02.03-18.09.30:092][658]LogContentBrowser: Native class hierarchy updated for 'Terminus_22XX' in 0.0004 seconds. Added 2 classes and 2 folders.
[2019.02.03-18.09.30:095][658]Display: HotReload successful (0 functions remapped  0 scriptstructs remapped)
[2019.02.03-18.09.30:222][658]LogContentBrowser: Native class hierarchy populated in 0.0129 seconds. Added 2575 classes and 607 folders.
[2019.02.03-18.09.30:243][658]Display: HotReload took  0.3s.
[2019.02.03-18.09.39:223][824]LogSlate: FSceneViewport::OnFocusLost() reason 0
[2019.02.03-18.09.39:490][841]LogSlate: Window 'Terminus_22XX - Unreal Editor' being destroyed
[2019.02.03-18.09.39:490][841]LogWindowsTextInputMethodSystem: Display: IME system now deactivated.
[2019.02.03-18.09.39:701][842]Cmd: QUIT_EDITOR
[2019.02.03-18.09.40:530][842]LogExit: Preparing to exit.
[2019.02.03-18.09.41:775][842]LogExit: Editor shut down
[2019.02.03-18.09.41:776][842]LogExit: Transaction tracking system shut down
[2019.02.03-18.09.42:522][842]LogExit: Object subsystem successfully closed.
[2019.02.03-18.09.42:590][842]LogShaderCompilers: Display: Shaders left to compile 0
[2019.02.03-18.09.42:651][842]LogD3D11RHI: Shutdown
[2019.02.03-18.09.42:651][842]LogD3D11RHI: CleanupD3DDevice
[2019.02.03-18.09.42:652][842]LogD3D11RHI: ~FD3D11DynamicRHI
[2019.02.03-18.09.43:364][842]LogModuleManager: Shutting down and abandoning module Terminus_22XX (621)
[2019.02.03-18.09.43:364][842]LogModuleManager: Shutting down and abandoning module ExternalImagePicker (620)
[2019.02.03-18.09.43:364][842]LogModuleManager: Shutting down and abandoning module MovieSceneCapture (618)
[2019.02.03-18.09.43:364][842]LogModuleManager: Shutting down and abandoning module Voice (616)
[2019.02.03-18.09.43:364][842]LogModuleManager: Shutting down and abandoning module HierarchicalLODOutliner (614)
[2019.02.03-18.09.43:364][842]LogModuleManager: Shutting down and abandoning module SceneOutliner (612)
[2019.02.03-18.09.43:364][842]LogModuleManager: Shutting down and abandoning module AddContentDialog (610)
[2019.02.03-18.09.43:375][842]LogModuleManager: Shutting down and abandoning module WidgetCarousel (609)
[2019.02.03-18.09.43:375][842]LogModuleManager: Shutting down and abandoning module EditorWidgets (606)
[2019.02.03-18.09.43:375][842]LogModuleManager: Shutting down and abandoning module CollectionManager (604)
[2019.02.03-18.09.43:375][842]LogModuleManager: Shutting down and abandoning module MeshBuilder (602)
[2019.02.03-18.09.43:375][842]LogModuleManager: Shutting down and abandoning module StatsViewer (600)
[2019.02.03-18.09.43:376][842]LogModuleManager: Shutting down and abandoning module FoliageEdit (598)
[2019.02.03-18.09.43:376][842]LogModuleManager: Shutting down and abandoning module LandscapeEditor (596)
[2019.02.03-18.09.43:421][842]LogModuleManager: Shutting down and abandoning module MeshPaintMode (594)
[2019.02.03-18.09.43:421][842]LogModuleManager: Shutting down and abandoning module SceneDepthPickerMode (592)
[2019.02.03-18.09.43:421][842]LogModuleManager: Shutting down and abandoning module ActorPickerMode (590)
[2019.02.03-18.09.43:421][842]LogModuleManager: Shutting down and abandoning module GeometryMode (588)
[2019.02.03-18.09.43:421][842]LogModuleManager: Shutting down and abandoning module TextureAlignMode (586)
[2019.02.03-18.09.43:421][842]LogModuleManager: Shutting down and abandoning module BspMode (584)
[2019.02.03-18.09.43:421][842]LogModuleManager: Shutting down and abandoning module PIEPreviewDeviceProfileSelector (582)
[2019.02.03-18.09.43:421][842]LogModuleManager: Shutting down and abandoning module SequenceRecorderSections (580)
[2019.02.03-18.09.43:421][842]LogModuleManager: Shutting down and abandoning module AutomationWorker (578)
[2019.02.03-18.09.43:421][842]LogModuleManager: Shutting down and abandoning module AudioCaptureEditor (576)
[2019.02.03-18.09.43:421][842]LogModuleManager: Shutting down and abandoning module SequenceRecorder (575)
[2019.02.03-18.09.43:421][842]LogModuleManager: Shutting down and abandoning module MatineeToLevelSequence (572)
[2019.02.03-18.09.43:421][842]LogModuleManager: Shutting down and abandoning module LevelSequenceEditor (570)
[2019.02.03-18.09.43:426][842]LogModuleManager: Shutting down and abandoning module PlacementMode (569)
[2019.02.03-18.09.43:426][842]LogModuleManager: Shutting down and abandoning module MaterialEditor (568)
[2019.02.03-18.09.43:459][842]LogModuleManager: Shutting down and abandoning module WmfMediaFactory (564)
[2019.02.03-18.09.43:459][842]LogModuleManager: Shutting down and abandoning module WmfMediaEditor (562)
[2019.02.03-18.09.43:459][842]LogModuleManager: Shutting down and abandoning module MediaPlayerEditor (560)
[2019.02.03-18.09.43:470][842]LogModuleManager: Shutting down and abandoning module OpenExrWrapper (558)
[2019.02.03-18.09.43:470][842]LogModuleManager: Shutting down and abandoning module ImgMediaFactory (556)
[2019.02.03-18.09.43:470][842]LogModuleManager: Shutting down and abandoning module ImgMediaEditor (554)
[2019.02.03-18.09.43:470][842]LogModuleManager: Shutting down and abandoning module AvfMediaFactory (552)
[2019.02.03-18.09.43:470][842]LogModuleManager: Shutting down and abandoning module AvfMediaEditor (550)
[2019.02.03-18.09.43:470][842]LogModuleManager: Shutting down and abandoning module AndroidMediaFactory (548)
[2019.02.03-18.09.43:470][842]LogModuleManager: Shutting down and abandoning module AndroidMediaEditor (546)
[2019.02.03-18.09.43:470][842]LogModuleManager: Shutting down and abandoning module MagicLeapCameraPreviewFactory (544)
[2019.02.03-18.09.43:470][842]LogModuleManager: Shutting down and abandoning module MagicLeapMediaFactory (542)
[2019.02.03-18.09.43:470][842]LogModuleManager: Shutting down and abandoning module MagicLeapMediaEditor (540)
[2019.02.03-18.09.43:470][842]LogModuleManager: Shutting down and abandoning module CharacterAI (538)
[2019.02.03-18.09.43:470][842]LogModuleManager: Shutting down and abandoning module SmartSnapping (536)
[2019.02.03-18.09.43:470][842]LogModuleManager: Shutting down and abandoning module SessionServices (534)
[2019.02.03-18.09.43:470][842]LogModuleManager: Shutting down and abandoning module ViewportSnapping (532)
[2019.02.03-18.09.43:470][842]LogModuleManager: Shutting down and abandoning module ViewportInteraction (530)
[2019.02.03-18.09.43:484][842]LogModuleManager: Shutting down and abandoning module ClothPainter (528)
[2019.02.03-18.09.43:493][842]LogModuleManager: Shutting down and abandoning module SkeletalMeshEditor (527)
[2019.02.03-18.09.43:498][842]LogModuleManager: Shutting down and abandoning module LogVisualizer (524)
[2019.02.03-18.09.43:500][842]LogModuleManager: Shutting down and abandoning module IntroTutorials (522)
[2019.02.03-18.09.43:500][842]LogModuleManager: Shutting down and abandoning module GameProjectGeneration (521)
[2019.02.03-18.09.43:500][842]LogModuleManager: Shutting down and abandoning module LuminPlatformEditor (518)
[2019.02.03-18.09.43:500][842]LogModuleManager: Shutting down and abandoning module IOSPlatformEditor (516)
[2019.02.03-18.09.43:500][842]LogModuleManager: Shutting down and abandoning module HTML5PlatformEditor (514)
[2019.02.03-18.09.43:500][842]LogModuleManager: Shutting down and abandoning module AndroidPlatformEditor (512)
[2019.02.03-18.09.43:500][842]LogModuleManager: Shutting down and abandoning module AndroidDeviceDetection (511)
[2019.02.03-18.09.43:938][842]LogModuleManager: Shutting down and abandoning module WindowsPlatformEditor (508)
[2019.02.03-18.09.43:938][842]LogModuleManager: Shutting down and abandoning module LuminRuntimeSettings (506)
[2019.02.03-18.09.43:938][842]LogModuleManager: Shutting down and abandoning module IOSRuntimeSettings (504)
[2019.02.03-18.09.43:938][842]LogModuleManager: Shutting down and abandoning module AndroidRuntimeSettings (502)
[2019.02.03-18.09.43:938][842]LogModuleManager: Shutting down and abandoning module InputBindingEditor (500)
[2019.02.03-18.09.43:938][842]LogModuleManager: Shutting down and abandoning module MergeActors (498)
[2019.02.03-18.09.43:938][842]LogModuleManager: Shutting down and abandoning module LocalizationDashboard (496)
[2019.02.03-18.09.43:938][842]LogModuleManager: Shutting down and abandoning module LocalizationService (495)
[2019.02.03-18.09.43:939][842]LogModuleManager: Shutting down and abandoning module HardwareTargeting (492)
[2019.02.03-18.09.43:939][842]LogModuleManager: Shutting down and abandoning module DeviceProfileEditor (490)
[2019.02.03-18.09.43:939][842]LogModuleManager: Shutting down and abandoning module UndoHistory (488)
[2019.02.03-18.09.43:939][842]LogModuleManager: Shutting down and abandoning module XmlParser (486)
[2019.02.03-18.09.43:939][842]LogModuleManager: Shutting down and abandoning module Blutility (484)
[2019.02.03-18.09.43:939][842]LogModuleManager: Shutting down and abandoning module ProjectSettingsViewer (482)
[2019.02.03-18.09.43:939][842]LogModuleManager: Shutting down and abandoning module ProjectTargetPlatformEditor (481)
[2019.02.03-18.09.43:939][842]LogModuleManager: Shutting down and abandoning module EditorSettingsViewer (478)
[2019.02.03-18.09.43:939][842]LogModuleManager: Shutting down and abandoning module SettingsEditor (476)
[2019.02.03-18.09.43:939][842]LogModuleManager: Shutting down and abandoning module ProjectLauncher (474)
[2019.02.03-18.09.43:945][842]LogModuleManager: Shutting down and abandoning module SessionFrontend (472)
[2019.02.03-18.09.43:945][842]LogModuleManager: Shutting down and abandoning module ProfilerClient (470)
[2019.02.03-18.09.43:945][842]LogModuleManager: Shutting down and abandoning module DeviceManager (468)
[2019.02.03-18.09.43:945][842]LogModuleManager: Shutting down and abandoning module TargetDeviceServices (467)
[2019.02.03-18.09.44:011][842]LogModuleManager: Shutting down and abandoning module AutomationController (464)
[2019.02.03-18.09.44:011][842]LogModuleManager: Shutting down and abandoning module AutomationWindow (462)
[2019.02.03-18.09.44:025][842]LogModuleManager: Shutting down and abandoning module Layers (460)
[2019.02.03-18.09.44:095][842]LogModuleManager: Shutting down and abandoning module ComponentVisualizers (458)
[2019.02.03-18.09.44:095][842]LogModuleManager: Shutting down and abandoning module DetailCustomizations (456)
[2019.02.03-18.09.44:095][842]LogModuleManager: Shutting down and abandoning module PackagesDialog (454)
[2019.02.03-18.09.44:095][842]LogModuleManager: Shutting down and abandoning module Persona (452)
[2019.02.03-18.09.44:111][842]LogModuleManager: Shutting down and abandoning module AdvancedPreviewScene (451)
[2019.02.03-18.09.44:111][842]LogModuleManager: Shutting down and abandoning module AnimGraph (449)
[2019.02.03-18.09.44:111][842]LogModuleManager: Shutting down and abandoning module Kismet (446)
[2019.02.03-18.09.44:132][842]LogModuleManager: Shutting down and abandoning module GraphEditor (444)
[2019.02.03-18.09.44:172][842]LogModuleManager: Shutting down and abandoning module ClassViewer (442)
[2019.02.03-18.09.44:174][842]LogModuleManager: Shutting down and abandoning module Toolbox (440)
[2019.02.03-18.09.44:174][842]LogModuleManager: Shutting down and abandoning module ModuleUI (438)
[2019.02.03-18.09.44:174][842]LogModuleManager: Shutting down and abandoning module MovieSceneTools (436)
[2019.02.03-18.09.44:174][842]LogModuleManager: Shutting down and abandoning module OutputLog (434)
[2019.02.03-18.09.44:174][842]LogModuleManager: Shutting down and abandoning module GammaUI (432)
[2019.02.03-18.09.44:174][842]LogModuleManager: Shutting down and abandoning module Documentation (430)
[2019.02.03-18.09.44:174][842]LogModuleManager: Shutting down and abandoning module MovieSceneTracks (428)
[2019.02.03-18.09.44:192][842]LogModuleManager: Shutting down and abandoning module MovieScene (426)
[2019.02.03-18.09.44:192][842]LogModuleManager: Shutting down and abandoning module StreamingPauseRendering (424)
[2019.02.03-18.09.44:192][842]LogModuleManager: Shutting down and abandoning module LauncherPlatform (422)
[2019.02.03-18.09.44:192][842]LogModuleManager: Shutting down and abandoning module AnalyticsET (420)
[2019.02.03-18.09.44:192][842]LogModuleManager: Shutting down and abandoning module PortalServices (418)
[2019.02.03-18.09.44:192][842]LogModuleManager: Shutting down and abandoning module PortalRpc (416)
[2019.02.03-18.09.44:192][842]LogModuleManager: Shutting down and abandoning module MessagingRpc (414)
[2019.02.03-18.09.44:192][842]LogModuleManager: Shutting down and abandoning module AIModule (412)
[2019.02.03-18.09.44:192][842]LogModuleManager: Shutting down and abandoning module GameplayDebugger (411)
[2019.02.03-18.09.44:192][842]LogModuleManager: Shutting down and abandoning module AITestSuite (409)
[2019.02.03-18.09.44:192][842]LogModuleManager: Shutting down and abandoning module NavigationSystem (407)
[2019.02.03-18.09.44:192][842]LogModuleManager: Shutting down and abandoning module ProfilerService (404)
[2019.02.03-18.09.44:340][842]LogModuleManager: Shutting down and abandoning module TaskGraph (402)
[2019.02.03-18.09.44:340][842]LogModuleManager: Shutting down and abandoning module SteamVRController (400)
[2019.02.03-18.09.44:340][842]LogModuleManager: Shutting down and abandoning module ProceduralMeshComponentEditor (398)
[2019.02.03-18.09.44:340][842]LogModuleManager: Shutting down and abandoning module ProceduralMeshComponent (396)
[2019.02.03-18.09.44:340][842]LogModuleManager: Shutting down and abandoning module OculusInput (394)
[2019.02.03-18.09.44:340][842]LogModuleManager: Shutting down and abandoning module MobilePatchingUtils (392)
[2019.02.03-18.09.44:340][842]LogModuleManager: Shutting down and abandoning module EditableMesh (390)
[2019.02.03-18.09.44:340][842]LogModuleManager: Shutting down and abandoning module CustomMeshComponent (388)
[2019.02.03-18.09.44:340][842]LogModuleManager: Shutting down and abandoning module CableComponent (386)
[2019.02.03-18.09.44:340][842]LogModuleManager: Shutting down and abandoning module AudioCapture (384)
[2019.02.03-18.09.44:340][842]LogModuleManager: Shutting down and abandoning module ArchVisCharacter (382)
[2019.02.03-18.09.44:340][842]LogModuleManager: Shutting down and abandoning module AndroidPermission (380)
[2019.02.03-18.09.44:340][842]LogModuleManager: Shutting down and abandoning module NUTUnrealEngine4 (378)
[2019.02.03-18.09.44:340][842]LogModuleManager: Shutting down and abandoning module NetcodeUnitTest (376)
[2019.02.03-18.09.44:370][842]LogModuleManager: Shutting down and abandoning module MediaCompositingEditor (374)
[2019.02.03-18.09.44:370][842]LogModuleManager: Shutting down and abandoning module MediaCompositing (372)
[2019.02.03-18.09.44:370][842]LogModuleManager: Shutting down and abandoning module LinearTimecode (370)
[2019.02.03-18.09.44:370][842]LogModuleManager: Shutting down and abandoning module ImgMedia (368)
[2019.02.03-18.09.44:374][842]LogModuleManager: Shutting down and abandoning module HTML5Networking (366)
[2019.02.03-18.09.44:374][842]LogModuleManager: Shutting down and abandoning module GeometryCacheTracks (364)
[2019.02.03-18.09.44:374][842]LogModuleManager: Shutting down and abandoning module GeometryCacheSequencer (362)
[2019.02.03-18.09.44:374][842]LogModuleManager: Shutting down and abandoning module BackChannel (360)
[2019.02.03-18.09.44:374][842]LogModuleManager: Shutting down and abandoning module AppleVision (358)
[2019.02.03-18.09.44:374][842]LogModuleManager: Shutting down and abandoning module AppleImageUtils (356)
[2019.02.03-18.09.44:374][842]LogModuleManager: Shutting down and abandoning module AlembicImporter (354)
[2019.02.03-18.09.44:374][842]LogModuleManager: Shutting down and abandoning module AlembicLibrary (353)
[2019.02.03-18.09.44:374][842]LogModuleManager: Shutting down and abandoning module GeometryCache (352)
[2019.02.03-18.09.44:374][842]LogModuleManager: Shutting down and abandoning module GeometryCacheEd (351)
[2019.02.03-18.09.44:374][842]LogModuleManager: Shutting down and abandoning module DatasmithContentEditor (346)
[2019.02.03-18.09.44:374][842]LogModuleManager: Shutting down and abandoning module DatasmithContent (344)
[2019.02.03-18.09.44:374][842]LogModuleManager: Shutting down and abandoning module SpeedTreeImporter (342)
[2019.02.03-18.09.44:374][842]LogModuleManager: Shutting down and abandoning module PluginBrowser (340)
[2019.02.03-18.09.44:396][842]LogModuleManager: Shutting down and abandoning module MobileLauncherProfileWizard (338)
[2019.02.03-18.09.44:396][842]LogModuleManager: Shutting down and abandoning module PolygonModeling (336)
[2019.02.03-18.09.44:396][842]LogModuleManager: Shutting down and abandoning module MeshEditor (334)
[2019.02.03-18.09.44:396][842]LogModuleManager: Shutting down and abandoning module CryptoKeysOpenSSL (332)
[2019.02.03-18.09.44:396][842]LogModuleManager: Shutting down and abandoning module CryptoKeys (330)
[2019.02.03-18.09.44:396][842]LogModuleManager: Shutting down and abandoning module VisualStudioSourceCodeAccess (328)
[2019.02.03-18.09.44:396][842]LogModuleManager: Shutting down and abandoning module VisualStudioCodeSourceCodeAccess (326)
[2019.02.03-18.09.44:396][842]LogModuleManager: Shutting down and abandoning module UObjectPlugin (324)
[2019.02.03-18.09.44:396][842]LogModuleManager: Shutting down and abandoning module SubversionSourceControl (322)
[2019.02.03-18.09.44:396][842]LogModuleManager: Shutting down and abandoning module PerforceSourceControl (320)
[2019.02.03-18.09.44:426][842]LogModuleManager: Shutting down and abandoning module GitSourceControl (318)
[2019.02.03-18.09.44:426][842]LogModuleManager: Shutting down and abandoning module SourceControl (317)
[2019.02.03-18.09.44:426][842]LogModuleManager: Shutting down and abandoning module CLionSourceCodeAccess (314)
[2019.02.03-18.09.44:426][842]LogModuleManager: Shutting down and abandoning module LightPropagationVolumeEditor (312)
[2019.02.03-18.09.44:426][842]LogModuleManager: Shutting down and abandoning module PaperTiledImporter (310)
[2019.02.03-18.09.44:426][842]LogModuleManager: Shutting down and abandoning module PaperSpriteSheetImporter (308)
[2019.02.03-18.09.44:426][842]LogModuleManager: Shutting down and abandoning module Paper2DEditor (306)
[2019.02.03-18.09.44:444][842]LogModuleManager: Shutting down and abandoning module MeshPaint (305)
[2019.02.03-18.09.44:444][842]LogModuleManager: Shutting down and abandoning module RuntimePhysXCooking (300)
[2019.02.03-18.09.44:444][842]LogModuleManager: Shutting down and abandoning module PhysXVehiclesEditor (298)
[2019.02.03-18.09.44:444][842]LogModuleManager: Shutting down and abandoning module PhysXVehicles (296)
[2019.02.03-18.09.44:444][842]LogModuleManager: Shutting down and abandoning module OculusEditor (294)
[2019.02.03-18.09.44:444][842]LogModuleManager: Shutting down and abandoning module LocationServicesBPLibrary (292)
[2019.02.03-18.09.44:445][842]LogModuleManager: Shutting down and abandoning module ImmediatePhysicsEditor (290)
[2019.02.03-18.09.44:445][842]LogModuleManager: Shutting down and abandoning module ImmediatePhysics (288)
[2019.02.03-18.09.44:445][842]LogModuleManager: Shutting down and abandoning module ActorSequence (286)
[2019.02.03-18.09.44:445][842]LogModuleManager: Shutting down and abandoning module UdpMessaging (284)
[2019.02.03-18.09.44:545][842]LogModuleManager: Shutting down and abandoning module TcpMessaging (282)
[2019.02.03-18.09.44:646][842]LogModuleManager: Shutting down and abandoning module MagicLeapAudio (280)
[2019.02.03-18.09.44:646][842]LogModuleManager: Shutting down and abandoning module GameplayTagsEditor (278)
[2019.02.03-18.09.44:646][842]LogModuleManager: Shutting down and abandoning module FacialAnimationEditor (276)
[2019.02.03-18.09.44:646][842]LogModuleManager: Shutting down and abandoning module FacialAnimation (274)
[2019.02.03-18.09.44:646][842]LogModuleManager: Shutting down and abandoning module DataValidation (272)
[2019.02.03-18.09.44:646][842]LogModuleManager: Shutting down and abandoning module AssetManagerEditor (270)
[2019.02.03-18.09.44:686][842]LogModuleManager: Shutting down and abandoning module LevelEditor (269)
[2019.02.03-18.09.44:686][842]LogModuleManager: Shutting down and abandoning module PixelInspectorModule (268)
[2019.02.03-18.09.44:686][842]LogModuleManager: Shutting down and abandoning module CommonMenuExtensions (266)
[2019.02.03-18.09.44:687][842]LogModuleManager: Shutting down and abandoning module MainFrame (264)
[2019.02.03-18.09.44:687][842]LogModuleManager: Shutting down and abandoning module HotReload (263)
[2019.02.03-18.09.44:687][842]LogModuleManager: Shutting down and abandoning module ContentBrowser (259)
[2019.02.03-18.09.44:688][842]LogModuleManager: Shutting down and abandoning module TreeMap (257)
[2019.02.03-18.09.44:688][842]LogModuleManager: Shutting down and abandoning module LightPropagationVolumeRuntime (254)
[2019.02.03-18.09.44:688][842]LogModuleManager: Shutting down and abandoning module AISupportModule (252)
[2019.02.03-18.09.44:688][842]LogModuleManager: Shutting down and abandoning module Paper2D (250)
[2019.02.03-18.09.44:688][842]LogModuleManager: Shutting down and abandoning module WindowsMoviePlayer (248)
[2019.02.03-18.09.44:688][842]LogModuleManager: Shutting down and abandoning module WmfMedia (246)
[2019.02.03-18.09.44:689][842]LogModuleManager: Shutting down and abandoning module Media (245)
[2019.02.03-18.09.44:695][842]LogModuleManager: Shutting down and abandoning module PacketHandler (242)
[2019.02.03-18.09.44:695][842]LogModuleManager: Shutting down and abandoning module ClothingSystemEditor (240)
[2019.02.03-18.09.44:695][842]LogModuleManager: Shutting down and abandoning module ClothingSystemRuntime (238)
[2019.02.03-18.09.44:704][842]LogModuleManager: Shutting down and abandoning module MediaAssets (236)
[2019.02.03-18.09.44:704][842]LogModuleManager: Shutting down and abandoning module Overlay (234)
[2019.02.03-18.09.44:704][842]LogModuleManager: Shutting down and abandoning module OverlayEditor (233)
[2019.02.03-18.09.44:704][842]LogModuleManager: Shutting down and abandoning module VREditor (230)
[2019.02.03-18.09.44:722][842]LogModuleManager: Shutting down and abandoning module StringTableEditor (228)
[2019.02.03-18.09.44:722][842]LogModuleManager: Shutting down and abandoning module GameplayTasksEditor (226)
[2019.02.03-18.09.44:722][842]LogModuleManager: Shutting down and abandoning module BehaviorTreeEditor (224)
[2019.02.03-18.09.44:726][842]LogModuleManager: Shutting down and abandoning module FunctionalTesting (222)
[2019.02.03-18.09.44:726][842]LogModuleManager: Shutting down and abandoning module CollisionAnalyzer (220)
[2019.02.03-18.09.44:726][842]LogModuleManager: Shutting down and abandoning module WorkspaceMenuStructure (219)
[2019.02.03-18.09.44:726][842]LogModuleManager: Shutting down and abandoning module UMG (216)
[2019.02.03-18.09.44:734][842]LogModuleManager: Shutting down and abandoning module UMGEditor (215)
[2019.02.03-18.09.44:747][842]LogModuleManager: Shutting down and abandoning module Sequencer (214)
[2019.02.03-18.09.44:769][842]LogModuleManager: Shutting down and abandoning module MessageLog (211)
[2019.02.03-18.09.44:769][842]LogModuleManager: Shutting down and abandoning module SlateReflector (206)
[2019.02.03-18.09.44:780][842]LogModuleManager: Shutting down and abandoning module Slate (204)
[2019.02.03-18.09.44:780][842]LogModuleManager: Shutting down and abandoning module EditorStyle (202)
[2019.02.03-18.09.44:782][842]LogModuleManager: Shutting down and abandoning module MRMesh (200)
[2019.02.03-18.09.44:782][842]LogModuleManager: Shutting down and abandoning module SourceCodeAccess (198)
[2019.02.03-18.09.44:782][842]LogModuleManager: Shutting down and abandoning module HeadMountedDisplay (196)
[2019.02.03-18.09.44:782][842]LogModuleManager: Shutting down and abandoning module XAudio2 (194)
[2019.02.03-18.09.44:782][842]LogModuleManager: Shutting down and abandoning module Networking (192)
[2019.02.03-18.09.44:782][842]LogModuleManager: Shutting down and abandoning module Core (190)
[2019.02.03-18.09.44:782][842]LogModuleManager: Shutting down and abandoning module LevelSequence (188)
[2019.02.03-18.09.44:782][842]LogModuleManager: Shutting down and abandoning module KismetCompiler (186)
[2019.02.03-18.09.44:782][842]LogModuleManager: Shutting down and abandoning module MeshUtilities (184)
[2019.02.03-18.09.44:785][842]LogModuleManager: Shutting down and abandoning module MeshMergeUtilities (183)
[2019.02.03-18.09.44:785][842]LogModuleManager: Shutting down and abandoning module MeshReductionInterface (182)
[2019.02.03-18.09.44:785][842]LogModuleManager: Shutting down and abandoning module SimplygonSwarm (181)
[2019.02.03-18.09.44:785][842]LogModuleManager: Shutting down and abandoning module ProxyLODMeshReduction (179)
[2019.02.03-18.09.44:801][842]LogModuleManager: Shutting down and abandoning module SimplygonMeshReduction (177)
[2019.02.03-18.09.44:801][842]LogModuleManager: Shutting down and abandoning module QuadricMeshReduction (175)
[2019.02.03-18.09.44:801][842]LogModuleManager: Shutting down and abandoning module MaterialBaking (171)
[2019.02.03-18.09.44:801][842]LogModuleManager: Shutting down and abandoning module DirectoryWatcher (167)
[2019.02.03-18.09.44:801][842]LogModuleManager: Shutting down and abandoning module DerivedDataCache (164)
[2019.02.03-18.09.44:867][842]LogDerivedDataCache: Shutdown
[2019.02.03-18.09.44:867][842]LogModuleManager: Shutting down and abandoning module XGEController (162)
[2019.02.03-18.09.44:867][842]LogXGEController: Cleaning working directory: C:/Users/jarr0036/AppData/Local/Temp/UnrealXGEWorkingDir/
[2019.02.03-18.09.44:868][842]LogModuleManager: Shutting down and abandoning module TargetPlatform (160)
[2019.02.03-18.09.44:868][842]LogModuleManager: Shutting down and abandoning module VulkanShaderFormat (159)
[2019.02.03-18.09.44:868][842]LogModuleManager: Shutting down and abandoning module ShaderFormatVectorVM (157)
[2019.02.03-18.09.44:868][842]LogModuleManager: Shutting down and abandoning module ShaderFormatOpenGL (155)
[2019.02.03-18.09.44:868][842]LogModuleManager: Shutting down and abandoning module ShaderFormatD3D (153)
[2019.02.03-18.09.44:868][842]LogModuleManager: Shutting down and abandoning module MetalShaderFormat (151)
[2019.02.03-18.09.44:868][842]LogModuleManager: Shutting down and abandoning module TextureFormatUncompressed (149)
[2019.02.03-18.09.44:868][842]LogModuleManager: Shutting down and abandoning module TextureFormatPVR (147)
[2019.02.03-18.09.44:868][842]LogModuleManager: Shutting down and abandoning module TextureFormatDXT (145)
[2019.02.03-18.09.44:868][842]LogModuleManager: Shutting down and abandoning module TextureFormatIntelISPCTexComp (143)
[2019.02.03-18.09.44:868][842]LogModuleManager: Shutting down and abandoning module TextureFormatASTC (141)
[2019.02.03-18.09.44:868][842]LogModuleManager: Shutting down and abandoning module ImageWrapper (140)
[2019.02.03-18.09.44:868][842]LogModuleManager: Shutting down and abandoning module TextureFormatAndroid (137)
[2019.02.03-18.09.44:868][842]LogModuleManager: Shutting down and abandoning module AudioFormatOpus (135)
[2019.02.03-18.09.44:868][842]LogModuleManager: Shutting down and abandoning module AudioFormatOgg (133)
[2019.02.03-18.09.44:868][842]LogModuleManager: Shutting down and abandoning module AudioFormatADPCM (131)
[2019.02.03-18.09.44:868][842]LogModuleManager: Shutting down and abandoning module LuminTargetPlatform (129)
[2019.02.03-18.09.44:868][842]LogModuleManager: Shutting down and abandoning module LinuxTargetPlatform (127)
[2019.02.03-18.09.44:868][842]LogModuleManager: Shutting down and abandoning module LinuxServerTargetPlatform (125)
[2019.02.03-18.09.44:868][842]LogModuleManager: Shutting down and abandoning module LinuxNoEditorTargetPlatform (123)
[2019.02.03-18.09.44:868][842]LogModuleManager: Shutting down and abandoning module LinuxClientTargetPlatform (121)
[2019.02.03-18.09.44:868][842]LogModuleManager: Shutting down and abandoning module TVOSTargetPlatform (119)
[2019.02.03-18.09.44:869][842]LogModuleManager: Shutting down and abandoning module Messaging (117)
[2019.02.03-18.09.44:869][842]LogModuleManager: Shutting down and abandoning module IOSTargetPlatform (115)
[2019.02.03-18.09.44:870][842]LogModuleManager: Shutting down and abandoning module HTML5TargetPlatform (113)
[2019.02.03-18.09.44:870][842]LogModuleManager: Shutting down and abandoning module AndroidTargetPlatform (111)
[2019.02.03-18.09.44:875][842]LogModuleManager: Shutting down and abandoning module WindowsTargetPlatform (109)
[2019.02.03-18.09.44:875][842]LogModuleManager: Shutting down and abandoning module WindowsServerTargetPlatform (107)
[2019.02.03-18.09.44:875][842]LogModuleManager: Shutting down and abandoning module WindowsNoEditorTargetPlatform (105)
[2019.02.03-18.09.44:876][842]LogModuleManager: Shutting down and abandoning module WindowsClientTargetPlatform (103)
[2019.02.03-18.09.44:876][842]LogModuleManager: Shutting down and abandoning module MacTargetPlatform (101)
[2019.02.03-18.09.44:876][842]LogModuleManager: Shutting down and abandoning module MacServerTargetPlatform (99)
[2019.02.03-18.09.44:876][842]LogModuleManager: Shutting down and abandoning module MacNoEditorTargetPlatform (97)
[2019.02.03-18.09.44:876][842]LogModuleManager: Shutting down and abandoning module MacClientTargetPlatform (95)
[2019.02.03-18.09.44:876][842]LogModuleManager: Shutting down and abandoning module AllDesktopTargetPlatform (93)
[2019.02.03-18.09.44:876][842]LogModuleManager: Shutting down and abandoning module InputCore (90)
[2019.02.03-18.09.44:876][842]LogModuleManager: Shutting down and abandoning module Settings (88)
[2019.02.03-18.09.44:876][842]LogModuleManager: Shutting down and abandoning module PhysXCooking (86)
[2019.02.03-18.09.44:876][842]LogModuleManager: Shutting down and abandoning module SteamVR (84)
[2019.02.03-18.09.44:876][842]LogModuleManager: Shutting down and abandoning module OculusHMD (82)
[2019.02.03-18.09.44:876][842]LogModuleManager: Shutting down and abandoning module ExampleDeviceProfileSelector (80)
[2019.02.03-18.09.44:876][842]LogModuleManager: Shutting down and abandoning module LauncherChunkInstaller (78)
[2019.02.03-18.09.44:876][842]LogModuleManager: Shutting down and abandoning module OnlineBlueprintSupport (76)
[2019.02.03-18.09.44:876][842]LogModuleManager: Shutting down and abandoning module OnlineSubsystem (72)
[2019.02.03-18.09.44:876][842]LogModuleManager: Shutting down and abandoning module XMPP (67)
[2019.02.03-18.09.44:888][842]LogModuleManager: Shutting down and abandoning module WebSockets (66)
[2019.02.03-18.09.44:909][842]LogModuleManager: Shutting down and abandoning module HTTP (63)
[2019.02.03-18.09.44:909][842]LogHttp: Display: Http module shutting down, but needs to wait on 1 outstanding Http requests:
[2019.02.03-18.09.44:909][842]LogHttp: Display: 	verb=[POST] url=[https://datarouter.ol.epicgames.com/datarouter/api/v1/public/data?SessionID=%7BEB84C8A6-42F8-D851-774C-07B0AD34C3FF%7D&AppID=UEEditor.Rocket.Release&AppVersion=4.20.1-4233996%2B%2B%2BUE4%2BRelease-4.20&UserID=840ed134491f4fa17ce4998775de4477%7C%7C73ae11be-933a-4010-8b3e-42ce6f21424a&AppEnvironment=datacollector-binary&UploadType=eteventstream] status=Processing
[2019.02.03-18.09.44:938][842]LogModuleManager: Shutting down and abandoning module SSL (62)
[2019.02.03-18.09.44:939][842]LogModuleManager: Shutting down and abandoning module MagicLeapEmulator (58)
[2019.02.03-18.09.44:940][842]LogModuleManager: Shutting down and abandoning module MagicLeapPrivileges (56)
[2019.02.03-18.09.44:940][842]LogModuleManager: Shutting down and abandoning module MagicLeapIdentity (54)
[2019.02.03-18.09.44:940][842]LogModuleManager: Shutting down and abandoning module MagicLeapHelperVulkan (52)
[2019.02.03-18.09.44:940][842]LogModuleManager: Shutting down and abandoning module MagicLeapHelperOpenGL (50)
[2019.02.03-18.09.44:940][842]LogModuleManager: Shutting down and abandoning module MagicLeapSecureStorage (48)
[2019.02.03-18.09.44:940][842]LogModuleManager: Shutting down and abandoning module MagicLeapGestures (46)
[2019.02.03-18.09.44:940][842]LogModuleManager: Shutting down and abandoning module MagicLeapEyeTracker (44)
[2019.02.03-18.09.44:940][842]LogModuleManager: Shutting down and abandoning module MagicLeapController (42)
[2019.02.03-18.09.44:940][842]LogSlate: Slate User Destroyed.  User Index 0, Is Virtual User: 0
[2019.02.03-18.09.44:940][842]LogModuleManager: Shutting down and abandoning module MagicLeap (40)
[2019.02.03-18.09.44:940][842]LogModuleManager: Shutting down and abandoning module DesktopPlatform (38)
[2019.02.03-18.09.44:940][842]LogModuleManager: Shutting down and abandoning module AnimationModifiers (36)
[2019.02.03-18.09.44:945][842]LogModuleManager: Shutting down and abandoning module PropertyEditor (35)
[2019.02.03-18.09.44:948][842]LogModuleManager: Shutting down and abandoning module AudioEditor (32)
[2019.02.03-18.09.44:948][842]LogModuleManager: Shutting down and abandoning module TextureCompressor (30)
[2019.02.03-18.09.44:948][842]LogModuleManager: Shutting down and abandoning module ShaderCore (28)
[2019.02.03-18.09.44:948][842]LogModuleManager: Shutting down and abandoning module Landscape (26)
[2019.02.03-18.09.44:948][842]LogModuleManager: Shutting down and abandoning module SlateRHIRenderer (24)
[2019.02.03-18.09.44:952][842]LogModuleManager: Shutting down and abandoning module OpenGLDrv (22)
[2019.02.03-18.09.44:960][842]LogModuleManager: Shutting down and abandoning module D3D11RHI (20)
[2019.02.03-18.09.44:960][842]LogModuleManager: Shutting down and abandoning module AnimGraphRuntime (18)
[2019.02.03-18.09.44:960][842]LogModuleManager: Shutting down and abandoning module Renderer (16)
[2019.02.03-18.09.44:960][842]LogModuleManager: Shutting down and abandoning module Engine (14)
[2019.02.03-18.09.44:961][842]LogModuleManager: Shutting down and abandoning module CoreUObject (12)
[2019.02.03-18.09.44:961][842]LogModuleManager: Shutting down and abandoning module NetworkFile (10)
[2019.02.03-18.09.44:961][842]LogModuleManager: Shutting down and abandoning module CookedIterativeFile (8)
[2019.02.03-18.09.44:961][842]LogModuleManager: Shutting down and abandoning module StreamingFile (6)
[2019.02.03-18.09.44:961][842]LogModuleManager: Shutting down and abandoning module SandboxFile (4)
[2019.02.03-18.09.44:961][842]LogModuleManager: Shutting down and abandoning module PakFile (2)
[2019.02.03-18.09.44:970][842]LogExit: Exiting.
[2019.02.03-18.09.44:995][842]Log file closed, 02/03/19 13:09:44
