Log file open, 02/26/19 14:54:40
LogWindows: Failed to load 'aqProf.dll' (GetLastError=126)
LogWindows: File 'aqProf.dll' does not exist
LogWindows: Failed to load 'VSPerf140.dll' (GetLastError=126)
LogWindows: File 'VSPerf140.dll' does not exist
LogWindows: Failed to load 'VtuneApi.dll' (GetLastError=126)
LogWindows: File 'VtuneApi.dll' does not exist
LogWindows: Failed to load 'VtuneApi32e.dll' (GetLastError=126)
LogWindows: File 'VtuneApi32e.dll' does not exist
LogInit: Display: Running engine for game: Terminus_22XX
LogPlatformFile: Not using cached read wrapper
LogTaskGraph: Started task graph with 5 named threads and 14 total threads with 3 sets of task threads.
LogStats: Stats thread started at 0.422309
LogD3D11RHI: Loaded GFSDK_Aftermath_Lib.x64.dll
LogICUInternationalization: Display: ICU TimeZone Detection - Raw Offset: -5:00, Platform Override: ''
LogPluginManager: Mounting plugin Paper2D
LogPluginManager: Mounting plugin AISupport
LogPluginManager: Mounting plugin LightPropagationVolume
LogPluginManager: Mounting plugin CLionSourceCodeAccess
LogPluginManager: Mounting plugin CodeLiteSourceCodeAccess
LogPluginManager: Mounting plugin GitSourceControl
LogPluginManager: Mounting plugin KDevelopSourceCodeAccess
LogPluginManager: Mounting plugin NullSourceCodeAccess
LogPluginManager: Mounting plugin PerforceSourceControl
LogPluginManager: Mounting plugin SubversionSourceControl
LogPluginManager: Mounting plugin UObjectPlugin
LogPluginManager: Mounting plugin VisualStudioCodeSourceCodeAccess
LogPluginManager: Mounting plugin VisualStudioSourceCodeAccess
LogPluginManager: Mounting plugin XCodeSourceCodeAccess
LogPluginManager: Mounting plugin AssetManagerEditor
LogPluginManager: Mounting plugin CryptoKeys
LogPluginManager: Mounting plugin DataValidation
LogPluginManager: Mounting plugin FacialAnimation
LogPluginManager: Mounting plugin GameplayTagsEditor
LogPluginManager: Mounting plugin MacGraphicsSwitching
LogPluginManager: Mounting plugin MeshEditor
LogPluginManager: Mounting plugin MobileLauncherProfileWizard
LogPluginManager: Mounting plugin PluginBrowser
LogPluginManager: Mounting plugin SpeedTreeImporter
LogPluginManager: Mounting plugin DatasmithContent
LogPluginManager: Mounting plugin AlembicImporter
LogPluginManager: Mounting plugin AppleImageUtils
LogPluginManager: Mounting plugin AppleVision
LogPluginManager: Mounting plugin BackChannel
LogPluginManager: Mounting plugin CharacterAI
LogPluginManager: Mounting plugin GeometryCache
LogPluginManager: Mounting plugin HTML5Networking
LogPluginManager: Mounting plugin ProxyLODPlugin
LogPluginManager: Mounting plugin MagicLeap
LogPluginManager: Mounting plugin MagicLeapEmulator
LogPluginManager: Mounting plugin MagicLeapMedia
LogPluginManager: Mounting plugin AndroidMedia
LogPluginManager: Mounting plugin AvfMedia
LogPluginManager: Mounting plugin ImgMedia
LogPluginManager: Mounting plugin LinearTimecode
LogPluginManager: Mounting plugin MediaCompositing
LogPluginManager: Mounting plugin MediaPlayerEditor
LogPluginManager: Mounting plugin WmfMedia
LogPluginManager: Mounting plugin TcpMessaging
LogPluginManager: Mounting plugin UdpMessaging
LogPluginManager: Mounting plugin ActorSequence
LogPluginManager: Mounting plugin LevelSequenceEditor
LogPluginManager: Mounting plugin MatineeToLevelSequence
LogPluginManager: Mounting plugin NetcodeUnitTest
LogPluginManager: Mounting plugin NUTUnrealEngine4
LogPluginManager: Mounting plugin OnlineSubsystemGooglePlay
LogPluginManager: Mounting plugin OnlineSubsystemIOS
LogPluginManager: Mounting plugin OnlineSubsystem
LogPluginManager: Mounting plugin OnlineSubsystemNull
LogPluginManager: Mounting plugin OnlineSubsystemUtils
LogPluginManager: Mounting plugin LauncherChunkInstaller
LogPluginManager: Mounting plugin AndroidDeviceProfileSelector
LogPluginManager: Mounting plugin AndroidMoviePlayer
LogPluginManager: Mounting plugin AndroidPermission
LogPluginManager: Mounting plugin AppleMoviePlayer
LogPluginManager: Mounting plugin ArchVisCharacter
LogPluginManager: Mounting plugin AudioCapture
LogPluginManager: Mounting plugin CableComponent
LogPluginManager: Mounting plugin CustomMeshComponent
LogPluginManager: Mounting plugin EditableMesh
LogPluginManager: Mounting plugin ExampleDeviceProfileSelector
LogPluginManager: Mounting plugin GoogleCloudMessaging
LogPluginManager: Mounting plugin ImmediatePhysics
LogPluginManager: Mounting plugin IOSDeviceProfileSelector
LogPluginManager: Mounting plugin LinuxDeviceProfileSelector
LogPluginManager: Mounting plugin LocationServicesBPLibrary
LogPluginManager: Mounting plugin MobilePatchingUtils
LogPluginManager: Mounting plugin OculusVR
LogPluginManager: Plugin shader directory ../../../Engine/Plugins/Runtime/Oculus/OculusVR/Shaders found
LogPluginManager: Mapping shader source directory ../../../Engine/Plugins/Runtime/Oculus/OculusVR/Shaders to virtual directory /Plugin/OculusVR
LogPluginManager: Mounting plugin PhysXVehicles
LogPluginManager: Mounting plugin ProceduralMeshComponent
LogPluginManager: Mounting plugin RuntimePhysXCooking
LogPluginManager: Mounting plugin SteamVR
LogPluginManager: Mounting plugin WindowsMoviePlayer
LogStreaming: Display: Took  0.282s to configure plugins.
LogInit: Using libcurl 7.55.1-DEV
LogInit:  - built for x86_64-pc-win32
LogInit:  - supports SSL with OpenSSL/1.0.2h
LogInit:  - supports HTTP deflate (compression) using libz 1.2.8
LogInit:  - other features:
LogInit:      CURL_VERSION_SSL
LogInit:      CURL_VERSION_LIBZ
LogInit:      CURL_VERSION_IPV6
LogInit:      CURL_VERSION_ASYNCHDNS
LogInit:      CURL_VERSION_LARGEFILE
LogInit:      CURL_VERSION_IDN
LogInit:  CurlRequestOptions (configurable via config and command line):
LogInit:  - bVerifyPeer = false  - Libcurl will NOT verify peer certificate
LogInit:  - bUseHttpProxy = false  - Libcurl will NOT use HTTP proxy
LogInit:  - bDontReuseConnections = false  - Libcurl will reuse connections
LogInit:  - CertBundlePath = nullptr  - Libcurl will use whatever was configured at build time.
LogInit:  - MaxHostConnections = 16  - Libcurl will limit the number of connections to a host
LogInit:  - LocalHostAddr = Default
LogInit:  - BufferSize = 65536
LogInit: WinSock: version 1.1 (2.2), MaxSocks=32767, MaxUdp=65467
LogInit: Build: ++UE4+Release-4.20-CL-4369336
LogInit: Engine Version: 4.20.3-4369336+++UE4+Release-4.20
LogInit: Compatible Engine Version: 4.20.0-4212847+++UE4+Release-4.20
LogInit: Net CL: 4212847
LogInit: OS: Windows 10 (), CPU: Intel(R) Core(TM) i5-6600K CPU @ 3.50GHz, GPU: NVIDIA GeForce GTX 1060 6GB
LogInit: Compiled (64-bit): Sep 17 2018 12:26:19
LogInit: Compiled with Visual C++: 19.13.26129.00
LogInit: Build Configuration: Development
LogInit: Branch Name: ++UE4+Release-4.20
LogInit: Command Line:  -skipcompile
LogInit: Base Directory: F:/Program Files (x86)/Epic Games/UE_4.20/Engine/Binaries/Win64/
LogInit: Installed Engine Build: 1
LogDevObjectVersion: Number of dev versions registered: 20
LogDevObjectVersion:   Dev-Blueprints (B0D832E4-1F89-4F0D-ACCF-7EB736FD4AA2): 10
LogDevObjectVersion:   Dev-Build (E1C64328-A22C-4D53-A36C-8E866417BD8C): 0
LogDevObjectVersion:   Dev-Core (375EC13C-06E4-48FB-B500-84F0262A717E): 2
LogDevObjectVersion:   Dev-Editor (E4B068ED-F494-42E9-A231-DA0B2E46BB41): 24
LogDevObjectVersion:   Dev-Framework (CFFC743F-43B0-4480-9391-14DF171D2073): 34
LogDevObjectVersion:   Dev-Mobile (B02B49B5-BB20-44E9-A304-32B752E40360): 2
LogDevObjectVersion:   Dev-Networking (A4E4105C-59A1-49B5-A7C5-40C4547EDFEE): 0
LogDevObjectVersion:   Dev-Online (39C831C9-5AE6-47DC-9A44-9C173E1C8E7C): 0
LogDevObjectVersion:   Dev-Physics (78F01B33-EBEA-4F98-B9B4-84EACCB95AA2): 0
LogDevObjectVersion:   Dev-Platform (6631380F-2D4D-43E0-8009-CF276956A95A): 0
LogDevObjectVersion:   Dev-Rendering (12F88B9F-8875-4AFC-A67C-D90C383ABD29): 26
LogDevObjectVersion:   Dev-Sequencer (7B5AE74C-D270-4C10-A958-57980B212A5A): 9
LogDevObjectVersion:   Dev-VR (D7296918-1DD6-4BDD-9DE2-64A83CC13884): 2
LogDevObjectVersion:   Dev-LoadTimes (C2A15278-BFE7-4AFE-6C17-90FF531DF755): 1
LogDevObjectVersion:   Private-Geometry (6EACA3D4-40EC-4CC1-B786-8BED09428FC5): 3
LogDevObjectVersion:   Dev-AnimPhys (29E575DD-E0A3-4627-9D10-D276232CDCEA): 17
LogDevObjectVersion:   Dev-ReflectionCapture (6B266CEC-1EC7-4B8F-A30B-E4D90942FC07): 1
LogDevObjectVersion:   Dev-Automation (0DF73D61-A23F-47EA-B727-89E90C41499A): 1
LogDevObjectVersion:   FortniteMain (601D1886-AC64-4F84-AA16-D3DE0DEAC7D6): 12
LogDevObjectVersion:   Dev-Enterprise (9DFFBCD6-494F-0158-E221-12823C92A888): 1
LogStreaming: Display: Took  0.001s to delete old logs.
LogInit: Presizing for max 8388607 objects, including 0 objects not considered by GC, pre-allocating 0 bytes for permanent pool.
LogInit: Object subsystem initialized
[2019.02.26-19.54.41:935][  0]LogInit: Selected Device Profile: [Windows]
[2019.02.26-19.54.41:936][  0]LogInit: Applying CVar settings loaded from the selected device profile: [Windows]
[2019.02.26-19.54.41:947][  0]LogHAL: Display: Platform has ~ 16 GB [17136545792 / 17179869184 / 16], which maps to Larger [LargestMinGB=32, LargerMinGB=12, DefaultMinGB=8, SmallerMinGB=6, SmallestMinGB=0)
[2019.02.26-19.54.41:948][  0]LogInit: Setting Device Profile CVar: [[r.Vulkan.UseRealUBs:1]]
[2019.02.26-19.54.41:948][  0]LogInit: Going up to parent DeviceProfile []
[2019.02.26-19.54.41:948][  0]LogInit: Computer: RENZY-GAMING
[2019.02.26-19.54.41:948][  0]LogInit: User: Renzy
[2019.02.26-19.54.41:948][  0]LogInit: CPU Page size=4096, Cores=4
[2019.02.26-19.54.41:948][  0]LogInit: High frequency timer resolution =3.421871 MHz
[2019.02.26-19.54.41:948][  0]LogMemory: Memory total: Physical=16.0GB (16GB approx)
[2019.02.26-19.54.41:948][  0]LogMemory: Platform Memory Stats for Windows
[2019.02.26-19.54.41:949][  0]LogMemory: Process Physical Memory: 101.61 MB used, 101.61 MB peak
[2019.02.26-19.54.41:949][  0]LogMemory: Process Virtual Memory: 84.44 MB used, 84.44 MB peak
[2019.02.26-19.54.41:949][  0]LogMemory: Physical Memory: 7854.87 MB used,  8487.81 MB free, 16342.68 MB total
[2019.02.26-19.54.41:950][  0]LogMemory: Virtual Memory: 4625.35 MB used,  8487.81 MB free, 134217728.00 MB total
[2019.02.26-19.54.42:638][  0]LogInit: Using OS detected language (en-US).
[2019.02.26-19.54.42:638][  0]LogInit: Using OS detected locale (en-CA).
[2019.02.26-19.54.42:639][  0]LogTextLocalizationManager: No specific localization for 'en-US' exists, so the 'en' localization will be used.
[2019.02.26-19.54.42:975][  0]LogStreaming: Display: Took  0.336s to InitEngineTextLocalization.
[2019.02.26-19.54.42:976][  0]LogInit: Setting process to per monitor DPI aware
[2019.02.26-19.54.43:057][  0]LogSlate: New Slate User Created.  User Index 0, Is Virtual User: 0
[2019.02.26-19.54.43:057][  0]LogSlate: Slate User Registered.  User Index 0, Is Virtual User: 0
[2019.02.26-19.54.43:321][  0]LogHMD: Failed to initialize OpenVR with code 110
[2019.02.26-19.54.43:322][  0]LogD3D11RHI: D3D11 adapters:
[2019.02.26-19.54.43:395][  0]LogD3D11RHI:    0. 'NVIDIA GeForce GTX 1060 6GB' (Feature Level 11_0)
[2019.02.26-19.54.43:395][  0]LogD3D11RHI:       6052/0/8171 MB DedicatedVideo/DedicatedSystem/SharedSystem, Outputs:2, VendorId:0x10de
[2019.02.26-19.54.43:405][  0]LogD3D11RHI:    1. 'Microsoft Basic Render Driver' (Feature Level 11_0)
[2019.02.26-19.54.43:405][  0]LogD3D11RHI:       0/0/8171 MB DedicatedVideo/DedicatedSystem/SharedSystem, Outputs:0, VendorId:0x1414
[2019.02.26-19.54.43:405][  0]LogD3D11RHI: Chosen D3D11 Adapter: 0
[2019.02.26-19.54.43:412][  0]LogD3D11RHI: Creating new Direct3DDevice
[2019.02.26-19.54.43:412][  0]LogD3D11RHI:     GPU DeviceId: 0x1c03 (for the marketing name, search the web for "GPU Device Id")
[2019.02.26-19.54.43:412][  0]LogWindows: EnumDisplayDevices:
[2019.02.26-19.54.43:413][  0]LogWindows:    0. 'NVIDIA GeForce GTX 1060 6GB' (P:1 D:1)
[2019.02.26-19.54.43:413][  0]LogWindows:    1. 'NVIDIA GeForce GTX 1060 6GB' (P:0 D:1)
[2019.02.26-19.54.43:413][  0]LogWindows:    2. 'NVIDIA GeForce GTX 1060 6GB' (P:0 D:0)
[2019.02.26-19.54.43:413][  0]LogWindows:    3. 'NVIDIA GeForce GTX 1060 6GB' (P:0 D:0)
[2019.02.26-19.54.43:413][  0]LogWindows: DebugString: FoundDriverCount:4 
[2019.02.26-19.54.43:414][  0]LogD3D11RHI:     Adapter Name: NVIDIA GeForce GTX 1060 6GB
[2019.02.26-19.54.43:414][  0]LogD3D11RHI:   Driver Version: 418.81 (internal:25.21.14.1881, unified:418.81)
[2019.02.26-19.54.43:414][  0]LogD3D11RHI:      Driver Date: 1-30-2019
[2019.02.26-19.54.43:414][  0]LogRHI: Texture pool is 4236 MB (70% of 6052 MB)
[2019.02.26-19.54.43:450][  0]LogD3D11RHI: Async texture creation enabled
[2019.02.26-19.54.43:473][  0]LogD3D11RHI: GPU Timing Frequency: 1000.000000 (Debug: 2 1)
[2019.02.26-19.54.43:564][  0]LogShaderCompilers: Guid format shader working directory is -64 characters bigger than the processId version (../../../../../../Renzy/Documents/Algonquin/Term 4/GAM1528 - High Level Development 2/Assignments/GOOB-master/Intermediate/Shaders/WorkingDirectory/10280/).
[2019.02.26-19.54.43:564][  0]LogShaderCompilers: Cleaned the shader compiler working directory 'C:/Users/Renzy/AppData/Local/Temp/UnrealShaderWorkingDir/D0DCB93842C00A139235338A6BFDE2D6/'.
[2019.02.26-19.54.43:838][  0]LogTemp: Display: Loaded TP AllDesktopTargetPlatform
[2019.02.26-19.54.43:868][  0]LogTemp: Display: Loaded TP MacClientTargetPlatform
[2019.02.26-19.54.43:897][  0]LogTemp: Display: Loaded TP MacNoEditorTargetPlatform
[2019.02.26-19.54.43:937][  0]LogTemp: Display: Loaded TP MacServerTargetPlatform
[2019.02.26-19.54.43:962][  0]LogTemp: Display: Loaded TP MacTargetPlatform
[2019.02.26-19.54.43:987][  0]LogTemp: Display: Loaded TP WindowsClientTargetPlatform
[2019.02.26-19.54.44:007][  0]LogTemp: Display: Loaded TP WindowsNoEditorTargetPlatform
[2019.02.26-19.54.44:036][  0]LogTemp: Display: Loaded TP WindowsServerTargetPlatform
[2019.02.26-19.54.44:057][  0]LogTemp: Display: Loaded TP WindowsTargetPlatform
[2019.02.26-19.54.44:133][  0]LogTemp: Display: Loaded TP AndroidTargetPlatform
[2019.02.26-19.54.44:133][  0]LogTemp: Display: Loaded TP AndroidTargetPlatform
[2019.02.26-19.54.44:133][  0]LogTemp: Display: Loaded TP AndroidTargetPlatform
[2019.02.26-19.54.44:133][  0]LogTemp: Display: Loaded TP AndroidTargetPlatform
[2019.02.26-19.54.44:133][  0]LogTemp: Display: Loaded TP AndroidTargetPlatform
[2019.02.26-19.54.44:133][  0]LogTemp: Display: Loaded TP AndroidTargetPlatform
[2019.02.26-19.54.44:133][  0]LogTemp: Display: Loaded TP AndroidTargetPlatform
[2019.02.26-19.54.44:133][  0]LogTemp: Display: Loaded TP AndroidTargetPlatform
[2019.02.26-19.54.44:133][  0]LogTemp: Display: Loaded TP AndroidTargetPlatform
[2019.02.26-19.54.44:133][  0]LogTemp: Display: Loaded TP AndroidTargetPlatform
[2019.02.26-19.54.44:133][  0]LogTemp: Display: Loaded TP AndroidTargetPlatform
[2019.02.26-19.54.44:133][  0]LogTemp: Display: Loaded TP AndroidTargetPlatform
[2019.02.26-19.54.44:133][  0]LogTemp: Display: Loaded TP AndroidTargetPlatform
[2019.02.26-19.54.44:133][  0]LogTemp: Display: Loaded TP AndroidTargetPlatform
[2019.02.26-19.54.44:133][  0]LogTemp: Display: Loaded TP AndroidTargetPlatform
[2019.02.26-19.54.44:134][  0]LogTemp: Display: Loaded TP AndroidTargetPlatform
[2019.02.26-19.54.44:134][  0]LogTemp: Display: Loaded TP AndroidTargetPlatform
[2019.02.26-19.54.44:134][  0]LogTemp: Display: Loaded TP AndroidTargetPlatform
[2019.02.26-19.54.44:154][  0]LogTemp: Display: Loaded TP HTML5TargetPlatform
[2019.02.26-19.54.44:302][  0]LogTemp: Display: Loaded TP IOSTargetPlatform
[2019.02.26-19.54.44:302][  0]LogTemp: Display: Loaded TP IOSTargetPlatform
[2019.02.26-19.54.44:343][  0]LogTemp: Display: Loaded TP TVOSTargetPlatform
[2019.02.26-19.54.44:343][  0]LogTemp: Display: Loaded TP TVOSTargetPlatform
[2019.02.26-19.54.44:366][  0]LogTemp: Display: Loaded TP LinuxClientTargetPlatform
[2019.02.26-19.54.44:394][  0]LogTemp: Display: Loaded TP LinuxNoEditorTargetPlatform
[2019.02.26-19.54.44:406][  0]LogTemp: Display: Loaded TP LinuxServerTargetPlatform
[2019.02.26-19.54.44:431][  0]LogTemp: Display: Loaded TP LinuxTargetPlatform
[2019.02.26-19.54.44:462][  0]LogTemp: Display: Loaded TP LuminTargetPlatform
[2019.02.26-19.54.44:463][  0]LogTargetPlatformManager: Display: Building Assets For Windows
[2019.02.26-19.54.44:918][  0]LogXGEController: Cleaning working directory: C:/Users/Renzy/AppData/Local/Temp/UnrealXGEWorkingDir/
[2019.02.26-19.54.44:918][  0]LogXGEController: Cannot use XGE Controller as Incredibuild is not installed on this machine.
[2019.02.26-19.54.44:918][  0]LogShaderCompilers: Cannot use XGE Shader Compiler as Incredibuild is not installed on this machine.
[2019.02.26-19.54.44:918][  0]LogShaderCompilers: Display: Using Local Shader Compiler.
[2019.02.26-19.54.45:481][  0]LogDerivedDataCache: Display: Max Cache Size: 512 MB
[2019.02.26-19.54.45:539][  0]LogDerivedDataCache: Loaded boot cache 0.06s 71MB C:/Users/Renzy/AppData/Local/UnrealEngine/4.20/DerivedDataCache/Boot.ddc.
[2019.02.26-19.54.45:539][  0]LogDerivedDataCache: Display: Loaded Boot cache: C:/Users/Renzy/AppData/Local/UnrealEngine/4.20/DerivedDataCache/Boot.ddc
[2019.02.26-19.54.45:539][  0]LogDerivedDataCache: FDerivedDataBackendGraph:  Pak pak cache file ../../../../../../Renzy/Documents/Algonquin/Term 4/GAM1528 - High Level Development 2/Assignments/GOOB-master/DerivedDataCache/DDC.ddp not found, will not use a pak cache.
[2019.02.26-19.54.45:539][  0]LogDerivedDataCache: Unable to find inner node Pak for hierarchical cache Hierarchy.
[2019.02.26-19.54.45:539][  0]LogDerivedDataCache: FDerivedDataBackendGraph:  CompressedPak pak cache file ../../../../../../Renzy/Documents/Algonquin/Term 4/GAM1528 - High Level Development 2/Assignments/GOOB-master/DerivedDataCache/Compressed.ddp not found, will not use a pak cache.
[2019.02.26-19.54.45:539][  0]LogDerivedDataCache: Unable to find inner node CompressedPak for hierarchical cache Hierarchy.
[2019.02.26-19.54.45:550][  0]LogDerivedDataCache: Display: Pak cache opened for reading ../../../Engine/DerivedDataCache/Compressed.ddp.
[2019.02.26-19.54.45:562][  0]LogDerivedDataCache: Using Local data cache path C:/Users/Renzy/AppData/Local/UnrealEngine/Common/DerivedDataCache: Writable
[2019.02.26-19.54.45:562][  0]LogDerivedDataCache: Shared data cache path not found in *engine.ini, will not use an Shared cache.
[2019.02.26-19.54.45:562][  0]LogDerivedDataCache: Unable to find inner node Shared for hierarchical cache Hierarchy.
[2019.02.26-19.54.45:576][  0]LogMaterial: Verifying Global Shaders for PCD3D_SM5
[2019.02.26-19.54.45:577][  0]LogSlate: Using FreeType 2.6.0
[2019.02.26-19.54.45:578][  0]LogSlate: SlateFontServices - WITH_FREETYPE: 1, WITH_HARFBUZZ: 1
[2019.02.26-19.54.45:651][  0]LogAssetRegistry: FAssetRegistry took 0.0267 seconds to start up
[2019.02.26-19.54.45:883][  0]LogInit: Selected Device Profile: [Windows]
[2019.02.26-19.54.46:254][  0]LogSimplygon: Simplygon DLL not present - disabling.
[2019.02.26-19.54.46:311][  0]LogMeshReduction: Using SimplygonSwarm for distributed automatic mesh merging
[2019.02.26-19.54.46:312][  0]LogMeshReduction: Using ProxyLODMeshReduction for automatic mesh merging
[2019.02.26-19.54.46:312][  0]LogMeshReduction: Using QuadricMeshReduction for automatic static mesh reduction
[2019.02.26-19.54.46:312][  0]LogMeshReduction: No automatic skeletal mesh reduction module available
[2019.02.26-19.54.46:333][  0]LogNetVersion: Terminus_22XX 1.0.0, NetCL: 4212847, EngineNetVer: 5, GameNetVer: 0 (Checksum: 1011408813)
[2019.02.26-19.54.46:819][  0]LogPackageLocalizationCache: Processed 11 localized package path(s) for 2 prioritized culture(s) in 0.109952 seconds
[2019.02.26-19.54.46:825][  0]LogUObjectArray: 38425 objects as part of root set at end of initial load.
[2019.02.26-19.54.46:825][  0]LogUObjectAllocator: 6690872 out of 0 bytes used by permanent object pool.
[2019.02.26-19.54.46:825][  0]LogUObjectArray: CloseDisregardForGC: 0/0 objects in disregard for GC pool
[2019.02.26-19.54.49:070][  0]LogTcpMessaging: Initializing TcpMessaging bridge
[2019.02.26-19.54.49:110][  0]LogUdpMessaging: Initializing bridge on interface 0.0.0.0:0 to multicast group 230.0.0.1:6666.
[2019.02.26-19.54.49:712][  0]SourceControl: Source control is disabled
[2019.02.26-19.54.49:712][  0]SourceControl: Source control is disabled
[2019.02.26-19.54.49:746][  0]SourceControl: Source control is disabled
[2019.02.26-19.54.49:778][  0]SourceControl: Source control is disabled
[2019.02.26-19.54.50:856][  0]LogAndroidPermission: UAndroidPermissionCallbackProxy::GetInstance
[2019.02.26-19.54.51:102][  0]LogOcInput: OculusInput pre-init called
[2019.02.26-19.54.51:284][  0]LogEngine: Initializing Engine...
[2019.02.26-19.54.51:284][  0]LogHMD: Failed to initialize OpenVR with code 110
[2019.02.26-19.54.51:286][  0]LogStats: UGameplayTagsManager::ConstructGameplayTagTree: ImportINI prefixes -  0.000 s
[2019.02.26-19.54.51:286][  0]LogStats: UGameplayTagsManager::ConstructGameplayTagTree: Construct from data asset -  0.000 s
[2019.02.26-19.54.51:286][  0]LogStats: UGameplayTagsManager::ConstructGameplayTagTree: ImportINI -  0.000 s
[2019.02.26-19.54.51:286][  0]LogStats: UGameplayTagsManager::ConstructGameplayTagTree: GameplayTagTreeChangedEvent.Broadcast -  0.000 s
[2019.02.26-19.54.51:445][  0]LogInit: Initializing FReadOnlyCVARCache
[2019.02.26-19.54.51:484][  0]LogAIModule: Creating AISystem for world Untitled
[2019.02.26-19.54.51:554][  0]LogInit: XAudio2 using 'VG248 (NVIDIA High Definition Audio)' : 2 channels at 48 kHz using 16 bits per sample (channel mask 0x3)
[2019.02.26-19.54.51:571][  0]LogInit: FAudioDevice initialized.
[2019.02.26-19.54.51:571][  0]LogNetVersion: Set ProjectVersion to 1.0.0.0. Version Checksum will be recalculated on next use.
[2019.02.26-19.54.51:635][  0]LogDerivedDataCache: Saved boot cache 0.06s 71MB C:/Users/Renzy/AppData/Local/UnrealEngine/4.20/DerivedDataCache/Boot.ddc.
[2019.02.26-19.54.51:644][  0]LogInit: Texture streaming: Enabled
[2019.02.26-19.54.52:217][  0]LogEngineSessionManager: EngineSessionManager initialized
[2019.02.26-19.54.52:268][  0]LogInit: Transaction tracking system initialized
[2019.02.26-19.54.52:515][  0]BlueprintLog: New page: Editor Load
[2019.02.26-19.54.53:324][  0]LocalizationService: Localization service is disabled
[2019.02.26-19.54.54:214][  0]LogCook: Display: Max memory allowance for cook 16384mb min free memory 0mb
[2019.02.26-19.54.54:214][  0]LogCook: Display: Mobile HDR setting 1
[2019.02.26-19.54.54:214][  0]LogGameplayTags: Display: UGameplayTagsManager::DoneAddingNativeTags. DelegateIsBound: 0
[2019.02.26-19.54.54:214][  0]LogStats: UGameplayTagsManager::ConstructGameplayTagTree: ImportINI prefixes -  0.000 s
[2019.02.26-19.54.54:214][  0]LogStats: UGameplayTagsManager::ConstructGameplayTagTree: Construct from data asset -  0.000 s
[2019.02.26-19.54.54:215][  0]LogStats: UGameplayTagsManager::ConstructGameplayTagTree: ImportINI -  0.000 s
[2019.02.26-19.54.54:215][  0]LogStats: UGameplayTagsManager::ConstructGameplayTagTree: GameplayTagTreeChangedEvent.Broadcast -  0.000 s
[2019.02.26-19.54.54:516][  0]LogFileCache: Scanning file cache for directory 'F:/Renzy/Documents/Algonquin/Term 4/GAM1528 - High Level Development 2/Assignments/GOOB-master/Content/' took 0.02s
[2019.02.26-19.54.55:147][  0]SourceControl: Source control is disabled
[2019.02.26-19.54.55:147][  0]Cmd: MAP LOAD FILE="../../../../../../Renzy/Documents/Algonquin/Term 4/GAM1528 - High Level Development 2/Assignments/GOOB-master/Content/Levels/Test_Level.umap" TEMPLATE=0 SHOWPROGRESS=1 FEATURELEVEL=3
[2019.02.26-19.54.55:147][  0]LightingResults: New page: Lighting Build
[2019.02.26-19.54.55:149][  0]MapCheck: New page: Map Check
[2019.02.26-19.54.55:149][  0]LightingResults: New page: Lighting Build
[2019.02.26-19.54.55:236][  0]LogAIModule: Creating AISystem for world Test_Level
[2019.02.26-19.54.55:274][  0]PIE: Warning: AttachTo: '/Game/Levels/Test_Level.Test_Level:PersistentLevel.TestT22XX_Railgun_2.Gun Mesh' root component cannot be attached to other components in the same actor. Aborting.
[2019.02.26-19.54.55:274][  0]PIE: Warning: AttachTo: '/Game/Levels/Test_Level.Test_Level:PersistentLevel.TestT22XX_Vampyr_3.Gun Mesh' root component cannot be attached to other components in the same actor. Aborting.
[2019.02.26-19.54.55:275][  0]LogEditorServer: Finished looking for orphan Actors (0.000 secs)
[2019.02.26-19.54.55:294][  0]Cmd: MAP CHECKDEP NOCLEARLOG
[2019.02.26-19.54.55:350][  0]MapCheck: Map check complete: 0 Error(s), 0 Warning(s), took 54.043ms to complete.
[2019.02.26-19.54.55:350][  0]LogFileHelpers: Loading map 'Test_Level' took 0.203
[2019.02.26-19.54.55:479][  0]LogSlate: Updating window title bar state: overlay mode, drag disabled, window buttons hidden, title bar hidden
[2019.02.26-19.54.55:485][  0]LogSlate: Updating window title bar state: overlay mode, drag disabled, window buttons hidden, title bar hidden
[2019.02.26-19.54.55:491][  0]LogSlate: Updating window title bar state: overlay mode, drag disabled, window buttons hidden, title bar hidden
[2019.02.26-19.54.55:497][  0]LogSlate: Updating window title bar state: overlay mode, drag disabled, window buttons hidden, title bar hidden
[2019.02.26-19.54.55:536][  0]LogCollectionManager: Loaded 0 collections in 0.000999 seconds
[2019.02.26-19.54.55:586][  0]LogFileCache: Scanning file cache for directory 'F:/Renzy/Documents/Algonquin/Term 4/GAM1528 - High Level Development 2/Assignments/GOOB-master/Saved/Collections/' took 0.01s
[2019.02.26-19.54.55:587][  0]LogFileCache: Scanning file cache for directory 'F:/Renzy/Documents/Algonquin/Term 4/GAM1528 - High Level Development 2/Assignments/GOOB-master/Content/Developers/Renzy/Collections/' took 0.01s
[2019.02.26-19.54.55:587][  0]LogFileCache: Scanning file cache for directory 'F:/Renzy/Documents/Algonquin/Term 4/GAM1528 - High Level Development 2/Assignments/GOOB-master/Content/Collections/' took 0.01s
[2019.02.26-19.54.55:587][  0]LogCollectionManager: Rebuilt the GUID cache for 0 collections in 0.000000 seconds
[2019.02.26-19.54.55:595][  0]LogContentBrowser: Native class hierarchy populated in 0.0078 seconds. Added 2594 classes and 608 folders.
[2019.02.26-19.54.55:600][  0]LogContentBrowser: Native class hierarchy updated for 'WidgetCarousel' in 0.0004 seconds. Added 0 classes and 0 folders.
[2019.02.26-19.54.55:656][  0]LogContentBrowser: Native class hierarchy updated for 'AddContentDialog' in 0.0004 seconds. Added 0 classes and 0 folders.
[2019.02.26-19.54.55:688][  0]LogContentBrowser: Native class hierarchy updated for 'SceneOutliner' in 0.0005 seconds. Added 1 classes and 2 folders.
[2019.02.26-19.54.55:740][  0]LogSlate: Took 0.000191 seconds to synchronously load lazily loaded font '../../../Engine/Content/Slate/Fonts/Roboto-Regular.ttf' (155K)
[2019.02.26-19.54.55:743][  0]LogSlate: Took 0.000225 seconds to synchronously load lazily loaded font '../../../Engine/Content/Slate/Fonts/Roboto-Bold.ttf' (160K)
[2019.02.26-19.54.55:747][  0]LogSlate: Took 0.000250 seconds to synchronously load lazily loaded font '../../../Engine/Content/Editor/Slate/Fonts/FontAwesome.ttf' (139K)
[2019.02.26-19.54.55:804][  0]LogRenderer: Reallocating scene render targets to support 1208x576 Format 10 NumSamples 1 (Frame:1).
[2019.02.26-19.54.55:958][  0]LogContentBrowser: Native class hierarchy updated for 'HierarchicalLODOutliner' in 0.0005 seconds. Added 0 classes and 0 folders.
[2019.02.26-19.54.55:958][  0]LogLoad: (Engine Initialization) Total time: 16.95 seconds
[2019.02.26-19.54.55:958][  0]LogLoad: (Engine Initialization) Total Blueprint compile time: 0.00 seconds
[2019.02.26-19.54.55:968][  0]LogWindowsTextInputMethodSystem: Display: IME system now deactivated.
[2019.02.26-19.54.56:020][  0]LogContentStreaming: Texture pool size now 1000 MB
[2019.02.26-19.54.56:047][  0]LogSlate: Took 0.000168 seconds to synchronously load lazily loaded font '../../../Engine/Content/Slate/Fonts/Roboto-Light.ttf' (167K)
[2019.02.26-19.55.03:339][767]LogSlate: FSceneViewport::OnFocusLost() reason 0
[2019.02.26-19.55.05:725][ 53]LogCollectionManager: Rebuilt the object cache for 0 collections in 0.000000 seconds (found 0 objects)
[2019.02.26-19.55.10:076][509]LogSlate: Took 0.000269 seconds to synchronously load lazily loaded font '../../../Engine/Content/Slate/Fonts/Roboto-Light.ttf' (167K)
[2019.02.26-19.55.10:147][509]LogSlate: Took 0.000282 seconds to synchronously load lazily loaded font '../../../Engine/Content/Slate/Fonts/Roboto-BoldCondensed.ttf' (158K)
[2019.02.26-19.55.21:570][810]LogAssetEditorManager: Opening Asset editor for Blueprint /Game/Blueprints/ProgrammingBlueprints/TestBoxShield.TestBoxShield
[2019.02.26-19.55.23:377][810]LogContentBrowser: Native class hierarchy updated for 'BlueprintGraph' in 0.0022 seconds. Added 116 classes and 0 folders.
[2019.02.26-19.55.26:445][810]LogSlate: Window 'Add Blueprint Class' being destroyed
[2019.02.26-19.55.26:461][810]LogAssetRegistry: Asset discovery search completed in 40.8333 seconds
[2019.02.26-19.55.26:463][810]LogCollectionManager: Fixed up redirectors for 0 collections in 0.000006 seconds (updated 0 objects)
[2019.02.26-19.55.29:039][991]LogRenderer: Reallocating scene render targets to support 1208x712 Format 10 NumSamples 1 (Frame:183).
[2019.02.26-19.55.29:515][ 40]LogSlate: Took 0.021086 seconds to synchronously load lazily loaded font '../../../Engine/Content/Slate/Fonts/Roboto-Italic.ttf' (157K)
[2019.02.26-19.55.52:511][731]LogPhysics: Warning: Initialising Body : Scale3D is (nearly) zero: Component: '/Engine/Transient.World_7:PersistentLevel.TestBoxShield_C_0.Shield.Hitbox' 
[2019.02.26-19.55.52:511][731]LogPhysics: Warning: Initialising Body : Scale3D is (nearly) zero: Component: '/Engine/Transient.World_7:PersistentLevel.TestBoxShield_C_0.Shield.Hitbox' 
[2019.02.26-19.55.52:517][731]LogPhysics: Warning: Initialising Body : Scale3D is (nearly) zero: Component: '/Engine/Transient.World_7:PersistentLevel.TestBoxShield_C_0.Shield.Hitbox' 
[2019.02.26-19.56.54:486][921]BlueprintLog: New page: Compile TestBoxShield
[2019.02.26-19.56.54:942][921]LogSavePackage: Moving '../../../../../../Renzy/Documents/Algonquin/Term 4/GAM1528 - High Level Development 2/Assignments/GOOB-master/Saved/TestBoxShield25562A974D10084A6A42FC85609B8BB0.tmp' to '../../../../../../Renzy/Documents/Algonquin/Term 4/GAM1528 - High Level Development 2/Assignments/GOOB-master/Content/Blueprints/ProgrammingBlueprints/TestBoxShield.uasset'
[2019.02.26-19.57.05:363][ 40]Cmd: DELETE
[2019.02.26-19.57.05:363][ 40]Cmd: ACTOR DELETE
[2019.02.26-19.57.05:599][ 40]LogEditorActor: Deleted Actor: TestBoxShield_C
[2019.02.26-19.57.05:636][ 40]LogEditorActor: Deleted 1 Actors (0.075 secs)
[2019.02.26-19.57.07:576][271]LogSlate: FSceneViewport::OnFocusLost() reason 0
[2019.02.26-19.57.15:785][223]LogSlate: FSceneViewport::OnFocusLost() reason 0
[2019.02.26-19.57.17:178][389]LogSlate: FSceneViewport::OnFocusLost() reason 0
[2019.02.26-19.57.17:253][398]LogTemp: Repeating last play command: Selected Viewport
[2019.02.26-19.57.17:313][398]LogPlayLevel: PlayLevel: No blueprints needed recompiling
[2019.02.26-19.57.17:351][398]PIE: New page: PIE session: Test_Level (Feb 26, 2019, 9:57:17 AM)
[2019.02.26-19.57.17:351][398]LogPlayLevel: Creating play world package: /Game/Levels/UEDPIE_0_Test_Level
[2019.02.26-19.57.17:411][398]LogPlayLevel: PIE: StaticDuplicateObject took: (0.059750s)
[2019.02.26-19.57.17:412][398]LogAIModule: Creating AISystem for world Test_Level
[2019.02.26-19.57.17:412][398]LogPlayLevel: PIE: World Init took: (0.000768s)
[2019.02.26-19.57.17:412][398]LogPlayLevel: PIE: Created PIE world by copying editor world from /Game/Levels/Test_Level.Test_Level to /Game/Levels/UEDPIE_0_Test_Level.Test_Level (0.060792s)
[2019.02.26-19.57.17:458][398]LogInit: XAudio2 using 'VG248 (NVIDIA High Definition Audio)' : 2 channels at 48 kHz using 16 bits per sample (channel mask 0x3)
[2019.02.26-19.57.17:467][398]LogInit: FAudioDevice initialized.
[2019.02.26-19.57.17:757][398]LogLoad: Game class is 'Test_Terminus_22XXGameModeBase_C'
[2019.02.26-19.57.17:800][398]LogWorld: Bringing World /Game/Levels/UEDPIE_0_Test_Level.Test_Level up for play (max tick rate 0) at 2019.02.26-14.57.17
[2019.02.26-19.57.17:810][398]LogWorld: Bringing up level for play took: 0.011886
[2019.02.26-19.57.17:909][398]LogContentBrowser: Native class hierarchy updated for 'MovieSceneCapture' in 0.0011 seconds. Added 10 classes and 0 folders.
[2019.02.26-19.57.17:968][398]PIE: Play in editor start time for /Game/Levels/UEDPIE_0_Test_Level 0.396
[2019.02.26-19.57.20:870][719]LogSlate: Updating window title bar state: overlay mode, drag disabled, window buttons hidden, title bar hidden
[2019.02.26-19.57.20:941][719]LogPlayLevel: Display: Shutting down PIE online subsystems
[2019.02.26-19.57.21:002][719]LogSlate: Updating window title bar state: overlay mode, drag disabled, window buttons hidden, title bar hidden
[2019.02.26-19.57.21:030][720]LogPlayLevel: Display: Destroying online subsystem :Context_9
[2019.02.26-19.57.22:871][922]LogEditorViewport: Clicking on Actor (LMB): TestBoxShield_C (TestBoxShield)
[2019.02.26-19.57.29:757][727]LogSlate: FSceneViewport::OnFocusLost() reason 0
[2019.02.26-19.58.21:402][843]LogSlate: Window 'TestBoxShield' being destroyed
[2019.02.26-19.58.21:404][843]LogSlate: Window 'TestBoxShield' being destroyed
[2019.02.26-19.58.36:271][ 34]LogSlate: Window 'Save Content' being destroyed
[2019.02.26-19.58.36:765][ 34]LogSavePackage: Moving '../../../../../../Renzy/Documents/Algonquin/Term 4/GAM1528 - High Level Development 2/Assignments/GOOB-master/Saved/Test_Level5185EDA44ADF5F0C8554EB8D9102AA74.tmp' to '../../../../../../Renzy/Documents/Algonquin/Term 4/GAM1528 - High Level Development 2/Assignments/GOOB-master/Content/Levels/Test_Level.umap'
[2019.02.26-19.58.36:829][ 34]LogFileHelpers: Saving map 'Test_Level' took 0.538
[2019.02.26-19.58.36:920][ 34]LogSlate: Window 'Terminus_22XX - Unreal Editor' being destroyed
[2019.02.26-19.58.36:921][ 34]LogWindowsTextInputMethodSystem: Display: IME system now deactivated.
[2019.02.26-19.58.37:104][ 35]Cmd: QUIT_EDITOR
[2019.02.26-19.58.37:768][ 35]LogExit: Preparing to exit.
[2019.02.26-19.58.38:089][ 35]LogDirectoryWatcher: A directory notification failed for 'F:/Renzy/Documents/Algonquin/Term 4/GAM1528 - High Level Development 2/Assignments/GOOB-master/Content/', and we were unable to create a new request.
[2019.02.26-19.58.38:136][ 35]LogExit: Editor shut down
[2019.02.26-19.58.38:137][ 35]LogExit: Transaction tracking system shut down
[2019.02.26-19.58.38:841][ 35]LogExit: Object subsystem successfully closed.
[2019.02.26-19.58.38:850][ 35]LogShaderCompilers: Display: Shaders left to compile 0
[2019.02.26-19.58.38:853][ 35]LogD3D11RHI: Shutdown
[2019.02.26-19.58.38:853][ 35]LogD3D11RHI: CleanupD3DDevice
[2019.02.26-19.58.38:855][ 35]LogD3D11RHI: ~FD3D11DynamicRHI
[2019.02.26-19.58.38:863][ 35]LogModuleManager: Shutting down and abandoning module MovieSceneCapture (618)
[2019.02.26-19.58.38:863][ 35]LogModuleManager: Shutting down and abandoning module Voice (616)
[2019.02.26-19.58.38:864][ 35]LogModuleManager: Shutting down and abandoning module BlueprintGraph (614)
[2019.02.26-19.58.38:864][ 35]LogModuleManager: Shutting down and abandoning module HierarchicalLODOutliner (612)
[2019.02.26-19.58.38:864][ 35]LogModuleManager: Shutting down and abandoning module SceneOutliner (610)
[2019.02.26-19.58.38:864][ 35]LogModuleManager: Shutting down and abandoning module AddContentDialog (608)
[2019.02.26-19.58.38:865][ 35]LogModuleManager: Shutting down and abandoning module WidgetCarousel (607)
[2019.02.26-19.58.38:865][ 35]LogModuleManager: Shutting down and abandoning module EditorWidgets (604)
[2019.02.26-19.58.38:865][ 35]LogModuleManager: Shutting down and abandoning module CollectionManager (602)
[2019.02.26-19.58.38:866][ 35]LogModuleManager: Shutting down and abandoning module StatsViewer (600)
[2019.02.26-19.58.38:866][ 35]LogModuleManager: Shutting down and abandoning module FoliageEdit (598)
[2019.02.26-19.58.38:866][ 35]LogModuleManager: Shutting down and abandoning module LandscapeEditor (596)
[2019.02.26-19.58.38:866][ 35]LogModuleManager: Shutting down and abandoning module MeshPaintMode (594)
[2019.02.26-19.58.38:866][ 35]LogModuleManager: Shutting down and abandoning module SceneDepthPickerMode (592)
[2019.02.26-19.58.38:866][ 35]LogModuleManager: Shutting down and abandoning module ActorPickerMode (590)
[2019.02.26-19.58.38:866][ 35]LogModuleManager: Shutting down and abandoning module GeometryMode (588)
[2019.02.26-19.58.38:867][ 35]LogModuleManager: Shutting down and abandoning module TextureAlignMode (586)
[2019.02.26-19.58.38:867][ 35]LogModuleManager: Shutting down and abandoning module BspMode (584)
[2019.02.26-19.58.38:867][ 35]LogModuleManager: Shutting down and abandoning module PIEPreviewDeviceProfileSelector (582)
[2019.02.26-19.58.38:867][ 35]LogModuleManager: Shutting down and abandoning module SequenceRecorderSections (580)
[2019.02.26-19.58.38:867][ 35]LogModuleManager: Shutting down and abandoning module AutomationWorker (578)
[2019.02.26-19.58.38:867][ 35]LogModuleManager: Shutting down and abandoning module AudioCaptureEditor (576)
[2019.02.26-19.58.38:867][ 35]LogModuleManager: Shutting down and abandoning module SequenceRecorder (575)
[2019.02.26-19.58.38:867][ 35]LogModuleManager: Shutting down and abandoning module MatineeToLevelSequence (572)
[2019.02.26-19.58.38:867][ 35]LogModuleManager: Shutting down and abandoning module LevelSequenceEditor (570)
[2019.02.26-19.58.38:867][ 35]LogModuleManager: Shutting down and abandoning module PlacementMode (569)
[2019.02.26-19.58.38:867][ 35]LogModuleManager: Shutting down and abandoning module MaterialEditor (568)
[2019.02.26-19.58.38:867][ 35]LogModuleManager: Shutting down and abandoning module WmfMediaFactory (564)
[2019.02.26-19.58.38:867][ 35]LogModuleManager: Shutting down and abandoning module WmfMediaEditor (562)
[2019.02.26-19.58.38:867][ 35]LogModuleManager: Shutting down and abandoning module MediaPlayerEditor (560)
[2019.02.26-19.58.38:867][ 35]LogModuleManager: Shutting down and abandoning module OpenExrWrapper (558)
[2019.02.26-19.58.38:868][ 35]LogModuleManager: Shutting down and abandoning module ImgMediaFactory (556)
[2019.02.26-19.58.38:868][ 35]LogModuleManager: Shutting down and abandoning module ImgMediaEditor (554)
[2019.02.26-19.58.38:868][ 35]LogModuleManager: Shutting down and abandoning module AvfMediaFactory (552)
[2019.02.26-19.58.38:868][ 35]LogModuleManager: Shutting down and abandoning module AvfMediaEditor (550)
[2019.02.26-19.58.38:868][ 35]LogModuleManager: Shutting down and abandoning module AndroidMediaFactory (548)
[2019.02.26-19.58.38:868][ 35]LogModuleManager: Shutting down and abandoning module AndroidMediaEditor (546)
[2019.02.26-19.58.38:868][ 35]LogModuleManager: Shutting down and abandoning module MagicLeapCameraPreviewFactory (544)
[2019.02.26-19.58.38:868][ 35]LogModuleManager: Shutting down and abandoning module MagicLeapMediaFactory (542)
[2019.02.26-19.58.38:868][ 35]LogModuleManager: Shutting down and abandoning module MagicLeapMediaEditor (540)
[2019.02.26-19.58.38:868][ 35]LogModuleManager: Shutting down and abandoning module CharacterAI (538)
[2019.02.26-19.58.38:868][ 35]LogModuleManager: Shutting down and abandoning module SmartSnapping (536)
[2019.02.26-19.58.38:868][ 35]LogModuleManager: Shutting down and abandoning module SessionServices (534)
[2019.02.26-19.58.38:869][ 35]LogModuleManager: Shutting down and abandoning module ViewportSnapping (532)
[2019.02.26-19.58.38:869][ 35]LogModuleManager: Shutting down and abandoning module ViewportInteraction (530)
[2019.02.26-19.58.38:869][ 35]LogModuleManager: Shutting down and abandoning module ClothPainter (528)
[2019.02.26-19.58.38:869][ 35]LogModuleManager: Shutting down and abandoning module SkeletalMeshEditor (527)
[2019.02.26-19.58.38:869][ 35]LogModuleManager: Shutting down and abandoning module LogVisualizer (524)
[2019.02.26-19.58.38:869][ 35]LogModuleManager: Shutting down and abandoning module IntroTutorials (522)
[2019.02.26-19.58.38:869][ 35]LogModuleManager: Shutting down and abandoning module GameProjectGeneration (521)
[2019.02.26-19.58.38:869][ 35]LogModuleManager: Shutting down and abandoning module LuminPlatformEditor (518)
[2019.02.26-19.58.38:869][ 35]LogModuleManager: Shutting down and abandoning module IOSPlatformEditor (516)
[2019.02.26-19.58.38:869][ 35]LogModuleManager: Shutting down and abandoning module HTML5PlatformEditor (514)
[2019.02.26-19.58.38:869][ 35]LogModuleManager: Shutting down and abandoning module AndroidPlatformEditor (512)
[2019.02.26-19.58.38:869][ 35]LogModuleManager: Shutting down and abandoning module AndroidDeviceDetection (511)
[2019.02.26-19.58.39:166][ 35]LogModuleManager: Shutting down and abandoning module WindowsPlatformEditor (508)
[2019.02.26-19.58.39:166][ 35]LogModuleManager: Shutting down and abandoning module LuminRuntimeSettings (506)
[2019.02.26-19.58.39:166][ 35]LogModuleManager: Shutting down and abandoning module IOSRuntimeSettings (504)
[2019.02.26-19.58.39:167][ 35]LogModuleManager: Shutting down and abandoning module AndroidRuntimeSettings (502)
[2019.02.26-19.58.39:167][ 35]LogModuleManager: Shutting down and abandoning module InputBindingEditor (500)
[2019.02.26-19.58.39:168][ 35]LogModuleManager: Shutting down and abandoning module MergeActors (498)
[2019.02.26-19.58.39:168][ 35]LogModuleManager: Shutting down and abandoning module LocalizationDashboard (496)
[2019.02.26-19.58.39:168][ 35]LogModuleManager: Shutting down and abandoning module LocalizationService (495)
[2019.02.26-19.58.39:169][ 35]LogModuleManager: Shutting down and abandoning module HardwareTargeting (492)
[2019.02.26-19.58.39:169][ 35]LogModuleManager: Shutting down and abandoning module DeviceProfileEditor (490)
[2019.02.26-19.58.39:169][ 35]LogModuleManager: Shutting down and abandoning module UndoHistory (488)
[2019.02.26-19.58.39:169][ 35]LogModuleManager: Shutting down and abandoning module XmlParser (486)
[2019.02.26-19.58.39:170][ 35]LogModuleManager: Shutting down and abandoning module Blutility (484)
[2019.02.26-19.58.39:170][ 35]LogModuleManager: Shutting down and abandoning module ProjectSettingsViewer (482)
[2019.02.26-19.58.39:171][ 35]LogModuleManager: Shutting down and abandoning module ProjectTargetPlatformEditor (481)
[2019.02.26-19.58.39:172][ 35]LogModuleManager: Shutting down and abandoning module EditorSettingsViewer (478)
[2019.02.26-19.58.39:172][ 35]LogModuleManager: Shutting down and abandoning module SettingsEditor (476)
[2019.02.26-19.58.39:175][ 35]LogModuleManager: Shutting down and abandoning module ProjectLauncher (474)
[2019.02.26-19.58.39:175][ 35]LogModuleManager: Shutting down and abandoning module SessionFrontend (472)
[2019.02.26-19.58.39:175][ 35]LogModuleManager: Shutting down and abandoning module ProfilerClient (470)
[2019.02.26-19.58.39:175][ 35]LogModuleManager: Shutting down and abandoning module DeviceManager (468)
[2019.02.26-19.58.39:176][ 35]LogModuleManager: Shutting down and abandoning module TargetDeviceServices (467)
[2019.02.26-19.58.39:232][ 35]LogModuleManager: Shutting down and abandoning module AutomationController (464)
[2019.02.26-19.58.39:233][ 35]LogModuleManager: Shutting down and abandoning module AutomationWindow (462)
[2019.02.26-19.58.39:234][ 35]LogModuleManager: Shutting down and abandoning module Layers (460)
[2019.02.26-19.58.39:234][ 35]LogModuleManager: Shutting down and abandoning module ComponentVisualizers (458)
[2019.02.26-19.58.39:234][ 35]LogModuleManager: Shutting down and abandoning module DetailCustomizations (456)
[2019.02.26-19.58.39:235][ 35]LogModuleManager: Shutting down and abandoning module PackagesDialog (454)
[2019.02.26-19.58.39:235][ 35]LogModuleManager: Shutting down and abandoning module Persona (452)
[2019.02.26-19.58.39:235][ 35]LogModuleManager: Shutting down and abandoning module AdvancedPreviewScene (451)
[2019.02.26-19.58.39:235][ 35]LogModuleManager: Shutting down and abandoning module AnimGraph (449)
[2019.02.26-19.58.39:235][ 35]LogModuleManager: Shutting down and abandoning module Kismet (446)
[2019.02.26-19.58.39:239][ 35]LogModuleManager: Shutting down and abandoning module GraphEditor (444)
[2019.02.26-19.58.39:239][ 35]LogModuleManager: Shutting down and abandoning module ClassViewer (442)
[2019.02.26-19.58.39:240][ 35]LogModuleManager: Shutting down and abandoning module Toolbox (440)
[2019.02.26-19.58.39:240][ 35]LogModuleManager: Shutting down and abandoning module DesktopPlatform (439)
[2019.02.26-19.58.39:240][ 35]LogModuleManager: Shutting down and abandoning module ModuleUI (436)
[2019.02.26-19.58.39:240][ 35]LogModuleManager: Shutting down and abandoning module MovieSceneTools (434)
[2019.02.26-19.58.39:240][ 35]LogModuleManager: Shutting down and abandoning module OutputLog (432)
[2019.02.26-19.58.39:240][ 35]LogModuleManager: Shutting down and abandoning module GammaUI (430)
[2019.02.26-19.58.39:240][ 35]LogModuleManager: Shutting down and abandoning module Documentation (428)
[2019.02.26-19.58.39:241][ 35]LogModuleManager: Shutting down and abandoning module MovieSceneTracks (426)
[2019.02.26-19.58.39:241][ 35]LogModuleManager: Shutting down and abandoning module MovieScene (424)
[2019.02.26-19.58.39:241][ 35]LogModuleManager: Shutting down and abandoning module StreamingPauseRendering (422)
[2019.02.26-19.58.39:241][ 35]LogModuleManager: Shutting down and abandoning module LauncherPlatform (420)
[2019.02.26-19.58.39:241][ 35]LogModuleManager: Shutting down and abandoning module AnalyticsET (418)
[2019.02.26-19.58.39:241][ 35]LogModuleManager: Shutting down and abandoning module PortalServices (416)
[2019.02.26-19.58.39:241][ 35]LogModuleManager: Shutting down and abandoning module PortalRpc (414)
[2019.02.26-19.58.39:241][ 35]LogModuleManager: Shutting down and abandoning module MessagingRpc (412)
[2019.02.26-19.58.39:241][ 35]LogModuleManager: Shutting down and abandoning module AIModule (410)
[2019.02.26-19.58.39:241][ 35]LogModuleManager: Shutting down and abandoning module GameplayDebugger (409)
[2019.02.26-19.58.39:241][ 35]LogModuleManager: Shutting down and abandoning module AITestSuite (407)
[2019.02.26-19.58.39:241][ 35]LogModuleManager: Shutting down and abandoning module NavigationSystem (405)
[2019.02.26-19.58.39:241][ 35]LogModuleManager: Shutting down and abandoning module ProfilerService (402)
[2019.02.26-19.58.39:414][ 35]LogModuleManager: Shutting down and abandoning module TaskGraph (400)
[2019.02.26-19.58.39:414][ 35]LogModuleManager: Shutting down and abandoning module SteamVRController (398)
[2019.02.26-19.58.39:415][ 35]LogModuleManager: Shutting down and abandoning module ProceduralMeshComponentEditor (396)
[2019.02.26-19.58.39:419][ 35]LogModuleManager: Shutting down and abandoning module ProceduralMeshComponent (394)
[2019.02.26-19.58.39:422][ 35]LogModuleManager: Shutting down and abandoning module OculusInput (392)
[2019.02.26-19.58.39:424][ 35]LogModuleManager: Shutting down and abandoning module MobilePatchingUtils (390)
[2019.02.26-19.58.39:424][ 35]LogModuleManager: Shutting down and abandoning module EditableMesh (388)
[2019.02.26-19.58.39:425][ 35]LogModuleManager: Shutting down and abandoning module CustomMeshComponent (386)
[2019.02.26-19.58.39:426][ 35]LogModuleManager: Shutting down and abandoning module CableComponent (384)
[2019.02.26-19.58.39:432][ 35]LogModuleManager: Shutting down and abandoning module AudioCapture (382)
[2019.02.26-19.58.39:435][ 35]LogModuleManager: Shutting down and abandoning module ArchVisCharacter (380)
[2019.02.26-19.58.39:435][ 35]LogModuleManager: Shutting down and abandoning module AndroidPermission (378)
[2019.02.26-19.58.39:437][ 35]LogModuleManager: Shutting down and abandoning module NUTUnrealEngine4 (376)
[2019.02.26-19.58.39:438][ 35]LogModuleManager: Shutting down and abandoning module NetcodeUnitTest (374)
[2019.02.26-19.58.39:439][ 35]LogModuleManager: Shutting down and abandoning module MediaCompositingEditor (372)
[2019.02.26-19.58.39:440][ 35]LogModuleManager: Shutting down and abandoning module MediaCompositing (370)
[2019.02.26-19.58.39:440][ 35]LogModuleManager: Shutting down and abandoning module LinearTimecode (368)
[2019.02.26-19.58.39:441][ 35]LogModuleManager: Shutting down and abandoning module ImgMedia (366)
[2019.02.26-19.58.39:452][ 35]LogModuleManager: Shutting down and abandoning module HTML5Networking (364)
[2019.02.26-19.58.39:452][ 35]LogModuleManager: Shutting down and abandoning module GeometryCacheTracks (362)
[2019.02.26-19.58.39:452][ 35]LogModuleManager: Shutting down and abandoning module GeometryCacheSequencer (360)
[2019.02.26-19.58.39:452][ 35]LogModuleManager: Shutting down and abandoning module BackChannel (358)
[2019.02.26-19.58.39:453][ 35]LogModuleManager: Shutting down and abandoning module AppleVision (356)
[2019.02.26-19.58.39:453][ 35]LogModuleManager: Shutting down and abandoning module AppleImageUtils (354)
[2019.02.26-19.58.39:453][ 35]LogModuleManager: Shutting down and abandoning module AlembicImporter (352)
[2019.02.26-19.58.39:453][ 35]LogModuleManager: Shutting down and abandoning module AlembicLibrary (351)
[2019.02.26-19.58.39:453][ 35]LogModuleManager: Shutting down and abandoning module GeometryCache (350)
[2019.02.26-19.58.39:453][ 35]LogModuleManager: Shutting down and abandoning module GeometryCacheEd (349)
[2019.02.26-19.58.39:453][ 35]LogModuleManager: Shutting down and abandoning module DatasmithContentEditor (344)
[2019.02.26-19.58.39:453][ 35]LogModuleManager: Shutting down and abandoning module DatasmithContent (342)
[2019.02.26-19.58.39:454][ 35]LogModuleManager: Shutting down and abandoning module SpeedTreeImporter (340)
[2019.02.26-19.58.39:455][ 35]LogModuleManager: Shutting down and abandoning module PluginBrowser (338)
[2019.02.26-19.58.39:455][ 35]LogModuleManager: Shutting down and abandoning module MobileLauncherProfileWizard (336)
[2019.02.26-19.58.39:455][ 35]LogModuleManager: Shutting down and abandoning module PolygonModeling (334)
[2019.02.26-19.58.39:456][ 35]LogModuleManager: Shutting down and abandoning module MeshEditor (332)
[2019.02.26-19.58.39:456][ 35]LogModuleManager: Shutting down and abandoning module CryptoKeysOpenSSL (330)
[2019.02.26-19.58.39:456][ 35]LogModuleManager: Shutting down and abandoning module CryptoKeys (328)
[2019.02.26-19.58.39:456][ 35]LogModuleManager: Shutting down and abandoning module VisualStudioSourceCodeAccess (326)
[2019.02.26-19.58.39:457][ 35]LogModuleManager: Shutting down and abandoning module VisualStudioCodeSourceCodeAccess (324)
[2019.02.26-19.58.39:457][ 35]LogModuleManager: Shutting down and abandoning module UObjectPlugin (322)
[2019.02.26-19.58.39:457][ 35]LogModuleManager: Shutting down and abandoning module SubversionSourceControl (320)
[2019.02.26-19.58.39:457][ 35]LogModuleManager: Shutting down and abandoning module PerforceSourceControl (318)
[2019.02.26-19.58.39:457][ 35]LogModuleManager: Shutting down and abandoning module GitSourceControl (316)
[2019.02.26-19.58.39:457][ 35]LogModuleManager: Shutting down and abandoning module SourceControl (315)
[2019.02.26-19.58.39:458][ 35]LogModuleManager: Shutting down and abandoning module CLionSourceCodeAccess (312)
[2019.02.26-19.58.39:458][ 35]LogModuleManager: Shutting down and abandoning module LightPropagationVolumeEditor (310)
[2019.02.26-19.58.39:458][ 35]LogModuleManager: Shutting down and abandoning module PaperTiledImporter (308)
[2019.02.26-19.58.39:458][ 35]LogModuleManager: Shutting down and abandoning module PaperSpriteSheetImporter (306)
[2019.02.26-19.58.39:458][ 35]LogModuleManager: Shutting down and abandoning module Paper2DEditor (304)
[2019.02.26-19.58.39:459][ 35]LogModuleManager: Shutting down and abandoning module MeshPaint (303)
[2019.02.26-19.58.39:459][ 35]LogModuleManager: Shutting down and abandoning module Terminus_22XX (300)
[2019.02.26-19.58.39:459][ 35]LogModuleManager: Shutting down and abandoning module RuntimePhysXCooking (298)
[2019.02.26-19.58.39:459][ 35]LogModuleManager: Shutting down and abandoning module PhysXVehiclesEditor (296)
[2019.02.26-19.58.39:459][ 35]LogModuleManager: Shutting down and abandoning module PhysXVehicles (294)
[2019.02.26-19.58.39:459][ 35]LogModuleManager: Shutting down and abandoning module OculusEditor (292)
[2019.02.26-19.58.39:459][ 35]LogModuleManager: Shutting down and abandoning module LocationServicesBPLibrary (290)
[2019.02.26-19.58.39:459][ 35]LogModuleManager: Shutting down and abandoning module ImmediatePhysicsEditor (288)
[2019.02.26-19.58.39:459][ 35]LogModuleManager: Shutting down and abandoning module ImmediatePhysics (286)
[2019.02.26-19.58.39:459][ 35]LogModuleManager: Shutting down and abandoning module ActorSequence (284)
[2019.02.26-19.58.39:460][ 35]LogModuleManager: Shutting down and abandoning module UdpMessaging (282)
[2019.02.26-19.58.39:561][ 35]LogModuleManager: Shutting down and abandoning module TcpMessaging (280)
[2019.02.26-19.58.39:662][ 35]LogModuleManager: Shutting down and abandoning module MagicLeapAudio (278)
[2019.02.26-19.58.39:662][ 35]LogModuleManager: Shutting down and abandoning module GameplayTagsEditor (276)
[2019.02.26-19.58.39:662][ 35]LogModuleManager: Shutting down and abandoning module FacialAnimationEditor (274)
[2019.02.26-19.58.39:662][ 35]LogModuleManager: Shutting down and abandoning module FacialAnimation (272)
[2019.02.26-19.58.39:662][ 35]LogModuleManager: Shutting down and abandoning module DataValidation (270)
[2019.02.26-19.58.39:662][ 35]LogModuleManager: Shutting down and abandoning module AssetManagerEditor (268)
[2019.02.26-19.58.39:662][ 35]LogModuleManager: Shutting down and abandoning module LevelEditor (267)
[2019.02.26-19.58.39:663][ 35]LogModuleManager: Shutting down and abandoning module PixelInspectorModule (266)
[2019.02.26-19.58.39:663][ 35]LogModuleManager: Shutting down and abandoning module CommonMenuExtensions (264)
[2019.02.26-19.58.39:663][ 35]LogModuleManager: Shutting down and abandoning module MainFrame (262)
[2019.02.26-19.58.39:663][ 35]LogModuleManager: Shutting down and abandoning module HotReload (261)
[2019.02.26-19.58.39:665][ 35]LogModuleManager: Shutting down and abandoning module ContentBrowser (257)
[2019.02.26-19.58.39:667][ 35]LogModuleManager: Shutting down and abandoning module TreeMap (255)
[2019.02.26-19.58.39:668][ 35]LogModuleManager: Shutting down and abandoning module LightPropagationVolumeRuntime (252)
[2019.02.26-19.58.39:668][ 35]LogModuleManager: Shutting down and abandoning module AISupportModule (250)
[2019.02.26-19.58.39:668][ 35]LogModuleManager: Shutting down and abandoning module Paper2D (248)
[2019.02.26-19.58.39:669][ 35]LogModuleManager: Shutting down and abandoning module WindowsMoviePlayer (246)
[2019.02.26-19.58.39:669][ 35]LogModuleManager: Shutting down and abandoning module WmfMedia (244)
[2019.02.26-19.58.39:672][ 35]LogModuleManager: Shutting down and abandoning module Media (243)
[2019.02.26-19.58.39:679][ 35]LogModuleManager: Shutting down and abandoning module PacketHandler (240)
[2019.02.26-19.58.39:679][ 35]LogModuleManager: Shutting down and abandoning module ClothingSystemEditor (238)
[2019.02.26-19.58.39:679][ 35]LogModuleManager: Shutting down and abandoning module ClothingSystemRuntime (236)
[2019.02.26-19.58.39:679][ 35]LogModuleManager: Shutting down and abandoning module MediaAssets (234)
[2019.02.26-19.58.39:679][ 35]LogModuleManager: Shutting down and abandoning module Overlay (232)
[2019.02.26-19.58.39:679][ 35]LogModuleManager: Shutting down and abandoning module OverlayEditor (231)
[2019.02.26-19.58.39:679][ 35]LogModuleManager: Shutting down and abandoning module VREditor (228)
[2019.02.26-19.58.39:679][ 35]LogModuleManager: Shutting down and abandoning module StringTableEditor (226)
[2019.02.26-19.58.39:679][ 35]LogModuleManager: Shutting down and abandoning module GameplayTasksEditor (224)
[2019.02.26-19.58.39:679][ 35]LogModuleManager: Shutting down and abandoning module BehaviorTreeEditor (222)
[2019.02.26-19.58.39:679][ 35]LogModuleManager: Shutting down and abandoning module FunctionalTesting (220)
[2019.02.26-19.58.39:679][ 35]LogModuleManager: Shutting down and abandoning module CollisionAnalyzer (218)
[2019.02.26-19.58.39:679][ 35]LogModuleManager: Shutting down and abandoning module WorkspaceMenuStructure (217)
[2019.02.26-19.58.39:680][ 35]LogModuleManager: Shutting down and abandoning module UMG (214)
[2019.02.26-19.58.39:680][ 35]LogModuleManager: Shutting down and abandoning module UMGEditor (213)
[2019.02.26-19.58.39:681][ 35]LogModuleManager: Shutting down and abandoning module Sequencer (212)
[2019.02.26-19.58.39:681][ 35]LogModuleManager: Shutting down and abandoning module MessageLog (209)
[2019.02.26-19.58.39:681][ 35]LogModuleManager: Shutting down and abandoning module SlateReflector (204)
[2019.02.26-19.58.39:681][ 35]LogModuleManager: Shutting down and abandoning module Slate (202)
[2019.02.26-19.58.39:681][ 35]LogModuleManager: Shutting down and abandoning module EditorStyle (200)
[2019.02.26-19.58.39:683][ 35]LogModuleManager: Shutting down and abandoning module MRMesh (198)
[2019.02.26-19.58.39:683][ 35]LogModuleManager: Shutting down and abandoning module SourceCodeAccess (196)
[2019.02.26-19.58.39:683][ 35]LogModuleManager: Shutting down and abandoning module HeadMountedDisplay (194)
[2019.02.26-19.58.39:683][ 35]LogModuleManager: Shutting down and abandoning module XAudio2 (192)
[2019.02.26-19.58.39:683][ 35]LogModuleManager: Shutting down and abandoning module Networking (190)
[2019.02.26-19.58.39:683][ 35]LogModuleManager: Shutting down and abandoning module Core (188)
[2019.02.26-19.58.39:683][ 35]LogModuleManager: Shutting down and abandoning module LevelSequence (186)
[2019.02.26-19.58.39:683][ 35]LogModuleManager: Shutting down and abandoning module KismetCompiler (184)
[2019.02.26-19.58.39:683][ 35]LogModuleManager: Shutting down and abandoning module MeshUtilities (182)
[2019.02.26-19.58.39:683][ 35]LogModuleManager: Shutting down and abandoning module MeshMergeUtilities (181)
[2019.02.26-19.58.39:683][ 35]LogModuleManager: Shutting down and abandoning module MeshReductionInterface (180)
[2019.02.26-19.58.39:683][ 35]LogModuleManager: Shutting down and abandoning module SimplygonSwarm (179)
[2019.02.26-19.58.39:683][ 35]LogModuleManager: Shutting down and abandoning module ProxyLODMeshReduction (177)
[2019.02.26-19.58.39:683][ 35]LogModuleManager: Shutting down and abandoning module SimplygonMeshReduction (175)
[2019.02.26-19.58.39:683][ 35]LogModuleManager: Shutting down and abandoning module QuadricMeshReduction (173)
[2019.02.26-19.58.39:683][ 35]LogModuleManager: Shutting down and abandoning module MaterialBaking (169)
[2019.02.26-19.58.39:683][ 35]LogModuleManager: Shutting down and abandoning module DirectoryWatcher (165)
[2019.02.26-19.58.39:684][ 35]LogModuleManager: Shutting down and abandoning module DerivedDataCache (162)
[2019.02.26-19.58.39:720][ 35]LogDerivedDataCache: Shutdown
[2019.02.26-19.58.39:720][ 35]LogModuleManager: Shutting down and abandoning module XGEController (160)
[2019.02.26-19.58.39:720][ 35]LogXGEController: Cleaning working directory: C:/Users/Renzy/AppData/Local/Temp/UnrealXGEWorkingDir/
[2019.02.26-19.58.39:721][ 35]LogModuleManager: Shutting down and abandoning module TargetPlatform (158)
[2019.02.26-19.58.39:721][ 35]LogModuleManager: Shutting down and abandoning module VulkanShaderFormat (157)
[2019.02.26-19.58.39:721][ 35]LogModuleManager: Shutting down and abandoning module ShaderFormatVectorVM (155)
[2019.02.26-19.58.39:721][ 35]LogModuleManager: Shutting down and abandoning module ShaderFormatOpenGL (153)
[2019.02.26-19.58.39:721][ 35]LogModuleManager: Shutting down and abandoning module ShaderFormatD3D (151)
[2019.02.26-19.58.39:721][ 35]LogModuleManager: Shutting down and abandoning module MetalShaderFormat (149)
[2019.02.26-19.58.39:721][ 35]LogModuleManager: Shutting down and abandoning module TextureFormatUncompressed (147)
[2019.02.26-19.58.39:721][ 35]LogModuleManager: Shutting down and abandoning module TextureFormatPVR (145)
[2019.02.26-19.58.39:722][ 35]LogModuleManager: Shutting down and abandoning module TextureFormatDXT (143)
[2019.02.26-19.58.39:722][ 35]LogModuleManager: Shutting down and abandoning module TextureFormatIntelISPCTexComp (141)
[2019.02.26-19.58.39:722][ 35]LogModuleManager: Shutting down and abandoning module TextureFormatASTC (139)
[2019.02.26-19.58.39:722][ 35]LogModuleManager: Shutting down and abandoning module ImageWrapper (138)
[2019.02.26-19.58.39:722][ 35]LogModuleManager: Shutting down and abandoning module TextureFormatAndroid (135)
[2019.02.26-19.58.39:723][ 35]LogModuleManager: Shutting down and abandoning module AudioFormatOpus (133)
[2019.02.26-19.58.39:723][ 35]LogModuleManager: Shutting down and abandoning module AudioFormatOgg (131)
[2019.02.26-19.58.39:723][ 35]LogModuleManager: Shutting down and abandoning module AudioFormatADPCM (129)
[2019.02.26-19.58.39:723][ 35]LogModuleManager: Shutting down and abandoning module LuminTargetPlatform (127)
[2019.02.26-19.58.39:723][ 35]LogModuleManager: Shutting down and abandoning module LinuxTargetPlatform (125)
[2019.02.26-19.58.39:723][ 35]LogModuleManager: Shutting down and abandoning module LinuxServerTargetPlatform (123)
[2019.02.26-19.58.39:724][ 35]LogModuleManager: Shutting down and abandoning module LinuxNoEditorTargetPlatform (121)
[2019.02.26-19.58.39:724][ 35]LogModuleManager: Shutting down and abandoning module LinuxClientTargetPlatform (119)
[2019.02.26-19.58.39:724][ 35]LogModuleManager: Shutting down and abandoning module TVOSTargetPlatform (117)
[2019.02.26-19.58.39:725][ 35]LogModuleManager: Shutting down and abandoning module Messaging (115)
[2019.02.26-19.58.39:725][ 35]LogModuleManager: Shutting down and abandoning module IOSTargetPlatform (113)
[2019.02.26-19.58.39:725][ 35]LogModuleManager: Shutting down and abandoning module HTML5TargetPlatform (111)
[2019.02.26-19.58.39:725][ 35]LogModuleManager: Shutting down and abandoning module AndroidTargetPlatform (109)
[2019.02.26-19.58.39:729][ 35]LogModuleManager: Shutting down and abandoning module WindowsTargetPlatform (107)
[2019.02.26-19.58.39:729][ 35]LogModuleManager: Shutting down and abandoning module WindowsServerTargetPlatform (105)
[2019.02.26-19.58.39:729][ 35]LogModuleManager: Shutting down and abandoning module WindowsNoEditorTargetPlatform (103)
[2019.02.26-19.58.39:729][ 35]LogModuleManager: Shutting down and abandoning module WindowsClientTargetPlatform (101)
[2019.02.26-19.58.39:729][ 35]LogModuleManager: Shutting down and abandoning module MacTargetPlatform (99)
[2019.02.26-19.58.39:729][ 35]LogModuleManager: Shutting down and abandoning module MacServerTargetPlatform (97)
[2019.02.26-19.58.39:729][ 35]LogModuleManager: Shutting down and abandoning module MacNoEditorTargetPlatform (95)
[2019.02.26-19.58.39:729][ 35]LogModuleManager: Shutting down and abandoning module MacClientTargetPlatform (93)
[2019.02.26-19.58.39:729][ 35]LogModuleManager: Shutting down and abandoning module AllDesktopTargetPlatform (91)
[2019.02.26-19.58.39:729][ 35]LogModuleManager: Shutting down and abandoning module InputCore (88)
[2019.02.26-19.58.39:729][ 35]LogModuleManager: Shutting down and abandoning module Settings (86)
[2019.02.26-19.58.39:730][ 35]LogModuleManager: Shutting down and abandoning module PhysXCooking (84)
[2019.02.26-19.58.39:730][ 35]LogModuleManager: Shutting down and abandoning module SteamVR (82)
[2019.02.26-19.58.39:730][ 35]LogModuleManager: Shutting down and abandoning module OculusHMD (80)
[2019.02.26-19.58.39:730][ 35]LogModuleManager: Shutting down and abandoning module ExampleDeviceProfileSelector (78)
[2019.02.26-19.58.39:730][ 35]LogModuleManager: Shutting down and abandoning module LauncherChunkInstaller (76)
[2019.02.26-19.58.39:730][ 35]LogModuleManager: Shutting down and abandoning module OnlineBlueprintSupport (74)
[2019.02.26-19.58.39:730][ 35]LogModuleManager: Shutting down and abandoning module OnlineSubsystem (70)
[2019.02.26-19.58.39:731][ 35]LogModuleManager: Shutting down and abandoning module XMPP (65)
[2019.02.26-19.58.39:731][ 35]LogModuleManager: Shutting down and abandoning module WebSockets (64)
[2019.02.26-19.58.39:753][ 35]LogModuleManager: Shutting down and abandoning module HTTP (61)
[2019.02.26-19.58.39:753][ 35]LogHttp: Display: Http module shutting down, but needs to wait on 1 outstanding Http requests:
[2019.02.26-19.58.39:753][ 35]LogHttp: Display: 	verb=[POST] url=[https://datarouter.ol.epicgames.com/datarouter/api/v1/public/data?SessionID=%7B37B80B02-49DC-0873-39A8-2E847DA9A1C1%7D&AppID=UEEditor.Rocket.Release&AppVersion=4.20.3-4369336%2B%2B%2BUE4%2BRelease-4.20&UserID=d2d2c5d64e9a564b2d095eb70c098350%7C27350404f3bb4f2791c9f6bae70f1cac%7C0fc99a33-513b-48b1-9fb5-b5212c68fc71&AppEnvironment=datacollector-binary&UploadType=eteventstream] status=Processing
[2019.02.26-19.58.39:761][ 35]LogModuleManager: Shutting down and abandoning module SSL (60)
[2019.02.26-19.58.39:761][ 35]LogModuleManager: Shutting down and abandoning module MagicLeapEmulator (56)
[2019.02.26-19.58.39:761][ 35]LogModuleManager: Shutting down and abandoning module MagicLeapPrivileges (54)
[2019.02.26-19.58.39:761][ 35]LogModuleManager: Shutting down and abandoning module MagicLeapIdentity (52)
[2019.02.26-19.58.39:761][ 35]LogModuleManager: Shutting down and abandoning module MagicLeapHelperVulkan (50)
[2019.02.26-19.58.39:762][ 35]LogModuleManager: Shutting down and abandoning module MagicLeapHelperOpenGL (48)
[2019.02.26-19.58.39:762][ 35]LogModuleManager: Shutting down and abandoning module MagicLeapSecureStorage (46)
[2019.02.26-19.58.39:762][ 35]LogModuleManager: Shutting down and abandoning module MagicLeapGestures (44)
[2019.02.26-19.58.39:762][ 35]LogModuleManager: Shutting down and abandoning module MagicLeapEyeTracker (42)
[2019.02.26-19.58.39:762][ 35]LogModuleManager: Shutting down and abandoning module MagicLeapController (40)
[2019.02.26-19.58.39:762][ 35]LogSlate: Slate User Destroyed.  User Index 0, Is Virtual User: 0
[2019.02.26-19.58.39:762][ 35]LogModuleManager: Shutting down and abandoning module MagicLeap (38)
[2019.02.26-19.58.39:762][ 35]LogModuleManager: Shutting down and abandoning module AnimationModifiers (36)
[2019.02.26-19.58.39:762][ 35]LogModuleManager: Shutting down and abandoning module PropertyEditor (35)
[2019.02.26-19.58.39:762][ 35]LogModuleManager: Shutting down and abandoning module AudioEditor (32)
[2019.02.26-19.58.39:762][ 35]LogModuleManager: Shutting down and abandoning module TextureCompressor (30)
[2019.02.26-19.58.39:763][ 35]LogModuleManager: Shutting down and abandoning module ShaderCore (28)
[2019.02.26-19.58.39:763][ 35]LogModuleManager: Shutting down and abandoning module Landscape (26)
[2019.02.26-19.58.39:764][ 35]LogModuleManager: Shutting down and abandoning module SlateRHIRenderer (24)
[2019.02.26-19.58.39:764][ 35]LogModuleManager: Shutting down and abandoning module OpenGLDrv (22)
[2019.02.26-19.58.39:764][ 35]LogModuleManager: Shutting down and abandoning module D3D11RHI (20)
[2019.02.26-19.58.39:764][ 35]LogModuleManager: Shutting down and abandoning module AnimGraphRuntime (18)
[2019.02.26-19.58.39:764][ 35]LogModuleManager: Shutting down and abandoning module Renderer (16)
[2019.02.26-19.58.39:764][ 35]LogModuleManager: Shutting down and abandoning module Engine (14)
[2019.02.26-19.58.39:764][ 35]LogModuleManager: Shutting down and abandoning module CoreUObject (12)
[2019.02.26-19.58.39:764][ 35]LogModuleManager: Shutting down and abandoning module NetworkFile (10)
[2019.02.26-19.58.39:764][ 35]LogModuleManager: Shutting down and abandoning module CookedIterativeFile (8)
[2019.02.26-19.58.39:764][ 35]LogModuleManager: Shutting down and abandoning module StreamingFile (6)
[2019.02.26-19.58.39:764][ 35]LogModuleManager: Shutting down and abandoning module SandboxFile (4)
[2019.02.26-19.58.39:764][ 35]LogModuleManager: Shutting down and abandoning module PakFile (2)
[2019.02.26-19.58.39:770][ 35]LogExit: Exiting.
[2019.02.26-19.58.39:781][ 35]Log file closed, 02/26/19 14:58:39
