Log file open, 02/16/19 10:00:19
LogWindows: Failed to load 'aqProf.dll' (GetLastError=126)
LogWindows: File 'aqProf.dll' does not exist
LogWindows: Failed to load 'VSPerf140.dll' (GetLastError=126)
LogWindows: File 'VSPerf140.dll' does not exist
LogWindows: Failed to load 'VtuneApi.dll' (GetLastError=126)
LogWindows: File 'VtuneApi.dll' does not exist
LogWindows: Failed to load 'VtuneApi32e.dll' (GetLastError=126)
LogWindows: File 'VtuneApi32e.dll' does not exist
LogInit: Display: Running engine for game: Terminus_22XX
LogPlatformFile: Not using cached read wrapper
LogTaskGraph: Started task graph with 5 named threads and 14 total threads with 3 sets of task threads.
LogStats: Stats thread started at 0.246241
LogD3D11RHI: Loaded GFSDK_Aftermath_Lib.x64.dll
LogICUInternationalization: Display: ICU TimeZone Detection - Raw Offset: -5:00, Platform Override: ''
LogPluginManager: Mounting plugin Paper2D
LogPluginManager: Mounting plugin AISupport
LogPluginManager: Mounting plugin LightPropagationVolume
LogPluginManager: Mounting plugin CLionSourceCodeAccess
LogPluginManager: Mounting plugin CodeLiteSourceCodeAccess
LogPluginManager: Mounting plugin GitSourceControl
LogPluginManager: Mounting plugin KDevelopSourceCodeAccess
LogPluginManager: Mounting plugin NullSourceCodeAccess
LogPluginManager: Mounting plugin PerforceSourceControl
LogPluginManager: Mounting plugin SubversionSourceControl
LogPluginManager: Mounting plugin UObjectPlugin
LogPluginManager: Mounting plugin VisualStudioCodeSourceCodeAccess
LogPluginManager: Mounting plugin VisualStudioSourceCodeAccess
LogPluginManager: Mounting plugin XCodeSourceCodeAccess
LogPluginManager: Mounting plugin AssetManagerEditor
LogPluginManager: Mounting plugin CryptoKeys
LogPluginManager: Mounting plugin DataValidation
LogPluginManager: Mounting plugin FacialAnimation
LogPluginManager: Mounting plugin GameplayTagsEditor
LogPluginManager: Mounting plugin MacGraphicsSwitching
LogPluginManager: Mounting plugin MeshEditor
LogPluginManager: Mounting plugin MobileLauncherProfileWizard
LogPluginManager: Mounting plugin PluginBrowser
LogPluginManager: Mounting plugin SpeedTreeImporter
LogPluginManager: Mounting plugin DatasmithContent
LogPluginManager: Mounting plugin AlembicImporter
LogPluginManager: Mounting plugin AppleImageUtils
LogPluginManager: Mounting plugin AppleVision
LogPluginManager: Mounting plugin BackChannel
LogPluginManager: Mounting plugin CharacterAI
LogPluginManager: Mounting plugin GeometryCache
LogPluginManager: Mounting plugin HTML5Networking
LogPluginManager: Mounting plugin ProxyLODPlugin
LogPluginManager: Mounting plugin MagicLeap
LogPluginManager: Mounting plugin MagicLeapEmulator
LogPluginManager: Mounting plugin MagicLeapMedia
LogPluginManager: Mounting plugin AndroidMedia
LogPluginManager: Mounting plugin AvfMedia
LogPluginManager: Mounting plugin ImgMedia
LogPluginManager: Mounting plugin LinearTimecode
LogPluginManager: Mounting plugin MediaCompositing
LogPluginManager: Mounting plugin MediaPlayerEditor
LogPluginManager: Mounting plugin WmfMedia
LogPluginManager: Mounting plugin TcpMessaging
LogPluginManager: Mounting plugin UdpMessaging
LogPluginManager: Mounting plugin ActorSequence
LogPluginManager: Mounting plugin LevelSequenceEditor
LogPluginManager: Mounting plugin MatineeToLevelSequence
LogPluginManager: Mounting plugin NetcodeUnitTest
LogPluginManager: Mounting plugin NUTUnrealEngine4
LogPluginManager: Mounting plugin OnlineSubsystemGooglePlay
LogPluginManager: Mounting plugin OnlineSubsystemIOS
LogPluginManager: Mounting plugin OnlineSubsystem
LogPluginManager: Mounting plugin OnlineSubsystemNull
LogPluginManager: Mounting plugin OnlineSubsystemUtils
LogPluginManager: Mounting plugin LauncherChunkInstaller
LogPluginManager: Mounting plugin AndroidDeviceProfileSelector
LogPluginManager: Mounting plugin AndroidMoviePlayer
LogPluginManager: Mounting plugin AndroidPermission
LogPluginManager: Mounting plugin AppleMoviePlayer
LogPluginManager: Mounting plugin ArchVisCharacter
LogPluginManager: Mounting plugin AudioCapture
LogPluginManager: Mounting plugin CableComponent
LogPluginManager: Mounting plugin CustomMeshComponent
LogPluginManager: Mounting plugin EditableMesh
LogPluginManager: Mounting plugin ExampleDeviceProfileSelector
LogPluginManager: Mounting plugin GoogleCloudMessaging
LogPluginManager: Mounting plugin ImmediatePhysics
LogPluginManager: Mounting plugin IOSDeviceProfileSelector
LogPluginManager: Mounting plugin LinuxDeviceProfileSelector
LogPluginManager: Mounting plugin LocationServicesBPLibrary
LogPluginManager: Mounting plugin MobilePatchingUtils
LogPluginManager: Mounting plugin OculusVR
LogPluginManager: Plugin shader directory ../../../Engine/Plugins/Runtime/Oculus/OculusVR/Shaders found
LogPluginManager: Mapping shader source directory ../../../Engine/Plugins/Runtime/Oculus/OculusVR/Shaders to virtual directory /Plugin/OculusVR
LogPluginManager: Mounting plugin PhysXVehicles
LogPluginManager: Mounting plugin ProceduralMeshComponent
LogPluginManager: Mounting plugin RuntimePhysXCooking
LogPluginManager: Mounting plugin SteamVR
LogPluginManager: Mounting plugin WindowsMoviePlayer
LogStreaming: Display: Took  0.156s to configure plugins.
LogInit: Using libcurl 7.55.1-DEV
LogInit:  - built for x86_64-pc-win32
LogInit:  - supports SSL with OpenSSL/1.0.2h
LogInit:  - supports HTTP deflate (compression) using libz 1.2.8
LogInit:  - other features:
LogInit:      CURL_VERSION_SSL
LogInit:      CURL_VERSION_LIBZ
LogInit:      CURL_VERSION_IPV6
LogInit:      CURL_VERSION_ASYNCHDNS
LogInit:      CURL_VERSION_LARGEFILE
LogInit:      CURL_VERSION_IDN
LogInit:  CurlRequestOptions (configurable via config and command line):
LogInit:  - bVerifyPeer = false  - Libcurl will NOT verify peer certificate
LogInit:  - bUseHttpProxy = false  - Libcurl will NOT use HTTP proxy
LogInit:  - bDontReuseConnections = false  - Libcurl will reuse connections
LogInit:  - CertBundlePath = nullptr  - Libcurl will use whatever was configured at build time.
LogInit:  - MaxHostConnections = 16  - Libcurl will limit the number of connections to a host
LogInit:  - LocalHostAddr = Default
LogInit:  - BufferSize = 65536
LogInit: WinSock: version 1.1 (2.2), MaxSocks=32767, MaxUdp=65467
LogInit: Build: ++UE4+Release-4.20-CL-4369336
LogInit: Engine Version: 4.20.3-4369336+++UE4+Release-4.20
LogInit: Compatible Engine Version: 4.20.0-4212847+++UE4+Release-4.20
LogInit: Net CL: 4212847
LogInit: OS: Windows 10 (), CPU: Intel(R) Core(TM) i5-6600K CPU @ 3.50GHz, GPU: NVIDIA GeForce GTX 1060 6GB
LogInit: Compiled (64-bit): Sep 17 2018 12:26:19
LogInit: Compiled with Visual C++: 19.13.26129.00
LogInit: Build Configuration: Development
LogInit: Branch Name: ++UE4+Release-4.20
LogInit: Command Line:  -skipcompile
LogInit: Base Directory: F:/Program Files (x86)/Epic Games/UE_4.20/Engine/Binaries/Win64/
LogInit: Installed Engine Build: 1
LogDevObjectVersion: Number of dev versions registered: 20
LogDevObjectVersion:   Dev-Blueprints (B0D832E4-1F89-4F0D-ACCF-7EB736FD4AA2): 10
LogDevObjectVersion:   Dev-Build (E1C64328-A22C-4D53-A36C-8E866417BD8C): 0
LogDevObjectVersion:   Dev-Core (375EC13C-06E4-48FB-B500-84F0262A717E): 2
LogDevObjectVersion:   Dev-Editor (E4B068ED-F494-42E9-A231-DA0B2E46BB41): 24
LogDevObjectVersion:   Dev-Framework (CFFC743F-43B0-4480-9391-14DF171D2073): 34
LogDevObjectVersion:   Dev-Mobile (B02B49B5-BB20-44E9-A304-32B752E40360): 2
LogDevObjectVersion:   Dev-Networking (A4E4105C-59A1-49B5-A7C5-40C4547EDFEE): 0
LogDevObjectVersion:   Dev-Online (39C831C9-5AE6-47DC-9A44-9C173E1C8E7C): 0
LogDevObjectVersion:   Dev-Physics (78F01B33-EBEA-4F98-B9B4-84EACCB95AA2): 0
LogDevObjectVersion:   Dev-Platform (6631380F-2D4D-43E0-8009-CF276956A95A): 0
LogDevObjectVersion:   Dev-Rendering (12F88B9F-8875-4AFC-A67C-D90C383ABD29): 26
LogDevObjectVersion:   Dev-Sequencer (7B5AE74C-D270-4C10-A958-57980B212A5A): 9
LogDevObjectVersion:   Dev-VR (D7296918-1DD6-4BDD-9DE2-64A83CC13884): 2
LogDevObjectVersion:   Dev-LoadTimes (C2A15278-BFE7-4AFE-6C17-90FF531DF755): 1
LogDevObjectVersion:   Private-Geometry (6EACA3D4-40EC-4CC1-B786-8BED09428FC5): 3
LogDevObjectVersion:   Dev-AnimPhys (29E575DD-E0A3-4627-9D10-D276232CDCEA): 17
LogDevObjectVersion:   Dev-ReflectionCapture (6B266CEC-1EC7-4B8F-A30B-E4D90942FC07): 1
LogDevObjectVersion:   Dev-Automation (0DF73D61-A23F-47EA-B727-89E90C41499A): 1
LogDevObjectVersion:   FortniteMain (601D1886-AC64-4F84-AA16-D3DE0DEAC7D6): 12
LogDevObjectVersion:   Dev-Enterprise (9DFFBCD6-494F-0158-E221-12823C92A888): 1
LogStreaming: Display: Took  0.001s to delete old logs.
LogInit: Presizing for max 8388607 objects, including 0 objects not considered by GC, pre-allocating 0 bytes for permanent pool.
LogInit: Object subsystem initialized
[2019.02.16-15.00.19:431][  0]LogInit: Selected Device Profile: [Windows]
[2019.02.16-15.00.19:431][  0]LogInit: Applying CVar settings loaded from the selected device profile: [Windows]
[2019.02.16-15.00.19:443][  0]LogHAL: Display: Platform has ~ 16 GB [17136545792 / 17179869184 / 16], which maps to Larger [LargestMinGB=32, LargerMinGB=12, DefaultMinGB=8, SmallerMinGB=6, SmallestMinGB=0)
[2019.02.16-15.00.19:443][  0]LogInit: Setting Device Profile CVar: [[r.Vulkan.UseRealUBs:1]]
[2019.02.16-15.00.19:443][  0]LogInit: Going up to parent DeviceProfile []
[2019.02.16-15.00.19:443][  0]LogInit: Computer: RENZY-GAMING
[2019.02.16-15.00.19:444][  0]LogInit: User: Renzy
[2019.02.16-15.00.19:444][  0]LogInit: CPU Page size=4096, Cores=4
[2019.02.16-15.00.19:444][  0]LogInit: High frequency timer resolution =3.421875 MHz
[2019.02.16-15.00.19:444][  0]LogMemory: Memory total: Physical=16.0GB (16GB approx)
[2019.02.16-15.00.19:445][  0]LogMemory: Platform Memory Stats for Windows
[2019.02.16-15.00.19:445][  0]LogMemory: Process Physical Memory: 101.23 MB used, 101.23 MB peak
[2019.02.16-15.00.19:446][  0]LogMemory: Process Virtual Memory: 84.32 MB used, 84.32 MB peak
[2019.02.16-15.00.19:446][  0]LogMemory: Physical Memory: 7121.07 MB used,  9221.61 MB free, 16342.68 MB total
[2019.02.16-15.00.19:446][  0]LogMemory: Virtual Memory: 4625.35 MB used,  9221.61 MB free, 134217728.00 MB total
[2019.02.16-15.00.19:534][  0]LogInit: Using OS detected language (en-US).
[2019.02.16-15.00.19:534][  0]LogInit: Using OS detected locale (en-CA).
[2019.02.16-15.00.19:535][  0]LogTextLocalizationManager: No specific localization for 'en-US' exists, so the 'en' localization will be used.
[2019.02.16-15.00.19:858][  0]LogStreaming: Display: Took  0.324s to InitEngineTextLocalization.
[2019.02.16-15.00.19:858][  0]LogInit: Setting process to per monitor DPI aware
[2019.02.16-15.00.19:904][  0]LogSlate: New Slate User Created.  User Index 0, Is Virtual User: 0
[2019.02.16-15.00.19:904][  0]LogSlate: Slate User Registered.  User Index 0, Is Virtual User: 0
[2019.02.16-15.00.20:159][  0]LogHMD: Failed to initialize OpenVR with code 110
[2019.02.16-15.00.20:159][  0]LogD3D11RHI: D3D11 adapters:
[2019.02.16-15.00.20:217][  0]LogD3D11RHI:    0. 'NVIDIA GeForce GTX 1060 6GB' (Feature Level 11_0)
[2019.02.16-15.00.20:217][  0]LogD3D11RHI:       6052/0/8171 MB DedicatedVideo/DedicatedSystem/SharedSystem, Outputs:2, VendorId:0x10de
[2019.02.16-15.00.20:222][  0]LogD3D11RHI:    1. 'Microsoft Basic Render Driver' (Feature Level 11_0)
[2019.02.16-15.00.20:222][  0]LogD3D11RHI:       0/0/8171 MB DedicatedVideo/DedicatedSystem/SharedSystem, Outputs:0, VendorId:0x1414
[2019.02.16-15.00.20:222][  0]LogD3D11RHI: Chosen D3D11 Adapter: 0
[2019.02.16-15.00.20:228][  0]LogD3D11RHI: Creating new Direct3DDevice
[2019.02.16-15.00.20:228][  0]LogD3D11RHI:     GPU DeviceId: 0x1c03 (for the marketing name, search the web for "GPU Device Id")
[2019.02.16-15.00.20:228][  0]LogWindows: EnumDisplayDevices:
[2019.02.16-15.00.20:229][  0]LogWindows:    0. 'NVIDIA GeForce GTX 1060 6GB' (P:1 D:1)
[2019.02.16-15.00.20:229][  0]LogWindows:    1. 'NVIDIA GeForce GTX 1060 6GB' (P:0 D:1)
[2019.02.16-15.00.20:230][  0]LogWindows:    2. 'NVIDIA GeForce GTX 1060 6GB' (P:0 D:0)
[2019.02.16-15.00.20:230][  0]LogWindows:    3. 'NVIDIA GeForce GTX 1060 6GB' (P:0 D:0)
[2019.02.16-15.00.20:230][  0]LogWindows: DebugString: FoundDriverCount:4 
[2019.02.16-15.00.20:230][  0]LogD3D11RHI:     Adapter Name: NVIDIA GeForce GTX 1060 6GB
[2019.02.16-15.00.20:230][  0]LogD3D11RHI:   Driver Version: 418.81 (internal:25.21.14.1881, unified:418.81)
[2019.02.16-15.00.20:230][  0]LogD3D11RHI:      Driver Date: 1-30-2019
[2019.02.16-15.00.20:230][  0]LogRHI: Texture pool is 4236 MB (70% of 6052 MB)
[2019.02.16-15.00.20:265][  0]LogD3D11RHI: Async texture creation enabled
[2019.02.16-15.00.20:284][  0]LogD3D11RHI: GPU Timing Frequency: 1000.000000 (Debug: 2 1)
[2019.02.16-15.00.20:375][  0]LogShaderCompilers: Guid format shader working directory is -64 characters bigger than the processId version (../../../../../../Renzy/Documents/Algonquin/Term 4/GAM1528 - High Level Development 2/Assignments/GOOB-master/Intermediate/Shaders/WorkingDirectory/13620/).
[2019.02.16-15.00.20:375][  0]LogShaderCompilers: Cleaned the shader compiler working directory 'C:/Users/Renzy/AppData/Local/Temp/UnrealShaderWorkingDir/6B20C73C4B735C1D1A2B50A4F8F79092/'.
[2019.02.16-15.00.20:616][  0]LogTemp: Display: Loaded TP AllDesktopTargetPlatform
[2019.02.16-15.00.20:630][  0]LogTemp: Display: Loaded TP MacClientTargetPlatform
[2019.02.16-15.00.20:641][  0]LogTemp: Display: Loaded TP MacNoEditorTargetPlatform
[2019.02.16-15.00.20:653][  0]LogTemp: Display: Loaded TP MacServerTargetPlatform
[2019.02.16-15.00.20:665][  0]LogTemp: Display: Loaded TP MacTargetPlatform
[2019.02.16-15.00.20:677][  0]LogTemp: Display: Loaded TP WindowsClientTargetPlatform
[2019.02.16-15.00.20:690][  0]LogTemp: Display: Loaded TP WindowsNoEditorTargetPlatform
[2019.02.16-15.00.20:703][  0]LogTemp: Display: Loaded TP WindowsServerTargetPlatform
[2019.02.16-15.00.20:710][  0]LogTemp: Display: Loaded TP WindowsTargetPlatform
[2019.02.16-15.00.20:775][  0]LogTemp: Display: Loaded TP AndroidTargetPlatform
[2019.02.16-15.00.20:776][  0]LogTemp: Display: Loaded TP AndroidTargetPlatform
[2019.02.16-15.00.20:776][  0]LogTemp: Display: Loaded TP AndroidTargetPlatform
[2019.02.16-15.00.20:776][  0]LogTemp: Display: Loaded TP AndroidTargetPlatform
[2019.02.16-15.00.20:776][  0]LogTemp: Display: Loaded TP AndroidTargetPlatform
[2019.02.16-15.00.20:776][  0]LogTemp: Display: Loaded TP AndroidTargetPlatform
[2019.02.16-15.00.20:776][  0]LogTemp: Display: Loaded TP AndroidTargetPlatform
[2019.02.16-15.00.20:776][  0]LogTemp: Display: Loaded TP AndroidTargetPlatform
[2019.02.16-15.00.20:776][  0]LogTemp: Display: Loaded TP AndroidTargetPlatform
[2019.02.16-15.00.20:776][  0]LogTemp: Display: Loaded TP AndroidTargetPlatform
[2019.02.16-15.00.20:776][  0]LogTemp: Display: Loaded TP AndroidTargetPlatform
[2019.02.16-15.00.20:777][  0]LogTemp: Display: Loaded TP AndroidTargetPlatform
[2019.02.16-15.00.20:777][  0]LogTemp: Display: Loaded TP AndroidTargetPlatform
[2019.02.16-15.00.20:777][  0]LogTemp: Display: Loaded TP AndroidTargetPlatform
[2019.02.16-15.00.20:777][  0]LogTemp: Display: Loaded TP AndroidTargetPlatform
[2019.02.16-15.00.20:777][  0]LogTemp: Display: Loaded TP AndroidTargetPlatform
[2019.02.16-15.00.20:777][  0]LogTemp: Display: Loaded TP AndroidTargetPlatform
[2019.02.16-15.00.20:777][  0]LogTemp: Display: Loaded TP AndroidTargetPlatform
[2019.02.16-15.00.20:780][  0]LogTemp: Display: Loaded TP HTML5TargetPlatform
[2019.02.16-15.00.20:844][  0]LogTemp: Display: Loaded TP IOSTargetPlatform
[2019.02.16-15.00.20:844][  0]LogTemp: Display: Loaded TP IOSTargetPlatform
[2019.02.16-15.00.20:865][  0]LogTemp: Display: Loaded TP TVOSTargetPlatform
[2019.02.16-15.00.20:865][  0]LogTemp: Display: Loaded TP TVOSTargetPlatform
[2019.02.16-15.00.20:877][  0]LogTemp: Display: Loaded TP LinuxClientTargetPlatform
[2019.02.16-15.00.20:889][  0]LogTemp: Display: Loaded TP LinuxNoEditorTargetPlatform
[2019.02.16-15.00.20:902][  0]LogTemp: Display: Loaded TP LinuxServerTargetPlatform
[2019.02.16-15.00.20:917][  0]LogTemp: Display: Loaded TP LinuxTargetPlatform
[2019.02.16-15.00.20:926][  0]LogTemp: Display: Loaded TP LuminTargetPlatform
[2019.02.16-15.00.20:927][  0]LogTargetPlatformManager: Display: Building Assets For Windows
[2019.02.16-15.00.21:033][  0]LogXGEController: Cleaning working directory: C:/Users/Renzy/AppData/Local/Temp/UnrealXGEWorkingDir/
[2019.02.16-15.00.21:033][  0]LogXGEController: Cannot use XGE Controller as Incredibuild is not installed on this machine.
[2019.02.16-15.00.21:034][  0]LogShaderCompilers: Cannot use XGE Shader Compiler as Incredibuild is not installed on this machine.
[2019.02.16-15.00.21:034][  0]LogShaderCompilers: Display: Using Local Shader Compiler.
[2019.02.16-15.00.21:577][  0]LogDerivedDataCache: Display: Max Cache Size: 512 MB
[2019.02.16-15.00.21:622][  0]LogDerivedDataCache: Loaded boot cache 0.05s 71MB C:/Users/Renzy/AppData/Local/UnrealEngine/4.20/DerivedDataCache/Boot.ddc.
[2019.02.16-15.00.21:623][  0]LogDerivedDataCache: Display: Loaded Boot cache: C:/Users/Renzy/AppData/Local/UnrealEngine/4.20/DerivedDataCache/Boot.ddc
[2019.02.16-15.00.21:623][  0]LogDerivedDataCache: FDerivedDataBackendGraph:  Pak pak cache file ../../../../../../Renzy/Documents/Algonquin/Term 4/GAM1528 - High Level Development 2/Assignments/GOOB-master/DerivedDataCache/DDC.ddp not found, will not use a pak cache.
[2019.02.16-15.00.21:624][  0]LogDerivedDataCache: Unable to find inner node Pak for hierarchical cache Hierarchy.
[2019.02.16-15.00.21:624][  0]LogDerivedDataCache: FDerivedDataBackendGraph:  CompressedPak pak cache file ../../../../../../Renzy/Documents/Algonquin/Term 4/GAM1528 - High Level Development 2/Assignments/GOOB-master/DerivedDataCache/Compressed.ddp not found, will not use a pak cache.
[2019.02.16-15.00.21:625][  0]LogDerivedDataCache: Unable to find inner node CompressedPak for hierarchical cache Hierarchy.
[2019.02.16-15.00.21:636][  0]LogDerivedDataCache: Display: Pak cache opened for reading ../../../Engine/DerivedDataCache/Compressed.ddp.
[2019.02.16-15.00.21:648][  0]LogDerivedDataCache: Using Local data cache path C:/Users/Renzy/AppData/Local/UnrealEngine/Common/DerivedDataCache: Writable
[2019.02.16-15.00.21:648][  0]LogDerivedDataCache: Shared data cache path not found in *engine.ini, will not use an Shared cache.
[2019.02.16-15.00.21:648][  0]LogDerivedDataCache: Unable to find inner node Shared for hierarchical cache Hierarchy.
[2019.02.16-15.00.21:663][  0]LogMaterial: Verifying Global Shaders for PCD3D_SM5
[2019.02.16-15.00.21:664][  0]LogSlate: Using FreeType 2.6.0
[2019.02.16-15.00.21:665][  0]LogSlate: SlateFontServices - WITH_FREETYPE: 1, WITH_HARFBUZZ: 1
[2019.02.16-15.00.21:739][  0]LogAssetRegistry: FAssetRegistry took 0.0274 seconds to start up
[2019.02.16-15.00.21:980][  0]LogInit: Selected Device Profile: [Windows]
[2019.02.16-15.00.22:110][  0]LogSimplygon: Simplygon DLL not present - disabling.
[2019.02.16-15.00.22:118][  0]LogMeshReduction: Using SimplygonSwarm for distributed automatic mesh merging
[2019.02.16-15.00.22:118][  0]LogMeshReduction: Using ProxyLODMeshReduction for automatic mesh merging
[2019.02.16-15.00.22:119][  0]LogMeshReduction: Using QuadricMeshReduction for automatic static mesh reduction
[2019.02.16-15.00.22:119][  0]LogMeshReduction: No automatic skeletal mesh reduction module available
[2019.02.16-15.00.22:138][  0]LogNetVersion: Terminus_22XX 1.0.0, NetCL: 4212847, EngineNetVer: 5, GameNetVer: 0 (Checksum: 1011408813)
[2019.02.16-15.00.22:686][  0]LogPackageLocalizationCache: Processed 11 localized package path(s) for 2 prioritized culture(s) in 0.116339 seconds
[2019.02.16-15.00.22:692][  0]LogUObjectArray: 38425 objects as part of root set at end of initial load.
[2019.02.16-15.00.22:692][  0]LogUObjectAllocator: 6690864 out of 0 bytes used by permanent object pool.
[2019.02.16-15.00.22:692][  0]LogUObjectArray: CloseDisregardForGC: 0/0 objects in disregard for GC pool
[2019.02.16-15.00.23:624][  0]LogTcpMessaging: Initializing TcpMessaging bridge
[2019.02.16-15.00.23:645][  0]LogUdpMessaging: Initializing bridge on interface 0.0.0.0:0 to multicast group 230.0.0.1:6666.
[2019.02.16-15.00.24:769][  0]SourceControl: Source control is disabled
[2019.02.16-15.00.24:769][  0]SourceControl: Source control is disabled
[2019.02.16-15.00.24:773][  0]SourceControl: Source control is disabled
[2019.02.16-15.00.24:775][  0]SourceControl: Source control is disabled
[2019.02.16-15.00.25:063][  0]LogAndroidPermission: UAndroidPermissionCallbackProxy::GetInstance
[2019.02.16-15.00.25:217][  0]LogOcInput: OculusInput pre-init called
[2019.02.16-15.00.25:286][  0]LogEngine: Initializing Engine...
[2019.02.16-15.00.25:286][  0]LogHMD: Failed to initialize OpenVR with code 110
[2019.02.16-15.00.25:288][  0]LogStats: UGameplayTagsManager::ConstructGameplayTagTree: ImportINI prefixes -  0.000 s
[2019.02.16-15.00.25:288][  0]LogStats: UGameplayTagsManager::ConstructGameplayTagTree: Construct from data asset -  0.000 s
[2019.02.16-15.00.25:288][  0]LogStats: UGameplayTagsManager::ConstructGameplayTagTree: ImportINI -  0.000 s
[2019.02.16-15.00.25:288][  0]LogStats: UGameplayTagsManager::ConstructGameplayTagTree: GameplayTagTreeChangedEvent.Broadcast -  0.000 s
[2019.02.16-15.00.25:452][  0]LogInit: Initializing FReadOnlyCVARCache
[2019.02.16-15.00.25:462][  0]LogAIModule: Creating AISystem for world Untitled
[2019.02.16-15.00.25:491][  0]LogInit: XAudio2 using 'Speakers (Sound BlasterX AE-5)' : 6 channels at 48 kHz using 32 bits per sample (channel mask 0x3f)
[2019.02.16-15.00.25:518][  0]LogInit: FAudioDevice initialized.
[2019.02.16-15.00.25:518][  0]LogNetVersion: Set ProjectVersion to 1.0.0.0. Version Checksum will be recalculated on next use.
[2019.02.16-15.00.25:578][  0]LogDerivedDataCache: Saved boot cache 0.06s 71MB C:/Users/Renzy/AppData/Local/UnrealEngine/4.20/DerivedDataCache/Boot.ddc.
[2019.02.16-15.00.25:588][  0]LogInit: Texture streaming: Enabled
[2019.02.16-15.00.25:606][  0]LogEngineSessionManager: EngineSessionManager initialized
[2019.02.16-15.00.25:614][  0]LogInit: Transaction tracking system initialized
[2019.02.16-15.00.25:642][  0]BlueprintLog: New page: Editor Load
[2019.02.16-15.00.25:751][  0]LocalizationService: Localization service is disabled
[2019.02.16-15.00.26:015][  0]LogCook: Display: Max memory allowance for cook 16384mb min free memory 0mb
[2019.02.16-15.00.26:015][  0]LogCook: Display: Mobile HDR setting 1
[2019.02.16-15.00.26:015][  0]LogGameplayTags: Display: UGameplayTagsManager::DoneAddingNativeTags. DelegateIsBound: 0
[2019.02.16-15.00.26:015][  0]LogStats: UGameplayTagsManager::ConstructGameplayTagTree: ImportINI prefixes -  0.000 s
[2019.02.16-15.00.26:015][  0]LogStats: UGameplayTagsManager::ConstructGameplayTagTree: Construct from data asset -  0.000 s
[2019.02.16-15.00.26:016][  0]LogStats: UGameplayTagsManager::ConstructGameplayTagTree: ImportINI -  0.000 s
[2019.02.16-15.00.26:016][  0]LogStats: UGameplayTagsManager::ConstructGameplayTagTree: GameplayTagTreeChangedEvent.Broadcast -  0.000 s
[2019.02.16-15.00.26:174][  0]LogFileCache: Scanning file cache for directory 'F:/Renzy/Documents/Algonquin/Term 4/GAM1528 - High Level Development 2/Assignments/GOOB-master/Content/' took 0.02s
[2019.02.16-15.00.26:174][  0]SourceControl: Source control is disabled
[2019.02.16-15.00.26:174][  0]Cmd: MAP LOAD FILE="../../../../../../Renzy/Documents/Algonquin/Term 4/GAM1528 - High Level Development 2/Assignments/GOOB-master/Content/Levels/Test_Level.umap" TEMPLATE=0 SHOWPROGRESS=1 FEATURELEVEL=3
[2019.02.16-15.00.26:175][  0]LightingResults: New page: Lighting Build
[2019.02.16-15.00.26:178][  0]MapCheck: New page: Map Check
[2019.02.16-15.00.26:178][  0]LightingResults: New page: Lighting Build
[2019.02.16-15.00.26:224][  0]LogAIModule: Creating AISystem for world Test_Level
[2019.02.16-15.00.26:231][  0]LogEditorServer: Finished looking for orphan Actors (0.000 secs)
[2019.02.16-15.00.26:250][  0]Cmd: MAP CHECKDEP NOCLEARLOG
[2019.02.16-15.00.26:302][  0]MapCheck: Map check complete: 0 Error(s), 0 Warning(s), took 51.807ms to complete.
[2019.02.16-15.00.26:302][  0]LogFileHelpers: Loading map 'Test_Level' took 0.128
[2019.02.16-15.00.26:431][  0]LogSlate: Updating window title bar state: overlay mode, drag disabled, window buttons hidden, title bar hidden
[2019.02.16-15.00.26:438][  0]LogSlate: Updating window title bar state: overlay mode, drag disabled, window buttons hidden, title bar hidden
[2019.02.16-15.00.26:444][  0]LogSlate: Updating window title bar state: overlay mode, drag disabled, window buttons hidden, title bar hidden
[2019.02.16-15.00.26:450][  0]LogSlate: Updating window title bar state: overlay mode, drag disabled, window buttons hidden, title bar hidden
[2019.02.16-15.00.26:456][  0]LogCollectionManager: Loaded 0 collections in 0.001111 seconds
[2019.02.16-15.00.26:507][  0]LogFileCache: Scanning file cache for directory 'F:/Renzy/Documents/Algonquin/Term 4/GAM1528 - High Level Development 2/Assignments/GOOB-master/Saved/Collections/' took 0.01s
[2019.02.16-15.00.26:507][  0]LogFileCache: Scanning file cache for directory 'F:/Renzy/Documents/Algonquin/Term 4/GAM1528 - High Level Development 2/Assignments/GOOB-master/Content/Developers/Renzy/Collections/' took 0.01s
[2019.02.16-15.00.26:507][  0]LogFileCache: Scanning file cache for directory 'F:/Renzy/Documents/Algonquin/Term 4/GAM1528 - High Level Development 2/Assignments/GOOB-master/Content/Collections/' took 0.01s
[2019.02.16-15.00.26:508][  0]LogCollectionManager: Rebuilt the GUID cache for 0 collections in 0.000000 seconds
[2019.02.16-15.00.26:515][  0]LogContentBrowser: Native class hierarchy populated in 0.0072 seconds. Added 2577 classes and 605 folders.
[2019.02.16-15.00.26:520][  0]LogContentBrowser: Native class hierarchy updated for 'WidgetCarousel' in 0.0003 seconds. Added 0 classes and 0 folders.
[2019.02.16-15.00.26:575][  0]LogContentBrowser: Native class hierarchy updated for 'AddContentDialog' in 0.0004 seconds. Added 0 classes and 0 folders.
[2019.02.16-15.00.26:580][  0]LogContentBrowser: Native class hierarchy updated for 'SceneOutliner' in 0.0005 seconds. Added 1 classes and 2 folders.
[2019.02.16-15.00.26:667][  0]LogContentBrowser: Native class hierarchy updated for 'HierarchicalLODOutliner' in 0.0004 seconds. Added 0 classes and 0 folders.
[2019.02.16-15.00.26:667][  0]LogLoad: (Engine Initialization) Total time: 9.10 seconds
[2019.02.16-15.00.26:667][  0]LogLoad: (Engine Initialization) Total Blueprint compile time: 0.00 seconds
[2019.02.16-15.00.26:677][  0]LogWindowsTextInputMethodSystem: Display: IME system now deactivated.
[2019.02.16-15.00.26:694][  0]LogAssetRegistry: Asset discovery search completed in 4.9796 seconds
[2019.02.16-15.00.26:696][  0]LogCollectionManager: Rebuilt the object cache for 0 collections in 0.000000 seconds (found 0 objects)
[2019.02.16-15.00.26:696][  0]LogCollectionManager: Fixed up redirectors for 0 collections in 0.000103 seconds (updated 0 objects)
[2019.02.16-15.00.26:697][  0]LogContentStreaming: Texture pool size now 1000 MB
[2019.02.16-15.00.26:702][  0]LogSlate: Took 0.000200 seconds to synchronously load lazily loaded font '../../../Engine/Content/Slate/Fonts/Roboto-Regular.ttf' (155K)
[2019.02.16-15.00.26:703][  0]LogSlate: Took 0.000172 seconds to synchronously load lazily loaded font '../../../Engine/Content/Slate/Fonts/Roboto-Bold.ttf' (160K)
[2019.02.16-15.00.26:707][  0]LogSlate: Took 0.000212 seconds to synchronously load lazily loaded font '../../../Engine/Content/Editor/Slate/Fonts/FontAwesome.ttf' (139K)
[2019.02.16-15.00.26:793][  0]LogRenderer: Reallocating scene render targets to support 804x360 Format 10 NumSamples 1 (Frame:1).
[2019.02.16-15.00.26:838][  0]LogSlate: Took 0.000182 seconds to synchronously load lazily loaded font '../../../Engine/Content/Slate/Fonts/Roboto-Light.ttf' (167K)
[2019.02.16-15.00.30:363][414]LogSlate: FSceneViewport::OnFocusLost() reason 0
[2019.02.16-15.00.36:200][106]LogSlate: Took 0.000234 seconds to synchronously load lazily loaded font '../../../Engine/Content/Slate/Fonts/Roboto-Light.ttf' (167K)
[2019.02.16-15.00.36:235][106]LogSlate: Took 0.000246 seconds to synchronously load lazily loaded font '../../../Engine/Content/Slate/Fonts/Roboto-BoldCondensed.ttf' (158K)
[2019.02.16-15.00.38:052][322]LogAssetEditorManager: Opening Asset editor for Blueprint /Game/Blueprints/MyBaseBullet.MyBaseBullet
[2019.02.16-15.00.38:422][322]LogContentBrowser: Native class hierarchy updated for 'BlueprintGraph' in 0.0006 seconds. Added 116 classes and 0 folders.
[2019.02.16-15.00.39:009][322]LogSlate: Window 'Add Blueprint Class' being destroyed
[2019.02.16-15.00.39:096][322]LogRenderer: Reallocating scene render targets to support 1144x712 Format 10 NumSamples 1 (Frame:1).
[2019.02.16-15.00.42:012][663]LogSlate: Took 0.000201 seconds to synchronously load lazily loaded font '../../../Engine/Content/Slate/Fonts/Roboto-Italic.ttf' (157K)
[2019.02.16-15.01.03:464][234]LogSlate: Window 'MyBaseBullet*' being destroyed
[2019.02.16-15.01.03:467][234]LogSlate: Window 'MyBaseBullet*' being destroyed
[2019.02.16-15.01.08:490][826]LogAssetEditorManager: Opening Asset editor for Blueprint /Game/Blueprints/Test2BaseBullet.Test2BaseBullet
[2019.02.16-15.01.11:016][ 94]LogSlate: Window 'Test2BaseBullet' being destroyed
[2019.02.16-15.01.11:072][ 94]LogAssetEditorManager: Opening Asset editor for Blueprint /Game/Blueprints/Test2BaseBullet.Test2BaseBullet
[2019.02.16-15.09.41:474][351]LogSlate: Window 'Test2BaseBullet*' being destroyed
[2019.02.16-15.09.41:477][351]LogSlate: Window 'Test2BaseBullet*' being destroyed
[2019.02.16-15.09.53:345][908]LogSlate: Window 'Replace References?' being destroyed
[2019.02.16-15.09.53:346][908]LogSlate: Window 'Delete Assets' being destroyed
[2019.02.16-15.09.53:381][908]LogSavePackage: Moving '../../../../../../Renzy/Documents/Algonquin/Term 4/GAM1528 - High Level Development 2/Assignments/GOOB-master/Saved/MyBaseBulletAE3AB0544F9B89AAD9D363A4AC2083CD.tmp' to '../../../../../../Renzy/Documents/Algonquin/Term 4/GAM1528 - High Level Development 2/Assignments/GOOB-master/Content/Blueprints/MyBaseBullet.uasset'
[2019.02.16-15.10.00:663][908]LogSlate: Window 'Save Content' being destroyed
[2019.02.16-15.10.00:706][908]LogSavePackage: Moving '../../../../../../Renzy/Documents/Algonquin/Term 4/GAM1528 - High Level Development 2/Assignments/GOOB-master/Saved/Test2BaseBullet0470BB8E41F71D0E2C8BE68EE2DEA8E5.tmp' to '../../../../../../Renzy/Documents/Algonquin/Term 4/GAM1528 - High Level Development 2/Assignments/GOOB-master/Content/Blueprints/Test2BaseBullet.uasset'
[2019.02.16-15.10.06:891][536]LogSlate: Window 'Delete Assets' being destroyed
[2019.02.16-15.10.07:676][594]LogAssetEditorManager: Opening Asset editor for Blueprint /Game/Blueprints/MyBaseBullet.MyBaseBullet
[2019.02.16-15.10.09:446][776]LogSlate: Window 'MyBaseBullet' being destroyed
[2019.02.16-15.10.09:538][776]LogAssetEditorManager: Opening Asset editor for Blueprint /Game/Blueprints/MyBaseBullet.MyBaseBullet
[2019.02.16-15.10.53:427][503]BlueprintLog: New page: Compile MyBaseBullet
[2019.02.16-15.10.53:589][503]LogSavePackage: Moving '../../../../../../Renzy/Documents/Algonquin/Term 4/GAM1528 - High Level Development 2/Assignments/GOOB-master/Saved/MyBaseBullet5AAAF6304BAACA010D09A9B3637A771E.tmp' to '../../../../../../Renzy/Documents/Algonquin/Term 4/GAM1528 - High Level Development 2/Assignments/GOOB-master/Content/Blueprints/MyBaseBullet.uasset'
[2019.02.16-15.10.55:485][693]LogRenderer: Reallocating scene render targets to support 1208x712 Format 10 NumSamples 1 (Frame:97).
[2019.02.16-15.10.56:333][791]LogTemp: Repeating last play command: Selected Viewport
[2019.02.16-15.10.56:356][791]LogPlayLevel: PlayLevel: No blueprints needed recompiling
[2019.02.16-15.10.56:369][791]PIE: New page: PIE session: Test_Level (Feb 16, 2019, 5:10:56 AM)
[2019.02.16-15.10.56:369][791]LogPlayLevel: Creating play world package: /Game/Levels/UEDPIE_0_Test_Level
[2019.02.16-15.10.56:381][791]LogPlayLevel: PIE: StaticDuplicateObject took: (0.010997s)
[2019.02.16-15.10.56:381][791]LogAIModule: Creating AISystem for world Test_Level
[2019.02.16-15.10.56:381][791]LogPlayLevel: PIE: World Init took: (0.000732s)
[2019.02.16-15.10.56:382][791]LogPlayLevel: PIE: Created PIE world by copying editor world from /Game/Levels/Test_Level.Test_Level to /Game/Levels/UEDPIE_0_Test_Level.Test_Level (0.012104s)
[2019.02.16-15.10.56:428][791]LogInit: XAudio2 using 'Speakers (Sound BlasterX AE-5)' : 6 channels at 48 kHz using 32 bits per sample (channel mask 0x3f)
[2019.02.16-15.10.56:443][791]LogInit: FAudioDevice initialized.
[2019.02.16-15.10.56:557][791]LogLoad: Game class is 'Test_Terminus_22XXGameModeBase_C'
[2019.02.16-15.10.56:560][791]LogWorld: Bringing World /Game/Levels/UEDPIE_0_Test_Level.Test_Level up for play (max tick rate 0) at 2019.02.16-10.10.56
[2019.02.16-15.10.56:560][791]LogWorld: Bringing up level for play took: 0.001555
[2019.02.16-15.10.56:578][791]LogContentBrowser: Native class hierarchy updated for 'MovieSceneCapture' in 0.0006 seconds. Added 10 classes and 0 folders.
[2019.02.16-15.10.56:580][791]PIE: Play in editor start time for /Game/Levels/UEDPIE_0_Test_Level 0.917
[2019.02.16-15.10.58:632][ 32]LogSlate: Updating window title bar state: overlay mode, drag disabled, window buttons hidden, title bar hidden
[2019.02.16-15.10.58:670][ 32]LogPlayLevel: Display: Shutting down PIE online subsystems
[2019.02.16-15.10.58:695][ 32]LogSlate: Updating window title bar state: overlay mode, drag disabled, window buttons hidden, title bar hidden
[2019.02.16-15.10.58:733][ 34]LogPlayLevel: Display: Destroying online subsystem :Context_11
[2019.02.16-15.10.59:617][140]LogSlate: FSceneViewport::OnFocusLost() reason 0
[2019.02.16-15.10.59:803][160]LogAssetEditorManager: Opening Asset editor for Blueprint /Game/Blueprints/TestT22XX_Shotgun.TestT22XX_Shotgun
[2019.02.16-15.11.01:154][286]LogAssetEditorManager: Opening Asset editor for Blueprint /Game/Blueprints/TestT22XX_Shotgun.TestT22XX_Shotgun
[2019.02.16-15.11.02:320][396]LogSlate: Prevented a slow task dialog from being summoned while a context menu was open
[2019.02.16-15.11.05:262][744]BlueprintLog: New page: Compile TestT22XX_Shotgun
[2019.02.16-15.11.05:415][744]LogSavePackage: Moving '../../../../../../Renzy/Documents/Algonquin/Term 4/GAM1528 - High Level Development 2/Assignments/GOOB-master/Saved/TestT22XX_Shotgun95E8629E4C80D0C1658CA48A34C482D8.tmp' to '../../../../../../Renzy/Documents/Algonquin/Term 4/GAM1528 - High Level Development 2/Assignments/GOOB-master/Content/Blueprints/TestT22XX_Shotgun.uasset'
[2019.02.16-15.11.06:426][860]LogTemp: Repeating last play command: Selected Viewport
[2019.02.16-15.11.06:446][860]LogPlayLevel: PlayLevel: No blueprints needed recompiling
[2019.02.16-15.11.06:446][860]PIE: New page: PIE session: Test_Level (Feb 16, 2019, 5:11:06 AM)
[2019.02.16-15.11.06:446][860]LogPlayLevel: Creating play world package: /Game/Levels/UEDPIE_0_Test_Level
[2019.02.16-15.11.06:457][860]LogPlayLevel: PIE: StaticDuplicateObject took: (0.011026s)
[2019.02.16-15.11.06:458][860]LogAIModule: Creating AISystem for world Test_Level
[2019.02.16-15.11.06:458][860]LogPlayLevel: PIE: World Init took: (0.000650s)
[2019.02.16-15.11.06:458][860]LogPlayLevel: PIE: Created PIE world by copying editor world from /Game/Levels/Test_Level.Test_Level to /Game/Levels/UEDPIE_0_Test_Level.Test_Level (0.011967s)
[2019.02.16-15.11.06:504][860]LogInit: XAudio2 using 'Speakers (Sound BlasterX AE-5)' : 6 channels at 48 kHz using 32 bits per sample (channel mask 0x3f)
[2019.02.16-15.11.06:518][860]LogInit: FAudioDevice initialized.
[2019.02.16-15.11.06:548][860]LogLoad: Game class is 'Test_Terminus_22XXGameModeBase_C'
[2019.02.16-15.11.06:549][860]LogWorld: Bringing World /Game/Levels/UEDPIE_0_Test_Level.Test_Level up for play (max tick rate 0) at 2019.02.16-10.11.06
[2019.02.16-15.11.06:549][860]LogWorld: Bringing up level for play took: 0.001008
[2019.02.16-15.11.06:563][860]PIE: Play in editor start time for /Game/Levels/UEDPIE_0_Test_Level 0.9
[2019.02.16-15.11.10:436][321]LogSlate: Updating window title bar state: overlay mode, drag disabled, window buttons hidden, title bar hidden
[2019.02.16-15.11.10:472][321]LogPlayLevel: Display: Shutting down PIE online subsystems
[2019.02.16-15.11.10:497][321]LogSlate: Updating window title bar state: overlay mode, drag disabled, window buttons hidden, title bar hidden
[2019.02.16-15.11.10:542][324]LogPlayLevel: Display: Destroying online subsystem :Context_17
[2019.02.16-15.11.11:414][428]LogSlate: FSceneViewport::OnFocusLost() reason 0
[2019.02.16-15.11.18:741][301]BlueprintLog: New page: Compile MyBaseBullet
[2019.02.16-15.11.18:890][301]LogSavePackage: Moving '../../../../../../Renzy/Documents/Algonquin/Term 4/GAM1528 - High Level Development 2/Assignments/GOOB-master/Saved/MyBaseBulletBFCBA2C34D763B4E44E2928563B787F8.tmp' to '../../../../../../Renzy/Documents/Algonquin/Term 4/GAM1528 - High Level Development 2/Assignments/GOOB-master/Content/Blueprints/MyBaseBullet.uasset'
[2019.02.16-15.11.19:816][407]LogSlate: FSceneViewport::OnFocusLost() reason 0
[2019.02.16-15.11.19:890][416]LogTemp: Repeating last play command: Selected Viewport
[2019.02.16-15.11.19:910][416]LogPlayLevel: PlayLevel: No blueprints needed recompiling
[2019.02.16-15.11.19:910][416]PIE: New page: PIE session: Test_Level (Feb 16, 2019, 5:11:19 AM)
[2019.02.16-15.11.19:910][416]LogPlayLevel: Creating play world package: /Game/Levels/UEDPIE_0_Test_Level
[2019.02.16-15.11.19:921][416]LogPlayLevel: PIE: StaticDuplicateObject took: (0.010841s)
[2019.02.16-15.11.19:922][416]LogAIModule: Creating AISystem for world Test_Level
[2019.02.16-15.11.19:922][416]LogPlayLevel: PIE: World Init took: (0.000640s)
[2019.02.16-15.11.19:922][416]LogPlayLevel: PIE: Created PIE world by copying editor world from /Game/Levels/Test_Level.Test_Level to /Game/Levels/UEDPIE_0_Test_Level.Test_Level (0.011848s)
[2019.02.16-15.11.19:968][416]LogInit: XAudio2 using 'Speakers (Sound BlasterX AE-5)' : 6 channels at 48 kHz using 32 bits per sample (channel mask 0x3f)
[2019.02.16-15.11.19:983][416]LogInit: FAudioDevice initialized.
[2019.02.16-15.11.20:014][416]LogLoad: Game class is 'Test_Terminus_22XXGameModeBase_C'
[2019.02.16-15.11.20:015][416]LogWorld: Bringing World /Game/Levels/UEDPIE_0_Test_Level.Test_Level up for play (max tick rate 0) at 2019.02.16-10.11.20
[2019.02.16-15.11.20:016][416]LogWorld: Bringing up level for play took: 0.001189
[2019.02.16-15.11.20:029][416]PIE: Play in editor start time for /Game/Levels/UEDPIE_0_Test_Level 0.366
[2019.02.16-15.11.28:880][475]LogSlate: Updating window title bar state: overlay mode, drag disabled, window buttons hidden, title bar hidden
[2019.02.16-15.11.28:916][475]LogPlayLevel: Display: Shutting down PIE online subsystems
[2019.02.16-15.11.28:941][475]LogSlate: Updating window title bar state: overlay mode, drag disabled, window buttons hidden, title bar hidden
[2019.02.16-15.11.28:980][477]LogPlayLevel: Display: Destroying online subsystem :Context_18
[2019.02.16-15.11.30:189][620]LogSlate: FSceneViewport::OnFocusLost() reason 0
[2019.02.16-15.11.42:974][147]BlueprintLog: New page: Compile MyBaseBullet
[2019.02.16-15.11.43:123][147]LogSavePackage: Moving '../../../../../../Renzy/Documents/Algonquin/Term 4/GAM1528 - High Level Development 2/Assignments/GOOB-master/Saved/MyBaseBullet15B44B04435B2498207A4EADEEEB09DB.tmp' to '../../../../../../Renzy/Documents/Algonquin/Term 4/GAM1528 - High Level Development 2/Assignments/GOOB-master/Content/Blueprints/MyBaseBullet.uasset'
[2019.02.16-15.11.44:157][268]LogSlate: FSceneViewport::OnFocusLost() reason 0
[2019.02.16-15.11.44:249][279]LogTemp: Repeating last play command: Selected Viewport
[2019.02.16-15.11.44:270][279]LogPlayLevel: PlayLevel: No blueprints needed recompiling
[2019.02.16-15.11.44:270][279]PIE: New page: PIE session: Test_Level (Feb 16, 2019, 5:11:44 AM)
[2019.02.16-15.11.44:270][279]LogPlayLevel: Creating play world package: /Game/Levels/UEDPIE_0_Test_Level
[2019.02.16-15.11.44:281][279]LogPlayLevel: PIE: StaticDuplicateObject took: (0.010536s)
[2019.02.16-15.11.44:281][279]LogAIModule: Creating AISystem for world Test_Level
[2019.02.16-15.11.44:281][279]LogPlayLevel: PIE: World Init took: (0.000721s)
[2019.02.16-15.11.44:281][279]LogPlayLevel: PIE: Created PIE world by copying editor world from /Game/Levels/Test_Level.Test_Level to /Game/Levels/UEDPIE_0_Test_Level.Test_Level (0.011522s)
[2019.02.16-15.11.44:327][279]LogInit: XAudio2 using 'Speakers (Sound BlasterX AE-5)' : 6 channels at 48 kHz using 32 bits per sample (channel mask 0x3f)
[2019.02.16-15.11.44:343][279]LogInit: FAudioDevice initialized.
[2019.02.16-15.11.44:374][279]LogLoad: Game class is 'Test_Terminus_22XXGameModeBase_C'
[2019.02.16-15.11.44:375][279]LogWorld: Bringing World /Game/Levels/UEDPIE_0_Test_Level.Test_Level up for play (max tick rate 0) at 2019.02.16-10.11.44
[2019.02.16-15.11.44:375][279]LogWorld: Bringing up level for play took: 0.001065
[2019.02.16-15.11.44:389][279]PIE: Play in editor start time for /Game/Levels/UEDPIE_0_Test_Level 0.726
[2019.02.16-15.11.59:329][ 69]LogSlate: Updating window title bar state: overlay mode, drag disabled, window buttons hidden, title bar hidden
[2019.02.16-15.11.59:364][ 69]LogPlayLevel: Display: Shutting down PIE online subsystems
[2019.02.16-15.11.59:389][ 69]LogSlate: Updating window title bar state: overlay mode, drag disabled, window buttons hidden, title bar hidden
[2019.02.16-15.11.59:434][ 72]LogPlayLevel: Display: Destroying online subsystem :Context_19
[2019.02.16-15.12.00:586][210]LogSlate: FSceneViewport::OnFocusLost() reason 0
[2019.02.16-15.12.00:662][219]LogSlate: Window 'TestT22XX_Shotgun' being destroyed
[2019.02.16-15.12.00:665][219]LogSlate: Window 'TestT22XX_Shotgun' being destroyed
[2019.02.16-15.12.00:730][219]LogActorComponent: UnregisterComponent: (/Engine/Transient.EditorFloorComp) Not registered. Aborting.
[2019.02.16-15.12.21:146][527]LogSlate: FSceneViewport::OnFocusLost() reason 0
[2019.02.16-15.12.24:774][930]LogSlate: Window 'Terminus_22XX - Unreal Editor' being destroyed
[2019.02.16-15.12.24:967][931]Cmd: QUIT_EDITOR
[2019.02.16-15.12.25:203][931]LogWindowsTextInputMethodSystem: Display: IME system now deactivated.
[2019.02.16-15.12.25:214][931]LogExit: Preparing to exit.
[2019.02.16-15.12.25:515][931]LogExit: Editor shut down
[2019.02.16-15.12.25:517][931]LogExit: Transaction tracking system shut down
[2019.02.16-15.12.26:147][931]LogExit: Object subsystem successfully closed.
[2019.02.16-15.12.26:168][931]LogShaderCompilers: Display: Shaders left to compile 0
[2019.02.16-15.12.26:172][931]LogD3D11RHI: Shutdown
[2019.02.16-15.12.26:172][931]LogD3D11RHI: CleanupD3DDevice
[2019.02.16-15.12.26:186][931]LogD3D11RHI: ~FD3D11DynamicRHI
[2019.02.16-15.12.26:195][931]LogModuleManager: Shutting down and abandoning module MovieSceneCapture (620)
[2019.02.16-15.12.26:196][931]LogModuleManager: Shutting down and abandoning module Voice (618)
[2019.02.16-15.12.26:196][931]LogModuleManager: Shutting down and abandoning module HierarchicalLODUtilities (616)
[2019.02.16-15.12.26:196][931]LogModuleManager: Shutting down and abandoning module BlueprintGraph (614)
[2019.02.16-15.12.26:196][931]LogModuleManager: Shutting down and abandoning module HierarchicalLODOutliner (612)
[2019.02.16-15.12.26:196][931]LogModuleManager: Shutting down and abandoning module SceneOutliner (610)
[2019.02.16-15.12.26:196][931]LogModuleManager: Shutting down and abandoning module AddContentDialog (608)
[2019.02.16-15.12.26:196][931]LogModuleManager: Shutting down and abandoning module WidgetCarousel (607)
[2019.02.16-15.12.26:196][931]LogModuleManager: Shutting down and abandoning module EditorWidgets (604)
[2019.02.16-15.12.26:196][931]LogModuleManager: Shutting down and abandoning module CollectionManager (602)
[2019.02.16-15.12.26:196][931]LogModuleManager: Shutting down and abandoning module StatsViewer (600)
[2019.02.16-15.12.26:196][931]LogModuleManager: Shutting down and abandoning module FoliageEdit (598)
[2019.02.16-15.12.26:197][931]LogModuleManager: Shutting down and abandoning module LandscapeEditor (596)
[2019.02.16-15.12.26:197][931]LogModuleManager: Shutting down and abandoning module MeshPaintMode (594)
[2019.02.16-15.12.26:197][931]LogModuleManager: Shutting down and abandoning module SceneDepthPickerMode (592)
[2019.02.16-15.12.26:197][931]LogModuleManager: Shutting down and abandoning module ActorPickerMode (590)
[2019.02.16-15.12.26:197][931]LogModuleManager: Shutting down and abandoning module GeometryMode (588)
[2019.02.16-15.12.26:197][931]LogModuleManager: Shutting down and abandoning module TextureAlignMode (586)
[2019.02.16-15.12.26:197][931]LogModuleManager: Shutting down and abandoning module BspMode (584)
[2019.02.16-15.12.26:197][931]LogModuleManager: Shutting down and abandoning module PIEPreviewDeviceProfileSelector (582)
[2019.02.16-15.12.26:197][931]LogModuleManager: Shutting down and abandoning module SequenceRecorderSections (580)
[2019.02.16-15.12.26:197][931]LogModuleManager: Shutting down and abandoning module AutomationWorker (578)
[2019.02.16-15.12.26:197][931]LogModuleManager: Shutting down and abandoning module AudioCaptureEditor (576)
[2019.02.16-15.12.26:197][931]LogModuleManager: Shutting down and abandoning module SequenceRecorder (575)
[2019.02.16-15.12.26:197][931]LogModuleManager: Shutting down and abandoning module MatineeToLevelSequence (572)
[2019.02.16-15.12.26:198][931]LogModuleManager: Shutting down and abandoning module LevelSequenceEditor (570)
[2019.02.16-15.12.26:198][931]LogModuleManager: Shutting down and abandoning module PlacementMode (569)
[2019.02.16-15.12.26:198][931]LogModuleManager: Shutting down and abandoning module MaterialEditor (568)
[2019.02.16-15.12.26:198][931]LogModuleManager: Shutting down and abandoning module WmfMediaFactory (564)
[2019.02.16-15.12.26:198][931]LogModuleManager: Shutting down and abandoning module WmfMediaEditor (562)
[2019.02.16-15.12.26:198][931]LogModuleManager: Shutting down and abandoning module MediaPlayerEditor (560)
[2019.02.16-15.12.26:198][931]LogModuleManager: Shutting down and abandoning module OpenExrWrapper (558)
[2019.02.16-15.12.26:198][931]LogModuleManager: Shutting down and abandoning module ImgMediaFactory (556)
[2019.02.16-15.12.26:198][931]LogModuleManager: Shutting down and abandoning module ImgMediaEditor (554)
[2019.02.16-15.12.26:198][931]LogModuleManager: Shutting down and abandoning module AvfMediaFactory (552)
[2019.02.16-15.12.26:198][931]LogModuleManager: Shutting down and abandoning module AvfMediaEditor (550)
[2019.02.16-15.12.26:198][931]LogModuleManager: Shutting down and abandoning module AndroidMediaFactory (548)
[2019.02.16-15.12.26:198][931]LogModuleManager: Shutting down and abandoning module AndroidMediaEditor (546)
[2019.02.16-15.12.26:198][931]LogModuleManager: Shutting down and abandoning module MagicLeapCameraPreviewFactory (544)
[2019.02.16-15.12.26:198][931]LogModuleManager: Shutting down and abandoning module MagicLeapMediaFactory (542)
[2019.02.16-15.12.26:198][931]LogModuleManager: Shutting down and abandoning module MagicLeapMediaEditor (540)
[2019.02.16-15.12.26:198][931]LogModuleManager: Shutting down and abandoning module CharacterAI (538)
[2019.02.16-15.12.26:198][931]LogModuleManager: Shutting down and abandoning module SmartSnapping (536)
[2019.02.16-15.12.26:199][931]LogModuleManager: Shutting down and abandoning module SessionServices (534)
[2019.02.16-15.12.26:199][931]LogModuleManager: Shutting down and abandoning module ViewportSnapping (532)
[2019.02.16-15.12.26:199][931]LogModuleManager: Shutting down and abandoning module ViewportInteraction (530)
[2019.02.16-15.12.26:199][931]LogModuleManager: Shutting down and abandoning module ClothPainter (528)
[2019.02.16-15.12.26:199][931]LogModuleManager: Shutting down and abandoning module SkeletalMeshEditor (527)
[2019.02.16-15.12.26:199][931]LogModuleManager: Shutting down and abandoning module LogVisualizer (524)
[2019.02.16-15.12.26:199][931]LogModuleManager: Shutting down and abandoning module IntroTutorials (522)
[2019.02.16-15.12.26:199][931]LogModuleManager: Shutting down and abandoning module GameProjectGeneration (521)
[2019.02.16-15.12.26:199][931]LogModuleManager: Shutting down and abandoning module LuminPlatformEditor (518)
[2019.02.16-15.12.26:199][931]LogModuleManager: Shutting down and abandoning module IOSPlatformEditor (516)
[2019.02.16-15.12.26:199][931]LogModuleManager: Shutting down and abandoning module HTML5PlatformEditor (514)
[2019.02.16-15.12.26:199][931]LogModuleManager: Shutting down and abandoning module AndroidPlatformEditor (512)
[2019.02.16-15.12.26:199][931]LogModuleManager: Shutting down and abandoning module AndroidDeviceDetection (511)
[2019.02.16-15.12.26:390][931]LogModuleManager: Shutting down and abandoning module WindowsPlatformEditor (508)
[2019.02.16-15.12.26:390][931]LogModuleManager: Shutting down and abandoning module LuminRuntimeSettings (506)
[2019.02.16-15.12.26:390][931]LogModuleManager: Shutting down and abandoning module IOSRuntimeSettings (504)
[2019.02.16-15.12.26:390][931]LogModuleManager: Shutting down and abandoning module AndroidRuntimeSettings (502)
[2019.02.16-15.12.26:390][931]LogModuleManager: Shutting down and abandoning module InputBindingEditor (500)
[2019.02.16-15.12.26:390][931]LogModuleManager: Shutting down and abandoning module MergeActors (498)
[2019.02.16-15.12.26:390][931]LogModuleManager: Shutting down and abandoning module LocalizationDashboard (496)
[2019.02.16-15.12.26:390][931]LogModuleManager: Shutting down and abandoning module LocalizationService (495)
[2019.02.16-15.12.26:390][931]LogModuleManager: Shutting down and abandoning module HardwareTargeting (492)
[2019.02.16-15.12.26:390][931]LogModuleManager: Shutting down and abandoning module DeviceProfileEditor (490)
[2019.02.16-15.12.26:390][931]LogModuleManager: Shutting down and abandoning module UndoHistory (488)
[2019.02.16-15.12.26:390][931]LogModuleManager: Shutting down and abandoning module XmlParser (486)
[2019.02.16-15.12.26:391][931]LogModuleManager: Shutting down and abandoning module Blutility (484)
[2019.02.16-15.12.26:391][931]LogModuleManager: Shutting down and abandoning module ProjectSettingsViewer (482)
[2019.02.16-15.12.26:391][931]LogModuleManager: Shutting down and abandoning module ProjectTargetPlatformEditor (481)
[2019.02.16-15.12.26:391][931]LogModuleManager: Shutting down and abandoning module EditorSettingsViewer (478)
[2019.02.16-15.12.26:391][931]LogModuleManager: Shutting down and abandoning module SettingsEditor (476)
[2019.02.16-15.12.26:391][931]LogModuleManager: Shutting down and abandoning module ProjectLauncher (474)
[2019.02.16-15.12.26:391][931]LogModuleManager: Shutting down and abandoning module SessionFrontend (472)
[2019.02.16-15.12.26:391][931]LogModuleManager: Shutting down and abandoning module ProfilerClient (470)
[2019.02.16-15.12.26:391][931]LogModuleManager: Shutting down and abandoning module DeviceManager (468)
[2019.02.16-15.12.26:391][931]LogModuleManager: Shutting down and abandoning module TargetDeviceServices (467)
[2019.02.16-15.12.26:446][931]LogModuleManager: Shutting down and abandoning module AutomationController (464)
[2019.02.16-15.12.26:446][931]LogModuleManager: Shutting down and abandoning module AutomationWindow (462)
[2019.02.16-15.12.26:446][931]LogModuleManager: Shutting down and abandoning module Layers (460)
[2019.02.16-15.12.26:446][931]LogModuleManager: Shutting down and abandoning module ComponentVisualizers (458)
[2019.02.16-15.12.26:446][931]LogModuleManager: Shutting down and abandoning module DetailCustomizations (456)
[2019.02.16-15.12.26:446][931]LogModuleManager: Shutting down and abandoning module PackagesDialog (454)
[2019.02.16-15.12.26:446][931]LogModuleManager: Shutting down and abandoning module Persona (452)
[2019.02.16-15.12.26:446][931]LogModuleManager: Shutting down and abandoning module AdvancedPreviewScene (451)
[2019.02.16-15.12.26:447][931]LogModuleManager: Shutting down and abandoning module AnimGraph (449)
[2019.02.16-15.12.26:447][931]LogModuleManager: Shutting down and abandoning module Kismet (446)
[2019.02.16-15.12.26:450][931]LogModuleManager: Shutting down and abandoning module GraphEditor (444)
[2019.02.16-15.12.26:450][931]LogModuleManager: Shutting down and abandoning module ClassViewer (442)
[2019.02.16-15.12.26:451][931]LogModuleManager: Shutting down and abandoning module Toolbox (440)
[2019.02.16-15.12.26:452][931]LogModuleManager: Shutting down and abandoning module DesktopPlatform (439)
[2019.02.16-15.12.26:452][931]LogModuleManager: Shutting down and abandoning module ModuleUI (436)
[2019.02.16-15.12.26:452][931]LogModuleManager: Shutting down and abandoning module MovieSceneTools (434)
[2019.02.16-15.12.26:452][931]LogModuleManager: Shutting down and abandoning module OutputLog (432)
[2019.02.16-15.12.26:452][931]LogModuleManager: Shutting down and abandoning module GammaUI (430)
[2019.02.16-15.12.26:452][931]LogModuleManager: Shutting down and abandoning module Documentation (428)
[2019.02.16-15.12.26:452][931]LogModuleManager: Shutting down and abandoning module MovieSceneTracks (426)
[2019.02.16-15.12.26:452][931]LogModuleManager: Shutting down and abandoning module MovieScene (424)
[2019.02.16-15.12.26:452][931]LogModuleManager: Shutting down and abandoning module StreamingPauseRendering (422)
[2019.02.16-15.12.26:452][931]LogModuleManager: Shutting down and abandoning module LauncherPlatform (420)
[2019.02.16-15.12.26:452][931]LogModuleManager: Shutting down and abandoning module AnalyticsET (418)
[2019.02.16-15.12.26:452][931]LogModuleManager: Shutting down and abandoning module PortalServices (416)
[2019.02.16-15.12.26:452][931]LogModuleManager: Shutting down and abandoning module PortalRpc (414)
[2019.02.16-15.12.26:452][931]LogModuleManager: Shutting down and abandoning module MessagingRpc (412)
[2019.02.16-15.12.26:452][931]LogModuleManager: Shutting down and abandoning module AIModule (410)
[2019.02.16-15.12.26:452][931]LogModuleManager: Shutting down and abandoning module GameplayDebugger (409)
[2019.02.16-15.12.26:453][931]LogModuleManager: Shutting down and abandoning module AITestSuite (407)
[2019.02.16-15.12.26:453][931]LogModuleManager: Shutting down and abandoning module NavigationSystem (405)
[2019.02.16-15.12.26:453][931]LogModuleManager: Shutting down and abandoning module ProfilerService (402)
[2019.02.16-15.12.26:620][931]LogModuleManager: Shutting down and abandoning module TaskGraph (400)
[2019.02.16-15.12.26:620][931]LogModuleManager: Shutting down and abandoning module SteamVRController (398)
[2019.02.16-15.12.26:620][931]LogModuleManager: Shutting down and abandoning module ProceduralMeshComponentEditor (396)
[2019.02.16-15.12.26:620][931]LogModuleManager: Shutting down and abandoning module ProceduralMeshComponent (394)
[2019.02.16-15.12.26:620][931]LogModuleManager: Shutting down and abandoning module OculusInput (392)
[2019.02.16-15.12.26:620][931]LogModuleManager: Shutting down and abandoning module MobilePatchingUtils (390)
[2019.02.16-15.12.26:620][931]LogModuleManager: Shutting down and abandoning module EditableMesh (388)
[2019.02.16-15.12.26:620][931]LogModuleManager: Shutting down and abandoning module CustomMeshComponent (386)
[2019.02.16-15.12.26:620][931]LogModuleManager: Shutting down and abandoning module CableComponent (384)
[2019.02.16-15.12.26:620][931]LogModuleManager: Shutting down and abandoning module AudioCapture (382)
[2019.02.16-15.12.26:620][931]LogModuleManager: Shutting down and abandoning module ArchVisCharacter (380)
[2019.02.16-15.12.26:620][931]LogModuleManager: Shutting down and abandoning module AndroidPermission (378)
[2019.02.16-15.12.26:620][931]LogModuleManager: Shutting down and abandoning module NUTUnrealEngine4 (376)
[2019.02.16-15.12.26:620][931]LogModuleManager: Shutting down and abandoning module NetcodeUnitTest (374)
[2019.02.16-15.12.26:620][931]LogModuleManager: Shutting down and abandoning module MediaCompositingEditor (372)
[2019.02.16-15.12.26:620][931]LogModuleManager: Shutting down and abandoning module MediaCompositing (370)
[2019.02.16-15.12.26:620][931]LogModuleManager: Shutting down and abandoning module LinearTimecode (368)
[2019.02.16-15.12.26:621][931]LogModuleManager: Shutting down and abandoning module ImgMedia (366)
[2019.02.16-15.12.26:628][931]LogModuleManager: Shutting down and abandoning module HTML5Networking (364)
[2019.02.16-15.12.26:628][931]LogModuleManager: Shutting down and abandoning module GeometryCacheTracks (362)
[2019.02.16-15.12.26:628][931]LogModuleManager: Shutting down and abandoning module GeometryCacheSequencer (360)
[2019.02.16-15.12.26:628][931]LogModuleManager: Shutting down and abandoning module BackChannel (358)
[2019.02.16-15.12.26:628][931]LogModuleManager: Shutting down and abandoning module AppleVision (356)
[2019.02.16-15.12.26:628][931]LogModuleManager: Shutting down and abandoning module AppleImageUtils (354)
[2019.02.16-15.12.26:628][931]LogModuleManager: Shutting down and abandoning module AlembicImporter (352)
[2019.02.16-15.12.26:629][931]LogModuleManager: Shutting down and abandoning module AlembicLibrary (351)
[2019.02.16-15.12.26:629][931]LogModuleManager: Shutting down and abandoning module GeometryCache (350)
[2019.02.16-15.12.26:629][931]LogModuleManager: Shutting down and abandoning module GeometryCacheEd (349)
[2019.02.16-15.12.26:629][931]LogModuleManager: Shutting down and abandoning module DatasmithContentEditor (344)
[2019.02.16-15.12.26:629][931]LogModuleManager: Shutting down and abandoning module DatasmithContent (342)
[2019.02.16-15.12.26:630][931]LogModuleManager: Shutting down and abandoning module SpeedTreeImporter (340)
[2019.02.16-15.12.26:631][931]LogModuleManager: Shutting down and abandoning module PluginBrowser (338)
[2019.02.16-15.12.26:631][931]LogModuleManager: Shutting down and abandoning module MobileLauncherProfileWizard (336)
[2019.02.16-15.12.26:632][931]LogModuleManager: Shutting down and abandoning module PolygonModeling (334)
[2019.02.16-15.12.26:632][931]LogModuleManager: Shutting down and abandoning module MeshEditor (332)
[2019.02.16-15.12.26:632][931]LogModuleManager: Shutting down and abandoning module CryptoKeysOpenSSL (330)
[2019.02.16-15.12.26:632][931]LogModuleManager: Shutting down and abandoning module CryptoKeys (328)
[2019.02.16-15.12.26:632][931]LogModuleManager: Shutting down and abandoning module VisualStudioSourceCodeAccess (326)
[2019.02.16-15.12.26:632][931]LogModuleManager: Shutting down and abandoning module VisualStudioCodeSourceCodeAccess (324)
[2019.02.16-15.12.26:632][931]LogModuleManager: Shutting down and abandoning module UObjectPlugin (322)
[2019.02.16-15.12.26:632][931]LogModuleManager: Shutting down and abandoning module SubversionSourceControl (320)
[2019.02.16-15.12.26:632][931]LogModuleManager: Shutting down and abandoning module PerforceSourceControl (318)
[2019.02.16-15.12.26:632][931]LogModuleManager: Shutting down and abandoning module GitSourceControl (316)
[2019.02.16-15.12.26:632][931]LogModuleManager: Shutting down and abandoning module SourceControl (315)
[2019.02.16-15.12.26:632][931]LogModuleManager: Shutting down and abandoning module CLionSourceCodeAccess (312)
[2019.02.16-15.12.26:632][931]LogModuleManager: Shutting down and abandoning module LightPropagationVolumeEditor (310)
[2019.02.16-15.12.26:632][931]LogModuleManager: Shutting down and abandoning module PaperTiledImporter (308)
[2019.02.16-15.12.26:633][931]LogModuleManager: Shutting down and abandoning module PaperSpriteSheetImporter (306)
[2019.02.16-15.12.26:633][931]LogModuleManager: Shutting down and abandoning module Paper2DEditor (304)
[2019.02.16-15.12.26:633][931]LogModuleManager: Shutting down and abandoning module MeshPaint (303)
[2019.02.16-15.12.26:633][931]LogModuleManager: Shutting down and abandoning module Terminus_22XX (300)
[2019.02.16-15.12.26:633][931]LogModuleManager: Shutting down and abandoning module RuntimePhysXCooking (298)
[2019.02.16-15.12.26:633][931]LogModuleManager: Shutting down and abandoning module PhysXVehiclesEditor (296)
[2019.02.16-15.12.26:633][931]LogModuleManager: Shutting down and abandoning module PhysXVehicles (294)
[2019.02.16-15.12.26:633][931]LogModuleManager: Shutting down and abandoning module OculusEditor (292)
[2019.02.16-15.12.26:633][931]LogModuleManager: Shutting down and abandoning module LocationServicesBPLibrary (290)
[2019.02.16-15.12.26:633][931]LogModuleManager: Shutting down and abandoning module ImmediatePhysicsEditor (288)
[2019.02.16-15.12.26:633][931]LogModuleManager: Shutting down and abandoning module ImmediatePhysics (286)
[2019.02.16-15.12.26:633][931]LogModuleManager: Shutting down and abandoning module ActorSequence (284)
[2019.02.16-15.12.26:633][931]LogModuleManager: Shutting down and abandoning module UdpMessaging (282)
[2019.02.16-15.12.26:735][931]LogModuleManager: Shutting down and abandoning module TcpMessaging (280)
[2019.02.16-15.12.26:835][931]LogModuleManager: Shutting down and abandoning module MagicLeapAudio (278)
[2019.02.16-15.12.26:835][931]LogModuleManager: Shutting down and abandoning module GameplayTagsEditor (276)
[2019.02.16-15.12.26:835][931]LogModuleManager: Shutting down and abandoning module FacialAnimationEditor (274)
[2019.02.16-15.12.26:835][931]LogModuleManager: Shutting down and abandoning module FacialAnimation (272)
[2019.02.16-15.12.26:835][931]LogModuleManager: Shutting down and abandoning module DataValidation (270)
[2019.02.16-15.12.26:835][931]LogModuleManager: Shutting down and abandoning module AssetManagerEditor (268)
[2019.02.16-15.12.26:835][931]LogModuleManager: Shutting down and abandoning module LevelEditor (267)
[2019.02.16-15.12.26:836][931]LogModuleManager: Shutting down and abandoning module PixelInspectorModule (266)
[2019.02.16-15.12.26:836][931]LogModuleManager: Shutting down and abandoning module CommonMenuExtensions (264)
[2019.02.16-15.12.26:836][931]LogModuleManager: Shutting down and abandoning module MainFrame (262)
[2019.02.16-15.12.26:837][931]LogModuleManager: Shutting down and abandoning module HotReload (261)
[2019.02.16-15.12.26:837][931]LogModuleManager: Shutting down and abandoning module ContentBrowser (257)
[2019.02.16-15.12.26:839][931]LogModuleManager: Shutting down and abandoning module TreeMap (255)
[2019.02.16-15.12.26:839][931]LogModuleManager: Shutting down and abandoning module LightPropagationVolumeRuntime (252)
[2019.02.16-15.12.26:839][931]LogModuleManager: Shutting down and abandoning module AISupportModule (250)
[2019.02.16-15.12.26:839][931]LogModuleManager: Shutting down and abandoning module Paper2D (248)
[2019.02.16-15.12.26:839][931]LogModuleManager: Shutting down and abandoning module WindowsMoviePlayer (246)
[2019.02.16-15.12.26:839][931]LogModuleManager: Shutting down and abandoning module WmfMedia (244)
[2019.02.16-15.12.26:841][931]LogModuleManager: Shutting down and abandoning module Media (243)
[2019.02.16-15.12.26:847][931]LogModuleManager: Shutting down and abandoning module PacketHandler (240)
[2019.02.16-15.12.26:848][931]LogModuleManager: Shutting down and abandoning module ClothingSystemEditor (238)
[2019.02.16-15.12.26:848][931]LogModuleManager: Shutting down and abandoning module ClothingSystemRuntime (236)
[2019.02.16-15.12.26:848][931]LogModuleManager: Shutting down and abandoning module MediaAssets (234)
[2019.02.16-15.12.26:848][931]LogModuleManager: Shutting down and abandoning module Overlay (232)
[2019.02.16-15.12.26:848][931]LogModuleManager: Shutting down and abandoning module OverlayEditor (231)
[2019.02.16-15.12.26:848][931]LogModuleManager: Shutting down and abandoning module VREditor (228)
[2019.02.16-15.12.26:848][931]LogModuleManager: Shutting down and abandoning module StringTableEditor (226)
[2019.02.16-15.12.26:848][931]LogModuleManager: Shutting down and abandoning module GameplayTasksEditor (224)
[2019.02.16-15.12.26:848][931]LogModuleManager: Shutting down and abandoning module BehaviorTreeEditor (222)
[2019.02.16-15.12.26:848][931]LogModuleManager: Shutting down and abandoning module FunctionalTesting (220)
[2019.02.16-15.12.26:848][931]LogModuleManager: Shutting down and abandoning module CollisionAnalyzer (218)
[2019.02.16-15.12.26:848][931]LogModuleManager: Shutting down and abandoning module WorkspaceMenuStructure (217)
[2019.02.16-15.12.26:848][931]LogModuleManager: Shutting down and abandoning module UMG (214)
[2019.02.16-15.12.26:849][931]LogModuleManager: Shutting down and abandoning module UMGEditor (213)
[2019.02.16-15.12.26:849][931]LogModuleManager: Shutting down and abandoning module Sequencer (212)
[2019.02.16-15.12.26:849][931]LogModuleManager: Shutting down and abandoning module MessageLog (209)
[2019.02.16-15.12.26:849][931]LogModuleManager: Shutting down and abandoning module SlateReflector (204)
[2019.02.16-15.12.26:849][931]LogModuleManager: Shutting down and abandoning module Slate (202)
[2019.02.16-15.12.26:849][931]LogModuleManager: Shutting down and abandoning module EditorStyle (200)
[2019.02.16-15.12.26:851][931]LogModuleManager: Shutting down and abandoning module MRMesh (198)
[2019.02.16-15.12.26:851][931]LogModuleManager: Shutting down and abandoning module SourceCodeAccess (196)
[2019.02.16-15.12.26:851][931]LogModuleManager: Shutting down and abandoning module HeadMountedDisplay (194)
[2019.02.16-15.12.26:851][931]LogModuleManager: Shutting down and abandoning module XAudio2 (192)
[2019.02.16-15.12.26:851][931]LogModuleManager: Shutting down and abandoning module Networking (190)
[2019.02.16-15.12.26:852][931]LogModuleManager: Shutting down and abandoning module Core (188)
[2019.02.16-15.12.26:852][931]LogModuleManager: Shutting down and abandoning module LevelSequence (186)
[2019.02.16-15.12.26:852][931]LogModuleManager: Shutting down and abandoning module KismetCompiler (184)
[2019.02.16-15.12.26:852][931]LogModuleManager: Shutting down and abandoning module MeshUtilities (182)
[2019.02.16-15.12.26:852][931]LogModuleManager: Shutting down and abandoning module MeshMergeUtilities (181)
[2019.02.16-15.12.26:852][931]LogModuleManager: Shutting down and abandoning module MeshReductionInterface (180)
[2019.02.16-15.12.26:852][931]LogModuleManager: Shutting down and abandoning module SimplygonSwarm (179)
[2019.02.16-15.12.26:852][931]LogModuleManager: Shutting down and abandoning module ProxyLODMeshReduction (177)
[2019.02.16-15.12.26:852][931]LogModuleManager: Shutting down and abandoning module SimplygonMeshReduction (175)
[2019.02.16-15.12.26:852][931]LogModuleManager: Shutting down and abandoning module QuadricMeshReduction (173)
[2019.02.16-15.12.26:852][931]LogModuleManager: Shutting down and abandoning module MaterialBaking (169)
[2019.02.16-15.12.26:852][931]LogModuleManager: Shutting down and abandoning module DirectoryWatcher (165)
[2019.02.16-15.12.26:852][931]LogModuleManager: Shutting down and abandoning module DerivedDataCache (162)
[2019.02.16-15.12.26:908][931]LogDerivedDataCache: Shutdown
[2019.02.16-15.12.26:908][931]LogModuleManager: Shutting down and abandoning module XGEController (160)
[2019.02.16-15.12.26:908][931]LogXGEController: Cleaning working directory: C:/Users/Renzy/AppData/Local/Temp/UnrealXGEWorkingDir/
[2019.02.16-15.12.26:909][931]LogModuleManager: Shutting down and abandoning module TargetPlatform (158)
[2019.02.16-15.12.26:909][931]LogModuleManager: Shutting down and abandoning module VulkanShaderFormat (157)
[2019.02.16-15.12.26:909][931]LogModuleManager: Shutting down and abandoning module ShaderFormatVectorVM (155)
[2019.02.16-15.12.26:909][931]LogModuleManager: Shutting down and abandoning module ShaderFormatOpenGL (153)
[2019.02.16-15.12.26:909][931]LogModuleManager: Shutting down and abandoning module ShaderFormatD3D (151)
[2019.02.16-15.12.26:909][931]LogModuleManager: Shutting down and abandoning module MetalShaderFormat (149)
[2019.02.16-15.12.26:909][931]LogModuleManager: Shutting down and abandoning module TextureFormatUncompressed (147)
[2019.02.16-15.12.26:909][931]LogModuleManager: Shutting down and abandoning module TextureFormatPVR (145)
[2019.02.16-15.12.26:909][931]LogModuleManager: Shutting down and abandoning module TextureFormatDXT (143)
[2019.02.16-15.12.26:909][931]LogModuleManager: Shutting down and abandoning module TextureFormatIntelISPCTexComp (141)
[2019.02.16-15.12.26:910][931]LogModuleManager: Shutting down and abandoning module TextureFormatASTC (139)
[2019.02.16-15.12.26:910][931]LogModuleManager: Shutting down and abandoning module ImageWrapper (138)
[2019.02.16-15.12.26:910][931]LogModuleManager: Shutting down and abandoning module TextureFormatAndroid (135)
[2019.02.16-15.12.26:910][931]LogModuleManager: Shutting down and abandoning module AudioFormatOpus (133)
[2019.02.16-15.12.26:910][931]LogModuleManager: Shutting down and abandoning module AudioFormatOgg (131)
[2019.02.16-15.12.26:910][931]LogModuleManager: Shutting down and abandoning module AudioFormatADPCM (129)
[2019.02.16-15.12.26:911][931]LogModuleManager: Shutting down and abandoning module LuminTargetPlatform (127)
[2019.02.16-15.12.26:911][931]LogModuleManager: Shutting down and abandoning module LinuxTargetPlatform (125)
[2019.02.16-15.12.26:911][931]LogModuleManager: Shutting down and abandoning module LinuxServerTargetPlatform (123)
[2019.02.16-15.12.26:911][931]LogModuleManager: Shutting down and abandoning module LinuxNoEditorTargetPlatform (121)
[2019.02.16-15.12.26:911][931]LogModuleManager: Shutting down and abandoning module LinuxClientTargetPlatform (119)
[2019.02.16-15.12.26:911][931]LogModuleManager: Shutting down and abandoning module TVOSTargetPlatform (117)
[2019.02.16-15.12.26:912][931]LogModuleManager: Shutting down and abandoning module Messaging (115)
[2019.02.16-15.12.26:912][931]LogModuleManager: Shutting down and abandoning module IOSTargetPlatform (113)
[2019.02.16-15.12.26:913][931]LogModuleManager: Shutting down and abandoning module HTML5TargetPlatform (111)
[2019.02.16-15.12.26:913][931]LogModuleManager: Shutting down and abandoning module AndroidTargetPlatform (109)
[2019.02.16-15.12.26:917][931]LogModuleManager: Shutting down and abandoning module WindowsTargetPlatform (107)
[2019.02.16-15.12.26:917][931]LogModuleManager: Shutting down and abandoning module WindowsServerTargetPlatform (105)
[2019.02.16-15.12.26:917][931]LogModuleManager: Shutting down and abandoning module WindowsNoEditorTargetPlatform (103)
[2019.02.16-15.12.26:917][931]LogModuleManager: Shutting down and abandoning module WindowsClientTargetPlatform (101)
[2019.02.16-15.12.26:917][931]LogModuleManager: Shutting down and abandoning module MacTargetPlatform (99)
[2019.02.16-15.12.26:917][931]LogModuleManager: Shutting down and abandoning module MacServerTargetPlatform (97)
[2019.02.16-15.12.26:917][931]LogModuleManager: Shutting down and abandoning module MacNoEditorTargetPlatform (95)
[2019.02.16-15.12.26:917][931]LogModuleManager: Shutting down and abandoning module MacClientTargetPlatform (93)
[2019.02.16-15.12.26:917][931]LogModuleManager: Shutting down and abandoning module AllDesktopTargetPlatform (91)
[2019.02.16-15.12.26:918][931]LogModuleManager: Shutting down and abandoning module InputCore (88)
[2019.02.16-15.12.26:918][931]LogModuleManager: Shutting down and abandoning module Settings (86)
[2019.02.16-15.12.26:918][931]LogModuleManager: Shutting down and abandoning module PhysXCooking (84)
[2019.02.16-15.12.26:918][931]LogModuleManager: Shutting down and abandoning module SteamVR (82)
[2019.02.16-15.12.26:918][931]LogModuleManager: Shutting down and abandoning module OculusHMD (80)
[2019.02.16-15.12.26:918][931]LogModuleManager: Shutting down and abandoning module ExampleDeviceProfileSelector (78)
[2019.02.16-15.12.26:918][931]LogModuleManager: Shutting down and abandoning module LauncherChunkInstaller (76)
[2019.02.16-15.12.26:918][931]LogModuleManager: Shutting down and abandoning module OnlineBlueprintSupport (74)
[2019.02.16-15.12.26:918][931]LogModuleManager: Shutting down and abandoning module OnlineSubsystem (70)
[2019.02.16-15.12.26:919][931]LogModuleManager: Shutting down and abandoning module XMPP (65)
[2019.02.16-15.12.26:919][931]LogModuleManager: Shutting down and abandoning module WebSockets (64)
[2019.02.16-15.12.26:952][931]LogModuleManager: Shutting down and abandoning module HTTP (61)
[2019.02.16-15.12.26:952][931]LogHttp: Display: Http module shutting down, but needs to wait on 1 outstanding Http requests:
[2019.02.16-15.12.26:952][931]LogHttp: Display: 	verb=[POST] url=[https://datarouter.ol.epicgames.com/datarouter/api/v1/public/data?SessionID=%7B2CB41D20-459B-D878-E8AC-E2B98EE01767%7D&AppID=UEEditor.Rocket.Release&AppVersion=4.20.3-4369336%2B%2B%2BUE4%2BRelease-4.20&UserID=d2d2c5d64e9a564b2d095eb70c098350%7C27350404f3bb4f2791c9f6bae70f1cac%7C0fc99a33-513b-48b1-9fb5-b5212c68fc71&AppEnvironment=datacollector-binary&UploadType=eteventstream] status=Processing
[2019.02.16-15.12.26:973][931]LogModuleManager: Shutting down and abandoning module SSL (60)
[2019.02.16-15.12.26:973][931]LogModuleManager: Shutting down and abandoning module MagicLeapEmulator (56)
[2019.02.16-15.12.26:974][931]LogModuleManager: Shutting down and abandoning module MagicLeapPrivileges (54)
[2019.02.16-15.12.26:974][931]LogModuleManager: Shutting down and abandoning module MagicLeapIdentity (52)
[2019.02.16-15.12.26:974][931]LogModuleManager: Shutting down and abandoning module MagicLeapHelperVulkan (50)
[2019.02.16-15.12.26:974][931]LogModuleManager: Shutting down and abandoning module MagicLeapHelperOpenGL (48)
[2019.02.16-15.12.26:974][931]LogModuleManager: Shutting down and abandoning module MagicLeapSecureStorage (46)
[2019.02.16-15.12.26:974][931]LogModuleManager: Shutting down and abandoning module MagicLeapGestures (44)
[2019.02.16-15.12.26:974][931]LogModuleManager: Shutting down and abandoning module MagicLeapEyeTracker (42)
[2019.02.16-15.12.26:974][931]LogModuleManager: Shutting down and abandoning module MagicLeapController (40)
[2019.02.16-15.12.26:974][931]LogSlate: Slate User Destroyed.  User Index 0, Is Virtual User: 0
[2019.02.16-15.12.26:975][931]LogModuleManager: Shutting down and abandoning module MagicLeap (38)
[2019.02.16-15.12.26:975][931]LogModuleManager: Shutting down and abandoning module AnimationModifiers (36)
[2019.02.16-15.12.26:975][931]LogModuleManager: Shutting down and abandoning module PropertyEditor (35)
[2019.02.16-15.12.26:975][931]LogModuleManager: Shutting down and abandoning module AudioEditor (32)
[2019.02.16-15.12.26:975][931]LogModuleManager: Shutting down and abandoning module TextureCompressor (30)
[2019.02.16-15.12.26:977][931]LogModuleManager: Shutting down and abandoning module ShaderCore (28)
[2019.02.16-15.12.26:977][931]LogModuleManager: Shutting down and abandoning module Landscape (26)
[2019.02.16-15.12.26:977][931]LogModuleManager: Shutting down and abandoning module SlateRHIRenderer (24)
[2019.02.16-15.12.26:977][931]LogModuleManager: Shutting down and abandoning module OpenGLDrv (22)
[2019.02.16-15.12.26:977][931]LogModuleManager: Shutting down and abandoning module D3D11RHI (20)
[2019.02.16-15.12.26:977][931]LogModuleManager: Shutting down and abandoning module AnimGraphRuntime (18)
[2019.02.16-15.12.26:977][931]LogModuleManager: Shutting down and abandoning module Renderer (16)
[2019.02.16-15.12.26:978][931]LogModuleManager: Shutting down and abandoning module Engine (14)
[2019.02.16-15.12.26:978][931]LogModuleManager: Shutting down and abandoning module CoreUObject (12)
[2019.02.16-15.12.26:978][931]LogModuleManager: Shutting down and abandoning module NetworkFile (10)
[2019.02.16-15.12.26:978][931]LogModuleManager: Shutting down and abandoning module CookedIterativeFile (8)
[2019.02.16-15.12.26:978][931]LogModuleManager: Shutting down and abandoning module StreamingFile (6)
[2019.02.16-15.12.26:978][931]LogModuleManager: Shutting down and abandoning module SandboxFile (4)
[2019.02.16-15.12.26:978][931]LogModuleManager: Shutting down and abandoning module PakFile (2)
[2019.02.16-15.12.26:986][931]LogExit: Exiting.
[2019.02.16-15.12.26:992][931]Log file closed, 02/16/19 10:12:26
