Log file open, 02/20/19 15:29:58
LogWindows: Failed to load 'aqProf.dll' (GetLastError=126)
LogWindows: File 'aqProf.dll' does not exist
LogWindows: Failed to load 'VSPerf140.dll' (GetLastError=126)
LogWindows: File 'VSPerf140.dll' does not exist
LogWindows: Failed to load 'VtuneApi.dll' (GetLastError=126)
LogWindows: File 'VtuneApi.dll' does not exist
LogWindows: Failed to load 'VtuneApi32e.dll' (GetLastError=126)
LogWindows: File 'VtuneApi32e.dll' does not exist
LogInit: Display: Running engine for game: Terminus_22XX
LogPlatformFile: Not using cached read wrapper
LogTaskGraph: Started task graph with 5 named threads and 23 total threads with 3 sets of task threads.
LogStats: Stats thread started at 0.390280
LogD3D11RHI: Loaded GFSDK_Aftermath_Lib.x64.dll
LogICUInternationalization: Display: ICU TimeZone Detection - Raw Offset: -5:00, Platform Override: ''
LogPluginManager: Mounting plugin Paper2D
LogPluginManager: Mounting plugin AISupport
LogPluginManager: Mounting plugin LightPropagationVolume
LogPluginManager: Mounting plugin CLionSourceCodeAccess
LogPluginManager: Mounting plugin CodeLiteSourceCodeAccess
LogPluginManager: Mounting plugin GitSourceControl
LogPluginManager: Mounting plugin KDevelopSourceCodeAccess
LogPluginManager: Mounting plugin NullSourceCodeAccess
LogPluginManager: Mounting plugin PerforceSourceControl
LogPluginManager: Mounting plugin SubversionSourceControl
LogPluginManager: Mounting plugin UObjectPlugin
LogPluginManager: Mounting plugin VisualStudioCodeSourceCodeAccess
LogPluginManager: Mounting plugin VisualStudioSourceCodeAccess
LogPluginManager: Mounting plugin XCodeSourceCodeAccess
LogPluginManager: Mounting plugin AssetManagerEditor
LogPluginManager: Mounting plugin CryptoKeys
LogPluginManager: Mounting plugin DataValidation
LogPluginManager: Mounting plugin FacialAnimation
LogPluginManager: Mounting plugin GameplayTagsEditor
LogPluginManager: Mounting plugin MacGraphicsSwitching
LogPluginManager: Mounting plugin MeshEditor
LogPluginManager: Mounting plugin MobileLauncherProfileWizard
LogPluginManager: Mounting plugin PluginBrowser
LogPluginManager: Mounting plugin SpeedTreeImporter
LogPluginManager: Mounting plugin DatasmithContent
LogPluginManager: Mounting plugin AlembicImporter
LogPluginManager: Mounting plugin AppleImageUtils
LogPluginManager: Mounting plugin AppleVision
LogPluginManager: Mounting plugin BackChannel
LogPluginManager: Mounting plugin CharacterAI
LogPluginManager: Mounting plugin GeometryCache
LogPluginManager: Mounting plugin HTML5Networking
LogPluginManager: Mounting plugin ProxyLODPlugin
LogPluginManager: Mounting plugin MagicLeap
LogPluginManager: Mounting plugin MagicLeapEmulator
LogPluginManager: Mounting plugin MagicLeapMedia
LogPluginManager: Mounting plugin AndroidMedia
LogPluginManager: Mounting plugin AvfMedia
LogPluginManager: Mounting plugin ImgMedia
LogPluginManager: Mounting plugin LinearTimecode
LogPluginManager: Mounting plugin MediaCompositing
LogPluginManager: Mounting plugin MediaPlayerEditor
LogPluginManager: Mounting plugin WmfMedia
LogPluginManager: Mounting plugin TcpMessaging
LogPluginManager: Mounting plugin UdpMessaging
LogPluginManager: Mounting plugin ActorSequence
LogPluginManager: Mounting plugin LevelSequenceEditor
LogPluginManager: Mounting plugin MatineeToLevelSequence
LogPluginManager: Mounting plugin NetcodeUnitTest
LogPluginManager: Mounting plugin NUTUnrealEngine4
LogPluginManager: Mounting plugin OnlineSubsystemGooglePlay
LogPluginManager: Mounting plugin OnlineSubsystemIOS
LogPluginManager: Mounting plugin OnlineSubsystem
LogPluginManager: Mounting plugin OnlineSubsystemNull
LogPluginManager: Mounting plugin OnlineSubsystemUtils
LogPluginManager: Mounting plugin LauncherChunkInstaller
LogPluginManager: Mounting plugin AndroidDeviceProfileSelector
LogPluginManager: Mounting plugin AndroidMoviePlayer
LogPluginManager: Mounting plugin AndroidPermission
LogPluginManager: Mounting plugin AppleMoviePlayer
LogPluginManager: Mounting plugin ArchVisCharacter
LogPluginManager: Mounting plugin AudioCapture
LogPluginManager: Mounting plugin CableComponent
LogPluginManager: Mounting plugin CustomMeshComponent
LogPluginManager: Mounting plugin EditableMesh
LogPluginManager: Mounting plugin ExampleDeviceProfileSelector
LogPluginManager: Mounting plugin GoogleCloudMessaging
LogPluginManager: Mounting plugin ImmediatePhysics
LogPluginManager: Mounting plugin IOSDeviceProfileSelector
LogPluginManager: Mounting plugin LinuxDeviceProfileSelector
LogPluginManager: Mounting plugin LocationServicesBPLibrary
LogPluginManager: Mounting plugin MobilePatchingUtils
LogPluginManager: Mounting plugin OculusVR
LogPluginManager: Plugin shader directory ../../../Engine/Plugins/Runtime/Oculus/OculusVR/Shaders found
LogPluginManager: Mapping shader source directory ../../../Engine/Plugins/Runtime/Oculus/OculusVR/Shaders to virtual directory /Plugin/OculusVR
LogPluginManager: Mounting plugin PhysXVehicles
LogPluginManager: Mounting plugin ProceduralMeshComponent
LogPluginManager: Mounting plugin RuntimePhysXCooking
LogPluginManager: Mounting plugin SteamVR
LogPluginManager: Mounting plugin WindowsMoviePlayer
LogStreaming: Display: Took  0.141s to configure plugins.
LogInit: Using libcurl 7.55.1-DEV
LogInit:  - built for x86_64-pc-win32
LogInit:  - supports SSL with OpenSSL/1.0.2h
LogInit:  - supports HTTP deflate (compression) using libz 1.2.8
LogInit:  - other features:
LogInit:      CURL_VERSION_SSL
LogInit:      CURL_VERSION_LIBZ
LogInit:      CURL_VERSION_IPV6
LogInit:      CURL_VERSION_ASYNCHDNS
LogInit:      CURL_VERSION_LARGEFILE
LogInit:      CURL_VERSION_IDN
LogInit:  CurlRequestOptions (configurable via config and command line):
LogInit:  - bVerifyPeer = false  - Libcurl will NOT verify peer certificate
LogInit:  - bUseHttpProxy = false  - Libcurl will NOT use HTTP proxy
LogInit:  - bDontReuseConnections = false  - Libcurl will reuse connections
LogInit:  - CertBundlePath = nullptr  - Libcurl will use whatever was configured at build time.
LogInit:  - MaxHostConnections = 16  - Libcurl will limit the number of connections to a host
LogInit:  - LocalHostAddr = Default
LogInit:  - BufferSize = 65536
LogInit: WinSock: version 1.1 (2.2), MaxSocks=32767, MaxUdp=65467
LogInit: Build: ++UE4+Release-4.20-CL-4233996
LogInit: Engine Version: 4.20.1-4233996+++UE4+Release-4.20
LogInit: Compatible Engine Version: 4.20.0-4212847+++UE4+Release-4.20
LogInit: Net CL: 4212847
LogInit: OS: Windows 10 (), CPU:        Intel(R) Core(TM) i7-3770K CPU @ 3.50GHz, GPU: NVIDIA GeForce GTX 670
LogInit: Compiled (64-bit): Jul 26 2018 10:07:30
LogInit: Compiled with Visual C++: 19.13.26129.00
LogInit: Build Configuration: Development
LogInit: Branch Name: ++UE4+Release-4.20
LogInit: Command Line:  -skipcompile
LogInit: Base Directory: D:/Program Files/Epic Games/UE_4.20/Engine/Binaries/Win64/
LogInit: Installed Engine Build: 1
LogDevObjectVersion: Number of dev versions registered: 20
LogDevObjectVersion:   Dev-Blueprints (B0D832E4-1F89-4F0D-ACCF-7EB736FD4AA2): 10
LogDevObjectVersion:   Dev-Build (E1C64328-A22C-4D53-A36C-8E866417BD8C): 0
LogDevObjectVersion:   Dev-Core (375EC13C-06E4-48FB-B500-84F0262A717E): 2
LogDevObjectVersion:   Dev-Editor (E4B068ED-F494-42E9-A231-DA0B2E46BB41): 24
LogDevObjectVersion:   Dev-Framework (CFFC743F-43B0-4480-9391-14DF171D2073): 34
LogDevObjectVersion:   Dev-Mobile (B02B49B5-BB20-44E9-A304-32B752E40360): 2
LogDevObjectVersion:   Dev-Networking (A4E4105C-59A1-49B5-A7C5-40C4547EDFEE): 0
LogDevObjectVersion:   Dev-Online (39C831C9-5AE6-47DC-9A44-9C173E1C8E7C): 0
LogDevObjectVersion:   Dev-Physics (78F01B33-EBEA-4F98-B9B4-84EACCB95AA2): 0
LogDevObjectVersion:   Dev-Platform (6631380F-2D4D-43E0-8009-CF276956A95A): 0
LogDevObjectVersion:   Dev-Rendering (12F88B9F-8875-4AFC-A67C-D90C383ABD29): 26
LogDevObjectVersion:   Dev-Sequencer (7B5AE74C-D270-4C10-A958-57980B212A5A): 9
LogDevObjectVersion:   Dev-VR (D7296918-1DD6-4BDD-9DE2-64A83CC13884): 2
LogDevObjectVersion:   Dev-LoadTimes (C2A15278-BFE7-4AFE-6C17-90FF531DF755): 1
LogDevObjectVersion:   Private-Geometry (6EACA3D4-40EC-4CC1-B786-8BED09428FC5): 3
LogDevObjectVersion:   Dev-AnimPhys (29E575DD-E0A3-4627-9D10-D276232CDCEA): 17
LogDevObjectVersion:   Dev-ReflectionCapture (6B266CEC-1EC7-4B8F-A30B-E4D90942FC07): 1
LogDevObjectVersion:   Dev-Automation (0DF73D61-A23F-47EA-B727-89E90C41499A): 1
LogDevObjectVersion:   FortniteMain (601D1886-AC64-4F84-AA16-D3DE0DEAC7D6): 12
LogDevObjectVersion:   Dev-Enterprise (9DFFBCD6-494F-0158-E221-12823C92A888): 1
LogStreaming: Display: Took  0.004s to delete old logs.
LogInit: Presizing for max 8388607 objects, including 0 objects not considered by GC, pre-allocating 0 bytes for permanent pool.
LogInit: Object subsystem initialized
[2019.02.20-20.29.58:929][  0]LogInit: Selected Device Profile: [Windows]
[2019.02.20-20.29.58:929][  0]LogInit: Applying CVar settings loaded from the selected device profile: [Windows]
[2019.02.20-20.29.58:939][  0]LogHAL: Display: Platform has ~ 16 GB [17121808384 / 17179869184 / 16], which maps to Larger [LargestMinGB=32, LargerMinGB=12, DefaultMinGB=8, SmallerMinGB=6, SmallestMinGB=0)
[2019.02.20-20.29.58:940][  0]LogInit: Setting Device Profile CVar: [[r.Vulkan.UseRealUBs:1]]
[2019.02.20-20.29.58:940][  0]LogInit: Going up to parent DeviceProfile []
[2019.02.20-20.29.58:940][  0]LogInit: Computer: WJ316-28
[2019.02.20-20.29.58:940][  0]LogInit: User: alar0037
[2019.02.20-20.29.58:940][  0]LogInit: CPU Page size=4096, Cores=4
[2019.02.20-20.29.58:940][  0]LogInit: High frequency timer resolution =3.428047 MHz
[2019.02.20-20.29.58:941][  0]LogMemory: Memory total: Physical=15.9GB (16GB approx)
[2019.02.20-20.29.58:941][  0]LogMemory: Platform Memory Stats for Windows
[2019.02.20-20.29.58:941][  0]LogMemory: Process Physical Memory: 105.02 MB used, 105.02 MB peak
[2019.02.20-20.29.58:941][  0]LogMemory: Process Virtual Memory: 89.63 MB used, 89.63 MB peak
[2019.02.20-20.29.58:941][  0]LogMemory: Physical Memory: 5729.62 MB used,  10599.01 MB free, 16328.63 MB total
[2019.02.20-20.29.58:941][  0]LogMemory: Virtual Memory: 542.04 MB used,  10599.01 MB free, 134217728.00 MB total
[2019.02.20-20.29.59:058][  0]LogInit: Using OS detected language (en-US).
[2019.02.20-20.29.59:058][  0]LogInit: Using OS detected locale (en-US).
[2019.02.20-20.29.59:058][  0]LogTextLocalizationManager: No specific localization for 'en-US' exists, so the 'en' localization will be used.
[2019.02.20-20.29.59:423][  0]LogStreaming: Display: Took  0.366s to InitEngineTextLocalization.
[2019.02.20-20.29.59:423][  0]LogInit: Setting process to per monitor DPI aware
[2019.02.20-20.29.59:478][  0]LogSlate: New Slate User Created.  User Index 0, Is Virtual User: 0
[2019.02.20-20.29.59:478][  0]LogSlate: Slate User Registered.  User Index 0, Is Virtual User: 0
[2019.02.20-20.29.59:806][  0]LogHMD: Failed to initialize OpenVR with code 110
[2019.02.20-20.29.59:806][  0]LogD3D11RHI: D3D11 adapters:
[2019.02.20-20.29.59:878][  0]LogD3D11RHI:    0. 'NVIDIA GeForce GTX 670' (Feature Level 11_0)
[2019.02.20-20.29.59:879][  0]LogD3D11RHI:       4052/0/8164 MB DedicatedVideo/DedicatedSystem/SharedSystem, Outputs:1, VendorId:0x10de
[2019.02.20-20.29.59:886][  0]LogD3D11RHI:    1. 'Microsoft Basic Render Driver' (Feature Level 11_0)
[2019.02.20-20.29.59:886][  0]LogD3D11RHI:       0/0/8164 MB DedicatedVideo/DedicatedSystem/SharedSystem, Outputs:0, VendorId:0x1414
[2019.02.20-20.29.59:886][  0]LogD3D11RHI: Chosen D3D11 Adapter: 0
[2019.02.20-20.29.59:891][  0]LogD3D11RHI: Creating new Direct3DDevice
[2019.02.20-20.29.59:891][  0]LogD3D11RHI:     GPU DeviceId: 0x1189 (for the marketing name, search the web for "GPU Device Id")
[2019.02.20-20.29.59:891][  0]LogWindows: EnumDisplayDevices:
[2019.02.20-20.29.59:891][  0]LogWindows:    0. 'NVIDIA GeForce GTX 670' (P:1 D:1)
[2019.02.20-20.29.59:892][  0]LogWindows:    1. 'NVIDIA GeForce GTX 670' (P:0 D:0)
[2019.02.20-20.29.59:892][  0]LogWindows:    2. 'NVIDIA GeForce GTX 670' (P:0 D:0)
[2019.02.20-20.29.59:892][  0]LogWindows:    3. 'NVIDIA GeForce GTX 670' (P:0 D:0)
[2019.02.20-20.29.59:892][  0]LogWindows: DebugString: FoundDriverCount:4 
[2019.02.20-20.29.59:892][  0]LogD3D11RHI:     Adapter Name: NVIDIA GeForce GTX 670
[2019.02.20-20.29.59:892][  0]LogD3D11RHI:   Driver Version: 391.35 (internal:23.21.13.9135, unified:391.35)
[2019.02.20-20.29.59:892][  0]LogD3D11RHI:      Driver Date: 3-23-2018
[2019.02.20-20.29.59:892][  0]LogRHI: Texture pool is 2836 MB (70% of 4052 MB)
[2019.02.20-20.29.59:934][  0]LogD3D11RHI: Async texture creation enabled
[2019.02.20-20.29.59:953][  0]LogD3D11RHI: GPU Timing Frequency: 1000.000000 (Debug: 2 2)
[2019.02.20-20.29.59:954][  0]LogShaderCompilers: Guid format shader working directory is 10 characters bigger than the processId version (C:/Users/alar0037/Documents/GitHub/GOOB/Intermediate/Shaders/WorkingDirectory/2984/).
[2019.02.20-20.29.59:954][  0]LogShaderCompilers: Cleaned the shader compiler working directory 'C:/Users/alar0037/AppData/Local/Temp/UnrealShaderWorkingDir/5157E3B44B7FC4F02935B1A6816DE3AF/'.
[2019.02.20-20.30.00:222][  0]LogTemp: Display: Loaded TP AllDesktopTargetPlatform
[2019.02.20-20.30.00:240][  0]LogTemp: Display: Loaded TP MacClientTargetPlatform
[2019.02.20-20.30.00:257][  0]LogTemp: Display: Loaded TP MacNoEditorTargetPlatform
[2019.02.20-20.30.00:274][  0]LogTemp: Display: Loaded TP MacServerTargetPlatform
[2019.02.20-20.30.00:291][  0]LogTemp: Display: Loaded TP MacTargetPlatform
[2019.02.20-20.30.00:308][  0]LogTemp: Display: Loaded TP WindowsClientTargetPlatform
[2019.02.20-20.30.00:324][  0]LogTemp: Display: Loaded TP WindowsNoEditorTargetPlatform
[2019.02.20-20.30.00:343][  0]LogTemp: Display: Loaded TP WindowsServerTargetPlatform
[2019.02.20-20.30.00:351][  0]LogTemp: Display: Loaded TP WindowsTargetPlatform
[2019.02.20-20.30.00:439][  0]LogTemp: Display: Loaded TP AndroidTargetPlatform
[2019.02.20-20.30.00:439][  0]LogTemp: Display: Loaded TP AndroidTargetPlatform
[2019.02.20-20.30.00:439][  0]LogTemp: Display: Loaded TP AndroidTargetPlatform
[2019.02.20-20.30.00:439][  0]LogTemp: Display: Loaded TP AndroidTargetPlatform
[2019.02.20-20.30.00:440][  0]LogTemp: Display: Loaded TP AndroidTargetPlatform
[2019.02.20-20.30.00:440][  0]LogTemp: Display: Loaded TP AndroidTargetPlatform
[2019.02.20-20.30.00:440][  0]LogTemp: Display: Loaded TP AndroidTargetPlatform
[2019.02.20-20.30.00:440][  0]LogTemp: Display: Loaded TP AndroidTargetPlatform
[2019.02.20-20.30.00:440][  0]LogTemp: Display: Loaded TP AndroidTargetPlatform
[2019.02.20-20.30.00:440][  0]LogTemp: Display: Loaded TP AndroidTargetPlatform
[2019.02.20-20.30.00:440][  0]LogTemp: Display: Loaded TP AndroidTargetPlatform
[2019.02.20-20.30.00:440][  0]LogTemp: Display: Loaded TP AndroidTargetPlatform
[2019.02.20-20.30.00:440][  0]LogTemp: Display: Loaded TP AndroidTargetPlatform
[2019.02.20-20.30.00:440][  0]LogTemp: Display: Loaded TP AndroidTargetPlatform
[2019.02.20-20.30.00:440][  0]LogTemp: Display: Loaded TP AndroidTargetPlatform
[2019.02.20-20.30.00:440][  0]LogTemp: Display: Loaded TP AndroidTargetPlatform
[2019.02.20-20.30.00:440][  0]LogTemp: Display: Loaded TP AndroidTargetPlatform
[2019.02.20-20.30.00:440][  0]LogTemp: Display: Loaded TP AndroidTargetPlatform
[2019.02.20-20.30.00:444][  0]LogTemp: Display: Loaded TP HTML5TargetPlatform
[2019.02.20-20.30.00:516][  0]LogTemp: Display: Loaded TP IOSTargetPlatform
[2019.02.20-20.30.00:516][  0]LogTemp: Display: Loaded TP IOSTargetPlatform
[2019.02.20-20.30.00:544][  0]LogTemp: Display: Loaded TP TVOSTargetPlatform
[2019.02.20-20.30.00:544][  0]LogTemp: Display: Loaded TP TVOSTargetPlatform
[2019.02.20-20.30.00:562][  0]LogTemp: Display: Loaded TP LinuxClientTargetPlatform
[2019.02.20-20.30.00:578][  0]LogTemp: Display: Loaded TP LinuxNoEditorTargetPlatform
[2019.02.20-20.30.00:594][  0]LogTemp: Display: Loaded TP LinuxServerTargetPlatform
[2019.02.20-20.30.00:611][  0]LogTemp: Display: Loaded TP LinuxTargetPlatform
[2019.02.20-20.30.00:623][  0]LogTemp: Display: Loaded TP LuminTargetPlatform
[2019.02.20-20.30.00:624][  0]LogTargetPlatformManager: Display: Building Assets For Windows
[2019.02.20-20.30.00:727][  0]LogXGEController: Cleaning working directory: C:/Users/alar0037/AppData/Local/Temp/UnrealXGEWorkingDir/
[2019.02.20-20.30.00:728][  0]LogXGEController: Cannot use XGE Controller as Incredibuild is not installed on this machine.
[2019.02.20-20.30.00:728][  0]LogShaderCompilers: Cannot use XGE Shader Compiler as Incredibuild is not installed on this machine.
[2019.02.20-20.30.00:728][  0]LogShaderCompilers: Display: Using Local Shader Compiler.
[2019.02.20-20.30.01:468][  0]LogDerivedDataCache: Display: Max Cache Size: 512 MB
[2019.02.20-20.30.01:516][  0]LogDerivedDataCache: Loaded boot cache 0.05s 71MB C:/Users/alar0037/AppData/Local/UnrealEngine/4.20/DerivedDataCache/Boot.ddc.
[2019.02.20-20.30.01:516][  0]LogDerivedDataCache: Display: Loaded Boot cache: C:/Users/alar0037/AppData/Local/UnrealEngine/4.20/DerivedDataCache/Boot.ddc
[2019.02.20-20.30.01:516][  0]LogDerivedDataCache: FDerivedDataBackendGraph:  Pak pak cache file C:/Users/alar0037/Documents/GitHub/GOOB/DerivedDataCache/DDC.ddp not found, will not use a pak cache.
[2019.02.20-20.30.01:516][  0]LogDerivedDataCache: Unable to find inner node Pak for hierarchical cache Hierarchy.
[2019.02.20-20.30.01:517][  0]LogDerivedDataCache: FDerivedDataBackendGraph:  CompressedPak pak cache file C:/Users/alar0037/Documents/GitHub/GOOB/DerivedDataCache/Compressed.ddp not found, will not use a pak cache.
[2019.02.20-20.30.01:517][  0]LogDerivedDataCache: Unable to find inner node CompressedPak for hierarchical cache Hierarchy.
[2019.02.20-20.30.01:529][  0]LogDerivedDataCache: Display: Pak cache opened for reading ../../../Engine/DerivedDataCache/Compressed.ddp.
[2019.02.20-20.30.01:543][  0]LogDerivedDataCache: Using Local data cache path C:/Users/alar0037/AppData/Local/UnrealEngine/Common/DerivedDataCache: Writable
[2019.02.20-20.30.01:543][  0]LogDerivedDataCache: Shared data cache path not found in *engine.ini, will not use an Shared cache.
[2019.02.20-20.30.01:543][  0]LogDerivedDataCache: Unable to find inner node Shared for hierarchical cache Hierarchy.
[2019.02.20-20.30.01:563][  0]LogMaterial: Verifying Global Shaders for PCD3D_SM5
[2019.02.20-20.30.01:564][  0]LogSlate: Using FreeType 2.6.0
[2019.02.20-20.30.01:566][  0]LogSlate: SlateFontServices - WITH_FREETYPE: 1, WITH_HARFBUZZ: 1
[2019.02.20-20.30.01:663][  0]LogAssetRegistry: FAssetRegistry took 0.0284 seconds to start up
[2019.02.20-20.30.02:025][  0]LogInit: Selected Device Profile: [Windows]
[2019.02.20-20.30.02:172][  0]LogSimplygon: Simplygon DLL not present - disabling.
[2019.02.20-20.30.02:179][  0]LogMeshReduction: Using SimplygonSwarm for distributed automatic mesh merging
[2019.02.20-20.30.02:180][  0]LogMeshReduction: Using ProxyLODMeshReduction for automatic mesh merging
[2019.02.20-20.30.02:180][  0]LogMeshReduction: Using QuadricMeshReduction for automatic static mesh reduction
[2019.02.20-20.30.02:180][  0]LogMeshReduction: No automatic skeletal mesh reduction module available
[2019.02.20-20.30.02:193][  0]LogNetVersion: Terminus_22XX 1.0.0, NetCL: 4212847, EngineNetVer: 5, GameNetVer: 0 (Checksum: 1011408813)
[2019.02.20-20.30.02:706][  0]LogPackageLocalizationCache: Processed 11 localized package path(s) for 2 prioritized culture(s) in 0.116167 seconds
[2019.02.20-20.30.02:712][  0]LogUObjectArray: 38425 objects as part of root set at end of initial load.
[2019.02.20-20.30.02:712][  0]LogUObjectAllocator: 6690872 out of 0 bytes used by permanent object pool.
[2019.02.20-20.30.02:713][  0]LogUObjectArray: CloseDisregardForGC: 0/0 objects in disregard for GC pool
[2019.02.20-20.30.03:831][  0]LogTcpMessaging: Initializing TcpMessaging bridge
[2019.02.20-20.30.03:848][  0]LogUdpMessaging: Initializing bridge on interface 0.0.0.0:0 to multicast group 230.0.0.1:6666.
[2019.02.20-20.30.04:051][  0]SourceControl: Source control is disabled
[2019.02.20-20.30.04:051][  0]SourceControl: Source control is disabled
[2019.02.20-20.30.04:055][  0]SourceControl: Source control is disabled
[2019.02.20-20.30.04:059][  0]SourceControl: Source control is disabled
[2019.02.20-20.30.04:332][  0]LogAndroidPermission: UAndroidPermissionCallbackProxy::GetInstance
[2019.02.20-20.30.04:415][  0]LogOcInput: OculusInput pre-init called
[2019.02.20-20.30.04:489][  0]LogEngine: Initializing Engine...
[2019.02.20-20.30.04:490][  0]LogHMD: Failed to initialize OpenVR with code 110
[2019.02.20-20.30.04:493][  0]LogStats: UGameplayTagsManager::ConstructGameplayTagTree: ImportINI prefixes -  0.000 s
[2019.02.20-20.30.04:493][  0]LogStats: UGameplayTagsManager::ConstructGameplayTagTree: Construct from data asset -  0.000 s
[2019.02.20-20.30.04:493][  0]LogStats: UGameplayTagsManager::ConstructGameplayTagTree: ImportINI -  0.000 s
[2019.02.20-20.30.04:494][  0]LogStats: UGameplayTagsManager::ConstructGameplayTagTree: GameplayTagTreeChangedEvent.Broadcast -  0.000 s
[2019.02.20-20.30.04:696][  0]LogInit: Initializing FReadOnlyCVARCache
[2019.02.20-20.30.04:711][  0]LogAIModule: Creating AISystem for world Untitled
[2019.02.20-20.30.04:720][  0]LogInit: XAudio2 using 'Realtek Digital Output(Optical) (Realtek High Definition Audio)' : 2 channels at 48 kHz using 16 bits per sample (channel mask 0x3)
[2019.02.20-20.30.04:752][  0]LogInit: FAudioDevice initialized.
[2019.02.20-20.30.04:752][  0]LogNetVersion: Set ProjectVersion to 1.0.0.0. Version Checksum will be recalculated on next use.
[2019.02.20-20.30.04:832][  0]LogDerivedDataCache: Saved boot cache 0.08s 71MB C:/Users/alar0037/AppData/Local/UnrealEngine/4.20/DerivedDataCache/Boot.ddc.
[2019.02.20-20.30.04:838][  0]LogInit: Texture streaming: Enabled
[2019.02.20-20.30.04:860][  0]LogEngineSessionManager: EngineSessionManager initialized
[2019.02.20-20.30.04:870][  0]LogInit: Transaction tracking system initialized
[2019.02.20-20.30.04:901][  0]BlueprintLog: New page: Editor Load
[2019.02.20-20.30.05:013][  0]LocalizationService: Localization service is disabled
[2019.02.20-20.30.05:298][  0]LogCook: Display: Max memory allowance for cook 16384mb min free memory 0mb
[2019.02.20-20.30.05:299][  0]LogCook: Display: Mobile HDR setting 1
[2019.02.20-20.30.05:299][  0]LogGameplayTags: Display: UGameplayTagsManager::DoneAddingNativeTags. DelegateIsBound: 0
[2019.02.20-20.30.05:299][  0]LogStats: UGameplayTagsManager::ConstructGameplayTagTree: ImportINI prefixes -  0.000 s
[2019.02.20-20.30.05:299][  0]LogStats: UGameplayTagsManager::ConstructGameplayTagTree: Construct from data asset -  0.000 s
[2019.02.20-20.30.05:299][  0]LogStats: UGameplayTagsManager::ConstructGameplayTagTree: ImportINI -  0.000 s
[2019.02.20-20.30.05:299][  0]LogStats: UGameplayTagsManager::ConstructGameplayTagTree: GameplayTagTreeChangedEvent.Broadcast -  0.000 s
[2019.02.20-20.30.05:484][  0]LogFileCache: Scanning file cache for directory 'C:/Users/alar0037/Documents/GitHub/GOOB/Content/' took 0.02s
[2019.02.20-20.30.05:484][  0]SourceControl: Source control is disabled
[2019.02.20-20.30.05:484][  0]Cmd: MAP LOAD FILE="C:/Users/alar0037/Documents/GitHub/GOOB/Content/Levels/Test_Level.umap" TEMPLATE=0 SHOWPROGRESS=1 FEATURELEVEL=3
[2019.02.20-20.30.05:484][  0]LightingResults: New page: Lighting Build
[2019.02.20-20.30.05:486][  0]MapCheck: New page: Map Check
[2019.02.20-20.30.05:486][  0]LightingResults: New page: Lighting Build
[2019.02.20-20.30.05:556][  0]LogAIModule: Creating AISystem for world Test_Level
[2019.02.20-20.30.05:567][  0]LogEditorServer: Finished looking for orphan Actors (0.000 secs)
[2019.02.20-20.30.05:586][  0]Cmd: MAP CHECKDEP NOCLEARLOG
[2019.02.20-20.30.05:648][  0]MapCheck: Map check complete: 0 Error(s), 0 Warning(s), took 62.036ms to complete.
[2019.02.20-20.30.05:649][  0]LogFileHelpers: Loading map 'Test_Level' took 0.165
[2019.02.20-20.30.05:754][  0]LogSlate: Updating window title bar state: overlay mode, drag disabled, window buttons hidden, title bar hidden
[2019.02.20-20.30.05:763][  0]LogSlate: Updating window title bar state: overlay mode, drag disabled, window buttons hidden, title bar hidden
[2019.02.20-20.30.05:772][  0]LogSlate: Updating window title bar state: overlay mode, drag disabled, window buttons hidden, title bar hidden
[2019.02.20-20.30.05:780][  0]LogSlate: Updating window title bar state: overlay mode, drag disabled, window buttons hidden, title bar hidden
[2019.02.20-20.30.05:787][  0]LogCollectionManager: Loaded 0 collections in 0.001043 seconds
[2019.02.20-20.30.05:832][  0]LogFileCache: Scanning file cache for directory 'C:/Users/alar0037/Documents/GitHub/GOOB/Saved/Collections/' took 0.01s
[2019.02.20-20.30.05:832][  0]LogFileCache: Scanning file cache for directory 'C:/Users/alar0037/Documents/GitHub/GOOB/Content/Developers/alar0037/Collections/' took 0.01s
[2019.02.20-20.30.05:832][  0]LogFileCache: Scanning file cache for directory 'C:/Users/alar0037/Documents/GitHub/GOOB/Content/Collections/' took 0.01s
[2019.02.20-20.30.05:832][  0]LogCollectionManager: Rebuilt the GUID cache for 0 collections in 0.000001 seconds
[2019.02.20-20.30.05:843][  0]LogContentBrowser: Native class hierarchy populated in 0.0105 seconds. Added 2581 classes and 605 folders.
[2019.02.20-20.30.05:849][  0]LogContentBrowser: Native class hierarchy updated for 'WidgetCarousel' in 0.0003 seconds. Added 0 classes and 0 folders.
[2019.02.20-20.30.05:896][  0]LogContentBrowser: Native class hierarchy updated for 'AddContentDialog' in 0.0004 seconds. Added 0 classes and 0 folders.
[2019.02.20-20.30.05:903][  0]LogContentBrowser: Native class hierarchy updated for 'SceneOutliner' in 0.0005 seconds. Added 1 classes and 2 folders.
[2019.02.20-20.30.05:920][  0]LogSlate: Took 0.000515 seconds to synchronously load lazily loaded font '../../../Engine/Content/Slate/Fonts/Roboto-Regular.ttf' (155K)
[2019.02.20-20.30.05:923][  0]LogSlate: Took 0.000447 seconds to synchronously load lazily loaded font '../../../Engine/Content/Slate/Fonts/Roboto-Bold.ttf' (160K)
[2019.02.20-20.30.05:929][  0]LogSlate: Took 0.000438 seconds to synchronously load lazily loaded font '../../../Engine/Content/Editor/Slate/Fonts/FontAwesome.ttf' (139K)
[2019.02.20-20.30.06:007][  0]LogRenderer: Reallocating scene render targets to support 1208x576 Format 10 NumSamples 1 (Frame:1).
[2019.02.20-20.30.06:148][  0]LogContentBrowser: Native class hierarchy updated for 'HierarchicalLODOutliner' in 0.0005 seconds. Added 0 classes and 0 folders.
[2019.02.20-20.30.06:148][  0]LogLoad: (Engine Initialization) Total time: 8.98 seconds
[2019.02.20-20.30.06:148][  0]LogLoad: (Engine Initialization) Total Blueprint compile time: 0.00 seconds
[2019.02.20-20.30.06:159][  0]LogWindowsTextInputMethodSystem: Display: IME system now deactivated.
[2019.02.20-20.30.06:183][  0]LogContentStreaming: Texture pool size now 3000 MB
[2019.02.20-20.30.06:354][  0]LogSlate: Took 0.000359 seconds to synchronously load lazily loaded font '../../../Engine/Content/Slate/Fonts/Roboto-Light.ttf' (167K)
[2019.02.20-20.30.06:390][  1]LogAssetRegistry: Asset discovery search completed in 4.7512 seconds
[2019.02.20-20.30.06:392][  1]LogCollectionManager: Rebuilt the object cache for 0 collections in 0.000001 seconds (found 0 objects)
[2019.02.20-20.30.06:392][  1]LogCollectionManager: Fixed up redirectors for 0 collections in 0.000146 seconds (updated 0 objects)
[2019.02.20-20.30.08:001][187]LogSlate: FSceneViewport::OnFocusLost() reason 0
[2019.02.20-20.30.08:174][205]LogLinker: Error: Failed import: class 'SphereComponent' name 'Root' outer 'Default__Test2PlayerCharacter_C'. There is another object (of 'CapsuleComponent' class) at the path.
[2019.02.20-20.30.08:175][205]LogLinker: Error: Failed import: class 'SphereComponent' name 'Root' outer 'Default__Test2PlayerCharacter_C'. There is another object (of 'CapsuleComponent' class) at the path.
[2019.02.20-20.30.08:175][205]LogLinker: Error: Failed import: class 'SphereComponent' name 'Root' outer 'Default__Test2PlayerCharacter_C'. There is another object (of 'CapsuleComponent' class) at the path.
[2019.02.20-20.30.08:175][205]LogLinker: Error: Failed import: class 'SphereComponent' name 'Root' outer 'Default__Test2PlayerCharacter_C'. There is another object (of 'CapsuleComponent' class) at the path.
[2019.02.20-20.30.08:177][205]LogLinker: Error: Failed import: class 'SphereComponent' name 'Root' outer 'Default__Test2PlayerCharacter_C'. There is another object (of 'CapsuleComponent' class) at the path.
[2019.02.20-20.30.08:202][205]LogSlate: Took 0.000258 seconds to synchronously load lazily loaded font '../../../Engine/Content/Slate/Fonts/Roboto-Light.ttf' (167K)
[2019.02.20-20.30.08:209][205]LogAssetEditorManager: Opening Asset editor for Blueprint /Game/Blueprints/ProgrammingBlueprints/Test2PlayerCharacter.Test2PlayerCharacter
[2019.02.20-20.30.08:769][205]LogContentBrowser: Native class hierarchy updated for 'BlueprintGraph' in 0.0008 seconds. Added 116 classes and 0 folders.
[2019.02.20-20.30.11:043][281]LogSlate: Window 'Test2PlayerCharacter' being destroyed
[2019.02.20-20.30.11:118][281]LogAssetEditorManager: Opening Asset editor for Blueprint /Game/Blueprints/ProgrammingBlueprints/Test2PlayerCharacter.Test2PlayerCharacter
[2019.02.20-20.30.11:482][281]LogSlate: Took 0.000335 seconds to synchronously load lazily loaded font '../../../Engine/Content/Slate/Fonts/Roboto-BoldCondensed.ttf' (158K)
[2019.02.20-20.30.14:121][518]LogRenderer: Reallocating scene render targets to support 1208x900 Format 10 NumSamples 1 (Frame:134).
[2019.02.20-20.30.14:593][558]LogSlate: Took 0.000468 seconds to synchronously load lazily loaded font '../../../Engine/Content/Slate/Fonts/Roboto-Italic.ttf' (157K)
[2019.02.20-20.30.33:041][423]LogTemp: Repeating last play command: Selected Viewport
[2019.02.20-20.30.33:063][423]LogPlayLevel: PlayLevel: No blueprints needed recompiling
[2019.02.20-20.30.33:078][423]PIE: New page: PIE session: Test_Level (Feb 20, 2019, 10:30:33 AM)
[2019.02.20-20.30.33:078][423]LogPlayLevel: Creating play world package: /Game/Levels/UEDPIE_0_Test_Level
[2019.02.20-20.30.33:097][423]LogPlayLevel: PIE: StaticDuplicateObject took: (0.018915s)
[2019.02.20-20.30.33:097][423]LogAIModule: Creating AISystem for world Test_Level
[2019.02.20-20.30.33:098][423]LogPlayLevel: PIE: World Init took: (0.000887s)
[2019.02.20-20.30.33:098][423]LogPlayLevel: PIE: Created PIE world by copying editor world from /Game/Levels/Test_Level.Test_Level to /Game/Levels/UEDPIE_0_Test_Level.Test_Level (0.020145s)
[2019.02.20-20.30.33:129][423]LogInit: XAudio2 using 'Realtek Digital Output(Optical) (Realtek High Definition Audio)' : 2 channels at 48 kHz using 16 bits per sample (channel mask 0x3)
[2019.02.20-20.30.33:142][423]LogInit: FAudioDevice initialized.
[2019.02.20-20.30.33:203][423]LogLoad: Game class is 'Test_Terminus_22XXGameModeBase_C'
[2019.02.20-20.30.33:206][423]LogWorld: Bringing World /Game/Levels/UEDPIE_0_Test_Level.Test_Level up for play (max tick rate 0) at 2019.02.20-15.30.33
[2019.02.20-20.30.33:206][423]LogWorld: Bringing up level for play took: 0.001618
[2019.02.20-20.30.33:223][423]LogContentBrowser: Native class hierarchy updated for 'MovieSceneCapture' in 0.0004 seconds. Added 10 classes and 0 folders.
[2019.02.20-20.30.33:224][423]PIE: Play in editor start time for /Game/Levels/UEDPIE_0_Test_Level 0.996
[2019.02.20-20.30.35:847][650]LogSlate: Updating window title bar state: overlay mode, drag disabled, window buttons hidden, title bar hidden
[2019.02.20-20.30.35:884][650]LogPlayLevel: Display: Shutting down PIE online subsystems
[2019.02.20-20.30.35:910][650]LogSlate: Updating window title bar state: overlay mode, drag disabled, window buttons hidden, title bar hidden
[2019.02.20-20.30.35:953][653]LogPlayLevel: Display: Destroying online subsystem :Context_7
[2019.02.20-20.30.38:772][914]LogTemp: Repeating last play command: Selected Viewport
[2019.02.20-20.30.38:791][914]LogPlayLevel: PlayLevel: No blueprints needed recompiling
[2019.02.20-20.30.38:791][914]PIE: New page: PIE session: Test_Level (Feb 20, 2019, 10:30:38 AM)
[2019.02.20-20.30.38:791][914]LogPlayLevel: Creating play world package: /Game/Levels/UEDPIE_0_Test_Level
[2019.02.20-20.30.38:811][914]LogPlayLevel: PIE: StaticDuplicateObject took: (0.020135s)
[2019.02.20-20.30.38:812][914]LogAIModule: Creating AISystem for world Test_Level
[2019.02.20-20.30.38:812][914]LogPlayLevel: PIE: World Init took: (0.000885s)
[2019.02.20-20.30.38:813][914]LogPlayLevel: PIE: Created PIE world by copying editor world from /Game/Levels/Test_Level.Test_Level to /Game/Levels/UEDPIE_0_Test_Level.Test_Level (0.021354s)
[2019.02.20-20.30.38:840][914]LogInit: XAudio2 using 'Realtek Digital Output(Optical) (Realtek High Definition Audio)' : 2 channels at 48 kHz using 16 bits per sample (channel mask 0x3)
[2019.02.20-20.30.38:851][914]LogInit: FAudioDevice initialized.
[2019.02.20-20.30.38:890][914]LogLoad: Game class is 'Test_Terminus_22XXGameModeBase_C'
[2019.02.20-20.30.38:892][914]LogWorld: Bringing World /Game/Levels/UEDPIE_0_Test_Level.Test_Level up for play (max tick rate 0) at 2019.02.20-15.30.38
[2019.02.20-20.30.38:892][914]LogWorld: Bringing up level for play took: 0.001700
[2019.02.20-20.30.38:907][914]PIE: Play in editor start time for /Game/Levels/UEDPIE_0_Test_Level 0.679
[2019.02.20-20.30.40:701][ 64]LogSlate: Updating window title bar state: overlay mode, drag disabled, window buttons hidden, title bar hidden
[2019.02.20-20.30.40:741][ 64]LogPlayLevel: Display: Shutting down PIE online subsystems
[2019.02.20-20.30.40:765][ 64]LogSlate: Updating window title bar state: overlay mode, drag disabled, window buttons hidden, title bar hidden
[2019.02.20-20.30.40:811][ 66]LogPlayLevel: Display: Destroying online subsystem :Context_8
[2019.02.20-20.31.18:136][ 42]LogSlate: FSceneViewport::OnFocusLost() reason 0
[2019.02.20-20.31.18:214][ 50]LogTemp: Repeating last play command: Selected Viewport
[2019.02.20-20.31.18:234][ 50]LogPlayLevel: PlayLevel: No blueprints needed recompiling
[2019.02.20-20.31.18:234][ 50]PIE: New page: PIE session: Test_Level (Feb 20, 2019, 10:31:18 AM)
[2019.02.20-20.31.18:234][ 50]LogPlayLevel: Creating play world package: /Game/Levels/UEDPIE_0_Test_Level
[2019.02.20-20.31.18:256][ 50]LogPlayLevel: PIE: StaticDuplicateObject took: (0.021759s)
[2019.02.20-20.31.18:257][ 50]LogAIModule: Creating AISystem for world Test_Level
[2019.02.20-20.31.18:257][ 50]LogPlayLevel: PIE: World Init took: (0.000893s)
[2019.02.20-20.31.18:257][ 50]LogPlayLevel: PIE: Created PIE world by copying editor world from /Game/Levels/Test_Level.Test_Level to /Game/Levels/UEDPIE_0_Test_Level.Test_Level (0.023047s)
[2019.02.20-20.31.18:286][ 50]LogInit: XAudio2 using 'Realtek Digital Output(Optical) (Realtek High Definition Audio)' : 2 channels at 48 kHz using 16 bits per sample (channel mask 0x3)
[2019.02.20-20.31.18:298][ 50]LogInit: FAudioDevice initialized.
[2019.02.20-20.31.18:336][ 50]LogLoad: Game class is 'Test_Terminus_22XXGameModeBase_C'
[2019.02.20-20.31.18:338][ 50]LogWorld: Bringing World /Game/Levels/UEDPIE_0_Test_Level.Test_Level up for play (max tick rate 0) at 2019.02.20-15.31.18
[2019.02.20-20.31.18:339][ 50]LogWorld: Bringing up level for play took: 0.001665
[2019.02.20-20.31.18:353][ 50]PIE: Play in editor start time for /Game/Levels/UEDPIE_0_Test_Level 0.125
[2019.02.20-20.31.20:536][279]LogSlate: Updating window title bar state: overlay mode, drag disabled, window buttons hidden, title bar hidden
[2019.02.20-20.31.20:571][279]LogPlayLevel: Display: Shutting down PIE online subsystems
[2019.02.20-20.31.20:597][279]LogSlate: Updating window title bar state: overlay mode, drag disabled, window buttons hidden, title bar hidden
[2019.02.20-20.31.20:636][281]LogPlayLevel: Display: Destroying online subsystem :Context_9
[2019.02.20-20.31.21:274][347]LogTemp: Repeating last play command: Selected Viewport
[2019.02.20-20.31.21:295][347]LogPlayLevel: PlayLevel: No blueprints needed recompiling
[2019.02.20-20.31.21:295][347]PIE: New page: PIE session: Test_Level (Feb 20, 2019, 10:31:21 AM)
[2019.02.20-20.31.21:296][347]LogPlayLevel: Creating play world package: /Game/Levels/UEDPIE_0_Test_Level
[2019.02.20-20.31.21:314][347]LogPlayLevel: PIE: StaticDuplicateObject took: (0.018580s)
[2019.02.20-20.31.21:315][347]LogAIModule: Creating AISystem for world Test_Level
[2019.02.20-20.31.21:315][347]LogPlayLevel: PIE: World Init took: (0.000887s)
[2019.02.20-20.31.21:316][347]LogPlayLevel: PIE: Created PIE world by copying editor world from /Game/Levels/Test_Level.Test_Level to /Game/Levels/UEDPIE_0_Test_Level.Test_Level (0.019880s)
[2019.02.20-20.31.21:343][347]LogInit: XAudio2 using 'Realtek Digital Output(Optical) (Realtek High Definition Audio)' : 2 channels at 48 kHz using 16 bits per sample (channel mask 0x3)
[2019.02.20-20.31.21:354][347]LogInit: FAudioDevice initialized.
[2019.02.20-20.31.21:390][347]LogLoad: Game class is 'Test_Terminus_22XXGameModeBase_C'
[2019.02.20-20.31.21:392][347]LogWorld: Bringing World /Game/Levels/UEDPIE_0_Test_Level.Test_Level up for play (max tick rate 0) at 2019.02.20-15.31.21
[2019.02.20-20.31.21:393][347]LogWorld: Bringing up level for play took: 0.001438
[2019.02.20-20.31.21:407][347]PIE: Play in editor start time for /Game/Levels/UEDPIE_0_Test_Level -0.821
[2019.02.20-20.31.22:937][506]LogSlate: Updating window title bar state: overlay mode, drag disabled, window buttons hidden, title bar hidden
[2019.02.20-20.31.22:975][506]LogPlayLevel: Display: Shutting down PIE online subsystems
[2019.02.20-20.31.23:000][506]LogSlate: Updating window title bar state: overlay mode, drag disabled, window buttons hidden, title bar hidden
[2019.02.20-20.31.23:040][508]LogPlayLevel: Display: Destroying online subsystem :Context_10
[2019.02.20-20.31.23:574][563]LogTemp: Repeating last play command: Selected Viewport
[2019.02.20-20.31.23:593][563]LogPlayLevel: PlayLevel: No blueprints needed recompiling
[2019.02.20-20.31.23:593][563]PIE: New page: PIE session: Test_Level (Feb 20, 2019, 10:31:23 AM)
[2019.02.20-20.31.23:593][563]LogPlayLevel: Creating play world package: /Game/Levels/UEDPIE_0_Test_Level
[2019.02.20-20.31.23:616][563]LogPlayLevel: PIE: StaticDuplicateObject took: (0.022202s)
[2019.02.20-20.31.23:616][563]LogAIModule: Creating AISystem for world Test_Level
[2019.02.20-20.31.23:617][563]LogPlayLevel: PIE: World Init took: (0.000843s)
[2019.02.20-20.31.23:617][563]LogPlayLevel: PIE: Created PIE world by copying editor world from /Game/Levels/Test_Level.Test_Level to /Game/Levels/UEDPIE_0_Test_Level.Test_Level (0.023424s)
[2019.02.20-20.31.23:641][563]LogInit: XAudio2 using 'Realtek Digital Output(Optical) (Realtek High Definition Audio)' : 2 channels at 48 kHz using 16 bits per sample (channel mask 0x3)
[2019.02.20-20.31.23:652][563]LogInit: FAudioDevice initialized.
[2019.02.20-20.31.23:685][563]LogLoad: Game class is 'Test_Terminus_22XXGameModeBase_C'
[2019.02.20-20.31.23:687][563]LogWorld: Bringing World /Game/Levels/UEDPIE_0_Test_Level.Test_Level up for play (max tick rate 0) at 2019.02.20-15.31.23
[2019.02.20-20.31.23:688][563]LogWorld: Bringing up level for play took: 0.001451
[2019.02.20-20.31.23:702][563]PIE: Play in editor start time for /Game/Levels/UEDPIE_0_Test_Level -0.526
[2019.02.20-20.31.24:404][633]LogSlate: Updating window title bar state: overlay mode, drag disabled, window buttons hidden, title bar hidden
[2019.02.20-20.31.24:439][633]LogPlayLevel: Display: Shutting down PIE online subsystems
[2019.02.20-20.31.24:465][633]LogSlate: Updating window title bar state: overlay mode, drag disabled, window buttons hidden, title bar hidden
[2019.02.20-20.31.24:503][635]LogPlayLevel: Display: Destroying online subsystem :Context_11
