Log file open, 02/20/19 14:51:51
LogWindows: Failed to load 'aqProf.dll' (GetLastError=126)
LogWindows: File 'aqProf.dll' does not exist
LogWindows: Failed to load 'VSPerf140.dll' (GetLastError=126)
LogWindows: File 'VSPerf140.dll' does not exist
LogWindows: Failed to load 'VtuneApi.dll' (GetLastError=126)
LogWindows: File 'VtuneApi.dll' does not exist
LogWindows: Failed to load 'VtuneApi32e.dll' (GetLastError=126)
LogWindows: File 'VtuneApi32e.dll' does not exist
LogInit: Display: Running engine for game: Terminus_22XX
LogPlatformFile: Not using cached read wrapper
LogTaskGraph: Started task graph with 5 named threads and 23 total threads with 3 sets of task threads.
LogStats: Stats thread started at 2.961398
LogD3D11RHI: Loaded GFSDK_Aftermath_Lib.x64.dll
LogICUInternationalization: Display: ICU TimeZone Detection - Raw Offset: -5:00, Platform Override: ''
LogPluginManager: Mounting plugin Paper2D
LogPluginManager: Mounting plugin AISupport
LogPluginManager: Mounting plugin LightPropagationVolume
LogPluginManager: Mounting plugin CLionSourceCodeAccess
LogPluginManager: Mounting plugin CodeLiteSourceCodeAccess
LogPluginManager: Mounting plugin GitSourceControl
LogPluginManager: Mounting plugin KDevelopSourceCodeAccess
LogPluginManager: Mounting plugin NullSourceCodeAccess
LogPluginManager: Mounting plugin PerforceSourceControl
LogPluginManager: Mounting plugin SubversionSourceControl
LogPluginManager: Mounting plugin UObjectPlugin
LogPluginManager: Mounting plugin VisualStudioCodeSourceCodeAccess
LogPluginManager: Mounting plugin VisualStudioSourceCodeAccess
LogPluginManager: Mounting plugin XCodeSourceCodeAccess
LogPluginManager: Mounting plugin AssetManagerEditor
LogPluginManager: Mounting plugin CryptoKeys
LogPluginManager: Mounting plugin DataValidation
LogPluginManager: Mounting plugin FacialAnimation
LogPluginManager: Mounting plugin GameplayTagsEditor
LogPluginManager: Mounting plugin MacGraphicsSwitching
LogPluginManager: Mounting plugin MeshEditor
LogPluginManager: Mounting plugin MobileLauncherProfileWizard
LogPluginManager: Mounting plugin PluginBrowser
LogPluginManager: Mounting plugin SpeedTreeImporter
LogPluginManager: Mounting plugin DatasmithContent
LogPluginManager: Mounting plugin AlembicImporter
LogPluginManager: Mounting plugin AppleImageUtils
LogPluginManager: Mounting plugin AppleVision
LogPluginManager: Mounting plugin BackChannel
LogPluginManager: Mounting plugin CharacterAI
LogPluginManager: Mounting plugin GeometryCache
LogPluginManager: Mounting plugin HTML5Networking
LogPluginManager: Mounting plugin ProxyLODPlugin
LogPluginManager: Mounting plugin MagicLeap
LogPluginManager: Mounting plugin MagicLeapEmulator
LogPluginManager: Mounting plugin MagicLeapMedia
LogPluginManager: Mounting plugin AndroidMedia
LogPluginManager: Mounting plugin AvfMedia
LogPluginManager: Mounting plugin ImgMedia
LogPluginManager: Mounting plugin LinearTimecode
LogPluginManager: Mounting plugin MediaCompositing
LogPluginManager: Mounting plugin MediaPlayerEditor
LogPluginManager: Mounting plugin WmfMedia
LogPluginManager: Mounting plugin TcpMessaging
LogPluginManager: Mounting plugin UdpMessaging
LogPluginManager: Mounting plugin ActorSequence
LogPluginManager: Mounting plugin LevelSequenceEditor
LogPluginManager: Mounting plugin MatineeToLevelSequence
LogPluginManager: Mounting plugin NetcodeUnitTest
LogPluginManager: Mounting plugin NUTUnrealEngine4
LogPluginManager: Mounting plugin OnlineSubsystemGooglePlay
LogPluginManager: Mounting plugin OnlineSubsystemIOS
LogPluginManager: Mounting plugin OnlineSubsystem
LogPluginManager: Mounting plugin OnlineSubsystemNull
LogPluginManager: Mounting plugin OnlineSubsystemUtils
LogPluginManager: Mounting plugin LauncherChunkInstaller
LogPluginManager: Mounting plugin AndroidDeviceProfileSelector
LogPluginManager: Mounting plugin AndroidMoviePlayer
LogPluginManager: Mounting plugin AndroidPermission
LogPluginManager: Mounting plugin AppleMoviePlayer
LogPluginManager: Mounting plugin ArchVisCharacter
LogPluginManager: Mounting plugin AudioCapture
LogPluginManager: Mounting plugin CableComponent
LogPluginManager: Mounting plugin CustomMeshComponent
LogPluginManager: Mounting plugin EditableMesh
LogPluginManager: Mounting plugin ExampleDeviceProfileSelector
LogPluginManager: Mounting plugin GoogleCloudMessaging
LogPluginManager: Mounting plugin ImmediatePhysics
LogPluginManager: Mounting plugin IOSDeviceProfileSelector
LogPluginManager: Mounting plugin LinuxDeviceProfileSelector
LogPluginManager: Mounting plugin LocationServicesBPLibrary
LogPluginManager: Mounting plugin MobilePatchingUtils
LogPluginManager: Mounting plugin OculusVR
LogPluginManager: Plugin shader directory ../../../Engine/Plugins/Runtime/Oculus/OculusVR/Shaders found
LogPluginManager: Mapping shader source directory ../../../Engine/Plugins/Runtime/Oculus/OculusVR/Shaders to virtual directory /Plugin/OculusVR
LogPluginManager: Mounting plugin PhysXVehicles
LogPluginManager: Mounting plugin ProceduralMeshComponent
LogPluginManager: Mounting plugin RuntimePhysXCooking
LogPluginManager: Mounting plugin SteamVR
LogPluginManager: Mounting plugin WindowsMoviePlayer
LogStreaming: Display: Took  0.192s to configure plugins.
LogInit: Warning: Incompatible or missing module: Terminus_22XX
Running D:/Program Files/Epic Games/UE_4.20/Engine/Binaries/DotNET/UnrealBuildTool.exe Development Win64 -Project="C:/Users/pola0023/Documents/GitHub/GOOB/Terminus_22XX.uproject" -TargetType=Editor -Progress -NoHotReloadFromIDE
Performing full C++ include scan (building a new target)
Using 'git status' to determine working set for adaptive non-unity build.
Creating makefile for Terminus_22XXEditor (no existing makefile)
Using Visual Studio 2017 14.14.26428 toolchain (C:\Program Files (x86)\Microsoft Visual Studio\2017\Professional\VC\Tools\MSVC\14.14.26428) and Windows 10.0.17134.0 SDK (C:\Program Files (x86)\Windows Kits\10).
@progress push 5%
Parsing headers for Terminus_22XXEditor
  Running UnrealHeaderTool "C:\Users\pola0023\Documents\GitHub\GOOB\Terminus_22XX.uproject" "C:\Users\pola0023\Documents\GitHub\GOOB\Intermediate\Build\Win64\Terminus_22XXEditor\Development\Terminus_22XXEditor.uhtmanifest" -LogCmds="loginit warning, logexit warning, logdatabase error" -Unattended -WarningsAsErrors -installed
Reflection code generated for Terminus_22XXEditor in 10.037095 seconds
@progress pop
Building 24 actions with 8 processes...
  @progress 'Compiling C++ source code...' 0%
  PCLaunch.rc
  @progress 'Compiling C++ source code...' 4%
  SharedPCH.Engine.cpp
  @progress 'Compiling C++ source code...' 8%
  T22XX_Railgun.gen.cpp
  d:\program files\epic games\ue_4.20\engine\source\runtime\core\public\Containers/EnumAsByte.h(19): warning C4996: 'TEnumAsByte_EnumClass<true>': TEnumAsByte is not intended for use with enum classes - please derive your enum class from uint8 instead. Please update your code to the new API before upgrading to the next release, otherwise your project will no longer compile.
  d:\program files\epic games\ue_4.20\engine\source\runtime\core\public\Containers/EnumAsByte.h(10): note: see declaration of 'TEnumAsByte_EnumClass<true>'
  c:\users\pola0023\documents\github\goob\source\terminus_22xx\BaseGun.h(55): note: see reference to class template instantiation 'TEnumAsByte<EFireStyle>' being compiled
  @progress 'Compiling C++ source code...' 12%
  Terminus_22XX.init.gen.cpp
  @progress 'Compiling C++ source code...' 17%
  T22XX_Vampyr.gen.cpp
  d:\program files\epic games\ue_4.20\engine\source\runtime\core\public\Containers/EnumAsByte.h(19): warning C4996: 'TEnumAsByte_EnumClass<true>': TEnumAsByte is not intended for use with enum classes - please derive your enum class from uint8 instead. Please update your code to the new API before upgrading to the next release, otherwise your project will no longer compile.
  d:\program files\epic games\ue_4.20\engine\source\runtime\core\public\Containers/EnumAsByte.h(10): note: see declaration of 'TEnumAsByte_EnumClass<true>'
  c:\users\pola0023\documents\github\goob\source\terminus_22xx\BaseGun.h(55): note: see reference to class template instantiation 'TEnumAsByte<EFireStyle>' being compiled
  @progress 'Compiling C++ source code...' 21%
  InventoryComponent.gen.cpp
  @progress 'Compiling C++ source code...' 25%
  BaseGun.gen.cpp
  d:\program files\epic games\ue_4.20\engine\source\runtime\core\public\Containers/EnumAsByte.h(19): warning C4996: 'TEnumAsByte_EnumClass<true>': TEnumAsByte is not intended for use with enum classes - please derive your enum class from uint8 instead. Please update your code to the new API before upgrading to the next release, otherwise your project will no longer compile.
  d:\program files\epic games\ue_4.20\engine\source\runtime\core\public\Containers/EnumAsByte.h(10): note: see declaration of 'TEnumAsByte_EnumClass<true>'
  C:\Users\pola0023\Documents\GitHub\GOOB\Source\Terminus_22XX/BaseGun.h(55): note: see reference to class template instantiation 'TEnumAsByte<EFireStyle>' being compiled
  @progress 'Compiling C++ source code...' 29%
  ShieldComponent.gen.cpp
  @progress 'Compiling C++ source code...' 33%
  T22XX_Shotgun.gen.cpp
  d:\program files\epic games\ue_4.20\engine\source\runtime\core\public\Containers/EnumAsByte.h(19): warning C4996: 'TEnumAsByte_EnumClass<true>': TEnumAsByte is not intended for use with enum classes - please derive your enum class from uint8 instead. Please update your code to the new API before upgrading to the next release, otherwise your project will no longer compile.
  d:\program files\epic games\ue_4.20\engine\source\runtime\core\public\Containers/EnumAsByte.h(10): note: see declaration of 'TEnumAsByte_EnumClass<true>'
  c:\users\pola0023\documents\github\goob\source\terminus_22xx\BaseGun.h(55): note: see reference to class template instantiation 'TEnumAsByte<EFireStyle>' being compiled
  @progress 'Compiling C++ source code...' 38%
  PlayerCharacter.gen.cpp
  @progress 'Compiling C++ source code...' 42%
  Terminus_22XX.cpp
  @progress 'Compiling C++ source code...' 46%
  T22XX_Vampyr.cpp
  d:\program files\epic games\ue_4.20\engine\source\runtime\core\public\Containers/EnumAsByte.h(19): warning C4996: 'TEnumAsByte_EnumClass<true>': TEnumAsByte is not intended for use with enum classes - please derive your enum class from uint8 instead. Please update your code to the new API before upgrading to the next release, otherwise your project will no longer compile.
  d:\program files\epic games\ue_4.20\engine\source\runtime\core\public\Containers/EnumAsByte.h(10): note: see declaration of 'TEnumAsByte_EnumClass<true>'
  c:\users\pola0023\documents\github\goob\source\terminus_22xx\BaseGun.h(55): note: see reference to class template instantiation 'TEnumAsByte<EFireStyle>' being compiled
  @progress 'Compiling C++ source code...' 50%
  ShieldComponent.cpp
  @progress 'Compiling C++ source code...' 54%
  T22XX_Shotgun.cpp
  d:\program files\epic games\ue_4.20\engine\source\runtime\core\public\Containers/EnumAsByte.h(19): warning C4996: 'TEnumAsByte_EnumClass<true>': TEnumAsByte is not intended for use with enum classes - please derive your enum class from uint8 instead. Please update your code to the new API before upgrading to the next release, otherwise your project will no longer compile.
  d:\program files\epic games\ue_4.20\engine\source\runtime\core\public\Containers/EnumAsByte.h(10): note: see declaration of 'TEnumAsByte_EnumClass<true>'
  c:\users\pola0023\documents\github\goob\source\terminus_22xx\BaseGun.h(55): note: see reference to class template instantiation 'TEnumAsByte<EFireStyle>' being compiled
  @progress 'Compiling C++ source code...' 58%
  T22XX_Railgun.cpp
  d:\program files\epic games\ue_4.20\engine\source\runtime\core\public\Containers/EnumAsByte.h(19): warning C4996: 'TEnumAsByte_EnumClass<true>': TEnumAsByte is not intended for use with enum classes - please derive your enum class from uint8 instead. Please update your code to the new API before upgrading to the next release, otherwise your project will no longer compile.
  d:\program files\epic games\ue_4.20\engine\source\runtime\core\public\Containers/EnumAsByte.h(10): note: see declaration of 'TEnumAsByte_EnumClass<true>'
  c:\users\pola0023\documents\github\goob\source\terminus_22xx\BaseGun.h(55): note: see reference to class template instantiation 'TEnumAsByte<EFireStyle>' being compiled
  @progress 'Compiling C++ source code...' 62%
  BaseBullet.gen.cpp
  @progress 'Compiling C++ source code...' 67%
  InventoryComponent.cpp
  d:\program files\epic games\ue_4.20\engine\source\runtime\core\public\Containers/EnumAsByte.h(19): warning C4996: 'TEnumAsByte_EnumClass<true>': TEnumAsByte is not intended for use with enum classes - please derive your enum class from uint8 instead. Please update your code to the new API before upgrading to the next release, otherwise your project will no longer compile.
  d:\program files\epic games\ue_4.20\engine\source\runtime\core\public\Containers/EnumAsByte.h(10): note: see declaration of 'TEnumAsByte_EnumClass<true>'
  c:\users\pola0023\documents\github\goob\source\terminus_22xx\BaseGun.h(55): note: see reference to class template instantiation 'TEnumAsByte<EFireStyle>' being compiled
  @progress 'Compiling C++ source code...' 71%
  Terminus_22XXGameModeBase.cpp
  @progress 'Compiling C++ source code...' 75%
  BaseBullet.cpp
  @progress 'Compiling C++ source code...' 79%
  Terminus_22XXGameModeBase.gen.cpp
  @progress 'Compiling C++ source code...' 83%
  BaseGun.cpp
  d:\program files\epic games\ue_4.20\engine\source\runtime\core\public\Containers/EnumAsByte.h(19): warning C4996: 'TEnumAsByte_EnumClass<true>': TEnumAsByte is not intended for use with enum classes - please derive your enum class from uint8 instead. Please update your code to the new API before upgrading to the next release, otherwise your project will no longer compile.
  d:\program files\epic games\ue_4.20\engine\source\runtime\core\public\Containers/EnumAsByte.h(10): note: see declaration of 'TEnumAsByte_EnumClass<true>'
  c:\users\pola0023\documents\github\goob\source\terminus_22xx\BaseGun.h(55): note: see reference to class template instantiation 'TEnumAsByte<EFireStyle>' being compiled
  @progress 'Compiling C++ source code...' 88%
  PlayerCharacter.cpp
  d:\program files\epic games\ue_4.20\engine\source\runtime\core\public\Containers/EnumAsByte.h(19): warning C4996: 'TEnumAsByte_EnumClass<true>': TEnumAsByte is not intended for use with enum classes - please derive your enum class from uint8 instead. Please update your code to the new API before upgrading to the next release, otherwise your project will no longer compile.
  d:\program files\epic games\ue_4.20\engine\source\runtime\core\public\Containers/EnumAsByte.h(10): note: see declaration of 'TEnumAsByte_EnumClass<true>'
  c:\users\pola0023\documents\github\goob\source\terminus_22xx\BaseGun.h(55): note: see reference to class template instantiation 'TEnumAsByte<EFireStyle>' being compiled
  @progress 'Compiling C++ source code...' 92%
  UE4Editor-Terminus_22XX.lib
     Creating library C:\Users\pola0023\Documents\GitHub\GOOB\Intermediate\Build\Win64\UE4Editor\Development\Terminus_22XX\UE4Editor-Terminus_22XX.lib and object C:\Users\pola0023\Documents\GitHub\GOOB\Intermediate\Build\Win64\UE4Editor\Development\Terminus_22XX\UE4Editor-Terminus_22XX.exp
  @progress 'Compiling C++ source code...' 96%
  UE4Editor-Terminus_22XX.dll
     Creating library C:\Users\pola0023\Documents\GitHub\GOOB\Intermediate\Build\Win64\UE4Editor\Development\Terminus_22XX\UE4Editor-Terminus_22XX.suppressed.lib and object C:\Users\pola0023\Documents\GitHub\GOOB\Intermediate\Build\Win64\UE4Editor\Development\Terminus_22XX\UE4Editor-Terminus_22XX.suppressed.exp
  @progress 'Compiling C++ source code...' 100%
Total build time: 63.72 seconds (Parallel executor: 28.06 seconds)
LogInit: Using libcurl 7.55.1-DEV
LogInit:  - built for x86_64-pc-win32
LogInit:  - supports SSL with OpenSSL/1.0.2h
LogInit:  - supports HTTP deflate (compression) using libz 1.2.8
LogInit:  - other features:
LogInit:      CURL_VERSION_SSL
LogInit:      CURL_VERSION_LIBZ
LogInit:      CURL_VERSION_IPV6
LogInit:      CURL_VERSION_ASYNCHDNS
LogInit:      CURL_VERSION_LARGEFILE
LogInit:      CURL_VERSION_IDN
LogInit:  CurlRequestOptions (configurable via config and command line):
LogInit:  - bVerifyPeer = false  - Libcurl will NOT verify peer certificate
LogInit:  - bUseHttpProxy = false  - Libcurl will NOT use HTTP proxy
LogInit:  - bDontReuseConnections = false  - Libcurl will reuse connections
LogInit:  - CertBundlePath = nullptr  - Libcurl will use whatever was configured at build time.
LogInit:  - MaxHostConnections = 16  - Libcurl will limit the number of connections to a host
LogInit:  - LocalHostAddr = Default
LogInit:  - BufferSize = 65536
LogInit: WinSock: version 1.1 (2.2), MaxSocks=32767, MaxUdp=65467
LogInit: Build: ++UE4+Release-4.20-CL-4233996
LogInit: Engine Version: 4.20.1-4233996+++UE4+Release-4.20
LogInit: Compatible Engine Version: 4.20.0-4212847+++UE4+Release-4.20
LogInit: Net CL: 4212847
LogInit: OS: Windows 10 (), CPU:        Intel(R) Core(TM) i7-3770K CPU @ 3.50GHz, GPU: NVIDIA GeForce GTX 670
LogInit: Compiled (64-bit): Jul 26 2018 10:07:30
LogInit: Compiled with Visual C++: 19.13.26129.00
LogInit: Build Configuration: Development
LogInit: Branch Name: ++UE4+Release-4.20
LogInit: Command Line:  
LogInit: Base Directory: D:/Program Files/Epic Games/UE_4.20/Engine/Binaries/Win64/
LogInit: Installed Engine Build: 1
LogDevObjectVersion: Number of dev versions registered: 20
LogDevObjectVersion:   Dev-Blueprints (B0D832E4-1F89-4F0D-ACCF-7EB736FD4AA2): 10
LogDevObjectVersion:   Dev-Build (E1C64328-A22C-4D53-A36C-8E866417BD8C): 0
LogDevObjectVersion:   Dev-Core (375EC13C-06E4-48FB-B500-84F0262A717E): 2
LogDevObjectVersion:   Dev-Editor (E4B068ED-F494-42E9-A231-DA0B2E46BB41): 24
LogDevObjectVersion:   Dev-Framework (CFFC743F-43B0-4480-9391-14DF171D2073): 34
LogDevObjectVersion:   Dev-Mobile (B02B49B5-BB20-44E9-A304-32B752E40360): 2
LogDevObjectVersion:   Dev-Networking (A4E4105C-59A1-49B5-A7C5-40C4547EDFEE): 0
LogDevObjectVersion:   Dev-Online (39C831C9-5AE6-47DC-9A44-9C173E1C8E7C): 0
LogDevObjectVersion:   Dev-Physics (78F01B33-EBEA-4F98-B9B4-84EACCB95AA2): 0
LogDevObjectVersion:   Dev-Platform (6631380F-2D4D-43E0-8009-CF276956A95A): 0
LogDevObjectVersion:   Dev-Rendering (12F88B9F-8875-4AFC-A67C-D90C383ABD29): 26
LogDevObjectVersion:   Dev-Sequencer (7B5AE74C-D270-4C10-A958-57980B212A5A): 9
LogDevObjectVersion:   Dev-VR (D7296918-1DD6-4BDD-9DE2-64A83CC13884): 2
LogDevObjectVersion:   Dev-LoadTimes (C2A15278-BFE7-4AFE-6C17-90FF531DF755): 1
LogDevObjectVersion:   Private-Geometry (6EACA3D4-40EC-4CC1-B786-8BED09428FC5): 3
LogDevObjectVersion:   Dev-AnimPhys (29E575DD-E0A3-4627-9D10-D276232CDCEA): 17
LogDevObjectVersion:   Dev-ReflectionCapture (6B266CEC-1EC7-4B8F-A30B-E4D90942FC07): 1
LogDevObjectVersion:   Dev-Automation (0DF73D61-A23F-47EA-B727-89E90C41499A): 1
LogDevObjectVersion:   FortniteMain (601D1886-AC64-4F84-AA16-D3DE0DEAC7D6): 12
LogDevObjectVersion:   Dev-Enterprise (9DFFBCD6-494F-0158-E221-12823C92A888): 1
LogStreaming: Display: Took  0.008s to delete old logs.
LogInit: Presizing for max 8388607 objects, including 0 objects not considered by GC, pre-allocating 0 bytes for permanent pool.
LogInit: Object subsystem initialized
[2019.02.20-19.53.03:734][  0]LogInit: Selected Device Profile: [Windows]
[2019.02.20-19.53.03:735][  0]LogInit: Applying CVar settings loaded from the selected device profile: [Windows]
[2019.02.20-19.53.03:775][  0]LogHAL: Display: Platform has ~ 16 GB [17121808384 / 17179869184 / 16], which maps to Larger [LargestMinGB=32, LargerMinGB=12, DefaultMinGB=8, SmallerMinGB=6, SmallestMinGB=0)
[2019.02.20-19.53.03:779][  0]LogInit: Setting Device Profile CVar: [[r.Vulkan.UseRealUBs:1]]
[2019.02.20-19.53.03:779][  0]LogInit: Going up to parent DeviceProfile []
[2019.02.20-19.53.03:809][  0]LogInit: Computer: WJ316-24
[2019.02.20-19.53.03:809][  0]LogInit: User: pola0023
[2019.02.20-19.53.03:809][  0]LogInit: CPU Page size=4096, Cores=4
[2019.02.20-19.53.03:809][  0]LogInit: High frequency timer resolution =3.428035 MHz
[2019.02.20-19.53.03:810][  0]LogMemory: Memory total: Physical=15.9GB (16GB approx)
[2019.02.20-19.53.03:810][  0]LogMemory: Platform Memory Stats for Windows
[2019.02.20-19.53.03:810][  0]LogMemory: Process Physical Memory: 105.17 MB used, 105.17 MB peak
[2019.02.20-19.53.03:810][  0]LogMemory: Process Virtual Memory: 89.98 MB used, 89.98 MB peak
[2019.02.20-19.53.03:810][  0]LogMemory: Physical Memory: 3666.77 MB used,  12661.86 MB free, 16328.63 MB total
[2019.02.20-19.53.03:810][  0]LogMemory: Virtual Memory: 586.41 MB used,  12661.86 MB free, 134217728.00 MB total
[2019.02.20-19.53.04:271][  0]LogInit: Using OS detected language (en-US).
[2019.02.20-19.53.04:271][  0]LogInit: Using OS detected locale (en-US).
[2019.02.20-19.53.04:315][  0]LogTextLocalizationManager: No specific localization for 'en-US' exists, so the 'en' localization will be used.
[2019.02.20-19.53.05:003][  0]LogStreaming: Display: Took  0.700s to InitEngineTextLocalization.
[2019.02.20-19.53.05:016][  0]LogInit: Setting process to per monitor DPI aware
[2019.02.20-19.53.05:746][  0]LogSlate: New Slate User Created.  User Index 0, Is Virtual User: 0
[2019.02.20-19.53.05:746][  0]LogSlate: Slate User Registered.  User Index 0, Is Virtual User: 0
[2019.02.20-19.53.06:701][  0]LogHMD: Failed to initialize OpenVR with code 110
[2019.02.20-19.53.06:701][  0]LogD3D11RHI: D3D11 adapters:
[2019.02.20-19.53.06:870][  0]LogD3D11RHI:    0. 'NVIDIA GeForce GTX 670' (Feature Level 11_0)
[2019.02.20-19.53.06:870][  0]LogD3D11RHI:       4052/0/8164 MB DedicatedVideo/DedicatedSystem/SharedSystem, Outputs:1, VendorId:0x10de
[2019.02.20-19.53.06:873][  0]LogD3D11RHI:    1. 'Microsoft Basic Render Driver' (Feature Level 11_0)
[2019.02.20-19.53.06:873][  0]LogD3D11RHI:       0/0/8164 MB DedicatedVideo/DedicatedSystem/SharedSystem, Outputs:0, VendorId:0x1414
[2019.02.20-19.53.06:873][  0]LogD3D11RHI: Chosen D3D11 Adapter: 0
[2019.02.20-19.53.06:881][  0]LogD3D11RHI: Creating new Direct3DDevice
[2019.02.20-19.53.06:881][  0]LogD3D11RHI:     GPU DeviceId: 0x1189 (for the marketing name, search the web for "GPU Device Id")
[2019.02.20-19.53.06:889][  0]LogWindows: EnumDisplayDevices:
[2019.02.20-19.53.06:889][  0]LogWindows:    0. 'NVIDIA GeForce GTX 670' (P:1 D:1)
[2019.02.20-19.53.06:889][  0]LogWindows:    1. 'NVIDIA GeForce GTX 670' (P:0 D:0)
[2019.02.20-19.53.06:889][  0]LogWindows:    2. 'NVIDIA GeForce GTX 670' (P:0 D:0)
[2019.02.20-19.53.06:890][  0]LogWindows:    3. 'NVIDIA GeForce GTX 670' (P:0 D:0)
[2019.02.20-19.53.06:890][  0]LogWindows: DebugString: FoundDriverCount:4 
[2019.02.20-19.53.06:890][  0]LogD3D11RHI:     Adapter Name: NVIDIA GeForce GTX 670
[2019.02.20-19.53.06:890][  0]LogD3D11RHI:   Driver Version: 391.35 (internal:23.21.13.9135, unified:391.35)
[2019.02.20-19.53.06:890][  0]LogD3D11RHI:      Driver Date: 3-23-2018
[2019.02.20-19.53.06:890][  0]LogRHI: Texture pool is 2836 MB (70% of 4052 MB)
[2019.02.20-19.53.06:959][  0]LogD3D11RHI: Async texture creation enabled
[2019.02.20-19.53.07:173][  0]LogD3D11RHI: GPU Timing Frequency: 1000.000000 (Debug: 2 2)
[2019.02.20-19.53.07:195][  0]LogShaderCompilers: Guid format shader working directory is 10 characters bigger than the processId version (C:/Users/pola0023/Documents/GitHub/GOOB/Intermediate/Shaders/WorkingDirectory/4420/).
[2019.02.20-19.53.07:195][  0]LogShaderCompilers: Cleaned the shader compiler working directory 'C:/Users/pola0023/AppData/Local/Temp/UnrealShaderWorkingDir/14983F684548093861947AAC6861E725/'.
[2019.02.20-19.53.07:506][  0]LogTemp: Display: Loaded TP AllDesktopTargetPlatform
[2019.02.20-19.53.07:533][  0]LogTemp: Display: Loaded TP MacClientTargetPlatform
[2019.02.20-19.53.07:549][  0]LogTemp: Display: Loaded TP MacNoEditorTargetPlatform
[2019.02.20-19.53.07:565][  0]LogTemp: Display: Loaded TP MacServerTargetPlatform
[2019.02.20-19.53.07:605][  0]LogTemp: Display: Loaded TP MacTargetPlatform
[2019.02.20-19.53.07:636][  0]LogTemp: Display: Loaded TP WindowsClientTargetPlatform
[2019.02.20-19.53.07:652][  0]LogTemp: Display: Loaded TP WindowsNoEditorTargetPlatform
[2019.02.20-19.53.07:670][  0]LogTemp: Display: Loaded TP WindowsServerTargetPlatform
[2019.02.20-19.53.07:679][  0]LogTemp: Display: Loaded TP WindowsTargetPlatform
[2019.02.20-19.53.07:844][  0]LogTemp: Display: Loaded TP AndroidTargetPlatform
[2019.02.20-19.53.07:844][  0]LogTemp: Display: Loaded TP AndroidTargetPlatform
[2019.02.20-19.53.07:844][  0]LogTemp: Display: Loaded TP AndroidTargetPlatform
[2019.02.20-19.53.07:844][  0]LogTemp: Display: Loaded TP AndroidTargetPlatform
[2019.02.20-19.53.07:844][  0]LogTemp: Display: Loaded TP AndroidTargetPlatform
[2019.02.20-19.53.07:844][  0]LogTemp: Display: Loaded TP AndroidTargetPlatform
[2019.02.20-19.53.07:844][  0]LogTemp: Display: Loaded TP AndroidTargetPlatform
[2019.02.20-19.53.07:844][  0]LogTemp: Display: Loaded TP AndroidTargetPlatform
[2019.02.20-19.53.07:844][  0]LogTemp: Display: Loaded TP AndroidTargetPlatform
[2019.02.20-19.53.07:844][  0]LogTemp: Display: Loaded TP AndroidTargetPlatform
[2019.02.20-19.53.07:844][  0]LogTemp: Display: Loaded TP AndroidTargetPlatform
[2019.02.20-19.53.07:844][  0]LogTemp: Display: Loaded TP AndroidTargetPlatform
[2019.02.20-19.53.07:844][  0]LogTemp: Display: Loaded TP AndroidTargetPlatform
[2019.02.20-19.53.07:844][  0]LogTemp: Display: Loaded TP AndroidTargetPlatform
[2019.02.20-19.53.07:844][  0]LogTemp: Display: Loaded TP AndroidTargetPlatform
[2019.02.20-19.53.07:844][  0]LogTemp: Display: Loaded TP AndroidTargetPlatform
[2019.02.20-19.53.07:844][  0]LogTemp: Display: Loaded TP AndroidTargetPlatform
[2019.02.20-19.53.07:844][  0]LogTemp: Display: Loaded TP AndroidTargetPlatform
[2019.02.20-19.53.07:857][  0]LogTemp: Display: Loaded TP HTML5TargetPlatform
[2019.02.20-19.53.07:998][  0]LogTemp: Display: Loaded TP IOSTargetPlatform
[2019.02.20-19.53.07:998][  0]LogTemp: Display: Loaded TP IOSTargetPlatform
[2019.02.20-19.53.08:062][  0]LogTemp: Display: Loaded TP TVOSTargetPlatform
[2019.02.20-19.53.08:062][  0]LogTemp: Display: Loaded TP TVOSTargetPlatform
[2019.02.20-19.53.08:087][  0]LogTemp: Display: Loaded TP LinuxClientTargetPlatform
[2019.02.20-19.53.08:109][  0]LogTemp: Display: Loaded TP LinuxNoEditorTargetPlatform
[2019.02.20-19.53.08:131][  0]LogTemp: Display: Loaded TP LinuxServerTargetPlatform
[2019.02.20-19.53.08:152][  0]LogTemp: Display: Loaded TP LinuxTargetPlatform
[2019.02.20-19.53.08:182][  0]LogTemp: Display: Loaded TP LuminTargetPlatform
[2019.02.20-19.53.08:182][  0]LogTargetPlatformManager: Display: Building Assets For Windows
[2019.02.20-19.53.08:664][  0]LogXGEController: Cleaning working directory: C:/Users/pola0023/AppData/Local/Temp/UnrealXGEWorkingDir/
[2019.02.20-19.53.08:664][  0]LogXGEController: Cannot use XGE Controller as Incredibuild is not installed on this machine.
[2019.02.20-19.53.08:664][  0]LogShaderCompilers: Cannot use XGE Shader Compiler as Incredibuild is not installed on this machine.
[2019.02.20-19.53.08:664][  0]LogShaderCompilers: Display: Using Local Shader Compiler.
[2019.02.20-19.53.10:716][  0]LogDerivedDataCache: Display: Max Cache Size: 512 MB
[2019.02.20-19.53.10:716][  0]LogDerivedDataCache: Display: Starting with empty Boot cache
[2019.02.20-19.53.10:716][  0]LogDerivedDataCache: FDerivedDataBackendGraph:  Pak pak cache file C:/Users/pola0023/Documents/GitHub/GOOB/DerivedDataCache/DDC.ddp not found, will not use a pak cache.
[2019.02.20-19.53.10:716][  0]LogDerivedDataCache: Unable to find inner node Pak for hierarchical cache Hierarchy.
[2019.02.20-19.53.10:716][  0]LogDerivedDataCache: FDerivedDataBackendGraph:  CompressedPak pak cache file C:/Users/pola0023/Documents/GitHub/GOOB/DerivedDataCache/Compressed.ddp not found, will not use a pak cache.
[2019.02.20-19.53.10:716][  0]LogDerivedDataCache: Unable to find inner node CompressedPak for hierarchical cache Hierarchy.
[2019.02.20-19.53.10:785][  0]LogDerivedDataCache: Display: Pak cache opened for reading ../../../Engine/DerivedDataCache/Compressed.ddp.
[2019.02.20-19.53.10:799][  0]LogDerivedDataCache: Using Local data cache path C:/Users/pola0023/AppData/Local/UnrealEngine/Common/DerivedDataCache: Writable
[2019.02.20-19.53.10:799][  0]LogDerivedDataCache: Shared data cache path not found in *engine.ini, will not use an Shared cache.
[2019.02.20-19.53.10:799][  0]LogDerivedDataCache: Unable to find inner node Shared for hierarchical cache Hierarchy.
[2019.02.20-19.53.10:904][  0]LogMaterial: Verifying Global Shaders for PCD3D_SM5
[2019.02.20-19.53.10:933][  0]LogSlate: Using FreeType 2.6.0
[2019.02.20-19.53.11:013][  0]LogSlate: SlateFontServices - WITH_FREETYPE: 1, WITH_HARFBUZZ: 1
[2019.02.20-19.53.11:523][  0]LogAssetRegistry: FAssetRegistry took 0.0381 seconds to start up
[2019.02.20-19.53.13:979][  0]LogInit: Selected Device Profile: [Windows]
[2019.02.20-19.53.15:739][  0]LogSimplygon: Simplygon DLL not present - disabling.
[2019.02.20-19.53.16:003][  0]LogMeshReduction: Using SimplygonSwarm for distributed automatic mesh merging
[2019.02.20-19.53.16:003][  0]LogMeshReduction: Using ProxyLODMeshReduction for automatic mesh merging
[2019.02.20-19.53.16:003][  0]LogMeshReduction: Using QuadricMeshReduction for automatic static mesh reduction
[2019.02.20-19.53.16:003][  0]LogMeshReduction: No automatic skeletal mesh reduction module available
[2019.02.20-19.53.16:508][  0]LogNetVersion: Terminus_22XX 1.0.0, NetCL: 4212847, EngineNetVer: 5, GameNetVer: 0 (Checksum: 1011408813)
[2019.02.20-19.53.21:297][  0]LogPackageLocalizationCache: Processed 11 localized package path(s) for 2 prioritized culture(s) in 0.111047 seconds
[2019.02.20-19.53.21:344][  0]LogUObjectArray: 38447 objects as part of root set at end of initial load.
[2019.02.20-19.53.21:344][  0]LogUObjectAllocator: 6692632 out of 0 bytes used by permanent object pool.
[2019.02.20-19.53.21:344][  0]LogUObjectArray: CloseDisregardForGC: 0/0 objects in disregard for GC pool
[2019.02.20-19.53.31:250][  0]LogTcpMessaging: Initializing TcpMessaging bridge
[2019.02.20-19.53.31:282][  0]LogUdpMessaging: Initializing bridge on interface 0.0.0.0:0 to multicast group 230.0.0.1:6666.
[2019.02.20-19.53.32:327][  0]SourceControl: Source control is disabled
[2019.02.20-19.53.32:327][  0]SourceControl: Source control is disabled
[2019.02.20-19.53.32:391][  0]SourceControl: Source control is disabled
[2019.02.20-19.53.32:410][  0]SourceControl: Source control is disabled
[2019.02.20-19.53.33:411][  0]LogAndroidPermission: UAndroidPermissionCallbackProxy::GetInstance
[2019.02.20-19.53.33:594][  0]LogOcInput: OculusInput pre-init called
[2019.02.20-19.53.34:026][  0]LogEngine: Initializing Engine...
[2019.02.20-19.53.34:050][  0]LogHMD: Failed to initialize OpenVR with code 110
[2019.02.20-19.53.34:075][  0]LogStats: UGameplayTagsManager::ConstructGameplayTagTree: ImportINI prefixes -  0.000 s
[2019.02.20-19.53.34:075][  0]LogStats: UGameplayTagsManager::ConstructGameplayTagTree: Construct from data asset -  0.000 s
[2019.02.20-19.53.34:075][  0]LogStats: UGameplayTagsManager::ConstructGameplayTagTree: ImportINI -  0.000 s
[2019.02.20-19.53.34:075][  0]LogStats: UGameplayTagsManager::ConstructGameplayTagTree: GameplayTagTreeChangedEvent.Broadcast -  0.000 s
[2019.02.20-19.53.34:703][  0]LogInit: Initializing FReadOnlyCVARCache
[2019.02.20-19.53.35:045][  0]LogAIModule: Creating AISystem for world Untitled
[2019.02.20-19.53.35:225][  0]LogInit: XAudio2 using 'Speakers (Realtek High Definition Audio)' : 2 channels at 48 kHz using 32 bits per sample (channel mask 0x3)
[2019.02.20-19.53.35:268][  0]LogInit: FAudioDevice initialized.
[2019.02.20-19.53.35:268][  0]LogNetVersion: Set ProjectVersion to 1.0.0.0. Version Checksum will be recalculated on next use.
[2019.02.20-19.53.35:346][  0]LogDerivedDataCache: Saved boot cache 0.08s 87MB C:/Users/pola0023/AppData/Local/UnrealEngine/4.20/DerivedDataCache/Boot.ddc.
[2019.02.20-19.53.35:350][  0]LogInit: Texture streaming: Enabled
[2019.02.20-19.53.35:436][  0]LogEngineSessionManager: EngineSessionManager initialized
[2019.02.20-19.53.35:504][  0]LogWindowsTextInputMethodSystem: Display: IME system now deactivated.
[2019.02.20-19.53.35:743][  0]LogInit: Transaction tracking system initialized
[2019.02.20-19.53.36:687][  0]BlueprintLog: New page: Editor Load
[2019.02.20-19.53.39:970][  0]LocalizationService: Localization service is disabled
[2019.02.20-19.53.43:497][  0]LogFileCache: Scanning file cache for directory 'C:/Users/pola0023/Documents/GitHub/GOOB/Content/' took 0.02s
[2019.02.20-19.53.43:497][  0]LogCook: Display: Max memory allowance for cook 16384mb min free memory 0mb
[2019.02.20-19.53.43:504][  0]LogCook: Display: Mobile HDR setting 1
[2019.02.20-19.53.43:516][  0]LogGameplayTags: Display: UGameplayTagsManager::DoneAddingNativeTags. DelegateIsBound: 0
[2019.02.20-19.53.43:516][  0]LogStats: UGameplayTagsManager::ConstructGameplayTagTree: ImportINI prefixes -  0.000 s
[2019.02.20-19.53.43:516][  0]LogStats: UGameplayTagsManager::ConstructGameplayTagTree: Construct from data asset -  0.000 s
[2019.02.20-19.53.43:517][  0]LogStats: UGameplayTagsManager::ConstructGameplayTagTree: ImportINI -  0.000 s
[2019.02.20-19.53.43:517][  0]LogStats: UGameplayTagsManager::ConstructGameplayTagTree: GameplayTagTreeChangedEvent.Broadcast -  0.000 s
[2019.02.20-19.53.48:292][  0]SourceControl: Source control is disabled
[2019.02.20-19.53.48:334][  0]Cmd: MAP LOAD FILE="C:/Users/pola0023/Documents/GitHub/GOOB/Content/Levels/Test_Level.umap" TEMPLATE=0 SHOWPROGRESS=1 FEATURELEVEL=3
[2019.02.20-19.53.48:378][  0]LightingResults: New page: Lighting Build
[2019.02.20-19.53.48:729][  0]MapCheck: New page: Map Check
[2019.02.20-19.53.48:730][  0]LightingResults: New page: Lighting Build
[2019.02.20-19.53.49:611][  0]LogAIModule: Creating AISystem for world Test_Level
[2019.02.20-19.53.50:476][  0]LogEditorServer: Finished looking for orphan Actors (0.000 secs)
[2019.02.20-19.53.50:838][  0]Cmd: MAP CHECKDEP NOCLEARLOG
[2019.02.20-19.53.50:931][  0]MapCheck: Map check complete: 0 Error(s), 0 Warning(s), took 91.732ms to complete.
[2019.02.20-19.53.50:931][  0]LogFileHelpers: Loading map 'Test_Level' took 2.574
[2019.02.20-19.53.53:713][  0]LogSlate: Updating window title bar state: overlay mode, drag disabled, window buttons hidden, title bar hidden
[2019.02.20-19.53.53:789][  0]LogSlate: Updating window title bar state: overlay mode, drag disabled, window buttons hidden, title bar hidden
[2019.02.20-19.53.53:808][  0]LogSlate: Updating window title bar state: overlay mode, drag disabled, window buttons hidden, title bar hidden
[2019.02.20-19.53.53:823][  0]LogSlate: Updating window title bar state: overlay mode, drag disabled, window buttons hidden, title bar hidden
[2019.02.20-19.53.54:179][  0]LogCollectionManager: Loaded 0 collections in 0.001703 seconds
[2019.02.20-19.53.55:077][  0]LogFileCache: Scanning file cache for directory 'C:/Users/pola0023/Documents/GitHub/GOOB/Saved/Collections/' took 0.01s
[2019.02.20-19.53.55:077][  0]LogFileCache: Scanning file cache for directory 'C:/Users/pola0023/Documents/GitHub/GOOB/Content/Developers/pola0023/Collections/' took 0.01s
[2019.02.20-19.53.55:077][  0]LogFileCache: Scanning file cache for directory 'C:/Users/pola0023/Documents/GitHub/GOOB/Content/Collections/' took 0.01s
[2019.02.20-19.53.55:077][  0]LogCollectionManager: Rebuilt the GUID cache for 0 collections in 0.000001 seconds
[2019.02.20-19.53.55:278][  0]LogContentBrowser: Native class hierarchy populated in 0.1754 seconds. Added 2581 classes and 605 folders.
[2019.02.20-19.53.55:436][  0]LogContentBrowser: Native class hierarchy updated for 'WidgetCarousel' in 0.0004 seconds. Added 0 classes and 0 folders.
[2019.02.20-19.53.57:579][  0]LogContentBrowser: Native class hierarchy updated for 'AddContentDialog' in 0.0004 seconds. Added 0 classes and 0 folders.
[2019.02.20-19.53.57:772][  0]LogContentBrowser: Native class hierarchy updated for 'SceneOutliner' in 0.0004 seconds. Added 1 classes and 2 folders.
[2019.02.20-19.53.59:023][  0]LogSlate: Took 0.062304 seconds to synchronously load lazily loaded font '../../../Engine/Content/Slate/Fonts/Roboto-Regular.ttf' (155K)
[2019.02.20-19.53.59:091][  0]LogSlate: Took 0.050322 seconds to synchronously load lazily loaded font '../../../Engine/Content/Slate/Fonts/Roboto-Bold.ttf' (160K)
[2019.02.20-19.53.59:192][  0]LogSlate: Took 0.016455 seconds to synchronously load lazily loaded font '../../../Engine/Content/Editor/Slate/Fonts/FontAwesome.ttf' (139K)
[2019.02.20-19.53.59:821][  0]LogRenderer: Reallocating scene render targets to support 1208x576 Format 10 NumSamples 1 (Frame:1).
[2019.02.20-19.54.00:649][  0]LogSlate: FSceneViewport::OnFocusLost() reason 2
[2019.02.20-19.54.00:749][  0]LogSlate: Window 'Tutorials' being destroyed
[2019.02.20-19.54.00:837][  0]LogContentBrowser: Native class hierarchy updated for 'HierarchicalLODOutliner' in 0.0009 seconds. Added 0 classes and 0 folders.
[2019.02.20-19.54.00:837][  0]LogLoad: (Engine Initialization) Total time: 135.68 seconds
[2019.02.20-19.54.00:837][  0]LogLoad: (Engine Initialization) Total Blueprint compile time: 0.00 seconds
[2019.02.20-19.54.00:947][  0]LogContentStreaming: Texture pool size now 3000 MB
[2019.02.20-19.54.01:264][  2]LogAssetRegistry: Asset discovery search completed in 48.9281 seconds
[2019.02.20-19.54.01:266][  2]LogCollectionManager: Rebuilt the object cache for 0 collections in 0.000000 seconds (found 0 objects)
[2019.02.20-19.54.01:266][  2]LogCollectionManager: Fixed up redirectors for 0 collections in 0.000070 seconds (updated 0 objects)
[2019.02.20-19.54.01:296][  2]LogSlate: Took 0.007040 seconds to synchronously load lazily loaded font '../../../Engine/Content/Slate/Fonts/Roboto-Light.ttf' (167K)
[2019.02.20-19.54.03:438][240]LogSlate: FSceneViewport::OnFocusLost() reason 0
[2019.02.20-19.54.03:496][247]LogTemp: Repeating last play command: Selected Viewport
[2019.02.20-19.54.03:527][247]LogPlayLevel: PlayLevel: No blueprints needed recompiling
[2019.02.20-19.54.03:708][247]PIE: New page: PIE session: Test_Level (Feb 20, 2019, 9:54:03 AM)
[2019.02.20-19.54.03:727][247]LogPlayLevel: Creating play world package: /Game/Levels/UEDPIE_0_Test_Level
[2019.02.20-19.54.03:797][247]LogPlayLevel: PIE: StaticDuplicateObject took: (0.068951s)
[2019.02.20-19.54.03:822][247]LogAIModule: Creating AISystem for world Test_Level
[2019.02.20-19.54.03:822][247]LogPlayLevel: PIE: World Init took: (0.000925s)
[2019.02.20-19.54.03:845][247]LogPlayLevel: PIE: Created PIE world by copying editor world from /Game/Levels/Test_Level.Test_Level to /Game/Levels/UEDPIE_0_Test_Level.Test_Level (0.116319s)
[2019.02.20-19.54.03:870][247]LogInit: XAudio2 using 'Speakers (Realtek High Definition Audio)' : 2 channels at 48 kHz using 32 bits per sample (channel mask 0x3)
[2019.02.20-19.54.03:881][247]LogInit: FAudioDevice initialized.
[2019.02.20-19.54.05:107][247]LogLoad: Game class is 'Test_Terminus_22XXGameModeBase_C'
[2019.02.20-19.54.05:161][247]LogWorld: Bringing World /Game/Levels/UEDPIE_0_Test_Level.Test_Level up for play (max tick rate 0) at 2019.02.20-14.54.05
[2019.02.20-19.54.05:162][247]LogWorld: Bringing up level for play took: 0.001632
[2019.02.20-19.54.05:445][247]LogContentBrowser: Native class hierarchy updated for 'MovieSceneCapture' in 0.0005 seconds. Added 10 classes and 0 folders.
[2019.02.20-19.54.05:742][247]PIE: Play in editor start time for /Game/Levels/UEDPIE_0_Test_Level 1.475
[2019.02.20-19.54.44:639][702]LogSlate: Updating window title bar state: overlay mode, drag disabled, window buttons hidden, title bar hidden
[2019.02.20-19.54.44:672][702]LogPlayLevel: Display: Shutting down PIE online subsystems
[2019.02.20-19.54.44:694][702]LogSlate: Updating window title bar state: overlay mode, drag disabled, window buttons hidden, title bar hidden
[2019.02.20-19.54.44:751][703]LogPlayLevel: Display: Destroying online subsystem :Context_1
[2019.02.20-19.54.48:840][164]LogSlate: FSceneViewport::OnFocusLost() reason 0
[2019.02.20-19.55.07:277][230]LogSlate: Took 0.000193 seconds to synchronously load lazily loaded font '../../../Engine/Content/Slate/Fonts/Roboto-Light.ttf' (167K)
[2019.02.20-19.55.07:287][230]Cmd: OBJ SAVEPACKAGE PACKAGE="/Game/Blueprints/DesignBlueprints/User_Interface_BP" FILE="C:/Users/pola0023/Documents/GitHub/GOOB/Content/Blueprints/DesignBlueprints/User_Interface_BP.uasset" SILENT=true
[2019.02.20-19.55.07:320][230]LogSavePackage: Moving 'C:/Users/pola0023/Documents/GitHub/GOOB/Saved/User_Interface_BP4710CC9A4BA97C905D74DABE4ECEFE8D.tmp' to 'C:/Users/pola0023/Documents/GitHub/GOOB/Content/Blueprints/DesignBlueprints/User_Interface_BP.uasset'
[2019.02.20-19.57.56:250][ 84]LogAssetEditorManager: Opening Asset editor for WidgetBlueprint /Game/Blueprints/DesignBlueprints/User_Interface_BP.User_Interface_BP
[2019.02.20-19.57.57:200][ 84]LogContentBrowser: Native class hierarchy updated for 'BlueprintGraph' in 0.0017 seconds. Added 116 classes and 0 folders.
[2019.02.20-19.57.59:066][ 84]LogSlate: Took 0.021534 seconds to synchronously load lazily loaded font '../../../Engine/Content/Slate/Fonts/Roboto-BoldCondensed.ttf' (158K)
[2019.02.20-20.00.05:427][386]LogEditorTransaction: Undo Add Widget
[2019.02.20-20.00.12:343][823]LogEditorTransaction: Undo Move Widget
[2019.02.20-20.00.13:132][865]LogEditorTransaction: Undo Add Widget
[2019.02.20-20.00.13:711][894]LogEditorTransaction: Undo Add Widget
[2019.02.20-20.01.58:735][715]BlueprintLog: New page: Compile User_Interface_BP
[2019.02.20-20.01.59:235][715]Cmd: OBJ SAVEPACKAGE PACKAGE="/Game/Blueprints/DesignBlueprints/User_Interface_BP" FILE="C:/Users/pola0023/Documents/GitHub/GOOB/Content/Blueprints/DesignBlueprints/User_Interface_BP.uasset" SILENT=true
[2019.02.20-20.01.59:259][715]LogSavePackage: Moving 'C:/Users/pola0023/Documents/GitHub/GOOB/Saved/User_Interface_BP48F88465492E45251BF3E6BE4EC18FF4.tmp' to 'C:/Users/pola0023/Documents/GitHub/GOOB/Content/Blueprints/DesignBlueprints/User_Interface_BP.uasset'
[2019.02.20-20.02.23:783][405]LogEditorTransaction: Undo Add Widget
[2019.02.20-20.03.05:363][407]LogSlate: Took 0.050138 seconds to synchronously load lazily loaded font '../../../Engine/Content/Slate/Fonts/DroidSansFallback.ttf' (3848K)
[2019.02.20-20.03.44:569][959]LogEditorTransaction: Undo Move Widget
[2019.02.20-20.04.02:996][134]LogEditorTransaction: Undo Move Anchor
[2019.02.20-20.04.22:512][389]BlueprintLog: New page: Compile User_Interface_BP
[2019.02.20-20.04.22:589][389]Cmd: OBJ SAVEPACKAGE PACKAGE="/Game/Blueprints/DesignBlueprints/User_Interface_BP" FILE="C:/Users/pola0023/Documents/GitHub/GOOB/Content/Blueprints/DesignBlueprints/User_Interface_BP.uasset" SILENT=true
[2019.02.20-20.04.22:608][389]LogSavePackage: Moving 'C:/Users/pola0023/Documents/GitHub/GOOB/Saved/User_Interface_BP81EE7B3A4E4B2CD0FF561DB577F70D43.tmp' to 'C:/Users/pola0023/Documents/GitHub/GOOB/Content/Blueprints/DesignBlueprints/User_Interface_BP.uasset'
[2019.02.20-20.04.54:419][422]BlueprintLog: New page: Compile User_Interface_BP
[2019.02.20-20.04.54:493][422]Cmd: OBJ SAVEPACKAGE PACKAGE="/Game/Blueprints/DesignBlueprints/User_Interface_BP" FILE="C:/Users/pola0023/Documents/GitHub/GOOB/Content/Blueprints/DesignBlueprints/User_Interface_BP.uasset" SILENT=true
[2019.02.20-20.04.54:514][422]LogSavePackage: Moving 'C:/Users/pola0023/Documents/GitHub/GOOB/Saved/User_Interface_BPE5096E454D6E8C45069201BEA50630BA.tmp' to 'C:/Users/pola0023/Documents/GitHub/GOOB/Content/Blueprints/DesignBlueprints/User_Interface_BP.uasset'
[2019.02.20-20.05.04:905][ 98]LogSlate: Window 'Color Picker' being destroyed
[2019.02.20-20.05.22:637][393]BlueprintLog: New page: Compile User_Interface_BP
[2019.02.20-20.05.22:963][393]Cmd: OBJ SAVEPACKAGE PACKAGE="/Game/Blueprints/DesignBlueprints/User_Interface_BP" FILE="C:/Users/pola0023/Documents/GitHub/GOOB/Content/Blueprints/DesignBlueprints/User_Interface_BP.uasset" SILENT=true
[2019.02.20-20.05.22:984][393]LogSavePackage: Moving 'C:/Users/pola0023/Documents/GitHub/GOOB/Saved/User_Interface_BPDFEF535841C3C9122E180585A03F0A7A.tmp' to 'C:/Users/pola0023/Documents/GitHub/GOOB/Content/Blueprints/DesignBlueprints/User_Interface_BP.uasset'
[2019.02.20-20.05.23:321][411]Cmd: OBJ SAVEPACKAGE PACKAGE="/Game/Blueprints/DesignBlueprints/User_Interface_BP" FILE="C:/Users/pola0023/Documents/GitHub/GOOB/Content/Blueprints/DesignBlueprints/User_Interface_BP.uasset" SILENT=true
[2019.02.20-20.05.23:340][411]LogSavePackage: Moving 'C:/Users/pola0023/Documents/GitHub/GOOB/Saved/User_Interface_BP4166BBCB4012DAF4774A6996867155BE.tmp' to 'C:/Users/pola0023/Documents/GitHub/GOOB/Content/Blueprints/DesignBlueprints/User_Interface_BP.uasset'
[2019.02.20-20.06.54:001][292]BlueprintLog: New page: Compile User_Interface_BP
[2019.02.20-20.06.54:638][312]Cmd: OBJ SAVEPACKAGE PACKAGE="/Game/Blueprints/DesignBlueprints/User_Interface_BP" FILE="C:/Users/pola0023/Documents/GitHub/GOOB/Content/Blueprints/DesignBlueprints/User_Interface_BP.uasset" SILENT=true
[2019.02.20-20.06.54:657][312]LogSavePackage: Moving 'C:/Users/pola0023/Documents/GitHub/GOOB/Saved/User_Interface_BP6F3C4EB24EA4E11AE8ABDBB094BA3161.tmp' to 'C:/Users/pola0023/Documents/GitHub/GOOB/Content/Blueprints/DesignBlueprints/User_Interface_BP.uasset'
[2019.02.20-20.07.31:396][672]LogEditorTransaction: Undo Add Widget
[2019.02.20-20.07.58:142][226]BlueprintLog: New page: Compile User_Interface_BP
[2019.02.20-20.07.58:184][226]Cmd: OBJ SAVEPACKAGE PACKAGE="/Game/Blueprints/DesignBlueprints/User_Interface_BP" FILE="C:/Users/pola0023/Documents/GitHub/GOOB/Content/Blueprints/DesignBlueprints/User_Interface_BP.uasset" SILENT=true
[2019.02.20-20.07.58:204][226]LogSavePackage: Moving 'C:/Users/pola0023/Documents/GitHub/GOOB/Saved/User_Interface_BP98F3A75F4E618E3F6302919B111831F7.tmp' to 'C:/Users/pola0023/Documents/GitHub/GOOB/Content/Blueprints/DesignBlueprints/User_Interface_BP.uasset'
[2019.02.20-20.07.58:562][255]Cmd: OBJ SAVEPACKAGE PACKAGE="/Game/Blueprints/DesignBlueprints/User_Interface_BP" FILE="C:/Users/pola0023/Documents/GitHub/GOOB/Content/Blueprints/DesignBlueprints/User_Interface_BP.uasset" SILENT=true
[2019.02.20-20.07.58:581][255]LogSavePackage: Moving 'C:/Users/pola0023/Documents/GitHub/GOOB/Saved/User_Interface_BPF087B9B7494EAA6EF3DFD587621A06FD.tmp' to 'C:/Users/pola0023/Documents/GitHub/GOOB/Content/Blueprints/DesignBlueprints/User_Interface_BP.uasset'
[2019.02.20-20.16.57:411][652]LogSlate: FSceneViewport::OnFocusLost() reason 0
[2019.02.20-20.17.57:971][292]BlueprintLog: New page: Compile User_Interface_BP
[2019.02.20-20.17.58:017][292]Cmd: OBJ SAVEPACKAGE PACKAGE="/Game/Blueprints/DesignBlueprints/User_Interface_BP" FILE="C:/Users/pola0023/Documents/GitHub/GOOB/Content/Blueprints/DesignBlueprints/User_Interface_BP.uasset" SILENT=true
[2019.02.20-20.17.58:041][292]LogSavePackage: Moving 'C:/Users/pola0023/Documents/GitHub/GOOB/Saved/User_Interface_BP72EBE59C4D56CC11AA3309ABBCF5B1A1.tmp' to 'C:/Users/pola0023/Documents/GitHub/GOOB/Content/Blueprints/DesignBlueprints/User_Interface_BP.uasset'
[2019.02.20-20.17.58:385][328]Cmd: OBJ SAVEPACKAGE PACKAGE="/Game/Blueprints/DesignBlueprints/User_Interface_BP" FILE="C:/Users/pola0023/Documents/GitHub/GOOB/Content/Blueprints/DesignBlueprints/User_Interface_BP.uasset" SILENT=true
[2019.02.20-20.17.58:407][328]LogSavePackage: Moving 'C:/Users/pola0023/Documents/GitHub/GOOB/Saved/User_Interface_BP48DECDD44D6D8C8B05634792A1B70C1D.tmp' to 'C:/Users/pola0023/Documents/GitHub/GOOB/Content/Blueprints/DesignBlueprints/User_Interface_BP.uasset'
[2019.02.20-20.18.11:053][786]LogEditorTransaction: Undo Delete current selection
[2019.02.20-20.18.42:415][ 65]BlueprintLog: New page: Compile User_Interface_BP
[2019.02.20-20.18.42:460][ 65]Cmd: OBJ SAVEPACKAGE PACKAGE="/Game/Blueprints/DesignBlueprints/User_Interface_BP" FILE="C:/Users/pola0023/Documents/GitHub/GOOB/Content/Blueprints/DesignBlueprints/User_Interface_BP.uasset" SILENT=true
[2019.02.20-20.18.42:483][ 65]LogSavePackage: Moving 'C:/Users/pola0023/Documents/GitHub/GOOB/Saved/User_Interface_BP5470FFD44D2823AD08DFD4970D82560B.tmp' to 'C:/Users/pola0023/Documents/GitHub/GOOB/Content/Blueprints/DesignBlueprints/User_Interface_BP.uasset'
[2019.02.20-20.18.43:273][150]Cmd: OBJ SAVEPACKAGE PACKAGE="/Game/Blueprints/DesignBlueprints/User_Interface_BP" FILE="C:/Users/pola0023/Documents/GitHub/GOOB/Content/Blueprints/DesignBlueprints/User_Interface_BP.uasset" SILENT=true
[2019.02.20-20.18.43:295][150]LogSavePackage: Moving 'C:/Users/pola0023/Documents/GitHub/GOOB/Saved/User_Interface_BPE03C09854BDE0F6EB73A0DAE78877435.tmp' to 'C:/Users/pola0023/Documents/GitHub/GOOB/Content/Blueprints/DesignBlueprints/User_Interface_BP.uasset'
[2019.02.20-20.19.19:875][530]Cmd: OBJ SAVEPACKAGE PACKAGE="/Game/Blueprints/DesignBlueprints/User_Interface_BP" FILE="C:/Users/pola0023/Documents/GitHub/GOOB/Content/Blueprints/DesignBlueprints/User_Interface_BP.uasset" SILENT=true
[2019.02.20-20.19.19:897][530]LogSavePackage: Moving 'C:/Users/pola0023/Documents/GitHub/GOOB/Saved/User_Interface_BP24C59924486E3ECDA9C81584A97C4647.tmp' to 'C:/Users/pola0023/Documents/GitHub/GOOB/Content/Blueprints/DesignBlueprints/User_Interface_BP.uasset'
[2019.02.20-20.19.21:206][677]LogSlate: Window 'User_Interface_BP' being destroyed
[2019.02.20-20.19.21:209][677]LogSlate: Window 'User_Interface_BP' being destroyed
[2019.02.20-20.19.38:101][152]LogAssetEditorManager: Opening Asset editor for WidgetBlueprint /Game/Blueprints/DesignBlueprints/User_Interface_BP.User_Interface_BP
[2019.02.20-20.19.57:353][802]BlueprintLog: New page: Compile User_Interface_BP
[2019.02.20-20.19.57:509][802]Cmd: OBJ SAVEPACKAGE PACKAGE="/Game/Blueprints/DesignBlueprints/User_Interface_BP" FILE="C:/Users/pola0023/Documents/GitHub/GOOB/Content/Blueprints/DesignBlueprints/User_Interface_BP.uasset" SILENT=true
[2019.02.20-20.19.57:538][802]LogSavePackage: Moving 'C:/Users/pola0023/Documents/GitHub/GOOB/Saved/User_Interface_BP4D6026B74F5A45BA7DECF196D0A2B158.tmp' to 'C:/Users/pola0023/Documents/GitHub/GOOB/Content/Blueprints/DesignBlueprints/User_Interface_BP.uasset'
[2019.02.20-20.19.57:779][818]Cmd: OBJ SAVEPACKAGE PACKAGE="/Game/Blueprints/DesignBlueprints/User_Interface_BP" FILE="C:/Users/pola0023/Documents/GitHub/GOOB/Content/Blueprints/DesignBlueprints/User_Interface_BP.uasset" SILENT=true
[2019.02.20-20.19.57:801][818]LogSavePackage: Moving 'C:/Users/pola0023/Documents/GitHub/GOOB/Saved/User_Interface_BP22F7E5FD4A5D1D20DF571DBB4B6B1A77.tmp' to 'C:/Users/pola0023/Documents/GitHub/GOOB/Content/Blueprints/DesignBlueprints/User_Interface_BP.uasset'
[2019.02.20-20.20.03:106][340]LogSlate: Window 'User_Interface_BP' being destroyed
[2019.02.20-20.20.03:109][340]LogSlate: Window 'User_Interface_BP' being destroyed
[2019.02.20-20.25.00:277][661]LogSlate: FSceneViewport::OnFocusLost() reason 0
[2019.02.20-20.25.00:425][677]LogAssetEditorManager: Opening Asset editor for WidgetBlueprint /Game/Blueprints/DesignBlueprints/User_Interface_BP.User_Interface_BP
[2019.02.20-20.25.08:998][268]LogSlate: Window 'User_Interface_BP' being destroyed
[2019.02.20-20.25.09:001][268]LogSlate: Window 'User_Interface_BP' being destroyed
[2019.02.20-20.34.37:496][716]LogAssetEditorManager: Opening Asset editor for Blueprint /Game/Blueprints/ProgrammingBlueprints/TestPlayerCharacter.TestPlayerCharacter
[2019.02.20-20.34.41:683][806]LogSlate: Window 'TestPlayerCharacter' being destroyed
[2019.02.20-20.34.41:873][806]LogAssetEditorManager: Opening Asset editor for Blueprint /Game/Blueprints/ProgrammingBlueprints/TestPlayerCharacter.TestPlayerCharacter
[2019.02.20-20.34.50:620][126]LogEditorTransaction: Undo Add Variable
[2019.02.20-20.34.52:957][240]LogSlate: Took 0.012462 seconds to synchronously load lazily loaded font '../../../Engine/Content/Slate/Fonts/Roboto-Italic.ttf' (157K)
[2019.02.20-20.35.31:445][ 15]BlueprintLog: New page: Compile TestPlayerCharacter
[2019.02.20-20.35.31:966][ 15]LogSavePackage: Moving 'C:/Users/pola0023/Documents/GitHub/GOOB/Saved/TestPlayerCharacterF0AD124F4F3FE4FA57A0678F4B81ACAE.tmp' to 'C:/Users/pola0023/Documents/GitHub/GOOB/Content/Blueprints/ProgrammingBlueprints/TestPlayerCharacter.uasset'
[2019.02.20-20.35.33:017][ 60]LogSlate: Window 'TestPlayerCharacter' being destroyed
[2019.02.20-20.35.33:021][ 60]LogSlate: Window 'TestPlayerCharacter' being destroyed
[2019.02.20-20.35.35:649][272]Cmd: OBJ SAVEPACKAGE PACKAGE="/Game/Levels/Test_Level" FILE="C:/Users/pola0023/Documents/GitHub/GOOB/Content/Levels/Test_Level.umap" SILENT=true AUTOSAVING=false KEEPDIRTY=false
[2019.02.20-20.35.35:934][272]LogSavePackage: Moving 'C:/Users/pola0023/Documents/GitHub/GOOB/Saved/Test_Level525795654065191FE0E28D8BCC7C2916.tmp' to 'C:/Users/pola0023/Documents/GitHub/GOOB/Content/Levels/Test_Level.umap'
[2019.02.20-20.35.36:009][272]Cmd: OBJ SAVEPACKAGE PACKAGE="/Game/Levels/Test_Level_BuiltData" FILE="C:/Users/pola0023/Documents/GitHub/GOOB/Content/Levels/Test_Level_BuiltData.uasset" SILENT=true
[2019.02.20-20.35.36:077][272]LogSavePackage: Moving 'C:/Users/pola0023/Documents/GitHub/GOOB/Saved/Test_Level_BuiltData01D1272A40C0A2F1C238D0951862C545.tmp' to 'C:/Users/pola0023/Documents/GitHub/GOOB/Content/Levels/Test_Level_BuiltData.uasset'
[2019.02.20-20.35.46:580][761]LogSlate: Window 'Terminus_22XX - Unreal Editor' being destroyed
[2019.02.20-20.35.46:904][762]Cmd: QUIT_EDITOR
[2019.02.20-20.35.47:183][762]LogWindowsTextInputMethodSystem: Display: IME system now deactivated.
[2019.02.20-20.35.47:213][762]LogExit: Preparing to exit.
[2019.02.20-20.35.48:618][762]LogExit: Editor shut down
[2019.02.20-20.35.48:620][762]LogExit: Transaction tracking system shut down
[2019.02.20-20.35.49:963][762]LogExit: Object subsystem successfully closed.
[2019.02.20-20.35.50:101][762]LogShaderCompilers: Display: Shaders left to compile 0
[2019.02.20-20.35.50:116][762]LogD3D11RHI: Shutdown
[2019.02.20-20.35.50:116][762]LogD3D11RHI: CleanupD3DDevice
[2019.02.20-20.35.50:164][762]LogD3D11RHI: ~FD3D11DynamicRHI
[2019.02.20-20.35.50:782][762]LogModuleManager: Shutting down and abandoning module SequencerWidgets (620)
[2019.02.20-20.35.50:782][762]LogModuleManager: Shutting down and abandoning module BlueprintGraph (618)
[2019.02.20-20.35.50:782][762]LogModuleManager: Shutting down and abandoning module MovieSceneCapture (616)
[2019.02.20-20.35.50:782][762]LogModuleManager: Shutting down and abandoning module Voice (614)
[2019.02.20-20.35.50:782][762]LogModuleManager: Shutting down and abandoning module HierarchicalLODOutliner (612)
[2019.02.20-20.35.50:782][762]LogModuleManager: Shutting down and abandoning module SceneOutliner (610)
[2019.02.20-20.35.50:782][762]LogModuleManager: Shutting down and abandoning module AddContentDialog (608)
[2019.02.20-20.35.50:799][762]LogModuleManager: Shutting down and abandoning module WidgetCarousel (607)
[2019.02.20-20.35.50:800][762]LogModuleManager: Shutting down and abandoning module EditorWidgets (604)
[2019.02.20-20.35.50:800][762]LogModuleManager: Shutting down and abandoning module CollectionManager (602)
[2019.02.20-20.35.50:800][762]LogModuleManager: Shutting down and abandoning module StatsViewer (600)
[2019.02.20-20.35.50:802][762]LogModuleManager: Shutting down and abandoning module FoliageEdit (598)
[2019.02.20-20.35.50:804][762]LogModuleManager: Shutting down and abandoning module LandscapeEditor (596)
[2019.02.20-20.35.50:832][762]LogModuleManager: Shutting down and abandoning module MeshPaintMode (594)
[2019.02.20-20.35.50:833][762]LogModuleManager: Shutting down and abandoning module SceneDepthPickerMode (592)
[2019.02.20-20.35.50:833][762]LogModuleManager: Shutting down and abandoning module ActorPickerMode (590)
[2019.02.20-20.35.50:833][762]LogModuleManager: Shutting down and abandoning module GeometryMode (588)
[2019.02.20-20.35.50:833][762]LogModuleManager: Shutting down and abandoning module TextureAlignMode (586)
[2019.02.20-20.35.50:833][762]LogModuleManager: Shutting down and abandoning module BspMode (584)
[2019.02.20-20.35.50:833][762]LogModuleManager: Shutting down and abandoning module PIEPreviewDeviceProfileSelector (582)
[2019.02.20-20.35.50:833][762]LogModuleManager: Shutting down and abandoning module SequenceRecorderSections (580)
[2019.02.20-20.35.50:833][762]LogModuleManager: Shutting down and abandoning module AutomationWorker (578)
[2019.02.20-20.35.50:833][762]LogModuleManager: Shutting down and abandoning module AudioCaptureEditor (576)
[2019.02.20-20.35.50:833][762]LogModuleManager: Shutting down and abandoning module SequenceRecorder (575)
[2019.02.20-20.35.50:834][762]LogModuleManager: Shutting down and abandoning module MatineeToLevelSequence (572)
[2019.02.20-20.35.50:834][762]LogModuleManager: Shutting down and abandoning module LevelSequenceEditor (570)
[2019.02.20-20.35.50:855][762]LogModuleManager: Shutting down and abandoning module PlacementMode (569)
[2019.02.20-20.35.50:855][762]LogModuleManager: Shutting down and abandoning module MaterialEditor (568)
[2019.02.20-20.35.50:874][762]LogModuleManager: Shutting down and abandoning module WmfMediaFactory (564)
[2019.02.20-20.35.50:874][762]LogModuleManager: Shutting down and abandoning module WmfMediaEditor (562)
[2019.02.20-20.35.50:874][762]LogModuleManager: Shutting down and abandoning module MediaPlayerEditor (560)
[2019.02.20-20.35.50:884][762]LogModuleManager: Shutting down and abandoning module OpenExrWrapper (558)
[2019.02.20-20.35.50:884][762]LogModuleManager: Shutting down and abandoning module ImgMediaFactory (556)
[2019.02.20-20.35.50:884][762]LogModuleManager: Shutting down and abandoning module ImgMediaEditor (554)
[2019.02.20-20.35.50:884][762]LogModuleManager: Shutting down and abandoning module AvfMediaFactory (552)
[2019.02.20-20.35.50:884][762]LogModuleManager: Shutting down and abandoning module AvfMediaEditor (550)
[2019.02.20-20.35.50:884][762]LogModuleManager: Shutting down and abandoning module AndroidMediaFactory (548)
[2019.02.20-20.35.50:884][762]LogModuleManager: Shutting down and abandoning module AndroidMediaEditor (546)
[2019.02.20-20.35.50:884][762]LogModuleManager: Shutting down and abandoning module MagicLeapCameraPreviewFactory (544)
[2019.02.20-20.35.50:884][762]LogModuleManager: Shutting down and abandoning module MagicLeapMediaFactory (542)
[2019.02.20-20.35.50:884][762]LogModuleManager: Shutting down and abandoning module MagicLeapMediaEditor (540)
[2019.02.20-20.35.50:884][762]LogModuleManager: Shutting down and abandoning module CharacterAI (538)
[2019.02.20-20.35.50:884][762]LogModuleManager: Shutting down and abandoning module SmartSnapping (536)
[2019.02.20-20.35.50:884][762]LogModuleManager: Shutting down and abandoning module SessionServices (534)
[2019.02.20-20.35.50:884][762]LogModuleManager: Shutting down and abandoning module ViewportSnapping (532)
[2019.02.20-20.35.50:884][762]LogModuleManager: Shutting down and abandoning module ViewportInteraction (530)
[2019.02.20-20.35.50:884][762]LogModuleManager: Shutting down and abandoning module ClothPainter (528)
[2019.02.20-20.35.50:901][762]LogModuleManager: Shutting down and abandoning module SkeletalMeshEditor (527)
[2019.02.20-20.35.50:913][762]LogModuleManager: Shutting down and abandoning module LogVisualizer (524)
[2019.02.20-20.35.50:925][762]LogModuleManager: Shutting down and abandoning module IntroTutorials (522)
[2019.02.20-20.35.50:939][762]LogModuleManager: Shutting down and abandoning module GameProjectGeneration (521)
[2019.02.20-20.35.50:948][762]LogModuleManager: Shutting down and abandoning module LuminPlatformEditor (518)
[2019.02.20-20.35.50:948][762]LogModuleManager: Shutting down and abandoning module IOSPlatformEditor (516)
[2019.02.20-20.35.50:952][762]LogModuleManager: Shutting down and abandoning module HTML5PlatformEditor (514)
[2019.02.20-20.35.50:952][762]LogModuleManager: Shutting down and abandoning module AndroidPlatformEditor (512)
[2019.02.20-20.35.50:952][762]LogModuleManager: Shutting down and abandoning module AndroidDeviceDetection (511)
[2019.02.20-20.35.51:915][762]LogModuleManager: Shutting down and abandoning module WindowsPlatformEditor (508)
[2019.02.20-20.35.51:915][762]LogModuleManager: Shutting down and abandoning module LuminRuntimeSettings (506)
[2019.02.20-20.35.51:915][762]LogModuleManager: Shutting down and abandoning module IOSRuntimeSettings (504)
[2019.02.20-20.35.51:915][762]LogModuleManager: Shutting down and abandoning module AndroidRuntimeSettings (502)
[2019.02.20-20.35.51:915][762]LogModuleManager: Shutting down and abandoning module InputBindingEditor (500)
[2019.02.20-20.35.51:915][762]LogModuleManager: Shutting down and abandoning module MergeActors (498)
[2019.02.20-20.35.51:919][762]LogModuleManager: Shutting down and abandoning module LocalizationDashboard (496)
[2019.02.20-20.35.51:932][762]LogModuleManager: Shutting down and abandoning module LocalizationService (495)
[2019.02.20-20.35.51:932][762]LogModuleManager: Shutting down and abandoning module HardwareTargeting (492)
[2019.02.20-20.35.51:932][762]LogModuleManager: Shutting down and abandoning module DeviceProfileEditor (490)
[2019.02.20-20.35.51:932][762]LogModuleManager: Shutting down and abandoning module UndoHistory (488)
[2019.02.20-20.35.51:932][762]LogModuleManager: Shutting down and abandoning module XmlParser (486)
[2019.02.20-20.35.51:932][762]LogModuleManager: Shutting down and abandoning module Blutility (484)
[2019.02.20-20.35.51:932][762]LogModuleManager: Shutting down and abandoning module ProjectSettingsViewer (482)
[2019.02.20-20.35.51:932][762]LogModuleManager: Shutting down and abandoning module ProjectTargetPlatformEditor (481)
[2019.02.20-20.35.51:933][762]LogModuleManager: Shutting down and abandoning module EditorSettingsViewer (478)
[2019.02.20-20.35.51:933][762]LogModuleManager: Shutting down and abandoning module SettingsEditor (476)
[2019.02.20-20.35.51:950][762]LogModuleManager: Shutting down and abandoning module ProjectLauncher (474)
[2019.02.20-20.35.51:961][762]LogModuleManager: Shutting down and abandoning module SessionFrontend (472)
[2019.02.20-20.35.51:964][762]LogModuleManager: Shutting down and abandoning module ProfilerClient (470)
[2019.02.20-20.35.51:964][762]LogModuleManager: Shutting down and abandoning module DeviceManager (468)
[2019.02.20-20.35.51:973][762]LogModuleManager: Shutting down and abandoning module TargetDeviceServices (467)
[2019.02.20-20.35.52:037][762]LogModuleManager: Shutting down and abandoning module AutomationController (464)
[2019.02.20-20.35.52:041][762]LogModuleManager: Shutting down and abandoning module AutomationWindow (462)
[2019.02.20-20.35.52:066][762]LogModuleManager: Shutting down and abandoning module Layers (460)
[2019.02.20-20.35.52:078][762]LogModuleManager: Shutting down and abandoning module ComponentVisualizers (458)
[2019.02.20-20.35.52:078][762]LogModuleManager: Shutting down and abandoning module DetailCustomizations (456)
[2019.02.20-20.35.52:078][762]LogModuleManager: Shutting down and abandoning module PackagesDialog (454)
[2019.02.20-20.35.52:079][762]LogModuleManager: Shutting down and abandoning module Persona (452)
[2019.02.20-20.35.52:103][762]LogModuleManager: Shutting down and abandoning module AdvancedPreviewScene (451)
[2019.02.20-20.35.52:103][762]LogModuleManager: Shutting down and abandoning module AnimGraph (449)
[2019.02.20-20.35.52:114][762]LogModuleManager: Shutting down and abandoning module Kismet (446)
[2019.02.20-20.35.52:134][762]LogModuleManager: Shutting down and abandoning module GraphEditor (444)
[2019.02.20-20.35.52:134][762]LogModuleManager: Shutting down and abandoning module ClassViewer (442)
[2019.02.20-20.35.52:134][762]LogModuleManager: Shutting down and abandoning module Toolbox (440)
[2019.02.20-20.35.52:134][762]LogModuleManager: Shutting down and abandoning module ModuleUI (438)
[2019.02.20-20.35.52:134][762]LogModuleManager: Shutting down and abandoning module MovieSceneTools (436)
[2019.02.20-20.35.52:141][762]LogModuleManager: Shutting down and abandoning module OutputLog (434)
[2019.02.20-20.35.52:141][762]LogModuleManager: Shutting down and abandoning module GammaUI (432)
[2019.02.20-20.35.52:141][762]LogModuleManager: Shutting down and abandoning module Documentation (430)
[2019.02.20-20.35.52:141][762]LogModuleManager: Shutting down and abandoning module MovieSceneTracks (428)
[2019.02.20-20.35.52:141][762]LogModuleManager: Shutting down and abandoning module MovieScene (426)
[2019.02.20-20.35.52:142][762]LogModuleManager: Shutting down and abandoning module StreamingPauseRendering (424)
[2019.02.20-20.35.52:142][762]LogModuleManager: Shutting down and abandoning module LauncherPlatform (422)
[2019.02.20-20.35.52:142][762]LogModuleManager: Shutting down and abandoning module AnalyticsET (420)
[2019.02.20-20.35.52:142][762]LogModuleManager: Shutting down and abandoning module PortalServices (418)
[2019.02.20-20.35.52:142][762]LogModuleManager: Shutting down and abandoning module PortalRpc (416)
[2019.02.20-20.35.52:142][762]LogModuleManager: Shutting down and abandoning module MessagingRpc (414)
[2019.02.20-20.35.52:142][762]LogModuleManager: Shutting down and abandoning module AIModule (412)
[2019.02.20-20.35.52:150][762]LogModuleManager: Shutting down and abandoning module GameplayDebugger (411)
[2019.02.20-20.35.52:153][762]LogModuleManager: Shutting down and abandoning module AITestSuite (409)
[2019.02.20-20.35.52:162][762]LogModuleManager: Shutting down and abandoning module NavigationSystem (407)
[2019.02.20-20.35.52:162][762]LogModuleManager: Shutting down and abandoning module ProfilerService (404)
[2019.02.20-20.35.52:262][762]LogModuleManager: Shutting down and abandoning module TaskGraph (402)
[2019.02.20-20.35.52:267][762]LogModuleManager: Shutting down and abandoning module SteamVRController (400)
[2019.02.20-20.35.52:267][762]LogModuleManager: Shutting down and abandoning module ProceduralMeshComponentEditor (398)
[2019.02.20-20.35.52:267][762]LogModuleManager: Shutting down and abandoning module ProceduralMeshComponent (396)
[2019.02.20-20.35.52:267][762]LogModuleManager: Shutting down and abandoning module OculusInput (394)
[2019.02.20-20.35.52:267][762]LogModuleManager: Shutting down and abandoning module MobilePatchingUtils (392)
[2019.02.20-20.35.52:268][762]LogModuleManager: Shutting down and abandoning module EditableMesh (390)
[2019.02.20-20.35.52:277][762]LogModuleManager: Shutting down and abandoning module CustomMeshComponent (388)
[2019.02.20-20.35.52:277][762]LogModuleManager: Shutting down and abandoning module CableComponent (386)
[2019.02.20-20.35.52:277][762]LogModuleManager: Shutting down and abandoning module AudioCapture (384)
[2019.02.20-20.35.52:277][762]LogModuleManager: Shutting down and abandoning module ArchVisCharacter (382)
[2019.02.20-20.35.52:277][762]LogModuleManager: Shutting down and abandoning module AndroidPermission (380)
[2019.02.20-20.35.52:278][762]LogModuleManager: Shutting down and abandoning module NUTUnrealEngine4 (378)
[2019.02.20-20.35.52:278][762]LogModuleManager: Shutting down and abandoning module NetcodeUnitTest (376)
[2019.02.20-20.35.52:300][762]LogModuleManager: Shutting down and abandoning module MediaCompositingEditor (374)
[2019.02.20-20.35.52:300][762]LogModuleManager: Shutting down and abandoning module MediaCompositing (372)
[2019.02.20-20.35.52:300][762]LogModuleManager: Shutting down and abandoning module LinearTimecode (370)
[2019.02.20-20.35.52:300][762]LogModuleManager: Shutting down and abandoning module ImgMedia (368)
[2019.02.20-20.35.52:307][762]LogModuleManager: Shutting down and abandoning module HTML5Networking (366)
[2019.02.20-20.35.52:307][762]LogModuleManager: Shutting down and abandoning module GeometryCacheTracks (364)
[2019.02.20-20.35.52:307][762]LogModuleManager: Shutting down and abandoning module GeometryCacheSequencer (362)
[2019.02.20-20.35.52:307][762]LogModuleManager: Shutting down and abandoning module BackChannel (360)
[2019.02.20-20.35.52:307][762]LogModuleManager: Shutting down and abandoning module AppleVision (358)
[2019.02.20-20.35.52:307][762]LogModuleManager: Shutting down and abandoning module AppleImageUtils (356)
[2019.02.20-20.35.52:307][762]LogModuleManager: Shutting down and abandoning module AlembicImporter (354)
[2019.02.20-20.35.52:307][762]LogModuleManager: Shutting down and abandoning module AlembicLibrary (353)
[2019.02.20-20.35.52:308][762]LogModuleManager: Shutting down and abandoning module GeometryCache (352)
[2019.02.20-20.35.52:308][762]LogModuleManager: Shutting down and abandoning module GeometryCacheEd (351)
[2019.02.20-20.35.52:308][762]LogModuleManager: Shutting down and abandoning module DatasmithContentEditor (346)
[2019.02.20-20.35.52:308][762]LogModuleManager: Shutting down and abandoning module DatasmithContent (344)
[2019.02.20-20.35.52:308][762]LogModuleManager: Shutting down and abandoning module SpeedTreeImporter (342)
[2019.02.20-20.35.52:308][762]LogModuleManager: Shutting down and abandoning module PluginBrowser (340)
[2019.02.20-20.35.52:329][762]LogModuleManager: Shutting down and abandoning module MobileLauncherProfileWizard (338)
[2019.02.20-20.35.52:330][762]LogModuleManager: Shutting down and abandoning module PolygonModeling (336)
[2019.02.20-20.35.52:330][762]LogModuleManager: Shutting down and abandoning module MeshEditor (334)
[2019.02.20-20.35.52:339][762]LogModuleManager: Shutting down and abandoning module CryptoKeysOpenSSL (332)
[2019.02.20-20.35.52:341][762]LogModuleManager: Shutting down and abandoning module CryptoKeys (330)
[2019.02.20-20.35.52:341][762]LogModuleManager: Shutting down and abandoning module VisualStudioSourceCodeAccess (328)
[2019.02.20-20.35.52:341][762]LogModuleManager: Shutting down and abandoning module VisualStudioCodeSourceCodeAccess (326)
[2019.02.20-20.35.52:341][762]LogModuleManager: Shutting down and abandoning module UObjectPlugin (324)
[2019.02.20-20.35.52:341][762]LogModuleManager: Shutting down and abandoning module SubversionSourceControl (322)
[2019.02.20-20.35.52:341][762]LogModuleManager: Shutting down and abandoning module PerforceSourceControl (320)
[2019.02.20-20.35.52:346][762]LogModuleManager: Shutting down and abandoning module GitSourceControl (318)
[2019.02.20-20.35.52:346][762]LogModuleManager: Shutting down and abandoning module SourceControl (317)
[2019.02.20-20.35.52:353][762]LogModuleManager: Shutting down and abandoning module CLionSourceCodeAccess (314)
[2019.02.20-20.35.52:353][762]LogModuleManager: Shutting down and abandoning module LightPropagationVolumeEditor (312)
[2019.02.20-20.35.52:353][762]LogModuleManager: Shutting down and abandoning module PaperTiledImporter (310)
[2019.02.20-20.35.52:353][762]LogModuleManager: Shutting down and abandoning module PaperSpriteSheetImporter (308)
[2019.02.20-20.35.52:353][762]LogModuleManager: Shutting down and abandoning module Paper2DEditor (306)
[2019.02.20-20.35.52:378][762]LogModuleManager: Shutting down and abandoning module MeshPaint (305)
[2019.02.20-20.35.52:381][762]LogModuleManager: Shutting down and abandoning module Terminus_22XX (302)
[2019.02.20-20.35.52:381][762]LogModuleManager: Shutting down and abandoning module RuntimePhysXCooking (300)
[2019.02.20-20.35.52:381][762]LogModuleManager: Shutting down and abandoning module PhysXVehiclesEditor (298)
[2019.02.20-20.35.52:381][762]LogModuleManager: Shutting down and abandoning module PhysXVehicles (296)
[2019.02.20-20.35.52:381][762]LogModuleManager: Shutting down and abandoning module OculusEditor (294)
[2019.02.20-20.35.52:388][762]LogModuleManager: Shutting down and abandoning module LocationServicesBPLibrary (292)
[2019.02.20-20.35.52:388][762]LogModuleManager: Shutting down and abandoning module ImmediatePhysicsEditor (290)
[2019.02.20-20.35.52:388][762]LogModuleManager: Shutting down and abandoning module ImmediatePhysics (288)
[2019.02.20-20.35.52:398][762]LogModuleManager: Shutting down and abandoning module ActorSequence (286)
[2019.02.20-20.35.52:399][762]LogModuleManager: Shutting down and abandoning module UdpMessaging (284)
[2019.02.20-20.35.52:499][762]LogModuleManager: Shutting down and abandoning module TcpMessaging (282)
[2019.02.20-20.35.52:600][762]LogModuleManager: Shutting down and abandoning module MagicLeapAudio (280)
[2019.02.20-20.35.52:600][762]LogModuleManager: Shutting down and abandoning module GameplayTagsEditor (278)
[2019.02.20-20.35.52:615][762]LogModuleManager: Shutting down and abandoning module FacialAnimationEditor (276)
[2019.02.20-20.35.52:615][762]LogModuleManager: Shutting down and abandoning module FacialAnimation (274)
[2019.02.20-20.35.52:615][762]LogModuleManager: Shutting down and abandoning module DataValidation (272)
[2019.02.20-20.35.52:615][762]LogModuleManager: Shutting down and abandoning module AssetManagerEditor (270)
[2019.02.20-20.35.52:620][762]LogModuleManager: Shutting down and abandoning module LevelEditor (269)
[2019.02.20-20.35.52:642][762]LogModuleManager: Shutting down and abandoning module PixelInspectorModule (268)
[2019.02.20-20.35.52:642][762]LogModuleManager: Shutting down and abandoning module CommonMenuExtensions (266)
[2019.02.20-20.35.52:643][762]LogModuleManager: Shutting down and abandoning module MainFrame (264)
[2019.02.20-20.35.52:647][762]LogModuleManager: Shutting down and abandoning module HotReload (263)
[2019.02.20-20.35.52:650][762]LogModuleManager: Shutting down and abandoning module ContentBrowser (259)
[2019.02.20-20.35.52:653][762]LogModuleManager: Shutting down and abandoning module TreeMap (257)
[2019.02.20-20.35.52:653][762]LogModuleManager: Shutting down and abandoning module LightPropagationVolumeRuntime (254)
[2019.02.20-20.35.52:653][762]LogModuleManager: Shutting down and abandoning module AISupportModule (252)
[2019.02.20-20.35.52:653][762]LogModuleManager: Shutting down and abandoning module Paper2D (250)
[2019.02.20-20.35.52:662][762]LogModuleManager: Shutting down and abandoning module WindowsMoviePlayer (248)
[2019.02.20-20.35.52:662][762]LogModuleManager: Shutting down and abandoning module WmfMedia (246)
[2019.02.20-20.35.52:664][762]LogModuleManager: Shutting down and abandoning module Media (245)
[2019.02.20-20.35.52:670][762]LogModuleManager: Shutting down and abandoning module PacketHandler (242)
[2019.02.20-20.35.52:671][762]LogModuleManager: Shutting down and abandoning module ClothingSystemEditor (240)
[2019.02.20-20.35.52:671][762]LogModuleManager: Shutting down and abandoning module ClothingSystemRuntime (238)
[2019.02.20-20.35.52:677][762]LogModuleManager: Shutting down and abandoning module MediaAssets (236)
[2019.02.20-20.35.52:677][762]LogModuleManager: Shutting down and abandoning module Overlay (234)
[2019.02.20-20.35.52:677][762]LogModuleManager: Shutting down and abandoning module OverlayEditor (233)
[2019.02.20-20.35.52:677][762]LogModuleManager: Shutting down and abandoning module VREditor (230)
[2019.02.20-20.35.52:687][762]LogModuleManager: Shutting down and abandoning module StringTableEditor (228)
[2019.02.20-20.35.52:698][762]LogModuleManager: Shutting down and abandoning module GameplayTasksEditor (226)
[2019.02.20-20.35.52:698][762]LogModuleManager: Shutting down and abandoning module BehaviorTreeEditor (224)
[2019.02.20-20.35.52:726][762]LogModuleManager: Shutting down and abandoning module FunctionalTesting (222)
[2019.02.20-20.35.52:736][762]LogModuleManager: Shutting down and abandoning module CollisionAnalyzer (220)
[2019.02.20-20.35.52:744][762]LogModuleManager: Shutting down and abandoning module WorkspaceMenuStructure (219)
[2019.02.20-20.35.52:744][762]LogModuleManager: Shutting down and abandoning module UMG (216)
[2019.02.20-20.35.52:752][762]LogModuleManager: Shutting down and abandoning module UMGEditor (215)
[2019.02.20-20.35.52:752][762]LogModuleManager: Shutting down and abandoning module Sequencer (214)
[2019.02.20-20.35.52:768][762]LogModuleManager: Shutting down and abandoning module MessageLog (211)
[2019.02.20-20.35.52:768][762]LogModuleManager: Shutting down and abandoning module SlateReflector (206)
[2019.02.20-20.35.52:796][762]LogModuleManager: Shutting down and abandoning module Slate (204)
[2019.02.20-20.35.52:796][762]LogModuleManager: Shutting down and abandoning module EditorStyle (202)
[2019.02.20-20.35.52:798][762]LogModuleManager: Shutting down and abandoning module MRMesh (200)
[2019.02.20-20.35.52:798][762]LogModuleManager: Shutting down and abandoning module SourceCodeAccess (198)
[2019.02.20-20.35.52:798][762]LogModuleManager: Shutting down and abandoning module HeadMountedDisplay (196)
[2019.02.20-20.35.52:798][762]LogModuleManager: Shutting down and abandoning module XAudio2 (194)
[2019.02.20-20.35.52:798][762]LogModuleManager: Shutting down and abandoning module Networking (192)
[2019.02.20-20.35.52:798][762]LogModuleManager: Shutting down and abandoning module Core (190)
[2019.02.20-20.35.52:798][762]LogModuleManager: Shutting down and abandoning module LevelSequence (188)
[2019.02.20-20.35.52:798][762]LogModuleManager: Shutting down and abandoning module KismetCompiler (186)
[2019.02.20-20.35.52:798][762]LogModuleManager: Shutting down and abandoning module MeshUtilities (184)
[2019.02.20-20.35.52:803][762]LogModuleManager: Shutting down and abandoning module MeshMergeUtilities (183)
[2019.02.20-20.35.52:809][762]LogModuleManager: Shutting down and abandoning module MeshReductionInterface (182)
[2019.02.20-20.35.52:809][762]LogModuleManager: Shutting down and abandoning module SimplygonSwarm (181)
[2019.02.20-20.35.52:809][762]LogModuleManager: Shutting down and abandoning module ProxyLODMeshReduction (179)
[2019.02.20-20.35.52:830][762]LogModuleManager: Shutting down and abandoning module SimplygonMeshReduction (177)
[2019.02.20-20.35.52:831][762]LogModuleManager: Shutting down and abandoning module QuadricMeshReduction (175)
[2019.02.20-20.35.52:831][762]LogModuleManager: Shutting down and abandoning module MaterialBaking (171)
[2019.02.20-20.35.52:834][762]LogModuleManager: Shutting down and abandoning module DirectoryWatcher (167)
[2019.02.20-20.35.52:835][762]LogModuleManager: Shutting down and abandoning module DerivedDataCache (164)
[2019.02.20-20.35.52:889][762]LogDerivedDataCache: Shutdown
[2019.02.20-20.35.52:889][762]LogModuleManager: Shutting down and abandoning module XGEController (162)
[2019.02.20-20.35.52:889][762]LogXGEController: Cleaning working directory: C:/Users/pola0023/AppData/Local/Temp/UnrealXGEWorkingDir/
[2019.02.20-20.35.52:889][762]LogModuleManager: Shutting down and abandoning module TargetPlatform (160)
[2019.02.20-20.35.52:889][762]LogModuleManager: Shutting down and abandoning module VulkanShaderFormat (159)
[2019.02.20-20.35.52:889][762]LogModuleManager: Shutting down and abandoning module ShaderFormatVectorVM (157)
[2019.02.20-20.35.52:889][762]LogModuleManager: Shutting down and abandoning module ShaderFormatOpenGL (155)
[2019.02.20-20.35.52:889][762]LogModuleManager: Shutting down and abandoning module ShaderFormatD3D (153)
[2019.02.20-20.35.52:889][762]LogModuleManager: Shutting down and abandoning module MetalShaderFormat (151)
[2019.02.20-20.35.52:895][762]LogModuleManager: Shutting down and abandoning module TextureFormatUncompressed (149)
[2019.02.20-20.35.52:895][762]LogModuleManager: Shutting down and abandoning module TextureFormatPVR (147)
[2019.02.20-20.35.52:895][762]LogModuleManager: Shutting down and abandoning module TextureFormatDXT (145)
[2019.02.20-20.35.52:895][762]LogModuleManager: Shutting down and abandoning module TextureFormatIntelISPCTexComp (143)
[2019.02.20-20.35.52:895][762]LogModuleManager: Shutting down and abandoning module TextureFormatASTC (141)
[2019.02.20-20.35.52:895][762]LogModuleManager: Shutting down and abandoning module ImageWrapper (140)
[2019.02.20-20.35.52:895][762]LogModuleManager: Shutting down and abandoning module TextureFormatAndroid (137)
[2019.02.20-20.35.52:895][762]LogModuleManager: Shutting down and abandoning module AudioFormatOpus (135)
[2019.02.20-20.35.52:895][762]LogModuleManager: Shutting down and abandoning module AudioFormatOgg (133)
[2019.02.20-20.35.52:896][762]LogModuleManager: Shutting down and abandoning module AudioFormatADPCM (131)
[2019.02.20-20.35.52:896][762]LogModuleManager: Shutting down and abandoning module LuminTargetPlatform (129)
[2019.02.20-20.35.52:896][762]LogModuleManager: Shutting down and abandoning module LinuxTargetPlatform (127)
[2019.02.20-20.35.52:896][762]LogModuleManager: Shutting down and abandoning module LinuxServerTargetPlatform (125)
[2019.02.20-20.35.52:896][762]LogModuleManager: Shutting down and abandoning module LinuxNoEditorTargetPlatform (123)
[2019.02.20-20.35.52:896][762]LogModuleManager: Shutting down and abandoning module LinuxClientTargetPlatform (121)
[2019.02.20-20.35.52:896][762]LogModuleManager: Shutting down and abandoning module TVOSTargetPlatform (119)
[2019.02.20-20.35.52:897][762]LogModuleManager: Shutting down and abandoning module Messaging (117)
[2019.02.20-20.35.52:897][762]LogModuleManager: Shutting down and abandoning module IOSTargetPlatform (115)
[2019.02.20-20.35.52:898][762]LogModuleManager: Shutting down and abandoning module HTML5TargetPlatform (113)
[2019.02.20-20.35.52:899][762]LogModuleManager: Shutting down and abandoning module AndroidTargetPlatform (111)
[2019.02.20-20.35.52:909][762]LogModuleManager: Shutting down and abandoning module WindowsTargetPlatform (109)
[2019.02.20-20.35.52:910][762]LogModuleManager: Shutting down and abandoning module WindowsServerTargetPlatform (107)
[2019.02.20-20.35.52:910][762]LogModuleManager: Shutting down and abandoning module WindowsNoEditorTargetPlatform (105)
[2019.02.20-20.35.52:910][762]LogModuleManager: Shutting down and abandoning module WindowsClientTargetPlatform (103)
[2019.02.20-20.35.52:910][762]LogModuleManager: Shutting down and abandoning module MacTargetPlatform (101)
[2019.02.20-20.35.52:910][762]LogModuleManager: Shutting down and abandoning module MacServerTargetPlatform (99)
[2019.02.20-20.35.52:910][762]LogModuleManager: Shutting down and abandoning module MacNoEditorTargetPlatform (97)
[2019.02.20-20.35.52:910][762]LogModuleManager: Shutting down and abandoning module MacClientTargetPlatform (95)
[2019.02.20-20.35.52:910][762]LogModuleManager: Shutting down and abandoning module AllDesktopTargetPlatform (93)
[2019.02.20-20.35.52:910][762]LogModuleManager: Shutting down and abandoning module InputCore (90)
[2019.02.20-20.35.52:910][762]LogModuleManager: Shutting down and abandoning module Settings (88)
[2019.02.20-20.35.52:910][762]LogModuleManager: Shutting down and abandoning module PhysXCooking (86)
[2019.02.20-20.35.52:910][762]LogModuleManager: Shutting down and abandoning module SteamVR (84)
[2019.02.20-20.35.52:910][762]LogModuleManager: Shutting down and abandoning module OculusHMD (82)
[2019.02.20-20.35.52:910][762]LogModuleManager: Shutting down and abandoning module ExampleDeviceProfileSelector (80)
[2019.02.20-20.35.52:910][762]LogModuleManager: Shutting down and abandoning module LauncherChunkInstaller (78)
[2019.02.20-20.35.52:910][762]LogModuleManager: Shutting down and abandoning module OnlineBlueprintSupport (76)
[2019.02.20-20.35.52:910][762]LogModuleManager: Shutting down and abandoning module OnlineSubsystem (72)
[2019.02.20-20.35.52:921][762]LogModuleManager: Shutting down and abandoning module XMPP (67)
[2019.02.20-20.35.52:929][762]LogModuleManager: Shutting down and abandoning module WebSockets (66)
[2019.02.20-20.35.52:975][762]LogModuleManager: Shutting down and abandoning module HTTP (63)
[2019.02.20-20.35.52:975][762]LogHttp: Display: Http module shutting down, but needs to wait on 1 outstanding Http requests:
[2019.02.20-20.35.52:975][762]LogHttp: Display: 	verb=[POST] url=[https://datarouter.ol.epicgames.com/datarouter/api/v1/public/data?SessionID=%7BFF23CE49-4219-0AAA-C834-05BBB4F132A7%7D&AppID=UEEditor.Rocket.Release&AppVersion=4.20.1-4233996%2B%2B%2BUE4%2BRelease-4.20&UserID=840ed134491f4fa17ce4998775de4477%7C%7C5ed9a6f9-b57f-4b2e-9450-09b75ace5528&AppEnvironment=datacollector-binary&UploadType=eteventstream] status=Processing
[2019.02.20-20.35.52:985][762]LogModuleManager: Shutting down and abandoning module SSL (62)
[2019.02.20-20.35.53:001][762]LogModuleManager: Shutting down and abandoning module MagicLeapEmulator (58)
[2019.02.20-20.35.53:001][762]LogModuleManager: Shutting down and abandoning module MagicLeapPrivileges (56)
[2019.02.20-20.35.53:001][762]LogModuleManager: Shutting down and abandoning module MagicLeapIdentity (54)
[2019.02.20-20.35.53:001][762]LogModuleManager: Shutting down and abandoning module MagicLeapHelperVulkan (52)
[2019.02.20-20.35.53:001][762]LogModuleManager: Shutting down and abandoning module MagicLeapHelperOpenGL (50)
[2019.02.20-20.35.53:001][762]LogModuleManager: Shutting down and abandoning module MagicLeapSecureStorage (48)
[2019.02.20-20.35.53:001][762]LogModuleManager: Shutting down and abandoning module MagicLeapGestures (46)
[2019.02.20-20.35.53:002][762]LogModuleManager: Shutting down and abandoning module MagicLeapEyeTracker (44)
[2019.02.20-20.35.53:002][762]LogModuleManager: Shutting down and abandoning module MagicLeapController (42)
[2019.02.20-20.35.53:002][762]LogSlate: Slate User Destroyed.  User Index 0, Is Virtual User: 0
[2019.02.20-20.35.53:002][762]LogModuleManager: Shutting down and abandoning module MagicLeap (40)
[2019.02.20-20.35.53:009][762]LogModuleManager: Shutting down and abandoning module DesktopPlatform (38)
[2019.02.20-20.35.53:021][762]LogModuleManager: Shutting down and abandoning module AnimationModifiers (36)
[2019.02.20-20.35.53:033][762]LogModuleManager: Shutting down and abandoning module PropertyEditor (35)
[2019.02.20-20.35.53:042][762]LogModuleManager: Shutting down and abandoning module AudioEditor (32)
[2019.02.20-20.35.53:051][762]LogModuleManager: Shutting down and abandoning module TextureCompressor (30)
[2019.02.20-20.35.53:055][762]LogModuleManager: Shutting down and abandoning module ShaderCore (28)
[2019.02.20-20.35.53:055][762]LogModuleManager: Shutting down and abandoning module Landscape (26)
[2019.02.20-20.35.53:055][762]LogModuleManager: Shutting down and abandoning module SlateRHIRenderer (24)
[2019.02.20-20.35.53:066][762]LogModuleManager: Shutting down and abandoning module OpenGLDrv (22)
[2019.02.20-20.35.53:075][762]LogModuleManager: Shutting down and abandoning module D3D11RHI (20)
[2019.02.20-20.35.53:075][762]LogModuleManager: Shutting down and abandoning module AnimGraphRuntime (18)
[2019.02.20-20.35.53:087][762]LogModuleManager: Shutting down and abandoning module Renderer (16)
[2019.02.20-20.35.53:087][762]LogModuleManager: Shutting down and abandoning module Engine (14)
[2019.02.20-20.35.53:087][762]LogModuleManager: Shutting down and abandoning module CoreUObject (12)
[2019.02.20-20.35.53:092][762]LogModuleManager: Shutting down and abandoning module NetworkFile (10)
[2019.02.20-20.35.53:102][762]LogModuleManager: Shutting down and abandoning module CookedIterativeFile (8)
[2019.02.20-20.35.53:102][762]LogModuleManager: Shutting down and abandoning module StreamingFile (6)
[2019.02.20-20.35.53:109][762]LogModuleManager: Shutting down and abandoning module SandboxFile (4)
[2019.02.20-20.35.53:109][762]LogModuleManager: Shutting down and abandoning module PakFile (2)
[2019.02.20-20.35.53:127][762]LogExit: Exiting.
[2019.02.20-20.35.53:173][762]Log file closed, 02/20/19 15:35:53
