Log file open, 02/22/19 20:36:53
LogWindows: Failed to load 'aqProf.dll' (GetLastError=126)
LogWindows: File 'aqProf.dll' does not exist
LogWindows: Failed to load 'VSPerf140.dll' (GetLastError=126)
LogWindows: File 'VSPerf140.dll' does not exist
LogWindows: Failed to load 'VtuneApi.dll' (GetLastError=126)
LogWindows: File 'VtuneApi.dll' does not exist
LogWindows: Failed to load 'VtuneApi32e.dll' (GetLastError=126)
LogWindows: File 'VtuneApi32e.dll' does not exist
LogInit: Display: Running engine for game: Terminus_22XX
LogPlatformFile: Not using cached read wrapper
LogTaskGraph: Started task graph with 5 named threads and 14 total threads with 3 sets of task threads.
LogStats: Stats thread started at 0.229470
LogD3D11RHI: Loaded GFSDK_Aftermath_Lib.x64.dll
LogICUInternationalization: Display: ICU TimeZone Detection - Raw Offset: -5:00, Platform Override: ''
LogPluginManager: Mounting plugin Paper2D
LogPluginManager: Mounting plugin AISupport
LogPluginManager: Mounting plugin LightPropagationVolume
LogPluginManager: Mounting plugin CLionSourceCodeAccess
LogPluginManager: Mounting plugin CodeLiteSourceCodeAccess
LogPluginManager: Mounting plugin GitSourceControl
LogPluginManager: Mounting plugin KDevelopSourceCodeAccess
LogPluginManager: Mounting plugin NullSourceCodeAccess
LogPluginManager: Mounting plugin PerforceSourceControl
LogPluginManager: Mounting plugin SubversionSourceControl
LogPluginManager: Mounting plugin UObjectPlugin
LogPluginManager: Mounting plugin VisualStudioCodeSourceCodeAccess
LogPluginManager: Mounting plugin VisualStudioSourceCodeAccess
LogPluginManager: Mounting plugin XCodeSourceCodeAccess
LogPluginManager: Mounting plugin AssetManagerEditor
LogPluginManager: Mounting plugin CryptoKeys
LogPluginManager: Mounting plugin DataValidation
LogPluginManager: Mounting plugin FacialAnimation
LogPluginManager: Mounting plugin GameplayTagsEditor
LogPluginManager: Mounting plugin MacGraphicsSwitching
LogPluginManager: Mounting plugin MeshEditor
LogPluginManager: Mounting plugin MobileLauncherProfileWizard
LogPluginManager: Mounting plugin PluginBrowser
LogPluginManager: Mounting plugin SpeedTreeImporter
LogPluginManager: Mounting plugin DatasmithContent
LogPluginManager: Mounting plugin AlembicImporter
LogPluginManager: Mounting plugin AppleImageUtils
LogPluginManager: Mounting plugin AppleVision
LogPluginManager: Mounting plugin BackChannel
LogPluginManager: Mounting plugin CharacterAI
LogPluginManager: Mounting plugin GeometryCache
LogPluginManager: Mounting plugin HTML5Networking
LogPluginManager: Mounting plugin ProxyLODPlugin
LogPluginManager: Mounting plugin MagicLeap
LogPluginManager: Mounting plugin MagicLeapEmulator
LogPluginManager: Mounting plugin MagicLeapMedia
LogPluginManager: Mounting plugin AndroidMedia
LogPluginManager: Mounting plugin AvfMedia
LogPluginManager: Mounting plugin ImgMedia
LogPluginManager: Mounting plugin LinearTimecode
LogPluginManager: Mounting plugin MediaCompositing
LogPluginManager: Mounting plugin MediaPlayerEditor
LogPluginManager: Mounting plugin WmfMedia
LogPluginManager: Mounting plugin TcpMessaging
LogPluginManager: Mounting plugin UdpMessaging
LogPluginManager: Mounting plugin ActorSequence
LogPluginManager: Mounting plugin LevelSequenceEditor
LogPluginManager: Mounting plugin MatineeToLevelSequence
LogPluginManager: Mounting plugin NetcodeUnitTest
LogPluginManager: Mounting plugin NUTUnrealEngine4
LogPluginManager: Mounting plugin OnlineSubsystemGooglePlay
LogPluginManager: Mounting plugin OnlineSubsystemIOS
LogPluginManager: Mounting plugin OnlineSubsystem
LogPluginManager: Mounting plugin OnlineSubsystemNull
LogPluginManager: Mounting plugin OnlineSubsystemUtils
LogPluginManager: Mounting plugin LauncherChunkInstaller
LogPluginManager: Mounting plugin AndroidDeviceProfileSelector
LogPluginManager: Mounting plugin AndroidMoviePlayer
LogPluginManager: Mounting plugin AndroidPermission
LogPluginManager: Mounting plugin AppleMoviePlayer
LogPluginManager: Mounting plugin ArchVisCharacter
LogPluginManager: Mounting plugin AudioCapture
LogPluginManager: Mounting plugin CableComponent
LogPluginManager: Mounting plugin CustomMeshComponent
LogPluginManager: Mounting plugin EditableMesh
LogPluginManager: Mounting plugin ExampleDeviceProfileSelector
LogPluginManager: Mounting plugin GoogleCloudMessaging
LogPluginManager: Mounting plugin ImmediatePhysics
LogPluginManager: Mounting plugin IOSDeviceProfileSelector
LogPluginManager: Mounting plugin LinuxDeviceProfileSelector
LogPluginManager: Mounting plugin LocationServicesBPLibrary
LogPluginManager: Mounting plugin MobilePatchingUtils
LogPluginManager: Mounting plugin OculusVR
LogPluginManager: Plugin shader directory ../../../Engine/Plugins/Runtime/Oculus/OculusVR/Shaders found
LogPluginManager: Mapping shader source directory ../../../Engine/Plugins/Runtime/Oculus/OculusVR/Shaders to virtual directory /Plugin/OculusVR
LogPluginManager: Mounting plugin PhysXVehicles
LogPluginManager: Mounting plugin ProceduralMeshComponent
LogPluginManager: Mounting plugin RuntimePhysXCooking
LogPluginManager: Mounting plugin SteamVR
LogPluginManager: Mounting plugin WindowsMoviePlayer
LogStreaming: Display: Took  0.160s to configure plugins.
LogInit: Using libcurl 7.55.1-DEV
LogInit:  - built for x86_64-pc-win32
LogInit:  - supports SSL with OpenSSL/1.0.2h
LogInit:  - supports HTTP deflate (compression) using libz 1.2.8
LogInit:  - other features:
LogInit:      CURL_VERSION_SSL
LogInit:      CURL_VERSION_LIBZ
LogInit:      CURL_VERSION_IPV6
LogInit:      CURL_VERSION_ASYNCHDNS
LogInit:      CURL_VERSION_LARGEFILE
LogInit:      CURL_VERSION_IDN
LogInit:  CurlRequestOptions (configurable via config and command line):
LogInit:  - bVerifyPeer = false  - Libcurl will NOT verify peer certificate
LogInit:  - bUseHttpProxy = false  - Libcurl will NOT use HTTP proxy
LogInit:  - bDontReuseConnections = false  - Libcurl will reuse connections
LogInit:  - CertBundlePath = nullptr  - Libcurl will use whatever was configured at build time.
LogInit:  - MaxHostConnections = 16  - Libcurl will limit the number of connections to a host
LogInit:  - LocalHostAddr = Default
LogInit:  - BufferSize = 65536
LogInit: WinSock: version 1.1 (2.2), MaxSocks=32767, MaxUdp=65467
LogInit: Build: ++UE4+Release-4.20-CL-4369336
LogInit: Engine Version: 4.20.3-4369336+++UE4+Release-4.20
LogInit: Compatible Engine Version: 4.20.0-4212847+++UE4+Release-4.20
LogInit: Net CL: 4212847
LogInit: OS: Windows 10 (), CPU: Intel(R) Core(TM) i5-6600K CPU @ 3.50GHz, GPU: NVIDIA GeForce GTX 1060 6GB
LogInit: Compiled (64-bit): Sep 17 2018 12:26:19
LogInit: Compiled with Visual C++: 19.13.26129.00
LogInit: Build Configuration: Development
LogInit: Branch Name: ++UE4+Release-4.20
LogInit: Command Line:  -skipcompile
LogInit: Base Directory: F:/Program Files (x86)/Epic Games/UE_4.20/Engine/Binaries/Win64/
LogInit: Installed Engine Build: 1
LogDevObjectVersion: Number of dev versions registered: 20
LogDevObjectVersion:   Dev-Blueprints (B0D832E4-1F89-4F0D-ACCF-7EB736FD4AA2): 10
LogDevObjectVersion:   Dev-Build (E1C64328-A22C-4D53-A36C-8E866417BD8C): 0
LogDevObjectVersion:   Dev-Core (375EC13C-06E4-48FB-B500-84F0262A717E): 2
LogDevObjectVersion:   Dev-Editor (E4B068ED-F494-42E9-A231-DA0B2E46BB41): 24
LogDevObjectVersion:   Dev-Framework (CFFC743F-43B0-4480-9391-14DF171D2073): 34
LogDevObjectVersion:   Dev-Mobile (B02B49B5-BB20-44E9-A304-32B752E40360): 2
LogDevObjectVersion:   Dev-Networking (A4E4105C-59A1-49B5-A7C5-40C4547EDFEE): 0
LogDevObjectVersion:   Dev-Online (39C831C9-5AE6-47DC-9A44-9C173E1C8E7C): 0
LogDevObjectVersion:   Dev-Physics (78F01B33-EBEA-4F98-B9B4-84EACCB95AA2): 0
LogDevObjectVersion:   Dev-Platform (6631380F-2D4D-43E0-8009-CF276956A95A): 0
LogDevObjectVersion:   Dev-Rendering (12F88B9F-8875-4AFC-A67C-D90C383ABD29): 26
LogDevObjectVersion:   Dev-Sequencer (7B5AE74C-D270-4C10-A958-57980B212A5A): 9
LogDevObjectVersion:   Dev-VR (D7296918-1DD6-4BDD-9DE2-64A83CC13884): 2
LogDevObjectVersion:   Dev-LoadTimes (C2A15278-BFE7-4AFE-6C17-90FF531DF755): 1
LogDevObjectVersion:   Private-Geometry (6EACA3D4-40EC-4CC1-B786-8BED09428FC5): 3
LogDevObjectVersion:   Dev-AnimPhys (29E575DD-E0A3-4627-9D10-D276232CDCEA): 17
LogDevObjectVersion:   Dev-ReflectionCapture (6B266CEC-1EC7-4B8F-A30B-E4D90942FC07): 1
LogDevObjectVersion:   Dev-Automation (0DF73D61-A23F-47EA-B727-89E90C41499A): 1
LogDevObjectVersion:   FortniteMain (601D1886-AC64-4F84-AA16-D3DE0DEAC7D6): 12
LogDevObjectVersion:   Dev-Enterprise (9DFFBCD6-494F-0158-E221-12823C92A888): 1
LogStreaming: Display: Took  0.001s to delete old logs.
LogInit: Presizing for max 8388607 objects, including 0 objects not considered by GC, pre-allocating 0 bytes for permanent pool.
LogInit: Object subsystem initialized
[2019.02.23-01.36.53:601][  0]LogInit: Selected Device Profile: [Windows]
[2019.02.23-01.36.53:604][  0]LogInit: Applying CVar settings loaded from the selected device profile: [Windows]
[2019.02.23-01.36.53:621][  0]LogHAL: Display: Platform has ~ 16 GB [17136545792 / 17179869184 / 16], which maps to Larger [LargestMinGB=32, LargerMinGB=12, DefaultMinGB=8, SmallerMinGB=6, SmallestMinGB=0)
[2019.02.23-01.36.53:622][  0]LogInit: Setting Device Profile CVar: [[r.Vulkan.UseRealUBs:1]]
[2019.02.23-01.36.53:622][  0]LogInit: Going up to parent DeviceProfile []
[2019.02.23-01.36.53:622][  0]LogInit: Computer: RENZY-GAMING
[2019.02.23-01.36.53:622][  0]LogInit: User: Renzy
[2019.02.23-01.36.53:622][  0]LogInit: CPU Page size=4096, Cores=4
[2019.02.23-01.36.53:622][  0]LogInit: High frequency timer resolution =3.421871 MHz
[2019.02.23-01.36.53:623][  0]LogMemory: Memory total: Physical=16.0GB (16GB approx)
[2019.02.23-01.36.53:623][  0]LogMemory: Platform Memory Stats for Windows
[2019.02.23-01.36.53:623][  0]LogMemory: Process Physical Memory: 101.91 MB used, 101.91 MB peak
[2019.02.23-01.36.53:623][  0]LogMemory: Process Virtual Memory: 96.50 MB used, 96.50 MB peak
[2019.02.23-01.36.53:623][  0]LogMemory: Physical Memory: 9166.87 MB used,  7175.81 MB free, 16342.68 MB total
[2019.02.23-01.36.53:623][  0]LogMemory: Virtual Memory: 4637.35 MB used,  7175.81 MB free, 134217728.00 MB total
[2019.02.23-01.36.53:778][  0]LogInit: Using OS detected language (en-US).
[2019.02.23-01.36.53:778][  0]LogInit: Using OS detected locale (en-CA).
[2019.02.23-01.36.53:779][  0]LogTextLocalizationManager: No specific localization for 'en-US' exists, so the 'en' localization will be used.
[2019.02.23-01.36.54:114][  0]LogStreaming: Display: Took  0.336s to InitEngineTextLocalization.
[2019.02.23-01.36.54:114][  0]LogInit: Setting process to per monitor DPI aware
[2019.02.23-01.36.54:143][  0]LogSlate: New Slate User Created.  User Index 0, Is Virtual User: 0
[2019.02.23-01.36.54:143][  0]LogSlate: Slate User Registered.  User Index 0, Is Virtual User: 0
[2019.02.23-01.36.54:424][  0]LogHMD: Failed to initialize OpenVR with code 110
[2019.02.23-01.36.54:424][  0]LogD3D11RHI: D3D11 adapters:
[2019.02.23-01.36.54:498][  0]LogD3D11RHI:    0. 'NVIDIA GeForce GTX 1060 6GB' (Feature Level 11_0)
[2019.02.23-01.36.54:498][  0]LogD3D11RHI:       6052/0/8171 MB DedicatedVideo/DedicatedSystem/SharedSystem, Outputs:2, VendorId:0x10de
[2019.02.23-01.36.54:503][  0]LogD3D11RHI:    1. 'Microsoft Basic Render Driver' (Feature Level 11_0)
[2019.02.23-01.36.54:503][  0]LogD3D11RHI:       0/0/8171 MB DedicatedVideo/DedicatedSystem/SharedSystem, Outputs:0, VendorId:0x1414
[2019.02.23-01.36.54:503][  0]LogD3D11RHI: Chosen D3D11 Adapter: 0
[2019.02.23-01.36.54:512][  0]LogD3D11RHI: Creating new Direct3DDevice
[2019.02.23-01.36.54:512][  0]LogD3D11RHI:     GPU DeviceId: 0x1c03 (for the marketing name, search the web for "GPU Device Id")
[2019.02.23-01.36.54:512][  0]LogWindows: EnumDisplayDevices:
[2019.02.23-01.36.54:512][  0]LogWindows:    0. 'NVIDIA GeForce GTX 1060 6GB' (P:1 D:1)
[2019.02.23-01.36.54:512][  0]LogWindows:    1. 'NVIDIA GeForce GTX 1060 6GB' (P:0 D:1)
[2019.02.23-01.36.54:513][  0]LogWindows:    2. 'NVIDIA GeForce GTX 1060 6GB' (P:0 D:0)
[2019.02.23-01.36.54:513][  0]LogWindows:    3. 'NVIDIA GeForce GTX 1060 6GB' (P:0 D:0)
[2019.02.23-01.36.54:513][  0]LogWindows: DebugString: FoundDriverCount:4 
[2019.02.23-01.36.54:513][  0]LogD3D11RHI:     Adapter Name: NVIDIA GeForce GTX 1060 6GB
[2019.02.23-01.36.54:513][  0]LogD3D11RHI:   Driver Version: 418.81 (internal:25.21.14.1881, unified:418.81)
[2019.02.23-01.36.54:513][  0]LogD3D11RHI:      Driver Date: 1-30-2019
[2019.02.23-01.36.54:513][  0]LogRHI: Texture pool is 4236 MB (70% of 6052 MB)
[2019.02.23-01.36.54:553][  0]LogD3D11RHI: Async texture creation enabled
[2019.02.23-01.36.54:575][  0]LogD3D11RHI: GPU Timing Frequency: 1000.000000 (Debug: 2 1)
[2019.02.23-01.36.54:667][  0]LogShaderCompilers: Guid format shader working directory is -64 characters bigger than the processId version (../../../../../../Renzy/Documents/Algonquin/Term 4/GAM1528 - High Level Development 2/Assignments/GOOB-master/Intermediate/Shaders/WorkingDirectory/10596/).
[2019.02.23-01.36.54:667][  0]LogShaderCompilers: Cleaned the shader compiler working directory 'C:/Users/Renzy/AppData/Local/Temp/UnrealShaderWorkingDir/6611507D4B7ED621EF12338B31C0EB92/'.
[2019.02.23-01.36.54:891][  0]LogTemp: Display: Loaded TP AllDesktopTargetPlatform
[2019.02.23-01.36.54:904][  0]LogTemp: Display: Loaded TP MacClientTargetPlatform
[2019.02.23-01.36.54:918][  0]LogTemp: Display: Loaded TP MacNoEditorTargetPlatform
[2019.02.23-01.36.54:929][  0]LogTemp: Display: Loaded TP MacServerTargetPlatform
[2019.02.23-01.36.54:942][  0]LogTemp: Display: Loaded TP MacTargetPlatform
[2019.02.23-01.36.54:955][  0]LogTemp: Display: Loaded TP WindowsClientTargetPlatform
[2019.02.23-01.36.54:967][  0]LogTemp: Display: Loaded TP WindowsNoEditorTargetPlatform
[2019.02.23-01.36.54:979][  0]LogTemp: Display: Loaded TP WindowsServerTargetPlatform
[2019.02.23-01.36.54:985][  0]LogTemp: Display: Loaded TP WindowsTargetPlatform
[2019.02.23-01.36.55:051][  0]LogTemp: Display: Loaded TP AndroidTargetPlatform
[2019.02.23-01.36.55:051][  0]LogTemp: Display: Loaded TP AndroidTargetPlatform
[2019.02.23-01.36.55:051][  0]LogTemp: Display: Loaded TP AndroidTargetPlatform
[2019.02.23-01.36.55:051][  0]LogTemp: Display: Loaded TP AndroidTargetPlatform
[2019.02.23-01.36.55:051][  0]LogTemp: Display: Loaded TP AndroidTargetPlatform
[2019.02.23-01.36.55:051][  0]LogTemp: Display: Loaded TP AndroidTargetPlatform
[2019.02.23-01.36.55:051][  0]LogTemp: Display: Loaded TP AndroidTargetPlatform
[2019.02.23-01.36.55:051][  0]LogTemp: Display: Loaded TP AndroidTargetPlatform
[2019.02.23-01.36.55:051][  0]LogTemp: Display: Loaded TP AndroidTargetPlatform
[2019.02.23-01.36.55:052][  0]LogTemp: Display: Loaded TP AndroidTargetPlatform
[2019.02.23-01.36.55:052][  0]LogTemp: Display: Loaded TP AndroidTargetPlatform
[2019.02.23-01.36.55:052][  0]LogTemp: Display: Loaded TP AndroidTargetPlatform
[2019.02.23-01.36.55:052][  0]LogTemp: Display: Loaded TP AndroidTargetPlatform
[2019.02.23-01.36.55:052][  0]LogTemp: Display: Loaded TP AndroidTargetPlatform
[2019.02.23-01.36.55:052][  0]LogTemp: Display: Loaded TP AndroidTargetPlatform
[2019.02.23-01.36.55:052][  0]LogTemp: Display: Loaded TP AndroidTargetPlatform
[2019.02.23-01.36.55:052][  0]LogTemp: Display: Loaded TP AndroidTargetPlatform
[2019.02.23-01.36.55:052][  0]LogTemp: Display: Loaded TP AndroidTargetPlatform
[2019.02.23-01.36.55:054][  0]LogTemp: Display: Loaded TP HTML5TargetPlatform
[2019.02.23-01.36.55:118][  0]LogTemp: Display: Loaded TP IOSTargetPlatform
[2019.02.23-01.36.55:118][  0]LogTemp: Display: Loaded TP IOSTargetPlatform
[2019.02.23-01.36.55:140][  0]LogTemp: Display: Loaded TP TVOSTargetPlatform
[2019.02.23-01.36.55:140][  0]LogTemp: Display: Loaded TP TVOSTargetPlatform
[2019.02.23-01.36.55:152][  0]LogTemp: Display: Loaded TP LinuxClientTargetPlatform
[2019.02.23-01.36.55:164][  0]LogTemp: Display: Loaded TP LinuxNoEditorTargetPlatform
[2019.02.23-01.36.55:175][  0]LogTemp: Display: Loaded TP LinuxServerTargetPlatform
[2019.02.23-01.36.55:188][  0]LogTemp: Display: Loaded TP LinuxTargetPlatform
[2019.02.23-01.36.55:198][  0]LogTemp: Display: Loaded TP LuminTargetPlatform
[2019.02.23-01.36.55:198][  0]LogTargetPlatformManager: Display: Building Assets For Windows
[2019.02.23-01.36.55:278][  0]LogXGEController: Cleaning working directory: C:/Users/Renzy/AppData/Local/Temp/UnrealXGEWorkingDir/
[2019.02.23-01.36.55:278][  0]LogXGEController: Cannot use XGE Controller as Incredibuild is not installed on this machine.
[2019.02.23-01.36.55:278][  0]LogShaderCompilers: Cannot use XGE Shader Compiler as Incredibuild is not installed on this machine.
[2019.02.23-01.36.55:279][  0]LogShaderCompilers: Display: Using Local Shader Compiler.
[2019.02.23-01.36.55:841][  0]LogDerivedDataCache: Display: Max Cache Size: 512 MB
[2019.02.23-01.36.55:886][  0]LogDerivedDataCache: Loaded boot cache 0.05s 71MB C:/Users/Renzy/AppData/Local/UnrealEngine/4.20/DerivedDataCache/Boot.ddc.
[2019.02.23-01.36.55:887][  0]LogDerivedDataCache: Display: Loaded Boot cache: C:/Users/Renzy/AppData/Local/UnrealEngine/4.20/DerivedDataCache/Boot.ddc
[2019.02.23-01.36.55:887][  0]LogDerivedDataCache: FDerivedDataBackendGraph:  Pak pak cache file ../../../../../../Renzy/Documents/Algonquin/Term 4/GAM1528 - High Level Development 2/Assignments/GOOB-master/DerivedDataCache/DDC.ddp not found, will not use a pak cache.
[2019.02.23-01.36.55:887][  0]LogDerivedDataCache: Unable to find inner node Pak for hierarchical cache Hierarchy.
[2019.02.23-01.36.55:887][  0]LogDerivedDataCache: FDerivedDataBackendGraph:  CompressedPak pak cache file ../../../../../../Renzy/Documents/Algonquin/Term 4/GAM1528 - High Level Development 2/Assignments/GOOB-master/DerivedDataCache/Compressed.ddp not found, will not use a pak cache.
[2019.02.23-01.36.55:887][  0]LogDerivedDataCache: Unable to find inner node CompressedPak for hierarchical cache Hierarchy.
[2019.02.23-01.36.55:897][  0]LogDerivedDataCache: Display: Pak cache opened for reading ../../../Engine/DerivedDataCache/Compressed.ddp.
[2019.02.23-01.36.55:910][  0]LogDerivedDataCache: Using Local data cache path C:/Users/Renzy/AppData/Local/UnrealEngine/Common/DerivedDataCache: Writable
[2019.02.23-01.36.55:910][  0]LogDerivedDataCache: Shared data cache path not found in *engine.ini, will not use an Shared cache.
[2019.02.23-01.36.55:910][  0]LogDerivedDataCache: Unable to find inner node Shared for hierarchical cache Hierarchy.
[2019.02.23-01.36.55:923][  0]LogMaterial: Verifying Global Shaders for PCD3D_SM5
[2019.02.23-01.36.55:924][  0]LogSlate: Using FreeType 2.6.0
[2019.02.23-01.36.55:925][  0]LogSlate: SlateFontServices - WITH_FREETYPE: 1, WITH_HARFBUZZ: 1
[2019.02.23-01.36.56:001][  0]LogAssetRegistry: FAssetRegistry took 0.0274 seconds to start up
[2019.02.23-01.36.56:240][  0]LogInit: Selected Device Profile: [Windows]
[2019.02.23-01.36.56:355][  0]LogSimplygon: Simplygon DLL not present - disabling.
[2019.02.23-01.36.56:361][  0]LogMeshReduction: Using SimplygonSwarm for distributed automatic mesh merging
[2019.02.23-01.36.56:361][  0]LogMeshReduction: Using ProxyLODMeshReduction for automatic mesh merging
[2019.02.23-01.36.56:361][  0]LogMeshReduction: Using QuadricMeshReduction for automatic static mesh reduction
[2019.02.23-01.36.56:361][  0]LogMeshReduction: No automatic skeletal mesh reduction module available
[2019.02.23-01.36.56:383][  0]LogNetVersion: Terminus_22XX 1.0.0, NetCL: 4212847, EngineNetVer: 5, GameNetVer: 0 (Checksum: 1011408813)
[2019.02.23-01.36.56:849][  0]LogPackageLocalizationCache: Processed 11 localized package path(s) for 2 prioritized culture(s) in 0.113735 seconds
[2019.02.23-01.36.56:854][  0]LogUObjectArray: 38425 objects as part of root set at end of initial load.
[2019.02.23-01.36.56:854][  0]LogUObjectAllocator: 6690872 out of 0 bytes used by permanent object pool.
[2019.02.23-01.36.56:855][  0]LogUObjectArray: CloseDisregardForGC: 0/0 objects in disregard for GC pool
[2019.02.23-01.36.57:727][  0]LogTcpMessaging: Initializing TcpMessaging bridge
[2019.02.23-01.36.57:742][  0]LogUdpMessaging: Initializing bridge on interface 0.0.0.0:0 to multicast group 230.0.0.1:6666.
[2019.02.23-01.36.57:902][  0]SourceControl: Source control is disabled
[2019.02.23-01.36.57:902][  0]SourceControl: Source control is disabled
[2019.02.23-01.36.57:905][  0]SourceControl: Source control is disabled
[2019.02.23-01.36.57:907][  0]SourceControl: Source control is disabled
[2019.02.23-01.36.58:120][  0]LogAndroidPermission: UAndroidPermissionCallbackProxy::GetInstance
[2019.02.23-01.36.58:235][  0]LogOcInput: OculusInput pre-init called
[2019.02.23-01.36.58:288][  0]LogEngine: Initializing Engine...
[2019.02.23-01.36.58:289][  0]LogHMD: Failed to initialize OpenVR with code 110
[2019.02.23-01.36.58:290][  0]LogStats: UGameplayTagsManager::ConstructGameplayTagTree: ImportINI prefixes -  0.000 s
[2019.02.23-01.36.58:290][  0]LogStats: UGameplayTagsManager::ConstructGameplayTagTree: Construct from data asset -  0.000 s
[2019.02.23-01.36.58:290][  0]LogStats: UGameplayTagsManager::ConstructGameplayTagTree: ImportINI -  0.000 s
[2019.02.23-01.36.58:290][  0]LogStats: UGameplayTagsManager::ConstructGameplayTagTree: GameplayTagTreeChangedEvent.Broadcast -  0.000 s
[2019.02.23-01.36.58:445][  0]LogInit: Initializing FReadOnlyCVARCache
[2019.02.23-01.36.58:454][  0]LogAIModule: Creating AISystem for world Untitled
[2019.02.23-01.36.58:535][  0]LogInit: XAudio2 using 'Speakers (Sound BlasterX AE-5)' : 6 channels at 48 kHz using 32 bits per sample (channel mask 0x3f)
[2019.02.23-01.36.58:589][  0]LogInit: FAudioDevice initialized.
[2019.02.23-01.36.58:590][  0]LogNetVersion: Set ProjectVersion to 1.0.0.0. Version Checksum will be recalculated on next use.
[2019.02.23-01.36.58:654][  0]LogDerivedDataCache: Saved boot cache 0.06s 71MB C:/Users/Renzy/AppData/Local/UnrealEngine/4.20/DerivedDataCache/Boot.ddc.
[2019.02.23-01.36.58:664][  0]LogInit: Texture streaming: Enabled
[2019.02.23-01.36.58:682][  0]LogEngineSessionManager: EngineSessionManager initialized
[2019.02.23-01.36.58:690][  0]LogInit: Transaction tracking system initialized
[2019.02.23-01.36.58:712][  0]BlueprintLog: New page: Editor Load
[2019.02.23-01.36.58:803][  0]LocalizationService: Localization service is disabled
[2019.02.23-01.36.59:028][  0]LogCook: Display: Max memory allowance for cook 16384mb min free memory 0mb
[2019.02.23-01.36.59:028][  0]LogCook: Display: Mobile HDR setting 1
[2019.02.23-01.36.59:028][  0]LogGameplayTags: Display: UGameplayTagsManager::DoneAddingNativeTags. DelegateIsBound: 0
[2019.02.23-01.36.59:028][  0]LogStats: UGameplayTagsManager::ConstructGameplayTagTree: ImportINI prefixes -  0.000 s
[2019.02.23-01.36.59:028][  0]LogStats: UGameplayTagsManager::ConstructGameplayTagTree: Construct from data asset -  0.000 s
[2019.02.23-01.36.59:029][  0]LogStats: UGameplayTagsManager::ConstructGameplayTagTree: ImportINI -  0.000 s
[2019.02.23-01.36.59:029][  0]LogStats: UGameplayTagsManager::ConstructGameplayTagTree: GameplayTagTreeChangedEvent.Broadcast -  0.000 s
[2019.02.23-01.36.59:158][  0]LogFileCache: Scanning file cache for directory 'F:/Renzy/Documents/Algonquin/Term 4/GAM1528 - High Level Development 2/Assignments/GOOB-master/Content/' took 0.02s
[2019.02.23-01.36.59:159][  0]SourceControl: Source control is disabled
[2019.02.23-01.36.59:159][  0]Cmd: MAP LOAD FILE="../../../../../../Renzy/Documents/Algonquin/Term 4/GAM1528 - High Level Development 2/Assignments/GOOB-master/Content/Levels/Test_Level.umap" TEMPLATE=0 SHOWPROGRESS=1 FEATURELEVEL=3
[2019.02.23-01.36.59:159][  0]LightingResults: New page: Lighting Build
[2019.02.23-01.36.59:161][  0]MapCheck: New page: Map Check
[2019.02.23-01.36.59:161][  0]LightingResults: New page: Lighting Build
[2019.02.23-01.36.59:238][  0]LogAIModule: Creating AISystem for world Test_Level
[2019.02.23-01.36.59:247][  0]LogEditorServer: Finished looking for orphan Actors (0.000 secs)
[2019.02.23-01.36.59:270][  0]Cmd: MAP CHECKDEP NOCLEARLOG
[2019.02.23-01.36.59:325][  0]MapCheck: Map check complete: 0 Error(s), 0 Warning(s), took 56.457ms to complete.
[2019.02.23-01.36.59:325][  0]LogFileHelpers: Loading map 'Test_Level' took 0.167
[2019.02.23-01.36.59:431][  0]LogSlate: Updating window title bar state: overlay mode, drag disabled, window buttons hidden, title bar hidden
[2019.02.23-01.36.59:438][  0]LogSlate: Updating window title bar state: overlay mode, drag disabled, window buttons hidden, title bar hidden
[2019.02.23-01.36.59:443][  0]LogSlate: Updating window title bar state: overlay mode, drag disabled, window buttons hidden, title bar hidden
[2019.02.23-01.36.59:450][  0]LogSlate: Updating window title bar state: overlay mode, drag disabled, window buttons hidden, title bar hidden
[2019.02.23-01.36.59:456][  0]LogCollectionManager: Loaded 0 collections in 0.001062 seconds
[2019.02.23-01.36.59:506][  0]LogFileCache: Scanning file cache for directory 'F:/Renzy/Documents/Algonquin/Term 4/GAM1528 - High Level Development 2/Assignments/GOOB-master/Saved/Collections/' took 0.01s
[2019.02.23-01.36.59:506][  0]LogFileCache: Scanning file cache for directory 'F:/Renzy/Documents/Algonquin/Term 4/GAM1528 - High Level Development 2/Assignments/GOOB-master/Content/Developers/Renzy/Collections/' took 0.01s
[2019.02.23-01.36.59:506][  0]LogFileCache: Scanning file cache for directory 'F:/Renzy/Documents/Algonquin/Term 4/GAM1528 - High Level Development 2/Assignments/GOOB-master/Content/Collections/' took 0.01s
[2019.02.23-01.36.59:506][  0]LogCollectionManager: Rebuilt the GUID cache for 0 collections in 0.000000 seconds
[2019.02.23-01.36.59:513][  0]LogContentBrowser: Native class hierarchy populated in 0.0075 seconds. Added 2594 classes and 608 folders.
[2019.02.23-01.36.59:519][  0]LogContentBrowser: Native class hierarchy updated for 'WidgetCarousel' in 0.0004 seconds. Added 0 classes and 0 folders.
[2019.02.23-01.36.59:575][  0]LogContentBrowser: Native class hierarchy updated for 'AddContentDialog' in 0.0004 seconds. Added 0 classes and 0 folders.
[2019.02.23-01.36.59:580][  0]LogContentBrowser: Native class hierarchy updated for 'SceneOutliner' in 0.0005 seconds. Added 1 classes and 2 folders.
[2019.02.23-01.36.59:630][  0]LogSlate: Took 0.000233 seconds to synchronously load lazily loaded font '../../../Engine/Content/Slate/Fonts/Roboto-Regular.ttf' (155K)
[2019.02.23-01.36.59:631][  0]LogSlate: Took 0.000174 seconds to synchronously load lazily loaded font '../../../Engine/Content/Slate/Fonts/Roboto-Bold.ttf' (160K)
[2019.02.23-01.36.59:636][  0]LogSlate: Took 0.000301 seconds to synchronously load lazily loaded font '../../../Engine/Content/Editor/Slate/Fonts/FontAwesome.ttf' (139K)
[2019.02.23-01.36.59:696][  0]LogRenderer: Reallocating scene render targets to support 1208x576 Format 10 NumSamples 1 (Frame:1).
[2019.02.23-01.36.59:845][  0]LogContentBrowser: Native class hierarchy updated for 'HierarchicalLODOutliner' in 0.0005 seconds. Added 0 classes and 0 folders.
[2019.02.23-01.36.59:845][  0]LogLoad: (Engine Initialization) Total time: 8.10 seconds
[2019.02.23-01.36.59:845][  0]LogLoad: (Engine Initialization) Total Blueprint compile time: 0.00 seconds
[2019.02.23-01.36.59:877][  0]LogAssetRegistry: Asset discovery search completed in 3.9003 seconds
[2019.02.23-01.36.59:879][  0]LogCollectionManager: Rebuilt the object cache for 0 collections in 0.000001 seconds (found 0 objects)
[2019.02.23-01.36.59:879][  0]LogCollectionManager: Fixed up redirectors for 0 collections in 0.000118 seconds (updated 0 objects)
[2019.02.23-01.36.59:880][  0]LogContentStreaming: Texture pool size now 1000 MB
[2019.02.23-01.36.59:917][  0]LogSlate: Took 0.000258 seconds to synchronously load lazily loaded font '../../../Engine/Content/Slate/Fonts/Roboto-Light.ttf' (167K)
[2019.02.23-01.37.03:214][ 89]LogSlate: FSceneViewport::OnFocusLost() reason 0
[2019.02.23-01.37.03:296][ 99]LogTemp: Repeating last play command: Selected Viewport
[2019.02.23-01.37.03:316][ 99]LogPlayLevel: PlayLevel: No blueprints needed recompiling
[2019.02.23-01.37.03:329][ 99]PIE: New page: PIE session: Test_Level (Feb 22, 2019, 3:37:03 PM)
[2019.02.23-01.37.03:330][ 99]LogPlayLevel: Creating play world package: /Game/Levels/UEDPIE_0_Test_Level
[2019.02.23-01.37.03:342][ 99]LogPlayLevel: PIE: StaticDuplicateObject took: (0.012459s)
[2019.02.23-01.37.03:343][ 99]LogAIModule: Creating AISystem for world Test_Level
[2019.02.23-01.37.03:343][ 99]LogPlayLevel: PIE: World Init took: (0.000656s)
[2019.02.23-01.37.03:343][ 99]LogPlayLevel: PIE: Created PIE world by copying editor world from /Game/Levels/Test_Level.Test_Level to /Game/Levels/UEDPIE_0_Test_Level.Test_Level (0.013392s)
[2019.02.23-01.37.03:383][ 99]LogInit: XAudio2 using 'Speakers (Sound BlasterX AE-5)' : 6 channels at 48 kHz using 32 bits per sample (channel mask 0x3f)
[2019.02.23-01.37.03:397][ 99]LogInit: FAudioDevice initialized.
[2019.02.23-01.37.03:484][ 99]LogLoad: Game class is 'Test_Terminus_22XXGameModeBase_C'
[2019.02.23-01.37.03:486][ 99]LogWorld: Bringing World /Game/Levels/UEDPIE_0_Test_Level.Test_Level up for play (max tick rate 0) at 2019.02.22-20.37.03
[2019.02.23-01.37.03:487][ 99]LogWorld: Bringing up level for play took: 0.001424
[2019.02.23-01.37.03:502][ 99]LogContentBrowser: Native class hierarchy updated for 'MovieSceneCapture' in 0.0004 seconds. Added 10 classes and 0 folders.
[2019.02.23-01.37.03:504][ 99]PIE: Play in editor start time for /Game/Levels/UEDPIE_0_Test_Level 0.62
[2019.02.23-01.37.23:166][446]LogSlate: Updating window title bar state: overlay mode, drag disabled, window buttons hidden, title bar hidden
[2019.02.23-01.37.23:198][446]LogPlayLevel: Display: Shutting down PIE online subsystems
[2019.02.23-01.37.23:217][446]LogSlate: Updating window title bar state: overlay mode, drag disabled, window buttons hidden, title bar hidden
[2019.02.23-01.37.23:265][450]LogPlayLevel: Display: Destroying online subsystem :Context_7
[2019.02.23-01.37.24:186][560]LogSlate: FSceneViewport::OnFocusLost() reason 0
[2019.02.23-01.37.28:860][ 96]LogEditor: Attempting to add actor of class 'ShieldGenerator' to level at -240.00,710.00,-985.00
[2019.02.23-01.37.29:861][199]LogEditor: Attempting to add actor of class 'ShieldGenerator' to level at -50.00,745.00,-985.00
[2019.02.23-01.37.31:195][348]LogSlate: FSceneViewport::OnFocusLost() reason 0
[2019.02.23-01.37.31:245][354]LogTemp: Repeating last play command: Selected Viewport
[2019.02.23-01.37.31:264][354]LogPlayLevel: PlayLevel: No blueprints needed recompiling
[2019.02.23-01.37.31:265][354]PIE: New page: PIE session: Test_Level (Feb 22, 2019, 3:37:31 PM)
[2019.02.23-01.37.31:265][354]LogPlayLevel: Creating play world package: /Game/Levels/UEDPIE_0_Test_Level
[2019.02.23-01.37.31:276][354]LogPlayLevel: PIE: StaticDuplicateObject took: (0.011709s)
[2019.02.23-01.37.31:277][354]LogAIModule: Creating AISystem for world Test_Level
[2019.02.23-01.37.31:277][354]LogPlayLevel: PIE: World Init took: (0.000751s)
[2019.02.23-01.37.31:277][354]LogPlayLevel: PIE: Created PIE world by copying editor world from /Game/Levels/Test_Level.Test_Level to /Game/Levels/UEDPIE_0_Test_Level.Test_Level (0.012767s)
[2019.02.23-01.37.31:317][354]LogInit: XAudio2 using 'Speakers (Sound BlasterX AE-5)' : 6 channels at 48 kHz using 32 bits per sample (channel mask 0x3f)
[2019.02.23-01.37.31:331][354]LogInit: FAudioDevice initialized.
[2019.02.23-01.37.31:362][354]LogLoad: Game class is 'Test_Terminus_22XXGameModeBase_C'
[2019.02.23-01.37.31:364][354]LogWorld: Bringing World /Game/Levels/UEDPIE_0_Test_Level.Test_Level up for play (max tick rate 0) at 2019.02.22-20.37.31
[2019.02.23-01.37.31:364][354]LogWorld: Bringing up level for play took: 0.001608
[2019.02.23-01.37.31:378][354]PIE: Play in editor start time for /Game/Levels/UEDPIE_0_Test_Level 0.494
[2019.02.23-01.37.35:809][880]LogSlate: Updating window title bar state: overlay mode, drag disabled, window buttons hidden, title bar hidden
[2019.02.23-01.37.35:845][880]LogPlayLevel: Display: Shutting down PIE online subsystems
[2019.02.23-01.37.35:864][880]LogSlate: Updating window title bar state: overlay mode, drag disabled, window buttons hidden, title bar hidden
[2019.02.23-01.37.35:911][885]LogPlayLevel: Display: Destroying online subsystem :Context_9
[2019.02.23-01.37.37:223][ 41]Cmd: SELECT NONE
[2019.02.23-01.37.37:914][ 80]LogSlate: FSceneViewport::OnFocusLost() reason 0
[2019.02.23-01.37.37:989][ 89]LogTemp: Repeating last play command: Selected Viewport
[2019.02.23-01.37.38:007][ 89]LogPlayLevel: PlayLevel: No blueprints needed recompiling
[2019.02.23-01.37.38:007][ 89]PIE: New page: PIE session: Test_Level (Feb 22, 2019, 3:37:38 PM)
[2019.02.23-01.37.38:007][ 89]LogPlayLevel: Creating play world package: /Game/Levels/UEDPIE_0_Test_Level
[2019.02.23-01.37.38:019][ 89]LogPlayLevel: PIE: StaticDuplicateObject took: (0.011847s)
[2019.02.23-01.37.38:020][ 89]LogAIModule: Creating AISystem for world Test_Level
[2019.02.23-01.37.38:020][ 89]LogPlayLevel: PIE: World Init took: (0.000646s)
[2019.02.23-01.37.38:020][ 89]LogPlayLevel: PIE: Created PIE world by copying editor world from /Game/Levels/Test_Level.Test_Level to /Game/Levels/UEDPIE_0_Test_Level.Test_Level (0.012767s)
[2019.02.23-01.37.38:060][ 89]LogInit: XAudio2 using 'Speakers (Sound BlasterX AE-5)' : 6 channels at 48 kHz using 32 bits per sample (channel mask 0x3f)
[2019.02.23-01.37.38:074][ 89]LogInit: FAudioDevice initialized.
[2019.02.23-01.37.38:108][ 89]LogLoad: Game class is 'Test_Terminus_22XXGameModeBase_C'
[2019.02.23-01.37.38:110][ 89]LogWorld: Bringing World /Game/Levels/UEDPIE_0_Test_Level.Test_Level up for play (max tick rate 0) at 2019.02.22-20.37.38
[2019.02.23-01.37.38:110][ 89]LogWorld: Bringing up level for play took: 0.001563
[2019.02.23-01.37.38:124][ 89]PIE: Play in editor start time for /Game/Levels/UEDPIE_0_Test_Level -0.761
[2019.02.23-01.37.42:134][566]LogSlate: Updating window title bar state: overlay mode, drag disabled, window buttons hidden, title bar hidden
[2019.02.23-01.37.42:171][566]LogPlayLevel: Display: Shutting down PIE online subsystems
[2019.02.23-01.37.42:190][566]LogSlate: Updating window title bar state: overlay mode, drag disabled, window buttons hidden, title bar hidden
[2019.02.23-01.37.42:236][571]LogPlayLevel: Display: Destroying online subsystem :Context_10
[2019.02.23-01.38.03:500][905]LogSlate: FSceneViewport::OnFocusLost() reason 0
[2019.02.23-01.38.03:799][905]LogTemp: Repeating last play command: Selected Viewport
[2019.02.23-01.38.03:818][905]LogPlayLevel: PlayLevel: No blueprints needed recompiling
[2019.02.23-01.38.03:818][905]PIE: New page: PIE session: Test_Level (Feb 22, 2019, 3:38:03 PM)
[2019.02.23-01.38.03:818][905]LogPlayLevel: Creating play world package: /Game/Levels/UEDPIE_0_Test_Level
[2019.02.23-01.38.03:831][905]LogPlayLevel: PIE: StaticDuplicateObject took: (0.012390s)
[2019.02.23-01.38.03:831][905]LogAIModule: Creating AISystem for world Test_Level
[2019.02.23-01.38.03:832][905]LogPlayLevel: PIE: World Init took: (0.000933s)
[2019.02.23-01.38.03:832][905]LogPlayLevel: PIE: Created PIE world by copying editor world from /Game/Levels/Test_Level.Test_Level to /Game/Levels/UEDPIE_0_Test_Level.Test_Level (0.013678s)
[2019.02.23-01.38.03:874][905]LogInit: XAudio2 using 'Speakers (Sound BlasterX AE-5)' : 6 channels at 48 kHz using 32 bits per sample (channel mask 0x3f)
[2019.02.23-01.38.03:890][905]LogInit: FAudioDevice initialized.
[2019.02.23-01.38.03:923][905]LogLoad: Game class is 'Test_Terminus_22XXGameModeBase_C'
[2019.02.23-01.38.03:924][905]LogWorld: Bringing World /Game/Levels/UEDPIE_0_Test_Level.Test_Level up for play (max tick rate 0) at 2019.02.22-20.38.03
[2019.02.23-01.38.03:925][905]LogWorld: Bringing up level for play took: 0.001363
[2019.02.23-01.38.03:939][905]PIE: Play in editor start time for /Game/Levels/UEDPIE_0_Test_Level 1.054
[2019.02.23-01.38.08:712][476]LogSlate: Updating window title bar state: overlay mode, drag disabled, window buttons hidden, title bar hidden
[2019.02.23-01.38.08:743][476]LogPlayLevel: Display: Shutting down PIE online subsystems
[2019.02.23-01.38.08:762][476]LogSlate: Updating window title bar state: overlay mode, drag disabled, window buttons hidden, title bar hidden
[2019.02.23-01.38.08:818][482]LogPlayLevel: Display: Destroying online subsystem :Context_11
[2019.02.23-01.38.26:902][134]LogSlate: FSceneViewport::OnFocusLost() reason 0
[2019.02.23-01.38.27:411][184]LogTemp: Repeating last play command: Selected Viewport
[2019.02.23-01.38.27:431][184]LogPlayLevel: PlayLevel: No blueprints needed recompiling
[2019.02.23-01.38.27:431][184]PIE: New page: PIE session: Test_Level (Feb 22, 2019, 3:38:27 PM)
[2019.02.23-01.38.27:431][184]LogPlayLevel: Creating play world package: /Game/Levels/UEDPIE_0_Test_Level
[2019.02.23-01.38.27:442][184]LogPlayLevel: PIE: StaticDuplicateObject took: (0.011633s)
[2019.02.23-01.38.27:442][184]LogAIModule: Creating AISystem for world Test_Level
[2019.02.23-01.38.27:443][184]LogPlayLevel: PIE: World Init took: (0.000788s)
[2019.02.23-01.38.27:443][184]LogPlayLevel: PIE: Created PIE world by copying editor world from /Game/Levels/Test_Level.Test_Level to /Game/Levels/UEDPIE_0_Test_Level.Test_Level (0.012786s)
[2019.02.23-01.38.27:487][184]LogInit: XAudio2 using 'Speakers (Sound BlasterX AE-5)' : 6 channels at 48 kHz using 32 bits per sample (channel mask 0x3f)
[2019.02.23-01.38.27:501][184]LogInit: FAudioDevice initialized.
[2019.02.23-01.38.27:534][184]LogLoad: Game class is 'Test_Terminus_22XXGameModeBase_C'
[2019.02.23-01.38.27:535][184]LogWorld: Bringing World /Game/Levels/UEDPIE_0_Test_Level.Test_Level up for play (max tick rate 0) at 2019.02.22-20.38.27
[2019.02.23-01.38.27:536][184]LogWorld: Bringing up level for play took: 0.001404
[2019.02.23-01.38.27:550][184]PIE: Play in editor start time for /Game/Levels/UEDPIE_0_Test_Level 0.665
[2019.02.23-01.38.40:366][379]LogSlate: FSceneViewport::OnFocusLost() reason 0
[2019.02.23-01.38.40:442][388]LogSlate: Updating window title bar state: overlay mode, drag disabled, window buttons hidden, title bar hidden
[2019.02.23-01.38.40:479][388]LogPlayLevel: Display: Shutting down PIE online subsystems
[2019.02.23-01.38.40:498][388]LogSlate: Updating window title bar state: overlay mode, drag disabled, window buttons hidden, title bar hidden
[2019.02.23-01.38.40:543][393]LogPlayLevel: Display: Destroying online subsystem :Context_12
[2019.02.23-01.38.47:184][121]LogEditorViewport: Clicking on Actor (LMB): Brush (Box Brush5)
[2019.02.23-01.38.49:552][390]LogSlate: FSceneViewport::OnFocusLost() reason 0
[2019.02.23-01.39.00:697][642]LogEditorActor: Deleted Actor: ShieldGenerator
[2019.02.23-01.39.00:717][642]LogEditorActor: Deleted 1 Actors (0.110 secs)
[2019.02.23-01.39.02:588][863]LogSlate: Took 0.000207 seconds to synchronously load lazily loaded font '../../../Engine/Content/Slate/Fonts/Roboto-Light.ttf' (167K)
[2019.02.23-01.39.02:624][863]LogSlate: Took 0.000179 seconds to synchronously load lazily loaded font '../../../Engine/Content/Slate/Fonts/Roboto-BoldCondensed.ttf' (158K)
[2019.02.23-01.39.08:470][562]LogAssetEditorManager: Opening Asset editor for Blueprint /Game/Blueprints/ProgrammingBlueprints/TestShieldGenerator.TestShieldGenerator
[2019.02.23-01.39.08:858][562]LogContentBrowser: Native class hierarchy updated for 'BlueprintGraph' in 0.0007 seconds. Added 116 classes and 0 folders.
[2019.02.23-01.39.09:441][562]LogSlate: Window 'Add Blueprint Class' being destroyed
[2019.02.23-01.39.09:523][562]LogRenderer: Reallocating scene render targets to support 1208x712 Format 10 NumSamples 1 (Frame:1).
[2019.02.23-01.39.11:834][832]LogSlate: Took 0.000233 seconds to synchronously load lazily loaded font '../../../Engine/Content/Slate/Fonts/Roboto-Italic.ttf' (157K)
[2019.02.23-01.39.48:656][130]BlueprintLog: New page: Compile TestShieldGenerator
[2019.02.23-01.39.48:814][130]LogSavePackage: Moving '../../../../../../Renzy/Documents/Algonquin/Term 4/GAM1528 - High Level Development 2/Assignments/GOOB-master/Saved/TestShieldGenerator011897CB4779631FA75E90ADB5B57742.tmp' to '../../../../../../Renzy/Documents/Algonquin/Term 4/GAM1528 - High Level Development 2/Assignments/GOOB-master/Content/Blueprints/ProgrammingBlueprints/TestShieldGenerator.uasset'
[2019.02.23-01.39.53:803][670]LogSlate: FSceneViewport::OnFocusLost() reason 0
[2019.02.23-01.39.53:878][679]LogTemp: Repeating last play command: Selected Viewport
[2019.02.23-01.39.53:897][679]LogPlayLevel: PlayLevel: No blueprints needed recompiling
[2019.02.23-01.39.53:897][679]PIE: New page: PIE session: Test_Level (Feb 22, 2019, 3:39:53 PM)
[2019.02.23-01.39.53:897][679]LogPlayLevel: Creating play world package: /Game/Levels/UEDPIE_0_Test_Level
[2019.02.23-01.39.53:910][679]LogPlayLevel: PIE: StaticDuplicateObject took: (0.012748s)
[2019.02.23-01.39.53:910][679]LogAIModule: Creating AISystem for world Test_Level
[2019.02.23-01.39.53:911][679]LogPlayLevel: PIE: World Init took: (0.000832s)
[2019.02.23-01.39.53:911][679]LogPlayLevel: PIE: Created PIE world by copying editor world from /Game/Levels/Test_Level.Test_Level to /Game/Levels/UEDPIE_0_Test_Level.Test_Level (0.013867s)
[2019.02.23-01.39.53:954][679]LogInit: XAudio2 using 'Speakers (Sound BlasterX AE-5)' : 6 channels at 48 kHz using 32 bits per sample (channel mask 0x3f)
[2019.02.23-01.39.53:968][679]LogInit: FAudioDevice initialized.
[2019.02.23-01.39.54:003][679]LogLoad: Game class is 'Test_Terminus_22XXGameModeBase_C'
[2019.02.23-01.39.54:005][679]LogWorld: Bringing World /Game/Levels/UEDPIE_0_Test_Level.Test_Level up for play (max tick rate 0) at 2019.02.22-20.39.54
[2019.02.23-01.39.54:005][679]LogWorld: Bringing up level for play took: 0.001484
[2019.02.23-01.39.54:019][679]PIE: Play in editor start time for /Game/Levels/UEDPIE_0_Test_Level -0.866
[2019.02.23-01.40.04:727][961]LogSlate: Updating window title bar state: overlay mode, drag disabled, window buttons hidden, title bar hidden
[2019.02.23-01.40.04:764][961]LogPlayLevel: Display: Shutting down PIE online subsystems
[2019.02.23-01.40.04:789][961]LogSlate: Updating window title bar state: overlay mode, drag disabled, window buttons hidden, title bar hidden
[2019.02.23-01.40.04:830][963]LogPlayLevel: Display: Destroying online subsystem :Context_17
[2019.02.23-01.40.09:828][347]LogSlate: FSceneViewport::OnFocusLost() reason 2
[2019.02.23-01.40.10:878][461]LogSlate: FSceneViewport::OnFocusLost() reason 2
[2019.02.23-01.40.11:821][571]LogTemp: Repeating last play command: Selected Viewport
[2019.02.23-01.40.11:839][571]LogPlayLevel: PlayLevel: No blueprints needed recompiling
[2019.02.23-01.40.11:840][571]PIE: New page: PIE session: Test_Level (Feb 22, 2019, 3:40:11 PM)
[2019.02.23-01.40.11:840][571]LogPlayLevel: Creating play world package: /Game/Levels/UEDPIE_0_Test_Level
[2019.02.23-01.40.11:852][571]LogPlayLevel: PIE: StaticDuplicateObject took: (0.011624s)
[2019.02.23-01.40.11:852][571]LogAIModule: Creating AISystem for world Test_Level
[2019.02.23-01.40.11:852][571]LogPlayLevel: PIE: World Init took: (0.000750s)
[2019.02.23-01.40.11:853][571]LogPlayLevel: PIE: Created PIE world by copying editor world from /Game/Levels/Test_Level.Test_Level to /Game/Levels/UEDPIE_0_Test_Level.Test_Level (0.013101s)
[2019.02.23-01.40.11:899][571]LogInit: XAudio2 using 'Speakers (Sound BlasterX AE-5)' : 6 channels at 48 kHz using 32 bits per sample (channel mask 0x3f)
[2019.02.23-01.40.11:914][571]LogInit: FAudioDevice initialized.
[2019.02.23-01.40.11:948][571]LogLoad: Game class is 'Test_Terminus_22XXGameModeBase_C'
[2019.02.23-01.40.11:949][571]LogWorld: Bringing World /Game/Levels/UEDPIE_0_Test_Level.Test_Level up for play (max tick rate 0) at 2019.02.22-20.40.11
[2019.02.23-01.40.11:950][571]LogWorld: Bringing up level for play took: 0.001530
[2019.02.23-01.40.11:964][571]PIE: Play in editor start time for /Game/Levels/UEDPIE_0_Test_Level 1.079
