Log file open, 02/20/19 09:18:19
LogWindows: Failed to load 'aqProf.dll' (GetLastError=126)
LogWindows: File 'aqProf.dll' does not exist
LogWindows: Failed to load 'VSPerf140.dll' (GetLastError=126)
LogWindows: File 'VSPerf140.dll' does not exist
LogWindows: Failed to load 'VtuneApi.dll' (GetLastError=126)
LogWindows: File 'VtuneApi.dll' does not exist
LogWindows: Failed to load 'VtuneApi32e.dll' (GetLastError=126)
LogWindows: File 'VtuneApi32e.dll' does not exist
LogInit: Display: Running engine for game: Terminus_22XX
LogPlatformFile: Not using cached read wrapper
LogTaskGraph: Started task graph with 5 named threads and 14 total threads with 3 sets of task threads.
LogStats: Stats thread started at 0.300504
LogD3D11RHI: Loaded GFSDK_Aftermath_Lib.x64.dll
LogICUInternationalization: Display: ICU TimeZone Detection - Raw Offset: -5:00, Platform Override: ''
LogPluginManager: Mounting plugin Paper2D
LogPluginManager: Mounting plugin AISupport
LogPluginManager: Mounting plugin LightPropagationVolume
LogPluginManager: Mounting plugin CLionSourceCodeAccess
LogPluginManager: Mounting plugin CodeLiteSourceCodeAccess
LogPluginManager: Mounting plugin GitSourceControl
LogPluginManager: Mounting plugin KDevelopSourceCodeAccess
LogPluginManager: Mounting plugin NullSourceCodeAccess
LogPluginManager: Mounting plugin PerforceSourceControl
LogPluginManager: Mounting plugin SubversionSourceControl
LogPluginManager: Mounting plugin UObjectPlugin
LogPluginManager: Mounting plugin VisualStudioCodeSourceCodeAccess
LogPluginManager: Mounting plugin VisualStudioSourceCodeAccess
LogPluginManager: Mounting plugin XCodeSourceCodeAccess
LogPluginManager: Mounting plugin AssetManagerEditor
LogPluginManager: Mounting plugin CryptoKeys
LogPluginManager: Mounting plugin DataValidation
LogPluginManager: Mounting plugin FacialAnimation
LogPluginManager: Mounting plugin GameplayTagsEditor
LogPluginManager: Mounting plugin MacGraphicsSwitching
LogPluginManager: Mounting plugin MeshEditor
LogPluginManager: Mounting plugin MobileLauncherProfileWizard
LogPluginManager: Mounting plugin PluginBrowser
LogPluginManager: Mounting plugin SpeedTreeImporter
LogPluginManager: Mounting plugin DatasmithContent
LogPluginManager: Mounting plugin AlembicImporter
LogPluginManager: Mounting plugin AppleImageUtils
LogPluginManager: Mounting plugin AppleVision
LogPluginManager: Mounting plugin BackChannel
LogPluginManager: Mounting plugin CharacterAI
LogPluginManager: Mounting plugin GeometryCache
LogPluginManager: Mounting plugin HTML5Networking
LogPluginManager: Mounting plugin ProxyLODPlugin
LogPluginManager: Mounting plugin MagicLeap
LogPluginManager: Mounting plugin MagicLeapEmulator
LogPluginManager: Mounting plugin MagicLeapMedia
LogPluginManager: Mounting plugin AndroidMedia
LogPluginManager: Mounting plugin AvfMedia
LogPluginManager: Mounting plugin ImgMedia
LogPluginManager: Mounting plugin LinearTimecode
LogPluginManager: Mounting plugin MediaCompositing
LogPluginManager: Mounting plugin MediaPlayerEditor
LogPluginManager: Mounting plugin WmfMedia
LogPluginManager: Mounting plugin TcpMessaging
LogPluginManager: Mounting plugin UdpMessaging
LogPluginManager: Mounting plugin ActorSequence
LogPluginManager: Mounting plugin LevelSequenceEditor
LogPluginManager: Mounting plugin MatineeToLevelSequence
LogPluginManager: Mounting plugin NetcodeUnitTest
LogPluginManager: Mounting plugin NUTUnrealEngine4
LogPluginManager: Mounting plugin OnlineSubsystemGooglePlay
LogPluginManager: Mounting plugin OnlineSubsystemIOS
LogPluginManager: Mounting plugin OnlineSubsystem
LogPluginManager: Mounting plugin OnlineSubsystemNull
LogPluginManager: Mounting plugin OnlineSubsystemUtils
LogPluginManager: Mounting plugin LauncherChunkInstaller
LogPluginManager: Mounting plugin AndroidDeviceProfileSelector
LogPluginManager: Mounting plugin AndroidMoviePlayer
LogPluginManager: Mounting plugin AndroidPermission
LogPluginManager: Mounting plugin AppleMoviePlayer
LogPluginManager: Mounting plugin ArchVisCharacter
LogPluginManager: Mounting plugin AudioCapture
LogPluginManager: Mounting plugin CableComponent
LogPluginManager: Mounting plugin CustomMeshComponent
LogPluginManager: Mounting plugin EditableMesh
LogPluginManager: Mounting plugin ExampleDeviceProfileSelector
LogPluginManager: Mounting plugin GoogleCloudMessaging
LogPluginManager: Mounting plugin ImmediatePhysics
LogPluginManager: Mounting plugin IOSDeviceProfileSelector
LogPluginManager: Mounting plugin LinuxDeviceProfileSelector
LogPluginManager: Mounting plugin LocationServicesBPLibrary
LogPluginManager: Mounting plugin MobilePatchingUtils
LogPluginManager: Mounting plugin OculusVR
LogPluginManager: Plugin shader directory ../../../Engine/Plugins/Runtime/Oculus/OculusVR/Shaders found
LogPluginManager: Mapping shader source directory ../../../Engine/Plugins/Runtime/Oculus/OculusVR/Shaders to virtual directory /Plugin/OculusVR
LogPluginManager: Mounting plugin PhysXVehicles
LogPluginManager: Mounting plugin ProceduralMeshComponent
LogPluginManager: Mounting plugin RuntimePhysXCooking
LogPluginManager: Mounting plugin SteamVR
LogPluginManager: Mounting plugin WindowsMoviePlayer
LogStreaming: Display: Took  0.187s to configure plugins.
LogInit: Using libcurl 7.55.1-DEV
LogInit:  - built for x86_64-pc-win32
LogInit:  - supports SSL with OpenSSL/1.0.2h
LogInit:  - supports HTTP deflate (compression) using libz 1.2.8
LogInit:  - other features:
LogInit:      CURL_VERSION_SSL
LogInit:      CURL_VERSION_LIBZ
LogInit:      CURL_VERSION_IPV6
LogInit:      CURL_VERSION_ASYNCHDNS
LogInit:      CURL_VERSION_LARGEFILE
LogInit:      CURL_VERSION_IDN
LogInit:  CurlRequestOptions (configurable via config and command line):
LogInit:  - bVerifyPeer = false  - Libcurl will NOT verify peer certificate
LogInit:  - bUseHttpProxy = false  - Libcurl will NOT use HTTP proxy
LogInit:  - bDontReuseConnections = false  - Libcurl will reuse connections
LogInit:  - CertBundlePath = nullptr  - Libcurl will use whatever was configured at build time.
LogInit:  - MaxHostConnections = 16  - Libcurl will limit the number of connections to a host
LogInit:  - LocalHostAddr = Default
LogInit:  - BufferSize = 65536
LogInit: WinSock: version 1.1 (2.2), MaxSocks=32767, MaxUdp=65467
LogInit: Build: ++UE4+Release-4.20-CL-4369336
LogInit: Engine Version: 4.20.3-4369336+++UE4+Release-4.20
LogInit: Compatible Engine Version: 4.20.0-4212847+++UE4+Release-4.20
LogInit: Net CL: 4212847
LogInit: OS: Windows 10 (), CPU: Intel(R) Core(TM) i5-6600K CPU @ 3.50GHz, GPU: NVIDIA GeForce GTX 1060 6GB
LogInit: Compiled (64-bit): Sep 17 2018 12:26:19
LogInit: Compiled with Visual C++: 19.13.26129.00
LogInit: Build Configuration: Development
LogInit: Branch Name: ++UE4+Release-4.20
LogInit: Command Line:  -skipcompile
LogInit: Base Directory: F:/Program Files (x86)/Epic Games/UE_4.20/Engine/Binaries/Win64/
LogInit: Installed Engine Build: 1
LogDevObjectVersion: Number of dev versions registered: 20
LogDevObjectVersion:   Dev-Blueprints (B0D832E4-1F89-4F0D-ACCF-7EB736FD4AA2): 10
LogDevObjectVersion:   Dev-Build (E1C64328-A22C-4D53-A36C-8E866417BD8C): 0
LogDevObjectVersion:   Dev-Core (375EC13C-06E4-48FB-B500-84F0262A717E): 2
LogDevObjectVersion:   Dev-Editor (E4B068ED-F494-42E9-A231-DA0B2E46BB41): 24
LogDevObjectVersion:   Dev-Framework (CFFC743F-43B0-4480-9391-14DF171D2073): 34
LogDevObjectVersion:   Dev-Mobile (B02B49B5-BB20-44E9-A304-32B752E40360): 2
LogDevObjectVersion:   Dev-Networking (A4E4105C-59A1-49B5-A7C5-40C4547EDFEE): 0
LogDevObjectVersion:   Dev-Online (39C831C9-5AE6-47DC-9A44-9C173E1C8E7C): 0
LogDevObjectVersion:   Dev-Physics (78F01B33-EBEA-4F98-B9B4-84EACCB95AA2): 0
LogDevObjectVersion:   Dev-Platform (6631380F-2D4D-43E0-8009-CF276956A95A): 0
LogDevObjectVersion:   Dev-Rendering (12F88B9F-8875-4AFC-A67C-D90C383ABD29): 26
LogDevObjectVersion:   Dev-Sequencer (7B5AE74C-D270-4C10-A958-57980B212A5A): 9
LogDevObjectVersion:   Dev-VR (D7296918-1DD6-4BDD-9DE2-64A83CC13884): 2
LogDevObjectVersion:   Dev-LoadTimes (C2A15278-BFE7-4AFE-6C17-90FF531DF755): 1
LogDevObjectVersion:   Private-Geometry (6EACA3D4-40EC-4CC1-B786-8BED09428FC5): 3
LogDevObjectVersion:   Dev-AnimPhys (29E575DD-E0A3-4627-9D10-D276232CDCEA): 17
LogDevObjectVersion:   Dev-ReflectionCapture (6B266CEC-1EC7-4B8F-A30B-E4D90942FC07): 1
LogDevObjectVersion:   Dev-Automation (0DF73D61-A23F-47EA-B727-89E90C41499A): 1
LogDevObjectVersion:   FortniteMain (601D1886-AC64-4F84-AA16-D3DE0DEAC7D6): 12
LogDevObjectVersion:   Dev-Enterprise (9DFFBCD6-494F-0158-E221-12823C92A888): 1
LogStreaming: Display: Took  0.002s to delete old logs.
LogInit: Presizing for max 8388607 objects, including 0 objects not considered by GC, pre-allocating 0 bytes for permanent pool.
LogInit: Object subsystem initialized
[2019.02.20-14.18.19:848][  0]LogInit: Selected Device Profile: [Windows]
[2019.02.20-14.18.19:848][  0]LogInit: Applying CVar settings loaded from the selected device profile: [Windows]
[2019.02.20-14.18.19:861][  0]LogHAL: Display: Platform has ~ 16 GB [17136545792 / 17179869184 / 16], which maps to Larger [LargestMinGB=32, LargerMinGB=12, DefaultMinGB=8, SmallerMinGB=6, SmallestMinGB=0)
[2019.02.20-14.18.19:861][  0]LogInit: Setting Device Profile CVar: [[r.Vulkan.UseRealUBs:1]]
[2019.02.20-14.18.19:861][  0]LogInit: Going up to parent DeviceProfile []
[2019.02.20-14.18.19:862][  0]LogInit: Computer: RENZY-GAMING
[2019.02.20-14.18.19:862][  0]LogInit: User: Renzy
[2019.02.20-14.18.19:862][  0]LogInit: CPU Page size=4096, Cores=4
[2019.02.20-14.18.19:862][  0]LogInit: High frequency timer resolution =3.421875 MHz
[2019.02.20-14.18.19:863][  0]LogMemory: Memory total: Physical=16.0GB (16GB approx)
[2019.02.20-14.18.19:863][  0]LogMemory: Platform Memory Stats for Windows
[2019.02.20-14.18.19:864][  0]LogMemory: Process Physical Memory: 101.36 MB used, 101.36 MB peak
[2019.02.20-14.18.19:864][  0]LogMemory: Process Virtual Memory: 84.37 MB used, 84.37 MB peak
[2019.02.20-14.18.19:864][  0]LogMemory: Physical Memory: 7579.96 MB used,  8762.72 MB free, 16342.68 MB total
[2019.02.20-14.18.19:865][  0]LogMemory: Virtual Memory: 4625.35 MB used,  8762.72 MB free, 134217728.00 MB total
[2019.02.20-14.18.20:610][  0]LogInit: Using OS detected language (en-US).
[2019.02.20-14.18.20:610][  0]LogInit: Using OS detected locale (en-CA).
[2019.02.20-14.18.20:611][  0]LogTextLocalizationManager: No specific localization for 'en-US' exists, so the 'en' localization will be used.
[2019.02.20-14.18.20:925][  0]LogStreaming: Display: Took  0.315s to InitEngineTextLocalization.
[2019.02.20-14.18.20:925][  0]LogInit: Setting process to per monitor DPI aware
[2019.02.20-14.18.21:021][  0]LogSlate: New Slate User Created.  User Index 0, Is Virtual User: 0
[2019.02.20-14.18.21:021][  0]LogSlate: Slate User Registered.  User Index 0, Is Virtual User: 0
[2019.02.20-14.18.21:282][  0]LogHMD: Failed to initialize OpenVR with code 110
[2019.02.20-14.18.21:282][  0]LogD3D11RHI: D3D11 adapters:
[2019.02.20-14.18.21:357][  0]LogD3D11RHI:    0. 'NVIDIA GeForce GTX 1060 6GB' (Feature Level 11_0)
[2019.02.20-14.18.21:358][  0]LogD3D11RHI:       6052/0/8171 MB DedicatedVideo/DedicatedSystem/SharedSystem, Outputs:2, VendorId:0x10de
[2019.02.20-14.18.21:371][  0]LogD3D11RHI:    1. 'Microsoft Basic Render Driver' (Feature Level 11_0)
[2019.02.20-14.18.21:371][  0]LogD3D11RHI:       0/0/8171 MB DedicatedVideo/DedicatedSystem/SharedSystem, Outputs:0, VendorId:0x1414
[2019.02.20-14.18.21:371][  0]LogD3D11RHI: Chosen D3D11 Adapter: 0
[2019.02.20-14.18.21:377][  0]LogD3D11RHI: Creating new Direct3DDevice
[2019.02.20-14.18.21:377][  0]LogD3D11RHI:     GPU DeviceId: 0x1c03 (for the marketing name, search the web for "GPU Device Id")
[2019.02.20-14.18.21:377][  0]LogWindows: EnumDisplayDevices:
[2019.02.20-14.18.21:377][  0]LogWindows:    0. 'NVIDIA GeForce GTX 1060 6GB' (P:1 D:1)
[2019.02.20-14.18.21:377][  0]LogWindows:    1. 'NVIDIA GeForce GTX 1060 6GB' (P:0 D:1)
[2019.02.20-14.18.21:377][  0]LogWindows:    2. 'NVIDIA GeForce GTX 1060 6GB' (P:0 D:0)
[2019.02.20-14.18.21:378][  0]LogWindows:    3. 'NVIDIA GeForce GTX 1060 6GB' (P:0 D:0)
[2019.02.20-14.18.21:378][  0]LogWindows: DebugString: FoundDriverCount:4 
[2019.02.20-14.18.21:378][  0]LogD3D11RHI:     Adapter Name: NVIDIA GeForce GTX 1060 6GB
[2019.02.20-14.18.21:378][  0]LogD3D11RHI:   Driver Version: 418.81 (internal:25.21.14.1881, unified:418.81)
[2019.02.20-14.18.21:378][  0]LogD3D11RHI:      Driver Date: 1-30-2019
[2019.02.20-14.18.21:378][  0]LogRHI: Texture pool is 4236 MB (70% of 6052 MB)
[2019.02.20-14.18.21:414][  0]LogD3D11RHI: Async texture creation enabled
[2019.02.20-14.18.21:436][  0]LogD3D11RHI: GPU Timing Frequency: 1000.000000 (Debug: 2 1)
[2019.02.20-14.18.21:527][  0]LogShaderCompilers: Guid format shader working directory is -64 characters bigger than the processId version (../../../../../../Renzy/Documents/Algonquin/Term 4/GAM1528 - High Level Development 2/Assignments/GOOB-master/Intermediate/Shaders/WorkingDirectory/13424/).
[2019.02.20-14.18.21:527][  0]LogShaderCompilers: Cleaned the shader compiler working directory 'C:/Users/Renzy/AppData/Local/Temp/UnrealShaderWorkingDir/5D4B3EBB47891843BC0DF399846BEA33/'.
[2019.02.20-14.18.21:783][  0]LogTemp: Display: Loaded TP AllDesktopTargetPlatform
[2019.02.20-14.18.21:796][  0]LogTemp: Display: Loaded TP MacClientTargetPlatform
[2019.02.20-14.18.21:809][  0]LogTemp: Display: Loaded TP MacNoEditorTargetPlatform
[2019.02.20-14.18.21:821][  0]LogTemp: Display: Loaded TP MacServerTargetPlatform
[2019.02.20-14.18.21:837][  0]LogTemp: Display: Loaded TP MacTargetPlatform
[2019.02.20-14.18.21:849][  0]LogTemp: Display: Loaded TP WindowsClientTargetPlatform
[2019.02.20-14.18.21:862][  0]LogTemp: Display: Loaded TP WindowsNoEditorTargetPlatform
[2019.02.20-14.18.21:878][  0]LogTemp: Display: Loaded TP WindowsServerTargetPlatform
[2019.02.20-14.18.21:888][  0]LogTemp: Display: Loaded TP WindowsTargetPlatform
[2019.02.20-14.18.21:952][  0]LogTemp: Display: Loaded TP AndroidTargetPlatform
[2019.02.20-14.18.21:952][  0]LogTemp: Display: Loaded TP AndroidTargetPlatform
[2019.02.20-14.18.21:952][  0]LogTemp: Display: Loaded TP AndroidTargetPlatform
[2019.02.20-14.18.21:952][  0]LogTemp: Display: Loaded TP AndroidTargetPlatform
[2019.02.20-14.18.21:952][  0]LogTemp: Display: Loaded TP AndroidTargetPlatform
[2019.02.20-14.18.21:952][  0]LogTemp: Display: Loaded TP AndroidTargetPlatform
[2019.02.20-14.18.21:952][  0]LogTemp: Display: Loaded TP AndroidTargetPlatform
[2019.02.20-14.18.21:952][  0]LogTemp: Display: Loaded TP AndroidTargetPlatform
[2019.02.20-14.18.21:952][  0]LogTemp: Display: Loaded TP AndroidTargetPlatform
[2019.02.20-14.18.21:952][  0]LogTemp: Display: Loaded TP AndroidTargetPlatform
[2019.02.20-14.18.21:952][  0]LogTemp: Display: Loaded TP AndroidTargetPlatform
[2019.02.20-14.18.21:952][  0]LogTemp: Display: Loaded TP AndroidTargetPlatform
[2019.02.20-14.18.21:952][  0]LogTemp: Display: Loaded TP AndroidTargetPlatform
[2019.02.20-14.18.21:952][  0]LogTemp: Display: Loaded TP AndroidTargetPlatform
[2019.02.20-14.18.21:952][  0]LogTemp: Display: Loaded TP AndroidTargetPlatform
[2019.02.20-14.18.21:952][  0]LogTemp: Display: Loaded TP AndroidTargetPlatform
[2019.02.20-14.18.21:952][  0]LogTemp: Display: Loaded TP AndroidTargetPlatform
[2019.02.20-14.18.21:952][  0]LogTemp: Display: Loaded TP AndroidTargetPlatform
[2019.02.20-14.18.21:955][  0]LogTemp: Display: Loaded TP HTML5TargetPlatform
[2019.02.20-14.18.22:021][  0]LogTemp: Display: Loaded TP IOSTargetPlatform
[2019.02.20-14.18.22:021][  0]LogTemp: Display: Loaded TP IOSTargetPlatform
[2019.02.20-14.18.22:043][  0]LogTemp: Display: Loaded TP TVOSTargetPlatform
[2019.02.20-14.18.22:043][  0]LogTemp: Display: Loaded TP TVOSTargetPlatform
[2019.02.20-14.18.22:055][  0]LogTemp: Display: Loaded TP LinuxClientTargetPlatform
[2019.02.20-14.18.22:069][  0]LogTemp: Display: Loaded TP LinuxNoEditorTargetPlatform
[2019.02.20-14.18.22:081][  0]LogTemp: Display: Loaded TP LinuxServerTargetPlatform
[2019.02.20-14.18.22:095][  0]LogTemp: Display: Loaded TP LinuxTargetPlatform
[2019.02.20-14.18.22:104][  0]LogTemp: Display: Loaded TP LuminTargetPlatform
[2019.02.20-14.18.22:104][  0]LogTargetPlatformManager: Display: Building Assets For Windows
[2019.02.20-14.18.22:212][  0]LogXGEController: Cleaning working directory: C:/Users/Renzy/AppData/Local/Temp/UnrealXGEWorkingDir/
[2019.02.20-14.18.22:212][  0]LogXGEController: Cannot use XGE Controller as Incredibuild is not installed on this machine.
[2019.02.20-14.18.22:213][  0]LogShaderCompilers: Cannot use XGE Shader Compiler as Incredibuild is not installed on this machine.
[2019.02.20-14.18.22:213][  0]LogShaderCompilers: Display: Using Local Shader Compiler.
[2019.02.20-14.18.22:762][  0]LogDerivedDataCache: Display: Max Cache Size: 512 MB
[2019.02.20-14.18.22:814][  0]LogDerivedDataCache: Loaded boot cache 0.05s 71MB C:/Users/Renzy/AppData/Local/UnrealEngine/4.20/DerivedDataCache/Boot.ddc.
[2019.02.20-14.18.22:814][  0]LogDerivedDataCache: Display: Loaded Boot cache: C:/Users/Renzy/AppData/Local/UnrealEngine/4.20/DerivedDataCache/Boot.ddc
[2019.02.20-14.18.22:814][  0]LogDerivedDataCache: FDerivedDataBackendGraph:  Pak pak cache file ../../../../../../Renzy/Documents/Algonquin/Term 4/GAM1528 - High Level Development 2/Assignments/GOOB-master/DerivedDataCache/DDC.ddp not found, will not use a pak cache.
[2019.02.20-14.18.22:814][  0]LogDerivedDataCache: Unable to find inner node Pak for hierarchical cache Hierarchy.
[2019.02.20-14.18.22:814][  0]LogDerivedDataCache: FDerivedDataBackendGraph:  CompressedPak pak cache file ../../../../../../Renzy/Documents/Algonquin/Term 4/GAM1528 - High Level Development 2/Assignments/GOOB-master/DerivedDataCache/Compressed.ddp not found, will not use a pak cache.
[2019.02.20-14.18.22:815][  0]LogDerivedDataCache: Unable to find inner node CompressedPak for hierarchical cache Hierarchy.
[2019.02.20-14.18.22:825][  0]LogDerivedDataCache: Display: Pak cache opened for reading ../../../Engine/DerivedDataCache/Compressed.ddp.
[2019.02.20-14.18.22:837][  0]LogDerivedDataCache: Using Local data cache path C:/Users/Renzy/AppData/Local/UnrealEngine/Common/DerivedDataCache: Writable
[2019.02.20-14.18.22:837][  0]LogDerivedDataCache: Shared data cache path not found in *engine.ini, will not use an Shared cache.
[2019.02.20-14.18.22:837][  0]LogDerivedDataCache: Unable to find inner node Shared for hierarchical cache Hierarchy.
[2019.02.20-14.18.22:852][  0]LogMaterial: Verifying Global Shaders for PCD3D_SM5
[2019.02.20-14.18.22:853][  0]LogSlate: Using FreeType 2.6.0
[2019.02.20-14.18.22:854][  0]LogSlate: SlateFontServices - WITH_FREETYPE: 1, WITH_HARFBUZZ: 1
[2019.02.20-14.18.22:927][  0]LogAssetRegistry: FAssetRegistry took 0.0274 seconds to start up
[2019.02.20-14.18.23:182][  0]LogInit: Selected Device Profile: [Windows]
[2019.02.20-14.18.23:312][  0]LogSimplygon: Simplygon DLL not present - disabling.
[2019.02.20-14.18.23:320][  0]LogMeshReduction: Using SimplygonSwarm for distributed automatic mesh merging
[2019.02.20-14.18.23:320][  0]LogMeshReduction: Using ProxyLODMeshReduction for automatic mesh merging
[2019.02.20-14.18.23:320][  0]LogMeshReduction: Using QuadricMeshReduction for automatic static mesh reduction
[2019.02.20-14.18.23:320][  0]LogMeshReduction: No automatic skeletal mesh reduction module available
[2019.02.20-14.18.23:342][  0]LogNetVersion: Terminus_22XX 1.0.0, NetCL: 4212847, EngineNetVer: 5, GameNetVer: 0 (Checksum: 1011408813)
[2019.02.20-14.18.23:811][  0]LogPackageLocalizationCache: Processed 11 localized package path(s) for 2 prioritized culture(s) in 0.114969 seconds
[2019.02.20-14.18.23:817][  0]LogUObjectArray: 38425 objects as part of root set at end of initial load.
[2019.02.20-14.18.23:818][  0]LogUObjectAllocator: 6690872 out of 0 bytes used by permanent object pool.
[2019.02.20-14.18.23:818][  0]LogUObjectArray: CloseDisregardForGC: 0/0 objects in disregard for GC pool
[2019.02.20-14.18.24:945][  0]LogTcpMessaging: Initializing TcpMessaging bridge
[2019.02.20-14.18.24:964][  0]LogUdpMessaging: Initializing bridge on interface 0.0.0.0:0 to multicast group 230.0.0.1:6666.
[2019.02.20-14.18.25:157][  0]SourceControl: Source control is disabled
[2019.02.20-14.18.25:157][  0]SourceControl: Source control is disabled
[2019.02.20-14.18.25:163][  0]SourceControl: Source control is disabled
[2019.02.20-14.18.25:175][  0]SourceControl: Source control is disabled
[2019.02.20-14.18.25:486][  0]LogAndroidPermission: UAndroidPermissionCallbackProxy::GetInstance
[2019.02.20-14.18.25:633][  0]LogOcInput: OculusInput pre-init called
[2019.02.20-14.18.25:694][  0]LogEngine: Initializing Engine...
[2019.02.20-14.18.25:694][  0]LogHMD: Failed to initialize OpenVR with code 110
[2019.02.20-14.18.25:696][  0]LogStats: UGameplayTagsManager::ConstructGameplayTagTree: ImportINI prefixes -  0.000 s
[2019.02.20-14.18.25:696][  0]LogStats: UGameplayTagsManager::ConstructGameplayTagTree: Construct from data asset -  0.000 s
[2019.02.20-14.18.25:696][  0]LogStats: UGameplayTagsManager::ConstructGameplayTagTree: ImportINI -  0.000 s
[2019.02.20-14.18.25:696][  0]LogStats: UGameplayTagsManager::ConstructGameplayTagTree: GameplayTagTreeChangedEvent.Broadcast -  0.000 s
[2019.02.20-14.18.25:870][  0]LogInit: Initializing FReadOnlyCVARCache
[2019.02.20-14.18.25:889][  0]LogAIModule: Creating AISystem for world Untitled
[2019.02.20-14.18.25:959][  0]LogInit: XAudio2 using 'Speakers (Sound BlasterX AE-5)' : 6 channels at 48 kHz using 32 bits per sample (channel mask 0x3f)
[2019.02.20-14.18.25:981][  0]LogInit: FAudioDevice initialized.
[2019.02.20-14.18.25:983][  0]LogNetVersion: Set ProjectVersion to 1.0.0.0. Version Checksum will be recalculated on next use.
[2019.02.20-14.18.26:130][  0]LogDerivedDataCache: Saved boot cache 0.15s 71MB C:/Users/Renzy/AppData/Local/UnrealEngine/4.20/DerivedDataCache/Boot.ddc.
[2019.02.20-14.18.26:139][  0]LogInit: Texture streaming: Enabled
[2019.02.20-14.18.26:163][  0]LogEngineSessionManager: EngineSessionManager initialized
[2019.02.20-14.18.26:181][  0]LogInit: Transaction tracking system initialized
[2019.02.20-14.18.26:207][  0]BlueprintLog: New page: Editor Load
[2019.02.20-14.18.26:327][  0]LocalizationService: Localization service is disabled
[2019.02.20-14.18.26:655][  0]LogCook: Display: Max memory allowance for cook 16384mb min free memory 0mb
[2019.02.20-14.18.26:655][  0]LogCook: Display: Mobile HDR setting 1
[2019.02.20-14.18.26:655][  0]LogGameplayTags: Display: UGameplayTagsManager::DoneAddingNativeTags. DelegateIsBound: 0
[2019.02.20-14.18.26:655][  0]LogStats: UGameplayTagsManager::ConstructGameplayTagTree: ImportINI prefixes -  0.000 s
[2019.02.20-14.18.26:655][  0]LogStats: UGameplayTagsManager::ConstructGameplayTagTree: Construct from data asset -  0.000 s
[2019.02.20-14.18.26:655][  0]LogStats: UGameplayTagsManager::ConstructGameplayTagTree: ImportINI -  0.000 s
[2019.02.20-14.18.26:656][  0]LogStats: UGameplayTagsManager::ConstructGameplayTagTree: GameplayTagTreeChangedEvent.Broadcast -  0.000 s
[2019.02.20-14.18.26:660][  0]LogFileCache: Scanning file cache for directory 'F:/Renzy/Documents/Algonquin/Term 4/GAM1528 - High Level Development 2/Assignments/GOOB-master/Content/' took 0.03s
[2019.02.20-14.18.26:818][  0]SourceControl: Source control is disabled
[2019.02.20-14.18.26:819][  0]Cmd: MAP LOAD FILE="../../../../../../Renzy/Documents/Algonquin/Term 4/GAM1528 - High Level Development 2/Assignments/GOOB-master/Content/Levels/Test_Level.umap" TEMPLATE=0 SHOWPROGRESS=1 FEATURELEVEL=3
[2019.02.20-14.18.26:820][  0]LightingResults: New page: Lighting Build
[2019.02.20-14.18.26:822][  0]MapCheck: New page: Map Check
[2019.02.20-14.18.26:823][  0]LightingResults: New page: Lighting Build
[2019.02.20-14.18.26:942][  0]LogAIModule: Creating AISystem for world Test_Level
[2019.02.20-14.18.26:950][  0]LogEditorServer: Finished looking for orphan Actors (0.000 secs)
[2019.02.20-14.18.26:979][  0]Cmd: MAP CHECKDEP NOCLEARLOG
[2019.02.20-14.18.27:034][  0]MapCheck: Map check complete: 0 Error(s), 0 Warning(s), took 54.273ms to complete.
[2019.02.20-14.18.27:034][  0]LogFileHelpers: Loading map 'Test_Level' took 0.215
[2019.02.20-14.18.27:160][  0]LogSlate: Updating window title bar state: overlay mode, drag disabled, window buttons hidden, title bar hidden
[2019.02.20-14.18.27:168][  0]LogSlate: Updating window title bar state: overlay mode, drag disabled, window buttons hidden, title bar hidden
[2019.02.20-14.18.27:175][  0]LogSlate: Updating window title bar state: overlay mode, drag disabled, window buttons hidden, title bar hidden
[2019.02.20-14.18.27:182][  0]LogSlate: Updating window title bar state: overlay mode, drag disabled, window buttons hidden, title bar hidden
[2019.02.20-14.18.27:190][  0]LogCollectionManager: Loaded 0 collections in 0.000983 seconds
[2019.02.20-14.18.27:245][  0]LogFileCache: Scanning file cache for directory 'F:/Renzy/Documents/Algonquin/Term 4/GAM1528 - High Level Development 2/Assignments/GOOB-master/Saved/Collections/' took 0.01s
[2019.02.20-14.18.27:245][  0]LogFileCache: Scanning file cache for directory 'F:/Renzy/Documents/Algonquin/Term 4/GAM1528 - High Level Development 2/Assignments/GOOB-master/Content/Developers/Renzy/Collections/' took 0.01s
[2019.02.20-14.18.27:245][  0]LogFileCache: Scanning file cache for directory 'F:/Renzy/Documents/Algonquin/Term 4/GAM1528 - High Level Development 2/Assignments/GOOB-master/Content/Collections/' took 0.01s
[2019.02.20-14.18.27:245][  0]LogCollectionManager: Rebuilt the GUID cache for 0 collections in 0.000000 seconds
[2019.02.20-14.18.27:253][  0]LogContentBrowser: Native class hierarchy populated in 0.0074 seconds. Added 2581 classes and 605 folders.
[2019.02.20-14.18.27:257][  0]LogContentBrowser: Native class hierarchy updated for 'WidgetCarousel' in 0.0003 seconds. Added 0 classes and 0 folders.
[2019.02.20-14.18.27:316][  0]LogContentBrowser: Native class hierarchy updated for 'AddContentDialog' in 0.0003 seconds. Added 0 classes and 0 folders.
[2019.02.20-14.18.27:323][  0]LogContentBrowser: Native class hierarchy updated for 'SceneOutliner' in 0.0004 seconds. Added 1 classes and 2 folders.
[2019.02.20-14.18.28:294][  0]LogSlate: Only BGRA pngs, bmps or icos are supported in by External Image Picker
[2019.02.20-14.18.28:373][  0]LogTemp: Executing iPhonePackager certificates Engine -bundlename com.YourCompany.Terminus22XX
[2019.02.20-14.18.28:374][  0]LogTemp: CWD: F:\Program Files (x86)\Epic Games\UE_4.20\Engine\Binaries\DotNET\IOS
[2019.02.20-14.18.28:374][  0]LogTemp: Initial Dir: F:\Program Files (x86)\Epic Games\UE_4.20
[2019.02.20-14.18.28:374][  0]LogTemp: Env CWD: F:\Program Files (x86)\Epic Games\UE_4.20\Engine\Binaries\DotNET\IOS
[2019.02.20-14.18.28:374][  0]LogTemp: BranchPath = RENZY-GAMING/F/Program Files (x86)/Epic Games/UE_4.20/Engine/Binaries --- GameBranchPath = RENZY-GAMING/F/Program Files (x86)/Epic Games/UE_4.20/Engine/Binaries
[2019.02.20-14.18.28:374][  0]LogContentBrowser: Native class hierarchy updated for 'HierarchicalLODOutliner' in 0.0004 seconds. Added 0 classes and 0 folders.
[2019.02.20-14.18.28:374][  0]LogLoad: (Engine Initialization) Total time: 10.79 seconds
[2019.02.20-14.18.28:374][  0]LogLoad: (Engine Initialization) Total Blueprint compile time: 0.00 seconds
[2019.02.20-14.18.28:384][  0]LogTemp: IPP ERROR: Could not find provision directory 'C:\Users\Renzy\AppData\Local/Apple Computer/MobileDevice/Provisioning Profiles/'.
[2019.02.20-14.18.28:384][  0]LogWindowsTextInputMethodSystem: Display: IME system now deactivated.
[2019.02.20-14.18.28:440][  0]LogContentStreaming: Texture pool size now 1000 MB
[2019.02.20-14.18.28:442][  0]LogSlate: Took 0.000636 seconds to synchronously load lazily loaded font '../../../Engine/Content/Slate/Fonts/Roboto-Regular.ttf' (155K)
[2019.02.20-14.18.28:445][  0]LogRenderer: Reallocating scene render targets to support 64x64 Format 10 NumSamples 1 (Frame:1).
[2019.02.20-14.18.28:446][  0]LogSlate: Took 0.000249 seconds to synchronously load lazily loaded font '../../../Engine/Content/Slate/Fonts/Roboto-Bold.ttf' (160K)
[2019.02.20-14.18.28:471][  0]LogSlate: Took 0.000216 seconds to synchronously load lazily loaded font '../../../Engine/Content/Editor/Slate/Fonts/FontAwesome.ttf' (139K)
[2019.02.20-14.18.28:572][  0]LogRenderer: Reallocating scene render targets to support 804x360 Format 10 NumSamples 1 (Frame:1).
[2019.02.20-14.18.28:601][  0]LogSlate: Took 0.000205 seconds to synchronously load lazily loaded font '../../../Engine/Content/Slate/Fonts/Roboto-Light.ttf' (167K)
[2019.02.20-14.18.28:681][  1]LogAssetRegistry: Asset discovery search completed in 5.7793 seconds
[2019.02.20-14.18.28:683][  1]LogCollectionManager: Rebuilt the object cache for 0 collections in 0.000000 seconds (found 0 objects)
[2019.02.20-14.18.28:684][  1]LogCollectionManager: Fixed up redirectors for 0 collections in 0.000173 seconds (updated 0 objects)
[2019.02.20-14.18.29:985][  5]LogSlate: Took 0.000234 seconds to synchronously load lazily loaded font '../../../Engine/Content/Slate/Fonts/Roboto-Light.ttf' (167K)
[2019.02.20-14.18.31:894][ 11]LogSlate: FSceneViewport::OnFocusLost() reason 0
[2019.02.20-14.18.31:995][ 11]LogSlate: Window 'Project Settings' being destroyed
[2019.02.20-14.18.31:998][ 11]LogSlate: Window 'Project Settings' being destroyed
[2019.02.20-14.18.33:492][134]LogRenderer: Reallocating scene render targets to support 1208x576 Format 10 NumSamples 1 (Frame:4).
[2019.02.20-14.18.37:519][611]LogSlate: FSceneViewport::OnFocusLost() reason 0
[2019.02.20-14.18.42:434][152]LogSlate: Took 0.000203 seconds to synchronously load lazily loaded font '../../../Engine/Content/Slate/Fonts/Roboto-BoldCondensed.ttf' (158K)
[2019.02.20-14.18.48:702][889]LogAssetEditorManager: Opening Asset editor for Blueprint /Game/Blueprints/ProgrammingBlueprints/TestT22XX_Railgun.TestT22XX_Railgun
[2019.02.20-14.18.49:111][889]LogContentBrowser: Native class hierarchy updated for 'BlueprintGraph' in 0.0006 seconds. Added 116 classes and 0 folders.
[2019.02.20-14.18.49:719][889]LogSlate: Window 'Add Blueprint Class' being destroyed
[2019.02.20-14.18.51:742][ 61]LogRenderer: Reallocating scene render targets to support 1208x712 Format 10 NumSamples 1 (Frame:174).
[2019.02.20-14.18.57:370][689]LogSlate: Took 0.000259 seconds to synchronously load lazily loaded font '../../../Engine/Content/Slate/Fonts/Roboto-Italic.ttf' (157K)
[2019.02.20-14.19.05:061][512]LogSlate: FSceneViewport::OnFocusLost() reason 2
[2019.02.20-14.19.08:400][875]LogSlate: FSceneViewport::OnFocusLost() reason 0
[2019.02.20-14.19.10:904][136]LogSlate: FSceneViewport::OnFocusLost() reason 0
[2019.02.20-14.19.25:649][693]BlueprintLog: New page: Compile TestT22XX_Railgun
[2019.02.20-14.19.25:821][693]LogSavePackage: Moving '../../../../../../Renzy/Documents/Algonquin/Term 4/GAM1528 - High Level Development 2/Assignments/GOOB-master/Saved/TestT22XX_Railgun94D4472A4CB845A8DFA55092ABFC64FB.tmp' to '../../../../../../Renzy/Documents/Algonquin/Term 4/GAM1528 - High Level Development 2/Assignments/GOOB-master/Content/Blueprints/ProgrammingBlueprints/TestT22XX_Railgun.uasset'
[2019.02.20-14.19.26:586][776]LogSlate: Window 'TestT22XX_Railgun' being destroyed
[2019.02.20-14.19.26:588][776]LogSlate: Window 'TestT22XX_Railgun' being destroyed
[2019.02.20-14.19.29:709][121]LogAssetEditorManager: Opening Asset editor for Blueprint /Game/Blueprints/ProgrammingBlueprints/TestT22XX_Railgun.TestT22XX_Railgun
[2019.02.20-14.19.31:625][310]LogSlate: Window 'TestT22XX_Railgun' being destroyed
[2019.02.20-14.19.31:700][310]LogAssetEditorManager: Opening Asset editor for Blueprint /Game/Blueprints/ProgrammingBlueprints/TestT22XX_Railgun.TestT22XX_Railgun
[2019.02.20-14.19.49:805][379]BlueprintLog: New page: Compile TestT22XX_Railgun
[2019.02.20-14.19.50:030][379]LogSavePackage: Moving '../../../../../../Renzy/Documents/Algonquin/Term 4/GAM1528 - High Level Development 2/Assignments/GOOB-master/Saved/TestT22XX_RailgunE96B314341ABEEB3EDB1899163214BE8.tmp' to '../../../../../../Renzy/Documents/Algonquin/Term 4/GAM1528 - High Level Development 2/Assignments/GOOB-master/Content/Blueprints/ProgrammingBlueprints/TestT22XX_Railgun.uasset'
[2019.02.20-14.20.02:490][845]LogAssetEditorManager: Opening Asset editor for Blueprint /Game/Blueprints/ProgrammingBlueprints/TestT22XX_Vampyr.TestT22XX_Vampyr
[2019.02.20-14.20.02:739][845]LogSlate: Window 'Add Blueprint Class' being destroyed
[2019.02.20-14.20.12:904][936]LogSlate: FSceneViewport::OnFocusLost() reason 0
[2019.02.20-14.20.30:017][758]LogSlate: FSceneViewport::OnFocusLost() reason 0
[2019.02.20-14.20.30:088][765]BlueprintLog: New page: Compile TestT22XX_Vampyr
[2019.02.20-14.20.30:263][765]LogSavePackage: Moving '../../../../../../Renzy/Documents/Algonquin/Term 4/GAM1528 - High Level Development 2/Assignments/GOOB-master/Saved/TestT22XX_VampyrDF1458824CCC6466538F5D8921C57993.tmp' to '../../../../../../Renzy/Documents/Algonquin/Term 4/GAM1528 - High Level Development 2/Assignments/GOOB-master/Content/Blueprints/ProgrammingBlueprints/TestT22XX_Vampyr.uasset'
[2019.02.20-14.20.32:742][ 39]LogSlate: Prevented a slow task dialog from being summoned while a context menu was open
[2019.02.20-14.20.39:034][764]LogSlate: Prevented a slow task dialog from being summoned while a context menu was open
[2019.02.20-14.20.41:581][ 47]LogSlate: Prevented a slow task dialog from being summoned while a context menu was open
[2019.02.20-14.20.43:728][288]BlueprintLog: New page: Compile TestT22XX_Railgun
[2019.02.20-14.20.43:885][288]LogSavePackage: Moving '../../../../../../Renzy/Documents/Algonquin/Term 4/GAM1528 - High Level Development 2/Assignments/GOOB-master/Saved/TestT22XX_RailgunC9C321B24BDB38227E8341AC7B2836F9.tmp' to '../../../../../../Renzy/Documents/Algonquin/Term 4/GAM1528 - High Level Development 2/Assignments/GOOB-master/Content/Blueprints/ProgrammingBlueprints/TestT22XX_Railgun.uasset'
[2019.02.20-14.20.45:515][476]BlueprintLog: New page: Compile TestT22XX_Vampyr
[2019.02.20-14.20.45:672][476]LogSavePackage: Moving '../../../../../../Renzy/Documents/Algonquin/Term 4/GAM1528 - High Level Development 2/Assignments/GOOB-master/Saved/TestT22XX_Vampyr2D6A26AA4D5778736646DCACBF7036F3.tmp' to '../../../../../../Renzy/Documents/Algonquin/Term 4/GAM1528 - High Level Development 2/Assignments/GOOB-master/Content/Blueprints/ProgrammingBlueprints/TestT22XX_Vampyr.uasset'
[2019.02.20-14.20.48:010][742]LogAssetEditorManager: Opening Asset editor for Blueprint /Game/Blueprints/ProgrammingBlueprints/Test_PlayerCharacter.Test_PlayerCharacter
[2019.02.20-14.20.49:463][856]LogAssetEditorManager: Opening Asset editor for Blueprint /Game/Blueprints/ProgrammingBlueprints/Test_PlayerCharacter.Test_PlayerCharacter
[2019.02.20-14.20.52:195][134]LogSlate: Prevented a slow task dialog from being summoned while a context menu was open
[2019.02.20-14.21.01:031][116]BlueprintLog: New page: Compile Test_PlayerCharacter
[2019.02.20-14.21.01:221][116]LogSavePackage: Moving '../../../../../../Renzy/Documents/Algonquin/Term 4/GAM1528 - High Level Development 2/Assignments/GOOB-master/Saved/Test_PlayerCharacter4106E8A842634A6A19DE50B8F075CCC3.tmp' to '../../../../../../Renzy/Documents/Algonquin/Term 4/GAM1528 - High Level Development 2/Assignments/GOOB-master/Content/Blueprints/ProgrammingBlueprints/Test_PlayerCharacter.uasset'
[2019.02.20-14.21.11:104][598]LogTemp: Repeating last play command: New Editor Window (PIE)
[2019.02.20-14.21.11:128][598]LogPlayLevel: PlayLevel: No blueprints needed recompiling
[2019.02.20-14.21.11:142][598]PIE: New page: PIE session: Test_Level (Feb 20, 2019, 4:21:11 AM)
[2019.02.20-14.21.11:142][598]LogPlayLevel: Creating play world package: /Game/Levels/UEDPIE_0_Test_Level
[2019.02.20-14.21.11:154][598]LogPlayLevel: PIE: StaticDuplicateObject took: (0.012346s)
[2019.02.20-14.21.11:155][598]LogAIModule: Creating AISystem for world Test_Level
[2019.02.20-14.21.11:155][598]LogPlayLevel: PIE: World Init took: (0.000889s)
[2019.02.20-14.21.11:155][598]LogPlayLevel: PIE: Created PIE world by copying editor world from /Game/Levels/Test_Level.Test_Level to /Game/Levels/UEDPIE_0_Test_Level.Test_Level (0.013557s)
[2019.02.20-14.21.11:206][598]LogInit: XAudio2 using 'Speakers (Sound BlasterX AE-5)' : 6 channels at 48 kHz using 32 bits per sample (channel mask 0x3f)
[2019.02.20-14.21.11:220][598]LogInit: FAudioDevice initialized.
[2019.02.20-14.21.11:231][598]LogSlate: Updating window title bar state: overlay mode, drag disabled, window buttons hidden, title bar hidden
[2019.02.20-14.21.11:312][598]LogLoad: Game class is 'Test_Terminus_22XXGameModeBase_C'
[2019.02.20-14.21.11:314][598]LogWorld: Bringing World /Game/Levels/UEDPIE_0_Test_Level.Test_Level up for play (max tick rate 0) at 2019.02.20-09.21.11
[2019.02.20-14.21.11:314][598]LogWorld: Bringing up level for play took: 0.001162
[2019.02.20-14.21.11:330][598]LogContentBrowser: Native class hierarchy updated for 'MovieSceneCapture' in 0.0004 seconds. Added 10 classes and 0 folders.
[2019.02.20-14.21.11:335][598]PIE: Play in editor start time for /Game/Levels/UEDPIE_0_Test_Level 1.2
[2019.02.20-14.21.11:356][598]LogRenderer: Reallocating scene render targets to support 1292x756 Format 10 NumSamples 1 (Frame:1).
[2019.02.20-14.21.13:184][799]LogSlate: Updating window title bar state: overlay mode, drag disabled, window buttons hidden, title bar hidden
[2019.02.20-14.21.13:202][799]LogSlate: Window 'Terminus_22XX Game Preview Standalone (64-bit/PCD3D_SM5)' being destroyed
[2019.02.20-14.21.13:237][799]LogPlayLevel: Display: Shutting down PIE online subsystems
[2019.02.20-14.21.13:289][801]LogPlayLevel: Display: Destroying online subsystem :Context_14
[2019.02.20-14.21.23:834][917]LogSlate: Window 'Test_PlayerCharacter' being destroyed
[2019.02.20-14.21.23:837][917]LogSlate: Window 'Test_PlayerCharacter' being destroyed
[2019.02.20-14.21.23:904][917]LogActorComponent: UnregisterComponent: (/Engine/Transient.EditorFloorComp) Not registered. Aborting.
[2019.02.20-14.21.23:951][917]LogActorComponent: UnregisterComponent: (/Engine/Transient.EditorFloorComp) Not registered. Aborting.
[2019.02.20-14.22.03:779][988]LogAssetEditorManager: Opening Asset editor for Blueprint /Game/Blueprints/ProgrammingBlueprints/Test_PlayerCharacter.Test_PlayerCharacter
[2019.02.20-14.22.09:680][640]BlueprintLog: New page: Compile Test_PlayerCharacter
[2019.02.20-14.22.09:854][640]LogSavePackage: Moving '../../../../../../Renzy/Documents/Algonquin/Term 4/GAM1528 - High Level Development 2/Assignments/GOOB-master/Saved/Test_PlayerCharacter6843E65144C60B1DAF68AD95D8D9708D.tmp' to '../../../../../../Renzy/Documents/Algonquin/Term 4/GAM1528 - High Level Development 2/Assignments/GOOB-master/Content/Blueprints/ProgrammingBlueprints/Test_PlayerCharacter.uasset'
[2019.02.20-14.22.11:660][846]LogSlate: Window 'Test_PlayerCharacter' being destroyed
[2019.02.20-14.22.11:664][846]LogSlate: Window 'Test_PlayerCharacter' being destroyed
[2019.02.20-14.22.13:898][100]LogPlayLevel: PlayLevel: No blueprints needed recompiling
[2019.02.20-14.22.13:898][100]PIE: New page: PIE session: Test_Level (Feb 20, 2019, 4:22:13 AM)
[2019.02.20-14.22.13:899][100]LogPlayLevel: Creating play world package: /Game/Levels/UEDPIE_0_Test_Level
[2019.02.20-14.22.13:910][100]LogPlayLevel: PIE: StaticDuplicateObject took: (0.010953s)
[2019.02.20-14.22.13:911][100]LogAIModule: Creating AISystem for world Test_Level
[2019.02.20-14.22.13:911][100]LogPlayLevel: PIE: World Init took: (0.000968s)
[2019.02.20-14.22.13:912][100]LogPlayLevel: PIE: Created PIE world by copying editor world from /Game/Levels/Test_Level.Test_Level to /Game/Levels/UEDPIE_0_Test_Level.Test_Level (0.013240s)
[2019.02.20-14.22.13:958][100]LogInit: XAudio2 using 'Speakers (Sound BlasterX AE-5)' : 6 channels at 48 kHz using 32 bits per sample (channel mask 0x3f)
[2019.02.20-14.22.13:972][100]LogInit: FAudioDevice initialized.
[2019.02.20-14.22.14:008][100]LogLoad: Game class is 'Test_Terminus_22XXGameModeBase_C'
[2019.02.20-14.22.14:009][100]LogWorld: Bringing World /Game/Levels/UEDPIE_0_Test_Level.Test_Level up for play (max tick rate 0) at 2019.02.20-09.22.14
[2019.02.20-14.22.14:010][100]LogWorld: Bringing up level for play took: 0.001065
[2019.02.20-14.22.14:024][100]PIE: Play in editor start time for /Game/Levels/UEDPIE_0_Test_Level -0.111
[2019.02.20-14.22.24:114][292]Set new viewmode: Lit
[2019.02.20-14.22.24:406][327]Set new viewmode: Lit_DetailLighting
[2019.02.20-14.22.25:209][423]Set new viewmode: Unlit
[2019.02.20-14.22.26:435][569]Set new viewmode: Lit_DetailLighting
[2019.02.20-14.22.29:170][897]Set new viewmode: Unlit
[2019.02.20-14.22.30:341][ 37]Set new viewmode: Lit
[2019.02.20-14.22.30:899][104]Set new viewmode: Lit_DetailLighting
[2019.02.20-14.22.37:526][896]Set new viewmode: Wireframe
[2019.02.20-14.22.38:222][976]Set new viewmode: Wireframe
[2019.02.20-14.22.38:666][ 29]LogSlate: Updating window title bar state: overlay mode, drag disabled, window buttons hidden, title bar hidden
[2019.02.20-14.22.38:706][ 29]LogPlayLevel: Display: Shutting down PIE online subsystems
[2019.02.20-14.22.38:730][ 29]LogSlate: Updating window title bar state: overlay mode, drag disabled, window buttons hidden, title bar hidden
[2019.02.20-14.22.38:770][ 32]LogPlayLevel: Display: Destroying online subsystem :Context_16
[2019.02.20-14.22.39:818][157]LogSlate: FSceneViewport::OnFocusLost() reason 0
[2019.02.20-14.22.39:892][166]LogTemp: Repeating last play command: Selected Viewport
[2019.02.20-14.22.39:912][166]LogPlayLevel: PlayLevel: No blueprints needed recompiling
[2019.02.20-14.22.39:912][166]PIE: New page: PIE session: Test_Level (Feb 20, 2019, 4:22:39 AM)
[2019.02.20-14.22.39:913][166]LogPlayLevel: Creating play world package: /Game/Levels/UEDPIE_0_Test_Level
[2019.02.20-14.22.39:924][166]LogPlayLevel: PIE: StaticDuplicateObject took: (0.010893s)
[2019.02.20-14.22.39:925][166]LogAIModule: Creating AISystem for world Test_Level
[2019.02.20-14.22.39:925][166]LogPlayLevel: PIE: World Init took: (0.000712s)
[2019.02.20-14.22.39:925][166]LogPlayLevel: PIE: Created PIE world by copying editor world from /Game/Levels/Test_Level.Test_Level to /Game/Levels/UEDPIE_0_Test_Level.Test_Level (0.011943s)
[2019.02.20-14.22.39:972][166]LogInit: XAudio2 using 'Speakers (Sound BlasterX AE-5)' : 6 channels at 48 kHz using 32 bits per sample (channel mask 0x3f)
[2019.02.20-14.22.39:986][166]LogInit: FAudioDevice initialized.
[2019.02.20-14.22.40:022][166]LogLoad: Game class is 'Test_Terminus_22XXGameModeBase_C'
[2019.02.20-14.22.40:023][166]LogWorld: Bringing World /Game/Levels/UEDPIE_0_Test_Level.Test_Level up for play (max tick rate 0) at 2019.02.20-09.22.40
[2019.02.20-14.22.40:024][166]LogWorld: Bringing up level for play took: 0.000982
[2019.02.20-14.22.40:037][166]PIE: Play in editor start time for /Game/Levels/UEDPIE_0_Test_Level -0.098
[2019.02.20-14.22.41:776][370]LogSlate: Updating window title bar state: overlay mode, drag disabled, window buttons hidden, title bar hidden
[2019.02.20-14.22.41:814][370]LogPlayLevel: Display: Shutting down PIE online subsystems
[2019.02.20-14.22.41:839][370]LogSlate: Updating window title bar state: overlay mode, drag disabled, window buttons hidden, title bar hidden
[2019.02.20-14.22.41:881][373]LogPlayLevel: Display: Destroying online subsystem :Context_17
[2019.02.20-14.22.48:714][ 95]LogSlate: FSceneViewport::OnFocusLost() reason 2
[2019.02.20-14.22.49:616][165]LogTemp: Repeating last play command: Selected Viewport
[2019.02.20-14.22.49:637][165]LogPlayLevel: PlayLevel: No blueprints needed recompiling
[2019.02.20-14.22.49:640][165]PIE: New page: PIE session: Test_Level (Feb 20, 2019, 4:22:49 AM)
[2019.02.20-14.22.49:643][165]LogPlayLevel: Creating play world package: /Game/Levels/UEDPIE_0_Test_Level
[2019.02.20-14.22.49:656][165]LogPlayLevel: PIE: StaticDuplicateObject took: (0.010803s)
[2019.02.20-14.22.49:661][165]LogAIModule: Creating AISystem for world Test_Level
[2019.02.20-14.22.49:661][165]LogPlayLevel: PIE: World Init took: (0.000934s)
[2019.02.20-14.22.49:661][165]LogPlayLevel: PIE: Created PIE world by copying editor world from /Game/Levels/Test_Level.Test_Level to /Game/Levels/UEDPIE_0_Test_Level.Test_Level (0.017909s)
[2019.02.20-14.22.49:715][165]LogInit: XAudio2 using 'Speakers (Sound BlasterX AE-5)' : 6 channels at 48 kHz using 32 bits per sample (channel mask 0x3f)
[2019.02.20-14.22.49:733][165]LogInit: FAudioDevice initialized.
[2019.02.20-14.22.49:764][165]LogLoad: Game class is 'Test_Terminus_22XXGameModeBase_C'
[2019.02.20-14.22.49:765][165]LogWorld: Bringing World /Game/Levels/UEDPIE_0_Test_Level.Test_Level up for play (max tick rate 0) at 2019.02.20-09.22.49
[2019.02.20-14.22.49:766][165]LogWorld: Bringing up level for play took: 0.001069
[2019.02.20-14.23.39:059][165]PIE: Play in editor start time for /Game/Levels/UEDPIE_0_Test_Level 48.924
[2019.02.20-14.23.40:010][169]LogSlate: FSceneViewport::OnFocusLost() reason 2
[2019.02.20-14.23.42:265][423]Set new viewmode: Wireframe
[2019.02.20-14.23.43:223][536]Set new viewmode: Wireframe
[2019.02.20-14.23.43:827][608]Set new viewmode: Unlit
[2019.02.20-14.23.45:883][854]Set new viewmode: Wireframe
[2019.02.20-14.23.47:541][ 52]Set new viewmode: Wireframe
[2019.02.20-14.23.47:983][105]Set new viewmode: Unlit
[2019.02.20-14.23.48:967][223]LogSlate: FSceneViewport::OnFocusLost() reason 2
[2019.02.20-14.24.53:017][983]LogSlate: FSceneViewport::OnFocusLost() reason 2
[2019.02.20-14.24.53:619][ 44]LogSlate: Updating window title bar state: overlay mode, drag disabled, window buttons hidden, title bar hidden
[2019.02.20-14.24.53:653][ 44]LogPlayLevel: Display: Shutting down PIE online subsystems
[2019.02.20-14.24.53:676][ 44]LogSlate: Updating window title bar state: overlay mode, drag disabled, window buttons hidden, title bar hidden
[2019.02.20-14.24.53:726][ 49]LogPlayLevel: Display: Destroying online subsystem :Context_18
[2019.02.20-14.24.54:510][139]LogAssetEditorManager: Opening Asset editor for Blueprint /Game/Blueprints/ProgrammingBlueprints/TestT22XX_Railgun.TestT22XX_Railgun
[2019.02.20-14.24.56:520][344]LogSlate: Window 'TestT22XX_Railgun' being destroyed
[2019.02.20-14.24.56:523][344]LogSlate: Window 'TestT22XX_Railgun' being destroyed
[2019.02.20-14.24.57:300][429]LogAssetEditorManager: Opening Asset editor for Blueprint /Game/Blueprints/ProgrammingBlueprints/TestT22XX_Shotgun.TestT22XX_Shotgun
[2019.02.20-14.24.58:821][580]LogSlate: Window 'TestT22XX_Shotgun' being destroyed
[2019.02.20-14.24.58:878][580]LogAssetEditorManager: Opening Asset editor for Blueprint /Game/Blueprints/ProgrammingBlueprints/TestT22XX_Shotgun.TestT22XX_Shotgun
[2019.02.20-14.25.00:144][698]LogSlate: Prevented a slow task dialog from being summoned while a context menu was open
[2019.02.20-14.25.03:146][ 49]BlueprintLog: New page: Compile TestT22XX_Shotgun
[2019.02.20-14.25.03:301][ 49]LogSavePackage: Moving '../../../../../../Renzy/Documents/Algonquin/Term 4/GAM1528 - High Level Development 2/Assignments/GOOB-master/Saved/TestT22XX_ShotgunD477C0484DFCF587B7F2F6A7943FEC16.tmp' to '../../../../../../Renzy/Documents/Algonquin/Term 4/GAM1528 - High Level Development 2/Assignments/GOOB-master/Content/Blueprints/ProgrammingBlueprints/TestT22XX_Shotgun.uasset'
[2019.02.20-14.25.16:447][576]LogAssetEditorManager: Opening Asset editor for Blueprint /Game/Blueprints/ProgrammingBlueprints/Test_PlayerCharacter.Test_PlayerCharacter
[2019.02.20-14.26.01:175][894]LogSlate: Window 'Test_PlayerCharacter' being destroyed
[2019.02.20-14.26.01:177][894]LogSlate: Window 'Test_PlayerCharacter' being destroyed
[2019.02.20-14.26.01:241][894]LogActorComponent: UnregisterComponent: (/Engine/Transient.EditorFloorComp) Not registered. Aborting.
[2019.02.20-14.26.02:735][ 68]LogTemp: Repeating last play command: Selected Viewport
[2019.02.20-14.26.02:757][ 68]LogPlayLevel: PlayLevel: No blueprints needed recompiling
[2019.02.20-14.26.02:758][ 68]PIE: New page: PIE session: Test_Level (Feb 20, 2019, 4:26:02 AM)
[2019.02.20-14.26.02:758][ 68]LogPlayLevel: Creating play world package: /Game/Levels/UEDPIE_0_Test_Level
[2019.02.20-14.26.02:768][ 68]LogPlayLevel: PIE: StaticDuplicateObject took: (0.010021s)
[2019.02.20-14.26.02:769][ 68]LogAIModule: Creating AISystem for world Test_Level
[2019.02.20-14.26.02:769][ 68]LogPlayLevel: PIE: World Init took: (0.000634s)
[2019.02.20-14.26.02:769][ 68]LogPlayLevel: PIE: Created PIE world by copying editor world from /Game/Levels/Test_Level.Test_Level to /Game/Levels/UEDPIE_0_Test_Level.Test_Level (0.011161s)
[2019.02.20-14.26.02:815][ 68]LogInit: XAudio2 using 'Speakers (Sound BlasterX AE-5)' : 6 channels at 48 kHz using 32 bits per sample (channel mask 0x3f)
[2019.02.20-14.26.02:828][ 68]LogInit: FAudioDevice initialized.
[2019.02.20-14.26.02:859][ 68]LogLoad: Game class is 'Test_Terminus_22XXGameModeBase_C'
[2019.02.20-14.26.02:862][ 68]LogWorld: Bringing World /Game/Levels/UEDPIE_0_Test_Level.Test_Level up for play (max tick rate 0) at 2019.02.20-09.26.02
[2019.02.20-14.26.02:862][ 68]LogWorld: Bringing up level for play took: 0.001881
[2019.02.20-14.26.02:877][ 68]PIE: Play in editor start time for /Game/Levels/UEDPIE_0_Test_Level 0.742
[2019.02.20-14.26.06:066][447]LogSlate: Updating window title bar state: overlay mode, drag disabled, window buttons hidden, title bar hidden
[2019.02.20-14.26.06:103][447]LogPlayLevel: Display: Shutting down PIE online subsystems
[2019.02.20-14.26.06:125][447]LogSlate: Updating window title bar state: overlay mode, drag disabled, window buttons hidden, title bar hidden
[2019.02.20-14.26.06:173][451]LogPlayLevel: Display: Destroying online subsystem :Context_23
[2019.02.20-14.26.08:399][718]LogSlate: FSceneViewport::OnFocusLost() reason 0
[2019.02.20-14.26.12:388][192]LogAssetEditorManager: Opening Asset editor for Blueprint /Game/Blueprints/ProgrammingBlueprints/Test_Terminus_22XXGameModeBase.Test_Terminus_22XXGameModeBase
[2019.02.20-14.26.14:641][436]LogSlate: Window 'Test_Terminus_22XXGameModeBase' being destroyed
[2019.02.20-14.26.14:643][436]LogSlate: Window 'Test_Terminus_22XXGameModeBase' being destroyed
[2019.02.20-14.26.26:238][814]LogAssetEditorManager: Opening Asset editor for Blueprint /Game/Blueprints/ProgrammingBlueprints/Test2PlayerCharacter.Test2PlayerCharacter
[2019.02.20-14.26.26:461][814]LogSlate: Window 'Add Blueprint Class' being destroyed
[2019.02.20-14.26.34:564][747]LogSlate: FSceneViewport::OnFocusLost() reason 0
[2019.02.20-14.26.51:495][598]LogSlate: FSceneViewport::OnFocusLost() reason 0
[2019.02.20-14.26.58:329][350]LogSlate: FSceneViewport::OnFocusLost() reason 0
[2019.02.20-14.27.01:746][738]LogSlate: Prevented a slow task dialog from being summoned while a context menu was open
[2019.02.20-14.27.09:961][690]BlueprintLog: New page: Compile Test2PlayerCharacter
[2019.02.20-14.27.10:128][690]LogSavePackage: Moving '../../../../../../Renzy/Documents/Algonquin/Term 4/GAM1528 - High Level Development 2/Assignments/GOOB-master/Saved/Test2PlayerCharacterEEA0F3524CD5E5BE05EC4098ED04967A.tmp' to '../../../../../../Renzy/Documents/Algonquin/Term 4/GAM1528 - High Level Development 2/Assignments/GOOB-master/Content/Blueprints/ProgrammingBlueprints/Test2PlayerCharacter.uasset'
[2019.02.20-14.27.12:333][942]LogSlate: Window 'Test2PlayerCharacter' being destroyed
[2019.02.20-14.27.12:336][942]LogSlate: Window 'Test2PlayerCharacter' being destroyed
[2019.02.20-14.27.13:786][107]LogAssetEditorManager: Opening Asset editor for Blueprint /Game/Blueprints/ProgrammingBlueprints/Test_Terminus_22XXGameModeBase.Test_Terminus_22XXGameModeBase
[2019.02.20-14.27.15:286][258]LogSlate: Prevented a slow task dialog from being summoned while a context menu was open
[2019.02.20-14.27.17:785][548]BlueprintLog: New page: Compile Test_Terminus_22XXGameModeBase
[2019.02.20-14.27.17:914][548]LogSavePackage: Moving '../../../../../../Renzy/Documents/Algonquin/Term 4/GAM1528 - High Level Development 2/Assignments/GOOB-master/Saved/Test_Terminus_22XXGameModeBaseA375FBE64ED489EAD99A7F9968CDE950.tmp' to '../../../../../../Renzy/Documents/Algonquin/Term 4/GAM1528 - High Level Development 2/Assignments/GOOB-master/Content/Blueprints/ProgrammingBlueprints/Test_Terminus_22XXGameModeBase.uasset'
[2019.02.20-14.27.19:694][759]LogTemp: Repeating last play command: Selected Viewport
[2019.02.20-14.27.19:713][759]LogPlayLevel: PlayLevel: No blueprints needed recompiling
[2019.02.20-14.27.19:715][759]PIE: New page: PIE session: Test_Level (Feb 20, 2019, 4:27:19 AM)
[2019.02.20-14.27.19:715][759]LogPlayLevel: Creating play world package: /Game/Levels/UEDPIE_0_Test_Level
[2019.02.20-14.27.19:752][759]LogPlayLevel: PIE: StaticDuplicateObject took: (0.036860s)
[2019.02.20-14.27.19:752][759]LogAIModule: Creating AISystem for world Test_Level
[2019.02.20-14.27.19:753][759]LogPlayLevel: PIE: World Init took: (0.000644s)
[2019.02.20-14.27.19:753][759]LogPlayLevel: PIE: Created PIE world by copying editor world from /Game/Levels/Test_Level.Test_Level to /Game/Levels/UEDPIE_0_Test_Level.Test_Level (0.037839s)
[2019.02.20-14.27.19:829][759]LogInit: XAudio2 using 'Speakers (Sound BlasterX AE-5)' : 6 channels at 48 kHz using 32 bits per sample (channel mask 0x3f)
[2019.02.20-14.27.19:855][759]LogInit: FAudioDevice initialized.
[2019.02.20-14.27.19:889][759]LogLoad: Game class is 'Test_Terminus_22XXGameModeBase_C'
[2019.02.20-14.27.19:890][759]LogWorld: Bringing World /Game/Levels/UEDPIE_0_Test_Level.Test_Level up for play (max tick rate 0) at 2019.02.20-09.27.19
[2019.02.20-14.27.19:891][759]LogWorld: Bringing up level for play took: 0.001126
[2019.02.20-14.27.19:905][759]PIE: Play in editor start time for /Game/Levels/UEDPIE_0_Test_Level -0.231
[2019.02.20-14.27.24:651][324]LogSlate: Updating window title bar state: overlay mode, drag disabled, window buttons hidden, title bar hidden
[2019.02.20-14.27.24:683][324]LogPlayLevel: Display: Shutting down PIE online subsystems
[2019.02.20-14.27.24:708][324]LogSlate: Updating window title bar state: overlay mode, drag disabled, window buttons hidden, title bar hidden
[2019.02.20-14.27.24:755][328]LogPlayLevel: Display: Destroying online subsystem :Context_28
[2019.02.20-14.27.27:342][638]LogSlate: FSceneViewport::OnFocusLost() reason 0
[2019.02.20-14.27.27:434][649]LogTemp: Repeating last play command: Selected Viewport
[2019.02.20-14.27.27:453][649]LogPlayLevel: PlayLevel: No blueprints needed recompiling
[2019.02.20-14.27.27:453][649]PIE: New page: PIE session: Test_Level (Feb 20, 2019, 4:27:27 AM)
[2019.02.20-14.27.27:453][649]LogPlayLevel: Creating play world package: /Game/Levels/UEDPIE_0_Test_Level
[2019.02.20-14.27.27:465][649]LogPlayLevel: PIE: StaticDuplicateObject took: (0.011133s)
[2019.02.20-14.27.27:465][649]LogAIModule: Creating AISystem for world Test_Level
[2019.02.20-14.27.27:465][649]LogPlayLevel: PIE: World Init took: (0.000625s)
[2019.02.20-14.27.27:465][649]LogPlayLevel: PIE: Created PIE world by copying editor world from /Game/Levels/Test_Level.Test_Level to /Game/Levels/UEDPIE_0_Test_Level.Test_Level (0.012098s)
[2019.02.20-14.27.27:537][649]LogInit: XAudio2 using 'Speakers (Sound BlasterX AE-5)' : 6 channels at 48 kHz using 32 bits per sample (channel mask 0x3f)
[2019.02.20-14.27.27:558][649]LogInit: FAudioDevice initialized.
[2019.02.20-14.27.27:589][649]LogLoad: Game class is 'Test_Terminus_22XXGameModeBase_C'
[2019.02.20-14.27.27:590][649]LogWorld: Bringing World /Game/Levels/UEDPIE_0_Test_Level.Test_Level up for play (max tick rate 0) at 2019.02.20-09.27.27
[2019.02.20-14.27.27:591][649]LogWorld: Bringing up level for play took: 0.000951
[2019.02.20-14.27.27:605][649]PIE: Play in editor start time for /Game/Levels/UEDPIE_0_Test_Level -0.53
[2019.02.20-14.27.42:432][426]LogSlate: Updating window title bar state: overlay mode, drag disabled, window buttons hidden, title bar hidden
[2019.02.20-14.27.42:469][426]LogPlayLevel: Display: Shutting down PIE online subsystems
[2019.02.20-14.27.42:492][426]LogSlate: Updating window title bar state: overlay mode, drag disabled, window buttons hidden, title bar hidden
[2019.02.20-14.27.42:538][430]LogPlayLevel: Display: Destroying online subsystem :Context_29
[2019.02.20-14.27.48:693][166]LogSlate: FSceneViewport::OnFocusLost() reason 0
[2019.02.20-14.27.48:862][185]LogAssetEditorManager: Opening Asset editor for Blueprint /Game/Blueprints/ProgrammingBlueprints/TestT22XX_Shotgun.TestT22XX_Shotgun
[2019.02.20-14.28.03:771][923]LogSlate: FSceneViewport::OnFocusLost() reason 0
[2019.02.20-14.28.03:838][931]BlueprintLog: New page: Compile TestT22XX_Shotgun
[2019.02.20-14.28.03:991][931]LogSavePackage: Moving '../../../../../../Renzy/Documents/Algonquin/Term 4/GAM1528 - High Level Development 2/Assignments/GOOB-master/Saved/TestT22XX_Shotgun9182284448B57BEC47B7BFB9F5978E06.tmp' to '../../../../../../Renzy/Documents/Algonquin/Term 4/GAM1528 - High Level Development 2/Assignments/GOOB-master/Content/Blueprints/ProgrammingBlueprints/TestT22XX_Shotgun.uasset'
[2019.02.20-14.28.06:681][236]LogAssetEditorManager: Opening Asset editor for Blueprint /Game/Blueprints/ProgrammingBlueprints/TestT22XX_Vampyr.TestT22XX_Vampyr
[2019.02.20-14.28.08:209][380]LogAssetEditorManager: Opening Asset editor for Blueprint /Game/Blueprints/ProgrammingBlueprints/TestT22XX_Vampyr.TestT22XX_Vampyr
[2019.02.20-14.28.13:686][992]LogSlate: FSceneViewport::OnFocusLost() reason 0
[2019.02.20-14.28.14:706][113]LogAssetEditorManager: Opening Asset editor for Blueprint /Game/Blueprints/ProgrammingBlueprints/TestT22XX_Railgun.TestT22XX_Railgun
[2019.02.20-14.28.23:023][ 62]LogSlate: FSceneViewport::OnFocusLost() reason 0
[2019.02.20-14.28.23:090][ 70]BlueprintLog: New page: Compile TestT22XX_Railgun
[2019.02.20-14.28.23:274][ 70]LogSavePackage: Moving '../../../../../../Renzy/Documents/Algonquin/Term 4/GAM1528 - High Level Development 2/Assignments/GOOB-master/Saved/TestT22XX_Railgun72817AD34F722EA92CE3CA9D60B15B95.tmp' to '../../../../../../Renzy/Documents/Algonquin/Term 4/GAM1528 - High Level Development 2/Assignments/GOOB-master/Content/Blueprints/ProgrammingBlueprints/TestT22XX_Railgun.uasset'
[2019.02.20-14.28.24:325][191]BlueprintLog: New page: Compile TestT22XX_Vampyr
[2019.02.20-14.28.24:492][191]LogSavePackage: Moving '../../../../../../Renzy/Documents/Algonquin/Term 4/GAM1528 - High Level Development 2/Assignments/GOOB-master/Saved/TestT22XX_Vampyr045AD6E244A17D7D14BD0FB2B8298290.tmp' to '../../../../../../Renzy/Documents/Algonquin/Term 4/GAM1528 - High Level Development 2/Assignments/GOOB-master/Content/Blueprints/ProgrammingBlueprints/TestT22XX_Vampyr.uasset'
[2019.02.20-14.28.26:065][377]LogSlate: Window 'TestT22XX_Railgun' being destroyed
[2019.02.20-14.28.26:067][377]LogSlate: Window 'TestT22XX_Railgun' being destroyed
[2019.02.20-14.28.26:116][377]LogActorComponent: UnregisterComponent: (/Engine/Transient.EditorFloorComp) Not registered. Aborting.
[2019.02.20-14.28.26:165][377]LogActorComponent: UnregisterComponent: (/Engine/Transient.EditorFloorComp) Not registered. Aborting.
[2019.02.20-14.28.26:215][377]LogActorComponent: UnregisterComponent: (/Engine/Transient.EditorFloorComp) Not registered. Aborting.
[2019.02.20-14.28.27:961][579]LogAssetEditorManager: Opening Asset editor for Blueprint /Game/Blueprints/ProgrammingBlueprints/Test2PlayerCharacter.Test2PlayerCharacter
[2019.02.20-14.28.29:546][718]LogSlate: Window 'Test2PlayerCharacter' being destroyed
[2019.02.20-14.28.29:619][718]LogAssetEditorManager: Opening Asset editor for Blueprint /Game/Blueprints/ProgrammingBlueprints/Test2PlayerCharacter.Test2PlayerCharacter
[2019.02.20-14.28.31:900][955]BlueprintLog: New page: Compile Test2PlayerCharacter
[2019.02.20-14.28.32:074][955]LogSavePackage: Moving '../../../../../../Renzy/Documents/Algonquin/Term 4/GAM1528 - High Level Development 2/Assignments/GOOB-master/Saved/Test2PlayerCharacter76D9BA6B43204F49DE8EDEA8CBFCD76F.tmp' to '../../../../../../Renzy/Documents/Algonquin/Term 4/GAM1528 - High Level Development 2/Assignments/GOOB-master/Content/Blueprints/ProgrammingBlueprints/Test2PlayerCharacter.uasset'
[2019.02.20-14.28.33:431][111]LogTemp: Repeating last play command: Selected Viewport
[2019.02.20-14.28.33:450][111]LogPlayLevel: PlayLevel: No blueprints needed recompiling
[2019.02.20-14.28.33:451][111]PIE: New page: PIE session: Test_Level (Feb 20, 2019, 4:28:33 AM)
[2019.02.20-14.28.33:451][111]LogPlayLevel: Creating play world package: /Game/Levels/UEDPIE_0_Test_Level
[2019.02.20-14.28.33:461][111]LogPlayLevel: PIE: StaticDuplicateObject took: (0.010180s)
[2019.02.20-14.28.33:461][111]LogAIModule: Creating AISystem for world Test_Level
[2019.02.20-14.28.33:462][111]LogPlayLevel: PIE: World Init took: (0.000612s)
[2019.02.20-14.28.33:462][111]LogPlayLevel: PIE: Created PIE world by copying editor world from /Game/Levels/Test_Level.Test_Level to /Game/Levels/UEDPIE_0_Test_Level.Test_Level (0.011099s)
[2019.02.20-14.28.33:506][111]LogInit: XAudio2 using 'Speakers (Sound BlasterX AE-5)' : 6 channels at 48 kHz using 32 bits per sample (channel mask 0x3f)
[2019.02.20-14.28.33:520][111]LogInit: FAudioDevice initialized.
[2019.02.20-14.28.33:556][111]LogLoad: Game class is 'Test_Terminus_22XXGameModeBase_C'
[2019.02.20-14.28.33:557][111]LogWorld: Bringing World /Game/Levels/UEDPIE_0_Test_Level.Test_Level up for play (max tick rate 0) at 2019.02.20-09.28.33
[2019.02.20-14.28.33:557][111]LogWorld: Bringing up level for play took: 0.000917
[2019.02.20-14.28.33:572][111]PIE: Play in editor start time for /Game/Levels/UEDPIE_0_Test_Level -0.564
[2019.02.20-14.28.45:476][537]LogSlate: FSceneViewport::OnFocusLost() reason 2
[2019.02.20-14.29.29:103][639]LogSlate: Updating window title bar state: overlay mode, drag disabled, window buttons hidden, title bar hidden
[2019.02.20-14.29.29:138][639]LogPlayLevel: Display: Shutting down PIE online subsystems
[2019.02.20-14.29.29:162][639]LogSlate: Updating window title bar state: overlay mode, drag disabled, window buttons hidden, title bar hidden
[2019.02.20-14.29.29:204][642]LogPlayLevel: Display: Destroying online subsystem :Context_36
[2019.02.20-14.29.31:555][924]LogSlate: FSceneViewport::OnFocusLost() reason 0
[2019.02.20-14.29.38:427][145]LogSlate: Window 'Delete Assets' being destroyed
[2019.02.20-14.29.38:432][145]LogSlate: Window 'Test2PlayerCharacter' being destroyed
[2019.02.20-14.29.46:103][926]LogSavePackage: Moving '../../../../../../Renzy/Documents/Algonquin/Term 4/GAM1528 - High Level Development 2/Assignments/GOOB-master/Saved/TestPlayerCharacter4E769E5348B1DBBA65C27A99097ECF17.tmp' to '../../../../../../Renzy/Documents/Algonquin/Term 4/GAM1528 - High Level Development 2/Assignments/GOOB-master/Content/Blueprints/ProgrammingBlueprints/TestPlayerCharacter.uasset'
[2019.02.20-14.29.46:108][926]LogMetaData: Removing '/Game/Blueprints/ProgrammingBlueprints/TestPlayerCharacter.TestPlayerCharacter:UserConstructionScript.K2Node_FunctionEntry_0' ref from Metadata '/Game/Blueprints/ProgrammingBlueprints/Test2PlayerCharacter.PackageMetaData'
[2019.02.20-14.29.46:108][926]LogMetaData: Removing '/Game/Blueprints/ProgrammingBlueprints/TestPlayerCharacter.SKEL_TestPlayerCharacter_C' ref from Metadata '/Game/Blueprints/ProgrammingBlueprints/Test2PlayerCharacter.PackageMetaData'
[2019.02.20-14.29.46:108][926]LogMetaData: Removing '/Game/Blueprints/ProgrammingBlueprints/TestPlayerCharacter.TestPlayerCharacter_C' ref from Metadata '/Game/Blueprints/ProgrammingBlueprints/Test2PlayerCharacter.PackageMetaData'
[2019.02.20-14.29.46:108][926]LogMetaData: Removing '/Game/Blueprints/ProgrammingBlueprints/TestPlayerCharacter.TestPlayerCharacter:EventGraph.K2Node_Event_0' ref from Metadata '/Game/Blueprints/ProgrammingBlueprints/Test2PlayerCharacter.PackageMetaData'
[2019.02.20-14.29.46:108][926]LogMetaData: Removing '/Game/Blueprints/ProgrammingBlueprints/TestPlayerCharacter.TestPlayerCharacter:EventGraph.K2Node_Event_1' ref from Metadata '/Game/Blueprints/ProgrammingBlueprints/Test2PlayerCharacter.PackageMetaData'
[2019.02.20-14.29.46:108][926]LogMetaData: Removing '/Game/Blueprints/ProgrammingBlueprints/TestPlayerCharacter.TestPlayerCharacter:EventGraph.K2Node_Event_2' ref from Metadata '/Game/Blueprints/ProgrammingBlueprints/Test2PlayerCharacter.PackageMetaData'
[2019.02.20-14.29.46:151][926]LogSavePackage: Moving '../../../../../../Renzy/Documents/Algonquin/Term 4/GAM1528 - High Level Development 2/Assignments/GOOB-master/Saved/TestPlayerCharacter6D7A42FE4EDEF0DEADB4B5A52947CF34.tmp' to '../../../../../../Renzy/Documents/Algonquin/Term 4/GAM1528 - High Level Development 2/Assignments/GOOB-master/Content/Blueprints/ProgrammingBlueprints/TestPlayerCharacter.uasset'
[2019.02.20-14.29.46:323][926]LogSavePackage: Moving '../../../../../../Renzy/Documents/Algonquin/Term 4/GAM1528 - High Level Development 2/Assignments/GOOB-master/Saved/Test_Terminus_22XXGameModeBaseD77167254DDFF8856274FB87385547E8.tmp' to '../../../../../../Renzy/Documents/Algonquin/Term 4/GAM1528 - High Level Development 2/Assignments/GOOB-master/Content/Blueprints/ProgrammingBlueprints/Test_Terminus_22XXGameModeBase.uasset'
[2019.02.20-14.29.50:239][393]LogTemp: Repeating last play command: Selected Viewport
[2019.02.20-14.29.50:261][393]LogPlayLevel: PlayLevel: No blueprints needed recompiling
[2019.02.20-14.29.50:261][393]PIE: New page: PIE session: Test_Level (Feb 20, 2019, 4:29:50 AM)
[2019.02.20-14.29.50:261][393]LogPlayLevel: Creating play world package: /Game/Levels/UEDPIE_0_Test_Level
[2019.02.20-14.29.50:272][393]LogPlayLevel: PIE: StaticDuplicateObject took: (0.010424s)
[2019.02.20-14.29.50:272][393]LogAIModule: Creating AISystem for world Test_Level
[2019.02.20-14.29.50:273][393]LogPlayLevel: PIE: World Init took: (0.000649s)
[2019.02.20-14.29.50:273][393]LogPlayLevel: PIE: Created PIE world by copying editor world from /Game/Levels/Test_Level.Test_Level to /Game/Levels/UEDPIE_0_Test_Level.Test_Level (0.011335s)
[2019.02.20-14.29.50:317][393]LogInit: XAudio2 using 'Speakers (Sound BlasterX AE-5)' : 6 channels at 48 kHz using 32 bits per sample (channel mask 0x3f)
[2019.02.20-14.29.50:331][393]LogInit: FAudioDevice initialized.
[2019.02.20-14.29.50:426][393]LogLoad: Game class is 'Test_Terminus_22XXGameModeBase_C'
[2019.02.20-14.29.50:428][393]LogWorld: Bringing World /Game/Levels/UEDPIE_0_Test_Level.Test_Level up for play (max tick rate 0) at 2019.02.20-09.29.50
[2019.02.20-14.29.50:428][393]LogWorld: Bringing up level for play took: 0.001027
[2019.02.20-14.29.50:441][393]PIE: Play in editor start time for /Game/Levels/UEDPIE_0_Test_Level 0.306
[2019.02.20-14.29.53:226][725]LogSlate: Updating window title bar state: overlay mode, drag disabled, window buttons hidden, title bar hidden
[2019.02.20-14.29.53:262][725]LogPlayLevel: Display: Shutting down PIE online subsystems
[2019.02.20-14.29.53:285][725]LogSlate: Updating window title bar state: overlay mode, drag disabled, window buttons hidden, title bar hidden
[2019.02.20-14.29.53:326][729]LogPlayLevel: Display: Destroying online subsystem :Context_38
