Log file open, 02/22/19 12:32:27
LogWindows: Failed to load 'aqProf.dll' (GetLastError=126)
LogWindows: File 'aqProf.dll' does not exist
LogWindows: Failed to load 'VSPerf140.dll' (GetLastError=126)
LogWindows: File 'VSPerf140.dll' does not exist
LogWindows: Failed to load 'VtuneApi.dll' (GetLastError=126)
LogWindows: File 'VtuneApi.dll' does not exist
LogWindows: Failed to load 'VtuneApi32e.dll' (GetLastError=126)
LogWindows: File 'VtuneApi32e.dll' does not exist
LogInit: Display: Running engine for game: Terminus_22XX
LogPlatformFile: Not using cached read wrapper
LogTaskGraph: Started task graph with 5 named threads and 14 total threads with 3 sets of task threads.
LogStats: Stats thread started at 0.291089
LogD3D11RHI: Loaded GFSDK_Aftermath_Lib.x64.dll
LogICUInternationalization: Display: ICU TimeZone Detection - Raw Offset: -5:00, Platform Override: ''
LogPluginManager: Mounting plugin Paper2D
LogPluginManager: Mounting plugin AISupport
LogPluginManager: Mounting plugin LightPropagationVolume
LogPluginManager: Mounting plugin CLionSourceCodeAccess
LogPluginManager: Mounting plugin CodeLiteSourceCodeAccess
LogPluginManager: Mounting plugin GitSourceControl
LogPluginManager: Mounting plugin KDevelopSourceCodeAccess
LogPluginManager: Mounting plugin NullSourceCodeAccess
LogPluginManager: Mounting plugin PerforceSourceControl
LogPluginManager: Mounting plugin SubversionSourceControl
LogPluginManager: Mounting plugin UObjectPlugin
LogPluginManager: Mounting plugin VisualStudioCodeSourceCodeAccess
LogPluginManager: Mounting plugin VisualStudioSourceCodeAccess
LogPluginManager: Mounting plugin XCodeSourceCodeAccess
LogPluginManager: Mounting plugin AssetManagerEditor
LogPluginManager: Mounting plugin CryptoKeys
LogPluginManager: Mounting plugin DataValidation
LogPluginManager: Mounting plugin FacialAnimation
LogPluginManager: Mounting plugin GameplayTagsEditor
LogPluginManager: Mounting plugin MacGraphicsSwitching
LogPluginManager: Mounting plugin MeshEditor
LogPluginManager: Mounting plugin MobileLauncherProfileWizard
LogPluginManager: Mounting plugin PluginBrowser
LogPluginManager: Mounting plugin SpeedTreeImporter
LogPluginManager: Mounting plugin DatasmithContent
LogPluginManager: Mounting plugin AlembicImporter
LogPluginManager: Mounting plugin AppleImageUtils
LogPluginManager: Mounting plugin AppleVision
LogPluginManager: Mounting plugin BackChannel
LogPluginManager: Mounting plugin CharacterAI
LogPluginManager: Mounting plugin GeometryCache
LogPluginManager: Mounting plugin HTML5Networking
LogPluginManager: Mounting plugin ProxyLODPlugin
LogPluginManager: Mounting plugin MagicLeap
LogPluginManager: Mounting plugin MagicLeapEmulator
LogPluginManager: Mounting plugin MagicLeapMedia
LogPluginManager: Mounting plugin AndroidMedia
LogPluginManager: Mounting plugin AvfMedia
LogPluginManager: Mounting plugin ImgMedia
LogPluginManager: Mounting plugin LinearTimecode
LogPluginManager: Mounting plugin MediaCompositing
LogPluginManager: Mounting plugin MediaPlayerEditor
LogPluginManager: Mounting plugin WmfMedia
LogPluginManager: Mounting plugin TcpMessaging
LogPluginManager: Mounting plugin UdpMessaging
LogPluginManager: Mounting plugin ActorSequence
LogPluginManager: Mounting plugin LevelSequenceEditor
LogPluginManager: Mounting plugin MatineeToLevelSequence
LogPluginManager: Mounting plugin NetcodeUnitTest
LogPluginManager: Mounting plugin NUTUnrealEngine4
LogPluginManager: Mounting plugin OnlineSubsystemGooglePlay
LogPluginManager: Mounting plugin OnlineSubsystemIOS
LogPluginManager: Mounting plugin OnlineSubsystem
LogPluginManager: Mounting plugin OnlineSubsystemNull
LogPluginManager: Mounting plugin OnlineSubsystemUtils
LogPluginManager: Mounting plugin LauncherChunkInstaller
LogPluginManager: Mounting plugin AndroidDeviceProfileSelector
LogPluginManager: Mounting plugin AndroidMoviePlayer
LogPluginManager: Mounting plugin AndroidPermission
LogPluginManager: Mounting plugin AppleMoviePlayer
LogPluginManager: Mounting plugin ArchVisCharacter
LogPluginManager: Mounting plugin AudioCapture
LogPluginManager: Mounting plugin CableComponent
LogPluginManager: Mounting plugin CustomMeshComponent
LogPluginManager: Mounting plugin EditableMesh
LogPluginManager: Mounting plugin ExampleDeviceProfileSelector
LogPluginManager: Mounting plugin GoogleCloudMessaging
LogPluginManager: Mounting plugin ImmediatePhysics
LogPluginManager: Mounting plugin IOSDeviceProfileSelector
LogPluginManager: Mounting plugin LinuxDeviceProfileSelector
LogPluginManager: Mounting plugin LocationServicesBPLibrary
LogPluginManager: Mounting plugin MobilePatchingUtils
LogPluginManager: Mounting plugin OculusVR
LogPluginManager: Plugin shader directory ../../../Engine/Plugins/Runtime/Oculus/OculusVR/Shaders found
LogPluginManager: Mapping shader source directory ../../../Engine/Plugins/Runtime/Oculus/OculusVR/Shaders to virtual directory /Plugin/OculusVR
LogPluginManager: Mounting plugin PhysXVehicles
LogPluginManager: Mounting plugin ProceduralMeshComponent
LogPluginManager: Mounting plugin RuntimePhysXCooking
LogPluginManager: Mounting plugin SteamVR
LogPluginManager: Mounting plugin WindowsMoviePlayer
LogStreaming: Display: Took  0.163s to configure plugins.
LogInit: Using libcurl 7.55.1-DEV
LogInit:  - built for x86_64-pc-win32
LogInit:  - supports SSL with OpenSSL/1.0.2h
LogInit:  - supports HTTP deflate (compression) using libz 1.2.8
LogInit:  - other features:
LogInit:      CURL_VERSION_SSL
LogInit:      CURL_VERSION_LIBZ
LogInit:      CURL_VERSION_IPV6
LogInit:      CURL_VERSION_ASYNCHDNS
LogInit:      CURL_VERSION_LARGEFILE
LogInit:      CURL_VERSION_IDN
LogInit:  CurlRequestOptions (configurable via config and command line):
LogInit:  - bVerifyPeer = false  - Libcurl will NOT verify peer certificate
LogInit:  - bUseHttpProxy = false  - Libcurl will NOT use HTTP proxy
LogInit:  - bDontReuseConnections = false  - Libcurl will reuse connections
LogInit:  - CertBundlePath = nullptr  - Libcurl will use whatever was configured at build time.
LogInit:  - MaxHostConnections = 16  - Libcurl will limit the number of connections to a host
LogInit:  - LocalHostAddr = Default
LogInit:  - BufferSize = 65536
LogInit: WinSock: version 1.1 (2.2), MaxSocks=32767, MaxUdp=65467
LogInit: Build: ++UE4+Release-4.20-CL-4369336
LogInit: Engine Version: 4.20.3-4369336+++UE4+Release-4.20
LogInit: Compatible Engine Version: 4.20.0-4212847+++UE4+Release-4.20
LogInit: Net CL: 4212847
LogInit: OS: Windows 10 (), CPU: Intel(R) Core(TM) i5-6600K CPU @ 3.50GHz, GPU: NVIDIA GeForce GTX 1060 6GB
LogInit: Compiled (64-bit): Sep 17 2018 12:26:19
LogInit: Compiled with Visual C++: 19.13.26129.00
LogInit: Build Configuration: Development
LogInit: Branch Name: ++UE4+Release-4.20
LogInit: Command Line:  -skipcompile
LogInit: Base Directory: F:/Program Files (x86)/Epic Games/UE_4.20/Engine/Binaries/Win64/
LogInit: Installed Engine Build: 1
LogDevObjectVersion: Number of dev versions registered: 20
LogDevObjectVersion:   Dev-Blueprints (B0D832E4-1F89-4F0D-ACCF-7EB736FD4AA2): 10
LogDevObjectVersion:   Dev-Build (E1C64328-A22C-4D53-A36C-8E866417BD8C): 0
LogDevObjectVersion:   Dev-Core (375EC13C-06E4-48FB-B500-84F0262A717E): 2
LogDevObjectVersion:   Dev-Editor (E4B068ED-F494-42E9-A231-DA0B2E46BB41): 24
LogDevObjectVersion:   Dev-Framework (CFFC743F-43B0-4480-9391-14DF171D2073): 34
LogDevObjectVersion:   Dev-Mobile (B02B49B5-BB20-44E9-A304-32B752E40360): 2
LogDevObjectVersion:   Dev-Networking (A4E4105C-59A1-49B5-A7C5-40C4547EDFEE): 0
LogDevObjectVersion:   Dev-Online (39C831C9-5AE6-47DC-9A44-9C173E1C8E7C): 0
LogDevObjectVersion:   Dev-Physics (78F01B33-EBEA-4F98-B9B4-84EACCB95AA2): 0
LogDevObjectVersion:   Dev-Platform (6631380F-2D4D-43E0-8009-CF276956A95A): 0
LogDevObjectVersion:   Dev-Rendering (12F88B9F-8875-4AFC-A67C-D90C383ABD29): 26
LogDevObjectVersion:   Dev-Sequencer (7B5AE74C-D270-4C10-A958-57980B212A5A): 9
LogDevObjectVersion:   Dev-VR (D7296918-1DD6-4BDD-9DE2-64A83CC13884): 2
LogDevObjectVersion:   Dev-LoadTimes (C2A15278-BFE7-4AFE-6C17-90FF531DF755): 1
LogDevObjectVersion:   Private-Geometry (6EACA3D4-40EC-4CC1-B786-8BED09428FC5): 3
LogDevObjectVersion:   Dev-AnimPhys (29E575DD-E0A3-4627-9D10-D276232CDCEA): 17
LogDevObjectVersion:   Dev-ReflectionCapture (6B266CEC-1EC7-4B8F-A30B-E4D90942FC07): 1
LogDevObjectVersion:   Dev-Automation (0DF73D61-A23F-47EA-B727-89E90C41499A): 1
LogDevObjectVersion:   FortniteMain (601D1886-AC64-4F84-AA16-D3DE0DEAC7D6): 12
LogDevObjectVersion:   Dev-Enterprise (9DFFBCD6-494F-0158-E221-12823C92A888): 1
LogStreaming: Display: Took  0.002s to delete old logs.
LogInit: Presizing for max 8388607 objects, including 0 objects not considered by GC, pre-allocating 0 bytes for permanent pool.
LogInit: Object subsystem initialized
[2019.02.22-17.32.27:806][  0]LogInit: Selected Device Profile: [Windows]
[2019.02.22-17.32.27:807][  0]LogInit: Applying CVar settings loaded from the selected device profile: [Windows]
[2019.02.22-17.32.27:820][  0]LogHAL: Display: Platform has ~ 16 GB [17136545792 / 17179869184 / 16], which maps to Larger [LargestMinGB=32, LargerMinGB=12, DefaultMinGB=8, SmallerMinGB=6, SmallestMinGB=0)
[2019.02.22-17.32.27:820][  0]LogInit: Setting Device Profile CVar: [[r.Vulkan.UseRealUBs:1]]
[2019.02.22-17.32.27:820][  0]LogInit: Going up to parent DeviceProfile []
[2019.02.22-17.32.27:821][  0]LogInit: Computer: RENZY-GAMING
[2019.02.22-17.32.27:822][  0]LogInit: User: Renzy
[2019.02.22-17.32.27:823][  0]LogInit: CPU Page size=4096, Cores=4
[2019.02.22-17.32.27:823][  0]LogInit: High frequency timer resolution =3.421871 MHz
[2019.02.22-17.32.27:823][  0]LogMemory: Memory total: Physical=16.0GB (16GB approx)
[2019.02.22-17.32.27:823][  0]LogMemory: Platform Memory Stats for Windows
[2019.02.22-17.32.27:823][  0]LogMemory: Process Physical Memory: 101.80 MB used, 101.80 MB peak
[2019.02.22-17.32.27:823][  0]LogMemory: Process Virtual Memory: 92.35 MB used, 92.35 MB peak
[2019.02.22-17.32.27:823][  0]LogMemory: Physical Memory: 9113.71 MB used,  7228.98 MB free, 16342.68 MB total
[2019.02.22-17.32.27:823][  0]LogMemory: Virtual Memory: 4633.35 MB used,  7228.98 MB free, 134217728.00 MB total
[2019.02.22-17.32.27:968][  0]LogInit: Using OS detected language (en-US).
[2019.02.22-17.32.27:968][  0]LogInit: Using OS detected locale (en-CA).
[2019.02.22-17.32.27:970][  0]LogTextLocalizationManager: No specific localization for 'en-US' exists, so the 'en' localization will be used.
[2019.02.22-17.32.28:278][  0]LogStreaming: Display: Took  0.310s to InitEngineTextLocalization.
[2019.02.22-17.32.28:279][  0]LogInit: Setting process to per monitor DPI aware
[2019.02.22-17.32.28:335][  0]LogSlate: New Slate User Created.  User Index 0, Is Virtual User: 0
[2019.02.22-17.32.28:335][  0]LogSlate: Slate User Registered.  User Index 0, Is Virtual User: 0
[2019.02.22-17.32.28:595][  0]LogHMD: Failed to initialize OpenVR with code 110
[2019.02.22-17.32.28:595][  0]LogD3D11RHI: D3D11 adapters:
[2019.02.22-17.32.28:665][  0]LogD3D11RHI:    0. 'NVIDIA GeForce GTX 1060 6GB' (Feature Level 11_0)
[2019.02.22-17.32.28:665][  0]LogD3D11RHI:       6052/0/8171 MB DedicatedVideo/DedicatedSystem/SharedSystem, Outputs:2, VendorId:0x10de
[2019.02.22-17.32.28:675][  0]LogD3D11RHI:    1. 'Microsoft Basic Render Driver' (Feature Level 11_0)
[2019.02.22-17.32.28:675][  0]LogD3D11RHI:       0/0/8171 MB DedicatedVideo/DedicatedSystem/SharedSystem, Outputs:0, VendorId:0x1414
[2019.02.22-17.32.28:675][  0]LogD3D11RHI: Chosen D3D11 Adapter: 0
[2019.02.22-17.32.28:682][  0]LogD3D11RHI: Creating new Direct3DDevice
[2019.02.22-17.32.28:682][  0]LogD3D11RHI:     GPU DeviceId: 0x1c03 (for the marketing name, search the web for "GPU Device Id")
[2019.02.22-17.32.28:683][  0]LogWindows: EnumDisplayDevices:
[2019.02.22-17.32.28:683][  0]LogWindows:    0. 'NVIDIA GeForce GTX 1060 6GB' (P:1 D:1)
[2019.02.22-17.32.28:683][  0]LogWindows:    1. 'NVIDIA GeForce GTX 1060 6GB' (P:0 D:1)
[2019.02.22-17.32.28:683][  0]LogWindows:    2. 'NVIDIA GeForce GTX 1060 6GB' (P:0 D:0)
[2019.02.22-17.32.28:683][  0]LogWindows:    3. 'NVIDIA GeForce GTX 1060 6GB' (P:0 D:0)
[2019.02.22-17.32.28:684][  0]LogWindows: DebugString: FoundDriverCount:4 
[2019.02.22-17.32.28:684][  0]LogD3D11RHI:     Adapter Name: NVIDIA GeForce GTX 1060 6GB
[2019.02.22-17.32.28:684][  0]LogD3D11RHI:   Driver Version: 418.81 (internal:25.21.14.1881, unified:418.81)
[2019.02.22-17.32.28:684][  0]LogD3D11RHI:      Driver Date: 1-30-2019
[2019.02.22-17.32.28:684][  0]LogRHI: Texture pool is 4236 MB (70% of 6052 MB)
[2019.02.22-17.32.28:720][  0]LogD3D11RHI: Async texture creation enabled
[2019.02.22-17.32.28:742][  0]LogD3D11RHI: GPU Timing Frequency: 1000.000000 (Debug: 2 1)
[2019.02.22-17.32.28:833][  0]LogShaderCompilers: Guid format shader working directory is -64 characters bigger than the processId version (../../../../../../Renzy/Documents/Algonquin/Term 4/GAM1528 - High Level Development 2/Assignments/GOOB-master/Intermediate/Shaders/WorkingDirectory/17664/).
[2019.02.22-17.32.28:833][  0]LogShaderCompilers: Cleaned the shader compiler working directory 'C:/Users/Renzy/AppData/Local/Temp/UnrealShaderWorkingDir/2D3196BD4DA77D58A4E660851BE1120B/'.
[2019.02.22-17.32.29:057][  0]LogTemp: Display: Loaded TP AllDesktopTargetPlatform
[2019.02.22-17.32.29:070][  0]LogTemp: Display: Loaded TP MacClientTargetPlatform
[2019.02.22-17.32.29:082][  0]LogTemp: Display: Loaded TP MacNoEditorTargetPlatform
[2019.02.22-17.32.29:095][  0]LogTemp: Display: Loaded TP MacServerTargetPlatform
[2019.02.22-17.32.29:111][  0]LogTemp: Display: Loaded TP MacTargetPlatform
[2019.02.22-17.32.29:123][  0]LogTemp: Display: Loaded TP WindowsClientTargetPlatform
[2019.02.22-17.32.29:135][  0]LogTemp: Display: Loaded TP WindowsNoEditorTargetPlatform
[2019.02.22-17.32.29:148][  0]LogTemp: Display: Loaded TP WindowsServerTargetPlatform
[2019.02.22-17.32.29:154][  0]LogTemp: Display: Loaded TP WindowsTargetPlatform
[2019.02.22-17.32.29:216][  0]LogTemp: Display: Loaded TP AndroidTargetPlatform
[2019.02.22-17.32.29:216][  0]LogTemp: Display: Loaded TP AndroidTargetPlatform
[2019.02.22-17.32.29:216][  0]LogTemp: Display: Loaded TP AndroidTargetPlatform
[2019.02.22-17.32.29:216][  0]LogTemp: Display: Loaded TP AndroidTargetPlatform
[2019.02.22-17.32.29:216][  0]LogTemp: Display: Loaded TP AndroidTargetPlatform
[2019.02.22-17.32.29:216][  0]LogTemp: Display: Loaded TP AndroidTargetPlatform
[2019.02.22-17.32.29:216][  0]LogTemp: Display: Loaded TP AndroidTargetPlatform
[2019.02.22-17.32.29:216][  0]LogTemp: Display: Loaded TP AndroidTargetPlatform
[2019.02.22-17.32.29:216][  0]LogTemp: Display: Loaded TP AndroidTargetPlatform
[2019.02.22-17.32.29:216][  0]LogTemp: Display: Loaded TP AndroidTargetPlatform
[2019.02.22-17.32.29:216][  0]LogTemp: Display: Loaded TP AndroidTargetPlatform
[2019.02.22-17.32.29:216][  0]LogTemp: Display: Loaded TP AndroidTargetPlatform
[2019.02.22-17.32.29:216][  0]LogTemp: Display: Loaded TP AndroidTargetPlatform
[2019.02.22-17.32.29:216][  0]LogTemp: Display: Loaded TP AndroidTargetPlatform
[2019.02.22-17.32.29:216][  0]LogTemp: Display: Loaded TP AndroidTargetPlatform
[2019.02.22-17.32.29:216][  0]LogTemp: Display: Loaded TP AndroidTargetPlatform
[2019.02.22-17.32.29:216][  0]LogTemp: Display: Loaded TP AndroidTargetPlatform
[2019.02.22-17.32.29:216][  0]LogTemp: Display: Loaded TP AndroidTargetPlatform
[2019.02.22-17.32.29:219][  0]LogTemp: Display: Loaded TP HTML5TargetPlatform
[2019.02.22-17.32.29:284][  0]LogTemp: Display: Loaded TP IOSTargetPlatform
[2019.02.22-17.32.29:284][  0]LogTemp: Display: Loaded TP IOSTargetPlatform
[2019.02.22-17.32.29:304][  0]LogTemp: Display: Loaded TP TVOSTargetPlatform
[2019.02.22-17.32.29:304][  0]LogTemp: Display: Loaded TP TVOSTargetPlatform
[2019.02.22-17.32.29:316][  0]LogTemp: Display: Loaded TP LinuxClientTargetPlatform
[2019.02.22-17.32.29:332][  0]LogTemp: Display: Loaded TP LinuxNoEditorTargetPlatform
[2019.02.22-17.32.29:349][  0]LogTemp: Display: Loaded TP LinuxServerTargetPlatform
[2019.02.22-17.32.29:361][  0]LogTemp: Display: Loaded TP LinuxTargetPlatform
[2019.02.22-17.32.29:370][  0]LogTemp: Display: Loaded TP LuminTargetPlatform
[2019.02.22-17.32.29:370][  0]LogTargetPlatformManager: Display: Building Assets For Windows
[2019.02.22-17.32.29:454][  0]LogXGEController: Cleaning working directory: C:/Users/Renzy/AppData/Local/Temp/UnrealXGEWorkingDir/
[2019.02.22-17.32.29:454][  0]LogXGEController: Cannot use XGE Controller as Incredibuild is not installed on this machine.
[2019.02.22-17.32.29:454][  0]LogShaderCompilers: Cannot use XGE Shader Compiler as Incredibuild is not installed on this machine.
[2019.02.22-17.32.29:454][  0]LogShaderCompilers: Display: Using Local Shader Compiler.
[2019.02.22-17.32.29:994][  0]LogDerivedDataCache: Display: Max Cache Size: 512 MB
[2019.02.22-17.32.30:038][  0]LogDerivedDataCache: Loaded boot cache 0.04s 71MB C:/Users/Renzy/AppData/Local/UnrealEngine/4.20/DerivedDataCache/Boot.ddc.
[2019.02.22-17.32.30:039][  0]LogDerivedDataCache: Display: Loaded Boot cache: C:/Users/Renzy/AppData/Local/UnrealEngine/4.20/DerivedDataCache/Boot.ddc
[2019.02.22-17.32.30:039][  0]LogDerivedDataCache: FDerivedDataBackendGraph:  Pak pak cache file ../../../../../../Renzy/Documents/Algonquin/Term 4/GAM1528 - High Level Development 2/Assignments/GOOB-master/DerivedDataCache/DDC.ddp not found, will not use a pak cache.
[2019.02.22-17.32.30:039][  0]LogDerivedDataCache: Unable to find inner node Pak for hierarchical cache Hierarchy.
[2019.02.22-17.32.30:039][  0]LogDerivedDataCache: FDerivedDataBackendGraph:  CompressedPak pak cache file ../../../../../../Renzy/Documents/Algonquin/Term 4/GAM1528 - High Level Development 2/Assignments/GOOB-master/DerivedDataCache/Compressed.ddp not found, will not use a pak cache.
[2019.02.22-17.32.30:039][  0]LogDerivedDataCache: Unable to find inner node CompressedPak for hierarchical cache Hierarchy.
[2019.02.22-17.32.30:049][  0]LogDerivedDataCache: Display: Pak cache opened for reading ../../../Engine/DerivedDataCache/Compressed.ddp.
[2019.02.22-17.32.30:062][  0]LogDerivedDataCache: Using Local data cache path C:/Users/Renzy/AppData/Local/UnrealEngine/Common/DerivedDataCache: Writable
[2019.02.22-17.32.30:062][  0]LogDerivedDataCache: Shared data cache path not found in *engine.ini, will not use an Shared cache.
[2019.02.22-17.32.30:062][  0]LogDerivedDataCache: Unable to find inner node Shared for hierarchical cache Hierarchy.
[2019.02.22-17.32.30:075][  0]LogMaterial: Verifying Global Shaders for PCD3D_SM5
[2019.02.22-17.32.30:076][  0]LogSlate: Using FreeType 2.6.0
[2019.02.22-17.32.30:077][  0]LogSlate: SlateFontServices - WITH_FREETYPE: 1, WITH_HARFBUZZ: 1
[2019.02.22-17.32.30:152][  0]LogAssetRegistry: FAssetRegistry took 0.0276 seconds to start up
[2019.02.22-17.32.30:389][  0]LogInit: Selected Device Profile: [Windows]
[2019.02.22-17.32.30:524][  0]LogSimplygon: Simplygon DLL not present - disabling.
[2019.02.22-17.32.30:533][  0]LogMeshReduction: Using SimplygonSwarm for distributed automatic mesh merging
[2019.02.22-17.32.30:533][  0]LogMeshReduction: Using ProxyLODMeshReduction for automatic mesh merging
[2019.02.22-17.32.30:534][  0]LogMeshReduction: Using QuadricMeshReduction for automatic static mesh reduction
[2019.02.22-17.32.30:534][  0]LogMeshReduction: No automatic skeletal mesh reduction module available
[2019.02.22-17.32.30:557][  0]LogNetVersion: Terminus_22XX 1.0.0, NetCL: 4212847, EngineNetVer: 5, GameNetVer: 0 (Checksum: 1011408813)
[2019.02.22-17.32.31:034][  0]LogPackageLocalizationCache: Processed 11 localized package path(s) for 2 prioritized culture(s) in 0.122241 seconds
[2019.02.22-17.32.31:040][  0]LogUObjectArray: 38425 objects as part of root set at end of initial load.
[2019.02.22-17.32.31:040][  0]LogUObjectAllocator: 6690864 out of 0 bytes used by permanent object pool.
[2019.02.22-17.32.31:040][  0]LogUObjectArray: CloseDisregardForGC: 0/0 objects in disregard for GC pool
[2019.02.22-17.32.31:900][  0]LogTcpMessaging: Initializing TcpMessaging bridge
[2019.02.22-17.32.31:918][  0]LogUdpMessaging: Initializing bridge on interface 0.0.0.0:0 to multicast group 230.0.0.1:6666.
[2019.02.22-17.32.32:108][  0]SourceControl: Source control is disabled
[2019.02.22-17.32.32:108][  0]SourceControl: Source control is disabled
[2019.02.22-17.32.32:111][  0]SourceControl: Source control is disabled
[2019.02.22-17.32.32:113][  0]SourceControl: Source control is disabled
[2019.02.22-17.32.32:316][  0]LogAndroidPermission: UAndroidPermissionCallbackProxy::GetInstance
[2019.02.22-17.32.32:426][  0]LogOcInput: OculusInput pre-init called
[2019.02.22-17.32.32:479][  0]LogEngine: Initializing Engine...
[2019.02.22-17.32.32:480][  0]LogHMD: Failed to initialize OpenVR with code 110
[2019.02.22-17.32.32:481][  0]LogStats: UGameplayTagsManager::ConstructGameplayTagTree: ImportINI prefixes -  0.000 s
[2019.02.22-17.32.32:481][  0]LogStats: UGameplayTagsManager::ConstructGameplayTagTree: Construct from data asset -  0.000 s
[2019.02.22-17.32.32:481][  0]LogStats: UGameplayTagsManager::ConstructGameplayTagTree: ImportINI -  0.000 s
[2019.02.22-17.32.32:481][  0]LogStats: UGameplayTagsManager::ConstructGameplayTagTree: GameplayTagTreeChangedEvent.Broadcast -  0.000 s
[2019.02.22-17.32.32:640][  0]LogInit: Initializing FReadOnlyCVARCache
[2019.02.22-17.32.32:650][  0]LogAIModule: Creating AISystem for world Untitled
[2019.02.22-17.32.32:734][  0]LogInit: XAudio2 using 'Speakers (Sound BlasterX AE-5)' : 6 channels at 48 kHz using 32 bits per sample (channel mask 0x3f)
[2019.02.22-17.32.32:754][  0]LogInit: FAudioDevice initialized.
[2019.02.22-17.32.32:755][  0]LogNetVersion: Set ProjectVersion to 1.0.0.0. Version Checksum will be recalculated on next use.
[2019.02.22-17.32.32:816][  0]LogDerivedDataCache: Saved boot cache 0.06s 71MB C:/Users/Renzy/AppData/Local/UnrealEngine/4.20/DerivedDataCache/Boot.ddc.
[2019.02.22-17.32.32:821][  0]LogInit: Texture streaming: Enabled
[2019.02.22-17.32.32:837][  0]LogEngineSessionManager: EngineSessionManager initialized
[2019.02.22-17.32.32:837][  0]LogEngineSessionManager: EngineSessionManager sent abnormal shutdown report. Type=Debugger, SessionId={813A24A1-451D-C7B4-0B75-308AECA1B521}
[2019.02.22-17.32.32:837][  0]LogEngineSessionManager: EngineSessionManager sent abnormal shutdown report. Type=Debugger, SessionId={F03F9746-4720-C87D-6A2A-089F4386447F}
[2019.02.22-17.32.32:844][  0]LogInit: Transaction tracking system initialized
[2019.02.22-17.32.32:864][  0]BlueprintLog: New page: Editor Load
[2019.02.22-17.32.32:939][  0]LocalizationService: Localization service is disabled
[2019.02.22-17.32.33:170][  0]LogCook: Display: Max memory allowance for cook 16384mb min free memory 0mb
[2019.02.22-17.32.33:170][  0]LogCook: Display: Mobile HDR setting 1
[2019.02.22-17.32.33:170][  0]LogGameplayTags: Display: UGameplayTagsManager::DoneAddingNativeTags. DelegateIsBound: 0
[2019.02.22-17.32.33:170][  0]LogStats: UGameplayTagsManager::ConstructGameplayTagTree: ImportINI prefixes -  0.000 s
[2019.02.22-17.32.33:170][  0]LogStats: UGameplayTagsManager::ConstructGameplayTagTree: Construct from data asset -  0.000 s
[2019.02.22-17.32.33:171][  0]LogStats: UGameplayTagsManager::ConstructGameplayTagTree: ImportINI -  0.000 s
[2019.02.22-17.32.33:171][  0]LogStats: UGameplayTagsManager::ConstructGameplayTagTree: GameplayTagTreeChangedEvent.Broadcast -  0.000 s
[2019.02.22-17.32.33:296][  0]LogFileCache: Scanning file cache for directory 'F:/Renzy/Documents/Algonquin/Term 4/GAM1528 - High Level Development 2/Assignments/GOOB-master/Content/' took 0.02s
[2019.02.22-17.32.33:296][  0]SourceControl: Source control is disabled
[2019.02.22-17.32.33:296][  0]Cmd: MAP LOAD FILE="../../../../../../Renzy/Documents/Algonquin/Term 4/GAM1528 - High Level Development 2/Assignments/GOOB-master/Content/Levels/Test_Level.umap" TEMPLATE=0 SHOWPROGRESS=1 FEATURELEVEL=3
[2019.02.22-17.32.33:297][  0]LightingResults: New page: Lighting Build
[2019.02.22-17.32.33:298][  0]MapCheck: New page: Map Check
[2019.02.22-17.32.33:298][  0]LightingResults: New page: Lighting Build
[2019.02.22-17.32.33:368][  0]LogAIModule: Creating AISystem for world Test_Level
[2019.02.22-17.32.33:375][  0]LogEditorServer: Finished looking for orphan Actors (0.000 secs)
[2019.02.22-17.32.33:394][  0]Cmd: MAP CHECKDEP NOCLEARLOG
[2019.02.22-17.32.33:449][  0]MapCheck: Map check complete: 0 Error(s), 0 Warning(s), took 54.607ms to complete.
[2019.02.22-17.32.33:449][  0]LogFileHelpers: Loading map 'Test_Level' took 0.153
[2019.02.22-17.32.33:575][  0]LogSlate: Updating window title bar state: overlay mode, drag disabled, window buttons hidden, title bar hidden
[2019.02.22-17.32.33:581][  0]LogSlate: Updating window title bar state: overlay mode, drag disabled, window buttons hidden, title bar hidden
[2019.02.22-17.32.33:587][  0]LogSlate: Updating window title bar state: overlay mode, drag disabled, window buttons hidden, title bar hidden
[2019.02.22-17.32.33:593][  0]LogSlate: Updating window title bar state: overlay mode, drag disabled, window buttons hidden, title bar hidden
[2019.02.22-17.32.33:598][  0]LogCollectionManager: Loaded 0 collections in 0.000967 seconds
[2019.02.22-17.32.33:648][  0]LogFileCache: Scanning file cache for directory 'F:/Renzy/Documents/Algonquin/Term 4/GAM1528 - High Level Development 2/Assignments/GOOB-master/Saved/Collections/' took 0.01s
[2019.02.22-17.32.33:648][  0]LogFileCache: Scanning file cache for directory 'F:/Renzy/Documents/Algonquin/Term 4/GAM1528 - High Level Development 2/Assignments/GOOB-master/Content/Developers/Renzy/Collections/' took 0.01s
[2019.02.22-17.32.33:648][  0]LogFileCache: Scanning file cache for directory 'F:/Renzy/Documents/Algonquin/Term 4/GAM1528 - High Level Development 2/Assignments/GOOB-master/Content/Collections/' took 0.01s
[2019.02.22-17.32.33:648][  0]LogCollectionManager: Rebuilt the GUID cache for 0 collections in 0.000000 seconds
[2019.02.22-17.32.33:656][  0]LogContentBrowser: Native class hierarchy populated in 0.0075 seconds. Added 2591 classes and 608 folders.
[2019.02.22-17.32.33:661][  0]LogContentBrowser: Native class hierarchy updated for 'WidgetCarousel' in 0.0004 seconds. Added 0 classes and 0 folders.
[2019.02.22-17.32.33:715][  0]LogContentBrowser: Native class hierarchy updated for 'AddContentDialog' in 0.0004 seconds. Added 0 classes and 0 folders.
[2019.02.22-17.32.33:720][  0]LogContentBrowser: Native class hierarchy updated for 'SceneOutliner' in 0.0005 seconds. Added 1 classes and 2 folders.
[2019.02.22-17.32.33:770][  0]LogSlate: Took 0.000280 seconds to synchronously load lazily loaded font '../../../Engine/Content/Slate/Fonts/Roboto-Regular.ttf' (155K)
[2019.02.22-17.32.33:773][  0]LogSlate: Took 0.000220 seconds to synchronously load lazily loaded font '../../../Engine/Content/Slate/Fonts/Roboto-Bold.ttf' (160K)
[2019.02.22-17.32.33:778][  0]LogSlate: Took 0.000266 seconds to synchronously load lazily loaded font '../../../Engine/Content/Editor/Slate/Fonts/FontAwesome.ttf' (139K)
[2019.02.22-17.32.33:838][  0]LogRenderer: Reallocating scene render targets to support 1208x576 Format 10 NumSamples 1 (Frame:1).
[2019.02.22-17.32.33:982][  0]LogContentBrowser: Native class hierarchy updated for 'HierarchicalLODOutliner' in 0.0004 seconds. Added 0 classes and 0 folders.
[2019.02.22-17.32.33:982][  0]LogLoad: (Engine Initialization) Total time: 8.16 seconds
[2019.02.22-17.32.33:982][  0]LogLoad: (Engine Initialization) Total Blueprint compile time: 0.00 seconds
[2019.02.22-17.32.33:992][  0]LogWindowsTextInputMethodSystem: Display: IME system now deactivated.
[2019.02.22-17.32.34:010][  0]LogAssetRegistry: Asset discovery search completed in 3.8819 seconds
[2019.02.22-17.32.34:011][  0]LogCollectionManager: Rebuilt the object cache for 0 collections in 0.000000 seconds (found 0 objects)
[2019.02.22-17.32.34:011][  0]LogCollectionManager: Fixed up redirectors for 0 collections in 0.000109 seconds (updated 0 objects)
[2019.02.22-17.32.34:013][  0]LogContentStreaming: Texture pool size now 1000 MB
[2019.02.22-17.32.34:046][  0]LogSlate: Took 0.000253 seconds to synchronously load lazily loaded font '../../../Engine/Content/Slate/Fonts/Roboto-Light.ttf' (167K)
[2019.02.22-17.32.37:389][391]LogSlate: FSceneViewport::OnFocusLost() reason 0
[2019.02.22-17.32.37:481][402]LogTemp: Repeating last play command: Selected Viewport
[2019.02.22-17.32.37:500][402]LogPlayLevel: PlayLevel: No blueprints needed recompiling
[2019.02.22-17.32.37:514][402]PIE: New page: PIE session: Test_Level (Feb 22, 2019, 7:32:37 AM)
[2019.02.22-17.32.37:514][402]LogPlayLevel: Creating play world package: /Game/Levels/UEDPIE_0_Test_Level
[2019.02.22-17.32.37:527][402]LogPlayLevel: PIE: StaticDuplicateObject took: (0.012972s)
[2019.02.22-17.32.37:528][402]LogAIModule: Creating AISystem for world Test_Level
[2019.02.22-17.32.37:528][402]LogPlayLevel: PIE: World Init took: (0.000714s)
[2019.02.22-17.32.37:528][402]LogPlayLevel: PIE: Created PIE world by copying editor world from /Game/Levels/Test_Level.Test_Level to /Game/Levels/UEDPIE_0_Test_Level.Test_Level (0.014035s)
[2019.02.22-17.32.37:567][402]LogInit: XAudio2 using 'Speakers (Sound BlasterX AE-5)' : 6 channels at 48 kHz using 32 bits per sample (channel mask 0x3f)
[2019.02.22-17.32.37:582][402]LogInit: FAudioDevice initialized.
[2019.02.22-17.32.37:669][402]LogLoad: Game class is 'Test_Terminus_22XXGameModeBase_C'
[2019.02.22-17.32.37:672][402]LogWorld: Bringing World /Game/Levels/UEDPIE_0_Test_Level.Test_Level up for play (max tick rate 0) at 2019.02.22-12.32.37
[2019.02.22-17.32.37:672][402]LogWorld: Bringing up level for play took: 0.001516
[2019.02.22-17.32.37:688][402]LogContentBrowser: Native class hierarchy updated for 'MovieSceneCapture' in 0.0004 seconds. Added 10 classes and 0 folders.
[2019.02.22-17.32.37:691][402]PIE: Play in editor start time for /Game/Levels/UEDPIE_0_Test_Level -0.145
[2019.02.22-17.32.46:248][424]LogSlate: Updating window title bar state: overlay mode, drag disabled, window buttons hidden, title bar hidden
[2019.02.22-17.32.46:282][424]LogPlayLevel: Display: Shutting down PIE online subsystems
[2019.02.22-17.32.46:301][424]LogSlate: Updating window title bar state: overlay mode, drag disabled, window buttons hidden, title bar hidden
[2019.02.22-17.32.46:350][429]LogPlayLevel: Display: Destroying online subsystem :Context_5
[2019.02.22-17.32.47:064][514]LogSlate: FSceneViewport::OnFocusLost() reason 0
[2019.02.22-17.32.52:705][185]LogSlate: Took 0.000233 seconds to synchronously load lazily loaded font '../../../Engine/Content/Slate/Fonts/Roboto-Light.ttf' (167K)
[2019.02.22-17.32.52:741][185]LogSlate: Took 0.000215 seconds to synchronously load lazily loaded font '../../../Engine/Content/Slate/Fonts/Roboto-BoldCondensed.ttf' (158K)
[2019.02.22-17.32.57:904][793]LogAssetEditorManager: Opening Asset editor for Blueprint /Game/Blueprints/ProgrammingBlueprints/TestHealthPickUp.TestHealthPickUp
[2019.02.22-17.32.58:285][793]LogContentBrowser: Native class hierarchy updated for 'BlueprintGraph' in 0.0007 seconds. Added 116 classes and 0 folders.
[2019.02.22-17.32.58:895][793]LogSlate: Window 'Add Blueprint Class' being destroyed
[2019.02.22-17.32.58:994][793]LogRenderer: Reallocating scene render targets to support 1208x712 Format 10 NumSamples 1 (Frame:1).
[2019.02.22-17.33.01:874][121]LogSlate: Took 0.000250 seconds to synchronously load lazily loaded font '../../../Engine/Content/Slate/Fonts/Roboto-Italic.ttf' (157K)
[2019.02.22-17.33.35:205][768]BlueprintLog: New page: Compile TestHealthPickUp
[2019.02.22-17.33.35:500][768]LogSavePackage: Moving '../../../../../../Renzy/Documents/Algonquin/Term 4/GAM1528 - High Level Development 2/Assignments/GOOB-master/Saved/TestHealthPickUpC73C8C5F4474F04148888E8EA70CBE35.tmp' to '../../../../../../Renzy/Documents/Algonquin/Term 4/GAM1528 - High Level Development 2/Assignments/GOOB-master/Content/Blueprints/ProgrammingBlueprints/TestHealthPickUp.uasset'
[2019.02.22-17.33.37:834][ 24]LogSlate: FSceneViewport::OnFocusLost() reason 0
[2019.02.22-17.33.39:336][158]LogSlate: FSceneViewport::OnFocusLost() reason 0
[2019.02.22-17.33.39:420][168]LogTemp: Repeating last play command: Selected Viewport
[2019.02.22-17.33.39:441][168]LogPlayLevel: PlayLevel: No blueprints needed recompiling
[2019.02.22-17.33.39:441][168]PIE: New page: PIE session: Test_Level (Feb 22, 2019, 7:33:39 AM)
[2019.02.22-17.33.39:441][168]LogPlayLevel: Creating play world package: /Game/Levels/UEDPIE_0_Test_Level
[2019.02.22-17.33.39:453][168]LogPlayLevel: PIE: StaticDuplicateObject took: (0.012374s)
[2019.02.22-17.33.39:454][168]LogAIModule: Creating AISystem for world Test_Level
[2019.02.22-17.33.39:454][168]LogPlayLevel: PIE: World Init took: (0.000694s)
[2019.02.22-17.33.39:454][168]LogPlayLevel: PIE: Created PIE world by copying editor world from /Game/Levels/Test_Level.Test_Level to /Game/Levels/UEDPIE_0_Test_Level.Test_Level (0.013363s)
[2019.02.22-17.33.39:523][168]LogInit: XAudio2 using 'Speakers (Sound BlasterX AE-5)' : 6 channels at 48 kHz using 32 bits per sample (channel mask 0x3f)
[2019.02.22-17.33.39:537][168]LogInit: FAudioDevice initialized.
[2019.02.22-17.33.39:570][168]LogLoad: Game class is 'Test_Terminus_22XXGameModeBase_C'
[2019.02.22-17.33.39:572][168]LogWorld: Bringing World /Game/Levels/UEDPIE_0_Test_Level.Test_Level up for play (max tick rate 0) at 2019.02.22-12.33.39
[2019.02.22-17.33.39:573][168]LogWorld: Bringing up level for play took: 0.002003
[2019.02.22-17.33.39:586][168]PIE: Play in editor start time for /Game/Levels/UEDPIE_0_Test_Level -0.25
[2019.02.22-17.33.57:392][292]LogSlate: Updating window title bar state: overlay mode, drag disabled, window buttons hidden, title bar hidden
[2019.02.22-17.33.57:447][292]LogPlayLevel: Display: Shutting down PIE online subsystems
[2019.02.22-17.33.57:474][292]LogSlate: Updating window title bar state: overlay mode, drag disabled, window buttons hidden, title bar hidden
[2019.02.22-17.33.57:506][293]LogPlayLevel: Display: Destroying online subsystem :Context_10
[2019.02.22-17.34.03:388][490]LogSlate: FSceneViewport::OnFocusLost() reason 0
[2019.02.22-17.34.03:438][496]LogTemp: Repeating last play command: Selected Viewport
[2019.02.22-17.34.03:462][496]LogPlayLevel: PlayLevel: No blueprints needed recompiling
[2019.02.22-17.34.03:462][496]PIE: New page: PIE session: Test_Level (Feb 22, 2019, 7:34:03 AM)
[2019.02.22-17.34.03:463][496]LogPlayLevel: Creating play world package: /Game/Levels/UEDPIE_0_Test_Level
[2019.02.22-17.34.03:475][496]LogPlayLevel: PIE: StaticDuplicateObject took: (0.012162s)
[2019.02.22-17.34.03:475][496]LogAIModule: Creating AISystem for world Test_Level
[2019.02.22-17.34.03:476][496]LogPlayLevel: PIE: World Init took: (0.000697s)
[2019.02.22-17.34.03:476][496]LogPlayLevel: PIE: Created PIE world by copying editor world from /Game/Levels/Test_Level.Test_Level to /Game/Levels/UEDPIE_0_Test_Level.Test_Level (0.013163s)
[2019.02.22-17.34.03:523][496]LogInit: XAudio2 using 'Speakers (Sound BlasterX AE-5)' : 6 channels at 48 kHz using 32 bits per sample (channel mask 0x3f)
[2019.02.22-17.34.03:540][496]LogInit: FAudioDevice initialized.
[2019.02.22-17.34.03:575][496]LogLoad: Game class is 'Test_Terminus_22XXGameModeBase_C'
[2019.02.22-17.34.03:577][496]LogWorld: Bringing World /Game/Levels/UEDPIE_0_Test_Level.Test_Level up for play (max tick rate 0) at 2019.02.22-12.34.03
[2019.02.22-17.34.03:577][496]LogWorld: Bringing up level for play took: 0.001521
[2019.02.22-17.34.03:591][496]PIE: Play in editor start time for /Game/Levels/UEDPIE_0_Test_Level -0.245
[2019.02.22-17.34.42:535][116]LogSlate: Updating window title bar state: overlay mode, drag disabled, window buttons hidden, title bar hidden
[2019.02.22-17.34.42:574][116]LogPlayLevel: Display: Shutting down PIE online subsystems
[2019.02.22-17.34.42:600][116]LogSlate: Updating window title bar state: overlay mode, drag disabled, window buttons hidden, title bar hidden
[2019.02.22-17.34.42:651][118]LogPlayLevel: Display: Destroying online subsystem :Context_12
[2019.02.22-17.34.43:377][202]LogSlate: FSceneViewport::OnFocusLost() reason 0
[2019.02.22-17.34.43:439][209]LogTemp: Repeating last play command: Selected Viewport
[2019.02.22-17.34.43:462][209]LogPlayLevel: PlayLevel: No blueprints needed recompiling
[2019.02.22-17.34.43:462][209]PIE: New page: PIE session: Test_Level (Feb 22, 2019, 7:34:43 AM)
[2019.02.22-17.34.43:462][209]LogPlayLevel: Creating play world package: /Game/Levels/UEDPIE_0_Test_Level
[2019.02.22-17.34.43:474][209]LogPlayLevel: PIE: StaticDuplicateObject took: (0.012069s)
[2019.02.22-17.34.43:475][209]LogAIModule: Creating AISystem for world Test_Level
[2019.02.22-17.34.43:476][209]LogPlayLevel: PIE: World Init took: (0.000876s)
[2019.02.22-17.34.43:476][209]LogPlayLevel: PIE: Created PIE world by copying editor world from /Game/Levels/Test_Level.Test_Level to /Game/Levels/UEDPIE_0_Test_Level.Test_Level (0.013939s)
[2019.02.22-17.34.43:524][209]LogInit: XAudio2 using 'Speakers (Sound BlasterX AE-5)' : 6 channels at 48 kHz using 32 bits per sample (channel mask 0x3f)
[2019.02.22-17.34.43:540][209]LogInit: FAudioDevice initialized.
[2019.02.22-17.34.43:577][209]LogLoad: Game class is 'Test_Terminus_22XXGameModeBase_C'
[2019.02.22-17.34.43:579][209]LogWorld: Bringing World /Game/Levels/UEDPIE_0_Test_Level.Test_Level up for play (max tick rate 0) at 2019.02.22-12.34.43
[2019.02.22-17.34.43:579][209]LogWorld: Bringing up level for play took: 0.001285
[2019.02.22-17.34.43:593][209]PIE: Play in editor start time for /Game/Levels/UEDPIE_0_Test_Level -0.244
[2019.02.22-17.35.12:604][664]LogSlate: Updating window title bar state: overlay mode, drag disabled, window buttons hidden, title bar hidden
[2019.02.22-17.35.12:637][664]LogPlayLevel: Display: Shutting down PIE online subsystems
[2019.02.22-17.35.12:662][664]LogSlate: Updating window title bar state: overlay mode, drag disabled, window buttons hidden, title bar hidden
[2019.02.22-17.35.12:713][666]LogPlayLevel: Display: Destroying online subsystem :Context_13
[2019.02.22-17.35.15:513][991]LogSlate: FSceneViewport::OnFocusLost() reason 0
[2019.02.22-17.35.15:628][  1]LogSlate: Window 'TestHealthPickUp' being destroyed
[2019.02.22-17.35.15:631][  1]LogSlate: Window 'TestHealthPickUp' being destroyed
[2019.02.22-17.36.39:620][800]LogSlate: FSceneViewport::OnFocusLost() reason 0
[2019.02.22-17.37.02:813][141]Running F:/Program Files (x86)/Epic Games/UE_4.20/Engine/Binaries/DotNET/UnrealBuildTool.exe Win64 Development -TargetType=Editor -Project="F:/Renzy/Documents/Algonquin/Term 4/GAM1528 - High Level Development 2/Assignments/GOOB-master/Terminus_22XX.uproject" -invalidatemakefilesonly
[2019.02.22-17.37.03:826][141]Invalidating makefiles only in this run.
[2019.02.22-17.37.04:066][141]Candidate modules for hot reload:
[2019.02.22-17.37.04:067][141]  Terminus_22XX
[2019.02.22-17.37.04:067][141]Launching UnrealBuildTool... [F:/Program Files (x86)/Epic Games/UE_4.20/Engine/Binaries/DotNET/UnrealBuildTool.exe  -ModuleWithSuffix=Terminus_22XX,6204 Win64 Development -TargetType=Editor -Project="../../../../../../Renzy/Documents/Algonquin/Term 4/GAM1528 - High Level Development 2/Assignments/GOOB-master/Terminus_22XX.uproject" -canskiplink "F:/Renzy/Documents/Algonquin/Term 4/GAM1528 - High Level Development 2/Assignments/GOOB-master/Terminus_22XX.uproject" ]
[2019.02.22-17.37.21:616][141]CompilerResultsLog: New page: Compilation - Feb 22, 2019, 7:37:21 AM
[2019.02.22-17.37.21:616][141]CompilerResultsLog: Using 'git status' to determine working set for adaptive non-unity build.
[2019.02.22-17.37.21:616][141]CompilerResultsLog: Creating makefile for hot reloading Terminus_22XXEditor (no existing makefile)
[2019.02.22-17.37.21:616][141]CompilerResultsLog: Compiling game modules for hot reload
[2019.02.22-17.37.21:616][141]CompilerResultsLog: Using Visual Studio 2017 14.15.26726 toolchain (C:\Program Files (x86)\Microsoft Visual Studio\2017\Community\VC\Tools\MSVC\14.15.26726) and Windows 10.0.16299.0 SDK (C:\Program Files (x86)\Windows Kits\10).
[2019.02.22-17.37.21:616][141]CompilerResultsLog: Parsing headers for Terminus_22XXEditor
[2019.02.22-17.37.21:617][141]CompilerResultsLog:   Running UnrealHeaderTool "F:\Renzy\Documents\Algonquin\Term 4\GAM1528 - High Level Development 2\Assignments\GOOB-master\Terminus_22XX.uproject" "F:\Renzy\Documents\Algonquin\Term 4\GAM1528 - High Level Development 2\Assignments\GOOB-master\Intermediate\Build\Win64\Terminus_22XXEditor\Development\Terminus_22XXEditor.uhtmanifest" -LogCmds="loginit warning, logexit warning, logdatabase error" -Unattended -WarningsAsErrors -installed
[2019.02.22-17.37.21:617][141]CompilerResultsLog: Reflection code generated for Terminus_22XXEditor in 8.6574569 seconds
[2019.02.22-17.37.21:617][141]CompilerResultsLog: Building 5 actions with 4 processes...
[2019.02.22-17.37.21:617][141]CompilerResultsLog:   [1/5] Terminus_22XX.init.gen.cpp
[2019.02.22-17.37.21:617][141]CompilerResultsLog:   [2/5] BoxShield.cpp
[2019.02.22-17.37.21:618][141]CompilerResultsLog:   [3/5] BoxShield.gen.cpp
[2019.02.22-17.37.21:618][141]CompilerResultsLog:   [4/5] UE4Editor-Terminus_22XX-6204.lib
[2019.02.22-17.37.21:618][141]CompilerResultsLog:      Creating library F:\Renzy\Documents\Algonquin\Term 4\GAM1528 - High Level Development 2\Assignments\GOOB-master\Intermediate\Build\Win64\UE4Editor\Development\Terminus_22XX\UE4Editor-Terminus_22XX-6204.lib and object F:\Renzy\Documents\Algonquin\Term 4\GAM1528 - High Level Development 2\Assignments\GOOB-master\Intermediate\Build\Win64\UE4Editor\Development\Terminus_22XX\UE4Editor-Terminus_22XX-6204.exp
[2019.02.22-17.37.21:619][141]CompilerResultsLog:   [5/5] UE4Editor-Terminus_22XX-6204.dll
[2019.02.22-17.37.21:619][141]CompilerResultsLog:      Creating library F:\Renzy\Documents\Algonquin\Term 4\GAM1528 - High Level Development 2\Assignments\GOOB-master\Intermediate\Build\Win64\UE4Editor\Development\Terminus_22XX\UE4Editor-Terminus_22XX-6204.suppressed.lib and object F:\Renzy\Documents\Algonquin\Term 4\GAM1528 - High Level Development 2\Assignments\GOOB-master\Intermediate\Build\Win64\UE4Editor\Development\Terminus_22XX\UE4Editor-Terminus_22XX-6204.suppressed.exp
[2019.02.22-17.37.21:619][141]CompilerResultsLog: Total build time: 17.27 seconds (Parallel executor: 2.83 seconds)
[2019.02.22-17.37.21:619][141]LogMainFrame: MainFrame: Module compiling took 17.563 seconds
[2019.02.22-17.37.21:711][141]LogClass: Could not find existing class BoxShield in package /Script/Terminus_22XX for HotReload, assuming new class
[2019.02.22-17.37.21:731][141]LogClass: EGunName HotReload.
[2019.02.22-17.37.21:732][141]LogClass: EFireStyle HotReload.
[2019.02.22-17.37.21:741][141]LogContentBrowser: Native class hierarchy updated for 'Terminus_22XX' in 0.0006 seconds. Added 20 classes and 5 folders.
[2019.02.22-17.37.21:744][141]Display: HotReload successful (8 functions remapped  0 scriptstructs remapped)
[2019.02.22-17.37.22:041][141]LogContentBrowser: Native class hierarchy populated in 0.0072 seconds. Added 2593 classes and 610 folders.
[2019.02.22-17.37.22:042][141]Display: HotReload took 18.1s.
[2019.02.22-17.37.22:043][141]Warning: HotReload operation took 18.1s.
[2019.02.22-17.37.22:195][141]LogVSAccessor: Warning: Couldn't goto line number '1' in 'F:/Renzy/Documents/Algonquin/Term 4/GAM1528 - High Level Development 2/Assignments/GOOB-master/Source/Terminus_22XX/Actors/BoxShield.h'
[2019.02.22-17.37.22:284][141]LogVSAccessor: Warning: Couldn't goto line number '1' in 'F:/Renzy/Documents/Algonquin/Term 4/GAM1528 - High Level Development 2/Assignments/GOOB-master/Source/Terminus_22XX/Actors/BoxShield.cpp'
[2019.02.22-17.37.22:293][141]LogSlate: Window 'Add C++ Class' being destroyed
[2019.02.22-17.37.22:308][141]LogHotReload: New module detected: UE4Editor-Terminus_22XX-6204.dll
[2019.02.22-17.37.22:357][142]LogHotReload: Starting Hot-Reload from IDE
[2019.02.22-17.37.22:457][142]LogContentBrowser: Native class hierarchy updated for 'Terminus_22XX' in 0.0006 seconds. Added 20 classes and 5 folders.
[2019.02.22-17.37.22:460][142]Display: HotReload successful (0 functions remapped  0 scriptstructs remapped)
[2019.02.22-17.37.22:824][142]LogContentBrowser: Native class hierarchy populated in 0.0081 seconds. Added 2593 classes and 610 folders.
[2019.02.22-17.37.22:834][142]Display: HotReload took  0.5s.
[2019.02.22-17.37.39:541][864]Running F:/Program Files (x86)/Epic Games/UE_4.20/Engine/Binaries/DotNET/UnrealBuildTool.exe Win64 Development -TargetType=Editor -Project="F:/Renzy/Documents/Algonquin/Term 4/GAM1528 - High Level Development 2/Assignments/GOOB-master/Terminus_22XX.uproject" -invalidatemakefilesonly
[2019.02.22-17.37.40:249][864]Invalidating makefiles only in this run.
[2019.02.22-17.37.40:373][864]Candidate modules for hot reload:
[2019.02.22-17.37.40:373][864]  Terminus_22XX
[2019.02.22-17.37.40:373][864]Launching UnrealBuildTool... [F:/Program Files (x86)/Epic Games/UE_4.20/Engine/Binaries/DotNET/UnrealBuildTool.exe  -ModuleWithSuffix=Terminus_22XX,9930 Win64 Development -TargetType=Editor -Project="../../../../../../Renzy/Documents/Algonquin/Term 4/GAM1528 - High Level Development 2/Assignments/GOOB-master/Terminus_22XX.uproject" -canskiplink "F:/Renzy/Documents/Algonquin/Term 4/GAM1528 - High Level Development 2/Assignments/GOOB-master/Terminus_22XX.uproject" ]
[2019.02.22-17.37.56:403][864]CompilerResultsLog: New page: Compilation - Feb 22, 2019, 7:37:56 AM
[2019.02.22-17.37.56:403][864]CompilerResultsLog: Using 'git status' to determine working set for adaptive non-unity build.
[2019.02.22-17.37.56:403][864]CompilerResultsLog: Creating makefile for hot reloading Terminus_22XXEditor (no existing makefile)
[2019.02.22-17.37.56:403][864]CompilerResultsLog: Compiling game modules for hot reload
[2019.02.22-17.37.56:403][864]CompilerResultsLog: Using Visual Studio 2017 14.15.26726 toolchain (C:\Program Files (x86)\Microsoft Visual Studio\2017\Community\VC\Tools\MSVC\14.15.26726) and Windows 10.0.16299.0 SDK (C:\Program Files (x86)\Windows Kits\10).
[2019.02.22-17.37.56:403][864]CompilerResultsLog: Parsing headers for Terminus_22XXEditor
[2019.02.22-17.37.56:403][864]CompilerResultsLog:   Running UnrealHeaderTool "F:\Renzy\Documents\Algonquin\Term 4\GAM1528 - High Level Development 2\Assignments\GOOB-master\Terminus_22XX.uproject" "F:\Renzy\Documents\Algonquin\Term 4\GAM1528 - High Level Development 2\Assignments\GOOB-master\Intermediate\Build\Win64\Terminus_22XXEditor\Development\Terminus_22XXEditor.uhtmanifest" -LogCmds="loginit warning, logexit warning, logdatabase error" -Unattended -WarningsAsErrors -installed
[2019.02.22-17.37.56:403][864]CompilerResultsLog: Reflection code generated for Terminus_22XXEditor in 8.6276352 seconds
[2019.02.22-17.37.56:403][864]CompilerResultsLog: Building 5 actions with 4 processes...
[2019.02.22-17.37.56:403][864]CompilerResultsLog:   [1/5] SphereShield.cpp
[2019.02.22-17.37.56:403][864]CompilerResultsLog:   [2/5] Terminus_22XX.init.gen.cpp
[2019.02.22-17.37.56:403][864]CompilerResultsLog:   [3/5] SphereShield.gen.cpp
[2019.02.22-17.37.56:403][864]CompilerResultsLog:   [4/5] UE4Editor-Terminus_22XX-9930.lib
[2019.02.22-17.37.56:404][864]CompilerResultsLog:      Creating library F:\Renzy\Documents\Algonquin\Term 4\GAM1528 - High Level Development 2\Assignments\GOOB-master\Intermediate\Build\Win64\UE4Editor\Development\Terminus_22XX\UE4Editor-Terminus_22XX-9930.lib and object F:\Renzy\Documents\Algonquin\Term 4\GAM1528 - High Level Development 2\Assignments\GOOB-master\Intermediate\Build\Win64\UE4Editor\Development\Terminus_22XX\UE4Editor-Terminus_22XX-9930.exp
[2019.02.22-17.37.56:404][864]CompilerResultsLog:   [5/5] UE4Editor-Terminus_22XX-9930.dll
[2019.02.22-17.37.56:404][864]CompilerResultsLog:      Creating library F:\Renzy\Documents\Algonquin\Term 4\GAM1528 - High Level Development 2\Assignments\GOOB-master\Intermediate\Build\Win64\UE4Editor\Development\Terminus_22XX\UE4Editor-Terminus_22XX-9930.suppressed.lib and object F:\Renzy\Documents\Algonquin\Term 4\GAM1528 - High Level Development 2\Assignments\GOOB-master\Intermediate\Build\Win64\UE4Editor\Development\Terminus_22XX\UE4Editor-Terminus_22XX-9930.suppressed.exp
[2019.02.22-17.37.56:404][864]CompilerResultsLog: Total build time: 15.80 seconds (Parallel executor: 1.82 seconds)
[2019.02.22-17.37.56:404][864]LogMainFrame: MainFrame: Module compiling took 16.041 seconds
[2019.02.22-17.37.56:500][864]LogClass: Could not find existing class SphereShield in package /Script/Terminus_22XX for HotReload, assuming new class
[2019.02.22-17.37.56:506][864]LogClass: EGunName HotReload.
[2019.02.22-17.37.56:506][864]LogClass: EFireStyle HotReload.
[2019.02.22-17.37.56:516][864]LogContentBrowser: Native class hierarchy updated for 'Terminus_22XX' in 0.0005 seconds. Added 21 classes and 5 folders.
[2019.02.22-17.37.56:519][864]Display: HotReload successful (8 functions remapped  0 scriptstructs remapped)
[2019.02.22-17.37.56:768][864]LogContentBrowser: Native class hierarchy populated in 0.0075 seconds. Added 2594 classes and 610 folders.
[2019.02.22-17.37.56:768][864]Display: HotReload took 16.4s.
[2019.02.22-17.37.56:769][864]Warning: HotReload operation took 16.4s.
[2019.02.22-17.37.56:890][864]LogVSAccessor: Warning: Couldn't goto line number '1' in 'F:/Renzy/Documents/Algonquin/Term 4/GAM1528 - High Level Development 2/Assignments/GOOB-master/Source/Terminus_22XX/Actors/SphereShield.h'
[2019.02.22-17.37.57:000][864]LogSlate: Window 'Add C++ Class' being destroyed
[2019.02.22-17.37.57:012][864]LogHotReload: New module detected: UE4Editor-Terminus_22XX-9930.dll
[2019.02.22-17.37.57:057][865]LogHotReload: Starting Hot-Reload from IDE
[2019.02.22-17.37.57:134][865]LogContentBrowser: Native class hierarchy updated for 'Terminus_22XX' in 0.0005 seconds. Added 21 classes and 5 folders.
[2019.02.22-17.37.57:137][865]Display: HotReload successful (0 functions remapped  0 scriptstructs remapped)
[2019.02.22-17.37.57:431][865]LogContentBrowser: Native class hierarchy populated in 0.0095 seconds. Added 2594 classes and 610 folders.
[2019.02.22-17.37.57:442][865]Display: HotReload took  0.4s.
[2019.02.22-17.38.11:555][333]Running F:/Program Files (x86)/Epic Games/UE_4.20/Engine/Binaries/DotNET/UnrealBuildTool.exe Win64 Development -TargetType=Editor -Project="F:/Renzy/Documents/Algonquin/Term 4/GAM1528 - High Level Development 2/Assignments/GOOB-master/Terminus_22XX.uproject" -invalidatemakefilesonly
[2019.02.22-17.38.12:363][333]Invalidating makefiles only in this run.
[2019.02.22-17.38.12:490][333]Candidate modules for hot reload:
[2019.02.22-17.38.12:490][333]  Terminus_22XX
[2019.02.22-17.38.12:490][333]Launching UnrealBuildTool... [F:/Program Files (x86)/Epic Games/UE_4.20/Engine/Binaries/DotNET/UnrealBuildTool.exe  -ModuleWithSuffix=Terminus_22XX,1857 Win64 Development -TargetType=Editor -Project="../../../../../../Renzy/Documents/Algonquin/Term 4/GAM1528 - High Level Development 2/Assignments/GOOB-master/Terminus_22XX.uproject" -canskiplink "F:/Renzy/Documents/Algonquin/Term 4/GAM1528 - High Level Development 2/Assignments/GOOB-master/Terminus_22XX.uproject" ]
[2019.02.22-17.38.28:882][333]CompilerResultsLog: New page: Compilation - Feb 22, 2019, 7:38:28 AM
[2019.02.22-17.38.28:882][333]CompilerResultsLog: Using 'git status' to determine working set for adaptive non-unity build.
[2019.02.22-17.38.28:882][333]CompilerResultsLog: Creating makefile for hot reloading Terminus_22XXEditor (no existing makefile)
[2019.02.22-17.38.28:882][333]CompilerResultsLog: Compiling game modules for hot reload
[2019.02.22-17.38.28:882][333]CompilerResultsLog: Using Visual Studio 2017 14.15.26726 toolchain (C:\Program Files (x86)\Microsoft Visual Studio\2017\Community\VC\Tools\MSVC\14.15.26726) and Windows 10.0.16299.0 SDK (C:\Program Files (x86)\Windows Kits\10).
[2019.02.22-17.38.28:882][333]CompilerResultsLog: Parsing headers for Terminus_22XXEditor
[2019.02.22-17.38.28:882][333]CompilerResultsLog:   Running UnrealHeaderTool "F:\Renzy\Documents\Algonquin\Term 4\GAM1528 - High Level Development 2\Assignments\GOOB-master\Terminus_22XX.uproject" "F:\Renzy\Documents\Algonquin\Term 4\GAM1528 - High Level Development 2\Assignments\GOOB-master\Intermediate\Build\Win64\Terminus_22XXEditor\Development\Terminus_22XXEditor.uhtmanifest" -LogCmds="loginit warning, logexit warning, logdatabase error" -Unattended -WarningsAsErrors -installed
[2019.02.22-17.38.28:882][333]CompilerResultsLog: Reflection code generated for Terminus_22XXEditor in 8.635495 seconds
[2019.02.22-17.38.28:882][333]CompilerResultsLog: Building 5 actions with 4 processes...
[2019.02.22-17.38.28:882][333]CompilerResultsLog:   [1/5] Terminus_22XX.init.gen.cpp
[2019.02.22-17.38.28:882][333]CompilerResultsLog:   [2/5] CapsuleShield.cpp
[2019.02.22-17.38.28:882][333]CompilerResultsLog:   [3/5] CapsuleShield.gen.cpp
[2019.02.22-17.38.28:882][333]CompilerResultsLog:   [4/5] UE4Editor-Terminus_22XX-1857.lib
[2019.02.22-17.38.28:884][333]CompilerResultsLog:      Creating library F:\Renzy\Documents\Algonquin\Term 4\GAM1528 - High Level Development 2\Assignments\GOOB-master\Intermediate\Build\Win64\UE4Editor\Development\Terminus_22XX\UE4Editor-Terminus_22XX-1857.lib and object F:\Renzy\Documents\Algonquin\Term 4\GAM1528 - High Level Development 2\Assignments\GOOB-master\Intermediate\Build\Win64\UE4Editor\Development\Terminus_22XX\UE4Editor-Terminus_22XX-1857.exp
[2019.02.22-17.38.28:884][333]CompilerResultsLog:   [5/5] UE4Editor-Terminus_22XX-1857.dll
[2019.02.22-17.38.28:884][333]CompilerResultsLog:      Creating library F:\Renzy\Documents\Algonquin\Term 4\GAM1528 - High Level Development 2\Assignments\GOOB-master\Intermediate\Build\Win64\UE4Editor\Development\Terminus_22XX\UE4Editor-Terminus_22XX-1857.suppressed.lib and object F:\Renzy\Documents\Algonquin\Term 4\GAM1528 - High Level Development 2\Assignments\GOOB-master\Intermediate\Build\Win64\UE4Editor\Development\Terminus_22XX\UE4Editor-Terminus_22XX-1857.suppressed.exp
[2019.02.22-17.38.28:884][333]CompilerResultsLog: Total build time: 16.16 seconds (Parallel executor: 2.18 seconds)
[2019.02.22-17.38.28:885][333]LogMainFrame: MainFrame: Module compiling took 16.405 seconds
[2019.02.22-17.38.28:968][333]LogClass: Could not find existing class CapsuleShield in package /Script/Terminus_22XX for HotReload, assuming new class
[2019.02.22-17.38.28:983][333]LogClass: EGunName HotReload.
[2019.02.22-17.38.28:983][333]LogClass: EFireStyle HotReload.
[2019.02.22-17.38.28:992][333]LogContentBrowser: Native class hierarchy updated for 'Terminus_22XX' in 0.0005 seconds. Added 22 classes and 5 folders.
[2019.02.22-17.38.28:996][333]Display: HotReload successful (8 functions remapped  0 scriptstructs remapped)
[2019.02.22-17.38.29:255][333]LogContentBrowser: Native class hierarchy populated in 0.0077 seconds. Added 2595 classes and 610 folders.
[2019.02.22-17.38.29:255][333]Display: HotReload took 16.8s.
[2019.02.22-17.38.29:256][333]Warning: HotReload operation took 16.8s.
[2019.02.22-17.38.29:391][333]LogVSAccessor: Warning: Couldn't goto line number '1' in 'F:/Renzy/Documents/Algonquin/Term 4/GAM1528 - High Level Development 2/Assignments/GOOB-master/Source/Terminus_22XX/Actors/CapsuleShield.h'
[2019.02.22-17.38.29:518][333]LogVSAccessor: Warning: Couldn't goto line number '1' in 'F:/Renzy/Documents/Algonquin/Term 4/GAM1528 - High Level Development 2/Assignments/GOOB-master/Source/Terminus_22XX/Actors/CapsuleShield.cpp'
[2019.02.22-17.38.29:525][333]LogSlate: Window 'Add C++ Class' being destroyed
[2019.02.22-17.38.29:570][334]LogHotReload: New module detected: UE4Editor-Terminus_22XX-1857.dll
[2019.02.22-17.38.29:596][335]LogHotReload: Starting Hot-Reload from IDE
[2019.02.22-17.38.29:677][335]LogContentBrowser: Native class hierarchy updated for 'Terminus_22XX' in 0.0005 seconds. Added 22 classes and 5 folders.
[2019.02.22-17.38.29:680][335]Display: HotReload successful (0 functions remapped  0 scriptstructs remapped)
[2019.02.22-17.38.29:953][335]LogContentBrowser: Native class hierarchy populated in 0.0078 seconds. Added 2595 classes and 610 folders.
[2019.02.22-17.38.29:965][335]Display: HotReload took  0.4s.
