Log file open, 03/28/19 13:49:07
LogWindows: Failed to load 'aqProf.dll' (GetLastError=126)
LogWindows: File 'aqProf.dll' does not exist
LogWindows: Failed to load 'VSPerf140.dll' (GetLastError=126)
LogWindows: File 'VSPerf140.dll' does not exist
LogWindows: Failed to load 'VtuneApi.dll' (GetLastError=126)
LogWindows: File 'VtuneApi.dll' does not exist
LogWindows: Failed to load 'VtuneApi32e.dll' (GetLastError=126)
LogWindows: File 'VtuneApi32e.dll' does not exist
LogInit: Display: Running engine for game: Terminus_22XX
LogPlatformFile: Not using cached read wrapper
LogTaskGraph: Started task graph with 5 named threads and 23 total threads with 3 sets of task threads.
LogStats: Stats thread started at 0.259738
LogD3D11RHI: Loaded GFSDK_Aftermath_Lib.x64.dll
LogICUInternationalization: Display: ICU TimeZone Detection - Raw Offset: -5:00, Platform Override: ''
LogPluginManager: Mounting plugin Paper2D
LogPluginManager: Mounting plugin AISupport
LogPluginManager: Mounting plugin LightPropagationVolume
LogPluginManager: Mounting plugin CLionSourceCodeAccess
LogPluginManager: Mounting plugin CodeLiteSourceCodeAccess
LogPluginManager: Mounting plugin GitSourceControl
LogPluginManager: Mounting plugin KDevelopSourceCodeAccess
LogPluginManager: Mounting plugin NullSourceCodeAccess
LogPluginManager: Mounting plugin PerforceSourceControl
LogPluginManager: Mounting plugin SubversionSourceControl
LogPluginManager: Mounting plugin UObjectPlugin
LogPluginManager: Mounting plugin VisualStudioCodeSourceCodeAccess
LogPluginManager: Mounting plugin VisualStudioSourceCodeAccess
LogPluginManager: Mounting plugin XCodeSourceCodeAccess
LogPluginManager: Mounting plugin AssetManagerEditor
LogPluginManager: Mounting plugin CryptoKeys
LogPluginManager: Mounting plugin DataValidation
LogPluginManager: Mounting plugin FacialAnimation
LogPluginManager: Mounting plugin GameplayTagsEditor
LogPluginManager: Mounting plugin MacGraphicsSwitching
LogPluginManager: Mounting plugin MeshEditor
LogPluginManager: Mounting plugin MobileLauncherProfileWizard
LogPluginManager: Mounting plugin PluginBrowser
LogPluginManager: Mounting plugin SpeedTreeImporter
LogPluginManager: Mounting plugin DatasmithContent
LogPluginManager: Mounting plugin AlembicImporter
LogPluginManager: Mounting plugin AppleImageUtils
LogPluginManager: Mounting plugin AppleVision
LogPluginManager: Mounting plugin BackChannel
LogPluginManager: Mounting plugin CharacterAI
LogPluginManager: Mounting plugin GeometryCache
LogPluginManager: Mounting plugin HTML5Networking
LogPluginManager: Mounting plugin ProxyLODPlugin
LogPluginManager: Mounting plugin MagicLeap
LogPluginManager: Mounting plugin MagicLeapEmulator
LogPluginManager: Mounting plugin MagicLeapMedia
LogPluginManager: Mounting plugin AndroidMedia
LogPluginManager: Mounting plugin AvfMedia
LogPluginManager: Mounting plugin ImgMedia
LogPluginManager: Mounting plugin LinearTimecode
LogPluginManager: Mounting plugin MediaCompositing
LogPluginManager: Mounting plugin MediaPlayerEditor
LogPluginManager: Mounting plugin WmfMedia
LogPluginManager: Mounting plugin TcpMessaging
LogPluginManager: Mounting plugin UdpMessaging
LogPluginManager: Mounting plugin ActorSequence
LogPluginManager: Mounting plugin LevelSequenceEditor
LogPluginManager: Mounting plugin MatineeToLevelSequence
LogPluginManager: Mounting plugin NetcodeUnitTest
LogPluginManager: Mounting plugin NUTUnrealEngine4
LogPluginManager: Mounting plugin OnlineSubsystemGooglePlay
LogPluginManager: Mounting plugin OnlineSubsystemIOS
LogPluginManager: Mounting plugin OnlineSubsystem
LogPluginManager: Mounting plugin OnlineSubsystemNull
LogPluginManager: Mounting plugin OnlineSubsystemUtils
LogPluginManager: Mounting plugin LauncherChunkInstaller
LogPluginManager: Mounting plugin AndroidDeviceProfileSelector
LogPluginManager: Mounting plugin AndroidMoviePlayer
LogPluginManager: Mounting plugin AndroidPermission
LogPluginManager: Mounting plugin AppleMoviePlayer
LogPluginManager: Mounting plugin ArchVisCharacter
LogPluginManager: Mounting plugin AudioCapture
LogPluginManager: Mounting plugin CableComponent
LogPluginManager: Mounting plugin CustomMeshComponent
LogPluginManager: Mounting plugin EditableMesh
LogPluginManager: Mounting plugin ExampleDeviceProfileSelector
LogPluginManager: Mounting plugin GoogleCloudMessaging
LogPluginManager: Mounting plugin ImmediatePhysics
LogPluginManager: Mounting plugin IOSDeviceProfileSelector
LogPluginManager: Mounting plugin LinuxDeviceProfileSelector
LogPluginManager: Mounting plugin LocationServicesBPLibrary
LogPluginManager: Mounting plugin MobilePatchingUtils
LogPluginManager: Mounting plugin OculusVR
LogPluginManager: Plugin shader directory ../../../Engine/Plugins/Runtime/Oculus/OculusVR/Shaders found
LogPluginManager: Mapping shader source directory ../../../Engine/Plugins/Runtime/Oculus/OculusVR/Shaders to virtual directory /Plugin/OculusVR
LogPluginManager: Mounting plugin PhysXVehicles
LogPluginManager: Mounting plugin ProceduralMeshComponent
LogPluginManager: Mounting plugin RuntimePhysXCooking
LogPluginManager: Mounting plugin SteamVR
LogPluginManager: Mounting plugin WindowsDeviceProfileSelector
LogPluginManager: Mounting plugin WindowsMoviePlayer
LogPluginManager: Mounting plugin GameFrwkSessionsPlugin
LogStreaming: Display: Took  0.130s to configure plugins.
LogInit: Using libcurl 7.55.1-DEV
LogInit:  - built for x86_64-pc-win32
LogInit:  - supports SSL with OpenSSL/1.0.2h
LogInit:  - supports HTTP deflate (compression) using libz 1.2.8
LogInit:  - other features:
LogInit:      CURL_VERSION_SSL
LogInit:      CURL_VERSION_LIBZ
LogInit:      CURL_VERSION_IPV6
LogInit:      CURL_VERSION_ASYNCHDNS
LogInit:      CURL_VERSION_LARGEFILE
LogInit:      CURL_VERSION_IDN
LogInit:  CurlRequestOptions (configurable via config and command line):
LogInit:  - bVerifyPeer = false  - Libcurl will NOT verify peer certificate
LogInit:  - bUseHttpProxy = false  - Libcurl will NOT use HTTP proxy
LogInit:  - bDontReuseConnections = false  - Libcurl will reuse connections
LogInit:  - CertBundlePath = nullptr  - Libcurl will use whatever was configured at build time.
LogInit:  - MaxHostConnections = 16  - Libcurl will limit the number of connections to a host
LogInit:  - LocalHostAddr = Default
LogInit:  - BufferSize = 65536
LogInit: WinSock: version 1.1 (2.2), MaxSocks=32767, MaxUdp=65467
LogInit: Build: ++UE4+Release-4.20-CL-4212847
LogInit: Engine Version: 4.20.0-4212847+++UE4+Release-4.20
LogInit: Compatible Engine Version: 4.20.0-4212847+++UE4+Release-4.20
LogInit: Net CL: 4212847
LogInit: OS: Windows 10 (), CPU: Intel(R) Core(TM) i7-7700K CPU @ 4.20GHz, GPU: NVIDIA GeForce GTX 1080
LogInit: Compiled (64-bit): Jul 14 2018 09:51:14
LogInit: Compiled with Visual C++: 19.13.26129.00
LogInit: Build Configuration: Development
LogInit: Branch Name: ++UE4+Release-4.20
LogInit: Command Line:  
LogInit: Base Directory: C:/Program Files/Epic Games/UE_4.20/Engine/Binaries/Win64/
LogInit: Installed Engine Build: 1
LogDevObjectVersion: Number of dev versions registered: 20
LogDevObjectVersion:   Dev-Blueprints (B0D832E4-1F89-4F0D-ACCF-7EB736FD4AA2): 10
LogDevObjectVersion:   Dev-Build (E1C64328-A22C-4D53-A36C-8E866417BD8C): 0
LogDevObjectVersion:   Dev-Core (375EC13C-06E4-48FB-B500-84F0262A717E): 2
LogDevObjectVersion:   Dev-Editor (E4B068ED-F494-42E9-A231-DA0B2E46BB41): 24
LogDevObjectVersion:   Dev-Framework (CFFC743F-43B0-4480-9391-14DF171D2073): 34
LogDevObjectVersion:   Dev-Mobile (B02B49B5-BB20-44E9-A304-32B752E40360): 2
LogDevObjectVersion:   Dev-Networking (A4E4105C-59A1-49B5-A7C5-40C4547EDFEE): 0
LogDevObjectVersion:   Dev-Online (39C831C9-5AE6-47DC-9A44-9C173E1C8E7C): 0
LogDevObjectVersion:   Dev-Physics (78F01B33-EBEA-4F98-B9B4-84EACCB95AA2): 0
LogDevObjectVersion:   Dev-Platform (6631380F-2D4D-43E0-8009-CF276956A95A): 0
LogDevObjectVersion:   Dev-Rendering (12F88B9F-8875-4AFC-A67C-D90C383ABD29): 26
LogDevObjectVersion:   Dev-Sequencer (7B5AE74C-D270-4C10-A958-57980B212A5A): 9
LogDevObjectVersion:   Dev-VR (D7296918-1DD6-4BDD-9DE2-64A83CC13884): 2
LogDevObjectVersion:   Dev-LoadTimes (C2A15278-BFE7-4AFE-6C17-90FF531DF755): 1
LogDevObjectVersion:   Private-Geometry (6EACA3D4-40EC-4CC1-B786-8BED09428FC5): 3
LogDevObjectVersion:   Dev-AnimPhys (29E575DD-E0A3-4627-9D10-D276232CDCEA): 17
LogDevObjectVersion:   Dev-ReflectionCapture (6B266CEC-1EC7-4B8F-A30B-E4D90942FC07): 1
LogDevObjectVersion:   Dev-Automation (0DF73D61-A23F-47EA-B727-89E90C41499A): 1
LogDevObjectVersion:   FortniteMain (601D1886-AC64-4F84-AA16-D3DE0DEAC7D6): 12
LogDevObjectVersion:   Dev-Enterprise (9DFFBCD6-494F-0158-E221-12823C92A888): 1
LogStreaming: Display: Took  0.001s to delete old logs.
LogInit: Presizing for max 8388607 objects, including 0 objects not considered by GC, pre-allocating 0 bytes for permanent pool.
LogInit: Object subsystem initialized
[2019.03.28-17.49.08:001][  0]LogInit: Selected Device Profile: [Windows]
[2019.03.28-17.49.08:001][  0]LogInit: Applying CVar settings loaded from the selected device profile: [Windows]
[2019.03.28-17.49.08:009][  0]LogHAL: Display: Platform has ~ 16 GB [17119764480 / 17179869184 / 16], which maps to Larger [LargestMinGB=32, LargerMinGB=12, DefaultMinGB=8, SmallerMinGB=6, SmallestMinGB=0)
[2019.03.28-17.49.08:009][  0]LogInit: Setting Device Profile CVar: [[r.Vulkan.UseRealUBs:1]]
[2019.03.28-17.49.08:009][  0]LogInit: Going up to parent DeviceProfile []
[2019.03.28-17.49.08:012][  0]LogInit: Computer: WJ308-03A
[2019.03.28-17.49.08:013][  0]LogInit: User: alar0037
[2019.03.28-17.49.08:013][  0]LogInit: CPU Page size=4096, Cores=4
[2019.03.28-17.49.08:013][  0]LogInit: High frequency timer resolution =4.101560 MHz
[2019.03.28-17.49.08:013][  0]LogMemory: Memory total: Physical=15.9GB (16GB approx)
[2019.03.28-17.49.08:013][  0]LogMemory: Platform Memory Stats for Windows
[2019.03.28-17.49.08:013][  0]LogMemory: Process Physical Memory: 102.22 MB used, 102.22 MB peak
[2019.03.28-17.49.08:013][  0]LogMemory: Process Virtual Memory: 86.44 MB used, 86.44 MB peak
[2019.03.28-17.49.08:013][  0]LogMemory: Physical Memory: 4314.00 MB used,  12012.68 MB free, 16326.68 MB total
[2019.03.28-17.49.08:013][  0]LogMemory: Virtual Memory: 538.05 MB used,  12012.68 MB free, 134217728.00 MB total
[2019.03.28-17.49.08:030][  0]LogInit: Using OS detected language (en-US).
[2019.03.28-17.49.08:030][  0]LogInit: Using OS detected locale (en-US).
[2019.03.28-17.49.08:031][  0]LogTextLocalizationManager: No specific localization for 'en-US' exists, so the 'en' localization will be used.
[2019.03.28-17.49.08:292][  0]LogStreaming: Display: Took  0.263s to InitEngineTextLocalization.
[2019.03.28-17.49.08:292][  0]LogInit: Setting process to per monitor DPI aware
[2019.03.28-17.49.08:310][  0]LogSlate: New Slate User Created.  User Index 0, Is Virtual User: 0
[2019.03.28-17.49.08:310][  0]LogSlate: Slate User Registered.  User Index 0, Is Virtual User: 0
[2019.03.28-17.49.08:573][  0]LogHMD: Failed to initialize OpenVR with code 110
[2019.03.28-17.49.08:573][  0]LogD3D11RHI: D3D11 adapters:
[2019.03.28-17.49.08:619][  0]LogD3D11RHI:    0. 'NVIDIA GeForce GTX 1080' (Feature Level 11_0)
[2019.03.28-17.49.08:619][  0]LogD3D11RHI:       8079/0/8163 MB DedicatedVideo/DedicatedSystem/SharedSystem, Outputs:1, VendorId:0x10de
[2019.03.28-17.49.08:621][  0]LogD3D11RHI:    1. 'Microsoft Basic Render Driver' (Feature Level 11_0)
[2019.03.28-17.49.08:621][  0]LogD3D11RHI:       0/0/8163 MB DedicatedVideo/DedicatedSystem/SharedSystem, Outputs:0, VendorId:0x1414
[2019.03.28-17.49.08:621][  0]LogD3D11RHI: Chosen D3D11 Adapter: 0
[2019.03.28-17.49.08:625][  0]LogD3D11RHI: Creating new Direct3DDevice
[2019.03.28-17.49.08:625][  0]LogD3D11RHI:     GPU DeviceId: 0x1b80 (for the marketing name, search the web for "GPU Device Id")
[2019.03.28-17.49.08:625][  0]LogWindows: EnumDisplayDevices:
[2019.03.28-17.49.08:625][  0]LogWindows:    0. 'NVIDIA GeForce GTX 1080' (P:1 D:1)
[2019.03.28-17.49.08:625][  0]LogWindows:    1. 'NVIDIA GeForce GTX 1080' (P:0 D:0)
[2019.03.28-17.49.08:625][  0]LogWindows:    2. 'NVIDIA GeForce GTX 1080' (P:0 D:0)
[2019.03.28-17.49.08:626][  0]LogWindows:    3. 'NVIDIA GeForce GTX 1080' (P:0 D:0)
[2019.03.28-17.49.08:626][  0]LogWindows: DebugString: FoundDriverCount:4 
[2019.03.28-17.49.08:626][  0]LogD3D11RHI:     Adapter Name: NVIDIA GeForce GTX 1080
[2019.03.28-17.49.08:626][  0]LogD3D11RHI:   Driver Version: 391.35 (internal:23.21.13.9135, unified:391.35)
[2019.03.28-17.49.08:626][  0]LogD3D11RHI:      Driver Date: 3-23-2018
[2019.03.28-17.49.08:626][  0]LogRHI: Texture pool is 5655 MB (70% of 8079 MB)
[2019.03.28-17.49.08:649][  0]LogD3D11RHI: Async texture creation enabled
[2019.03.28-17.49.08:664][  0]LogD3D11RHI: GPU Timing Frequency: 1000.000000 (Debug: 2 2)
[2019.03.28-17.49.08:711][  0]LogShaderCompilers: Guid format shader working directory is -5 characters bigger than the processId version (../../../../../../Users/alar0037/Documents/GitHub/GOOB/Intermediate/Shaders/WorkingDirectory/6808/).
[2019.03.28-17.49.08:711][  0]LogShaderCompilers: Cleaned the shader compiler working directory 'C:/Users/alar0037/AppData/Local/Temp/UnrealShaderWorkingDir/C128127D4FE071F71396C7941CCF768F/'.
[2019.03.28-17.49.08:920][  0]LogTemp: Display: Loaded TP AllDesktopTargetPlatform
[2019.03.28-17.49.08:931][  0]LogTemp: Display: Loaded TP MacClientTargetPlatform
[2019.03.28-17.49.08:941][  0]LogTemp: Display: Loaded TP MacNoEditorTargetPlatform
[2019.03.28-17.49.08:951][  0]LogTemp: Display: Loaded TP MacServerTargetPlatform
[2019.03.28-17.49.08:962][  0]LogTemp: Display: Loaded TP MacTargetPlatform
[2019.03.28-17.49.08:973][  0]LogTemp: Display: Loaded TP WindowsClientTargetPlatform
[2019.03.28-17.49.08:983][  0]LogTemp: Display: Loaded TP WindowsNoEditorTargetPlatform
[2019.03.28-17.49.08:994][  0]LogTemp: Display: Loaded TP WindowsServerTargetPlatform
[2019.03.28-17.49.08:999][  0]LogTemp: Display: Loaded TP WindowsTargetPlatform
[2019.03.28-17.49.09:057][  0]LogTemp: Display: Loaded TP AndroidTargetPlatform
[2019.03.28-17.49.09:057][  0]LogTemp: Display: Loaded TP AndroidTargetPlatform
[2019.03.28-17.49.09:057][  0]LogTemp: Display: Loaded TP AndroidTargetPlatform
[2019.03.28-17.49.09:057][  0]LogTemp: Display: Loaded TP AndroidTargetPlatform
[2019.03.28-17.49.09:057][  0]LogTemp: Display: Loaded TP AndroidTargetPlatform
[2019.03.28-17.49.09:057][  0]LogTemp: Display: Loaded TP AndroidTargetPlatform
[2019.03.28-17.49.09:057][  0]LogTemp: Display: Loaded TP AndroidTargetPlatform
[2019.03.28-17.49.09:057][  0]LogTemp: Display: Loaded TP AndroidTargetPlatform
[2019.03.28-17.49.09:057][  0]LogTemp: Display: Loaded TP AndroidTargetPlatform
[2019.03.28-17.49.09:057][  0]LogTemp: Display: Loaded TP AndroidTargetPlatform
[2019.03.28-17.49.09:057][  0]LogTemp: Display: Loaded TP AndroidTargetPlatform
[2019.03.28-17.49.09:057][  0]LogTemp: Display: Loaded TP AndroidTargetPlatform
[2019.03.28-17.49.09:057][  0]LogTemp: Display: Loaded TP AndroidTargetPlatform
[2019.03.28-17.49.09:057][  0]LogTemp: Display: Loaded TP AndroidTargetPlatform
[2019.03.28-17.49.09:057][  0]LogTemp: Display: Loaded TP AndroidTargetPlatform
[2019.03.28-17.49.09:057][  0]LogTemp: Display: Loaded TP AndroidTargetPlatform
[2019.03.28-17.49.09:057][  0]LogTemp: Display: Loaded TP AndroidTargetPlatform
[2019.03.28-17.49.09:057][  0]LogTemp: Display: Loaded TP AndroidTargetPlatform
[2019.03.28-17.49.09:058][  0]LogTemp: Display: Loaded TP HTML5TargetPlatform
[2019.03.28-17.49.09:112][  0]LogTemp: Display: Loaded TP IOSTargetPlatform
[2019.03.28-17.49.09:112][  0]LogTemp: Display: Loaded TP IOSTargetPlatform
[2019.03.28-17.49.09:130][  0]LogTemp: Display: Loaded TP TVOSTargetPlatform
[2019.03.28-17.49.09:130][  0]LogTemp: Display: Loaded TP TVOSTargetPlatform
[2019.03.28-17.49.09:140][  0]LogTemp: Display: Loaded TP LinuxClientTargetPlatform
[2019.03.28-17.49.09:149][  0]LogTemp: Display: Loaded TP LinuxNoEditorTargetPlatform
[2019.03.28-17.49.09:159][  0]LogTemp: Display: Loaded TP LinuxServerTargetPlatform
[2019.03.28-17.49.09:169][  0]LogTemp: Display: Loaded TP LinuxTargetPlatform
[2019.03.28-17.49.09:176][  0]LogTemp: Display: Loaded TP LuminTargetPlatform
[2019.03.28-17.49.09:176][  0]LogTargetPlatformManager: Display: Building Assets For Windows
[2019.03.28-17.49.09:223][  0]LogXGEController: Cleaning working directory: C:/Users/alar0037/AppData/Local/Temp/UnrealXGEWorkingDir/
[2019.03.28-17.49.09:223][  0]LogXGEController: Cannot use XGE Controller as Incredibuild is not installed on this machine.
[2019.03.28-17.49.09:223][  0]LogShaderCompilers: Cannot use XGE Shader Compiler as Incredibuild is not installed on this machine.
[2019.03.28-17.49.09:223][  0]LogShaderCompilers: Display: Using Local Shader Compiler.
[2019.03.28-17.49.09:827][  0]LogDerivedDataCache: Display: Max Cache Size: 512 MB
[2019.03.28-17.49.09:864][  0]LogDerivedDataCache: Loaded boot cache 0.04s 71MB C:/Users/alar0037/AppData/Local/UnrealEngine/4.20/DerivedDataCache/Boot.ddc.
[2019.03.28-17.49.09:865][  0]LogDerivedDataCache: Display: Loaded Boot cache: C:/Users/alar0037/AppData/Local/UnrealEngine/4.20/DerivedDataCache/Boot.ddc
[2019.03.28-17.49.09:865][  0]LogDerivedDataCache: FDerivedDataBackendGraph:  Pak pak cache file ../../../../../../Users/alar0037/Documents/GitHub/GOOB/DerivedDataCache/DDC.ddp not found, will not use a pak cache.
[2019.03.28-17.49.09:865][  0]LogDerivedDataCache: Unable to find inner node Pak for hierarchical cache Hierarchy.
[2019.03.28-17.49.09:865][  0]LogDerivedDataCache: FDerivedDataBackendGraph:  CompressedPak pak cache file ../../../../../../Users/alar0037/Documents/GitHub/GOOB/DerivedDataCache/Compressed.ddp not found, will not use a pak cache.
[2019.03.28-17.49.09:865][  0]LogDerivedDataCache: Unable to find inner node CompressedPak for hierarchical cache Hierarchy.
[2019.03.28-17.49.09:875][  0]LogDerivedDataCache: Display: Pak cache opened for reading ../../../Engine/DerivedDataCache/Compressed.ddp.
[2019.03.28-17.49.09:887][  0]LogDerivedDataCache: Using Local data cache path C:/Users/alar0037/AppData/Local/UnrealEngine/Common/DerivedDataCache: Writable
[2019.03.28-17.49.09:887][  0]LogDerivedDataCache: Shared data cache path not found in *engine.ini, will not use an Shared cache.
[2019.03.28-17.49.09:887][  0]LogDerivedDataCache: Unable to find inner node Shared for hierarchical cache Hierarchy.
[2019.03.28-17.49.09:900][  0]LogMaterial: Verifying Global Shaders for PCD3D_SM5
[2019.03.28-17.49.09:901][  0]LogSlate: Using FreeType 2.6.0
[2019.03.28-17.49.09:902][  0]LogSlate: SlateFontServices - WITH_FREETYPE: 1, WITH_HARFBUZZ: 1
[2019.03.28-17.49.09:999][  0]LogAssetRegistry: FAssetRegistry took 0.0253 seconds to start up
[2019.03.28-17.49.10:239][  0]LogInit: Selected Device Profile: [Windows]
[2019.03.28-17.49.10:337][  0]LogSimplygon: Simplygon DLL not present - disabling.
[2019.03.28-17.49.10:340][  0]LogMeshReduction: Using SimplygonSwarm for distributed automatic mesh merging
[2019.03.28-17.49.10:340][  0]LogMeshReduction: Using ProxyLODMeshReduction for automatic mesh merging
[2019.03.28-17.49.10:340][  0]LogMeshReduction: Using QuadricMeshReduction for automatic static mesh reduction
[2019.03.28-17.49.10:340][  0]LogMeshReduction: No automatic skeletal mesh reduction module available
[2019.03.28-17.49.10:350][  0]LogNetVersion: Terminus_22XX 1.0.0, NetCL: 4212847, EngineNetVer: 5, GameNetVer: 0 (Checksum: 1011408813)
[2019.03.28-17.49.10:737][  0]LogPackageLocalizationCache: Processed 12 localized package path(s) for 2 prioritized culture(s) in 0.089705 seconds
[2019.03.28-17.49.10:741][  0]LogUObjectArray: 38425 objects as part of root set at end of initial load.
[2019.03.28-17.49.10:742][  0]LogUObjectAllocator: 6690864 out of 0 bytes used by permanent object pool.
[2019.03.28-17.49.10:742][  0]LogUObjectArray: CloseDisregardForGC: 0/0 objects in disregard for GC pool
[2019.03.28-17.49.11:603][  0]LogTcpMessaging: Initializing TcpMessaging bridge
[2019.03.28-17.49.11:617][  0]LogUdpMessaging: Initializing bridge on interface 0.0.0.0:0 to multicast group 230.0.0.1:6666.
[2019.03.28-17.49.11:801][  0]SourceControl: Source control is disabled
[2019.03.28-17.49.11:801][  0]SourceControl: Source control is disabled
[2019.03.28-17.49.11:802][  0]SourceControl: Source control is disabled
[2019.03.28-17.49.11:803][  0]SourceControl: Source control is disabled
[2019.03.28-17.49.11:978][  0]LogAndroidPermission: UAndroidPermissionCallbackProxy::GetInstance
[2019.03.28-17.49.12:042][  0]LogOcInput: OculusInput pre-init called
[2019.03.28-17.49.12:111][  0]LogEngine: Initializing Engine...
[2019.03.28-17.49.12:112][  0]LogHMD: Failed to initialize OpenVR with code 110
[2019.03.28-17.49.12:113][  0]LogStats: UGameplayTagsManager::ConstructGameplayTagTree: ImportINI prefixes -  0.000 s
[2019.03.28-17.49.12:113][  0]LogStats: UGameplayTagsManager::ConstructGameplayTagTree: Construct from data asset -  0.000 s
[2019.03.28-17.49.12:113][  0]LogStats: UGameplayTagsManager::ConstructGameplayTagTree: ImportINI -  0.000 s
[2019.03.28-17.49.12:113][  0]LogStats: UGameplayTagsManager::ConstructGameplayTagTree: GameplayTagTreeChangedEvent.Broadcast -  0.000 s
[2019.03.28-17.49.12:267][  0]LogInit: Initializing FReadOnlyCVARCache
[2019.03.28-17.49.12:278][  0]LogAIModule: Creating AISystem for world Untitled
[2019.03.28-17.49.12:283][  0]LogInit: XAudio2 using 'Philips 244E (NVIDIA High Definition Audio)' : 2 channels at 48 kHz using 16 bits per sample (channel mask 0x3)
[2019.03.28-17.49.12:319][  0]LogInit: FAudioDevice initialized.
[2019.03.28-17.49.12:319][  0]LogNetVersion: Set ProjectVersion to 1.0.0.0. Version Checksum will be recalculated on next use.
[2019.03.28-17.49.12:385][  0]LogDerivedDataCache: Saved boot cache 0.07s 71MB C:/Users/alar0037/AppData/Local/UnrealEngine/4.20/DerivedDataCache/Boot.ddc.
[2019.03.28-17.49.12:387][  0]LogInit: Texture streaming: Enabled
[2019.03.28-17.49.12:403][  0]LogEngineSessionManager: EngineSessionManager initialized
[2019.03.28-17.49.12:404][  0]LogEngineSessionManager: EngineSessionManager sent abnormal shutdown report. Type=Debugger, SessionId={D2F6A55A-41B1-4E4C-D03C-929D7324F259}
[2019.03.28-17.49.12:429][  0]LogWindowsTextInputMethodSystem: Display: IME system now deactivated.
[2019.03.28-17.49.12:478][  0]LogInit: Transaction tracking system initialized
[2019.03.28-17.49.12:503][  0]BlueprintLog: New page: Editor Load
[2019.03.28-17.49.12:575][  0]LocalizationService: Localization service is disabled
[2019.03.28-17.49.12:792][  0]LogCook: Display: Max memory allowance for cook 16384mb min free memory 0mb
[2019.03.28-17.49.12:792][  0]LogCook: Display: Mobile HDR setting 1
[2019.03.28-17.49.12:792][  0]LogGameplayTags: Display: UGameplayTagsManager::DoneAddingNativeTags. DelegateIsBound: 0
[2019.03.28-17.49.12:792][  0]LogStats: UGameplayTagsManager::ConstructGameplayTagTree: ImportINI prefixes -  0.000 s
[2019.03.28-17.49.12:792][  0]LogStats: UGameplayTagsManager::ConstructGameplayTagTree: Construct from data asset -  0.000 s
[2019.03.28-17.49.12:793][  0]LogStats: UGameplayTagsManager::ConstructGameplayTagTree: ImportINI -  0.000 s
[2019.03.28-17.49.12:793][  0]LogStats: UGameplayTagsManager::ConstructGameplayTagTree: GameplayTagTreeChangedEvent.Broadcast -  0.000 s
[2019.03.28-17.49.12:894][  0]LogFileCache: Scanning file cache for directory 'C:/Users/alar0037/Documents/GitHub/GOOB/Content/' took 0.01s
[2019.03.28-17.49.12:894][  0]SourceControl: Source control is disabled
[2019.03.28-17.49.12:894][  0]Cmd: MAP LOAD FILE="../../../../../../Users/alar0037/Documents/GitHub/GOOB/Content/Levels/Terminus_22XX.umap" TEMPLATE=0 SHOWPROGRESS=1 FEATURELEVEL=3
[2019.03.28-17.49.12:894][  0]LightingResults: New page: Lighting Build
[2019.03.28-17.49.12:896][  0]MapCheck: New page: Map Check
[2019.03.28-17.49.12:896][  0]LightingResults: New page: Lighting Build
[2019.03.28-17.49.13:401][  0]LogAIModule: Creating AISystem for world Terminus_22XX
[2019.03.28-17.49.13:531][  0]LogEditorServer: Finished looking for orphan Actors (0.000 secs)
[2019.03.28-17.49.13:552][  0]Cmd: MAP CHECKDEP NOCLEARLOG
[2019.03.28-17.49.13:645][  0]MapCheck: Map check complete: 0 Error(s), 0 Warning(s), took 92.63ms to complete.
[2019.03.28-17.49.13:645][  0]LogFileHelpers: Loading map 'Terminus_22XX' took 0.751
[2019.03.28-17.49.13:738][  0]LogSlate: Updating window title bar state: overlay mode, drag disabled, window buttons hidden, title bar hidden
[2019.03.28-17.49.13:745][  0]LogSlate: Updating window title bar state: overlay mode, drag disabled, window buttons hidden, title bar hidden
[2019.03.28-17.49.13:750][  0]LogSlate: Updating window title bar state: overlay mode, drag disabled, window buttons hidden, title bar hidden
[2019.03.28-17.49.13:756][  0]LogSlate: Updating window title bar state: overlay mode, drag disabled, window buttons hidden, title bar hidden
[2019.03.28-17.49.13:761][  0]LogCollectionManager: Loaded 0 collections in 0.001431 seconds
[2019.03.28-17.49.13:799][  0]LogFileCache: Scanning file cache for directory 'C:/Users/alar0037/Documents/GitHub/GOOB/Saved/Collections/' took 0.01s
[2019.03.28-17.49.13:799][  0]LogFileCache: Scanning file cache for directory 'C:/Users/alar0037/Documents/GitHub/GOOB/Content/Developers/alar0037/Collections/' took 0.01s
[2019.03.28-17.49.13:799][  0]LogFileCache: Scanning file cache for directory 'C:/Users/alar0037/Documents/GitHub/GOOB/Content/Collections/' took 0.01s
[2019.03.28-17.49.13:799][  0]LogCollectionManager: Rebuilt the GUID cache for 0 collections in 0.000000 seconds
[2019.03.28-17.49.13:805][  0]LogContentBrowser: Native class hierarchy populated in 0.0067 seconds. Added 2610 classes and 612 folders.
[2019.03.28-17.49.13:811][  0]LogContentBrowser: Native class hierarchy updated for 'WidgetCarousel' in 0.0003 seconds. Added 0 classes and 0 folders.
[2019.03.28-17.49.13:854][  0]LogContentBrowser: Native class hierarchy updated for 'AddContentDialog' in 0.0003 seconds. Added 0 classes and 0 folders.
[2019.03.28-17.49.13:859][  0]LogContentBrowser: Native class hierarchy updated for 'SceneOutliner' in 0.0005 seconds. Added 1 classes and 2 folders.
[2019.03.28-17.49.13:933][  0]LogSlate: Took 0.000444 seconds to synchronously load lazily loaded font '../../../Engine/Content/Slate/Fonts/Roboto-Regular.ttf' (155K)
[2019.03.28-17.49.13:935][  0]LogSlate: Took 0.000463 seconds to synchronously load lazily loaded font '../../../Engine/Content/Slate/Fonts/Roboto-Bold.ttf' (160K)
[2019.03.28-17.49.13:938][  0]LogSlate: Took 0.000176 seconds to synchronously load lazily loaded font '../../../Engine/Content/Editor/Slate/Fonts/FontAwesome.ttf' (139K)
[2019.03.28-17.49.14:034][  0]LogRenderer: Reallocating scene render targets to support 1208x576 Format 10 NumSamples 1 (Frame:1).
[2019.03.28-17.49.14:129][  0]LogSlate: FSceneViewport::OnFocusLost() reason 2
[2019.03.28-17.49.14:144][  0]LogSlate: Window 'Tutorials' being destroyed
[2019.03.28-17.49.14:176][  0]LogContentBrowser: Native class hierarchy updated for 'HierarchicalLODOutliner' in 0.0005 seconds. Added 0 classes and 0 folders.
[2019.03.28-17.49.14:176][  0]LogLoad: (Engine Initialization) Total time: 7.63 seconds
[2019.03.28-17.49.14:176][  0]LogLoad: (Engine Initialization) Total Blueprint compile time: 0.00 seconds
[2019.03.28-17.49.14:213][  0]LogContentStreaming: Texture pool size now 3000 MB
[2019.03.28-17.49.14:245][  0]LogSlate: Took 0.000168 seconds to synchronously load lazily loaded font '../../../Engine/Content/Slate/Fonts/Roboto-Light.ttf' (167K)
[2019.03.28-17.49.14:284][  1]LogAssetRegistry: Asset discovery search completed in 4.3069 seconds
[2019.03.28-17.49.14:285][  1]LogCollectionManager: Rebuilt the object cache for 0 collections in 0.000000 seconds (found 0 objects)
[2019.03.28-17.49.14:286][  1]LogCollectionManager: Fixed up redirectors for 0 collections in 0.000045 seconds (updated 0 objects)
[2019.03.28-17.49.15:620][156]LogEditorViewport: Clicking on Actor (LMB): BP_Hall_Straight_C (BP_Hall_Straight5)
[2019.03.28-17.49.21:271][372]LogSlate: FSceneViewport::OnFocusLost() reason 0
[2019.03.28-17.49.22:343][483]LogSlate: Took 0.002287 seconds to synchronously load lazily loaded font '../../../Engine/Content/Slate/Fonts/Roboto-Italic.ttf' (157K)
[2019.03.28-17.50.33:337][ 77]LogSlate: FSceneViewport::OnFocusLost() reason 0
[2019.03.28-17.50.34:796][ 86]LogSlate: Window 'Save Content' being destroyed
[2019.03.28-17.50.34:885][ 86]LogSlate: Window 'Terminus_22XX - Unreal Editor' being destroyed
[2019.03.28-17.50.35:052][ 87]Cmd: QUIT_EDITOR
[2019.03.28-17.50.35:065][ 87]LogWindowsTextInputMethodSystem: Display: IME system now deactivated.
[2019.03.28-17.50.35:071][ 87]LogExit: Preparing to exit.
[2019.03.28-17.50.35:713][ 87]LogExit: Editor shut down
[2019.03.28-17.50.35:714][ 87]LogExit: Transaction tracking system shut down
[2019.03.28-17.50.36:251][ 87]LogExit: Object subsystem successfully closed.
[2019.03.28-17.50.36:266][ 87]LogShaderCompilers: Display: Shaders left to compile 0
[2019.03.28-17.50.36:268][ 87]LogD3D11RHI: Shutdown
[2019.03.28-17.50.36:268][ 87]LogD3D11RHI: CleanupD3DDevice
[2019.03.28-17.50.36:270][ 87]LogD3D11RHI: ~FD3D11DynamicRHI
[2019.03.28-17.50.36:292][ 87]LogModuleManager: Shutting down and abandoning module HierarchicalLODOutliner (616)
[2019.03.28-17.50.36:292][ 87]LogModuleManager: Shutting down and abandoning module SceneOutliner (614)
[2019.03.28-17.50.36:292][ 87]LogModuleManager: Shutting down and abandoning module AddContentDialog (612)
[2019.03.28-17.50.36:293][ 87]LogModuleManager: Shutting down and abandoning module WidgetCarousel (611)
[2019.03.28-17.50.36:293][ 87]LogModuleManager: Shutting down and abandoning module EditorWidgets (608)
[2019.03.28-17.50.36:293][ 87]LogModuleManager: Shutting down and abandoning module CollectionManager (606)
[2019.03.28-17.50.36:293][ 87]LogModuleManager: Shutting down and abandoning module StatsViewer (604)
[2019.03.28-17.50.36:293][ 87]LogModuleManager: Shutting down and abandoning module FoliageEdit (602)
[2019.03.28-17.50.36:293][ 87]LogModuleManager: Shutting down and abandoning module LandscapeEditor (600)
[2019.03.28-17.50.36:293][ 87]LogModuleManager: Shutting down and abandoning module MeshPaintMode (598)
[2019.03.28-17.50.36:293][ 87]LogModuleManager: Shutting down and abandoning module SceneDepthPickerMode (596)
[2019.03.28-17.50.36:293][ 87]LogModuleManager: Shutting down and abandoning module ActorPickerMode (594)
[2019.03.28-17.50.36:293][ 87]LogModuleManager: Shutting down and abandoning module GeometryMode (592)
[2019.03.28-17.50.36:293][ 87]LogModuleManager: Shutting down and abandoning module TextureAlignMode (590)
[2019.03.28-17.50.36:293][ 87]LogModuleManager: Shutting down and abandoning module BspMode (588)
[2019.03.28-17.50.36:293][ 87]LogModuleManager: Shutting down and abandoning module PIEPreviewDeviceProfileSelector (586)
[2019.03.28-17.50.36:293][ 87]LogModuleManager: Shutting down and abandoning module SequenceRecorderSections (584)
[2019.03.28-17.50.36:293][ 87]LogModuleManager: Shutting down and abandoning module AutomationWorker (582)
[2019.03.28-17.50.36:293][ 87]LogModuleManager: Shutting down and abandoning module AudioCaptureEditor (580)
[2019.03.28-17.50.36:293][ 87]LogModuleManager: Shutting down and abandoning module SequenceRecorder (579)
[2019.03.28-17.50.36:293][ 87]LogModuleManager: Shutting down and abandoning module MatineeToLevelSequence (576)
[2019.03.28-17.50.36:293][ 87]LogModuleManager: Shutting down and abandoning module LevelSequenceEditor (574)
[2019.03.28-17.50.36:293][ 87]LogModuleManager: Shutting down and abandoning module PlacementMode (573)
[2019.03.28-17.50.36:293][ 87]LogModuleManager: Shutting down and abandoning module MaterialEditor (572)
[2019.03.28-17.50.36:293][ 87]LogModuleManager: Shutting down and abandoning module WmfMediaFactory (568)
[2019.03.28-17.50.36:293][ 87]LogModuleManager: Shutting down and abandoning module WmfMediaEditor (566)
[2019.03.28-17.50.36:293][ 87]LogModuleManager: Shutting down and abandoning module MediaPlayerEditor (564)
[2019.03.28-17.50.36:293][ 87]LogModuleManager: Shutting down and abandoning module OpenExrWrapper (562)
[2019.03.28-17.50.36:293][ 87]LogModuleManager: Shutting down and abandoning module ImgMediaFactory (560)
[2019.03.28-17.50.36:293][ 87]LogModuleManager: Shutting down and abandoning module ImgMediaEditor (558)
[2019.03.28-17.50.36:293][ 87]LogModuleManager: Shutting down and abandoning module AvfMediaFactory (556)
[2019.03.28-17.50.36:293][ 87]LogModuleManager: Shutting down and abandoning module AvfMediaEditor (554)
[2019.03.28-17.50.36:293][ 87]LogModuleManager: Shutting down and abandoning module AndroidMediaFactory (552)
[2019.03.28-17.50.36:293][ 87]LogModuleManager: Shutting down and abandoning module AndroidMediaEditor (550)
[2019.03.28-17.50.36:293][ 87]LogModuleManager: Shutting down and abandoning module MagicLeapCameraPreviewFactory (548)
[2019.03.28-17.50.36:293][ 87]LogModuleManager: Shutting down and abandoning module MagicLeapMediaFactory (546)
[2019.03.28-17.50.36:293][ 87]LogModuleManager: Shutting down and abandoning module MagicLeapMediaEditor (544)
[2019.03.28-17.50.36:293][ 87]LogModuleManager: Shutting down and abandoning module CharacterAI (542)
[2019.03.28-17.50.36:293][ 87]LogModuleManager: Shutting down and abandoning module SmartSnapping (540)
[2019.03.28-17.50.36:293][ 87]LogModuleManager: Shutting down and abandoning module SessionServices (538)
[2019.03.28-17.50.36:293][ 87]LogModuleManager: Shutting down and abandoning module ViewportSnapping (536)
[2019.03.28-17.50.36:293][ 87]LogModuleManager: Shutting down and abandoning module ViewportInteraction (534)
[2019.03.28-17.50.36:293][ 87]LogModuleManager: Shutting down and abandoning module ClothPainter (532)
[2019.03.28-17.50.36:293][ 87]LogModuleManager: Shutting down and abandoning module SkeletalMeshEditor (531)
[2019.03.28-17.50.36:293][ 87]LogModuleManager: Shutting down and abandoning module LogVisualizer (528)
[2019.03.28-17.50.36:293][ 87]LogModuleManager: Shutting down and abandoning module IntroTutorials (526)
[2019.03.28-17.50.36:294][ 87]LogModuleManager: Shutting down and abandoning module GameProjectGeneration (525)
[2019.03.28-17.50.36:294][ 87]LogModuleManager: Shutting down and abandoning module LuminPlatformEditor (522)
[2019.03.28-17.50.36:294][ 87]LogModuleManager: Shutting down and abandoning module IOSPlatformEditor (520)
[2019.03.28-17.50.36:294][ 87]LogModuleManager: Shutting down and abandoning module HTML5PlatformEditor (518)
[2019.03.28-17.50.36:294][ 87]LogModuleManager: Shutting down and abandoning module AndroidPlatformEditor (516)
[2019.03.28-17.50.36:294][ 87]LogModuleManager: Shutting down and abandoning module AndroidDeviceDetection (515)
[2019.03.28-17.50.36:640][ 87]LogModuleManager: Shutting down and abandoning module WindowsPlatformEditor (512)
[2019.03.28-17.50.36:640][ 87]LogModuleManager: Shutting down and abandoning module LuminRuntimeSettings (510)
[2019.03.28-17.50.36:640][ 87]LogModuleManager: Shutting down and abandoning module IOSRuntimeSettings (508)
[2019.03.28-17.50.36:640][ 87]LogModuleManager: Shutting down and abandoning module AndroidRuntimeSettings (506)
[2019.03.28-17.50.36:640][ 87]LogModuleManager: Shutting down and abandoning module InputBindingEditor (504)
[2019.03.28-17.50.36:640][ 87]LogModuleManager: Shutting down and abandoning module MergeActors (502)
[2019.03.28-17.50.36:640][ 87]LogModuleManager: Shutting down and abandoning module LocalizationDashboard (500)
[2019.03.28-17.50.36:641][ 87]LogModuleManager: Shutting down and abandoning module LocalizationService (499)
[2019.03.28-17.50.36:641][ 87]LogModuleManager: Shutting down and abandoning module HardwareTargeting (496)
[2019.03.28-17.50.36:641][ 87]LogModuleManager: Shutting down and abandoning module DeviceProfileEditor (494)
[2019.03.28-17.50.36:641][ 87]LogModuleManager: Shutting down and abandoning module UndoHistory (492)
[2019.03.28-17.50.36:641][ 87]LogModuleManager: Shutting down and abandoning module XmlParser (490)
[2019.03.28-17.50.36:641][ 87]LogModuleManager: Shutting down and abandoning module Blutility (488)
[2019.03.28-17.50.36:641][ 87]LogModuleManager: Shutting down and abandoning module ProjectSettingsViewer (486)
[2019.03.28-17.50.36:641][ 87]LogModuleManager: Shutting down and abandoning module ProjectTargetPlatformEditor (485)
[2019.03.28-17.50.36:641][ 87]LogModuleManager: Shutting down and abandoning module EditorSettingsViewer (482)
[2019.03.28-17.50.36:641][ 87]LogModuleManager: Shutting down and abandoning module SettingsEditor (480)
[2019.03.28-17.50.36:641][ 87]LogModuleManager: Shutting down and abandoning module ProjectLauncher (478)
[2019.03.28-17.50.36:641][ 87]LogModuleManager: Shutting down and abandoning module SessionFrontend (476)
[2019.03.28-17.50.36:641][ 87]LogModuleManager: Shutting down and abandoning module ProfilerClient (474)
[2019.03.28-17.50.36:641][ 87]LogModuleManager: Shutting down and abandoning module DeviceManager (472)
[2019.03.28-17.50.36:641][ 87]LogModuleManager: Shutting down and abandoning module TargetDeviceServices (471)
[2019.03.28-17.50.36:703][ 87]LogModuleManager: Shutting down and abandoning module AutomationController (468)
[2019.03.28-17.50.36:703][ 87]LogModuleManager: Shutting down and abandoning module AutomationWindow (466)
[2019.03.28-17.50.36:703][ 87]LogModuleManager: Shutting down and abandoning module Layers (464)
[2019.03.28-17.50.36:703][ 87]LogModuleManager: Shutting down and abandoning module ComponentVisualizers (462)
[2019.03.28-17.50.36:703][ 87]LogModuleManager: Shutting down and abandoning module DetailCustomizations (460)
[2019.03.28-17.50.36:703][ 87]LogModuleManager: Shutting down and abandoning module PackagesDialog (458)
[2019.03.28-17.50.36:703][ 87]LogModuleManager: Shutting down and abandoning module Persona (456)
[2019.03.28-17.50.36:703][ 87]LogModuleManager: Shutting down and abandoning module AdvancedPreviewScene (455)
[2019.03.28-17.50.36:703][ 87]LogModuleManager: Shutting down and abandoning module AnimGraph (453)
[2019.03.28-17.50.36:703][ 87]LogModuleManager: Shutting down and abandoning module Kismet (450)
[2019.03.28-17.50.36:704][ 87]LogModuleManager: Shutting down and abandoning module GraphEditor (448)
[2019.03.28-17.50.36:704][ 87]LogModuleManager: Shutting down and abandoning module ClassViewer (446)
[2019.03.28-17.50.36:704][ 87]LogModuleManager: Shutting down and abandoning module Toolbox (444)
[2019.03.28-17.50.36:704][ 87]LogModuleManager: Shutting down and abandoning module DesktopPlatform (443)
[2019.03.28-17.50.36:704][ 87]LogModuleManager: Shutting down and abandoning module ModuleUI (440)
[2019.03.28-17.50.36:704][ 87]LogModuleManager: Shutting down and abandoning module MovieSceneTools (438)
[2019.03.28-17.50.36:704][ 87]LogModuleManager: Shutting down and abandoning module OutputLog (436)
[2019.03.28-17.50.36:704][ 87]LogModuleManager: Shutting down and abandoning module GammaUI (434)
[2019.03.28-17.50.36:704][ 87]LogModuleManager: Shutting down and abandoning module Documentation (432)
[2019.03.28-17.50.36:704][ 87]LogModuleManager: Shutting down and abandoning module MovieSceneTracks (430)
[2019.03.28-17.50.36:704][ 87]LogModuleManager: Shutting down and abandoning module MovieScene (428)
[2019.03.28-17.50.36:704][ 87]LogModuleManager: Shutting down and abandoning module StreamingPauseRendering (426)
[2019.03.28-17.50.36:704][ 87]LogModuleManager: Shutting down and abandoning module LauncherPlatform (424)
[2019.03.28-17.50.36:704][ 87]LogModuleManager: Shutting down and abandoning module AnalyticsET (422)
[2019.03.28-17.50.36:704][ 87]LogModuleManager: Shutting down and abandoning module PortalServices (420)
[2019.03.28-17.50.36:704][ 87]LogModuleManager: Shutting down and abandoning module PortalRpc (418)
[2019.03.28-17.50.36:704][ 87]LogModuleManager: Shutting down and abandoning module MessagingRpc (416)
[2019.03.28-17.50.36:704][ 87]LogModuleManager: Shutting down and abandoning module AIModule (414)
[2019.03.28-17.50.36:704][ 87]LogModuleManager: Shutting down and abandoning module GameplayDebugger (413)
[2019.03.28-17.50.36:705][ 87]LogModuleManager: Shutting down and abandoning module AITestSuite (411)
[2019.03.28-17.50.36:705][ 87]LogModuleManager: Shutting down and abandoning module NavigationSystem (409)
[2019.03.28-17.50.36:705][ 87]LogModuleManager: Shutting down and abandoning module ProfilerService (406)
[2019.03.28-17.50.36:911][ 87]LogModuleManager: Shutting down and abandoning module TaskGraph (404)
[2019.03.28-17.50.36:912][ 87]LogModuleManager: Shutting down and abandoning module GameFrwkSessionsPlugin (402)
[2019.03.28-17.50.36:912][ 87]LogModuleManager: Shutting down and abandoning module SteamVRController (400)
[2019.03.28-17.50.36:912][ 87]LogModuleManager: Shutting down and abandoning module ProceduralMeshComponentEditor (398)
[2019.03.28-17.50.36:912][ 87]LogModuleManager: Shutting down and abandoning module ProceduralMeshComponent (396)
[2019.03.28-17.50.36:912][ 87]LogModuleManager: Shutting down and abandoning module OculusInput (394)
[2019.03.28-17.50.36:912][ 87]LogModuleManager: Shutting down and abandoning module MobilePatchingUtils (392)
[2019.03.28-17.50.36:912][ 87]LogModuleManager: Shutting down and abandoning module EditableMesh (390)
[2019.03.28-17.50.36:912][ 87]LogModuleManager: Shutting down and abandoning module CustomMeshComponent (388)
[2019.03.28-17.50.36:912][ 87]LogModuleManager: Shutting down and abandoning module CableComponent (386)
[2019.03.28-17.50.36:912][ 87]LogModuleManager: Shutting down and abandoning module AudioCapture (384)
[2019.03.28-17.50.36:912][ 87]LogModuleManager: Shutting down and abandoning module ArchVisCharacter (382)
[2019.03.28-17.50.36:912][ 87]LogModuleManager: Shutting down and abandoning module AndroidPermission (380)
[2019.03.28-17.50.36:912][ 87]LogModuleManager: Shutting down and abandoning module NUTUnrealEngine4 (378)
[2019.03.28-17.50.36:912][ 87]LogModuleManager: Shutting down and abandoning module NetcodeUnitTest (376)
[2019.03.28-17.50.36:912][ 87]LogModuleManager: Shutting down and abandoning module MediaCompositingEditor (374)
[2019.03.28-17.50.36:912][ 87]LogModuleManager: Shutting down and abandoning module MediaCompositing (372)
[2019.03.28-17.50.36:912][ 87]LogModuleManager: Shutting down and abandoning module LinearTimecode (370)
[2019.03.28-17.50.36:912][ 87]LogModuleManager: Shutting down and abandoning module ImgMedia (368)
[2019.03.28-17.50.36:919][ 87]LogModuleManager: Shutting down and abandoning module HTML5Networking (366)
[2019.03.28-17.50.36:919][ 87]LogModuleManager: Shutting down and abandoning module GeometryCacheTracks (364)
[2019.03.28-17.50.36:919][ 87]LogModuleManager: Shutting down and abandoning module GeometryCacheSequencer (362)
[2019.03.28-17.50.36:919][ 87]LogModuleManager: Shutting down and abandoning module BackChannel (360)
[2019.03.28-17.50.36:919][ 87]LogModuleManager: Shutting down and abandoning module AppleVision (358)
[2019.03.28-17.50.36:919][ 87]LogModuleManager: Shutting down and abandoning module AppleImageUtils (356)
[2019.03.28-17.50.36:919][ 87]LogModuleManager: Shutting down and abandoning module AlembicImporter (354)
[2019.03.28-17.50.36:919][ 87]LogModuleManager: Shutting down and abandoning module AlembicLibrary (353)
[2019.03.28-17.50.36:919][ 87]LogModuleManager: Shutting down and abandoning module GeometryCache (352)
[2019.03.28-17.50.36:919][ 87]LogModuleManager: Shutting down and abandoning module GeometryCacheEd (351)
[2019.03.28-17.50.36:919][ 87]LogModuleManager: Shutting down and abandoning module DatasmithContentEditor (346)
[2019.03.28-17.50.36:919][ 87]LogModuleManager: Shutting down and abandoning module DatasmithContent (344)
[2019.03.28-17.50.36:920][ 87]LogModuleManager: Shutting down and abandoning module SpeedTreeImporter (342)
[2019.03.28-17.50.36:920][ 87]LogModuleManager: Shutting down and abandoning module PluginBrowser (340)
[2019.03.28-17.50.36:920][ 87]LogModuleManager: Shutting down and abandoning module MobileLauncherProfileWizard (338)
[2019.03.28-17.50.36:920][ 87]LogModuleManager: Shutting down and abandoning module PolygonModeling (336)
[2019.03.28-17.50.36:920][ 87]LogModuleManager: Shutting down and abandoning module MeshEditor (334)
[2019.03.28-17.50.36:920][ 87]LogModuleManager: Shutting down and abandoning module CryptoKeysOpenSSL (332)
[2019.03.28-17.50.36:920][ 87]LogModuleManager: Shutting down and abandoning module CryptoKeys (330)
[2019.03.28-17.50.36:920][ 87]LogModuleManager: Shutting down and abandoning module VisualStudioSourceCodeAccess (328)
[2019.03.28-17.50.36:920][ 87]LogModuleManager: Shutting down and abandoning module VisualStudioCodeSourceCodeAccess (326)
[2019.03.28-17.50.36:920][ 87]LogModuleManager: Shutting down and abandoning module UObjectPlugin (324)
[2019.03.28-17.50.36:920][ 87]LogModuleManager: Shutting down and abandoning module SubversionSourceControl (322)
[2019.03.28-17.50.36:921][ 87]LogModuleManager: Shutting down and abandoning module PerforceSourceControl (320)
[2019.03.28-17.50.36:921][ 87]LogModuleManager: Shutting down and abandoning module GitSourceControl (318)
[2019.03.28-17.50.36:921][ 87]LogModuleManager: Shutting down and abandoning module SourceControl (317)
[2019.03.28-17.50.36:921][ 87]LogModuleManager: Shutting down and abandoning module CLionSourceCodeAccess (314)
[2019.03.28-17.50.36:921][ 87]LogModuleManager: Shutting down and abandoning module LightPropagationVolumeEditor (312)
[2019.03.28-17.50.36:921][ 87]LogModuleManager: Shutting down and abandoning module PaperTiledImporter (310)
[2019.03.28-17.50.36:921][ 87]LogModuleManager: Shutting down and abandoning module PaperSpriteSheetImporter (308)
[2019.03.28-17.50.36:921][ 87]LogModuleManager: Shutting down and abandoning module Paper2DEditor (306)
[2019.03.28-17.50.36:921][ 87]LogModuleManager: Shutting down and abandoning module MeshPaint (305)
[2019.03.28-17.50.36:921][ 87]LogModuleManager: Shutting down and abandoning module Terminus_22XX (302)
[2019.03.28-17.50.36:921][ 87]LogModuleManager: Shutting down and abandoning module RuntimePhysXCooking (300)
[2019.03.28-17.50.36:921][ 87]LogModuleManager: Shutting down and abandoning module PhysXVehiclesEditor (298)
[2019.03.28-17.50.36:921][ 87]LogModuleManager: Shutting down and abandoning module PhysXVehicles (296)
[2019.03.28-17.50.36:921][ 87]LogModuleManager: Shutting down and abandoning module OculusEditor (294)
[2019.03.28-17.50.36:921][ 87]LogModuleManager: Shutting down and abandoning module LocationServicesBPLibrary (292)
[2019.03.28-17.50.36:921][ 87]LogModuleManager: Shutting down and abandoning module ImmediatePhysicsEditor (290)
[2019.03.28-17.50.36:921][ 87]LogModuleManager: Shutting down and abandoning module ImmediatePhysics (288)
[2019.03.28-17.50.36:921][ 87]LogModuleManager: Shutting down and abandoning module ActorSequence (286)
[2019.03.28-17.50.36:921][ 87]LogModuleManager: Shutting down and abandoning module UdpMessaging (284)
[2019.03.28-17.50.37:023][ 87]LogModuleManager: Shutting down and abandoning module TcpMessaging (282)
[2019.03.28-17.50.37:123][ 87]LogModuleManager: Shutting down and abandoning module MagicLeapAudio (280)
[2019.03.28-17.50.37:123][ 87]LogModuleManager: Shutting down and abandoning module GameplayTagsEditor (278)
[2019.03.28-17.50.37:123][ 87]LogModuleManager: Shutting down and abandoning module FacialAnimationEditor (276)
[2019.03.28-17.50.37:123][ 87]LogModuleManager: Shutting down and abandoning module FacialAnimation (274)
[2019.03.28-17.50.37:123][ 87]LogModuleManager: Shutting down and abandoning module DataValidation (272)
[2019.03.28-17.50.37:123][ 87]LogModuleManager: Shutting down and abandoning module AssetManagerEditor (270)
[2019.03.28-17.50.37:123][ 87]LogModuleManager: Shutting down and abandoning module LevelEditor (269)
[2019.03.28-17.50.37:124][ 87]LogModuleManager: Shutting down and abandoning module PixelInspectorModule (268)
[2019.03.28-17.50.37:124][ 87]LogModuleManager: Shutting down and abandoning module CommonMenuExtensions (266)
[2019.03.28-17.50.37:124][ 87]LogModuleManager: Shutting down and abandoning module MainFrame (264)
[2019.03.28-17.50.37:124][ 87]LogModuleManager: Shutting down and abandoning module HotReload (263)
[2019.03.28-17.50.37:125][ 87]LogModuleManager: Shutting down and abandoning module ContentBrowser (259)
[2019.03.28-17.50.37:127][ 87]LogModuleManager: Shutting down and abandoning module TreeMap (257)
[2019.03.28-17.50.37:127][ 87]LogModuleManager: Shutting down and abandoning module LightPropagationVolumeRuntime (254)
[2019.03.28-17.50.37:127][ 87]LogModuleManager: Shutting down and abandoning module AISupportModule (252)
[2019.03.28-17.50.37:127][ 87]LogModuleManager: Shutting down and abandoning module Paper2D (250)
[2019.03.28-17.50.37:127][ 87]LogModuleManager: Shutting down and abandoning module WindowsMoviePlayer (248)
[2019.03.28-17.50.37:127][ 87]LogModuleManager: Shutting down and abandoning module WmfMedia (246)
[2019.03.28-17.50.37:129][ 87]LogModuleManager: Shutting down and abandoning module Media (245)
[2019.03.28-17.50.37:135][ 87]LogModuleManager: Shutting down and abandoning module PacketHandler (242)
[2019.03.28-17.50.37:135][ 87]LogModuleManager: Shutting down and abandoning module ClothingSystemEditor (240)
[2019.03.28-17.50.37:135][ 87]LogModuleManager: Shutting down and abandoning module ClothingSystemRuntime (238)
[2019.03.28-17.50.37:135][ 87]LogModuleManager: Shutting down and abandoning module MediaAssets (236)
[2019.03.28-17.50.37:136][ 87]LogModuleManager: Shutting down and abandoning module Overlay (234)
[2019.03.28-17.50.37:136][ 87]LogModuleManager: Shutting down and abandoning module OverlayEditor (233)
[2019.03.28-17.50.37:136][ 87]LogModuleManager: Shutting down and abandoning module VREditor (230)
[2019.03.28-17.50.37:136][ 87]LogModuleManager: Shutting down and abandoning module StringTableEditor (228)
[2019.03.28-17.50.37:136][ 87]LogModuleManager: Shutting down and abandoning module GameplayTasksEditor (226)
[2019.03.28-17.50.37:136][ 87]LogModuleManager: Shutting down and abandoning module BehaviorTreeEditor (224)
[2019.03.28-17.50.37:136][ 87]LogModuleManager: Shutting down and abandoning module FunctionalTesting (222)
[2019.03.28-17.50.37:136][ 87]LogModuleManager: Shutting down and abandoning module CollisionAnalyzer (220)
[2019.03.28-17.50.37:136][ 87]LogModuleManager: Shutting down and abandoning module WorkspaceMenuStructure (219)
[2019.03.28-17.50.37:136][ 87]LogModuleManager: Shutting down and abandoning module UMG (216)
[2019.03.28-17.50.37:136][ 87]LogModuleManager: Shutting down and abandoning module UMGEditor (215)
[2019.03.28-17.50.37:136][ 87]LogModuleManager: Shutting down and abandoning module Sequencer (214)
[2019.03.28-17.50.37:136][ 87]LogModuleManager: Shutting down and abandoning module MessageLog (211)
[2019.03.28-17.50.37:136][ 87]LogModuleManager: Shutting down and abandoning module SlateReflector (206)
[2019.03.28-17.50.37:136][ 87]LogModuleManager: Shutting down and abandoning module Slate (204)
[2019.03.28-17.50.37:136][ 87]LogModuleManager: Shutting down and abandoning module EditorStyle (202)
[2019.03.28-17.50.37:139][ 87]LogModuleManager: Shutting down and abandoning module MRMesh (200)
[2019.03.28-17.50.37:139][ 87]LogModuleManager: Shutting down and abandoning module SourceCodeAccess (198)
[2019.03.28-17.50.37:139][ 87]LogModuleManager: Shutting down and abandoning module HeadMountedDisplay (196)
[2019.03.28-17.50.37:139][ 87]LogModuleManager: Shutting down and abandoning module XAudio2 (194)
[2019.03.28-17.50.37:139][ 87]LogModuleManager: Shutting down and abandoning module Networking (192)
[2019.03.28-17.50.37:139][ 87]LogModuleManager: Shutting down and abandoning module Core (190)
[2019.03.28-17.50.37:139][ 87]LogModuleManager: Shutting down and abandoning module LevelSequence (188)
[2019.03.28-17.50.37:139][ 87]LogModuleManager: Shutting down and abandoning module KismetCompiler (186)
[2019.03.28-17.50.37:139][ 87]LogModuleManager: Shutting down and abandoning module MeshUtilities (184)
[2019.03.28-17.50.37:139][ 87]LogModuleManager: Shutting down and abandoning module MeshMergeUtilities (183)
[2019.03.28-17.50.37:139][ 87]LogModuleManager: Shutting down and abandoning module MeshReductionInterface (182)
[2019.03.28-17.50.37:139][ 87]LogModuleManager: Shutting down and abandoning module SimplygonSwarm (181)
[2019.03.28-17.50.37:140][ 87]LogModuleManager: Shutting down and abandoning module ProxyLODMeshReduction (179)
[2019.03.28-17.50.37:140][ 87]LogModuleManager: Shutting down and abandoning module SimplygonMeshReduction (177)
[2019.03.28-17.50.37:140][ 87]LogModuleManager: Shutting down and abandoning module QuadricMeshReduction (175)
[2019.03.28-17.50.37:140][ 87]LogModuleManager: Shutting down and abandoning module MaterialBaking (171)
[2019.03.28-17.50.37:140][ 87]LogModuleManager: Shutting down and abandoning module DirectoryWatcher (167)
[2019.03.28-17.50.37:140][ 87]LogModuleManager: Shutting down and abandoning module DerivedDataCache (164)
[2019.03.28-17.50.37:445][ 87]LogDerivedDataCache: Shutdown
[2019.03.28-17.50.37:445][ 87]LogModuleManager: Shutting down and abandoning module XGEController (162)
[2019.03.28-17.50.37:445][ 87]LogXGEController: Cleaning working directory: C:/Users/alar0037/AppData/Local/Temp/UnrealXGEWorkingDir/
[2019.03.28-17.50.37:445][ 87]LogModuleManager: Shutting down and abandoning module TargetPlatform (160)
[2019.03.28-17.50.37:445][ 87]LogModuleManager: Shutting down and abandoning module VulkanShaderFormat (159)
[2019.03.28-17.50.37:446][ 87]LogModuleManager: Shutting down and abandoning module ShaderFormatVectorVM (157)
[2019.03.28-17.50.37:446][ 87]LogModuleManager: Shutting down and abandoning module ShaderFormatOpenGL (155)
[2019.03.28-17.50.37:446][ 87]LogModuleManager: Shutting down and abandoning module ShaderFormatD3D (153)
[2019.03.28-17.50.37:446][ 87]LogModuleManager: Shutting down and abandoning module MetalShaderFormat (151)
[2019.03.28-17.50.37:446][ 87]LogModuleManager: Shutting down and abandoning module TextureFormatUncompressed (149)
[2019.03.28-17.50.37:446][ 87]LogModuleManager: Shutting down and abandoning module TextureFormatPVR (147)
[2019.03.28-17.50.37:446][ 87]LogModuleManager: Shutting down and abandoning module TextureFormatDXT (145)
[2019.03.28-17.50.37:446][ 87]LogModuleManager: Shutting down and abandoning module TextureFormatIntelISPCTexComp (143)
[2019.03.28-17.50.37:446][ 87]LogModuleManager: Shutting down and abandoning module TextureFormatASTC (141)
[2019.03.28-17.50.37:446][ 87]LogModuleManager: Shutting down and abandoning module ImageWrapper (140)
[2019.03.28-17.50.37:446][ 87]LogModuleManager: Shutting down and abandoning module TextureFormatAndroid (137)
[2019.03.28-17.50.37:446][ 87]LogModuleManager: Shutting down and abandoning module AudioFormatOpus (135)
[2019.03.28-17.50.37:446][ 87]LogModuleManager: Shutting down and abandoning module AudioFormatOgg (133)
[2019.03.28-17.50.37:446][ 87]LogModuleManager: Shutting down and abandoning module AudioFormatADPCM (131)
[2019.03.28-17.50.37:447][ 87]LogModuleManager: Shutting down and abandoning module LuminTargetPlatform (129)
[2019.03.28-17.50.37:447][ 87]LogModuleManager: Shutting down and abandoning module LinuxTargetPlatform (127)
[2019.03.28-17.50.37:447][ 87]LogModuleManager: Shutting down and abandoning module LinuxServerTargetPlatform (125)
[2019.03.28-17.50.37:447][ 87]LogModuleManager: Shutting down and abandoning module LinuxNoEditorTargetPlatform (123)
[2019.03.28-17.50.37:447][ 87]LogModuleManager: Shutting down and abandoning module LinuxClientTargetPlatform (121)
[2019.03.28-17.50.37:447][ 87]LogModuleManager: Shutting down and abandoning module TVOSTargetPlatform (119)
[2019.03.28-17.50.37:448][ 87]LogModuleManager: Shutting down and abandoning module Messaging (117)
[2019.03.28-17.50.37:448][ 87]LogModuleManager: Shutting down and abandoning module IOSTargetPlatform (115)
[2019.03.28-17.50.37:450][ 87]LogModuleManager: Shutting down and abandoning module HTML5TargetPlatform (113)
[2019.03.28-17.50.37:450][ 87]LogModuleManager: Shutting down and abandoning module AndroidTargetPlatform (111)
[2019.03.28-17.50.37:468][ 87]LogModuleManager: Shutting down and abandoning module WindowsTargetPlatform (109)
[2019.03.28-17.50.37:468][ 87]LogModuleManager: Shutting down and abandoning module WindowsServerTargetPlatform (107)
[2019.03.28-17.50.37:468][ 87]LogModuleManager: Shutting down and abandoning module WindowsNoEditorTargetPlatform (105)
[2019.03.28-17.50.37:468][ 87]LogModuleManager: Shutting down and abandoning module WindowsClientTargetPlatform (103)
[2019.03.28-17.50.37:468][ 87]LogModuleManager: Shutting down and abandoning module MacTargetPlatform (101)
[2019.03.28-17.50.37:468][ 87]LogModuleManager: Shutting down and abandoning module MacServerTargetPlatform (99)
[2019.03.28-17.50.37:468][ 87]LogModuleManager: Shutting down and abandoning module MacNoEditorTargetPlatform (97)
[2019.03.28-17.50.37:469][ 87]LogModuleManager: Shutting down and abandoning module MacClientTargetPlatform (95)
[2019.03.28-17.50.37:469][ 87]LogModuleManager: Shutting down and abandoning module AllDesktopTargetPlatform (93)
[2019.03.28-17.50.37:469][ 87]LogModuleManager: Shutting down and abandoning module InputCore (90)
[2019.03.28-17.50.37:469][ 87]LogModuleManager: Shutting down and abandoning module Settings (88)
[2019.03.28-17.50.37:469][ 87]LogModuleManager: Shutting down and abandoning module PhysXCooking (86)
[2019.03.28-17.50.37:469][ 87]LogModuleManager: Shutting down and abandoning module WindowsDeviceProfileSelector (84)
[2019.03.28-17.50.37:469][ 87]LogModuleManager: Shutting down and abandoning module SteamVR (82)
[2019.03.28-17.50.37:469][ 87]LogModuleManager: Shutting down and abandoning module OculusHMD (80)
[2019.03.28-17.50.37:469][ 87]LogModuleManager: Shutting down and abandoning module ExampleDeviceProfileSelector (78)
[2019.03.28-17.50.37:469][ 87]LogModuleManager: Shutting down and abandoning module LauncherChunkInstaller (76)
[2019.03.28-17.50.37:469][ 87]LogModuleManager: Shutting down and abandoning module OnlineBlueprintSupport (74)
[2019.03.28-17.50.37:469][ 87]LogModuleManager: Shutting down and abandoning module OnlineSubsystem (70)
[2019.03.28-17.50.37:471][ 87]LogModuleManager: Shutting down and abandoning module XMPP (65)
[2019.03.28-17.50.37:471][ 87]LogModuleManager: Shutting down and abandoning module WebSockets (64)
[2019.03.28-17.50.37:501][ 87]LogModuleManager: Shutting down and abandoning module HTTP (61)
[2019.03.28-17.50.37:501][ 87]LogHttp: Display: Http module shutting down, but needs to wait on 1 outstanding Http requests:
[2019.03.28-17.50.37:501][ 87]LogHttp: Display: 	verb=[POST] url=[https://datarouter.ol.epicgames.com/datarouter/api/v1/public/data?SessionID=%7B1FD87CEA-49F8-B3F5-2E6B-9FA2F278E692%7D&AppID=UEEditor.Rocket.Release&AppVersion=4.20.0-4212847%2B%2B%2BUE4%2BRelease-4.20&UserID=bbe0968745d5411d8e26739d837c6f0c%7C%7C1e7704a4-7db1-4828-b445-d6cec928b459&AppEnvironment=datacollector-binary&UploadType=eteventstream] status=Processing
[2019.03.28-17.50.37:534][ 87]LogModuleManager: Shutting down and abandoning module SSL (60)
[2019.03.28-17.50.37:537][ 87]LogModuleManager: Shutting down and abandoning module MagicLeapEmulator (56)
[2019.03.28-17.50.37:537][ 87]LogModuleManager: Shutting down and abandoning module MagicLeapPrivileges (54)
[2019.03.28-17.50.37:537][ 87]LogModuleManager: Shutting down and abandoning module MagicLeapIdentity (52)
[2019.03.28-17.50.37:537][ 87]LogModuleManager: Shutting down and abandoning module MagicLeapHelperVulkan (50)
[2019.03.28-17.50.37:537][ 87]LogModuleManager: Shutting down and abandoning module MagicLeapHelperOpenGL (48)
[2019.03.28-17.50.37:537][ 87]LogModuleManager: Shutting down and abandoning module MagicLeapSecureStorage (46)
[2019.03.28-17.50.37:537][ 87]LogModuleManager: Shutting down and abandoning module MagicLeapGestures (44)
[2019.03.28-17.50.37:537][ 87]LogModuleManager: Shutting down and abandoning module MagicLeapEyeTracker (42)
[2019.03.28-17.50.37:538][ 87]LogModuleManager: Shutting down and abandoning module MagicLeapController (40)
[2019.03.28-17.50.37:538][ 87]LogSlate: Slate User Destroyed.  User Index 0, Is Virtual User: 0
[2019.03.28-17.50.37:538][ 87]LogModuleManager: Shutting down and abandoning module MagicLeap (38)
[2019.03.28-17.50.37:538][ 87]LogModuleManager: Shutting down and abandoning module AnimationModifiers (36)
[2019.03.28-17.50.37:538][ 87]LogModuleManager: Shutting down and abandoning module PropertyEditor (35)
[2019.03.28-17.50.37:538][ 87]LogModuleManager: Shutting down and abandoning module AudioEditor (32)
[2019.03.28-17.50.37:538][ 87]LogModuleManager: Shutting down and abandoning module TextureCompressor (30)
[2019.03.28-17.50.37:539][ 87]LogModuleManager: Shutting down and abandoning module ShaderCore (28)
[2019.03.28-17.50.37:539][ 87]LogModuleManager: Shutting down and abandoning module Landscape (26)
[2019.03.28-17.50.37:539][ 87]LogModuleManager: Shutting down and abandoning module SlateRHIRenderer (24)
[2019.03.28-17.50.37:540][ 87]LogModuleManager: Shutting down and abandoning module OpenGLDrv (22)
[2019.03.28-17.50.37:540][ 87]LogModuleManager: Shutting down and abandoning module D3D11RHI (20)
[2019.03.28-17.50.37:540][ 87]LogModuleManager: Shutting down and abandoning module AnimGraphRuntime (18)
[2019.03.28-17.50.37:540][ 87]LogModuleManager: Shutting down and abandoning module Renderer (16)
[2019.03.28-17.50.37:540][ 87]LogModuleManager: Shutting down and abandoning module Engine (14)
[2019.03.28-17.50.37:540][ 87]LogModuleManager: Shutting down and abandoning module CoreUObject (12)
[2019.03.28-17.50.37:540][ 87]LogModuleManager: Shutting down and abandoning module NetworkFile (10)
[2019.03.28-17.50.37:540][ 87]LogModuleManager: Shutting down and abandoning module CookedIterativeFile (8)
[2019.03.28-17.50.37:540][ 87]LogModuleManager: Shutting down and abandoning module StreamingFile (6)
[2019.03.28-17.50.37:540][ 87]LogModuleManager: Shutting down and abandoning module SandboxFile (4)
[2019.03.28-17.50.37:540][ 87]LogModuleManager: Shutting down and abandoning module PakFile (2)
[2019.03.28-17.50.37:561][ 87]LogExit: Exiting.
[2019.03.28-17.50.37:567][ 87]Log file closed, 03/28/19 13:50:37
