Log file open, 02/16/19 09:29:35
LogWindows: Failed to load 'aqProf.dll' (GetLastError=126)
LogWindows: File 'aqProf.dll' does not exist
LogWindows: Failed to load 'VSPerf140.dll' (GetLastError=126)
LogWindows: File 'VSPerf140.dll' does not exist
LogWindows: Failed to load 'VtuneApi.dll' (GetLastError=126)
LogWindows: File 'VtuneApi.dll' does not exist
LogWindows: Failed to load 'VtuneApi32e.dll' (GetLastError=126)
LogWindows: File 'VtuneApi32e.dll' does not exist
LogInit: Display: Running engine for game: Terminus_22XX
LogPlatformFile: Not using cached read wrapper
LogTaskGraph: Started task graph with 5 named threads and 14 total threads with 3 sets of task threads.
LogStats: Stats thread started at 0.281815
LogD3D11RHI: Loaded GFSDK_Aftermath_Lib.x64.dll
LogICUInternationalization: Display: ICU TimeZone Detection - Raw Offset: -5:00, Platform Override: ''
LogPluginManager: Mounting plugin Paper2D
LogPluginManager: Mounting plugin AISupport
LogPluginManager: Mounting plugin LightPropagationVolume
LogPluginManager: Mounting plugin CLionSourceCodeAccess
LogPluginManager: Mounting plugin CodeLiteSourceCodeAccess
LogPluginManager: Mounting plugin GitSourceControl
LogPluginManager: Mounting plugin KDevelopSourceCodeAccess
LogPluginManager: Mounting plugin NullSourceCodeAccess
LogPluginManager: Mounting plugin PerforceSourceControl
LogPluginManager: Mounting plugin SubversionSourceControl
LogPluginManager: Mounting plugin UObjectPlugin
LogPluginManager: Mounting plugin VisualStudioCodeSourceCodeAccess
LogPluginManager: Mounting plugin VisualStudioSourceCodeAccess
LogPluginManager: Mounting plugin XCodeSourceCodeAccess
LogPluginManager: Mounting plugin AssetManagerEditor
LogPluginManager: Mounting plugin CryptoKeys
LogPluginManager: Mounting plugin DataValidation
LogPluginManager: Mounting plugin FacialAnimation
LogPluginManager: Mounting plugin GameplayTagsEditor
LogPluginManager: Mounting plugin MacGraphicsSwitching
LogPluginManager: Mounting plugin MeshEditor
LogPluginManager: Mounting plugin MobileLauncherProfileWizard
LogPluginManager: Mounting plugin PluginBrowser
LogPluginManager: Mounting plugin SpeedTreeImporter
LogPluginManager: Mounting plugin DatasmithContent
LogPluginManager: Mounting plugin AlembicImporter
LogPluginManager: Mounting plugin AppleImageUtils
LogPluginManager: Mounting plugin AppleVision
LogPluginManager: Mounting plugin BackChannel
LogPluginManager: Mounting plugin CharacterAI
LogPluginManager: Mounting plugin GeometryCache
LogPluginManager: Mounting plugin HTML5Networking
LogPluginManager: Mounting plugin ProxyLODPlugin
LogPluginManager: Mounting plugin MagicLeap
LogPluginManager: Mounting plugin MagicLeapEmulator
LogPluginManager: Mounting plugin MagicLeapMedia
LogPluginManager: Mounting plugin AndroidMedia
LogPluginManager: Mounting plugin AvfMedia
LogPluginManager: Mounting plugin ImgMedia
LogPluginManager: Mounting plugin LinearTimecode
LogPluginManager: Mounting plugin MediaCompositing
LogPluginManager: Mounting plugin MediaPlayerEditor
LogPluginManager: Mounting plugin WmfMedia
LogPluginManager: Mounting plugin TcpMessaging
LogPluginManager: Mounting plugin UdpMessaging
LogPluginManager: Mounting plugin ActorSequence
LogPluginManager: Mounting plugin LevelSequenceEditor
LogPluginManager: Mounting plugin MatineeToLevelSequence
LogPluginManager: Mounting plugin NetcodeUnitTest
LogPluginManager: Mounting plugin NUTUnrealEngine4
LogPluginManager: Mounting plugin OnlineSubsystemGooglePlay
LogPluginManager: Mounting plugin OnlineSubsystemIOS
LogPluginManager: Mounting plugin OnlineSubsystem
LogPluginManager: Mounting plugin OnlineSubsystemNull
LogPluginManager: Mounting plugin OnlineSubsystemUtils
LogPluginManager: Mounting plugin LauncherChunkInstaller
LogPluginManager: Mounting plugin AndroidDeviceProfileSelector
LogPluginManager: Mounting plugin AndroidMoviePlayer
LogPluginManager: Mounting plugin AndroidPermission
LogPluginManager: Mounting plugin AppleMoviePlayer
LogPluginManager: Mounting plugin ArchVisCharacter
LogPluginManager: Mounting plugin AudioCapture
LogPluginManager: Mounting plugin CableComponent
LogPluginManager: Mounting plugin CustomMeshComponent
LogPluginManager: Mounting plugin EditableMesh
LogPluginManager: Mounting plugin ExampleDeviceProfileSelector
LogPluginManager: Mounting plugin GoogleCloudMessaging
LogPluginManager: Mounting plugin ImmediatePhysics
LogPluginManager: Mounting plugin IOSDeviceProfileSelector
LogPluginManager: Mounting plugin LinuxDeviceProfileSelector
LogPluginManager: Mounting plugin LocationServicesBPLibrary
LogPluginManager: Mounting plugin MobilePatchingUtils
LogPluginManager: Mounting plugin OculusVR
LogPluginManager: Plugin shader directory ../../../Engine/Plugins/Runtime/Oculus/OculusVR/Shaders found
LogPluginManager: Mapping shader source directory ../../../Engine/Plugins/Runtime/Oculus/OculusVR/Shaders to virtual directory /Plugin/OculusVR
LogPluginManager: Mounting plugin PhysXVehicles
LogPluginManager: Mounting plugin ProceduralMeshComponent
LogPluginManager: Mounting plugin RuntimePhysXCooking
LogPluginManager: Mounting plugin SteamVR
LogPluginManager: Mounting plugin WindowsMoviePlayer
LogStreaming: Display: Took  0.155s to configure plugins.
LogInit: Using libcurl 7.55.1-DEV
LogInit:  - built for x86_64-pc-win32
LogInit:  - supports SSL with OpenSSL/1.0.2h
LogInit:  - supports HTTP deflate (compression) using libz 1.2.8
LogInit:  - other features:
LogInit:      CURL_VERSION_SSL
LogInit:      CURL_VERSION_LIBZ
LogInit:      CURL_VERSION_IPV6
LogInit:      CURL_VERSION_ASYNCHDNS
LogInit:      CURL_VERSION_LARGEFILE
LogInit:      CURL_VERSION_IDN
LogInit:  CurlRequestOptions (configurable via config and command line):
LogInit:  - bVerifyPeer = false  - Libcurl will NOT verify peer certificate
LogInit:  - bUseHttpProxy = false  - Libcurl will NOT use HTTP proxy
LogInit:  - bDontReuseConnections = false  - Libcurl will reuse connections
LogInit:  - CertBundlePath = nullptr  - Libcurl will use whatever was configured at build time.
LogInit:  - MaxHostConnections = 16  - Libcurl will limit the number of connections to a host
LogInit:  - LocalHostAddr = Default
LogInit:  - BufferSize = 65536
LogInit: WinSock: version 1.1 (2.2), MaxSocks=32767, MaxUdp=65467
LogInit: Build: ++UE4+Release-4.20-CL-4369336
LogInit: Engine Version: 4.20.3-4369336+++UE4+Release-4.20
LogInit: Compatible Engine Version: 4.20.0-4212847+++UE4+Release-4.20
LogInit: Net CL: 4212847
LogInit: OS: Windows 10 (), CPU: Intel(R) Core(TM) i5-6600K CPU @ 3.50GHz, GPU: NVIDIA GeForce GTX 1060 6GB
LogInit: Compiled (64-bit): Sep 17 2018 12:26:19
LogInit: Compiled with Visual C++: 19.13.26129.00
LogInit: Build Configuration: Development
LogInit: Branch Name: ++UE4+Release-4.20
LogInit: Command Line:  -skipcompile
LogInit: Base Directory: F:/Program Files (x86)/Epic Games/UE_4.20/Engine/Binaries/Win64/
LogInit: Installed Engine Build: 1
LogDevObjectVersion: Number of dev versions registered: 20
LogDevObjectVersion:   Dev-Blueprints (B0D832E4-1F89-4F0D-ACCF-7EB736FD4AA2): 10
LogDevObjectVersion:   Dev-Build (E1C64328-A22C-4D53-A36C-8E866417BD8C): 0
LogDevObjectVersion:   Dev-Core (375EC13C-06E4-48FB-B500-84F0262A717E): 2
LogDevObjectVersion:   Dev-Editor (E4B068ED-F494-42E9-A231-DA0B2E46BB41): 24
LogDevObjectVersion:   Dev-Framework (CFFC743F-43B0-4480-9391-14DF171D2073): 34
LogDevObjectVersion:   Dev-Mobile (B02B49B5-BB20-44E9-A304-32B752E40360): 2
LogDevObjectVersion:   Dev-Networking (A4E4105C-59A1-49B5-A7C5-40C4547EDFEE): 0
LogDevObjectVersion:   Dev-Online (39C831C9-5AE6-47DC-9A44-9C173E1C8E7C): 0
LogDevObjectVersion:   Dev-Physics (78F01B33-EBEA-4F98-B9B4-84EACCB95AA2): 0
LogDevObjectVersion:   Dev-Platform (6631380F-2D4D-43E0-8009-CF276956A95A): 0
LogDevObjectVersion:   Dev-Rendering (12F88B9F-8875-4AFC-A67C-D90C383ABD29): 26
LogDevObjectVersion:   Dev-Sequencer (7B5AE74C-D270-4C10-A958-57980B212A5A): 9
LogDevObjectVersion:   Dev-VR (D7296918-1DD6-4BDD-9DE2-64A83CC13884): 2
LogDevObjectVersion:   Dev-LoadTimes (C2A15278-BFE7-4AFE-6C17-90FF531DF755): 1
LogDevObjectVersion:   Private-Geometry (6EACA3D4-40EC-4CC1-B786-8BED09428FC5): 3
LogDevObjectVersion:   Dev-AnimPhys (29E575DD-E0A3-4627-9D10-D276232CDCEA): 17
LogDevObjectVersion:   Dev-ReflectionCapture (6B266CEC-1EC7-4B8F-A30B-E4D90942FC07): 1
LogDevObjectVersion:   Dev-Automation (0DF73D61-A23F-47EA-B727-89E90C41499A): 1
LogDevObjectVersion:   FortniteMain (601D1886-AC64-4F84-AA16-D3DE0DEAC7D6): 12
LogDevObjectVersion:   Dev-Enterprise (9DFFBCD6-494F-0158-E221-12823C92A888): 1
LogStreaming: Display: Took  0.001s to delete old logs.
LogInit: Presizing for max 8388607 objects, including 0 objects not considered by GC, pre-allocating 0 bytes for permanent pool.
LogInit: Object subsystem initialized
[2019.02.16-14.29.36:252][  0]LogInit: Selected Device Profile: [Windows]
[2019.02.16-14.29.36:252][  0]LogInit: Applying CVar settings loaded from the selected device profile: [Windows]
[2019.02.16-14.29.36:265][  0]LogHAL: Display: Platform has ~ 16 GB [17136545792 / 17179869184 / 16], which maps to Larger [LargestMinGB=32, LargerMinGB=12, DefaultMinGB=8, SmallerMinGB=6, SmallestMinGB=0)
[2019.02.16-14.29.36:265][  0]LogInit: Setting Device Profile CVar: [[r.Vulkan.UseRealUBs:1]]
[2019.02.16-14.29.36:265][  0]LogInit: Going up to parent DeviceProfile []
[2019.02.16-14.29.36:265][  0]LogInit: Computer: RENZY-GAMING
[2019.02.16-14.29.36:265][  0]LogInit: User: Renzy
[2019.02.16-14.29.36:265][  0]LogInit: CPU Page size=4096, Cores=4
[2019.02.16-14.29.36:265][  0]LogInit: High frequency timer resolution =3.421875 MHz
[2019.02.16-14.29.36:265][  0]LogMemory: Memory total: Physical=16.0GB (16GB approx)
[2019.02.16-14.29.36:266][  0]LogMemory: Platform Memory Stats for Windows
[2019.02.16-14.29.36:266][  0]LogMemory: Process Physical Memory: 101.23 MB used, 101.23 MB peak
[2019.02.16-14.29.36:266][  0]LogMemory: Process Virtual Memory: 84.27 MB used, 84.27 MB peak
[2019.02.16-14.29.36:266][  0]LogMemory: Physical Memory: 7183.70 MB used,  9158.98 MB free, 16342.68 MB total
[2019.02.16-14.29.36:266][  0]LogMemory: Virtual Memory: 4625.35 MB used,  9158.98 MB free, 134217728.00 MB total
[2019.02.16-14.29.36:353][  0]LogInit: Using OS detected language (en-US).
[2019.02.16-14.29.36:353][  0]LogInit: Using OS detected locale (en-CA).
[2019.02.16-14.29.36:354][  0]LogTextLocalizationManager: No specific localization for 'en-US' exists, so the 'en' localization will be used.
[2019.02.16-14.29.36:683][  0]LogStreaming: Display: Took  0.329s to InitEngineTextLocalization.
[2019.02.16-14.29.36:687][  0]LogInit: Setting process to per monitor DPI aware
[2019.02.16-14.29.36:722][  0]LogSlate: New Slate User Created.  User Index 0, Is Virtual User: 0
[2019.02.16-14.29.36:722][  0]LogSlate: Slate User Registered.  User Index 0, Is Virtual User: 0
[2019.02.16-14.29.36:987][  0]LogHMD: Failed to initialize OpenVR with code 110
[2019.02.16-14.29.36:987][  0]LogD3D11RHI: D3D11 adapters:
[2019.02.16-14.29.37:051][  0]LogD3D11RHI:    0. 'NVIDIA GeForce GTX 1060 6GB' (Feature Level 11_0)
[2019.02.16-14.29.37:051][  0]LogD3D11RHI:       6052/0/8171 MB DedicatedVideo/DedicatedSystem/SharedSystem, Outputs:2, VendorId:0x10de
[2019.02.16-14.29.37:055][  0]LogD3D11RHI:    1. 'Microsoft Basic Render Driver' (Feature Level 11_0)
[2019.02.16-14.29.37:055][  0]LogD3D11RHI:       0/0/8171 MB DedicatedVideo/DedicatedSystem/SharedSystem, Outputs:0, VendorId:0x1414
[2019.02.16-14.29.37:056][  0]LogD3D11RHI: Chosen D3D11 Adapter: 0
[2019.02.16-14.29.37:061][  0]LogD3D11RHI: Creating new Direct3DDevice
[2019.02.16-14.29.37:061][  0]LogD3D11RHI:     GPU DeviceId: 0x1c03 (for the marketing name, search the web for "GPU Device Id")
[2019.02.16-14.29.37:061][  0]LogWindows: EnumDisplayDevices:
[2019.02.16-14.29.37:061][  0]LogWindows:    0. 'NVIDIA GeForce GTX 1060 6GB' (P:1 D:1)
[2019.02.16-14.29.37:062][  0]LogWindows:    1. 'NVIDIA GeForce GTX 1060 6GB' (P:0 D:1)
[2019.02.16-14.29.37:062][  0]LogWindows:    2. 'NVIDIA GeForce GTX 1060 6GB' (P:0 D:0)
[2019.02.16-14.29.37:062][  0]LogWindows:    3. 'NVIDIA GeForce GTX 1060 6GB' (P:0 D:0)
[2019.02.16-14.29.37:062][  0]LogWindows: DebugString: FoundDriverCount:4 
[2019.02.16-14.29.37:062][  0]LogD3D11RHI:     Adapter Name: NVIDIA GeForce GTX 1060 6GB
[2019.02.16-14.29.37:062][  0]LogD3D11RHI:   Driver Version: 418.81 (internal:25.21.14.1881, unified:418.81)
[2019.02.16-14.29.37:062][  0]LogD3D11RHI:      Driver Date: 1-30-2019
[2019.02.16-14.29.37:063][  0]LogRHI: Texture pool is 4236 MB (70% of 6052 MB)
[2019.02.16-14.29.37:095][  0]LogD3D11RHI: Async texture creation enabled
[2019.02.16-14.29.37:114][  0]LogD3D11RHI: GPU Timing Frequency: 1000.000000 (Debug: 2 1)
[2019.02.16-14.29.37:205][  0]LogShaderCompilers: Guid format shader working directory is -64 characters bigger than the processId version (../../../../../../Renzy/Documents/Algonquin/Term 4/GAM1528 - High Level Development 2/Assignments/GOOB-master/Intermediate/Shaders/WorkingDirectory/13824/).
[2019.02.16-14.29.37:206][  0]LogShaderCompilers: Cleaned the shader compiler working directory 'C:/Users/Renzy/AppData/Local/Temp/UnrealShaderWorkingDir/036239B24FB7FD06EA4D3097A0E3D53C/'.
[2019.02.16-14.29.37:448][  0]LogTemp: Display: Loaded TP AllDesktopTargetPlatform
[2019.02.16-14.29.37:459][  0]LogTemp: Display: Loaded TP MacClientTargetPlatform
[2019.02.16-14.29.37:471][  0]LogTemp: Display: Loaded TP MacNoEditorTargetPlatform
[2019.02.16-14.29.37:482][  0]LogTemp: Display: Loaded TP MacServerTargetPlatform
[2019.02.16-14.29.37:494][  0]LogTemp: Display: Loaded TP MacTargetPlatform
[2019.02.16-14.29.37:505][  0]LogTemp: Display: Loaded TP WindowsClientTargetPlatform
[2019.02.16-14.29.37:516][  0]LogTemp: Display: Loaded TP WindowsNoEditorTargetPlatform
[2019.02.16-14.29.37:528][  0]LogTemp: Display: Loaded TP WindowsServerTargetPlatform
[2019.02.16-14.29.37:534][  0]LogTemp: Display: Loaded TP WindowsTargetPlatform
[2019.02.16-14.29.37:594][  0]LogTemp: Display: Loaded TP AndroidTargetPlatform
[2019.02.16-14.29.37:594][  0]LogTemp: Display: Loaded TP AndroidTargetPlatform
[2019.02.16-14.29.37:594][  0]LogTemp: Display: Loaded TP AndroidTargetPlatform
[2019.02.16-14.29.37:594][  0]LogTemp: Display: Loaded TP AndroidTargetPlatform
[2019.02.16-14.29.37:594][  0]LogTemp: Display: Loaded TP AndroidTargetPlatform
[2019.02.16-14.29.37:594][  0]LogTemp: Display: Loaded TP AndroidTargetPlatform
[2019.02.16-14.29.37:594][  0]LogTemp: Display: Loaded TP AndroidTargetPlatform
[2019.02.16-14.29.37:594][  0]LogTemp: Display: Loaded TP AndroidTargetPlatform
[2019.02.16-14.29.37:594][  0]LogTemp: Display: Loaded TP AndroidTargetPlatform
[2019.02.16-14.29.37:594][  0]LogTemp: Display: Loaded TP AndroidTargetPlatform
[2019.02.16-14.29.37:594][  0]LogTemp: Display: Loaded TP AndroidTargetPlatform
[2019.02.16-14.29.37:595][  0]LogTemp: Display: Loaded TP AndroidTargetPlatform
[2019.02.16-14.29.37:595][  0]LogTemp: Display: Loaded TP AndroidTargetPlatform
[2019.02.16-14.29.37:595][  0]LogTemp: Display: Loaded TP AndroidTargetPlatform
[2019.02.16-14.29.37:595][  0]LogTemp: Display: Loaded TP AndroidTargetPlatform
[2019.02.16-14.29.37:595][  0]LogTemp: Display: Loaded TP AndroidTargetPlatform
[2019.02.16-14.29.37:595][  0]LogTemp: Display: Loaded TP AndroidTargetPlatform
[2019.02.16-14.29.37:595][  0]LogTemp: Display: Loaded TP AndroidTargetPlatform
[2019.02.16-14.29.37:597][  0]LogTemp: Display: Loaded TP HTML5TargetPlatform
[2019.02.16-14.29.37:659][  0]LogTemp: Display: Loaded TP IOSTargetPlatform
[2019.02.16-14.29.37:659][  0]LogTemp: Display: Loaded TP IOSTargetPlatform
[2019.02.16-14.29.37:679][  0]LogTemp: Display: Loaded TP TVOSTargetPlatform
[2019.02.16-14.29.37:679][  0]LogTemp: Display: Loaded TP TVOSTargetPlatform
[2019.02.16-14.29.37:690][  0]LogTemp: Display: Loaded TP LinuxClientTargetPlatform
[2019.02.16-14.29.37:702][  0]LogTemp: Display: Loaded TP LinuxNoEditorTargetPlatform
[2019.02.16-14.29.37:713][  0]LogTemp: Display: Loaded TP LinuxServerTargetPlatform
[2019.02.16-14.29.37:725][  0]LogTemp: Display: Loaded TP LinuxTargetPlatform
[2019.02.16-14.29.37:734][  0]LogTemp: Display: Loaded TP LuminTargetPlatform
[2019.02.16-14.29.37:734][  0]LogTargetPlatformManager: Display: Building Assets For Windows
[2019.02.16-14.29.37:812][  0]LogXGEController: Cleaning working directory: C:/Users/Renzy/AppData/Local/Temp/UnrealXGEWorkingDir/
[2019.02.16-14.29.37:812][  0]LogXGEController: Cannot use XGE Controller as Incredibuild is not installed on this machine.
[2019.02.16-14.29.37:812][  0]LogShaderCompilers: Cannot use XGE Shader Compiler as Incredibuild is not installed on this machine.
[2019.02.16-14.29.37:812][  0]LogShaderCompilers: Display: Using Local Shader Compiler.
[2019.02.16-14.29.38:357][  0]LogDerivedDataCache: Display: Max Cache Size: 512 MB
[2019.02.16-14.29.38:404][  0]LogDerivedDataCache: Loaded boot cache 0.05s 71MB C:/Users/Renzy/AppData/Local/UnrealEngine/4.20/DerivedDataCache/Boot.ddc.
[2019.02.16-14.29.38:405][  0]LogDerivedDataCache: Display: Loaded Boot cache: C:/Users/Renzy/AppData/Local/UnrealEngine/4.20/DerivedDataCache/Boot.ddc
[2019.02.16-14.29.38:405][  0]LogDerivedDataCache: FDerivedDataBackendGraph:  Pak pak cache file ../../../../../../Renzy/Documents/Algonquin/Term 4/GAM1528 - High Level Development 2/Assignments/GOOB-master/DerivedDataCache/DDC.ddp not found, will not use a pak cache.
[2019.02.16-14.29.38:405][  0]LogDerivedDataCache: Unable to find inner node Pak for hierarchical cache Hierarchy.
[2019.02.16-14.29.38:405][  0]LogDerivedDataCache: FDerivedDataBackendGraph:  CompressedPak pak cache file ../../../../../../Renzy/Documents/Algonquin/Term 4/GAM1528 - High Level Development 2/Assignments/GOOB-master/DerivedDataCache/Compressed.ddp not found, will not use a pak cache.
[2019.02.16-14.29.38:405][  0]LogDerivedDataCache: Unable to find inner node CompressedPak for hierarchical cache Hierarchy.
[2019.02.16-14.29.38:416][  0]LogDerivedDataCache: Display: Pak cache opened for reading ../../../Engine/DerivedDataCache/Compressed.ddp.
[2019.02.16-14.29.38:428][  0]LogDerivedDataCache: Using Local data cache path C:/Users/Renzy/AppData/Local/UnrealEngine/Common/DerivedDataCache: Writable
[2019.02.16-14.29.38:428][  0]LogDerivedDataCache: Shared data cache path not found in *engine.ini, will not use an Shared cache.
[2019.02.16-14.29.38:428][  0]LogDerivedDataCache: Unable to find inner node Shared for hierarchical cache Hierarchy.
[2019.02.16-14.29.38:443][  0]LogMaterial: Verifying Global Shaders for PCD3D_SM5
[2019.02.16-14.29.38:444][  0]LogSlate: Using FreeType 2.6.0
[2019.02.16-14.29.38:445][  0]LogSlate: SlateFontServices - WITH_FREETYPE: 1, WITH_HARFBUZZ: 1
[2019.02.16-14.29.38:518][  0]LogAssetRegistry: FAssetRegistry took 0.0281 seconds to start up
[2019.02.16-14.29.38:748][  0]LogInit: Selected Device Profile: [Windows]
[2019.02.16-14.29.38:860][  0]LogSimplygon: Simplygon DLL not present - disabling.
[2019.02.16-14.29.38:865][  0]LogMeshReduction: Using SimplygonSwarm for distributed automatic mesh merging
[2019.02.16-14.29.38:865][  0]LogMeshReduction: Using ProxyLODMeshReduction for automatic mesh merging
[2019.02.16-14.29.38:865][  0]LogMeshReduction: Using QuadricMeshReduction for automatic static mesh reduction
[2019.02.16-14.29.38:865][  0]LogMeshReduction: No automatic skeletal mesh reduction module available
[2019.02.16-14.29.38:883][  0]LogNetVersion: Terminus_22XX 1.0.0, NetCL: 4212847, EngineNetVer: 5, GameNetVer: 0 (Checksum: 1011408813)
[2019.02.16-14.29.39:320][  0]LogPackageLocalizationCache: Processed 11 localized package path(s) for 2 prioritized culture(s) in 0.118224 seconds
[2019.02.16-14.29.39:326][  0]LogUObjectArray: 38425 objects as part of root set at end of initial load.
[2019.02.16-14.29.39:326][  0]LogUObjectAllocator: 6690872 out of 0 bytes used by permanent object pool.
[2019.02.16-14.29.39:326][  0]LogUObjectArray: CloseDisregardForGC: 0/0 objects in disregard for GC pool
[2019.02.16-14.29.40:170][  0]LogTcpMessaging: Initializing TcpMessaging bridge
[2019.02.16-14.29.40:185][  0]LogUdpMessaging: Initializing bridge on interface 0.0.0.0:0 to multicast group 230.0.0.1:6666.
[2019.02.16-14.29.40:357][  0]SourceControl: Source control is disabled
[2019.02.16-14.29.40:357][  0]SourceControl: Source control is disabled
[2019.02.16-14.29.40:360][  0]SourceControl: Source control is disabled
[2019.02.16-14.29.40:362][  0]SourceControl: Source control is disabled
[2019.02.16-14.29.40:596][  0]LogAndroidPermission: UAndroidPermissionCallbackProxy::GetInstance
[2019.02.16-14.29.40:720][  0]LogOcInput: OculusInput pre-init called
[2019.02.16-14.29.40:778][  0]LogEngine: Initializing Engine...
[2019.02.16-14.29.40:778][  0]LogHMD: Failed to initialize OpenVR with code 110
[2019.02.16-14.29.40:780][  0]LogStats: UGameplayTagsManager::ConstructGameplayTagTree: ImportINI prefixes -  0.000 s
[2019.02.16-14.29.40:780][  0]LogStats: UGameplayTagsManager::ConstructGameplayTagTree: Construct from data asset -  0.000 s
[2019.02.16-14.29.40:780][  0]LogStats: UGameplayTagsManager::ConstructGameplayTagTree: ImportINI -  0.000 s
[2019.02.16-14.29.40:780][  0]LogStats: UGameplayTagsManager::ConstructGameplayTagTree: GameplayTagTreeChangedEvent.Broadcast -  0.000 s
[2019.02.16-14.29.40:953][  0]LogInit: Initializing FReadOnlyCVARCache
[2019.02.16-14.29.40:963][  0]LogAIModule: Creating AISystem for world Untitled
[2019.02.16-14.29.40:992][  0]LogInit: XAudio2 using 'Speakers (Sound BlasterX AE-5)' : 6 channels at 48 kHz using 32 bits per sample (channel mask 0x3f)
[2019.02.16-14.29.41:043][  0]LogInit: FAudioDevice initialized.
[2019.02.16-14.29.41:043][  0]LogNetVersion: Set ProjectVersion to 1.0.0.0. Version Checksum will be recalculated on next use.
[2019.02.16-14.29.41:107][  0]LogDerivedDataCache: Saved boot cache 0.06s 71MB C:/Users/Renzy/AppData/Local/UnrealEngine/4.20/DerivedDataCache/Boot.ddc.
[2019.02.16-14.29.41:118][  0]LogInit: Texture streaming: Enabled
[2019.02.16-14.29.41:138][  0]LogEngineSessionManager: EngineSessionManager initialized
[2019.02.16-14.29.41:138][  0]LogEngineSessionManager: EngineSessionManager sent abnormal shutdown report. Type=Debugger, SessionId={70F49FDE-40A8-AFDE-EF9C-B2B2C5D2531A}
[2019.02.16-14.29.41:146][  0]LogInit: Transaction tracking system initialized
[2019.02.16-14.29.41:172][  0]BlueprintLog: New page: Editor Load
[2019.02.16-14.29.41:269][  0]LocalizationService: Localization service is disabled
[2019.02.16-14.29.41:520][  0]LogCook: Display: Max memory allowance for cook 16384mb min free memory 0mb
[2019.02.16-14.29.41:520][  0]LogCook: Display: Mobile HDR setting 1
[2019.02.16-14.29.41:520][  0]LogGameplayTags: Display: UGameplayTagsManager::DoneAddingNativeTags. DelegateIsBound: 0
[2019.02.16-14.29.41:520][  0]LogStats: UGameplayTagsManager::ConstructGameplayTagTree: ImportINI prefixes -  0.000 s
[2019.02.16-14.29.41:521][  0]LogStats: UGameplayTagsManager::ConstructGameplayTagTree: Construct from data asset -  0.000 s
[2019.02.16-14.29.41:521][  0]LogStats: UGameplayTagsManager::ConstructGameplayTagTree: ImportINI -  0.000 s
[2019.02.16-14.29.41:521][  0]LogStats: UGameplayTagsManager::ConstructGameplayTagTree: GameplayTagTreeChangedEvent.Broadcast -  0.000 s
[2019.02.16-14.29.41:547][  0]LogFileCache: Scanning file cache for directory 'F:/Renzy/Documents/Algonquin/Term 4/GAM1528 - High Level Development 2/Assignments/GOOB-master/Content/' took 0.02s
[2019.02.16-14.29.41:661][  0]SourceControl: Source control is disabled
[2019.02.16-14.29.41:661][  0]Cmd: MAP LOAD FILE="../../../../../../Renzy/Documents/Algonquin/Term 4/GAM1528 - High Level Development 2/Assignments/GOOB-master/Content/Levels/Test_Level.umap" TEMPLATE=0 SHOWPROGRESS=1 FEATURELEVEL=3
[2019.02.16-14.29.41:662][  0]LightingResults: New page: Lighting Build
[2019.02.16-14.29.41:664][  0]MapCheck: New page: Map Check
[2019.02.16-14.29.41:664][  0]LightingResults: New page: Lighting Build
[2019.02.16-14.29.41:725][  0]LogAIModule: Creating AISystem for world Test_Level
[2019.02.16-14.29.41:735][  0]LogEditorServer: Finished looking for orphan Actors (0.000 secs)
[2019.02.16-14.29.41:754][  0]Cmd: MAP CHECKDEP NOCLEARLOG
[2019.02.16-14.29.41:816][  0]MapCheck: Map check complete: 0 Error(s), 0 Warning(s), took 61.391ms to complete.
[2019.02.16-14.29.41:818][  0]LogFileHelpers: Loading map 'Test_Level' took 0.156
[2019.02.16-14.29.41:929][  0]LogSlate: Updating window title bar state: overlay mode, drag disabled, window buttons hidden, title bar hidden
[2019.02.16-14.29.41:937][  0]LogSlate: Updating window title bar state: overlay mode, drag disabled, window buttons hidden, title bar hidden
[2019.02.16-14.29.41:945][  0]LogSlate: Updating window title bar state: overlay mode, drag disabled, window buttons hidden, title bar hidden
[2019.02.16-14.29.41:952][  0]LogSlate: Updating window title bar state: overlay mode, drag disabled, window buttons hidden, title bar hidden
[2019.02.16-14.29.41:958][  0]LogCollectionManager: Loaded 0 collections in 0.001042 seconds
[2019.02.16-14.29.42:010][  0]LogFileCache: Scanning file cache for directory 'F:/Renzy/Documents/Algonquin/Term 4/GAM1528 - High Level Development 2/Assignments/GOOB-master/Saved/Collections/' took 0.01s
[2019.02.16-14.29.42:010][  0]LogFileCache: Scanning file cache for directory 'F:/Renzy/Documents/Algonquin/Term 4/GAM1528 - High Level Development 2/Assignments/GOOB-master/Content/Developers/Renzy/Collections/' took 0.01s
[2019.02.16-14.29.42:010][  0]LogFileCache: Scanning file cache for directory 'F:/Renzy/Documents/Algonquin/Term 4/GAM1528 - High Level Development 2/Assignments/GOOB-master/Content/Collections/' took 0.01s
[2019.02.16-14.29.42:010][  0]LogCollectionManager: Rebuilt the GUID cache for 0 collections in 0.000000 seconds
[2019.02.16-14.29.42:018][  0]LogContentBrowser: Native class hierarchy populated in 0.0076 seconds. Added 2577 classes and 605 folders.
[2019.02.16-14.29.42:024][  0]LogContentBrowser: Native class hierarchy updated for 'WidgetCarousel' in 0.0004 seconds. Added 0 classes and 0 folders.
[2019.02.16-14.29.42:083][  0]LogContentBrowser: Native class hierarchy updated for 'AddContentDialog' in 0.0003 seconds. Added 0 classes and 0 folders.
[2019.02.16-14.29.42:088][  0]LogContentBrowser: Native class hierarchy updated for 'SceneOutliner' in 0.0004 seconds. Added 1 classes and 2 folders.
[2019.02.16-14.29.42:139][  0]LogSlate: Took 0.000174 seconds to synchronously load lazily loaded font '../../../Engine/Content/Slate/Fonts/Roboto-Regular.ttf' (155K)
[2019.02.16-14.29.42:140][  0]LogSlate: Took 0.000256 seconds to synchronously load lazily loaded font '../../../Engine/Content/Slate/Fonts/Roboto-Bold.ttf' (160K)
[2019.02.16-14.29.42:146][  0]LogSlate: Took 0.000188 seconds to synchronously load lazily loaded font '../../../Engine/Content/Editor/Slate/Fonts/FontAwesome.ttf' (139K)
[2019.02.16-14.29.42:210][  0]LogRenderer: Reallocating scene render targets to support 1208x576 Format 10 NumSamples 1 (Frame:1).
[2019.02.16-14.29.42:315][  0]LogContentBrowser: Native class hierarchy updated for 'HierarchicalLODOutliner' in 0.0004 seconds. Added 0 classes and 0 folders.
[2019.02.16-14.29.42:315][  0]LogLoad: (Engine Initialization) Total time: 8.02 seconds
[2019.02.16-14.29.42:315][  0]LogLoad: (Engine Initialization) Total Blueprint compile time: 0.00 seconds
[2019.02.16-14.29.42:352][  0]LogContentStreaming: Texture pool size now 1000 MB
[2019.02.16-14.29.42:375][  0]LogSlate: Took 0.000166 seconds to synchronously load lazily loaded font '../../../Engine/Content/Slate/Fonts/Roboto-Light.ttf' (167K)
[2019.02.16-14.29.42:410][  1]LogAssetRegistry: Asset discovery search completed in 3.9170 seconds
[2019.02.16-14.29.42:411][  1]LogCollectionManager: Rebuilt the object cache for 0 collections in 0.000000 seconds (found 0 objects)
[2019.02.16-14.29.42:411][  1]LogCollectionManager: Fixed up redirectors for 0 collections in 0.000095 seconds (updated 0 objects)
[2019.02.16-14.30.21:390][201]LogSlate: FSceneViewport::OnFocusLost() reason 0
[2019.02.16-14.30.21:449][208]LogTemp: Repeating last play command: Selected Viewport
[2019.02.16-14.30.21:465][208]LogPlayLevel: PlayLevel: No blueprints needed recompiling
[2019.02.16-14.30.21:479][208]PIE: New page: PIE session: Test_Level (Feb 16, 2019, 4:30:21 AM)
[2019.02.16-14.30.21:479][208]LogPlayLevel: Creating play world package: /Game/Levels/UEDPIE_0_Test_Level
[2019.02.16-14.30.21:491][208]LogPlayLevel: PIE: StaticDuplicateObject took: (0.011821s)
[2019.02.16-14.30.21:492][208]LogAIModule: Creating AISystem for world Test_Level
[2019.02.16-14.30.21:492][208]LogPlayLevel: PIE: World Init took: (0.000919s)
[2019.02.16-14.30.21:493][208]LogPlayLevel: PIE: Created PIE world by copying editor world from /Game/Levels/Test_Level.Test_Level to /Game/Levels/UEDPIE_0_Test_Level.Test_Level (0.013159s)
[2019.02.16-14.30.21:533][208]LogInit: XAudio2 using 'Speakers (Sound BlasterX AE-5)' : 6 channels at 48 kHz using 32 bits per sample (channel mask 0x3f)
[2019.02.16-14.30.21:547][208]LogInit: FAudioDevice initialized.
[2019.02.16-14.30.21:633][208]LogLoad: Game class is 'Test_Terminus_22XXGameModeBase_C'
[2019.02.16-14.30.21:635][208]LogWorld: Bringing World /Game/Levels/UEDPIE_0_Test_Level.Test_Level up for play (max tick rate 0) at 2019.02.16-09.30.21
[2019.02.16-14.30.21:635][208]LogWorld: Bringing up level for play took: 0.000933
[2019.02.16-14.30.21:650][208]LogContentBrowser: Native class hierarchy updated for 'MovieSceneCapture' in 0.0004 seconds. Added 10 classes and 0 folders.
[2019.02.16-14.30.21:652][208]PIE: Play in editor start time for /Game/Levels/UEDPIE_0_Test_Level -0.011
[2019.02.16-14.30.33:768][655]LogSlate: Updating window title bar state: overlay mode, drag disabled, window buttons hidden, title bar hidden
[2019.02.16-14.30.33:803][655]LogPlayLevel: Display: Shutting down PIE online subsystems
[2019.02.16-14.30.33:822][655]LogSlate: Updating window title bar state: overlay mode, drag disabled, window buttons hidden, title bar hidden
[2019.02.16-14.30.33:872][660]LogPlayLevel: Display: Destroying online subsystem :Context_1
[2019.02.16-14.30.35:833][895]LogSlate: FSceneViewport::OnFocusLost() reason 0
[2019.02.16-14.30.35:969][908]LogSlate: Took 0.000213 seconds to synchronously load lazily loaded font '../../../Engine/Content/Slate/Fonts/Roboto-Light.ttf' (167K)
[2019.02.16-14.30.35:974][908]LogAssetEditorManager: Opening Asset editor for Blueprint /Game/Blueprints/TestBaseBullet.TestBaseBullet
[2019.02.16-14.30.37:528][908]LogContentBrowser: Native class hierarchy updated for 'BlueprintGraph' in 0.0019 seconds. Added 116 classes and 0 folders.
[2019.02.16-14.30.41:004][ 47]LogSlate: Window 'TestBaseBullet' being destroyed
[2019.02.16-14.30.41:189][ 47]LogAssetEditorManager: Opening Asset editor for Blueprint /Game/Blueprints/TestBaseBullet.TestBaseBullet
[2019.02.16-14.30.41:646][ 47]LogSlate: Took 0.039530 seconds to synchronously load lazily loaded font '../../../Engine/Content/Slate/Fonts/Roboto-BoldCondensed.ttf' (158K)
[2019.02.16-14.30.48:047][718]LogSlate: Took 0.023958 seconds to synchronously load lazily loaded font '../../../Engine/Content/Slate/Fonts/Roboto-Italic.ttf' (157K)
[2019.02.16-14.31.44:480][416]BlueprintLog: New page: Compile TestBaseBullet
[2019.02.16-14.31.45:137][416]LogSavePackage: Moving '../../../../../../Renzy/Documents/Algonquin/Term 4/GAM1528 - High Level Development 2/Assignments/GOOB-master/Saved/TestBaseBulletA68226FD4B6D648AF0815BB6E1DBE8A7.tmp' to '../../../../../../Renzy/Documents/Algonquin/Term 4/GAM1528 - High Level Development 2/Assignments/GOOB-master/Content/Blueprints/TestBaseBullet.uasset'
[2019.02.16-14.31.46:167][481]LogSlate: FSceneViewport::OnFocusLost() reason 2
[2019.02.16-14.31.46:772][546]LogTemp: Repeating last play command: Selected Viewport
[2019.02.16-14.31.46:790][546]LogPlayLevel: PlayLevel: No blueprints needed recompiling
[2019.02.16-14.31.46:790][546]PIE: New page: PIE session: Test_Level (Feb 16, 2019, 4:31:46 AM)
[2019.02.16-14.31.46:790][546]LogPlayLevel: Creating play world package: /Game/Levels/UEDPIE_0_Test_Level
[2019.02.16-14.31.46:801][546]LogPlayLevel: PIE: StaticDuplicateObject took: (0.010534s)
[2019.02.16-14.31.46:801][546]LogAIModule: Creating AISystem for world Test_Level
[2019.02.16-14.31.46:801][546]LogPlayLevel: PIE: World Init took: (0.000562s)
[2019.02.16-14.31.46:801][546]LogPlayLevel: PIE: Created PIE world by copying editor world from /Game/Levels/Test_Level.Test_Level to /Game/Levels/UEDPIE_0_Test_Level.Test_Level (0.011409s)
[2019.02.16-14.31.46:848][546]LogInit: XAudio2 using 'Speakers (Sound BlasterX AE-5)' : 6 channels at 48 kHz using 32 bits per sample (channel mask 0x3f)
[2019.02.16-14.31.46:862][546]LogInit: FAudioDevice initialized.
[2019.02.16-14.31.46:894][546]LogLoad: Game class is 'Test_Terminus_22XXGameModeBase_C'
[2019.02.16-14.31.46:895][546]LogWorld: Bringing World /Game/Levels/UEDPIE_0_Test_Level.Test_Level up for play (max tick rate 0) at 2019.02.16-09.31.46
[2019.02.16-14.31.46:895][546]LogWorld: Bringing up level for play took: 0.000933
[2019.02.16-14.31.46:908][546]PIE: Play in editor start time for /Game/Levels/UEDPIE_0_Test_Level -0.755
[2019.02.16-14.32.09:768][279]LogSlate: Updating window title bar state: overlay mode, drag disabled, window buttons hidden, title bar hidden
[2019.02.16-14.32.09:800][279]LogPlayLevel: Display: Shutting down PIE online subsystems
[2019.02.16-14.32.09:825][279]LogSlate: Updating window title bar state: overlay mode, drag disabled, window buttons hidden, title bar hidden
[2019.02.16-14.32.09:854][281]LogPlayLevel: Display: Destroying online subsystem :Context_9
[2019.02.16-14.32.12:987][656]LogSlate: FSceneViewport::OnFocusLost() reason 0
[2019.02.16-14.32.13:142][673]LogAssetEditorManager: Opening Asset editor for Blueprint /Game/Blueprints/TestT22XX_Shotgun.TestT22XX_Shotgun
[2019.02.16-14.32.15:186][877]LogAssetEditorManager: Opening Asset editor for Blueprint /Game/Blueprints/TestT22XX_Shotgun.TestT22XX_Shotgun
[2019.02.16-14.32.24:450][959]BlueprintLog: New page: Compile TestT22XX_Shotgun
[2019.02.16-14.32.24:603][959]LogSavePackage: Moving '../../../../../../Renzy/Documents/Algonquin/Term 4/GAM1528 - High Level Development 2/Assignments/GOOB-master/Saved/TestT22XX_Shotgun5BB7405F4E2D9759825914B996670788.tmp' to '../../../../../../Renzy/Documents/Algonquin/Term 4/GAM1528 - High Level Development 2/Assignments/GOOB-master/Content/Blueprints/TestT22XX_Shotgun.uasset'
[2019.02.16-14.32.26:087][131]LogSlate: FSceneViewport::OnFocusLost() reason 0
[2019.02.16-14.32.26:162][140]LogTemp: Repeating last play command: Selected Viewport
[2019.02.16-14.32.26:181][140]LogPlayLevel: PlayLevel: No blueprints needed recompiling
[2019.02.16-14.32.26:181][140]PIE: New page: PIE session: Test_Level (Feb 16, 2019, 4:32:26 AM)
[2019.02.16-14.32.26:181][140]LogPlayLevel: Creating play world package: /Game/Levels/UEDPIE_0_Test_Level
[2019.02.16-14.32.26:193][140]LogPlayLevel: PIE: StaticDuplicateObject took: (0.011417s)
[2019.02.16-14.32.26:193][140]LogAIModule: Creating AISystem for world Test_Level
[2019.02.16-14.32.26:194][140]LogPlayLevel: PIE: World Init took: (0.000692s)
[2019.02.16-14.32.26:194][140]LogPlayLevel: PIE: Created PIE world by copying editor world from /Game/Levels/Test_Level.Test_Level to /Game/Levels/UEDPIE_0_Test_Level.Test_Level (0.012370s)
[2019.02.16-14.32.26:242][140]LogInit: XAudio2 using 'Speakers (Sound BlasterX AE-5)' : 6 channels at 48 kHz using 32 bits per sample (channel mask 0x3f)
[2019.02.16-14.32.26:256][140]LogInit: FAudioDevice initialized.
[2019.02.16-14.32.26:292][140]LogLoad: Game class is 'Test_Terminus_22XXGameModeBase_C'
[2019.02.16-14.32.26:293][140]LogWorld: Bringing World /Game/Levels/UEDPIE_0_Test_Level.Test_Level up for play (max tick rate 0) at 2019.02.16-09.32.26
[2019.02.16-14.32.26:293][140]LogWorld: Bringing up level for play took: 0.000973
[2019.02.16-14.32.26:306][140]PIE: Play in editor start time for /Game/Levels/UEDPIE_0_Test_Level 0.643
[2019.02.16-14.32.28:702][425]LogCharacterMovement: Test_PlayerCharacter_C_0 is stuck and failed to move! Velocity: X=-153.65 Y=-13.67 Z=0.00 Location: X=617.25 Y=1034.84 Z=-892.73 Normal: X=0.37 Y=-0.83 Z=-0.42 PenetrationDepth:0.768 Actor:TestBaseBullet_C_0 Component:Hitbox BoneName:None (0 other events since notify)
[2019.02.16-14.32.35:607][253]LogSlate: Updating window title bar state: overlay mode, drag disabled, window buttons hidden, title bar hidden
[2019.02.16-14.32.35:643][253]LogPlayLevel: Display: Shutting down PIE online subsystems
[2019.02.16-14.32.35:669][253]LogSlate: Updating window title bar state: overlay mode, drag disabled, window buttons hidden, title bar hidden
[2019.02.16-14.32.35:712][256]LogPlayLevel: Display: Destroying online subsystem :Context_13
[2019.02.16-14.32.36:342][331]LogSlate: FSceneViewport::OnFocusLost() reason 0
[2019.02.16-14.32.49:047][642]BlueprintLog: New page: Compile TestBaseBullet
[2019.02.16-14.32.49:192][642]LogSavePackage: Moving '../../../../../../Renzy/Documents/Algonquin/Term 4/GAM1528 - High Level Development 2/Assignments/GOOB-master/Saved/TestBaseBullet4118ED344E489D85F078779D2CFEF7D8.tmp' to '../../../../../../Renzy/Documents/Algonquin/Term 4/GAM1528 - High Level Development 2/Assignments/GOOB-master/Content/Blueprints/TestBaseBullet.uasset'
[2019.02.16-14.32.50:429][786]LogSlate: FSceneViewport::OnFocusLost() reason 0
[2019.02.16-14.32.50:513][796]LogTemp: Repeating last play command: Selected Viewport
[2019.02.16-14.32.50:532][796]LogPlayLevel: PlayLevel: No blueprints needed recompiling
[2019.02.16-14.32.50:532][796]PIE: New page: PIE session: Test_Level (Feb 16, 2019, 4:32:50 AM)
[2019.02.16-14.32.50:532][796]LogPlayLevel: Creating play world package: /Game/Levels/UEDPIE_0_Test_Level
[2019.02.16-14.32.50:543][796]LogPlayLevel: PIE: StaticDuplicateObject took: (0.010705s)
[2019.02.16-14.32.50:543][796]LogAIModule: Creating AISystem for world Test_Level
[2019.02.16-14.32.50:543][796]LogPlayLevel: PIE: World Init took: (0.000615s)
[2019.02.16-14.32.50:543][796]LogPlayLevel: PIE: Created PIE world by copying editor world from /Game/Levels/Test_Level.Test_Level to /Game/Levels/UEDPIE_0_Test_Level.Test_Level (0.011578s)
[2019.02.16-14.32.50:590][796]LogInit: XAudio2 using 'Speakers (Sound BlasterX AE-5)' : 6 channels at 48 kHz using 32 bits per sample (channel mask 0x3f)
[2019.02.16-14.32.50:605][796]LogInit: FAudioDevice initialized.
[2019.02.16-14.32.50:637][796]LogLoad: Game class is 'Test_Terminus_22XXGameModeBase_C'
[2019.02.16-14.32.50:638][796]LogWorld: Bringing World /Game/Levels/UEDPIE_0_Test_Level.Test_Level up for play (max tick rate 0) at 2019.02.16-09.32.50
[2019.02.16-14.32.50:638][796]LogWorld: Bringing up level for play took: 0.000881
[2019.02.16-14.32.50:651][796]PIE: Play in editor start time for /Game/Levels/UEDPIE_0_Test_Level 0.988
[2019.02.16-14.33.03:136][292]LogSlate: Updating window title bar state: overlay mode, drag disabled, window buttons hidden, title bar hidden
[2019.02.16-14.33.03:168][292]LogPlayLevel: Display: Shutting down PIE online subsystems
[2019.02.16-14.33.03:194][292]LogSlate: Updating window title bar state: overlay mode, drag disabled, window buttons hidden, title bar hidden
[2019.02.16-14.33.03:242][296]LogPlayLevel: Display: Destroying online subsystem :Context_14
[2019.02.16-14.33.04:039][391]LogSlate: FSceneViewport::OnFocusLost() reason 0
[2019.02.16-14.33.09:231][ 13]BlueprintLog: New page: Compile TestBaseBullet
[2019.02.16-14.33.09:379][ 13]LogSavePackage: Moving '../../../../../../Renzy/Documents/Algonquin/Term 4/GAM1528 - High Level Development 2/Assignments/GOOB-master/Saved/TestBaseBullet7C4310294552AF6BB05C8EB875166415.tmp' to '../../../../../../Renzy/Documents/Algonquin/Term 4/GAM1528 - High Level Development 2/Assignments/GOOB-master/Content/Blueprints/TestBaseBullet.uasset'
[2019.02.16-14.33.10:251][112]LogSlate: FSceneViewport::OnFocusLost() reason 0
[2019.02.16-14.33.10:325][121]LogTemp: Repeating last play command: Selected Viewport
[2019.02.16-14.33.10:344][121]LogPlayLevel: PlayLevel: No blueprints needed recompiling
[2019.02.16-14.33.10:344][121]PIE: New page: PIE session: Test_Level (Feb 16, 2019, 4:33:10 AM)
[2019.02.16-14.33.10:345][121]LogPlayLevel: Creating play world package: /Game/Levels/UEDPIE_0_Test_Level
[2019.02.16-14.33.10:355][121]LogPlayLevel: PIE: StaticDuplicateObject took: (0.010502s)
[2019.02.16-14.33.10:356][121]LogAIModule: Creating AISystem for world Test_Level
[2019.02.16-14.33.10:356][121]LogPlayLevel: PIE: World Init took: (0.000594s)
[2019.02.16-14.33.10:356][121]LogPlayLevel: PIE: Created PIE world by copying editor world from /Game/Levels/Test_Level.Test_Level to /Game/Levels/UEDPIE_0_Test_Level.Test_Level (0.011364s)
[2019.02.16-14.33.10:404][121]LogInit: XAudio2 using 'Speakers (Sound BlasterX AE-5)' : 6 channels at 48 kHz using 32 bits per sample (channel mask 0x3f)
[2019.02.16-14.33.10:418][121]LogInit: FAudioDevice initialized.
[2019.02.16-14.33.10:454][121]LogLoad: Game class is 'Test_Terminus_22XXGameModeBase_C'
[2019.02.16-14.33.10:455][121]LogWorld: Bringing World /Game/Levels/UEDPIE_0_Test_Level.Test_Level up for play (max tick rate 0) at 2019.02.16-09.33.10
[2019.02.16-14.33.10:456][121]LogWorld: Bringing up level for play took: 0.001146
[2019.02.16-14.33.10:469][121]PIE: Play in editor start time for /Game/Levels/UEDPIE_0_Test_Level 0.806
[2019.02.16-14.33.14:332][580]LogSlate: Updating window title bar state: overlay mode, drag disabled, window buttons hidden, title bar hidden
[2019.02.16-14.33.14:366][580]LogPlayLevel: Display: Shutting down PIE online subsystems
[2019.02.16-14.33.14:391][580]LogSlate: Updating window title bar state: overlay mode, drag disabled, window buttons hidden, title bar hidden
[2019.02.16-14.33.14:440][584]LogPlayLevel: Display: Destroying online subsystem :Context_15
[2019.02.16-14.33.15:592][722]LogSlate: FSceneViewport::OnFocusLost() reason 0
[2019.02.16-14.33.20:475][306]BlueprintLog: New page: Compile TestT22XX_Shotgun
[2019.02.16-14.33.20:625][306]LogSavePackage: Moving '../../../../../../Renzy/Documents/Algonquin/Term 4/GAM1528 - High Level Development 2/Assignments/GOOB-master/Saved/TestT22XX_Shotgun09492B9F4ABA910E40189390037EDCF9.tmp' to '../../../../../../Renzy/Documents/Algonquin/Term 4/GAM1528 - High Level Development 2/Assignments/GOOB-master/Content/Blueprints/TestT22XX_Shotgun.uasset'
[2019.02.16-14.33.21:403][394]LogSlate: FSceneViewport::OnFocusLost() reason 0
[2019.02.16-14.33.21:453][400]LogTemp: Repeating last play command: Selected Viewport
[2019.02.16-14.33.21:472][400]LogPlayLevel: PlayLevel: No blueprints needed recompiling
[2019.02.16-14.33.21:472][400]PIE: New page: PIE session: Test_Level (Feb 16, 2019, 4:33:21 AM)
[2019.02.16-14.33.21:472][400]LogPlayLevel: Creating play world package: /Game/Levels/UEDPIE_0_Test_Level
[2019.02.16-14.33.21:483][400]LogPlayLevel: PIE: StaticDuplicateObject took: (0.010470s)
[2019.02.16-14.33.21:484][400]LogAIModule: Creating AISystem for world Test_Level
[2019.02.16-14.33.21:484][400]LogPlayLevel: PIE: World Init took: (0.000673s)
[2019.02.16-14.33.21:484][400]LogPlayLevel: PIE: Created PIE world by copying editor world from /Game/Levels/Test_Level.Test_Level to /Game/Levels/UEDPIE_0_Test_Level.Test_Level (0.011423s)
[2019.02.16-14.33.21:530][400]LogInit: XAudio2 using 'Speakers (Sound BlasterX AE-5)' : 6 channels at 48 kHz using 32 bits per sample (channel mask 0x3f)
[2019.02.16-14.33.21:544][400]LogInit: FAudioDevice initialized.
[2019.02.16-14.33.21:578][400]LogLoad: Game class is 'Test_Terminus_22XXGameModeBase_C'
[2019.02.16-14.33.21:579][400]LogWorld: Bringing World /Game/Levels/UEDPIE_0_Test_Level.Test_Level up for play (max tick rate 0) at 2019.02.16-09.33.21
[2019.02.16-14.33.21:579][400]LogWorld: Bringing up level for play took: 0.000935
[2019.02.16-14.33.21:592][400]PIE: Play in editor start time for /Game/Levels/UEDPIE_0_Test_Level -0.071
[2019.02.16-14.33.24:464][742]LogSlate: Updating window title bar state: overlay mode, drag disabled, window buttons hidden, title bar hidden
[2019.02.16-14.33.24:500][742]LogPlayLevel: Display: Shutting down PIE online subsystems
[2019.02.16-14.33.24:525][742]LogSlate: Updating window title bar state: overlay mode, drag disabled, window buttons hidden, title bar hidden
[2019.02.16-14.33.24:570][745]LogPlayLevel: Display: Destroying online subsystem :Context_16
[2019.02.16-14.33.25:949][910]LogSlate: FSceneViewport::OnFocusLost() reason 0
[2019.02.16-14.33.28:943][268]BlueprintLog: New page: Compile TestT22XX_Shotgun
[2019.02.16-14.33.29:093][268]LogSavePackage: Moving '../../../../../../Renzy/Documents/Algonquin/Term 4/GAM1528 - High Level Development 2/Assignments/GOOB-master/Saved/TestT22XX_ShotgunA715819C4D4A8DCAFD32EC91C8F137F2.tmp' to '../../../../../../Renzy/Documents/Algonquin/Term 4/GAM1528 - High Level Development 2/Assignments/GOOB-master/Content/Blueprints/TestT22XX_Shotgun.uasset'
[2019.02.16-14.33.29:893][359]LogSlate: FSceneViewport::OnFocusLost() reason 0
[2019.02.16-14.33.29:951][366]LogTemp: Repeating last play command: Selected Viewport
[2019.02.16-14.33.29:971][366]LogPlayLevel: PlayLevel: No blueprints needed recompiling
[2019.02.16-14.33.29:971][366]PIE: New page: PIE session: Test_Level (Feb 16, 2019, 4:33:29 AM)
[2019.02.16-14.33.29:971][366]LogPlayLevel: Creating play world package: /Game/Levels/UEDPIE_0_Test_Level
[2019.02.16-14.33.29:982][366]LogPlayLevel: PIE: StaticDuplicateObject took: (0.010661s)
[2019.02.16-14.33.29:982][366]LogAIModule: Creating AISystem for world Test_Level
[2019.02.16-14.33.29:983][366]LogPlayLevel: PIE: World Init took: (0.000610s)
[2019.02.16-14.33.29:983][366]LogPlayLevel: PIE: Created PIE world by copying editor world from /Game/Levels/Test_Level.Test_Level to /Game/Levels/UEDPIE_0_Test_Level.Test_Level (0.011614s)
[2019.02.16-14.33.30:030][366]LogInit: XAudio2 using 'Speakers (Sound BlasterX AE-5)' : 6 channels at 48 kHz using 32 bits per sample (channel mask 0x3f)
[2019.02.16-14.33.30:044][366]LogInit: FAudioDevice initialized.
[2019.02.16-14.33.30:079][366]LogLoad: Game class is 'Test_Terminus_22XXGameModeBase_C'
[2019.02.16-14.33.30:080][366]LogWorld: Bringing World /Game/Levels/UEDPIE_0_Test_Level.Test_Level up for play (max tick rate 0) at 2019.02.16-09.33.30
[2019.02.16-14.33.30:080][366]LogWorld: Bringing up level for play took: 0.000973
[2019.02.16-14.33.30:094][366]PIE: Play in editor start time for /Game/Levels/UEDPIE_0_Test_Level 0.431
[2019.02.16-14.33.47:676][464]LogSlate: Updating window title bar state: overlay mode, drag disabled, window buttons hidden, title bar hidden
[2019.02.16-14.33.47:709][464]LogPlayLevel: Display: Shutting down PIE online subsystems
[2019.02.16-14.33.47:735][464]LogSlate: Updating window title bar state: overlay mode, drag disabled, window buttons hidden, title bar hidden
[2019.02.16-14.33.47:779][467]LogPlayLevel: Display: Destroying online subsystem :Context_17
[2019.02.16-14.33.50:009][734]LogSlate: FSceneViewport::OnFocusLost() reason 0
[2019.02.16-14.33.59:337][851]LogSlate: Window 'TestT22XX_Shotgun' being destroyed
[2019.02.16-14.33.59:339][851]LogSlate: Window 'TestT22XX_Shotgun' being destroyed
[2019.02.16-14.33.59:400][851]LogActorComponent: UnregisterComponent: (/Engine/Transient.EditorFloorComp) Not registered. Aborting.
[2019.02.16-14.34.01:001][ 38]LogSlate: FSceneViewport::OnFocusLost() reason 0
[2019.02.16-14.34.01:266][ 47]LogSlate: Window 'Terminus_22XX - Unreal Editor' being destroyed
[2019.02.16-14.34.01:267][ 47]LogWindowsTextInputMethodSystem: Display: IME system now deactivated.
[2019.02.16-14.34.01:535][ 48]Cmd: QUIT_EDITOR
[2019.02.16-14.34.02:577][ 48]LogExit: Preparing to exit.
[2019.02.16-14.34.02:938][ 48]LogExit: Editor shut down
[2019.02.16-14.34.02:938][ 48]LogExit: Transaction tracking system shut down
[2019.02.16-14.34.04:262][ 48]LogExit: Object subsystem successfully closed.
[2019.02.16-14.34.04:326][ 48]LogShaderCompilers: Display: Shaders left to compile 0
[2019.02.16-14.34.04:367][ 48]LogD3D11RHI: Shutdown
[2019.02.16-14.34.04:367][ 48]LogD3D11RHI: CleanupD3DDevice
[2019.02.16-14.34.04:376][ 48]LogD3D11RHI: ~FD3D11DynamicRHI
[2019.02.16-14.34.05:083][ 48]LogModuleManager: Shutting down and abandoning module BlueprintGraph (618)
[2019.02.16-14.34.05:083][ 48]LogModuleManager: Shutting down and abandoning module MovieSceneCapture (616)
[2019.02.16-14.34.05:083][ 48]LogModuleManager: Shutting down and abandoning module Voice (614)
[2019.02.16-14.34.05:083][ 48]LogModuleManager: Shutting down and abandoning module HierarchicalLODOutliner (612)
[2019.02.16-14.34.05:083][ 48]LogModuleManager: Shutting down and abandoning module SceneOutliner (610)
[2019.02.16-14.34.05:083][ 48]LogModuleManager: Shutting down and abandoning module AddContentDialog (608)
[2019.02.16-14.34.05:084][ 48]LogModuleManager: Shutting down and abandoning module WidgetCarousel (607)
[2019.02.16-14.34.05:084][ 48]LogModuleManager: Shutting down and abandoning module EditorWidgets (604)
[2019.02.16-14.34.05:084][ 48]LogModuleManager: Shutting down and abandoning module CollectionManager (602)
[2019.02.16-14.34.05:085][ 48]LogModuleManager: Shutting down and abandoning module StatsViewer (600)
[2019.02.16-14.34.05:085][ 48]LogModuleManager: Shutting down and abandoning module FoliageEdit (598)
[2019.02.16-14.34.05:085][ 48]LogModuleManager: Shutting down and abandoning module LandscapeEditor (596)
[2019.02.16-14.34.05:107][ 48]LogModuleManager: Shutting down and abandoning module MeshPaintMode (594)
[2019.02.16-14.34.05:107][ 48]LogModuleManager: Shutting down and abandoning module SceneDepthPickerMode (592)
[2019.02.16-14.34.05:107][ 48]LogModuleManager: Shutting down and abandoning module ActorPickerMode (590)
[2019.02.16-14.34.05:107][ 48]LogModuleManager: Shutting down and abandoning module GeometryMode (588)
[2019.02.16-14.34.05:107][ 48]LogModuleManager: Shutting down and abandoning module TextureAlignMode (586)
[2019.02.16-14.34.05:107][ 48]LogModuleManager: Shutting down and abandoning module BspMode (584)
[2019.02.16-14.34.05:107][ 48]LogModuleManager: Shutting down and abandoning module PIEPreviewDeviceProfileSelector (582)
[2019.02.16-14.34.05:107][ 48]LogModuleManager: Shutting down and abandoning module SequenceRecorderSections (580)
[2019.02.16-14.34.05:107][ 48]LogModuleManager: Shutting down and abandoning module AutomationWorker (578)
[2019.02.16-14.34.05:107][ 48]LogModuleManager: Shutting down and abandoning module AudioCaptureEditor (576)
[2019.02.16-14.34.05:108][ 48]LogModuleManager: Shutting down and abandoning module SequenceRecorder (575)
[2019.02.16-14.34.05:108][ 48]LogModuleManager: Shutting down and abandoning module MatineeToLevelSequence (572)
[2019.02.16-14.34.05:108][ 48]LogModuleManager: Shutting down and abandoning module LevelSequenceEditor (570)
[2019.02.16-14.34.05:133][ 48]LogModuleManager: Shutting down and abandoning module PlacementMode (569)
[2019.02.16-14.34.05:133][ 48]LogModuleManager: Shutting down and abandoning module MaterialEditor (568)
[2019.02.16-14.34.05:160][ 48]LogModuleManager: Shutting down and abandoning module WmfMediaFactory (564)
[2019.02.16-14.34.05:160][ 48]LogModuleManager: Shutting down and abandoning module WmfMediaEditor (562)
[2019.02.16-14.34.05:160][ 48]LogModuleManager: Shutting down and abandoning module MediaPlayerEditor (560)
[2019.02.16-14.34.05:161][ 48]LogModuleManager: Shutting down and abandoning module OpenExrWrapper (558)
[2019.02.16-14.34.05:161][ 48]LogModuleManager: Shutting down and abandoning module ImgMediaFactory (556)
[2019.02.16-14.34.05:161][ 48]LogModuleManager: Shutting down and abandoning module ImgMediaEditor (554)
[2019.02.16-14.34.05:161][ 48]LogModuleManager: Shutting down and abandoning module AvfMediaFactory (552)
[2019.02.16-14.34.05:161][ 48]LogModuleManager: Shutting down and abandoning module AvfMediaEditor (550)
[2019.02.16-14.34.05:161][ 48]LogModuleManager: Shutting down and abandoning module AndroidMediaFactory (548)
[2019.02.16-14.34.05:161][ 48]LogModuleManager: Shutting down and abandoning module AndroidMediaEditor (546)
[2019.02.16-14.34.05:161][ 48]LogModuleManager: Shutting down and abandoning module MagicLeapCameraPreviewFactory (544)
[2019.02.16-14.34.05:162][ 48]LogModuleManager: Shutting down and abandoning module MagicLeapMediaFactory (542)
[2019.02.16-14.34.05:162][ 48]LogModuleManager: Shutting down and abandoning module MagicLeapMediaEditor (540)
[2019.02.16-14.34.05:162][ 48]LogModuleManager: Shutting down and abandoning module CharacterAI (538)
[2019.02.16-14.34.05:162][ 48]LogModuleManager: Shutting down and abandoning module SmartSnapping (536)
[2019.02.16-14.34.05:162][ 48]LogModuleManager: Shutting down and abandoning module SessionServices (534)
[2019.02.16-14.34.05:162][ 48]LogModuleManager: Shutting down and abandoning module ViewportSnapping (532)
[2019.02.16-14.34.05:162][ 48]LogModuleManager: Shutting down and abandoning module ViewportInteraction (530)
[2019.02.16-14.34.05:183][ 48]LogModuleManager: Shutting down and abandoning module ClothPainter (528)
[2019.02.16-14.34.05:184][ 48]LogModuleManager: Shutting down and abandoning module SkeletalMeshEditor (527)
[2019.02.16-14.34.05:202][ 48]LogModuleManager: Shutting down and abandoning module LogVisualizer (524)
[2019.02.16-14.34.05:203][ 48]LogModuleManager: Shutting down and abandoning module IntroTutorials (522)
[2019.02.16-14.34.05:203][ 48]LogModuleManager: Shutting down and abandoning module GameProjectGeneration (521)
[2019.02.16-14.34.05:203][ 48]LogModuleManager: Shutting down and abandoning module LuminPlatformEditor (518)
[2019.02.16-14.34.05:203][ 48]LogModuleManager: Shutting down and abandoning module IOSPlatformEditor (516)
[2019.02.16-14.34.05:204][ 48]LogModuleManager: Shutting down and abandoning module HTML5PlatformEditor (514)
[2019.02.16-14.34.05:204][ 48]LogModuleManager: Shutting down and abandoning module AndroidPlatformEditor (512)
[2019.02.16-14.34.05:204][ 48]LogModuleManager: Shutting down and abandoning module AndroidDeviceDetection (511)
[2019.02.16-14.34.05:650][ 48]LogModuleManager: Shutting down and abandoning module WindowsPlatformEditor (508)
[2019.02.16-14.34.05:650][ 48]LogModuleManager: Shutting down and abandoning module LuminRuntimeSettings (506)
[2019.02.16-14.34.05:650][ 48]LogModuleManager: Shutting down and abandoning module IOSRuntimeSettings (504)
[2019.02.16-14.34.05:651][ 48]LogModuleManager: Shutting down and abandoning module AndroidRuntimeSettings (502)
[2019.02.16-14.34.05:651][ 48]LogModuleManager: Shutting down and abandoning module InputBindingEditor (500)
[2019.02.16-14.34.05:677][ 48]LogModuleManager: Shutting down and abandoning module MergeActors (498)
[2019.02.16-14.34.05:677][ 48]LogModuleManager: Shutting down and abandoning module LocalizationDashboard (496)
[2019.02.16-14.34.05:699][ 48]LogModuleManager: Shutting down and abandoning module LocalizationService (495)
[2019.02.16-14.34.05:699][ 48]LogModuleManager: Shutting down and abandoning module HardwareTargeting (492)
[2019.02.16-14.34.05:699][ 48]LogModuleManager: Shutting down and abandoning module DeviceProfileEditor (490)
[2019.02.16-14.34.05:699][ 48]LogModuleManager: Shutting down and abandoning module UndoHistory (488)
[2019.02.16-14.34.05:699][ 48]LogModuleManager: Shutting down and abandoning module XmlParser (486)
[2019.02.16-14.34.05:699][ 48]LogModuleManager: Shutting down and abandoning module Blutility (484)
[2019.02.16-14.34.05:700][ 48]LogModuleManager: Shutting down and abandoning module ProjectSettingsViewer (482)
[2019.02.16-14.34.05:700][ 48]LogModuleManager: Shutting down and abandoning module ProjectTargetPlatformEditor (481)
[2019.02.16-14.34.05:700][ 48]LogModuleManager: Shutting down and abandoning module EditorSettingsViewer (478)
[2019.02.16-14.34.05:700][ 48]LogModuleManager: Shutting down and abandoning module SettingsEditor (476)
[2019.02.16-14.34.05:700][ 48]LogModuleManager: Shutting down and abandoning module ProjectLauncher (474)
[2019.02.16-14.34.05:720][ 48]LogModuleManager: Shutting down and abandoning module SessionFrontend (472)
[2019.02.16-14.34.05:720][ 48]LogModuleManager: Shutting down and abandoning module ProfilerClient (470)
[2019.02.16-14.34.05:737][ 48]LogModuleManager: Shutting down and abandoning module DeviceManager (468)
[2019.02.16-14.34.05:737][ 48]LogModuleManager: Shutting down and abandoning module TargetDeviceServices (467)
[2019.02.16-14.34.05:792][ 48]LogModuleManager: Shutting down and abandoning module AutomationController (464)
[2019.02.16-14.34.05:792][ 48]LogModuleManager: Shutting down and abandoning module AutomationWindow (462)
[2019.02.16-14.34.05:816][ 48]LogModuleManager: Shutting down and abandoning module Layers (460)
[2019.02.16-14.34.05:845][ 48]LogModuleManager: Shutting down and abandoning module ComponentVisualizers (458)
[2019.02.16-14.34.05:845][ 48]LogModuleManager: Shutting down and abandoning module DetailCustomizations (456)
[2019.02.16-14.34.05:845][ 48]LogModuleManager: Shutting down and abandoning module PackagesDialog (454)
[2019.02.16-14.34.05:845][ 48]LogModuleManager: Shutting down and abandoning module Persona (452)
[2019.02.16-14.34.05:877][ 48]LogModuleManager: Shutting down and abandoning module AdvancedPreviewScene (451)
[2019.02.16-14.34.05:877][ 48]LogModuleManager: Shutting down and abandoning module AnimGraph (449)
[2019.02.16-14.34.05:877][ 48]LogModuleManager: Shutting down and abandoning module Kismet (446)
[2019.02.16-14.34.05:898][ 48]LogModuleManager: Shutting down and abandoning module GraphEditor (444)
[2019.02.16-14.34.05:898][ 48]LogModuleManager: Shutting down and abandoning module ClassViewer (442)
[2019.02.16-14.34.05:898][ 48]LogModuleManager: Shutting down and abandoning module Toolbox (440)
[2019.02.16-14.34.05:899][ 48]LogModuleManager: Shutting down and abandoning module DesktopPlatform (439)
[2019.02.16-14.34.05:915][ 48]LogModuleManager: Shutting down and abandoning module ModuleUI (436)
[2019.02.16-14.34.05:936][ 48]LogModuleManager: Shutting down and abandoning module MovieSceneTools (434)
[2019.02.16-14.34.05:936][ 48]LogModuleManager: Shutting down and abandoning module OutputLog (432)
[2019.02.16-14.34.05:937][ 48]LogModuleManager: Shutting down and abandoning module GammaUI (430)
[2019.02.16-14.34.05:961][ 48]LogModuleManager: Shutting down and abandoning module Documentation (428)
[2019.02.16-14.34.05:961][ 48]LogModuleManager: Shutting down and abandoning module MovieSceneTracks (426)
[2019.02.16-14.34.05:961][ 48]LogModuleManager: Shutting down and abandoning module MovieScene (424)
[2019.02.16-14.34.05:961][ 48]LogModuleManager: Shutting down and abandoning module StreamingPauseRendering (422)
[2019.02.16-14.34.05:961][ 48]LogModuleManager: Shutting down and abandoning module LauncherPlatform (420)
[2019.02.16-14.34.05:961][ 48]LogModuleManager: Shutting down and abandoning module AnalyticsET (418)
[2019.02.16-14.34.05:962][ 48]LogModuleManager: Shutting down and abandoning module PortalServices (416)
[2019.02.16-14.34.05:962][ 48]LogModuleManager: Shutting down and abandoning module PortalRpc (414)
[2019.02.16-14.34.05:962][ 48]LogModuleManager: Shutting down and abandoning module MessagingRpc (412)
[2019.02.16-14.34.05:962][ 48]LogModuleManager: Shutting down and abandoning module AIModule (410)
[2019.02.16-14.34.05:964][ 48]LogModuleManager: Shutting down and abandoning module GameplayDebugger (409)
[2019.02.16-14.34.05:964][ 48]LogModuleManager: Shutting down and abandoning module AITestSuite (407)
[2019.02.16-14.34.05:964][ 48]LogModuleManager: Shutting down and abandoning module NavigationSystem (405)
[2019.02.16-14.34.05:964][ 48]LogModuleManager: Shutting down and abandoning module ProfilerService (402)
[2019.02.16-14.34.06:025][ 48]LogModuleManager: Shutting down and abandoning module TaskGraph (400)
[2019.02.16-14.34.06:025][ 48]LogModuleManager: Shutting down and abandoning module SteamVRController (398)
[2019.02.16-14.34.06:025][ 48]LogModuleManager: Shutting down and abandoning module ProceduralMeshComponentEditor (396)
[2019.02.16-14.34.06:025][ 48]LogModuleManager: Shutting down and abandoning module ProceduralMeshComponent (394)
[2019.02.16-14.34.06:025][ 48]LogModuleManager: Shutting down and abandoning module OculusInput (392)
[2019.02.16-14.34.06:025][ 48]LogModuleManager: Shutting down and abandoning module MobilePatchingUtils (390)
[2019.02.16-14.34.06:025][ 48]LogModuleManager: Shutting down and abandoning module EditableMesh (388)
[2019.02.16-14.34.06:025][ 48]LogModuleManager: Shutting down and abandoning module CustomMeshComponent (386)
[2019.02.16-14.34.06:025][ 48]LogModuleManager: Shutting down and abandoning module CableComponent (384)
[2019.02.16-14.34.06:025][ 48]LogModuleManager: Shutting down and abandoning module AudioCapture (382)
[2019.02.16-14.34.06:025][ 48]LogModuleManager: Shutting down and abandoning module ArchVisCharacter (380)
[2019.02.16-14.34.06:025][ 48]LogModuleManager: Shutting down and abandoning module AndroidPermission (378)
[2019.02.16-14.34.06:025][ 48]LogModuleManager: Shutting down and abandoning module NUTUnrealEngine4 (376)
[2019.02.16-14.34.06:026][ 48]LogModuleManager: Shutting down and abandoning module NetcodeUnitTest (374)
[2019.02.16-14.34.06:041][ 48]LogModuleManager: Shutting down and abandoning module MediaCompositingEditor (372)
[2019.02.16-14.34.06:042][ 48]LogModuleManager: Shutting down and abandoning module MediaCompositing (370)
[2019.02.16-14.34.06:042][ 48]LogModuleManager: Shutting down and abandoning module LinearTimecode (368)
[2019.02.16-14.34.06:042][ 48]LogModuleManager: Shutting down and abandoning module ImgMedia (366)
[2019.02.16-14.34.06:065][ 48]LogModuleManager: Shutting down and abandoning module HTML5Networking (364)
[2019.02.16-14.34.06:065][ 48]LogModuleManager: Shutting down and abandoning module GeometryCacheTracks (362)
[2019.02.16-14.34.06:065][ 48]LogModuleManager: Shutting down and abandoning module GeometryCacheSequencer (360)
[2019.02.16-14.34.06:065][ 48]LogModuleManager: Shutting down and abandoning module BackChannel (358)
[2019.02.16-14.34.06:091][ 48]LogModuleManager: Shutting down and abandoning module AppleVision (356)
[2019.02.16-14.34.06:091][ 48]LogModuleManager: Shutting down and abandoning module AppleImageUtils (354)
[2019.02.16-14.34.06:092][ 48]LogModuleManager: Shutting down and abandoning module AlembicImporter (352)
[2019.02.16-14.34.06:092][ 48]LogModuleManager: Shutting down and abandoning module AlembicLibrary (351)
[2019.02.16-14.34.06:092][ 48]LogModuleManager: Shutting down and abandoning module GeometryCache (350)
[2019.02.16-14.34.06:092][ 48]LogModuleManager: Shutting down and abandoning module GeometryCacheEd (349)
[2019.02.16-14.34.06:092][ 48]LogModuleManager: Shutting down and abandoning module DatasmithContentEditor (344)
[2019.02.16-14.34.06:092][ 48]LogModuleManager: Shutting down and abandoning module DatasmithContent (342)
[2019.02.16-14.34.06:093][ 48]LogModuleManager: Shutting down and abandoning module SpeedTreeImporter (340)
[2019.02.16-14.34.06:093][ 48]LogModuleManager: Shutting down and abandoning module PluginBrowser (338)
[2019.02.16-14.34.06:113][ 48]LogModuleManager: Shutting down and abandoning module MobileLauncherProfileWizard (336)
[2019.02.16-14.34.06:138][ 48]LogModuleManager: Shutting down and abandoning module PolygonModeling (334)
[2019.02.16-14.34.06:138][ 48]LogModuleManager: Shutting down and abandoning module MeshEditor (332)
[2019.02.16-14.34.06:138][ 48]LogModuleManager: Shutting down and abandoning module CryptoKeysOpenSSL (330)
[2019.02.16-14.34.06:139][ 48]LogModuleManager: Shutting down and abandoning module CryptoKeys (328)
[2019.02.16-14.34.06:139][ 48]LogModuleManager: Shutting down and abandoning module VisualStudioSourceCodeAccess (326)
[2019.02.16-14.34.06:139][ 48]LogModuleManager: Shutting down and abandoning module VisualStudioCodeSourceCodeAccess (324)
[2019.02.16-14.34.06:139][ 48]LogModuleManager: Shutting down and abandoning module UObjectPlugin (322)
[2019.02.16-14.34.06:139][ 48]LogModuleManager: Shutting down and abandoning module SubversionSourceControl (320)
[2019.02.16-14.34.06:140][ 48]LogModuleManager: Shutting down and abandoning module PerforceSourceControl (318)
[2019.02.16-14.34.06:154][ 48]LogModuleManager: Shutting down and abandoning module GitSourceControl (316)
[2019.02.16-14.34.06:154][ 48]LogModuleManager: Shutting down and abandoning module SourceControl (315)
[2019.02.16-14.34.06:154][ 48]LogModuleManager: Shutting down and abandoning module CLionSourceCodeAccess (312)
[2019.02.16-14.34.06:154][ 48]LogModuleManager: Shutting down and abandoning module LightPropagationVolumeEditor (310)
[2019.02.16-14.34.06:154][ 48]LogModuleManager: Shutting down and abandoning module PaperTiledImporter (308)
[2019.02.16-14.34.06:155][ 48]LogModuleManager: Shutting down and abandoning module PaperSpriteSheetImporter (306)
[2019.02.16-14.34.06:156][ 48]LogModuleManager: Shutting down and abandoning module Paper2DEditor (304)
[2019.02.16-14.34.06:177][ 48]LogModuleManager: Shutting down and abandoning module MeshPaint (303)
[2019.02.16-14.34.06:177][ 48]LogModuleManager: Shutting down and abandoning module Terminus_22XX (300)
[2019.02.16-14.34.06:177][ 48]LogModuleManager: Shutting down and abandoning module RuntimePhysXCooking (298)
[2019.02.16-14.34.06:183][ 48]LogModuleManager: Shutting down and abandoning module PhysXVehiclesEditor (296)
[2019.02.16-14.34.06:187][ 48]LogModuleManager: Shutting down and abandoning module PhysXVehicles (294)
[2019.02.16-14.34.06:187][ 48]LogModuleManager: Shutting down and abandoning module OculusEditor (292)
[2019.02.16-14.34.06:187][ 48]LogModuleManager: Shutting down and abandoning module LocationServicesBPLibrary (290)
[2019.02.16-14.34.06:187][ 48]LogModuleManager: Shutting down and abandoning module ImmediatePhysicsEditor (288)
[2019.02.16-14.34.06:188][ 48]LogModuleManager: Shutting down and abandoning module ImmediatePhysics (286)
[2019.02.16-14.34.06:188][ 48]LogModuleManager: Shutting down and abandoning module ActorSequence (284)
[2019.02.16-14.34.06:189][ 48]LogModuleManager: Shutting down and abandoning module UdpMessaging (282)
[2019.02.16-14.34.06:292][ 48]LogModuleManager: Shutting down and abandoning module TcpMessaging (280)
[2019.02.16-14.34.06:393][ 48]LogModuleManager: Shutting down and abandoning module MagicLeapAudio (278)
[2019.02.16-14.34.06:393][ 48]LogModuleManager: Shutting down and abandoning module GameplayTagsEditor (276)
[2019.02.16-14.34.06:421][ 48]LogModuleManager: Shutting down and abandoning module FacialAnimationEditor (274)
[2019.02.16-14.34.06:421][ 48]LogModuleManager: Shutting down and abandoning module FacialAnimation (272)
[2019.02.16-14.34.06:421][ 48]LogModuleManager: Shutting down and abandoning module DataValidation (270)
[2019.02.16-14.34.06:421][ 48]LogModuleManager: Shutting down and abandoning module AssetManagerEditor (268)
[2019.02.16-14.34.06:437][ 48]LogModuleManager: Shutting down and abandoning module LevelEditor (267)
[2019.02.16-14.34.06:439][ 48]LogModuleManager: Shutting down and abandoning module PixelInspectorModule (266)
[2019.02.16-14.34.06:439][ 48]LogModuleManager: Shutting down and abandoning module CommonMenuExtensions (264)
[2019.02.16-14.34.06:439][ 48]LogModuleManager: Shutting down and abandoning module MainFrame (262)
[2019.02.16-14.34.06:439][ 48]LogModuleManager: Shutting down and abandoning module HotReload (261)
[2019.02.16-14.34.06:441][ 48]LogModuleManager: Shutting down and abandoning module ContentBrowser (257)
[2019.02.16-14.34.06:444][ 48]LogModuleManager: Shutting down and abandoning module TreeMap (255)
[2019.02.16-14.34.06:445][ 48]LogModuleManager: Shutting down and abandoning module LightPropagationVolumeRuntime (252)
[2019.02.16-14.34.06:449][ 48]LogModuleManager: Shutting down and abandoning module AISupportModule (250)
[2019.02.16-14.34.06:451][ 48]LogModuleManager: Shutting down and abandoning module Paper2D (248)
[2019.02.16-14.34.06:451][ 48]LogModuleManager: Shutting down and abandoning module WindowsMoviePlayer (246)
[2019.02.16-14.34.06:452][ 48]LogModuleManager: Shutting down and abandoning module WmfMedia (244)
[2019.02.16-14.34.06:469][ 48]LogModuleManager: Shutting down and abandoning module Media (243)
[2019.02.16-14.34.06:476][ 48]LogModuleManager: Shutting down and abandoning module PacketHandler (240)
[2019.02.16-14.34.06:477][ 48]LogModuleManager: Shutting down and abandoning module ClothingSystemEditor (238)
[2019.02.16-14.34.06:477][ 48]LogModuleManager: Shutting down and abandoning module ClothingSystemRuntime (236)
[2019.02.16-14.34.06:495][ 48]LogModuleManager: Shutting down and abandoning module MediaAssets (234)
[2019.02.16-14.34.06:495][ 48]LogModuleManager: Shutting down and abandoning module Overlay (232)
[2019.02.16-14.34.06:495][ 48]LogModuleManager: Shutting down and abandoning module OverlayEditor (231)
[2019.02.16-14.34.06:495][ 48]LogModuleManager: Shutting down and abandoning module VREditor (228)
[2019.02.16-14.34.06:506][ 48]LogModuleManager: Shutting down and abandoning module StringTableEditor (226)
[2019.02.16-14.34.06:537][ 48]LogModuleManager: Shutting down and abandoning module GameplayTasksEditor (224)
[2019.02.16-14.34.06:538][ 48]LogModuleManager: Shutting down and abandoning module BehaviorTreeEditor (222)
[2019.02.16-14.34.06:558][ 48]LogModuleManager: Shutting down and abandoning module FunctionalTesting (220)
[2019.02.16-14.34.06:558][ 48]LogModuleManager: Shutting down and abandoning module CollisionAnalyzer (218)
[2019.02.16-14.34.06:559][ 48]LogModuleManager: Shutting down and abandoning module WorkspaceMenuStructure (217)
[2019.02.16-14.34.06:559][ 48]LogModuleManager: Shutting down and abandoning module UMG (214)
[2019.02.16-14.34.06:585][ 48]LogModuleManager: Shutting down and abandoning module UMGEditor (213)
[2019.02.16-14.34.06:603][ 48]LogModuleManager: Shutting down and abandoning module Sequencer (212)
[2019.02.16-14.34.06:613][ 48]LogModuleManager: Shutting down and abandoning module MessageLog (209)
[2019.02.16-14.34.06:614][ 48]LogModuleManager: Shutting down and abandoning module SlateReflector (204)
[2019.02.16-14.34.06:644][ 48]LogModuleManager: Shutting down and abandoning module Slate (202)
[2019.02.16-14.34.06:644][ 48]LogModuleManager: Shutting down and abandoning module EditorStyle (200)
[2019.02.16-14.34.06:646][ 48]LogModuleManager: Shutting down and abandoning module MRMesh (198)
[2019.02.16-14.34.06:646][ 48]LogModuleManager: Shutting down and abandoning module SourceCodeAccess (196)
[2019.02.16-14.34.06:646][ 48]LogModuleManager: Shutting down and abandoning module HeadMountedDisplay (194)
[2019.02.16-14.34.06:646][ 48]LogModuleManager: Shutting down and abandoning module XAudio2 (192)
[2019.02.16-14.34.06:646][ 48]LogModuleManager: Shutting down and abandoning module Networking (190)
[2019.02.16-14.34.06:646][ 48]LogModuleManager: Shutting down and abandoning module Core (188)
[2019.02.16-14.34.06:647][ 48]LogModuleManager: Shutting down and abandoning module LevelSequence (186)
[2019.02.16-14.34.06:647][ 48]LogModuleManager: Shutting down and abandoning module KismetCompiler (184)
[2019.02.16-14.34.06:647][ 48]LogModuleManager: Shutting down and abandoning module MeshUtilities (182)
[2019.02.16-14.34.06:647][ 48]LogModuleManager: Shutting down and abandoning module MeshMergeUtilities (181)
[2019.02.16-14.34.06:647][ 48]LogModuleManager: Shutting down and abandoning module MeshReductionInterface (180)
[2019.02.16-14.34.06:647][ 48]LogModuleManager: Shutting down and abandoning module SimplygonSwarm (179)
[2019.02.16-14.34.06:662][ 48]LogModuleManager: Shutting down and abandoning module ProxyLODMeshReduction (177)
[2019.02.16-14.34.06:687][ 48]LogModuleManager: Shutting down and abandoning module SimplygonMeshReduction (175)
[2019.02.16-14.34.06:688][ 48]LogModuleManager: Shutting down and abandoning module QuadricMeshReduction (173)
[2019.02.16-14.34.06:703][ 48]LogModuleManager: Shutting down and abandoning module MaterialBaking (169)
[2019.02.16-14.34.06:733][ 48]LogModuleManager: Shutting down and abandoning module DirectoryWatcher (165)
[2019.02.16-14.34.06:733][ 48]LogModuleManager: Shutting down and abandoning module DerivedDataCache (162)
[2019.02.16-14.34.06:817][ 48]LogDerivedDataCache: Shutdown
[2019.02.16-14.34.06:817][ 48]LogModuleManager: Shutting down and abandoning module XGEController (160)
[2019.02.16-14.34.06:817][ 48]LogXGEController: Cleaning working directory: C:/Users/Renzy/AppData/Local/Temp/UnrealXGEWorkingDir/
[2019.02.16-14.34.06:818][ 48]LogModuleManager: Shutting down and abandoning module TargetPlatform (158)
[2019.02.16-14.34.06:818][ 48]LogModuleManager: Shutting down and abandoning module VulkanShaderFormat (157)
[2019.02.16-14.34.06:818][ 48]LogModuleManager: Shutting down and abandoning module ShaderFormatVectorVM (155)
[2019.02.16-14.34.06:818][ 48]LogModuleManager: Shutting down and abandoning module ShaderFormatOpenGL (153)
[2019.02.16-14.34.06:842][ 48]LogModuleManager: Shutting down and abandoning module ShaderFormatD3D (151)
[2019.02.16-14.34.06:842][ 48]LogModuleManager: Shutting down and abandoning module MetalShaderFormat (149)
[2019.02.16-14.34.06:860][ 48]LogModuleManager: Shutting down and abandoning module TextureFormatUncompressed (147)
[2019.02.16-14.34.06:860][ 48]LogModuleManager: Shutting down and abandoning module TextureFormatPVR (145)
[2019.02.16-14.34.06:860][ 48]LogModuleManager: Shutting down and abandoning module TextureFormatDXT (143)
[2019.02.16-14.34.06:860][ 48]LogModuleManager: Shutting down and abandoning module TextureFormatIntelISPCTexComp (141)
[2019.02.16-14.34.06:861][ 48]LogModuleManager: Shutting down and abandoning module TextureFormatASTC (139)
[2019.02.16-14.34.06:861][ 48]LogModuleManager: Shutting down and abandoning module ImageWrapper (138)
[2019.02.16-14.34.06:861][ 48]LogModuleManager: Shutting down and abandoning module TextureFormatAndroid (135)
[2019.02.16-14.34.06:861][ 48]LogModuleManager: Shutting down and abandoning module AudioFormatOpus (133)
[2019.02.16-14.34.06:861][ 48]LogModuleManager: Shutting down and abandoning module AudioFormatOgg (131)
[2019.02.16-14.34.06:861][ 48]LogModuleManager: Shutting down and abandoning module AudioFormatADPCM (129)
[2019.02.16-14.34.06:861][ 48]LogModuleManager: Shutting down and abandoning module LuminTargetPlatform (127)
[2019.02.16-14.34.06:861][ 48]LogModuleManager: Shutting down and abandoning module LinuxTargetPlatform (125)
[2019.02.16-14.34.06:861][ 48]LogModuleManager: Shutting down and abandoning module LinuxServerTargetPlatform (123)
[2019.02.16-14.34.06:862][ 48]LogModuleManager: Shutting down and abandoning module LinuxNoEditorTargetPlatform (121)
[2019.02.16-14.34.06:862][ 48]LogModuleManager: Shutting down and abandoning module LinuxClientTargetPlatform (119)
[2019.02.16-14.34.06:862][ 48]LogModuleManager: Shutting down and abandoning module TVOSTargetPlatform (117)
[2019.02.16-14.34.06:862][ 48]LogModuleManager: Shutting down and abandoning module Messaging (115)
[2019.02.16-14.34.06:862][ 48]LogModuleManager: Shutting down and abandoning module IOSTargetPlatform (113)
[2019.02.16-14.34.06:862][ 48]LogModuleManager: Shutting down and abandoning module HTML5TargetPlatform (111)
[2019.02.16-14.34.06:862][ 48]LogModuleManager: Shutting down and abandoning module AndroidTargetPlatform (109)
[2019.02.16-14.34.06:867][ 48]LogModuleManager: Shutting down and abandoning module WindowsTargetPlatform (107)
[2019.02.16-14.34.06:867][ 48]LogModuleManager: Shutting down and abandoning module WindowsServerTargetPlatform (105)
[2019.02.16-14.34.06:867][ 48]LogModuleManager: Shutting down and abandoning module WindowsNoEditorTargetPlatform (103)
[2019.02.16-14.34.06:867][ 48]LogModuleManager: Shutting down and abandoning module WindowsClientTargetPlatform (101)
[2019.02.16-14.34.06:867][ 48]LogModuleManager: Shutting down and abandoning module MacTargetPlatform (99)
[2019.02.16-14.34.06:867][ 48]LogModuleManager: Shutting down and abandoning module MacServerTargetPlatform (97)
[2019.02.16-14.34.06:867][ 48]LogModuleManager: Shutting down and abandoning module MacNoEditorTargetPlatform (95)
[2019.02.16-14.34.06:867][ 48]LogModuleManager: Shutting down and abandoning module MacClientTargetPlatform (93)
[2019.02.16-14.34.06:867][ 48]LogModuleManager: Shutting down and abandoning module AllDesktopTargetPlatform (91)
[2019.02.16-14.34.06:867][ 48]LogModuleManager: Shutting down and abandoning module InputCore (88)
[2019.02.16-14.34.06:867][ 48]LogModuleManager: Shutting down and abandoning module Settings (86)
[2019.02.16-14.34.06:867][ 48]LogModuleManager: Shutting down and abandoning module PhysXCooking (84)
[2019.02.16-14.34.06:867][ 48]LogModuleManager: Shutting down and abandoning module SteamVR (82)
[2019.02.16-14.34.06:868][ 48]LogModuleManager: Shutting down and abandoning module OculusHMD (80)
[2019.02.16-14.34.06:868][ 48]LogModuleManager: Shutting down and abandoning module ExampleDeviceProfileSelector (78)
[2019.02.16-14.34.06:868][ 48]LogModuleManager: Shutting down and abandoning module LauncherChunkInstaller (76)
[2019.02.16-14.34.06:868][ 48]LogModuleManager: Shutting down and abandoning module OnlineBlueprintSupport (74)
[2019.02.16-14.34.06:868][ 48]LogModuleManager: Shutting down and abandoning module OnlineSubsystem (70)
[2019.02.16-14.34.06:869][ 48]LogModuleManager: Shutting down and abandoning module XMPP (65)
[2019.02.16-14.34.06:893][ 48]LogModuleManager: Shutting down and abandoning module WebSockets (64)
[2019.02.16-14.34.06:939][ 48]LogModuleManager: Shutting down and abandoning module HTTP (61)
[2019.02.16-14.34.06:939][ 48]LogHttp: Display: Http module shutting down, but needs to wait on 1 outstanding Http requests:
[2019.02.16-14.34.06:939][ 48]LogHttp: Display: 	verb=[POST] url=[https://datarouter.ol.epicgames.com/datarouter/api/v1/public/data?SessionID=%7B15E321CD-4BA3-8701-2011-F8A10693E599%7D&AppID=UEEditor.Rocket.Release&AppVersion=4.20.3-4369336%2B%2B%2BUE4%2BRelease-4.20&UserID=d2d2c5d64e9a564b2d095eb70c098350%7C27350404f3bb4f2791c9f6bae70f1cac%7C0fc99a33-513b-48b1-9fb5-b5212c68fc71&AppEnvironment=datacollector-binary&UploadType=eteventstream] status=Processing
[2019.02.16-14.34.06:943][ 48]LogModuleManager: Shutting down and abandoning module SSL (60)
[2019.02.16-14.34.06:944][ 48]LogModuleManager: Shutting down and abandoning module MagicLeapEmulator (56)
[2019.02.16-14.34.06:944][ 48]LogModuleManager: Shutting down and abandoning module MagicLeapPrivileges (54)
[2019.02.16-14.34.06:944][ 48]LogModuleManager: Shutting down and abandoning module MagicLeapIdentity (52)
[2019.02.16-14.34.06:944][ 48]LogModuleManager: Shutting down and abandoning module MagicLeapHelperVulkan (50)
[2019.02.16-14.34.06:944][ 48]LogModuleManager: Shutting down and abandoning module MagicLeapHelperOpenGL (48)
[2019.02.16-14.34.06:944][ 48]LogModuleManager: Shutting down and abandoning module MagicLeapSecureStorage (46)
[2019.02.16-14.34.06:944][ 48]LogModuleManager: Shutting down and abandoning module MagicLeapGestures (44)
[2019.02.16-14.34.06:944][ 48]LogModuleManager: Shutting down and abandoning module MagicLeapEyeTracker (42)
[2019.02.16-14.34.06:944][ 48]LogModuleManager: Shutting down and abandoning module MagicLeapController (40)
[2019.02.16-14.34.06:944][ 48]LogSlate: Slate User Destroyed.  User Index 0, Is Virtual User: 0
[2019.02.16-14.34.06:944][ 48]LogModuleManager: Shutting down and abandoning module MagicLeap (38)
[2019.02.16-14.34.06:944][ 48]LogModuleManager: Shutting down and abandoning module AnimationModifiers (36)
[2019.02.16-14.34.06:964][ 48]LogModuleManager: Shutting down and abandoning module PropertyEditor (35)
[2019.02.16-14.34.06:964][ 48]LogModuleManager: Shutting down and abandoning module AudioEditor (32)
[2019.02.16-14.34.06:978][ 48]LogModuleManager: Shutting down and abandoning module TextureCompressor (30)
[2019.02.16-14.34.06:981][ 48]LogModuleManager: Shutting down and abandoning module ShaderCore (28)
[2019.02.16-14.34.06:981][ 48]LogModuleManager: Shutting down and abandoning module Landscape (26)
[2019.02.16-14.34.06:981][ 48]LogModuleManager: Shutting down and abandoning module SlateRHIRenderer (24)
[2019.02.16-14.34.07:000][ 48]LogModuleManager: Shutting down and abandoning module OpenGLDrv (22)
[2019.02.16-14.34.07:017][ 48]LogModuleManager: Shutting down and abandoning module D3D11RHI (20)
[2019.02.16-14.34.07:017][ 48]LogModuleManager: Shutting down and abandoning module AnimGraphRuntime (18)
[2019.02.16-14.34.07:017][ 48]LogModuleManager: Shutting down and abandoning module Renderer (16)
[2019.02.16-14.34.07:017][ 48]LogModuleManager: Shutting down and abandoning module Engine (14)
[2019.02.16-14.34.07:017][ 48]LogModuleManager: Shutting down and abandoning module CoreUObject (12)
[2019.02.16-14.34.07:017][ 48]LogModuleManager: Shutting down and abandoning module NetworkFile (10)
[2019.02.16-14.34.07:017][ 48]LogModuleManager: Shutting down and abandoning module CookedIterativeFile (8)
[2019.02.16-14.34.07:017][ 48]LogModuleManager: Shutting down and abandoning module StreamingFile (6)
[2019.02.16-14.34.07:018][ 48]LogModuleManager: Shutting down and abandoning module SandboxFile (4)
[2019.02.16-14.34.07:018][ 48]LogModuleManager: Shutting down and abandoning module PakFile (2)
[2019.02.16-14.34.07:033][ 48]LogExit: Exiting.
[2019.02.16-14.34.07:036][ 48]Log file closed, 02/16/19 09:34:07
