Log file open, 02/20/19 15:43:58
LogWindows: Failed to load 'aqProf.dll' (GetLastError=126)
LogWindows: File 'aqProf.dll' does not exist
LogWindows: Failed to load 'VSPerf140.dll' (GetLastError=126)
LogWindows: File 'VSPerf140.dll' does not exist
LogWindows: Failed to load 'VtuneApi.dll' (GetLastError=126)
LogWindows: File 'VtuneApi.dll' does not exist
LogWindows: Failed to load 'VtuneApi32e.dll' (GetLastError=126)
LogWindows: File 'VtuneApi32e.dll' does not exist
LogInit: Display: Running engine for game: Terminus_22XX
LogPlatformFile: Not using cached read wrapper
LogTaskGraph: Started task graph with 5 named threads and 23 total threads with 3 sets of task threads.
LogStats: Stats thread started at 0.489689
LogD3D11RHI: Loaded GFSDK_Aftermath_Lib.x64.dll
LogICUInternationalization: Display: ICU TimeZone Detection - Raw Offset: -5:00, Platform Override: ''
LogPluginManager: Mounting plugin Paper2D
LogPluginManager: Mounting plugin AISupport
LogPluginManager: Mounting plugin LightPropagationVolume
LogPluginManager: Mounting plugin CLionSourceCodeAccess
LogPluginManager: Mounting plugin CodeLiteSourceCodeAccess
LogPluginManager: Mounting plugin GitSourceControl
LogPluginManager: Mounting plugin KDevelopSourceCodeAccess
LogPluginManager: Mounting plugin NullSourceCodeAccess
LogPluginManager: Mounting plugin PerforceSourceControl
LogPluginManager: Mounting plugin SubversionSourceControl
LogPluginManager: Mounting plugin UObjectPlugin
LogPluginManager: Mounting plugin VisualStudioCodeSourceCodeAccess
LogPluginManager: Mounting plugin VisualStudioSourceCodeAccess
LogPluginManager: Mounting plugin XCodeSourceCodeAccess
LogPluginManager: Mounting plugin AssetManagerEditor
LogPluginManager: Mounting plugin CryptoKeys
LogPluginManager: Mounting plugin DataValidation
LogPluginManager: Mounting plugin FacialAnimation
LogPluginManager: Mounting plugin GameplayTagsEditor
LogPluginManager: Mounting plugin MacGraphicsSwitching
LogPluginManager: Mounting plugin MeshEditor
LogPluginManager: Mounting plugin MobileLauncherProfileWizard
LogPluginManager: Mounting plugin PluginBrowser
LogPluginManager: Mounting plugin SpeedTreeImporter
LogPluginManager: Mounting plugin DatasmithContent
LogPluginManager: Mounting plugin AlembicImporter
LogPluginManager: Mounting plugin AppleImageUtils
LogPluginManager: Mounting plugin AppleVision
LogPluginManager: Mounting plugin BackChannel
LogPluginManager: Mounting plugin CharacterAI
LogPluginManager: Mounting plugin GeometryCache
LogPluginManager: Mounting plugin HTML5Networking
LogPluginManager: Mounting plugin ProxyLODPlugin
LogPluginManager: Mounting plugin MagicLeap
LogPluginManager: Mounting plugin MagicLeapEmulator
LogPluginManager: Mounting plugin MagicLeapMedia
LogPluginManager: Mounting plugin AndroidMedia
LogPluginManager: Mounting plugin AvfMedia
LogPluginManager: Mounting plugin ImgMedia
LogPluginManager: Mounting plugin LinearTimecode
LogPluginManager: Mounting plugin MediaCompositing
LogPluginManager: Mounting plugin MediaPlayerEditor
LogPluginManager: Mounting plugin WmfMedia
LogPluginManager: Mounting plugin TcpMessaging
LogPluginManager: Mounting plugin UdpMessaging
LogPluginManager: Mounting plugin ActorSequence
LogPluginManager: Mounting plugin LevelSequenceEditor
LogPluginManager: Mounting plugin MatineeToLevelSequence
LogPluginManager: Mounting plugin NetcodeUnitTest
LogPluginManager: Mounting plugin NUTUnrealEngine4
LogPluginManager: Mounting plugin OnlineSubsystemGooglePlay
LogPluginManager: Mounting plugin OnlineSubsystemIOS
LogPluginManager: Mounting plugin OnlineSubsystem
LogPluginManager: Mounting plugin OnlineSubsystemNull
LogPluginManager: Mounting plugin OnlineSubsystemUtils
LogPluginManager: Mounting plugin LauncherChunkInstaller
LogPluginManager: Mounting plugin AndroidDeviceProfileSelector
LogPluginManager: Mounting plugin AndroidMoviePlayer
LogPluginManager: Mounting plugin AndroidPermission
LogPluginManager: Mounting plugin AppleMoviePlayer
LogPluginManager: Mounting plugin ArchVisCharacter
LogPluginManager: Mounting plugin AudioCapture
LogPluginManager: Mounting plugin CableComponent
LogPluginManager: Mounting plugin CustomMeshComponent
LogPluginManager: Mounting plugin EditableMesh
LogPluginManager: Mounting plugin ExampleDeviceProfileSelector
LogPluginManager: Mounting plugin GoogleCloudMessaging
LogPluginManager: Mounting plugin ImmediatePhysics
LogPluginManager: Mounting plugin IOSDeviceProfileSelector
LogPluginManager: Mounting plugin LinuxDeviceProfileSelector
LogPluginManager: Mounting plugin LocationServicesBPLibrary
LogPluginManager: Mounting plugin MobilePatchingUtils
LogPluginManager: Mounting plugin OculusVR
LogPluginManager: Plugin shader directory ../../../Engine/Plugins/Runtime/Oculus/OculusVR/Shaders found
LogPluginManager: Mapping shader source directory ../../../Engine/Plugins/Runtime/Oculus/OculusVR/Shaders to virtual directory /Plugin/OculusVR
LogPluginManager: Mounting plugin PhysXVehicles
LogPluginManager: Mounting plugin ProceduralMeshComponent
LogPluginManager: Mounting plugin RuntimePhysXCooking
LogPluginManager: Mounting plugin SteamVR
LogPluginManager: Mounting plugin WindowsMoviePlayer
LogStreaming: Display: Took  0.174s to configure plugins.
LogInit: Using libcurl 7.55.1-DEV
LogInit:  - built for x86_64-pc-win32
LogInit:  - supports SSL with OpenSSL/1.0.2h
LogInit:  - supports HTTP deflate (compression) using libz 1.2.8
LogInit:  - other features:
LogInit:      CURL_VERSION_SSL
LogInit:      CURL_VERSION_LIBZ
LogInit:      CURL_VERSION_IPV6
LogInit:      CURL_VERSION_ASYNCHDNS
LogInit:      CURL_VERSION_LARGEFILE
LogInit:      CURL_VERSION_IDN
LogInit:  CurlRequestOptions (configurable via config and command line):
LogInit:  - bVerifyPeer = false  - Libcurl will NOT verify peer certificate
LogInit:  - bUseHttpProxy = false  - Libcurl will NOT use HTTP proxy
LogInit:  - bDontReuseConnections = false  - Libcurl will reuse connections
LogInit:  - CertBundlePath = nullptr  - Libcurl will use whatever was configured at build time.
LogInit:  - MaxHostConnections = 16  - Libcurl will limit the number of connections to a host
LogInit:  - LocalHostAddr = Default
LogInit:  - BufferSize = 65536
LogInit: WinSock: version 1.1 (2.2), MaxSocks=32767, MaxUdp=65467
LogInit: Build: ++UE4+Release-4.20-CL-4233996
LogInit: Engine Version: 4.20.1-4233996+++UE4+Release-4.20
LogInit: Compatible Engine Version: 4.20.0-4212847+++UE4+Release-4.20
LogInit: Net CL: 4212847
LogInit: OS: Windows 10 (), CPU:        Intel(R) Core(TM) i7-3770K CPU @ 3.50GHz, GPU: NVIDIA GeForce GTX 670
LogInit: Compiled (64-bit): Jul 26 2018 10:07:30
LogInit: Compiled with Visual C++: 19.13.26129.00
LogInit: Build Configuration: Development
LogInit: Branch Name: ++UE4+Release-4.20
LogInit: Command Line:  -skipcompile
LogInit: Base Directory: D:/Program Files/Epic Games/UE_4.20/Engine/Binaries/Win64/
LogInit: Installed Engine Build: 1
LogDevObjectVersion: Number of dev versions registered: 20
LogDevObjectVersion:   Dev-Blueprints (B0D832E4-1F89-4F0D-ACCF-7EB736FD4AA2): 10
LogDevObjectVersion:   Dev-Build (E1C64328-A22C-4D53-A36C-8E866417BD8C): 0
LogDevObjectVersion:   Dev-Core (375EC13C-06E4-48FB-B500-84F0262A717E): 2
LogDevObjectVersion:   Dev-Editor (E4B068ED-F494-42E9-A231-DA0B2E46BB41): 24
LogDevObjectVersion:   Dev-Framework (CFFC743F-43B0-4480-9391-14DF171D2073): 34
LogDevObjectVersion:   Dev-Mobile (B02B49B5-BB20-44E9-A304-32B752E40360): 2
LogDevObjectVersion:   Dev-Networking (A4E4105C-59A1-49B5-A7C5-40C4547EDFEE): 0
LogDevObjectVersion:   Dev-Online (39C831C9-5AE6-47DC-9A44-9C173E1C8E7C): 0
LogDevObjectVersion:   Dev-Physics (78F01B33-EBEA-4F98-B9B4-84EACCB95AA2): 0
LogDevObjectVersion:   Dev-Platform (6631380F-2D4D-43E0-8009-CF276956A95A): 0
LogDevObjectVersion:   Dev-Rendering (12F88B9F-8875-4AFC-A67C-D90C383ABD29): 26
LogDevObjectVersion:   Dev-Sequencer (7B5AE74C-D270-4C10-A958-57980B212A5A): 9
LogDevObjectVersion:   Dev-VR (D7296918-1DD6-4BDD-9DE2-64A83CC13884): 2
LogDevObjectVersion:   Dev-LoadTimes (C2A15278-BFE7-4AFE-6C17-90FF531DF755): 1
LogDevObjectVersion:   Private-Geometry (6EACA3D4-40EC-4CC1-B786-8BED09428FC5): 3
LogDevObjectVersion:   Dev-AnimPhys (29E575DD-E0A3-4627-9D10-D276232CDCEA): 17
LogDevObjectVersion:   Dev-ReflectionCapture (6B266CEC-1EC7-4B8F-A30B-E4D90942FC07): 1
LogDevObjectVersion:   Dev-Automation (0DF73D61-A23F-47EA-B727-89E90C41499A): 1
LogDevObjectVersion:   FortniteMain (601D1886-AC64-4F84-AA16-D3DE0DEAC7D6): 12
LogDevObjectVersion:   Dev-Enterprise (9DFFBCD6-494F-0158-E221-12823C92A888): 1
LogStreaming: Display: Took  0.005s to delete old logs.
LogInit: Presizing for max 8388607 objects, including 0 objects not considered by GC, pre-allocating 0 bytes for permanent pool.
LogInit: Object subsystem initialized
[2019.02.20-20.43.58:773][  0]LogInit: Selected Device Profile: [Windows]
[2019.02.20-20.43.58:773][  0]LogInit: Applying CVar settings loaded from the selected device profile: [Windows]
[2019.02.20-20.43.58:788][  0]LogHAL: Display: Platform has ~ 16 GB [17121808384 / 17179869184 / 16], which maps to Larger [LargestMinGB=32, LargerMinGB=12, DefaultMinGB=8, SmallerMinGB=6, SmallestMinGB=0)
[2019.02.20-20.43.58:788][  0]LogInit: Setting Device Profile CVar: [[r.Vulkan.UseRealUBs:1]]
[2019.02.20-20.43.58:788][  0]LogInit: Going up to parent DeviceProfile []
[2019.02.20-20.43.58:797][  0]LogInit: Computer: WJ316-28
[2019.02.20-20.43.58:797][  0]LogInit: User: alar0037
[2019.02.20-20.43.58:797][  0]LogInit: CPU Page size=4096, Cores=4
[2019.02.20-20.43.58:797][  0]LogInit: High frequency timer resolution =3.428047 MHz
[2019.02.20-20.43.58:797][  0]LogMemory: Memory total: Physical=15.9GB (16GB approx)
[2019.02.20-20.43.58:797][  0]LogMemory: Platform Memory Stats for Windows
[2019.02.20-20.43.58:797][  0]LogMemory: Process Physical Memory: 105.11 MB used, 105.11 MB peak
[2019.02.20-20.43.58:797][  0]LogMemory: Process Virtual Memory: 89.72 MB used, 89.72 MB peak
[2019.02.20-20.43.58:797][  0]LogMemory: Physical Memory: 6229.87 MB used,  10098.76 MB free, 16328.63 MB total
[2019.02.20-20.43.58:797][  0]LogMemory: Virtual Memory: 542.04 MB used,  10098.76 MB free, 134217728.00 MB total
[2019.02.20-20.43.58:921][  0]LogInit: Using OS detected language (en-US).
[2019.02.20-20.43.58:921][  0]LogInit: Using OS detected locale (en-US).
[2019.02.20-20.43.58:922][  0]LogTextLocalizationManager: No specific localization for 'en-US' exists, so the 'en' localization will be used.
[2019.02.20-20.43.59:293][  0]LogStreaming: Display: Took  0.372s to InitEngineTextLocalization.
[2019.02.20-20.43.59:293][  0]LogInit: Setting process to per monitor DPI aware
[2019.02.20-20.43.59:350][  0]LogSlate: New Slate User Created.  User Index 0, Is Virtual User: 0
[2019.02.20-20.43.59:350][  0]LogSlate: Slate User Registered.  User Index 0, Is Virtual User: 0
[2019.02.20-20.43.59:687][  0]LogHMD: Failed to initialize OpenVR with code 110
[2019.02.20-20.43.59:687][  0]LogD3D11RHI: D3D11 adapters:
[2019.02.20-20.43.59:760][  0]LogD3D11RHI:    0. 'NVIDIA GeForce GTX 670' (Feature Level 11_0)
[2019.02.20-20.43.59:760][  0]LogD3D11RHI:       4052/0/8164 MB DedicatedVideo/DedicatedSystem/SharedSystem, Outputs:1, VendorId:0x10de
[2019.02.20-20.43.59:769][  0]LogD3D11RHI:    1. 'Microsoft Basic Render Driver' (Feature Level 11_0)
[2019.02.20-20.43.59:769][  0]LogD3D11RHI:       0/0/8164 MB DedicatedVideo/DedicatedSystem/SharedSystem, Outputs:0, VendorId:0x1414
[2019.02.20-20.43.59:769][  0]LogD3D11RHI: Chosen D3D11 Adapter: 0
[2019.02.20-20.43.59:774][  0]LogD3D11RHI: Creating new Direct3DDevice
[2019.02.20-20.43.59:774][  0]LogD3D11RHI:     GPU DeviceId: 0x1189 (for the marketing name, search the web for "GPU Device Id")
[2019.02.20-20.43.59:775][  0]LogWindows: EnumDisplayDevices:
[2019.02.20-20.43.59:775][  0]LogWindows:    0. 'NVIDIA GeForce GTX 670' (P:1 D:1)
[2019.02.20-20.43.59:775][  0]LogWindows:    1. 'NVIDIA GeForce GTX 670' (P:0 D:0)
[2019.02.20-20.43.59:775][  0]LogWindows:    2. 'NVIDIA GeForce GTX 670' (P:0 D:0)
[2019.02.20-20.43.59:775][  0]LogWindows:    3. 'NVIDIA GeForce GTX 670' (P:0 D:0)
[2019.02.20-20.43.59:776][  0]LogWindows: DebugString: FoundDriverCount:4 
[2019.02.20-20.43.59:776][  0]LogD3D11RHI:     Adapter Name: NVIDIA GeForce GTX 670
[2019.02.20-20.43.59:776][  0]LogD3D11RHI:   Driver Version: 391.35 (internal:23.21.13.9135, unified:391.35)
[2019.02.20-20.43.59:776][  0]LogD3D11RHI:      Driver Date: 3-23-2018
[2019.02.20-20.43.59:776][  0]LogRHI: Texture pool is 2836 MB (70% of 4052 MB)
[2019.02.20-20.43.59:819][  0]LogD3D11RHI: Async texture creation enabled
[2019.02.20-20.43.59:840][  0]LogD3D11RHI: GPU Timing Frequency: 1000.000000 (Debug: 2 2)
[2019.02.20-20.43.59:841][  0]LogShaderCompilers: Guid format shader working directory is 10 characters bigger than the processId version (C:/Users/alar0037/Documents/GitHub/GOOB/Intermediate/Shaders/WorkingDirectory/1484/).
[2019.02.20-20.43.59:841][  0]LogShaderCompilers: Cleaned the shader compiler working directory 'C:/Users/alar0037/AppData/Local/Temp/UnrealShaderWorkingDir/11EC31B14D7473E0BE58BF99F4848C6B/'.
[2019.02.20-20.44.00:120][  0]LogTemp: Display: Loaded TP AllDesktopTargetPlatform
[2019.02.20-20.44.00:137][  0]LogTemp: Display: Loaded TP MacClientTargetPlatform
[2019.02.20-20.44.00:153][  0]LogTemp: Display: Loaded TP MacNoEditorTargetPlatform
[2019.02.20-20.44.00:169][  0]LogTemp: Display: Loaded TP MacServerTargetPlatform
[2019.02.20-20.44.00:187][  0]LogTemp: Display: Loaded TP MacTargetPlatform
[2019.02.20-20.44.00:204][  0]LogTemp: Display: Loaded TP WindowsClientTargetPlatform
[2019.02.20-20.44.00:227][  0]LogTemp: Display: Loaded TP WindowsNoEditorTargetPlatform
[2019.02.20-20.44.00:245][  0]LogTemp: Display: Loaded TP WindowsServerTargetPlatform
[2019.02.20-20.44.00:255][  0]LogTemp: Display: Loaded TP WindowsTargetPlatform
[2019.02.20-20.44.00:354][  0]LogTemp: Display: Loaded TP AndroidTargetPlatform
[2019.02.20-20.44.00:354][  0]LogTemp: Display: Loaded TP AndroidTargetPlatform
[2019.02.20-20.44.00:354][  0]LogTemp: Display: Loaded TP AndroidTargetPlatform
[2019.02.20-20.44.00:354][  0]LogTemp: Display: Loaded TP AndroidTargetPlatform
[2019.02.20-20.44.00:354][  0]LogTemp: Display: Loaded TP AndroidTargetPlatform
[2019.02.20-20.44.00:355][  0]LogTemp: Display: Loaded TP AndroidTargetPlatform
[2019.02.20-20.44.00:355][  0]LogTemp: Display: Loaded TP AndroidTargetPlatform
[2019.02.20-20.44.00:355][  0]LogTemp: Display: Loaded TP AndroidTargetPlatform
[2019.02.20-20.44.00:355][  0]LogTemp: Display: Loaded TP AndroidTargetPlatform
[2019.02.20-20.44.00:355][  0]LogTemp: Display: Loaded TP AndroidTargetPlatform
[2019.02.20-20.44.00:355][  0]LogTemp: Display: Loaded TP AndroidTargetPlatform
[2019.02.20-20.44.00:355][  0]LogTemp: Display: Loaded TP AndroidTargetPlatform
[2019.02.20-20.44.00:355][  0]LogTemp: Display: Loaded TP AndroidTargetPlatform
[2019.02.20-20.44.00:355][  0]LogTemp: Display: Loaded TP AndroidTargetPlatform
[2019.02.20-20.44.00:355][  0]LogTemp: Display: Loaded TP AndroidTargetPlatform
[2019.02.20-20.44.00:355][  0]LogTemp: Display: Loaded TP AndroidTargetPlatform
[2019.02.20-20.44.00:355][  0]LogTemp: Display: Loaded TP AndroidTargetPlatform
[2019.02.20-20.44.00:355][  0]LogTemp: Display: Loaded TP AndroidTargetPlatform
[2019.02.20-20.44.00:359][  0]LogTemp: Display: Loaded TP HTML5TargetPlatform
[2019.02.20-20.44.00:431][  0]LogTemp: Display: Loaded TP IOSTargetPlatform
[2019.02.20-20.44.00:431][  0]LogTemp: Display: Loaded TP IOSTargetPlatform
[2019.02.20-20.44.00:461][  0]LogTemp: Display: Loaded TP TVOSTargetPlatform
[2019.02.20-20.44.00:461][  0]LogTemp: Display: Loaded TP TVOSTargetPlatform
[2019.02.20-20.44.00:478][  0]LogTemp: Display: Loaded TP LinuxClientTargetPlatform
[2019.02.20-20.44.00:497][  0]LogTemp: Display: Loaded TP LinuxNoEditorTargetPlatform
[2019.02.20-20.44.00:513][  0]LogTemp: Display: Loaded TP LinuxServerTargetPlatform
[2019.02.20-20.44.00:532][  0]LogTemp: Display: Loaded TP LinuxTargetPlatform
[2019.02.20-20.44.00:548][  0]LogTemp: Display: Loaded TP LuminTargetPlatform
[2019.02.20-20.44.00:548][  0]LogTargetPlatformManager: Display: Building Assets For Windows
[2019.02.20-20.44.00:670][  0]LogXGEController: Cleaning working directory: C:/Users/alar0037/AppData/Local/Temp/UnrealXGEWorkingDir/
[2019.02.20-20.44.00:670][  0]LogXGEController: Cannot use XGE Controller as Incredibuild is not installed on this machine.
[2019.02.20-20.44.00:670][  0]LogShaderCompilers: Cannot use XGE Shader Compiler as Incredibuild is not installed on this machine.
[2019.02.20-20.44.00:670][  0]LogShaderCompilers: Display: Using Local Shader Compiler.
[2019.02.20-20.44.01:479][  0]LogDerivedDataCache: Display: Max Cache Size: 512 MB
[2019.02.20-20.44.01:531][  0]LogDerivedDataCache: Loaded boot cache 0.05s 73MB C:/Users/alar0037/AppData/Local/UnrealEngine/4.20/DerivedDataCache/Boot.ddc.
[2019.02.20-20.44.01:531][  0]LogDerivedDataCache: Display: Loaded Boot cache: C:/Users/alar0037/AppData/Local/UnrealEngine/4.20/DerivedDataCache/Boot.ddc
[2019.02.20-20.44.01:531][  0]LogDerivedDataCache: FDerivedDataBackendGraph:  Pak pak cache file C:/Users/alar0037/Documents/GitHub/GOOB/DerivedDataCache/DDC.ddp not found, will not use a pak cache.
[2019.02.20-20.44.01:531][  0]LogDerivedDataCache: Unable to find inner node Pak for hierarchical cache Hierarchy.
[2019.02.20-20.44.01:531][  0]LogDerivedDataCache: FDerivedDataBackendGraph:  CompressedPak pak cache file C:/Users/alar0037/Documents/GitHub/GOOB/DerivedDataCache/Compressed.ddp not found, will not use a pak cache.
[2019.02.20-20.44.01:532][  0]LogDerivedDataCache: Unable to find inner node CompressedPak for hierarchical cache Hierarchy.
[2019.02.20-20.44.01:545][  0]LogDerivedDataCache: Display: Pak cache opened for reading ../../../Engine/DerivedDataCache/Compressed.ddp.
[2019.02.20-20.44.01:559][  0]LogDerivedDataCache: Using Local data cache path C:/Users/alar0037/AppData/Local/UnrealEngine/Common/DerivedDataCache: Writable
[2019.02.20-20.44.01:559][  0]LogDerivedDataCache: Shared data cache path not found in *engine.ini, will not use an Shared cache.
[2019.02.20-20.44.01:559][  0]LogDerivedDataCache: Unable to find inner node Shared for hierarchical cache Hierarchy.
[2019.02.20-20.44.01:579][  0]LogMaterial: Verifying Global Shaders for PCD3D_SM5
[2019.02.20-20.44.01:581][  0]LogSlate: Using FreeType 2.6.0
[2019.02.20-20.44.01:582][  0]LogSlate: SlateFontServices - WITH_FREETYPE: 1, WITH_HARFBUZZ: 1
[2019.02.20-20.44.01:687][  0]LogAssetRegistry: FAssetRegistry took 0.0286 seconds to start up
[2019.02.20-20.44.02:077][  0]LogInit: Selected Device Profile: [Windows]
[2019.02.20-20.44.02:241][  0]LogSimplygon: Simplygon DLL not present - disabling.
[2019.02.20-20.44.02:249][  0]LogMeshReduction: Using SimplygonSwarm for distributed automatic mesh merging
[2019.02.20-20.44.02:249][  0]LogMeshReduction: Using ProxyLODMeshReduction for automatic mesh merging
[2019.02.20-20.44.02:249][  0]LogMeshReduction: Using QuadricMeshReduction for automatic static mesh reduction
[2019.02.20-20.44.02:249][  0]LogMeshReduction: No automatic skeletal mesh reduction module available
[2019.02.20-20.44.02:263][  0]LogNetVersion: Terminus_22XX 1.0.0, NetCL: 4212847, EngineNetVer: 5, GameNetVer: 0 (Checksum: 1011408813)
[2019.02.20-20.44.02:827][  0]LogPackageLocalizationCache: Processed 11 localized package path(s) for 2 prioritized culture(s) in 0.138397 seconds
[2019.02.20-20.44.02:833][  0]LogUObjectArray: 38425 objects as part of root set at end of initial load.
[2019.02.20-20.44.02:833][  0]LogUObjectAllocator: 6690872 out of 0 bytes used by permanent object pool.
[2019.02.20-20.44.02:833][  0]LogUObjectArray: CloseDisregardForGC: 0/0 objects in disregard for GC pool
[2019.02.20-20.44.04:112][  0]LogTcpMessaging: Initializing TcpMessaging bridge
[2019.02.20-20.44.04:129][  0]LogUdpMessaging: Initializing bridge on interface 0.0.0.0:0 to multicast group 230.0.0.1:6666.
[2019.02.20-20.44.04:328][  0]SourceControl: Source control is disabled
[2019.02.20-20.44.04:328][  0]SourceControl: Source control is disabled
[2019.02.20-20.44.04:332][  0]SourceControl: Source control is disabled
[2019.02.20-20.44.04:336][  0]SourceControl: Source control is disabled
[2019.02.20-20.44.04:615][  0]LogAndroidPermission: UAndroidPermissionCallbackProxy::GetInstance
[2019.02.20-20.44.04:703][  0]LogOcInput: OculusInput pre-init called
[2019.02.20-20.44.04:781][  0]LogEngine: Initializing Engine...
[2019.02.20-20.44.04:783][  0]LogHMD: Failed to initialize OpenVR with code 110
[2019.02.20-20.44.04:784][  0]LogStats: UGameplayTagsManager::ConstructGameplayTagTree: ImportINI prefixes -  0.000 s
[2019.02.20-20.44.04:784][  0]LogStats: UGameplayTagsManager::ConstructGameplayTagTree: Construct from data asset -  0.000 s
[2019.02.20-20.44.04:785][  0]LogStats: UGameplayTagsManager::ConstructGameplayTagTree: ImportINI -  0.000 s
[2019.02.20-20.44.04:785][  0]LogStats: UGameplayTagsManager::ConstructGameplayTagTree: GameplayTagTreeChangedEvent.Broadcast -  0.000 s
[2019.02.20-20.44.04:997][  0]LogInit: Initializing FReadOnlyCVARCache
[2019.02.20-20.44.05:016][  0]LogAIModule: Creating AISystem for world Untitled
[2019.02.20-20.44.05:027][  0]LogInit: XAudio2 using 'Realtek Digital Output(Optical) (Realtek High Definition Audio)' : 2 channels at 48 kHz using 16 bits per sample (channel mask 0x3)
[2019.02.20-20.44.05:065][  0]LogInit: FAudioDevice initialized.
[2019.02.20-20.44.05:066][  0]LogNetVersion: Set ProjectVersion to 1.0.0.0. Version Checksum will be recalculated on next use.
[2019.02.20-20.44.05:142][  0]LogDerivedDataCache: Saved boot cache 0.08s 73MB C:/Users/alar0037/AppData/Local/UnrealEngine/4.20/DerivedDataCache/Boot.ddc.
[2019.02.20-20.44.05:146][  0]LogInit: Texture streaming: Enabled
[2019.02.20-20.44.05:170][  0]LogEngineSessionManager: EngineSessionManager initialized
[2019.02.20-20.44.05:179][  0]LogInit: Transaction tracking system initialized
[2019.02.20-20.44.05:215][  0]BlueprintLog: New page: Editor Load
[2019.02.20-20.44.05:334][  0]LocalizationService: Localization service is disabled
[2019.02.20-20.44.05:622][  0]LogCook: Display: Max memory allowance for cook 16384mb min free memory 0mb
[2019.02.20-20.44.05:622][  0]LogCook: Display: Mobile HDR setting 1
[2019.02.20-20.44.05:623][  0]LogGameplayTags: Display: UGameplayTagsManager::DoneAddingNativeTags. DelegateIsBound: 0
[2019.02.20-20.44.05:623][  0]LogStats: UGameplayTagsManager::ConstructGameplayTagTree: ImportINI prefixes -  0.000 s
[2019.02.20-20.44.05:623][  0]LogStats: UGameplayTagsManager::ConstructGameplayTagTree: Construct from data asset -  0.000 s
[2019.02.20-20.44.05:623][  0]LogStats: UGameplayTagsManager::ConstructGameplayTagTree: ImportINI -  0.000 s
[2019.02.20-20.44.05:623][  0]LogStats: UGameplayTagsManager::ConstructGameplayTagTree: GameplayTagTreeChangedEvent.Broadcast -  0.000 s
[2019.02.20-20.44.05:824][  0]LogFileCache: Scanning file cache for directory 'C:/Users/alar0037/Documents/GitHub/GOOB/Content/' took 0.02s
[2019.02.20-20.44.05:824][  0]SourceControl: Source control is disabled
[2019.02.20-20.44.05:825][  0]Cmd: MAP LOAD FILE="C:/Users/alar0037/Documents/GitHub/GOOB/Content/Levels/Test_Level.umap" TEMPLATE=0 SHOWPROGRESS=1 FEATURELEVEL=3
[2019.02.20-20.44.05:825][  0]LightingResults: New page: Lighting Build
[2019.02.20-20.44.05:828][  0]MapCheck: New page: Map Check
[2019.02.20-20.44.05:828][  0]LightingResults: New page: Lighting Build
[2019.02.20-20.44.05:900][  0]LogAIModule: Creating AISystem for world Test_Level
[2019.02.20-20.44.05:913][  0]LogEditorServer: Finished looking for orphan Actors (0.000 secs)
[2019.02.20-20.44.05:933][  0]Cmd: MAP CHECKDEP NOCLEARLOG
[2019.02.20-20.44.06:001][  0]MapCheck: Map check complete: 0 Error(s), 0 Warning(s), took 68.335ms to complete.
[2019.02.20-20.44.06:001][  0]LogFileHelpers: Loading map 'Test_Level' took 0.177
[2019.02.20-20.44.06:112][  0]LogSlate: Updating window title bar state: overlay mode, drag disabled, window buttons hidden, title bar hidden
[2019.02.20-20.44.06:120][  0]LogSlate: Updating window title bar state: overlay mode, drag disabled, window buttons hidden, title bar hidden
[2019.02.20-20.44.06:129][  0]LogSlate: Updating window title bar state: overlay mode, drag disabled, window buttons hidden, title bar hidden
[2019.02.20-20.44.06:137][  0]LogSlate: Updating window title bar state: overlay mode, drag disabled, window buttons hidden, title bar hidden
[2019.02.20-20.44.06:145][  0]LogCollectionManager: Loaded 0 collections in 0.000858 seconds
[2019.02.20-20.44.06:191][  0]LogFileCache: Scanning file cache for directory 'C:/Users/alar0037/Documents/GitHub/GOOB/Saved/Collections/' took 0.01s
[2019.02.20-20.44.06:191][  0]LogFileCache: Scanning file cache for directory 'C:/Users/alar0037/Documents/GitHub/GOOB/Content/Developers/alar0037/Collections/' took 0.01s
[2019.02.20-20.44.06:191][  0]LogFileCache: Scanning file cache for directory 'C:/Users/alar0037/Documents/GitHub/GOOB/Content/Collections/' took 0.01s
[2019.02.20-20.44.06:191][  0]LogCollectionManager: Rebuilt the GUID cache for 0 collections in 0.000000 seconds
[2019.02.20-20.44.06:206][  0]LogContentBrowser: Native class hierarchy populated in 0.0142 seconds. Added 2581 classes and 605 folders.
[2019.02.20-20.44.06:214][  0]LogContentBrowser: Native class hierarchy updated for 'WidgetCarousel' in 0.0004 seconds. Added 0 classes and 0 folders.
[2019.02.20-20.44.06:274][  0]LogContentBrowser: Native class hierarchy updated for 'AddContentDialog' in 0.0004 seconds. Added 0 classes and 0 folders.
[2019.02.20-20.44.06:282][  0]LogContentBrowser: Native class hierarchy updated for 'SceneOutliner' in 0.0004 seconds. Added 1 classes and 2 folders.
[2019.02.20-20.44.06:299][  0]LogSlate: Took 0.000352 seconds to synchronously load lazily loaded font '../../../Engine/Content/Slate/Fonts/Roboto-Regular.ttf' (155K)
[2019.02.20-20.44.06:302][  0]LogSlate: Took 0.000424 seconds to synchronously load lazily loaded font '../../../Engine/Content/Slate/Fonts/Roboto-Bold.ttf' (160K)
[2019.02.20-20.44.06:308][  0]LogSlate: Took 0.000375 seconds to synchronously load lazily loaded font '../../../Engine/Content/Editor/Slate/Fonts/FontAwesome.ttf' (139K)
[2019.02.20-20.44.06:396][  0]LogRenderer: Reallocating scene render targets to support 1208x576 Format 10 NumSamples 1 (Frame:1).
[2019.02.20-20.44.06:553][  0]LogContentBrowser: Native class hierarchy updated for 'HierarchicalLODOutliner' in 0.0006 seconds. Added 0 classes and 0 folders.
[2019.02.20-20.44.06:553][  0]LogLoad: (Engine Initialization) Total time: 9.90 seconds
[2019.02.20-20.44.06:553][  0]LogLoad: (Engine Initialization) Total Blueprint compile time: 0.00 seconds
[2019.02.20-20.44.06:563][  0]LogWindowsTextInputMethodSystem: Display: IME system now deactivated.
[2019.02.20-20.44.06:584][  0]LogContentStreaming: Texture pool size now 3000 MB
[2019.02.20-20.44.06:629][  0]LogSlate: Took 0.000488 seconds to synchronously load lazily loaded font '../../../Engine/Content/Slate/Fonts/Roboto-Light.ttf' (167K)
[2019.02.20-20.44.06:649][  1]LogAssetRegistry: Asset discovery search completed in 4.9859 seconds
[2019.02.20-20.44.06:652][  1]LogCollectionManager: Rebuilt the object cache for 0 collections in 0.000001 seconds (found 0 objects)
[2019.02.20-20.44.06:652][  1]LogCollectionManager: Fixed up redirectors for 0 collections in 0.000160 seconds (updated 0 objects)
[2019.02.20-20.44.09:053][269]LogSlate: FSceneViewport::OnFocusLost() reason 0
[2019.02.20-20.44.09:136][279]LogTemp: Repeating last play command: Selected Viewport
[2019.02.20-20.44.09:152][279]LogPlayLevel: PlayLevel: No blueprints needed recompiling
[2019.02.20-20.44.09:166][279]PIE: New page: PIE session: Test_Level (Feb 20, 2019, 10:44:09 AM)
[2019.02.20-20.44.09:166][279]LogPlayLevel: Creating play world package: /Game/Levels/UEDPIE_0_Test_Level
[2019.02.20-20.44.09:185][279]LogPlayLevel: PIE: StaticDuplicateObject took: (0.019094s)
[2019.02.20-20.44.09:186][279]LogAIModule: Creating AISystem for world Test_Level
[2019.02.20-20.44.09:186][279]LogPlayLevel: PIE: World Init took: (0.000808s)
[2019.02.20-20.44.09:187][279]LogPlayLevel: PIE: Created PIE world by copying editor world from /Game/Levels/Test_Level.Test_Level to /Game/Levels/UEDPIE_0_Test_Level.Test_Level (0.020320s)
[2019.02.20-20.44.09:207][279]LogInit: XAudio2 using 'Realtek Digital Output(Optical) (Realtek High Definition Audio)' : 2 channels at 48 kHz using 16 bits per sample (channel mask 0x3)
[2019.02.20-20.44.09:218][279]LogInit: FAudioDevice initialized.
[2019.02.20-20.44.09:332][279]LogLoad: Game class is 'Test_Terminus_22XXGameModeBase_C'
[2019.02.20-20.44.09:335][279]LogWorld: Bringing World /Game/Levels/UEDPIE_0_Test_Level.Test_Level up for play (max tick rate 0) at 2019.02.20-15.44.09
[2019.02.20-20.44.09:335][279]LogWorld: Bringing up level for play took: 0.001470
[2019.02.20-20.44.09:353][279]LogContentBrowser: Native class hierarchy updated for 'MovieSceneCapture' in 0.0005 seconds. Added 10 classes and 0 folders.
[2019.02.20-20.44.09:355][279]PIE: Play in editor start time for /Game/Levels/UEDPIE_0_Test_Level 1.137
[2019.02.20-20.44.11:373][516]LogSlate: FSceneViewport::OnFocusLost() reason 2
[2019.02.20-20.44.16:636][133]LogSlate: FSceneViewport::OnFocusLost() reason 0
[2019.02.20-20.44.21:712][742]LogSlate: FSceneViewport::OnFocusLost() reason 2
[2019.02.20-20.44.25:022][111]LogSlate: FSceneViewport::OnFocusLost() reason 0
[2019.02.20-20.44.25:107][121]LogSlate: Updating window title bar state: overlay mode, drag disabled, window buttons hidden, title bar hidden
[2019.02.20-20.44.25:140][121]LogPlayLevel: Display: Shutting down PIE online subsystems
[2019.02.20-20.44.25:180][121]LogSlate: Updating window title bar state: overlay mode, drag disabled, window buttons hidden, title bar hidden
[2019.02.20-20.44.25:210][124]LogPlayLevel: Display: Destroying online subsystem :Context_1
[2019.02.20-20.44.27:522][350]LogSlate: Took 0.000278 seconds to synchronously load lazily loaded font '../../../Engine/Content/Slate/Fonts/Roboto-Light.ttf' (167K)
[2019.02.20-20.44.27:529][350]LogAssetEditorManager: Opening Asset editor for Blueprint /Game/Blueprints/ProgrammingBlueprints/TestPlayerCharacter.TestPlayerCharacter
[2019.02.20-20.44.28:075][350]LogContentBrowser: Native class hierarchy updated for 'BlueprintGraph' in 0.0009 seconds. Added 116 classes and 0 folders.
[2019.02.20-20.44.30:352][431]LogSlate: Window 'TestPlayerCharacter' being destroyed
[2019.02.20-20.44.30:411][431]LogAssetEditorManager: Opening Asset editor for Blueprint /Game/Blueprints/ProgrammingBlueprints/TestPlayerCharacter.TestPlayerCharacter
[2019.02.20-20.44.30:751][431]LogSlate: Took 0.000468 seconds to synchronously load lazily loaded font '../../../Engine/Content/Slate/Fonts/Roboto-BoldCondensed.ttf' (158K)
[2019.02.20-20.44.33:391][629]LogRenderer: Reallocating scene render targets to support 1208x900 Format 10 NumSamples 1 (Frame:1).
[2019.02.20-20.44.48:673][988]LogSlate: FSceneViewport::OnFocusLost() reason 0
[2019.02.20-20.44.48:724][993]BlueprintLog: New page: Compile TestPlayerCharacter
[2019.02.20-20.44.48:985][993]LogSavePackage: Moving 'C:/Users/alar0037/Documents/GitHub/GOOB/Saved/TestPlayerCharacterE4F90816468D722C91F14097A008571B.tmp' to 'C:/Users/alar0037/Documents/GitHub/GOOB/Content/Blueprints/ProgrammingBlueprints/TestPlayerCharacter.uasset'
[2019.02.20-20.44.50:529][173]LogTemp: Repeating last play command: Selected Viewport
[2019.02.20-20.44.50:547][173]LogPlayLevel: PlayLevel: No blueprints needed recompiling
[2019.02.20-20.44.50:548][173]PIE: New page: PIE session: Test_Level (Feb 20, 2019, 10:44:50 AM)
[2019.02.20-20.44.50:548][173]LogPlayLevel: Creating play world package: /Game/Levels/UEDPIE_0_Test_Level
[2019.02.20-20.44.50:565][173]LogPlayLevel: PIE: StaticDuplicateObject took: (0.017047s)
[2019.02.20-20.44.50:566][173]LogAIModule: Creating AISystem for world Test_Level
[2019.02.20-20.44.50:566][173]LogPlayLevel: PIE: World Init took: (0.000793s)
[2019.02.20-20.44.50:566][173]LogPlayLevel: PIE: Created PIE world by copying editor world from /Game/Levels/Test_Level.Test_Level to /Game/Levels/UEDPIE_0_Test_Level.Test_Level (0.018192s)
[2019.02.20-20.44.50:595][173]LogInit: XAudio2 using 'Realtek Digital Output(Optical) (Realtek High Definition Audio)' : 2 channels at 48 kHz using 16 bits per sample (channel mask 0x3)
[2019.02.20-20.44.50:606][173]LogInit: FAudioDevice initialized.
[2019.02.20-20.44.50:643][173]LogLoad: Game class is 'Test_Terminus_22XXGameModeBase_C'
[2019.02.20-20.44.50:645][173]LogWorld: Bringing World /Game/Levels/UEDPIE_0_Test_Level.Test_Level up for play (max tick rate 0) at 2019.02.20-15.44.50
[2019.02.20-20.44.50:646][173]LogWorld: Bringing up level for play took: 0.001427
[2019.02.20-20.44.50:661][173]PIE: Play in editor start time for /Game/Levels/UEDPIE_0_Test_Level 0.442
[2019.02.20-20.45.00:549][350]LogSlate: Updating window title bar state: overlay mode, drag disabled, window buttons hidden, title bar hidden
[2019.02.20-20.45.00:586][350]LogPlayLevel: Display: Shutting down PIE online subsystems
[2019.02.20-20.45.00:612][350]LogSlate: Updating window title bar state: overlay mode, drag disabled, window buttons hidden, title bar hidden
[2019.02.20-20.45.00:653][353]LogPlayLevel: Display: Destroying online subsystem :Context_11
[2019.02.20-20.45.01:397][417]LogSlate: FSceneViewport::OnFocusLost() reason 0
[2019.02.20-20.45.04:997][788]LogSlate: Took 0.000498 seconds to synchronously load lazily loaded font '../../../Engine/Content/Slate/Fonts/Roboto-Italic.ttf' (157K)
[2019.02.20-20.45.05:405][833]LogSlate: FSceneViewport::OnFocusLost() reason 0
[2019.02.20-20.45.10:531][317]LogSlate: FSceneViewport::OnFocusLost() reason 0
[2019.02.20-20.45.10:605][324]BlueprintLog: New page: Compile TestPlayerCharacter
[2019.02.20-20.45.10:833][324]LogSavePackage: Moving 'C:/Users/alar0037/Documents/GitHub/GOOB/Saved/TestPlayerCharacter74CE1E424F0B1004455FB98ABB9F13E4.tmp' to 'C:/Users/alar0037/Documents/GitHub/GOOB/Content/Blueprints/ProgrammingBlueprints/TestPlayerCharacter.uasset'
[2019.02.20-20.45.12:713][544]LogTemp: Repeating last play command: Selected Viewport
[2019.02.20-20.45.12:738][544]LogPlayLevel: PlayLevel: No blueprints needed recompiling
[2019.02.20-20.45.12:738][544]PIE: New page: PIE session: Test_Level (Feb 20, 2019, 10:45:12 AM)
[2019.02.20-20.45.12:739][544]LogPlayLevel: Creating play world package: /Game/Levels/UEDPIE_0_Test_Level
[2019.02.20-20.45.12:756][544]LogPlayLevel: PIE: StaticDuplicateObject took: (0.017650s)
[2019.02.20-20.45.12:757][544]LogAIModule: Creating AISystem for world Test_Level
[2019.02.20-20.45.12:757][544]LogPlayLevel: PIE: World Init took: (0.000812s)
[2019.02.20-20.45.12:757][544]LogPlayLevel: PIE: Created PIE world by copying editor world from /Game/Levels/Test_Level.Test_Level to /Game/Levels/UEDPIE_0_Test_Level.Test_Level (0.018844s)
[2019.02.20-20.45.12:781][544]LogInit: XAudio2 using 'Realtek Digital Output(Optical) (Realtek High Definition Audio)' : 2 channels at 48 kHz using 16 bits per sample (channel mask 0x3)
[2019.02.20-20.45.12:792][544]LogInit: FAudioDevice initialized.
[2019.02.20-20.45.12:826][544]LogLoad: Game class is 'Test_Terminus_22XXGameModeBase_C'
[2019.02.20-20.45.12:828][544]LogWorld: Bringing World /Game/Levels/UEDPIE_0_Test_Level.Test_Level up for play (max tick rate 0) at 2019.02.20-15.45.12
[2019.02.20-20.45.12:829][544]LogWorld: Bringing up level for play took: 0.001751
[2019.02.20-20.45.12:843][544]PIE: Play in editor start time for /Game/Levels/UEDPIE_0_Test_Level 0.626
[2019.02.20-20.45.19:521][342]LogSlate: Updating window title bar state: overlay mode, drag disabled, window buttons hidden, title bar hidden
[2019.02.20-20.45.19:556][342]LogPlayLevel: Display: Shutting down PIE online subsystems
[2019.02.20-20.45.19:584][342]LogSlate: Updating window title bar state: overlay mode, drag disabled, window buttons hidden, title bar hidden
[2019.02.20-20.45.19:622][345]LogPlayLevel: Display: Destroying online subsystem :Context_12
[2019.02.20-20.45.20:481][432]LogSlate: FSceneViewport::OnFocusLost() reason 0
[2019.02.20-20.45.20:632][443]LogAssetEditorManager: Opening Asset editor for Blueprint /Game/Blueprints/ProgrammingBlueprints/TestT22XX_Railgun.TestT22XX_Railgun
[2019.02.20-20.45.22:877][634]LogAssetEditorManager: Opening Asset editor for Blueprint /Game/Blueprints/ProgrammingBlueprints/TestT22XX_Railgun.TestT22XX_Railgun
[2019.02.20-20.45.24:834][790]LogSlate: Window 'TestT22XX_Railgun' being destroyed
[2019.02.20-20.45.24:837][790]LogSlate: Window 'TestT22XX_Railgun' being destroyed
[2019.02.20-20.45.24:894][790]LogActorComponent: UnregisterComponent: (/Engine/Transient.EditorFloorComp) Not registered. Aborting.
[2019.02.20-20.45.26:857][995]LogSlate: FSceneViewport::OnFocusLost() reason 0
[2019.02.20-20.45.26:931][  4]LogTemp: Repeating last play command: Selected Viewport
[2019.02.20-20.45.26:949][  4]LogPlayLevel: PlayLevel: No blueprints needed recompiling
[2019.02.20-20.45.26:949][  4]PIE: New page: PIE session: Test_Level (Feb 20, 2019, 10:45:26 AM)
[2019.02.20-20.45.26:949][  4]LogPlayLevel: Creating play world package: /Game/Levels/UEDPIE_0_Test_Level
[2019.02.20-20.45.26:966][  4]LogPlayLevel: PIE: StaticDuplicateObject took: (0.016855s)
[2019.02.20-20.45.26:967][  4]LogAIModule: Creating AISystem for world Test_Level
[2019.02.20-20.45.26:967][  4]LogPlayLevel: PIE: World Init took: (0.001038s)
[2019.02.20-20.45.26:967][  4]LogPlayLevel: PIE: Created PIE world by copying editor world from /Game/Levels/Test_Level.Test_Level to /Game/Levels/UEDPIE_0_Test_Level.Test_Level (0.018268s)
[2019.02.20-20.45.26:996][  4]LogInit: XAudio2 using 'Realtek Digital Output(Optical) (Realtek High Definition Audio)' : 2 channels at 48 kHz using 16 bits per sample (channel mask 0x3)
[2019.02.20-20.45.27:007][  4]LogInit: FAudioDevice initialized.
[2019.02.20-20.45.27:043][  4]LogLoad: Game class is 'Test_Terminus_22XXGameModeBase_C'
[2019.02.20-20.45.27:045][  4]LogWorld: Bringing World /Game/Levels/UEDPIE_0_Test_Level.Test_Level up for play (max tick rate 0) at 2019.02.20-15.45.27
[2019.02.20-20.45.27:045][  4]LogWorld: Bringing up level for play took: 0.001397
[2019.02.20-20.45.27:060][  4]PIE: Play in editor start time for /Game/Levels/UEDPIE_0_Test_Level 0.843
[2019.02.20-20.45.35:107][966]LogSlate: FSceneViewport::OnFocusLost() reason 2
[2019.02.20-20.45.36:433][125]LogAssetEditorManager: Opening Asset editor for Blueprint /Game/Blueprints/ProgrammingBlueprints/TestPlayerCharacter.TestPlayerCharacter
[2019.02.20-20.45.43:247][666]Cmd: TRANSACTION UNDO
[2019.02.20-20.45.43:247][666]LogEditorTransaction: Undo Modify Component(s)
[2019.02.20-20.45.50:329][337]LogSlate: FSceneViewport::OnFocusLost() reason 0
[2019.02.20-20.45.53:130][628]LogSlate: FSceneViewport::OnFocusLost() reason 0
[2019.02.20-20.45.53:226][639]LogSlate: Updating window title bar state: overlay mode, drag disabled, window buttons hidden, title bar hidden
[2019.02.20-20.45.53:266][639]LogPlayLevel: Display: Shutting down PIE online subsystems
[2019.02.20-20.45.53:291][639]LogSlate: Updating window title bar state: overlay mode, drag disabled, window buttons hidden, title bar hidden
[2019.02.20-20.45.53:337][641]LogPlayLevel: Display: Destroying online subsystem :Context_15
[2019.02.20-20.45.54:428][761]LogTemp: Repeating last play command: Selected Viewport
[2019.02.20-20.45.54:446][761]LogPlayLevel: PlayLevel: No blueprints needed recompiling
[2019.02.20-20.45.54:446][761]PIE: New page: PIE session: Test_Level (Feb 20, 2019, 10:45:54 AM)
[2019.02.20-20.45.54:446][761]LogPlayLevel: Creating play world package: /Game/Levels/UEDPIE_0_Test_Level
[2019.02.20-20.45.54:463][761]LogPlayLevel: PIE: StaticDuplicateObject took: (0.016999s)
[2019.02.20-20.45.54:464][761]LogAIModule: Creating AISystem for world Test_Level
[2019.02.20-20.45.54:464][761]LogPlayLevel: PIE: World Init took: (0.000846s)
[2019.02.20-20.45.54:465][761]LogPlayLevel: PIE: Created PIE world by copying editor world from /Game/Levels/Test_Level.Test_Level to /Game/Levels/UEDPIE_0_Test_Level.Test_Level (0.018213s)
[2019.02.20-20.45.54:489][761]LogInit: XAudio2 using 'Realtek Digital Output(Optical) (Realtek High Definition Audio)' : 2 channels at 48 kHz using 16 bits per sample (channel mask 0x3)
[2019.02.20-20.45.54:502][761]LogInit: FAudioDevice initialized.
[2019.02.20-20.45.54:539][761]LogLoad: Game class is 'Test_Terminus_22XXGameModeBase_C'
[2019.02.20-20.45.54:541][761]LogWorld: Bringing World /Game/Levels/UEDPIE_0_Test_Level.Test_Level up for play (max tick rate 0) at 2019.02.20-15.45.54
[2019.02.20-20.45.54:541][761]LogWorld: Bringing up level for play took: 0.001551
[2019.02.20-20.45.54:557][761]PIE: Play in editor start time for /Game/Levels/UEDPIE_0_Test_Level 0.34
[2019.02.20-20.46.07:431][292]LogSlate: Updating window title bar state: overlay mode, drag disabled, window buttons hidden, title bar hidden
[2019.02.20-20.46.07:470][292]LogPlayLevel: Display: Shutting down PIE online subsystems
[2019.02.20-20.46.07:493][292]LogSlate: Updating window title bar state: overlay mode, drag disabled, window buttons hidden, title bar hidden
[2019.02.20-20.46.07:544][294]LogPlayLevel: Display: Destroying online subsystem :Context_17
[2019.02.20-20.46.10:769][637]LogSlate: FSceneViewport::OnFocusLost() reason 0
[2019.02.20-20.46.10:861][648]BlueprintLog: New page: Compile TestPlayerCharacter
[2019.02.20-20.46.14:715][ 34]LogSlate: FSceneViewport::OnFocusLost() reason 0
[2019.02.20-20.46.14:801][ 43]BlueprintLog: New page: Compile TestPlayerCharacter
[2019.02.20-20.46.15:034][ 43]LogSavePackage: Moving 'C:/Users/alar0037/Documents/GitHub/GOOB/Saved/TestPlayerCharacterC8014DA04D82E66DA87C339B34FC0C7D.tmp' to 'C:/Users/alar0037/Documents/GitHub/GOOB/Content/Blueprints/ProgrammingBlueprints/TestPlayerCharacter.uasset'
[2019.02.20-20.46.15:948][147]LogSlate: FSceneViewport::OnFocusLost() reason 0
[2019.02.20-20.46.16:683][235]LogSlate: FSceneViewport::OnFocusLost() reason 0
[2019.02.20-20.46.16:758][244]LogTemp: Repeating last play command: Selected Viewport
[2019.02.20-20.46.16:780][244]LogPlayLevel: PlayLevel: No blueprints needed recompiling
[2019.02.20-20.46.16:780][244]PIE: New page: PIE session: Test_Level (Feb 20, 2019, 10:46:16 AM)
[2019.02.20-20.46.16:781][244]LogPlayLevel: Creating play world package: /Game/Levels/UEDPIE_0_Test_Level
[2019.02.20-20.46.16:798][244]LogPlayLevel: PIE: StaticDuplicateObject took: (0.016897s)
[2019.02.20-20.46.16:798][244]LogAIModule: Creating AISystem for world Test_Level
[2019.02.20-20.46.16:799][244]LogPlayLevel: PIE: World Init took: (0.000850s)
[2019.02.20-20.46.16:799][244]LogPlayLevel: PIE: Created PIE world by copying editor world from /Game/Levels/Test_Level.Test_Level to /Game/Levels/UEDPIE_0_Test_Level.Test_Level (0.018122s)
[2019.02.20-20.46.16:824][244]LogInit: XAudio2 using 'Realtek Digital Output(Optical) (Realtek High Definition Audio)' : 2 channels at 48 kHz using 16 bits per sample (channel mask 0x3)
[2019.02.20-20.46.16:834][244]LogInit: FAudioDevice initialized.
[2019.02.20-20.46.16:871][244]LogLoad: Game class is 'Test_Terminus_22XXGameModeBase_C'
[2019.02.20-20.46.16:874][244]LogWorld: Bringing World /Game/Levels/UEDPIE_0_Test_Level.Test_Level up for play (max tick rate 0) at 2019.02.20-15.46.16
[2019.02.20-20.46.16:874][244]LogWorld: Bringing up level for play took: 0.001455
[2019.02.20-20.46.16:888][244]PIE: Play in editor start time for /Game/Levels/UEDPIE_0_Test_Level 0.672
[2019.02.20-20.46.29:908][803]LogSlate: Updating window title bar state: overlay mode, drag disabled, window buttons hidden, title bar hidden
[2019.02.20-20.46.29:946][803]LogPlayLevel: Display: Shutting down PIE online subsystems
[2019.02.20-20.46.29:974][803]LogSlate: Updating window title bar state: overlay mode, drag disabled, window buttons hidden, title bar hidden
[2019.02.20-20.46.30:018][805]LogPlayLevel: Display: Destroying online subsystem :Context_18
