Log file open, 02/20/19 15:20:35
LogWindows: Failed to load 'aqProf.dll' (GetLastError=126)
LogWindows: File 'aqProf.dll' does not exist
LogWindows: Failed to load 'VSPerf140.dll' (GetLastError=126)
LogWindows: File 'VSPerf140.dll' does not exist
LogWindows: Failed to load 'VtuneApi.dll' (GetLastError=126)
LogWindows: File 'VtuneApi.dll' does not exist
LogWindows: Failed to load 'VtuneApi32e.dll' (GetLastError=126)
LogWindows: File 'VtuneApi32e.dll' does not exist
LogInit: Display: Running engine for game: Terminus_22XX
LogPlatformFile: Not using cached read wrapper
LogTaskGraph: Started task graph with 5 named threads and 23 total threads with 3 sets of task threads.
LogStats: Stats thread started at 0.413193
LogD3D11RHI: Loaded GFSDK_Aftermath_Lib.x64.dll
LogICUInternationalization: Display: ICU TimeZone Detection - Raw Offset: -5:00, Platform Override: ''
LogPluginManager: Mounting plugin Paper2D
LogPluginManager: Mounting plugin AISupport
LogPluginManager: Mounting plugin LightPropagationVolume
LogPluginManager: Mounting plugin CLionSourceCodeAccess
LogPluginManager: Mounting plugin CodeLiteSourceCodeAccess
LogPluginManager: Mounting plugin GitSourceControl
LogPluginManager: Mounting plugin KDevelopSourceCodeAccess
LogPluginManager: Mounting plugin NullSourceCodeAccess
LogPluginManager: Mounting plugin PerforceSourceControl
LogPluginManager: Mounting plugin SubversionSourceControl
LogPluginManager: Mounting plugin UObjectPlugin
LogPluginManager: Mounting plugin VisualStudioCodeSourceCodeAccess
LogPluginManager: Mounting plugin VisualStudioSourceCodeAccess
LogPluginManager: Mounting plugin XCodeSourceCodeAccess
LogPluginManager: Mounting plugin AssetManagerEditor
LogPluginManager: Mounting plugin CryptoKeys
LogPluginManager: Mounting plugin DataValidation
LogPluginManager: Mounting plugin FacialAnimation
LogPluginManager: Mounting plugin GameplayTagsEditor
LogPluginManager: Mounting plugin MacGraphicsSwitching
LogPluginManager: Mounting plugin MeshEditor
LogPluginManager: Mounting plugin MobileLauncherProfileWizard
LogPluginManager: Mounting plugin PluginBrowser
LogPluginManager: Mounting plugin SpeedTreeImporter
LogPluginManager: Mounting plugin DatasmithContent
LogPluginManager: Mounting plugin AlembicImporter
LogPluginManager: Mounting plugin AppleImageUtils
LogPluginManager: Mounting plugin AppleVision
LogPluginManager: Mounting plugin BackChannel
LogPluginManager: Mounting plugin CharacterAI
LogPluginManager: Mounting plugin GeometryCache
LogPluginManager: Mounting plugin HTML5Networking
LogPluginManager: Mounting plugin ProxyLODPlugin
LogPluginManager: Mounting plugin MagicLeap
LogPluginManager: Mounting plugin MagicLeapEmulator
LogPluginManager: Mounting plugin MagicLeapMedia
LogPluginManager: Mounting plugin AndroidMedia
LogPluginManager: Mounting plugin AvfMedia
LogPluginManager: Mounting plugin ImgMedia
LogPluginManager: Mounting plugin LinearTimecode
LogPluginManager: Mounting plugin MediaCompositing
LogPluginManager: Mounting plugin MediaPlayerEditor
LogPluginManager: Mounting plugin WmfMedia
LogPluginManager: Mounting plugin TcpMessaging
LogPluginManager: Mounting plugin UdpMessaging
LogPluginManager: Mounting plugin ActorSequence
LogPluginManager: Mounting plugin LevelSequenceEditor
LogPluginManager: Mounting plugin MatineeToLevelSequence
LogPluginManager: Mounting plugin NetcodeUnitTest
LogPluginManager: Mounting plugin NUTUnrealEngine4
LogPluginManager: Mounting plugin OnlineSubsystemGooglePlay
LogPluginManager: Mounting plugin OnlineSubsystemIOS
LogPluginManager: Mounting plugin OnlineSubsystem
LogPluginManager: Mounting plugin OnlineSubsystemNull
LogPluginManager: Mounting plugin OnlineSubsystemUtils
LogPluginManager: Mounting plugin LauncherChunkInstaller
LogPluginManager: Mounting plugin AndroidDeviceProfileSelector
LogPluginManager: Mounting plugin AndroidMoviePlayer
LogPluginManager: Mounting plugin AndroidPermission
LogPluginManager: Mounting plugin AppleMoviePlayer
LogPluginManager: Mounting plugin ArchVisCharacter
LogPluginManager: Mounting plugin AudioCapture
LogPluginManager: Mounting plugin CableComponent
LogPluginManager: Mounting plugin CustomMeshComponent
LogPluginManager: Mounting plugin EditableMesh
LogPluginManager: Mounting plugin ExampleDeviceProfileSelector
LogPluginManager: Mounting plugin GoogleCloudMessaging
LogPluginManager: Mounting plugin ImmediatePhysics
LogPluginManager: Mounting plugin IOSDeviceProfileSelector
LogPluginManager: Mounting plugin LinuxDeviceProfileSelector
LogPluginManager: Mounting plugin LocationServicesBPLibrary
LogPluginManager: Mounting plugin MobilePatchingUtils
LogPluginManager: Mounting plugin OculusVR
LogPluginManager: Plugin shader directory ../../../Engine/Plugins/Runtime/Oculus/OculusVR/Shaders found
LogPluginManager: Mapping shader source directory ../../../Engine/Plugins/Runtime/Oculus/OculusVR/Shaders to virtual directory /Plugin/OculusVR
LogPluginManager: Mounting plugin PhysXVehicles
LogPluginManager: Mounting plugin ProceduralMeshComponent
LogPluginManager: Mounting plugin RuntimePhysXCooking
LogPluginManager: Mounting plugin SteamVR
LogPluginManager: Mounting plugin WindowsMoviePlayer
LogStreaming: Display: Took  0.159s to configure plugins.
LogInit: Using libcurl 7.55.1-DEV
LogInit:  - built for x86_64-pc-win32
LogInit:  - supports SSL with OpenSSL/1.0.2h
LogInit:  - supports HTTP deflate (compression) using libz 1.2.8
LogInit:  - other features:
LogInit:      CURL_VERSION_SSL
LogInit:      CURL_VERSION_LIBZ
LogInit:      CURL_VERSION_IPV6
LogInit:      CURL_VERSION_ASYNCHDNS
LogInit:      CURL_VERSION_LARGEFILE
LogInit:      CURL_VERSION_IDN
LogInit:  CurlRequestOptions (configurable via config and command line):
LogInit:  - bVerifyPeer = false  - Libcurl will NOT verify peer certificate
LogInit:  - bUseHttpProxy = false  - Libcurl will NOT use HTTP proxy
LogInit:  - bDontReuseConnections = false  - Libcurl will reuse connections
LogInit:  - CertBundlePath = nullptr  - Libcurl will use whatever was configured at build time.
LogInit:  - MaxHostConnections = 16  - Libcurl will limit the number of connections to a host
LogInit:  - LocalHostAddr = Default
LogInit:  - BufferSize = 65536
LogInit: WinSock: version 1.1 (2.2), MaxSocks=32767, MaxUdp=65467
LogInit: Build: ++UE4+Release-4.20-CL-4233996
LogInit: Engine Version: 4.20.1-4233996+++UE4+Release-4.20
LogInit: Compatible Engine Version: 4.20.0-4212847+++UE4+Release-4.20
LogInit: Net CL: 4212847
LogInit: OS: Windows 10 (), CPU:        Intel(R) Core(TM) i7-3770K CPU @ 3.50GHz, GPU: NVIDIA GeForce GTX 670
LogInit: Compiled (64-bit): Jul 26 2018 10:07:30
LogInit: Compiled with Visual C++: 19.13.26129.00
LogInit: Build Configuration: Development
LogInit: Branch Name: ++UE4+Release-4.20
LogInit: Command Line:  -skipcompile
LogInit: Base Directory: D:/Program Files/Epic Games/UE_4.20/Engine/Binaries/Win64/
LogInit: Installed Engine Build: 1
LogDevObjectVersion: Number of dev versions registered: 20
LogDevObjectVersion:   Dev-Blueprints (B0D832E4-1F89-4F0D-ACCF-7EB736FD4AA2): 10
LogDevObjectVersion:   Dev-Build (E1C64328-A22C-4D53-A36C-8E866417BD8C): 0
LogDevObjectVersion:   Dev-Core (375EC13C-06E4-48FB-B500-84F0262A717E): 2
LogDevObjectVersion:   Dev-Editor (E4B068ED-F494-42E9-A231-DA0B2E46BB41): 24
LogDevObjectVersion:   Dev-Framework (CFFC743F-43B0-4480-9391-14DF171D2073): 34
LogDevObjectVersion:   Dev-Mobile (B02B49B5-BB20-44E9-A304-32B752E40360): 2
LogDevObjectVersion:   Dev-Networking (A4E4105C-59A1-49B5-A7C5-40C4547EDFEE): 0
LogDevObjectVersion:   Dev-Online (39C831C9-5AE6-47DC-9A44-9C173E1C8E7C): 0
LogDevObjectVersion:   Dev-Physics (78F01B33-EBEA-4F98-B9B4-84EACCB95AA2): 0
LogDevObjectVersion:   Dev-Platform (6631380F-2D4D-43E0-8009-CF276956A95A): 0
LogDevObjectVersion:   Dev-Rendering (12F88B9F-8875-4AFC-A67C-D90C383ABD29): 26
LogDevObjectVersion:   Dev-Sequencer (7B5AE74C-D270-4C10-A958-57980B212A5A): 9
LogDevObjectVersion:   Dev-VR (D7296918-1DD6-4BDD-9DE2-64A83CC13884): 2
LogDevObjectVersion:   Dev-LoadTimes (C2A15278-BFE7-4AFE-6C17-90FF531DF755): 1
LogDevObjectVersion:   Private-Geometry (6EACA3D4-40EC-4CC1-B786-8BED09428FC5): 3
LogDevObjectVersion:   Dev-AnimPhys (29E575DD-E0A3-4627-9D10-D276232CDCEA): 17
LogDevObjectVersion:   Dev-ReflectionCapture (6B266CEC-1EC7-4B8F-A30B-E4D90942FC07): 1
LogDevObjectVersion:   Dev-Automation (0DF73D61-A23F-47EA-B727-89E90C41499A): 1
LogDevObjectVersion:   FortniteMain (601D1886-AC64-4F84-AA16-D3DE0DEAC7D6): 12
LogDevObjectVersion:   Dev-Enterprise (9DFFBCD6-494F-0158-E221-12823C92A888): 1
LogStreaming: Display: Took  0.004s to delete old logs.
LogInit: Presizing for max 8388607 objects, including 0 objects not considered by GC, pre-allocating 0 bytes for permanent pool.
LogInit: Object subsystem initialized
[2019.02.20-20.20.36:285][  0]LogInit: Selected Device Profile: [Windows]
[2019.02.20-20.20.36:285][  0]LogInit: Applying CVar settings loaded from the selected device profile: [Windows]
[2019.02.20-20.20.36:297][  0]LogHAL: Display: Platform has ~ 16 GB [17121808384 / 17179869184 / 16], which maps to Larger [LargestMinGB=32, LargerMinGB=12, DefaultMinGB=8, SmallerMinGB=6, SmallestMinGB=0)
[2019.02.20-20.20.36:297][  0]LogInit: Setting Device Profile CVar: [[r.Vulkan.UseRealUBs:1]]
[2019.02.20-20.20.36:297][  0]LogInit: Going up to parent DeviceProfile []
[2019.02.20-20.20.36:297][  0]LogInit: Computer: WJ316-28
[2019.02.20-20.20.36:297][  0]LogInit: User: alar0037
[2019.02.20-20.20.36:297][  0]LogInit: CPU Page size=4096, Cores=4
[2019.02.20-20.20.36:298][  0]LogInit: High frequency timer resolution =3.428047 MHz
[2019.02.20-20.20.36:298][  0]LogMemory: Memory total: Physical=15.9GB (16GB approx)
[2019.02.20-20.20.36:298][  0]LogMemory: Platform Memory Stats for Windows
[2019.02.20-20.20.36:298][  0]LogMemory: Process Physical Memory: 105.07 MB used, 105.07 MB peak
[2019.02.20-20.20.36:298][  0]LogMemory: Process Virtual Memory: 89.96 MB used, 89.96 MB peak
[2019.02.20-20.20.36:298][  0]LogMemory: Physical Memory: 5475.82 MB used,  10852.80 MB free, 16328.63 MB total
[2019.02.20-20.20.36:298][  0]LogMemory: Virtual Memory: 542.04 MB used,  10852.80 MB free, 134217728.00 MB total
[2019.02.20-20.20.36:425][  0]LogInit: Using OS detected language (en-US).
[2019.02.20-20.20.36:426][  0]LogInit: Using OS detected locale (en-US).
[2019.02.20-20.20.36:426][  0]LogTextLocalizationManager: No specific localization for 'en-US' exists, so the 'en' localization will be used.
[2019.02.20-20.20.36:774][  0]LogStreaming: Display: Took  0.348s to InitEngineTextLocalization.
[2019.02.20-20.20.36:774][  0]LogInit: Setting process to per monitor DPI aware
[2019.02.20-20.20.36:833][  0]LogSlate: New Slate User Created.  User Index 0, Is Virtual User: 0
[2019.02.20-20.20.36:833][  0]LogSlate: Slate User Registered.  User Index 0, Is Virtual User: 0
[2019.02.20-20.20.37:143][  0]LogHMD: Failed to initialize OpenVR with code 110
[2019.02.20-20.20.37:143][  0]LogD3D11RHI: D3D11 adapters:
[2019.02.20-20.20.37:226][  0]LogD3D11RHI:    0. 'NVIDIA GeForce GTX 670' (Feature Level 11_0)
[2019.02.20-20.20.37:226][  0]LogD3D11RHI:       4052/0/8164 MB DedicatedVideo/DedicatedSystem/SharedSystem, Outputs:1, VendorId:0x10de
[2019.02.20-20.20.37:234][  0]LogD3D11RHI:    1. 'Microsoft Basic Render Driver' (Feature Level 11_0)
[2019.02.20-20.20.37:234][  0]LogD3D11RHI:       0/0/8164 MB DedicatedVideo/DedicatedSystem/SharedSystem, Outputs:0, VendorId:0x1414
[2019.02.20-20.20.37:234][  0]LogD3D11RHI: Chosen D3D11 Adapter: 0
[2019.02.20-20.20.37:239][  0]LogD3D11RHI: Creating new Direct3DDevice
[2019.02.20-20.20.37:239][  0]LogD3D11RHI:     GPU DeviceId: 0x1189 (for the marketing name, search the web for "GPU Device Id")
[2019.02.20-20.20.37:239][  0]LogWindows: EnumDisplayDevices:
[2019.02.20-20.20.37:240][  0]LogWindows:    0. 'NVIDIA GeForce GTX 670' (P:1 D:1)
[2019.02.20-20.20.37:240][  0]LogWindows:    1. 'NVIDIA GeForce GTX 670' (P:0 D:0)
[2019.02.20-20.20.37:240][  0]LogWindows:    2. 'NVIDIA GeForce GTX 670' (P:0 D:0)
[2019.02.20-20.20.37:240][  0]LogWindows:    3. 'NVIDIA GeForce GTX 670' (P:0 D:0)
[2019.02.20-20.20.37:241][  0]LogWindows: DebugString: FoundDriverCount:4 
[2019.02.20-20.20.37:241][  0]LogD3D11RHI:     Adapter Name: NVIDIA GeForce GTX 670
[2019.02.20-20.20.37:241][  0]LogD3D11RHI:   Driver Version: 391.35 (internal:23.21.13.9135, unified:391.35)
[2019.02.20-20.20.37:241][  0]LogD3D11RHI:      Driver Date: 3-23-2018
[2019.02.20-20.20.37:241][  0]LogRHI: Texture pool is 2836 MB (70% of 4052 MB)
[2019.02.20-20.20.37:282][  0]LogD3D11RHI: Async texture creation enabled
[2019.02.20-20.20.37:301][  0]LogD3D11RHI: GPU Timing Frequency: 1000.000000 (Debug: 2 2)
[2019.02.20-20.20.37:302][  0]LogShaderCompilers: Guid format shader working directory is 10 characters bigger than the processId version (C:/Users/alar0037/Documents/GitHub/GOOB/Intermediate/Shaders/WorkingDirectory/9344/).
[2019.02.20-20.20.37:303][  0]LogShaderCompilers: Cleaned the shader compiler working directory 'C:/Users/alar0037/AppData/Local/Temp/UnrealShaderWorkingDir/5AC96C5F463A3C9A1989FB9DA417EF79/'.
[2019.02.20-20.20.37:557][  0]LogTemp: Display: Loaded TP AllDesktopTargetPlatform
[2019.02.20-20.20.37:573][  0]LogTemp: Display: Loaded TP MacClientTargetPlatform
[2019.02.20-20.20.37:591][  0]LogTemp: Display: Loaded TP MacNoEditorTargetPlatform
[2019.02.20-20.20.37:615][  0]LogTemp: Display: Loaded TP MacServerTargetPlatform
[2019.02.20-20.20.37:631][  0]LogTemp: Display: Loaded TP MacTargetPlatform
[2019.02.20-20.20.37:648][  0]LogTemp: Display: Loaded TP WindowsClientTargetPlatform
[2019.02.20-20.20.37:665][  0]LogTemp: Display: Loaded TP WindowsNoEditorTargetPlatform
[2019.02.20-20.20.37:687][  0]LogTemp: Display: Loaded TP WindowsServerTargetPlatform
[2019.02.20-20.20.37:695][  0]LogTemp: Display: Loaded TP WindowsTargetPlatform
[2019.02.20-20.20.37:777][  0]LogTemp: Display: Loaded TP AndroidTargetPlatform
[2019.02.20-20.20.37:777][  0]LogTemp: Display: Loaded TP AndroidTargetPlatform
[2019.02.20-20.20.37:777][  0]LogTemp: Display: Loaded TP AndroidTargetPlatform
[2019.02.20-20.20.37:777][  0]LogTemp: Display: Loaded TP AndroidTargetPlatform
[2019.02.20-20.20.37:777][  0]LogTemp: Display: Loaded TP AndroidTargetPlatform
[2019.02.20-20.20.37:778][  0]LogTemp: Display: Loaded TP AndroidTargetPlatform
[2019.02.20-20.20.37:778][  0]LogTemp: Display: Loaded TP AndroidTargetPlatform
[2019.02.20-20.20.37:778][  0]LogTemp: Display: Loaded TP AndroidTargetPlatform
[2019.02.20-20.20.37:778][  0]LogTemp: Display: Loaded TP AndroidTargetPlatform
[2019.02.20-20.20.37:778][  0]LogTemp: Display: Loaded TP AndroidTargetPlatform
[2019.02.20-20.20.37:778][  0]LogTemp: Display: Loaded TP AndroidTargetPlatform
[2019.02.20-20.20.37:778][  0]LogTemp: Display: Loaded TP AndroidTargetPlatform
[2019.02.20-20.20.37:778][  0]LogTemp: Display: Loaded TP AndroidTargetPlatform
[2019.02.20-20.20.37:778][  0]LogTemp: Display: Loaded TP AndroidTargetPlatform
[2019.02.20-20.20.37:778][  0]LogTemp: Display: Loaded TP AndroidTargetPlatform
[2019.02.20-20.20.37:778][  0]LogTemp: Display: Loaded TP AndroidTargetPlatform
[2019.02.20-20.20.37:778][  0]LogTemp: Display: Loaded TP AndroidTargetPlatform
[2019.02.20-20.20.37:778][  0]LogTemp: Display: Loaded TP AndroidTargetPlatform
[2019.02.20-20.20.37:782][  0]LogTemp: Display: Loaded TP HTML5TargetPlatform
[2019.02.20-20.20.37:855][  0]LogTemp: Display: Loaded TP IOSTargetPlatform
[2019.02.20-20.20.37:855][  0]LogTemp: Display: Loaded TP IOSTargetPlatform
[2019.02.20-20.20.37:885][  0]LogTemp: Display: Loaded TP TVOSTargetPlatform
[2019.02.20-20.20.37:886][  0]LogTemp: Display: Loaded TP TVOSTargetPlatform
[2019.02.20-20.20.37:904][  0]LogTemp: Display: Loaded TP LinuxClientTargetPlatform
[2019.02.20-20.20.37:920][  0]LogTemp: Display: Loaded TP LinuxNoEditorTargetPlatform
[2019.02.20-20.20.37:936][  0]LogTemp: Display: Loaded TP LinuxServerTargetPlatform
[2019.02.20-20.20.37:954][  0]LogTemp: Display: Loaded TP LinuxTargetPlatform
[2019.02.20-20.20.37:970][  0]LogTemp: Display: Loaded TP LuminTargetPlatform
[2019.02.20-20.20.37:970][  0]LogTargetPlatformManager: Display: Building Assets For Windows
[2019.02.20-20.20.38:081][  0]LogXGEController: Cleaning working directory: C:/Users/alar0037/AppData/Local/Temp/UnrealXGEWorkingDir/
[2019.02.20-20.20.38:081][  0]LogXGEController: Cannot use XGE Controller as Incredibuild is not installed on this machine.
[2019.02.20-20.20.38:081][  0]LogShaderCompilers: Cannot use XGE Shader Compiler as Incredibuild is not installed on this machine.
[2019.02.20-20.20.38:081][  0]LogShaderCompilers: Display: Using Local Shader Compiler.
[2019.02.20-20.20.38:847][  0]LogDerivedDataCache: Display: Max Cache Size: 512 MB
[2019.02.20-20.20.38:896][  0]LogDerivedDataCache: Loaded boot cache 0.05s 71MB C:/Users/alar0037/AppData/Local/UnrealEngine/4.20/DerivedDataCache/Boot.ddc.
[2019.02.20-20.20.38:896][  0]LogDerivedDataCache: Display: Loaded Boot cache: C:/Users/alar0037/AppData/Local/UnrealEngine/4.20/DerivedDataCache/Boot.ddc
[2019.02.20-20.20.38:896][  0]LogDerivedDataCache: FDerivedDataBackendGraph:  Pak pak cache file C:/Users/alar0037/Documents/GitHub/GOOB/DerivedDataCache/DDC.ddp not found, will not use a pak cache.
[2019.02.20-20.20.38:896][  0]LogDerivedDataCache: Unable to find inner node Pak for hierarchical cache Hierarchy.
[2019.02.20-20.20.38:897][  0]LogDerivedDataCache: FDerivedDataBackendGraph:  CompressedPak pak cache file C:/Users/alar0037/Documents/GitHub/GOOB/DerivedDataCache/Compressed.ddp not found, will not use a pak cache.
[2019.02.20-20.20.38:897][  0]LogDerivedDataCache: Unable to find inner node CompressedPak for hierarchical cache Hierarchy.
[2019.02.20-20.20.38:909][  0]LogDerivedDataCache: Display: Pak cache opened for reading ../../../Engine/DerivedDataCache/Compressed.ddp.
[2019.02.20-20.20.38:923][  0]LogDerivedDataCache: Using Local data cache path C:/Users/alar0037/AppData/Local/UnrealEngine/Common/DerivedDataCache: Writable
[2019.02.20-20.20.38:923][  0]LogDerivedDataCache: Shared data cache path not found in *engine.ini, will not use an Shared cache.
[2019.02.20-20.20.38:923][  0]LogDerivedDataCache: Unable to find inner node Shared for hierarchical cache Hierarchy.
[2019.02.20-20.20.38:958][  0]LogMaterial: Verifying Global Shaders for PCD3D_SM5
[2019.02.20-20.20.38:959][  0]LogSlate: Using FreeType 2.6.0
[2019.02.20-20.20.38:961][  0]LogSlate: SlateFontServices - WITH_FREETYPE: 1, WITH_HARFBUZZ: 1
[2019.02.20-20.20.39:063][  0]LogAssetRegistry: FAssetRegistry took 0.0323 seconds to start up
[2019.02.20-20.20.39:434][  0]LogInit: Selected Device Profile: [Windows]
[2019.02.20-20.20.39:587][  0]LogSimplygon: Simplygon DLL not present - disabling.
[2019.02.20-20.20.39:595][  0]LogMeshReduction: Using SimplygonSwarm for distributed automatic mesh merging
[2019.02.20-20.20.39:595][  0]LogMeshReduction: Using ProxyLODMeshReduction for automatic mesh merging
[2019.02.20-20.20.39:595][  0]LogMeshReduction: Using QuadricMeshReduction for automatic static mesh reduction
[2019.02.20-20.20.39:596][  0]LogMeshReduction: No automatic skeletal mesh reduction module available
[2019.02.20-20.20.39:609][  0]LogNetVersion: Terminus_22XX 1.0.0, NetCL: 4212847, EngineNetVer: 5, GameNetVer: 0 (Checksum: 1011408813)
[2019.02.20-20.20.40:121][  0]LogPackageLocalizationCache: Processed 11 localized package path(s) for 2 prioritized culture(s) in 0.116613 seconds
[2019.02.20-20.20.40:128][  0]LogUObjectArray: 38425 objects as part of root set at end of initial load.
[2019.02.20-20.20.40:129][  0]LogUObjectAllocator: 6690872 out of 0 bytes used by permanent object pool.
[2019.02.20-20.20.40:129][  0]LogUObjectArray: CloseDisregardForGC: 0/0 objects in disregard for GC pool
[2019.02.20-20.20.41:234][  0]LogTcpMessaging: Initializing TcpMessaging bridge
[2019.02.20-20.20.41:250][  0]LogUdpMessaging: Initializing bridge on interface 0.0.0.0:0 to multicast group 230.0.0.1:6666.
[2019.02.20-20.20.41:413][  0]LogCharacterMovement: Error: CharMoveComp owned by Default__PlayerCharacter must update a capsule component
[2019.02.20-20.20.41:468][  0]SourceControl: Source control is disabled
[2019.02.20-20.20.41:468][  0]SourceControl: Source control is disabled
[2019.02.20-20.20.41:472][  0]SourceControl: Source control is disabled
[2019.02.20-20.20.41:475][  0]SourceControl: Source control is disabled
[2019.02.20-20.20.41:749][  0]LogAndroidPermission: UAndroidPermissionCallbackProxy::GetInstance
[2019.02.20-20.20.41:834][  0]LogOcInput: OculusInput pre-init called
[2019.02.20-20.20.41:907][  0]LogEngine: Initializing Engine...
[2019.02.20-20.20.41:908][  0]LogHMD: Failed to initialize OpenVR with code 110
[2019.02.20-20.20.41:910][  0]LogStats: UGameplayTagsManager::ConstructGameplayTagTree: ImportINI prefixes -  0.000 s
[2019.02.20-20.20.41:910][  0]LogStats: UGameplayTagsManager::ConstructGameplayTagTree: Construct from data asset -  0.000 s
[2019.02.20-20.20.41:910][  0]LogStats: UGameplayTagsManager::ConstructGameplayTagTree: ImportINI -  0.000 s
[2019.02.20-20.20.41:910][  0]LogStats: UGameplayTagsManager::ConstructGameplayTagTree: GameplayTagTreeChangedEvent.Broadcast -  0.000 s
[2019.02.20-20.20.42:112][  0]LogInit: Initializing FReadOnlyCVARCache
[2019.02.20-20.20.42:128][  0]LogAIModule: Creating AISystem for world Untitled
[2019.02.20-20.20.42:137][  0]LogInit: XAudio2 using 'Realtek Digital Output(Optical) (Realtek High Definition Audio)' : 2 channels at 48 kHz using 16 bits per sample (channel mask 0x3)
[2019.02.20-20.20.42:172][  0]LogInit: FAudioDevice initialized.
[2019.02.20-20.20.42:173][  0]LogNetVersion: Set ProjectVersion to 1.0.0.0. Version Checksum will be recalculated on next use.
[2019.02.20-20.20.42:266][  0]LogDerivedDataCache: Saved boot cache 0.09s 71MB C:/Users/alar0037/AppData/Local/UnrealEngine/4.20/DerivedDataCache/Boot.ddc.
[2019.02.20-20.20.42:273][  0]LogInit: Texture streaming: Enabled
[2019.02.20-20.20.42:296][  0]LogEngineSessionManager: EngineSessionManager initialized
[2019.02.20-20.20.42:296][  0]LogEngineSessionManager: EngineSessionManager sent abnormal shutdown report. Type=Debugger, SessionId={B2D8A15C-4B53-3E38-6B89-68BA936B8B61}
[2019.02.20-20.20.42:305][  0]LogInit: Transaction tracking system initialized
[2019.02.20-20.20.42:337][  0]BlueprintLog: New page: Editor Load
[2019.02.20-20.20.42:458][  0]LocalizationService: Localization service is disabled
[2019.02.20-20.20.42:748][  0]LogCook: Display: Max memory allowance for cook 16384mb min free memory 0mb
[2019.02.20-20.20.42:748][  0]LogCook: Display: Mobile HDR setting 1
[2019.02.20-20.20.42:748][  0]LogGameplayTags: Display: UGameplayTagsManager::DoneAddingNativeTags. DelegateIsBound: 0
[2019.02.20-20.20.42:749][  0]LogStats: UGameplayTagsManager::ConstructGameplayTagTree: ImportINI prefixes -  0.000 s
[2019.02.20-20.20.42:749][  0]LogStats: UGameplayTagsManager::ConstructGameplayTagTree: Construct from data asset -  0.000 s
[2019.02.20-20.20.42:749][  0]LogStats: UGameplayTagsManager::ConstructGameplayTagTree: ImportINI -  0.000 s
[2019.02.20-20.20.42:749][  0]LogStats: UGameplayTagsManager::ConstructGameplayTagTree: GameplayTagTreeChangedEvent.Broadcast -  0.000 s
[2019.02.20-20.20.42:939][  0]LogFileCache: Scanning file cache for directory 'C:/Users/alar0037/Documents/GitHub/GOOB/Content/' took 0.02s
[2019.02.20-20.20.42:939][  0]SourceControl: Source control is disabled
[2019.02.20-20.20.42:939][  0]Cmd: MAP LOAD FILE="C:/Users/alar0037/Documents/GitHub/GOOB/Content/Levels/Test_Level.umap" TEMPLATE=0 SHOWPROGRESS=1 FEATURELEVEL=3
[2019.02.20-20.20.42:940][  0]LightingResults: New page: Lighting Build
[2019.02.20-20.20.42:942][  0]MapCheck: New page: Map Check
[2019.02.20-20.20.42:942][  0]LightingResults: New page: Lighting Build
[2019.02.20-20.20.43:015][  0]LogAIModule: Creating AISystem for world Test_Level
[2019.02.20-20.20.43:026][  0]LogEditorServer: Finished looking for orphan Actors (0.000 secs)
[2019.02.20-20.20.43:045][  0]Cmd: MAP CHECKDEP NOCLEARLOG
[2019.02.20-20.20.43:108][  0]MapCheck: Map check complete: 0 Error(s), 0 Warning(s), took 63.19ms to complete.
[2019.02.20-20.20.43:108][  0]LogFileHelpers: Loading map 'Test_Level' took 0.169
[2019.02.20-20.20.43:221][  0]LogSlate: Updating window title bar state: overlay mode, drag disabled, window buttons hidden, title bar hidden
[2019.02.20-20.20.43:230][  0]LogSlate: Updating window title bar state: overlay mode, drag disabled, window buttons hidden, title bar hidden
[2019.02.20-20.20.43:238][  0]LogSlate: Updating window title bar state: overlay mode, drag disabled, window buttons hidden, title bar hidden
[2019.02.20-20.20.43:247][  0]LogSlate: Updating window title bar state: overlay mode, drag disabled, window buttons hidden, title bar hidden
[2019.02.20-20.20.43:255][  0]LogCollectionManager: Loaded 0 collections in 0.001293 seconds
[2019.02.20-20.20.43:299][  0]LogFileCache: Scanning file cache for directory 'C:/Users/alar0037/Documents/GitHub/GOOB/Saved/Collections/' took 0.01s
[2019.02.20-20.20.43:299][  0]LogFileCache: Scanning file cache for directory 'C:/Users/alar0037/Documents/GitHub/GOOB/Content/Developers/alar0037/Collections/' took 0.01s
[2019.02.20-20.20.43:299][  0]LogFileCache: Scanning file cache for directory 'C:/Users/alar0037/Documents/GitHub/GOOB/Content/Collections/' took 0.01s
[2019.02.20-20.20.43:299][  0]LogCollectionManager: Rebuilt the GUID cache for 0 collections in 0.000001 seconds
[2019.02.20-20.20.43:310][  0]LogContentBrowser: Native class hierarchy populated in 0.0105 seconds. Added 2581 classes and 605 folders.
[2019.02.20-20.20.43:317][  0]LogContentBrowser: Native class hierarchy updated for 'WidgetCarousel' in 0.0004 seconds. Added 0 classes and 0 folders.
[2019.02.20-20.20.43:364][  0]LogContentBrowser: Native class hierarchy updated for 'AddContentDialog' in 0.0004 seconds. Added 0 classes and 0 folders.
[2019.02.20-20.20.43:370][  0]LogContentBrowser: Native class hierarchy updated for 'SceneOutliner' in 0.0006 seconds. Added 1 classes and 2 folders.
[2019.02.20-20.20.43:386][  0]LogSlate: Took 0.000443 seconds to synchronously load lazily loaded font '../../../Engine/Content/Slate/Fonts/Roboto-Regular.ttf' (155K)
[2019.02.20-20.20.43:389][  0]LogSlate: Took 0.000408 seconds to synchronously load lazily loaded font '../../../Engine/Content/Slate/Fonts/Roboto-Bold.ttf' (160K)
[2019.02.20-20.20.43:395][  0]LogSlate: Took 0.000585 seconds to synchronously load lazily loaded font '../../../Engine/Content/Editor/Slate/Fonts/FontAwesome.ttf' (139K)
[2019.02.20-20.20.43:475][  0]LogRenderer: Reallocating scene render targets to support 1208x576 Format 10 NumSamples 1 (Frame:1).
[2019.02.20-20.20.43:617][  0]LogContentBrowser: Native class hierarchy updated for 'HierarchicalLODOutliner' in 0.0004 seconds. Added 0 classes and 0 folders.
[2019.02.20-20.20.43:618][  0]LogLoad: (Engine Initialization) Total time: 9.28 seconds
[2019.02.20-20.20.43:618][  0]LogLoad: (Engine Initialization) Total Blueprint compile time: 0.00 seconds
[2019.02.20-20.20.43:628][  0]LogWindowsTextInputMethodSystem: Display: IME system now deactivated.
[2019.02.20-20.20.43:654][  0]LogContentStreaming: Texture pool size now 3000 MB
[2019.02.20-20.20.43:861][  1]LogAssetRegistry: Asset discovery search completed in 4.8225 seconds
[2019.02.20-20.20.43:863][  1]LogCollectionManager: Rebuilt the object cache for 0 collections in 0.000000 seconds (found 0 objects)
[2019.02.20-20.20.43:863][  1]LogCollectionManager: Fixed up redirectors for 0 collections in 0.000152 seconds (updated 0 objects)
[2019.02.20-20.20.44:422][ 65]LogSlate: FSceneViewport::OnFocusLost() reason 0
[2019.02.20-20.20.44:505][ 75]LogTemp: Repeating last play command: Selected Viewport
[2019.02.20-20.20.44:521][ 75]LogPlayLevel: PlayLevel: No blueprints needed recompiling
[2019.02.20-20.20.44:535][ 75]PIE: New page: PIE session: Test_Level (Feb 20, 2019, 10:20:44 AM)
[2019.02.20-20.20.44:535][ 75]LogPlayLevel: Creating play world package: /Game/Levels/UEDPIE_0_Test_Level
[2019.02.20-20.20.44:553][ 75]LogPlayLevel: PIE: StaticDuplicateObject took: (0.018086s)
[2019.02.20-20.20.44:554][ 75]LogAIModule: Creating AISystem for world Test_Level
[2019.02.20-20.20.44:554][ 75]LogPlayLevel: PIE: World Init took: (0.000992s)
[2019.02.20-20.20.44:555][ 75]LogPlayLevel: PIE: Created PIE world by copying editor world from /Game/Levels/Test_Level.Test_Level to /Game/Levels/UEDPIE_0_Test_Level.Test_Level (0.019473s)
[2019.02.20-20.20.44:574][ 75]LogInit: XAudio2 using 'Realtek Digital Output(Optical) (Realtek High Definition Audio)' : 2 channels at 48 kHz using 16 bits per sample (channel mask 0x3)
[2019.02.20-20.20.44:587][ 75]LogInit: FAudioDevice initialized.
[2019.02.20-20.20.44:653][ 75]LogCharacterMovement: Error: CharMoveComp owned by Default__Test2PlayerCharacter_C must update a capsule component
[2019.02.20-20.20.44:656][ 75]LogCharacterMovement: Error: CharMoveComp owned by Default__SKEL_Test2PlayerCharacter_C must update a capsule component
[2019.02.20-20.20.44:682][ 75]LogLoad: Game class is 'Test_Terminus_22XXGameModeBase_C'
[2019.02.20-20.20.44:685][ 75]LogWorld: Bringing World /Game/Levels/UEDPIE_0_Test_Level.Test_Level up for play (max tick rate 0) at 2019.02.20-15.20.44
[2019.02.20-20.20.44:685][ 75]LogWorld: Bringing up level for play took: 0.001446
[2019.02.20-20.20.44:702][ 75]LogContentBrowser: Native class hierarchy updated for 'MovieSceneCapture' in 0.0004 seconds. Added 10 classes and 0 folders.
[2019.02.20-20.20.44:703][ 75]LogCharacterMovement: Error: CharMoveComp owned by Test2PlayerCharacter_C_0 must update a capsule component
[2019.02.20-20.20.44:705][ 75]PIE: Play in editor start time for /Game/Levels/UEDPIE_0_Test_Level 0.462
[2019.02.20-20.20.47:849][446]LogSlate: Took 0.000341 seconds to synchronously load lazily loaded font '../../../Engine/Content/Slate/Fonts/Roboto-Light.ttf' (167K)
[2019.02.20-20.20.47:916][450]LogCharacterMovement: Error: CharMoveComp owned by Test2PlayerCharacter_C_0 must update a capsule component
[2019.02.20-20.20.55:293][334]LogSlate: FSceneViewport::OnFocusLost() reason 2
[2019.02.20-20.21.16:434][489]LogCharacterMovement: Test2PlayerCharacter_C_0 is stuck and failed to move! Velocity: X=26.28 Y=24.97 Z=0.00 Location: X=-1634.01 Y=150.90 Z=60.94 Normal: X=0.00 Y=0.00 Z=1.00 PenetrationDepth:12.059 Actor:None Component:ModelComponent_1266 BoneName:None (0 other events since notify)
[2019.02.20-20.21.27:488][528]LogSlate: Updating window title bar state: overlay mode, drag disabled, window buttons hidden, title bar hidden
[2019.02.20-20.21.27:530][528]LogPlayLevel: Display: Shutting down PIE online subsystems
[2019.02.20-20.21.27:565][528]LogSlate: Updating window title bar state: overlay mode, drag disabled, window buttons hidden, title bar hidden
[2019.02.20-20.21.27:589][529]LogPlayLevel: Display: Destroying online subsystem :Context_1
[2019.02.20-20.21.30:556][884]LogSlate: FSceneViewport::OnFocusLost() reason 0
[2019.02.20-20.21.30:640][894]LogTemp: Repeating last play command: Selected Viewport
[2019.02.20-20.21.30:659][894]LogPlayLevel: PlayLevel: No blueprints needed recompiling
[2019.02.20-20.21.30:660][894]PIE: New page: PIE session: Test_Level (Feb 20, 2019, 10:21:30 AM)
[2019.02.20-20.21.30:660][894]LogPlayLevel: Creating play world package: /Game/Levels/UEDPIE_0_Test_Level
[2019.02.20-20.21.30:678][894]LogPlayLevel: PIE: StaticDuplicateObject took: (0.018363s)
[2019.02.20-20.21.30:679][894]LogAIModule: Creating AISystem for world Test_Level
[2019.02.20-20.21.30:679][894]LogPlayLevel: PIE: World Init took: (0.000894s)
[2019.02.20-20.21.30:679][894]LogPlayLevel: PIE: Created PIE world by copying editor world from /Game/Levels/Test_Level.Test_Level to /Game/Levels/UEDPIE_0_Test_Level.Test_Level (0.019632s)
[2019.02.20-20.21.30:702][894]LogInit: XAudio2 using 'Realtek Digital Output(Optical) (Realtek High Definition Audio)' : 2 channels at 48 kHz using 16 bits per sample (channel mask 0x3)
[2019.02.20-20.21.30:713][894]LogInit: FAudioDevice initialized.
[2019.02.20-20.21.30:750][894]LogLoad: Game class is 'Test_Terminus_22XXGameModeBase_C'
[2019.02.20-20.21.30:752][894]LogWorld: Bringing World /Game/Levels/UEDPIE_0_Test_Level.Test_Level up for play (max tick rate 0) at 2019.02.20-15.21.30
[2019.02.20-20.21.30:752][894]LogWorld: Bringing up level for play took: 0.001499
[2019.02.20-20.21.30:765][894]LogCharacterMovement: Error: CharMoveComp owned by Test2PlayerCharacter_C_0 must update a capsule component
[2019.02.20-20.21.30:767][894]PIE: Play in editor start time for /Game/Levels/UEDPIE_0_Test_Level 0.525
[2019.02.20-20.21.35:722][401]LogSlate: Took 0.000465 seconds to synchronously load lazily loaded font '../../../Engine/Content/Slate/Fonts/Roboto-Italic.ttf' (157K)
[2019.02.20-20.21.40:157][809]LogSlate: FSceneViewport::OnFocusLost() reason 2
[2019.02.20-20.22.11:455][518]LogSlate: FSceneViewport::OnFocusLost() reason 2
[2019.02.20-20.22.15:119][944]LogSlate: FSceneViewport::OnFocusLost() reason 2
[2019.02.20-20.27.47:639][630]LogSlate: Updating window title bar state: overlay mode, drag disabled, window buttons hidden, title bar hidden
[2019.02.20-20.27.47:675][630]LogPlayLevel: Display: Shutting down PIE online subsystems
[2019.02.20-20.27.47:694][630]LogSlate: Updating window title bar state: overlay mode, drag disabled, window buttons hidden, title bar hidden
[2019.02.20-20.27.47:711][631]LogPlayLevel: Display: Destroying online subsystem :Context_6
