Log file open, 02/22/19 21:02:05
LogWindows: Failed to load 'aqProf.dll' (GetLastError=126)
LogWindows: File 'aqProf.dll' does not exist
LogWindows: Failed to load 'VSPerf140.dll' (GetLastError=126)
LogWindows: File 'VSPerf140.dll' does not exist
LogWindows: Failed to load 'VtuneApi.dll' (GetLastError=126)
LogWindows: File 'VtuneApi.dll' does not exist
LogWindows: Failed to load 'VtuneApi32e.dll' (GetLastError=126)
LogWindows: File 'VtuneApi32e.dll' does not exist
LogInit: Display: Running engine for game: Terminus_22XX
LogPlatformFile: Not using cached read wrapper
LogTaskGraph: Started task graph with 5 named threads and 14 total threads with 3 sets of task threads.
LogStats: Stats thread started at 0.290878
LogD3D11RHI: Loaded GFSDK_Aftermath_Lib.x64.dll
LogICUInternationalization: Display: ICU TimeZone Detection - Raw Offset: -5:00, Platform Override: ''
LogPluginManager: Mounting plugin Paper2D
LogPluginManager: Mounting plugin AISupport
LogPluginManager: Mounting plugin LightPropagationVolume
LogPluginManager: Mounting plugin CLionSourceCodeAccess
LogPluginManager: Mounting plugin CodeLiteSourceCodeAccess
LogPluginManager: Mounting plugin GitSourceControl
LogPluginManager: Mounting plugin KDevelopSourceCodeAccess
LogPluginManager: Mounting plugin NullSourceCodeAccess
LogPluginManager: Mounting plugin PerforceSourceControl
LogPluginManager: Mounting plugin SubversionSourceControl
LogPluginManager: Mounting plugin UObjectPlugin
LogPluginManager: Mounting plugin VisualStudioCodeSourceCodeAccess
LogPluginManager: Mounting plugin VisualStudioSourceCodeAccess
LogPluginManager: Mounting plugin XCodeSourceCodeAccess
LogPluginManager: Mounting plugin AssetManagerEditor
LogPluginManager: Mounting plugin CryptoKeys
LogPluginManager: Mounting plugin DataValidation
LogPluginManager: Mounting plugin FacialAnimation
LogPluginManager: Mounting plugin GameplayTagsEditor
LogPluginManager: Mounting plugin MacGraphicsSwitching
LogPluginManager: Mounting plugin MeshEditor
LogPluginManager: Mounting plugin MobileLauncherProfileWizard
LogPluginManager: Mounting plugin PluginBrowser
LogPluginManager: Mounting plugin SpeedTreeImporter
LogPluginManager: Mounting plugin DatasmithContent
LogPluginManager: Mounting plugin AlembicImporter
LogPluginManager: Mounting plugin AppleImageUtils
LogPluginManager: Mounting plugin AppleVision
LogPluginManager: Mounting plugin BackChannel
LogPluginManager: Mounting plugin CharacterAI
LogPluginManager: Mounting plugin GeometryCache
LogPluginManager: Mounting plugin HTML5Networking
LogPluginManager: Mounting plugin ProxyLODPlugin
LogPluginManager: Mounting plugin MagicLeap
LogPluginManager: Mounting plugin MagicLeapEmulator
LogPluginManager: Mounting plugin MagicLeapMedia
LogPluginManager: Mounting plugin AndroidMedia
LogPluginManager: Mounting plugin AvfMedia
LogPluginManager: Mounting plugin ImgMedia
LogPluginManager: Mounting plugin LinearTimecode
LogPluginManager: Mounting plugin MediaCompositing
LogPluginManager: Mounting plugin MediaPlayerEditor
LogPluginManager: Mounting plugin WmfMedia
LogPluginManager: Mounting plugin TcpMessaging
LogPluginManager: Mounting plugin UdpMessaging
LogPluginManager: Mounting plugin ActorSequence
LogPluginManager: Mounting plugin LevelSequenceEditor
LogPluginManager: Mounting plugin MatineeToLevelSequence
LogPluginManager: Mounting plugin NetcodeUnitTest
LogPluginManager: Mounting plugin NUTUnrealEngine4
LogPluginManager: Mounting plugin OnlineSubsystemGooglePlay
LogPluginManager: Mounting plugin OnlineSubsystemIOS
LogPluginManager: Mounting plugin OnlineSubsystem
LogPluginManager: Mounting plugin OnlineSubsystemNull
LogPluginManager: Mounting plugin OnlineSubsystemUtils
LogPluginManager: Mounting plugin LauncherChunkInstaller
LogPluginManager: Mounting plugin AndroidDeviceProfileSelector
LogPluginManager: Mounting plugin AndroidMoviePlayer
LogPluginManager: Mounting plugin AndroidPermission
LogPluginManager: Mounting plugin AppleMoviePlayer
LogPluginManager: Mounting plugin ArchVisCharacter
LogPluginManager: Mounting plugin AudioCapture
LogPluginManager: Mounting plugin CableComponent
LogPluginManager: Mounting plugin CustomMeshComponent
LogPluginManager: Mounting plugin EditableMesh
LogPluginManager: Mounting plugin ExampleDeviceProfileSelector
LogPluginManager: Mounting plugin GoogleCloudMessaging
LogPluginManager: Mounting plugin ImmediatePhysics
LogPluginManager: Mounting plugin IOSDeviceProfileSelector
LogPluginManager: Mounting plugin LinuxDeviceProfileSelector
LogPluginManager: Mounting plugin LocationServicesBPLibrary
LogPluginManager: Mounting plugin MobilePatchingUtils
LogPluginManager: Mounting plugin OculusVR
LogPluginManager: Plugin shader directory ../../../Engine/Plugins/Runtime/Oculus/OculusVR/Shaders found
LogPluginManager: Mapping shader source directory ../../../Engine/Plugins/Runtime/Oculus/OculusVR/Shaders to virtual directory /Plugin/OculusVR
LogPluginManager: Mounting plugin PhysXVehicles
LogPluginManager: Mounting plugin ProceduralMeshComponent
LogPluginManager: Mounting plugin RuntimePhysXCooking
LogPluginManager: Mounting plugin SteamVR
LogPluginManager: Mounting plugin WindowsMoviePlayer
LogStreaming: Display: Took  0.163s to configure plugins.
LogInit: Using libcurl 7.55.1-DEV
LogInit:  - built for x86_64-pc-win32
LogInit:  - supports SSL with OpenSSL/1.0.2h
LogInit:  - supports HTTP deflate (compression) using libz 1.2.8
LogInit:  - other features:
LogInit:      CURL_VERSION_SSL
LogInit:      CURL_VERSION_LIBZ
LogInit:      CURL_VERSION_IPV6
LogInit:      CURL_VERSION_ASYNCHDNS
LogInit:      CURL_VERSION_LARGEFILE
LogInit:      CURL_VERSION_IDN
LogInit:  CurlRequestOptions (configurable via config and command line):
LogInit:  - bVerifyPeer = false  - Libcurl will NOT verify peer certificate
LogInit:  - bUseHttpProxy = false  - Libcurl will NOT use HTTP proxy
LogInit:  - bDontReuseConnections = false  - Libcurl will reuse connections
LogInit:  - CertBundlePath = nullptr  - Libcurl will use whatever was configured at build time.
LogInit:  - MaxHostConnections = 16  - Libcurl will limit the number of connections to a host
LogInit:  - LocalHostAddr = Default
LogInit:  - BufferSize = 65536
LogInit: WinSock: version 1.1 (2.2), MaxSocks=32767, MaxUdp=65467
LogInit: Build: ++UE4+Release-4.20-CL-4369336
LogInit: Engine Version: 4.20.3-4369336+++UE4+Release-4.20
LogInit: Compatible Engine Version: 4.20.0-4212847+++UE4+Release-4.20
LogInit: Net CL: 4212847
LogInit: OS: Windows 10 (), CPU: Intel(R) Core(TM) i5-6600K CPU @ 3.50GHz, GPU: NVIDIA GeForce GTX 1060 6GB
LogInit: Compiled (64-bit): Sep 17 2018 12:26:19
LogInit: Compiled with Visual C++: 19.13.26129.00
LogInit: Build Configuration: Development
LogInit: Branch Name: ++UE4+Release-4.20
LogInit: Command Line:  -skipcompile
LogInit: Base Directory: F:/Program Files (x86)/Epic Games/UE_4.20/Engine/Binaries/Win64/
LogInit: Installed Engine Build: 1
LogDevObjectVersion: Number of dev versions registered: 20
LogDevObjectVersion:   Dev-Blueprints (B0D832E4-1F89-4F0D-ACCF-7EB736FD4AA2): 10
LogDevObjectVersion:   Dev-Build (E1C64328-A22C-4D53-A36C-8E866417BD8C): 0
LogDevObjectVersion:   Dev-Core (375EC13C-06E4-48FB-B500-84F0262A717E): 2
LogDevObjectVersion:   Dev-Editor (E4B068ED-F494-42E9-A231-DA0B2E46BB41): 24
LogDevObjectVersion:   Dev-Framework (CFFC743F-43B0-4480-9391-14DF171D2073): 34
LogDevObjectVersion:   Dev-Mobile (B02B49B5-BB20-44E9-A304-32B752E40360): 2
LogDevObjectVersion:   Dev-Networking (A4E4105C-59A1-49B5-A7C5-40C4547EDFEE): 0
LogDevObjectVersion:   Dev-Online (39C831C9-5AE6-47DC-9A44-9C173E1C8E7C): 0
LogDevObjectVersion:   Dev-Physics (78F01B33-EBEA-4F98-B9B4-84EACCB95AA2): 0
LogDevObjectVersion:   Dev-Platform (6631380F-2D4D-43E0-8009-CF276956A95A): 0
LogDevObjectVersion:   Dev-Rendering (12F88B9F-8875-4AFC-A67C-D90C383ABD29): 26
LogDevObjectVersion:   Dev-Sequencer (7B5AE74C-D270-4C10-A958-57980B212A5A): 9
LogDevObjectVersion:   Dev-VR (D7296918-1DD6-4BDD-9DE2-64A83CC13884): 2
LogDevObjectVersion:   Dev-LoadTimes (C2A15278-BFE7-4AFE-6C17-90FF531DF755): 1
LogDevObjectVersion:   Private-Geometry (6EACA3D4-40EC-4CC1-B786-8BED09428FC5): 3
LogDevObjectVersion:   Dev-AnimPhys (29E575DD-E0A3-4627-9D10-D276232CDCEA): 17
LogDevObjectVersion:   Dev-ReflectionCapture (6B266CEC-1EC7-4B8F-A30B-E4D90942FC07): 1
LogDevObjectVersion:   Dev-Automation (0DF73D61-A23F-47EA-B727-89E90C41499A): 1
LogDevObjectVersion:   FortniteMain (601D1886-AC64-4F84-AA16-D3DE0DEAC7D6): 12
LogDevObjectVersion:   Dev-Enterprise (9DFFBCD6-494F-0158-E221-12823C92A888): 1
LogStreaming: Display: Took  0.001s to delete old logs.
LogInit: Presizing for max 8388607 objects, including 0 objects not considered by GC, pre-allocating 0 bytes for permanent pool.
LogInit: Object subsystem initialized
[2019.02.23-02.02.06:334][  0]LogInit: Selected Device Profile: [Windows]
[2019.02.23-02.02.06:334][  0]LogInit: Applying CVar settings loaded from the selected device profile: [Windows]
[2019.02.23-02.02.06:346][  0]LogHAL: Display: Platform has ~ 16 GB [17136545792 / 17179869184 / 16], which maps to Larger [LargestMinGB=32, LargerMinGB=12, DefaultMinGB=8, SmallerMinGB=6, SmallestMinGB=0)
[2019.02.23-02.02.06:346][  0]LogInit: Setting Device Profile CVar: [[r.Vulkan.UseRealUBs:1]]
[2019.02.23-02.02.06:347][  0]LogInit: Going up to parent DeviceProfile []
[2019.02.23-02.02.06:347][  0]LogInit: Computer: RENZY-GAMING
[2019.02.23-02.02.06:347][  0]LogInit: User: Renzy
[2019.02.23-02.02.06:347][  0]LogInit: CPU Page size=4096, Cores=4
[2019.02.23-02.02.06:347][  0]LogInit: High frequency timer resolution =3.421871 MHz
[2019.02.23-02.02.06:348][  0]LogMemory: Memory total: Physical=16.0GB (16GB approx)
[2019.02.23-02.02.06:348][  0]LogMemory: Platform Memory Stats for Windows
[2019.02.23-02.02.06:349][  0]LogMemory: Process Physical Memory: 101.79 MB used, 101.79 MB peak
[2019.02.23-02.02.06:349][  0]LogMemory: Process Virtual Memory: 96.33 MB used, 96.33 MB peak
[2019.02.23-02.02.06:349][  0]LogMemory: Physical Memory: 7070.46 MB used,  9272.22 MB free, 16342.68 MB total
[2019.02.23-02.02.06:349][  0]LogMemory: Virtual Memory: 4637.35 MB used,  9272.22 MB free, 134217728.00 MB total
[2019.02.23-02.02.06:460][  0]LogInit: Using OS detected language (en-US).
[2019.02.23-02.02.06:460][  0]LogInit: Using OS detected locale (en-CA).
[2019.02.23-02.02.06:461][  0]LogTextLocalizationManager: No specific localization for 'en-US' exists, so the 'en' localization will be used.
[2019.02.23-02.02.06:751][  0]LogStreaming: Display: Took  0.291s to InitEngineTextLocalization.
[2019.02.23-02.02.06:751][  0]LogInit: Setting process to per monitor DPI aware
[2019.02.23-02.02.06:858][  0]LogSlate: New Slate User Created.  User Index 0, Is Virtual User: 0
[2019.02.23-02.02.06:872][  0]LogSlate: Slate User Registered.  User Index 0, Is Virtual User: 0
[2019.02.23-02.02.07:131][  0]LogHMD: Failed to initialize OpenVR with code 110
[2019.02.23-02.02.07:131][  0]LogD3D11RHI: D3D11 adapters:
[2019.02.23-02.02.07:195][  0]LogD3D11RHI:    0. 'NVIDIA GeForce GTX 1060 6GB' (Feature Level 11_0)
[2019.02.23-02.02.07:195][  0]LogD3D11RHI:       6052/0/8171 MB DedicatedVideo/DedicatedSystem/SharedSystem, Outputs:2, VendorId:0x10de
[2019.02.23-02.02.07:202][  0]LogD3D11RHI:    1. 'Microsoft Basic Render Driver' (Feature Level 11_0)
[2019.02.23-02.02.07:202][  0]LogD3D11RHI:       0/0/8171 MB DedicatedVideo/DedicatedSystem/SharedSystem, Outputs:0, VendorId:0x1414
[2019.02.23-02.02.07:202][  0]LogD3D11RHI: Chosen D3D11 Adapter: 0
[2019.02.23-02.02.07:209][  0]LogD3D11RHI: Creating new Direct3DDevice
[2019.02.23-02.02.07:209][  0]LogD3D11RHI:     GPU DeviceId: 0x1c03 (for the marketing name, search the web for "GPU Device Id")
[2019.02.23-02.02.07:209][  0]LogWindows: EnumDisplayDevices:
[2019.02.23-02.02.07:209][  0]LogWindows:    0. 'NVIDIA GeForce GTX 1060 6GB' (P:1 D:1)
[2019.02.23-02.02.07:209][  0]LogWindows:    1. 'NVIDIA GeForce GTX 1060 6GB' (P:0 D:1)
[2019.02.23-02.02.07:210][  0]LogWindows:    2. 'NVIDIA GeForce GTX 1060 6GB' (P:0 D:0)
[2019.02.23-02.02.07:210][  0]LogWindows:    3. 'NVIDIA GeForce GTX 1060 6GB' (P:0 D:0)
[2019.02.23-02.02.07:210][  0]LogWindows: DebugString: FoundDriverCount:4 
[2019.02.23-02.02.07:210][  0]LogD3D11RHI:     Adapter Name: NVIDIA GeForce GTX 1060 6GB
[2019.02.23-02.02.07:210][  0]LogD3D11RHI:   Driver Version: 418.81 (internal:25.21.14.1881, unified:418.81)
[2019.02.23-02.02.07:210][  0]LogD3D11RHI:      Driver Date: 1-30-2019
[2019.02.23-02.02.07:210][  0]LogRHI: Texture pool is 4236 MB (70% of 6052 MB)
[2019.02.23-02.02.07:246][  0]LogD3D11RHI: Async texture creation enabled
[2019.02.23-02.02.07:264][  0]LogD3D11RHI: GPU Timing Frequency: 1000.000000 (Debug: 2 1)
[2019.02.23-02.02.07:355][  0]LogShaderCompilers: Guid format shader working directory is -64 characters bigger than the processId version (../../../../../../Renzy/Documents/Algonquin/Term 4/GAM1528 - High Level Development 2/Assignments/GOOB-master/Intermediate/Shaders/WorkingDirectory/10608/).
[2019.02.23-02.02.07:355][  0]LogShaderCompilers: Cleaned the shader compiler working directory 'C:/Users/Renzy/AppData/Local/Temp/UnrealShaderWorkingDir/A07137A54A68401A4F9C428871AD5CC3/'.
[2019.02.23-02.02.07:568][  0]LogTemp: Display: Loaded TP AllDesktopTargetPlatform
[2019.02.23-02.02.07:581][  0]LogTemp: Display: Loaded TP MacClientTargetPlatform
[2019.02.23-02.02.07:592][  0]LogTemp: Display: Loaded TP MacNoEditorTargetPlatform
[2019.02.23-02.02.07:605][  0]LogTemp: Display: Loaded TP MacServerTargetPlatform
[2019.02.23-02.02.07:616][  0]LogTemp: Display: Loaded TP MacTargetPlatform
[2019.02.23-02.02.07:630][  0]LogTemp: Display: Loaded TP WindowsClientTargetPlatform
[2019.02.23-02.02.07:643][  0]LogTemp: Display: Loaded TP WindowsNoEditorTargetPlatform
[2019.02.23-02.02.07:655][  0]LogTemp: Display: Loaded TP WindowsServerTargetPlatform
[2019.02.23-02.02.07:661][  0]LogTemp: Display: Loaded TP WindowsTargetPlatform
[2019.02.23-02.02.07:721][  0]LogTemp: Display: Loaded TP AndroidTargetPlatform
[2019.02.23-02.02.07:721][  0]LogTemp: Display: Loaded TP AndroidTargetPlatform
[2019.02.23-02.02.07:721][  0]LogTemp: Display: Loaded TP AndroidTargetPlatform
[2019.02.23-02.02.07:721][  0]LogTemp: Display: Loaded TP AndroidTargetPlatform
[2019.02.23-02.02.07:721][  0]LogTemp: Display: Loaded TP AndroidTargetPlatform
[2019.02.23-02.02.07:721][  0]LogTemp: Display: Loaded TP AndroidTargetPlatform
[2019.02.23-02.02.07:722][  0]LogTemp: Display: Loaded TP AndroidTargetPlatform
[2019.02.23-02.02.07:722][  0]LogTemp: Display: Loaded TP AndroidTargetPlatform
[2019.02.23-02.02.07:722][  0]LogTemp: Display: Loaded TP AndroidTargetPlatform
[2019.02.23-02.02.07:722][  0]LogTemp: Display: Loaded TP AndroidTargetPlatform
[2019.02.23-02.02.07:722][  0]LogTemp: Display: Loaded TP AndroidTargetPlatform
[2019.02.23-02.02.07:722][  0]LogTemp: Display: Loaded TP AndroidTargetPlatform
[2019.02.23-02.02.07:722][  0]LogTemp: Display: Loaded TP AndroidTargetPlatform
[2019.02.23-02.02.07:722][  0]LogTemp: Display: Loaded TP AndroidTargetPlatform
[2019.02.23-02.02.07:722][  0]LogTemp: Display: Loaded TP AndroidTargetPlatform
[2019.02.23-02.02.07:722][  0]LogTemp: Display: Loaded TP AndroidTargetPlatform
[2019.02.23-02.02.07:722][  0]LogTemp: Display: Loaded TP AndroidTargetPlatform
[2019.02.23-02.02.07:722][  0]LogTemp: Display: Loaded TP AndroidTargetPlatform
[2019.02.23-02.02.07:725][  0]LogTemp: Display: Loaded TP HTML5TargetPlatform
[2019.02.23-02.02.07:787][  0]LogTemp: Display: Loaded TP IOSTargetPlatform
[2019.02.23-02.02.07:787][  0]LogTemp: Display: Loaded TP IOSTargetPlatform
[2019.02.23-02.02.07:808][  0]LogTemp: Display: Loaded TP TVOSTargetPlatform
[2019.02.23-02.02.07:808][  0]LogTemp: Display: Loaded TP TVOSTargetPlatform
[2019.02.23-02.02.07:818][  0]LogTemp: Display: Loaded TP LinuxClientTargetPlatform
[2019.02.23-02.02.07:830][  0]LogTemp: Display: Loaded TP LinuxNoEditorTargetPlatform
[2019.02.23-02.02.07:842][  0]LogTemp: Display: Loaded TP LinuxServerTargetPlatform
[2019.02.23-02.02.07:854][  0]LogTemp: Display: Loaded TP LinuxTargetPlatform
[2019.02.23-02.02.07:863][  0]LogTemp: Display: Loaded TP LuminTargetPlatform
[2019.02.23-02.02.07:863][  0]LogTargetPlatformManager: Display: Building Assets For Windows
[2019.02.23-02.02.07:947][  0]LogXGEController: Cleaning working directory: C:/Users/Renzy/AppData/Local/Temp/UnrealXGEWorkingDir/
[2019.02.23-02.02.07:947][  0]LogXGEController: Cannot use XGE Controller as Incredibuild is not installed on this machine.
[2019.02.23-02.02.07:947][  0]LogShaderCompilers: Cannot use XGE Shader Compiler as Incredibuild is not installed on this machine.
[2019.02.23-02.02.07:947][  0]LogShaderCompilers: Display: Using Local Shader Compiler.
[2019.02.23-02.02.08:472][  0]LogDerivedDataCache: Display: Max Cache Size: 512 MB
[2019.02.23-02.02.08:516][  0]LogDerivedDataCache: Loaded boot cache 0.04s 71MB C:/Users/Renzy/AppData/Local/UnrealEngine/4.20/DerivedDataCache/Boot.ddc.
[2019.02.23-02.02.08:516][  0]LogDerivedDataCache: Display: Loaded Boot cache: C:/Users/Renzy/AppData/Local/UnrealEngine/4.20/DerivedDataCache/Boot.ddc
[2019.02.23-02.02.08:517][  0]LogDerivedDataCache: FDerivedDataBackendGraph:  Pak pak cache file ../../../../../../Renzy/Documents/Algonquin/Term 4/GAM1528 - High Level Development 2/Assignments/GOOB-master/DerivedDataCache/DDC.ddp not found, will not use a pak cache.
[2019.02.23-02.02.08:517][  0]LogDerivedDataCache: Unable to find inner node Pak for hierarchical cache Hierarchy.
[2019.02.23-02.02.08:517][  0]LogDerivedDataCache: FDerivedDataBackendGraph:  CompressedPak pak cache file ../../../../../../Renzy/Documents/Algonquin/Term 4/GAM1528 - High Level Development 2/Assignments/GOOB-master/DerivedDataCache/Compressed.ddp not found, will not use a pak cache.
[2019.02.23-02.02.08:517][  0]LogDerivedDataCache: Unable to find inner node CompressedPak for hierarchical cache Hierarchy.
[2019.02.23-02.02.08:527][  0]LogDerivedDataCache: Display: Pak cache opened for reading ../../../Engine/DerivedDataCache/Compressed.ddp.
[2019.02.23-02.02.08:539][  0]LogDerivedDataCache: Using Local data cache path C:/Users/Renzy/AppData/Local/UnrealEngine/Common/DerivedDataCache: Writable
[2019.02.23-02.02.08:539][  0]LogDerivedDataCache: Shared data cache path not found in *engine.ini, will not use an Shared cache.
[2019.02.23-02.02.08:539][  0]LogDerivedDataCache: Unable to find inner node Shared for hierarchical cache Hierarchy.
[2019.02.23-02.02.08:553][  0]LogMaterial: Verifying Global Shaders for PCD3D_SM5
[2019.02.23-02.02.08:554][  0]LogSlate: Using FreeType 2.6.0
[2019.02.23-02.02.08:555][  0]LogSlate: SlateFontServices - WITH_FREETYPE: 1, WITH_HARFBUZZ: 1
[2019.02.23-02.02.08:625][  0]LogAssetRegistry: FAssetRegistry took 0.0274 seconds to start up
[2019.02.23-02.02.08:855][  0]LogInit: Selected Device Profile: [Windows]
[2019.02.23-02.02.08:910][  0]LogSimplygon: Simplygon DLL not present - disabling.
[2019.02.23-02.02.08:916][  0]LogMeshReduction: Using SimplygonSwarm for distributed automatic mesh merging
[2019.02.23-02.02.08:916][  0]LogMeshReduction: Using ProxyLODMeshReduction for automatic mesh merging
[2019.02.23-02.02.08:917][  0]LogMeshReduction: Using QuadricMeshReduction for automatic static mesh reduction
[2019.02.23-02.02.08:917][  0]LogMeshReduction: No automatic skeletal mesh reduction module available
[2019.02.23-02.02.08:991][  0]LogNetVersion: Terminus_22XX 1.0.0, NetCL: 4212847, EngineNetVer: 5, GameNetVer: 0 (Checksum: 1011408813)
[2019.02.23-02.02.09:399][  0]LogPackageLocalizationCache: Processed 11 localized package path(s) for 2 prioritized culture(s) in 0.108894 seconds
[2019.02.23-02.02.09:406][  0]LogUObjectArray: 38425 objects as part of root set at end of initial load.
[2019.02.23-02.02.09:406][  0]LogUObjectAllocator: 6690864 out of 0 bytes used by permanent object pool.
[2019.02.23-02.02.09:406][  0]LogUObjectArray: CloseDisregardForGC: 0/0 objects in disregard for GC pool
[2019.02.23-02.02.10:220][  0]LogTcpMessaging: Initializing TcpMessaging bridge
[2019.02.23-02.02.10:236][  0]LogUdpMessaging: Initializing bridge on interface 0.0.0.0:0 to multicast group 230.0.0.1:6666.
[2019.02.23-02.02.10:407][  0]SourceControl: Source control is disabled
[2019.02.23-02.02.10:407][  0]SourceControl: Source control is disabled
[2019.02.23-02.02.10:410][  0]SourceControl: Source control is disabled
[2019.02.23-02.02.10:412][  0]SourceControl: Source control is disabled
[2019.02.23-02.02.10:629][  0]LogAndroidPermission: UAndroidPermissionCallbackProxy::GetInstance
[2019.02.23-02.02.10:747][  0]LogOcInput: OculusInput pre-init called
[2019.02.23-02.02.10:798][  0]LogEngine: Initializing Engine...
[2019.02.23-02.02.10:799][  0]LogHMD: Failed to initialize OpenVR with code 110
[2019.02.23-02.02.10:800][  0]LogStats: UGameplayTagsManager::ConstructGameplayTagTree: ImportINI prefixes -  0.000 s
[2019.02.23-02.02.10:800][  0]LogStats: UGameplayTagsManager::ConstructGameplayTagTree: Construct from data asset -  0.000 s
[2019.02.23-02.02.10:801][  0]LogStats: UGameplayTagsManager::ConstructGameplayTagTree: ImportINI -  0.000 s
[2019.02.23-02.02.10:801][  0]LogStats: UGameplayTagsManager::ConstructGameplayTagTree: GameplayTagTreeChangedEvent.Broadcast -  0.000 s
[2019.02.23-02.02.10:951][  0]LogInit: Initializing FReadOnlyCVARCache
[2019.02.23-02.02.10:960][  0]LogAIModule: Creating AISystem for world Untitled
[2019.02.23-02.02.11:035][  0]LogInit: XAudio2 using 'Speakers (Sound BlasterX AE-5)' : 6 channels at 48 kHz using 32 bits per sample (channel mask 0x3f)
[2019.02.23-02.02.11:075][  0]LogInit: FAudioDevice initialized.
[2019.02.23-02.02.11:075][  0]LogNetVersion: Set ProjectVersion to 1.0.0.0. Version Checksum will be recalculated on next use.
[2019.02.23-02.02.11:136][  0]LogDerivedDataCache: Saved boot cache 0.06s 71MB C:/Users/Renzy/AppData/Local/UnrealEngine/4.20/DerivedDataCache/Boot.ddc.
[2019.02.23-02.02.11:143][  0]LogInit: Texture streaming: Enabled
[2019.02.23-02.02.11:159][  0]LogEngineSessionManager: EngineSessionManager initialized
[2019.02.23-02.02.11:159][  0]LogEngineSessionManager: EngineSessionManager sent abnormal shutdown report. Type=Debugger, SessionId={5A95BD7F-4EE3-3C60-DC45-6CBF8FB6DFCF}
[2019.02.23-02.02.11:159][  0]LogEngineSessionManager: EngineSessionManager sent abnormal shutdown report. Type=Debugger, SessionId={F837D1F2-4819-FCE3-D23C-17A1E4D0F569}
[2019.02.23-02.02.11:165][  0]LogInit: Transaction tracking system initialized
[2019.02.23-02.02.11:183][  0]BlueprintLog: New page: Editor Load
[2019.02.23-02.02.11:256][  0]LocalizationService: Localization service is disabled
[2019.02.23-02.02.11:478][  0]LogCook: Display: Max memory allowance for cook 16384mb min free memory 0mb
[2019.02.23-02.02.11:478][  0]LogCook: Display: Mobile HDR setting 1
[2019.02.23-02.02.11:478][  0]LogGameplayTags: Display: UGameplayTagsManager::DoneAddingNativeTags. DelegateIsBound: 0
[2019.02.23-02.02.11:478][  0]LogStats: UGameplayTagsManager::ConstructGameplayTagTree: ImportINI prefixes -  0.000 s
[2019.02.23-02.02.11:478][  0]LogStats: UGameplayTagsManager::ConstructGameplayTagTree: Construct from data asset -  0.000 s
[2019.02.23-02.02.11:479][  0]LogStats: UGameplayTagsManager::ConstructGameplayTagTree: ImportINI -  0.000 s
[2019.02.23-02.02.11:479][  0]LogStats: UGameplayTagsManager::ConstructGameplayTagTree: GameplayTagTreeChangedEvent.Broadcast -  0.000 s
[2019.02.23-02.02.11:594][  0]LogFileCache: Scanning file cache for directory 'F:/Renzy/Documents/Algonquin/Term 4/GAM1528 - High Level Development 2/Assignments/GOOB-master/Content/' took 0.02s
[2019.02.23-02.02.11:594][  0]SourceControl: Source control is disabled
[2019.02.23-02.02.11:594][  0]Cmd: MAP LOAD FILE="../../../../../../Renzy/Documents/Algonquin/Term 4/GAM1528 - High Level Development 2/Assignments/GOOB-master/Content/Levels/Test_Level.umap" TEMPLATE=0 SHOWPROGRESS=1 FEATURELEVEL=3
[2019.02.23-02.02.11:594][  0]LightingResults: New page: Lighting Build
[2019.02.23-02.02.11:596][  0]MapCheck: New page: Map Check
[2019.02.23-02.02.11:596][  0]LightingResults: New page: Lighting Build
[2019.02.23-02.02.11:674][  0]LogAIModule: Creating AISystem for world Test_Level
[2019.02.23-02.02.11:680][  0]PIE: Warning: AttachTo: '/Game/Levels/Test_Level.Test_Level:PersistentLevel.TestT22XX_Vampyr_3.Gun Mesh' root component cannot be attached to other components in the same actor. Aborting.
[2019.02.23-02.02.11:683][  0]LogEditorServer: Finished looking for orphan Actors (0.000 secs)
[2019.02.23-02.02.11:700][  0]Cmd: MAP CHECKDEP NOCLEARLOG
[2019.02.23-02.02.11:754][  0]MapCheck: Map check complete: 0 Error(s), 0 Warning(s), took 52.751ms to complete.
[2019.02.23-02.02.11:754][  0]LogFileHelpers: Loading map 'Test_Level' took 0.159
[2019.02.23-02.02.11:857][  0]LogSlate: Updating window title bar state: overlay mode, drag disabled, window buttons hidden, title bar hidden
[2019.02.23-02.02.11:863][  0]LogSlate: Updating window title bar state: overlay mode, drag disabled, window buttons hidden, title bar hidden
[2019.02.23-02.02.11:869][  0]LogSlate: Updating window title bar state: overlay mode, drag disabled, window buttons hidden, title bar hidden
[2019.02.23-02.02.11:875][  0]LogSlate: Updating window title bar state: overlay mode, drag disabled, window buttons hidden, title bar hidden
[2019.02.23-02.02.11:880][  0]LogCollectionManager: Loaded 0 collections in 0.000976 seconds
[2019.02.23-02.02.11:930][  0]LogFileCache: Scanning file cache for directory 'F:/Renzy/Documents/Algonquin/Term 4/GAM1528 - High Level Development 2/Assignments/GOOB-master/Saved/Collections/' took 0.01s
[2019.02.23-02.02.11:930][  0]LogFileCache: Scanning file cache for directory 'F:/Renzy/Documents/Algonquin/Term 4/GAM1528 - High Level Development 2/Assignments/GOOB-master/Content/Developers/Renzy/Collections/' took 0.01s
[2019.02.23-02.02.11:930][  0]LogFileCache: Scanning file cache for directory 'F:/Renzy/Documents/Algonquin/Term 4/GAM1528 - High Level Development 2/Assignments/GOOB-master/Content/Collections/' took 0.01s
[2019.02.23-02.02.11:930][  0]LogCollectionManager: Rebuilt the GUID cache for 0 collections in 0.000000 seconds
[2019.02.23-02.02.11:938][  0]LogContentBrowser: Native class hierarchy populated in 0.0076 seconds. Added 2594 classes and 608 folders.
[2019.02.23-02.02.11:943][  0]LogContentBrowser: Native class hierarchy updated for 'WidgetCarousel' in 0.0004 seconds. Added 0 classes and 0 folders.
[2019.02.23-02.02.11:998][  0]LogContentBrowser: Native class hierarchy updated for 'AddContentDialog' in 0.0004 seconds. Added 0 classes and 0 folders.
[2019.02.23-02.02.12:002][  0]LogContentBrowser: Native class hierarchy updated for 'SceneOutliner' in 0.0005 seconds. Added 1 classes and 2 folders.
[2019.02.23-02.02.12:052][  0]LogSlate: Took 0.000237 seconds to synchronously load lazily loaded font '../../../Engine/Content/Slate/Fonts/Roboto-Regular.ttf' (155K)
[2019.02.23-02.02.12:055][  0]LogSlate: Took 0.000198 seconds to synchronously load lazily loaded font '../../../Engine/Content/Slate/Fonts/Roboto-Bold.ttf' (160K)
[2019.02.23-02.02.12:059][  0]LogSlate: Took 0.000254 seconds to synchronously load lazily loaded font '../../../Engine/Content/Editor/Slate/Fonts/FontAwesome.ttf' (139K)
[2019.02.23-02.02.12:123][  0]LogRenderer: Reallocating scene render targets to support 1208x576 Format 10 NumSamples 1 (Frame:1).
[2019.02.23-02.02.12:226][  0]LogContentBrowser: Native class hierarchy updated for 'HierarchicalLODOutliner' in 0.0004 seconds. Added 0 classes and 0 folders.
[2019.02.23-02.02.12:226][  0]LogLoad: (Engine Initialization) Total time: 7.76 seconds
[2019.02.23-02.02.12:226][  0]LogLoad: (Engine Initialization) Total Blueprint compile time: 0.00 seconds
[2019.02.23-02.02.12:236][  0]LogWindowsTextInputMethodSystem: Display: IME system now deactivated.
[2019.02.23-02.02.12:255][  0]LogAssetRegistry: Asset discovery search completed in 3.6539 seconds
[2019.02.23-02.02.12:256][  0]LogCollectionManager: Rebuilt the object cache for 0 collections in 0.000000 seconds (found 0 objects)
[2019.02.23-02.02.12:256][  0]LogCollectionManager: Fixed up redirectors for 0 collections in 0.000110 seconds (updated 0 objects)
[2019.02.23-02.02.12:258][  0]LogContentStreaming: Texture pool size now 1000 MB
[2019.02.23-02.02.12:291][  0]LogSlate: Took 0.000250 seconds to synchronously load lazily loaded font '../../../Engine/Content/Slate/Fonts/Roboto-Light.ttf' (167K)
[2019.02.23-02.02.13:408][123]LogSlate: FSceneViewport::OnFocusLost() reason 0
[2019.02.23-02.02.13:490][133]LogTemp: Repeating last play command: Selected Viewport
[2019.02.23-02.02.13:510][133]LogPlayLevel: PlayLevel: No blueprints needed recompiling
[2019.02.23-02.02.13:523][133]PIE: New page: PIE session: Test_Level (Feb 22, 2019, 4:02:13 PM)
[2019.02.23-02.02.13:523][133]LogPlayLevel: Creating play world package: /Game/Levels/UEDPIE_0_Test_Level
[2019.02.23-02.02.13:545][133]LogPlayLevel: PIE: StaticDuplicateObject took: (0.021762s)
[2019.02.23-02.02.13:546][133]LogAIModule: Creating AISystem for world Test_Level
[2019.02.23-02.02.13:547][133]LogPlayLevel: PIE: World Init took: (0.000759s)
[2019.02.23-02.02.13:547][133]LogPlayLevel: PIE: Created PIE world by copying editor world from /Game/Levels/Test_Level.Test_Level to /Game/Levels/UEDPIE_0_Test_Level.Test_Level (0.023423s)
[2019.02.23-02.02.13:588][133]LogInit: XAudio2 using 'Speakers (Sound BlasterX AE-5)' : 6 channels at 48 kHz using 32 bits per sample (channel mask 0x3f)
[2019.02.23-02.02.13:601][133]LogInit: FAudioDevice initialized.
[2019.02.23-02.02.13:724][133]LogLoad: Game class is 'Test_Terminus_22XXGameModeBase_C'
[2019.02.23-02.02.13:727][133]LogWorld: Bringing World /Game/Levels/UEDPIE_0_Test_Level.Test_Level up for play (max tick rate 0) at 2019.02.22-21.02.13
[2019.02.23-02.02.13:727][133]LogWorld: Bringing up level for play took: 0.001708
[2019.02.23-02.02.13:744][133]LogContentBrowser: Native class hierarchy updated for 'MovieSceneCapture' in 0.0004 seconds. Added 10 classes and 0 folders.
[2019.02.23-02.02.13:746][133]PIE: Play in editor start time for /Game/Levels/UEDPIE_0_Test_Level 0.861
[2019.02.23-02.02.18:918][743]LogSlate: Updating window title bar state: overlay mode, drag disabled, window buttons hidden, title bar hidden
[2019.02.23-02.02.18:956][743]LogPlayLevel: Display: Shutting down PIE online subsystems
[2019.02.23-02.02.18:975][743]LogSlate: Updating window title bar state: overlay mode, drag disabled, window buttons hidden, title bar hidden
[2019.02.23-02.02.19:023][748]LogPlayLevel: Display: Destroying online subsystem :Context_7
[2019.02.23-02.02.22:836][204]LogEditorViewport: Clicking on Actor (LMB): TestT22XX_Vampyr_C (TestT22XX_Vampyr)
[2019.02.23-02.02.24:909][443]LogSlate: FSceneViewport::OnFocusLost() reason 0
[2019.02.23-02.02.25:016][456]LogTemp: Repeating last play command: Selected Viewport
[2019.02.23-02.02.25:036][456]LogPlayLevel: PlayLevel: No blueprints needed recompiling
[2019.02.23-02.02.25:036][456]PIE: New page: PIE session: Test_Level (Feb 22, 2019, 4:02:25 PM)
[2019.02.23-02.02.25:036][456]LogPlayLevel: Creating play world package: /Game/Levels/UEDPIE_0_Test_Level
[2019.02.23-02.02.25:047][456]LogPlayLevel: PIE: StaticDuplicateObject took: (0.011337s)
[2019.02.23-02.02.25:048][456]LogAIModule: Creating AISystem for world Test_Level
[2019.02.23-02.02.25:048][456]LogPlayLevel: PIE: World Init took: (0.000608s)
[2019.02.23-02.02.25:048][456]LogPlayLevel: PIE: Created PIE world by copying editor world from /Game/Levels/Test_Level.Test_Level to /Game/Levels/UEDPIE_0_Test_Level.Test_Level (0.012206s)
[2019.02.23-02.02.25:088][456]LogInit: XAudio2 using 'Speakers (Sound BlasterX AE-5)' : 6 channels at 48 kHz using 32 bits per sample (channel mask 0x3f)
[2019.02.23-02.02.25:102][456]LogInit: FAudioDevice initialized.
[2019.02.23-02.02.25:136][456]LogLoad: Game class is 'Test_Terminus_22XXGameModeBase_C'
[2019.02.23-02.02.25:137][456]PIE: Warning: AttachTo: '/Game/Levels/UEDPIE_0_Test_Level.Test_Level:PersistentLevel.TestT22XX_Vampyr_3.SphereComponent' root component cannot be attached to other components in the same actor. Aborting.
[2019.02.23-02.02.25:138][456]LogWorld: Bringing World /Game/Levels/UEDPIE_0_Test_Level.Test_Level up for play (max tick rate 0) at 2019.02.22-21.02.25
[2019.02.23-02.02.25:138][456]LogWorld: Bringing up level for play took: 0.001515
[2019.02.23-02.02.25:152][456]PIE: Play in editor start time for /Game/Levels/UEDPIE_0_Test_Level 0.267
[2019.02.23-02.02.29:643][993]LogSlate: Updating window title bar state: overlay mode, drag disabled, window buttons hidden, title bar hidden
[2019.02.23-02.02.29:676][993]LogPlayLevel: Display: Shutting down PIE online subsystems
[2019.02.23-02.02.29:695][993]LogSlate: Updating window title bar state: overlay mode, drag disabled, window buttons hidden, title bar hidden
[2019.02.23-02.02.29:761][994]LogPlayLevel: Display: Destroying online subsystem :Context_10
[2019.02.23-02.02.32:693][343]LogEditorViewport: Clicking on Actor (LMB): TestT22XX_Vampyr_C (TestT22XX_Vampyr)
[2019.02.23-02.02.34:805][582]Cmd: DELETE
[2019.02.23-02.02.34:805][582]Cmd: ACTOR DELETE
[2019.02.23-02.02.34:809][582]LogEditorActor: Deleted Actor: TestT22XX_Vampyr_C
[2019.02.23-02.02.34:827][582]LogEditorActor: Deleted 1 Actors (0.021 secs)
[2019.02.23-02.02.36:134][739]LogSlate: FSceneViewport::OnFocusLost() reason 0
[2019.02.23-02.02.38:964][ 39]LogSlate: Took 0.000467 seconds to synchronously load lazily loaded font '../../../Engine/Content/Slate/Fonts/Roboto-Light.ttf' (167K)
[2019.02.23-02.02.38:970][ 39]LogSlate: FSceneViewport::OnFocusLost() reason 2
[2019.02.23-02.02.39:176][ 39]LogSavePackage: Moving '../../../../../../Renzy/Documents/Algonquin/Term 4/GAM1528 - High Level Development 2/Assignments/GOOB-master/Saved/Test_Level50BB8EAF412030ABFA852B8A40B64B5D.tmp' to '../../../../../../Renzy/Documents/Algonquin/Term 4/GAM1528 - High Level Development 2/Assignments/GOOB-master/Content/Levels/Test_Level.umap'
[2019.02.23-02.02.39:385][ 39]LogSavePackage: Moving '../../../../../../Renzy/Documents/Algonquin/Term 4/GAM1528 - High Level Development 2/Assignments/GOOB-master/Saved/Test_Level_BuiltData446ACD8245974A82FD72B5938E7BDFDD.tmp' to '../../../../../../Renzy/Documents/Algonquin/Term 4/GAM1528 - High Level Development 2/Assignments/GOOB-master/Content/Levels/Test_Level_BuiltData.uasset'
[2019.02.23-02.02.40:491][171]LogTemp: Repeating last play command: Selected Viewport
[2019.02.23-02.02.40:509][171]LogPlayLevel: PlayLevel: No blueprints needed recompiling
[2019.02.23-02.02.40:509][171]PIE: New page: PIE session: Test_Level (Feb 22, 2019, 4:02:40 PM)
[2019.02.23-02.02.40:509][171]LogPlayLevel: Creating play world package: /Game/Levels/UEDPIE_0_Test_Level
[2019.02.23-02.02.40:521][171]LogPlayLevel: PIE: StaticDuplicateObject took: (0.011217s)
[2019.02.23-02.02.40:521][171]LogAIModule: Creating AISystem for world Test_Level
[2019.02.23-02.02.40:521][171]LogPlayLevel: PIE: World Init took: (0.000575s)
[2019.02.23-02.02.40:521][171]LogPlayLevel: PIE: Created PIE world by copying editor world from /Game/Levels/Test_Level.Test_Level to /Game/Levels/UEDPIE_0_Test_Level.Test_Level (0.012034s)
[2019.02.23-02.02.40:561][171]LogInit: XAudio2 using 'Speakers (Sound BlasterX AE-5)' : 6 channels at 48 kHz using 32 bits per sample (channel mask 0x3f)
[2019.02.23-02.02.40:574][171]LogInit: FAudioDevice initialized.
[2019.02.23-02.02.40:605][171]LogLoad: Game class is 'Test_Terminus_22XXGameModeBase_C'
[2019.02.23-02.02.40:607][171]LogWorld: Bringing World /Game/Levels/UEDPIE_0_Test_Level.Test_Level up for play (max tick rate 0) at 2019.02.22-21.02.40
[2019.02.23-02.02.40:607][171]LogWorld: Bringing up level for play took: 0.001321
[2019.02.23-02.02.40:621][171]PIE: Play in editor start time for /Game/Levels/UEDPIE_0_Test_Level -0.264
[2019.02.23-02.02.48:047][ 60]LogSlate: Updating window title bar state: overlay mode, drag disabled, window buttons hidden, title bar hidden
[2019.02.23-02.02.48:080][ 60]LogPlayLevel: Display: Shutting down PIE online subsystems
[2019.02.23-02.02.48:099][ 60]LogSlate: Updating window title bar state: overlay mode, drag disabled, window buttons hidden, title bar hidden
[2019.02.23-02.02.48:153][ 65]LogPlayLevel: Display: Destroying online subsystem :Context_11
[2019.02.23-02.02.49:154][185]LogSlate: FSceneViewport::OnFocusLost() reason 0
[2019.02.23-02.02.52:303][539]LogSlate: FSceneViewport::OnFocusLost() reason 0
[2019.02.23-02.02.52:369][547]LogTemp: Repeating last play command: Selected Viewport
[2019.02.23-02.02.52:388][547]LogPlayLevel: PlayLevel: No blueprints needed recompiling
[2019.02.23-02.02.52:388][547]PIE: New page: PIE session: Test_Level (Feb 22, 2019, 4:02:52 PM)
[2019.02.23-02.02.52:388][547]LogPlayLevel: Creating play world package: /Game/Levels/UEDPIE_0_Test_Level
[2019.02.23-02.02.52:400][547]LogPlayLevel: PIE: StaticDuplicateObject took: (0.011730s)
[2019.02.23-02.02.52:401][547]LogAIModule: Creating AISystem for world Test_Level
[2019.02.23-02.02.52:402][547]LogPlayLevel: PIE: World Init took: (0.001326s)
[2019.02.23-02.02.52:402][547]LogPlayLevel: PIE: Created PIE world by copying editor world from /Game/Levels/Test_Level.Test_Level to /Game/Levels/UEDPIE_0_Test_Level.Test_Level (0.013564s)
[2019.02.23-02.02.52:441][547]LogInit: XAudio2 using 'Speakers (Sound BlasterX AE-5)' : 6 channels at 48 kHz using 32 bits per sample (channel mask 0x3f)
[2019.02.23-02.02.52:456][547]LogInit: FAudioDevice initialized.
[2019.02.23-02.02.52:492][547]LogLoad: Game class is 'Test_Terminus_22XXGameModeBase_C'
[2019.02.23-02.02.52:493][547]LogWorld: Bringing World /Game/Levels/UEDPIE_0_Test_Level.Test_Level up for play (max tick rate 0) at 2019.02.22-21.02.52
[2019.02.23-02.02.52:494][547]LogWorld: Bringing up level for play took: 0.001407
[2019.02.23-02.02.52:508][547]PIE: Play in editor start time for /Game/Levels/UEDPIE_0_Test_Level -0.377
[2019.02.23-02.02.57:672][159]LogSlate: Updating window title bar state: overlay mode, drag disabled, window buttons hidden, title bar hidden
[2019.02.23-02.02.57:706][159]LogPlayLevel: Display: Shutting down PIE online subsystems
[2019.02.23-02.02.57:725][159]LogSlate: Updating window title bar state: overlay mode, drag disabled, window buttons hidden, title bar hidden
[2019.02.23-02.02.57:773][164]LogPlayLevel: Display: Destroying online subsystem :Context_14
