Log file open, 02/17/19 17:26:22
LogWindows: Failed to load 'aqProf.dll' (GetLastError=126)
LogWindows: File 'aqProf.dll' does not exist
LogWindows: Failed to load 'VSPerf140.dll' (GetLastError=126)
LogWindows: File 'VSPerf140.dll' does not exist
LogWindows: Failed to load 'VtuneApi.dll' (GetLastError=126)
LogWindows: File 'VtuneApi.dll' does not exist
LogWindows: Failed to load 'VtuneApi32e.dll' (GetLastError=126)
LogWindows: File 'VtuneApi32e.dll' does not exist
LogInit: Display: Running engine for game: Terminus_22XX
LogPlatformFile: Not using cached read wrapper
LogTaskGraph: Started task graph with 5 named threads and 23 total threads with 3 sets of task threads.
LogStats: Stats thread started at 0.667582
LogD3D11RHI: Loaded GFSDK_Aftermath_Lib.x64.dll
LogICUInternationalization: Display: ICU TimeZone Detection - Raw Offset: -5:00, Platform Override: ''
LogPluginManager: Mounting plugin Paper2D
LogPluginManager: Mounting plugin AISupport
LogPluginManager: Mounting plugin LightPropagationVolume
LogPluginManager: Mounting plugin CLionSourceCodeAccess
LogPluginManager: Mounting plugin CodeLiteSourceCodeAccess
LogPluginManager: Mounting plugin GitSourceControl
LogPluginManager: Mounting plugin KDevelopSourceCodeAccess
LogPluginManager: Mounting plugin NullSourceCodeAccess
LogPluginManager: Mounting plugin PerforceSourceControl
LogPluginManager: Mounting plugin SubversionSourceControl
LogPluginManager: Mounting plugin UObjectPlugin
LogPluginManager: Mounting plugin VisualStudioCodeSourceCodeAccess
LogPluginManager: Mounting plugin VisualStudioSourceCodeAccess
LogPluginManager: Mounting plugin XCodeSourceCodeAccess
LogPluginManager: Mounting plugin AssetManagerEditor
LogPluginManager: Mounting plugin CryptoKeys
LogPluginManager: Mounting plugin DataValidation
LogPluginManager: Mounting plugin FacialAnimation
LogPluginManager: Mounting plugin GameplayTagsEditor
LogPluginManager: Mounting plugin MacGraphicsSwitching
LogPluginManager: Mounting plugin MeshEditor
LogPluginManager: Mounting plugin MobileLauncherProfileWizard
LogPluginManager: Mounting plugin PluginBrowser
LogPluginManager: Mounting plugin SpeedTreeImporter
LogPluginManager: Mounting plugin DatasmithContent
LogPluginManager: Mounting plugin AlembicImporter
LogPluginManager: Mounting plugin AppleImageUtils
LogPluginManager: Mounting plugin AppleVision
LogPluginManager: Mounting plugin BackChannel
LogPluginManager: Mounting plugin CharacterAI
LogPluginManager: Mounting plugin GeometryCache
LogPluginManager: Mounting plugin HTML5Networking
LogPluginManager: Mounting plugin ProxyLODPlugin
LogPluginManager: Mounting plugin MagicLeap
LogPluginManager: Mounting plugin MagicLeapEmulator
LogPluginManager: Mounting plugin MagicLeapMedia
LogPluginManager: Mounting plugin AndroidMedia
LogPluginManager: Mounting plugin AvfMedia
LogPluginManager: Mounting plugin ImgMedia
LogPluginManager: Mounting plugin LinearTimecode
LogPluginManager: Mounting plugin MediaCompositing
LogPluginManager: Mounting plugin MediaPlayerEditor
LogPluginManager: Mounting plugin WmfMedia
LogPluginManager: Mounting plugin TcpMessaging
LogPluginManager: Mounting plugin UdpMessaging
LogPluginManager: Mounting plugin ActorSequence
LogPluginManager: Mounting plugin LevelSequenceEditor
LogPluginManager: Mounting plugin MatineeToLevelSequence
LogPluginManager: Mounting plugin NetcodeUnitTest
LogPluginManager: Mounting plugin NUTUnrealEngine4
LogPluginManager: Mounting plugin OnlineSubsystemGooglePlay
LogPluginManager: Mounting plugin OnlineSubsystemIOS
LogPluginManager: Mounting plugin OnlineSubsystem
LogPluginManager: Mounting plugin OnlineSubsystemNull
LogPluginManager: Mounting plugin OnlineSubsystemUtils
LogPluginManager: Mounting plugin LauncherChunkInstaller
LogPluginManager: Mounting plugin AndroidDeviceProfileSelector
LogPluginManager: Mounting plugin AndroidMoviePlayer
LogPluginManager: Mounting plugin AndroidPermission
LogPluginManager: Mounting plugin AppleMoviePlayer
LogPluginManager: Mounting plugin ArchVisCharacter
LogPluginManager: Mounting plugin AudioCapture
LogPluginManager: Mounting plugin CableComponent
LogPluginManager: Mounting plugin CustomMeshComponent
LogPluginManager: Mounting plugin EditableMesh
LogPluginManager: Mounting plugin ExampleDeviceProfileSelector
LogPluginManager: Mounting plugin GoogleCloudMessaging
LogPluginManager: Mounting plugin ImmediatePhysics
LogPluginManager: Mounting plugin IOSDeviceProfileSelector
LogPluginManager: Mounting plugin LinuxDeviceProfileSelector
LogPluginManager: Mounting plugin LocationServicesBPLibrary
LogPluginManager: Mounting plugin MobilePatchingUtils
LogPluginManager: Mounting plugin OculusVR
LogPluginManager: Plugin shader directory ../../../Engine/Plugins/Runtime/Oculus/OculusVR/Shaders found
LogPluginManager: Mapping shader source directory ../../../Engine/Plugins/Runtime/Oculus/OculusVR/Shaders to virtual directory /Plugin/OculusVR
LogPluginManager: Mounting plugin PhysXVehicles
LogPluginManager: Mounting plugin ProceduralMeshComponent
LogPluginManager: Mounting plugin RuntimePhysXCooking
LogPluginManager: Mounting plugin SteamVR
LogPluginManager: Mounting plugin WindowsMoviePlayer
LogStreaming: Display: Took  0.107s to configure plugins.
LogInit: Warning: Incompatible or missing module: Terminus_22XX
Running C:/Program Files/Epic Games/UE_4.20/Engine/Binaries/DotNET/UnrealBuildTool.exe Development Win64 -Project="C:/Users/jone0641/Documents/GitHub/GOOB/Terminus_22XX.uproject" -TargetType=Editor -Progress -NoHotReloadFromIDE
Performing full C++ include scan (building a new target)
Using 'git status' to determine working set for adaptive non-unity build.
Creating makefile for Terminus_22XXEditor (no existing makefile)
Using Visual Studio 2017 14.14.26428 toolchain (C:\Program Files (x86)\Microsoft Visual Studio\2017\Professional\VC\Tools\MSVC\14.14.26428) and Windows 10.0.17134.0 SDK (C:\Program Files (x86)\Windows Kits\10).
@progress push 5%
Parsing headers for Terminus_22XXEditor
  Running UnrealHeaderTool "C:\Users\jone0641\Documents\GitHub\GOOB\Terminus_22XX.uproject" "C:\Users\jone0641\Documents\GitHub\GOOB\Intermediate\Build\Win64\Terminus_22XXEditor\Development\Terminus_22XXEditor.uhtmanifest" -LogCmds="loginit warning, logexit warning, logdatabase error" -Unattended -WarningsAsErrors -installed
Reflection code generated for Terminus_22XXEditor in 7.465305 seconds
@progress pop
Building 16 actions with 8 processes...
  @progress 'Compiling C++ source code...' 0%
  PCLaunch.rc
  @progress 'Compiling C++ source code...' 6%
  SharedPCH.Engine.cpp
  @progress 'Compiling C++ source code...' 12%
  Terminus_22XX.cpp
  @progress 'Compiling C++ source code...' 19%
  T22XX_Shotgun.cpp
  c:\program files\epic games\ue_4.20\engine\source\runtime\core\public\Containers/EnumAsByte.h(19): warning C4996: 'TEnumAsByte_EnumClass<true>': TEnumAsByte is not intended for use with enum classes - please derive your enum class from uint8 instead. Please update your code to the new API before upgrading to the next release, otherwise your project will no longer compile.
  c:\program files\epic games\ue_4.20\engine\source\runtime\core\public\Containers/EnumAsByte.h(10): note: see declaration of 'TEnumAsByte_EnumClass<true>'
  c:\users\jone0641\documents\github\goob\source\terminus_22xx\BaseGun.h(52): note: see reference to class template instantiation 'TEnumAsByte<EFireStyle>' being compiled
  @progress 'Compiling C++ source code...' 25%
  BaseBullet.gen.cpp
  @progress 'Compiling C++ source code...' 31%
  Terminus_22XXGameModeBase.cpp
  @progress 'Compiling C++ source code...' 38%
  BaseGun.gen.cpp
  c:\program files\epic games\ue_4.20\engine\source\runtime\core\public\Containers/EnumAsByte.h(19): warning C4996: 'TEnumAsByte_EnumClass<true>': TEnumAsByte is not intended for use with enum classes - please derive your enum class from uint8 instead. Please update your code to the new API before upgrading to the next release, otherwise your project will no longer compile.
  c:\program files\epic games\ue_4.20\engine\source\runtime\core\public\Containers/EnumAsByte.h(10): note: see declaration of 'TEnumAsByte_EnumClass<true>'
  C:\Users\jone0641\Documents\GitHub\GOOB\Source\Terminus_22XX/BaseGun.h(52): note: see reference to class template instantiation 'TEnumAsByte<EFireStyle>' being compiled
  @progress 'Compiling C++ source code...' 44%
  PlayerCharacter.gen.cpp
  @progress 'Compiling C++ source code...' 50%
  Terminus_22XX.init.gen.cpp
  @progress 'Compiling C++ source code...' 56%
  BaseGun.cpp
  c:\program files\epic games\ue_4.20\engine\source\runtime\core\public\Containers/EnumAsByte.h(19): warning C4996: 'TEnumAsByte_EnumClass<true>': TEnumAsByte is not intended for use with enum classes - please derive your enum class from uint8 instead. Please update your code to the new API before upgrading to the next release, otherwise your project will no longer compile.
  c:\program files\epic games\ue_4.20\engine\source\runtime\core\public\Containers/EnumAsByte.h(10): note: see declaration of 'TEnumAsByte_EnumClass<true>'
  c:\users\jone0641\documents\github\goob\source\terminus_22xx\BaseGun.h(52): note: see reference to class template instantiation 'TEnumAsByte<EFireStyle>' being compiled
  @progress 'Compiling C++ source code...' 62%
  T22XX_Shotgun.gen.cpp
  c:\program files\epic games\ue_4.20\engine\source\runtime\core\public\Containers/EnumAsByte.h(19): warning C4996: 'TEnumAsByte_EnumClass<true>': TEnumAsByte is not intended for use with enum classes - please derive your enum class from uint8 instead. Please update your code to the new API before upgrading to the next release, otherwise your project will no longer compile.
  c:\program files\epic games\ue_4.20\engine\source\runtime\core\public\Containers/EnumAsByte.h(10): note: see declaration of 'TEnumAsByte_EnumClass<true>'
  c:\users\jone0641\documents\github\goob\source\terminus_22xx\BaseGun.h(52): note: see reference to class template instantiation 'TEnumAsByte<EFireStyle>' being compiled
  @progress 'Compiling C++ source code...' 69%
  BaseBullet.cpp
  @progress 'Compiling C++ source code...' 75%
  PlayerCharacter.cpp
  c:\program files\epic games\ue_4.20\engine\source\runtime\core\public\Containers/EnumAsByte.h(19): warning C4996: 'TEnumAsByte_EnumClass<true>': TEnumAsByte is not intended for use with enum classes - please derive your enum class from uint8 instead. Please update your code to the new API before upgrading to the next release, otherwise your project will no longer compile.
  c:\program files\epic games\ue_4.20\engine\source\runtime\core\public\Containers/EnumAsByte.h(10): note: see declaration of 'TEnumAsByte_EnumClass<true>'
  c:\users\jone0641\documents\github\goob\source\terminus_22xx\BaseGun.h(52): note: see reference to class template instantiation 'TEnumAsByte<EFireStyle>' being compiled
  @progress 'Compiling C++ source code...' 81%
  Terminus_22XXGameModeBase.gen.cpp
  @progress 'Compiling C++ source code...' 88%
  UE4Editor-Terminus_22XX.lib
     Creating library C:\Users\jone0641\Documents\GitHub\GOOB\Intermediate\Build\Win64\UE4Editor\Development\Terminus_22XX\UE4Editor-Terminus_22XX.lib and object C:\Users\jone0641\Documents\GitHub\GOOB\Intermediate\Build\Win64\UE4Editor\Development\Terminus_22XX\UE4Editor-Terminus_22XX.exp
  @progress 'Compiling C++ source code...' 94%
  UE4Editor-Terminus_22XX.dll
     Creating library C:\Users\jone0641\Documents\GitHub\GOOB\Intermediate\Build\Win64\UE4Editor\Development\Terminus_22XX\UE4Editor-Terminus_22XX.suppressed.lib and object C:\Users\jone0641\Documents\GitHub\GOOB\Intermediate\Build\Win64\UE4Editor\Development\Terminus_22XX\UE4Editor-Terminus_22XX.suppressed.exp
  @progress 'Compiling C++ source code...' 100%
Total build time: 34.61 seconds (Parallel executor: 19.40 seconds)
LogInit: Using libcurl 7.55.1-DEV
LogInit:  - built for x86_64-pc-win32
LogInit:  - supports SSL with OpenSSL/1.0.2h
LogInit:  - supports HTTP deflate (compression) using libz 1.2.8
LogInit:  - other features:
LogInit:      CURL_VERSION_SSL
LogInit:      CURL_VERSION_LIBZ
LogInit:      CURL_VERSION_IPV6
LogInit:      CURL_VERSION_ASYNCHDNS
LogInit:      CURL_VERSION_LARGEFILE
LogInit:      CURL_VERSION_IDN
LogInit:  CurlRequestOptions (configurable via config and command line):
LogInit:  - bVerifyPeer = false  - Libcurl will NOT verify peer certificate
LogInit:  - bUseHttpProxy = false  - Libcurl will NOT use HTTP proxy
LogInit:  - bDontReuseConnections = false  - Libcurl will reuse connections
LogInit:  - CertBundlePath = nullptr  - Libcurl will use whatever was configured at build time.
LogInit:  - MaxHostConnections = 16  - Libcurl will limit the number of connections to a host
LogInit:  - LocalHostAddr = Default
LogInit:  - BufferSize = 65536
LogInit: WinSock: version 1.1 (2.2), MaxSocks=32767, MaxUdp=65467
LogInit: Build: ++UE4+Release-4.20-CL-4212847
LogInit: Engine Version: 4.20.0-4212847+++UE4+Release-4.20
LogInit: Compatible Engine Version: 4.20.0-4212847+++UE4+Release-4.20
LogInit: Net CL: 4212847
LogInit: OS: Windows 10 (), CPU: Intel(R) Core(TM) i7-6700K CPU @ 4.00GHz, GPU: NVIDIA GeForce GTX 1060 6GB
LogInit: Compiled (64-bit): Jul 14 2018 09:51:14
LogInit: Compiled with Visual C++: 19.13.26129.00
LogInit: Build Configuration: Development
LogInit: Branch Name: ++UE4+Release-4.20
LogInit: Command Line:  
LogInit: Base Directory: C:/Program Files/Epic Games/UE_4.20/Engine/Binaries/Win64/
LogInit: Installed Engine Build: 1
LogDevObjectVersion: Number of dev versions registered: 20
LogDevObjectVersion:   Dev-Blueprints (B0D832E4-1F89-4F0D-ACCF-7EB736FD4AA2): 10
LogDevObjectVersion:   Dev-Build (E1C64328-A22C-4D53-A36C-8E866417BD8C): 0
LogDevObjectVersion:   Dev-Core (375EC13C-06E4-48FB-B500-84F0262A717E): 2
LogDevObjectVersion:   Dev-Editor (E4B068ED-F494-42E9-A231-DA0B2E46BB41): 24
LogDevObjectVersion:   Dev-Framework (CFFC743F-43B0-4480-9391-14DF171D2073): 34
LogDevObjectVersion:   Dev-Mobile (B02B49B5-BB20-44E9-A304-32B752E40360): 2
LogDevObjectVersion:   Dev-Networking (A4E4105C-59A1-49B5-A7C5-40C4547EDFEE): 0
LogDevObjectVersion:   Dev-Online (39C831C9-5AE6-47DC-9A44-9C173E1C8E7C): 0
LogDevObjectVersion:   Dev-Physics (78F01B33-EBEA-4F98-B9B4-84EACCB95AA2): 0
LogDevObjectVersion:   Dev-Platform (6631380F-2D4D-43E0-8009-CF276956A95A): 0
LogDevObjectVersion:   Dev-Rendering (12F88B9F-8875-4AFC-A67C-D90C383ABD29): 26
LogDevObjectVersion:   Dev-Sequencer (7B5AE74C-D270-4C10-A958-57980B212A5A): 9
LogDevObjectVersion:   Dev-VR (D7296918-1DD6-4BDD-9DE2-64A83CC13884): 2
LogDevObjectVersion:   Dev-LoadTimes (C2A15278-BFE7-4AFE-6C17-90FF531DF755): 1
LogDevObjectVersion:   Private-Geometry (6EACA3D4-40EC-4CC1-B786-8BED09428FC5): 3
LogDevObjectVersion:   Dev-AnimPhys (29E575DD-E0A3-4627-9D10-D276232CDCEA): 17
LogDevObjectVersion:   Dev-ReflectionCapture (6B266CEC-1EC7-4B8F-A30B-E4D90942FC07): 1
LogDevObjectVersion:   Dev-Automation (0DF73D61-A23F-47EA-B727-89E90C41499A): 1
LogDevObjectVersion:   FortniteMain (601D1886-AC64-4F84-AA16-D3DE0DEAC7D6): 12
LogDevObjectVersion:   Dev-Enterprise (9DFFBCD6-494F-0158-E221-12823C92A888): 1
LogStreaming: Display: Took  0.002s to delete old logs.
LogInit: Presizing for max 8388607 objects, including 0 objects not considered by GC, pre-allocating 0 bytes for permanent pool.
LogInit: Object subsystem initialized
[2019.02.17-22.27.01:468][  0]LogInit: Selected Device Profile: [Windows]
[2019.02.17-22.27.01:468][  0]LogInit: Applying CVar settings loaded from the selected device profile: [Windows]
[2019.02.17-22.27.01:503][  0]LogHAL: Display: Platform has ~ 16 GB [17096818688 / 17179869184 / 16], which maps to Larger [LargestMinGB=32, LargerMinGB=12, DefaultMinGB=8, SmallerMinGB=6, SmallestMinGB=0)
[2019.02.17-22.27.01:503][  0]LogInit: Setting Device Profile CVar: [[r.Vulkan.UseRealUBs:1]]
[2019.02.17-22.27.01:504][  0]LogInit: Going up to parent DeviceProfile []
[2019.02.17-22.27.01:505][  0]LogInit: Computer: WJ310-15
[2019.02.17-22.27.01:505][  0]LogInit: User: jone0641
[2019.02.17-22.27.01:505][  0]LogInit: CPU Page size=4096, Cores=4
[2019.02.17-22.27.01:505][  0]LogInit: High frequency timer resolution =3.914058 MHz
[2019.02.17-22.27.01:506][  0]LogMemory: Memory total: Physical=15.9GB (16GB approx)
[2019.02.17-22.27.01:506][  0]LogMemory: Platform Memory Stats for Windows
[2019.02.17-22.27.01:506][  0]LogMemory: Process Physical Memory: 104.95 MB used, 104.95 MB peak
[2019.02.17-22.27.01:506][  0]LogMemory: Process Virtual Memory: 90.07 MB used, 90.07 MB peak
[2019.02.17-22.27.01:506][  0]LogMemory: Physical Memory: 3506.80 MB used,  12798.00 MB free, 16304.80 MB total
[2019.02.17-22.27.01:506][  0]LogMemory: Virtual Memory: 586.50 MB used,  12798.00 MB free, 134217728.00 MB total
[2019.02.17-22.27.01:600][  0]LogInit: Using OS detected language (en-US).
[2019.02.17-22.27.01:600][  0]LogInit: Using OS detected locale (en-US).
[2019.02.17-22.27.01:602][  0]LogTextLocalizationManager: No specific localization for 'en-US' exists, so the 'en' localization will be used.
[2019.02.17-22.27.01:967][  0]LogStreaming: Display: Took  0.366s to InitEngineTextLocalization.
[2019.02.17-22.27.01:968][  0]LogInit: Setting process to per monitor DPI aware
[2019.02.17-22.27.01:998][  0]LogSlate: New Slate User Created.  User Index 0, Is Virtual User: 0
[2019.02.17-22.27.01:998][  0]LogSlate: Slate User Registered.  User Index 0, Is Virtual User: 0
[2019.02.17-22.27.02:358][  0]LogHMD: Failed to initialize OpenVR with code 110
[2019.02.17-22.27.02:358][  0]LogD3D11RHI: D3D11 adapters:
[2019.02.17-22.27.02:393][  0]LogD3D11RHI:    0. 'NVIDIA GeForce GTX 1060 6GB' (Feature Level 11_0)
[2019.02.17-22.27.02:393][  0]LogD3D11RHI:       6052/0/8152 MB DedicatedVideo/DedicatedSystem/SharedSystem, Outputs:1, VendorId:0x10de
[2019.02.17-22.27.02:395][  0]LogD3D11RHI:    1. 'Microsoft Basic Render Driver' (Feature Level 11_0)
[2019.02.17-22.27.02:395][  0]LogD3D11RHI:       0/0/8152 MB DedicatedVideo/DedicatedSystem/SharedSystem, Outputs:0, VendorId:0x1414
[2019.02.17-22.27.02:395][  0]LogD3D11RHI: Chosen D3D11 Adapter: 0
[2019.02.17-22.27.02:399][  0]LogD3D11RHI: Creating new Direct3DDevice
[2019.02.17-22.27.02:399][  0]LogD3D11RHI:     GPU DeviceId: 0x1c03 (for the marketing name, search the web for "GPU Device Id")
[2019.02.17-22.27.02:400][  0]LogWindows: EnumDisplayDevices:
[2019.02.17-22.27.02:400][  0]LogWindows:    0. 'NVIDIA GeForce GTX 1060 6GB' (P:1 D:1)
[2019.02.17-22.27.02:400][  0]LogWindows:    1. 'NVIDIA GeForce GTX 1060 6GB' (P:0 D:0)
[2019.02.17-22.27.02:400][  0]LogWindows:    2. 'NVIDIA GeForce GTX 1060 6GB' (P:0 D:0)
[2019.02.17-22.27.02:400][  0]LogWindows:    3. 'NVIDIA GeForce GTX 1060 6GB' (P:0 D:0)
[2019.02.17-22.27.02:400][  0]LogWindows: DebugString: FoundDriverCount:4 
[2019.02.17-22.27.02:400][  0]LogD3D11RHI:     Adapter Name: NVIDIA GeForce GTX 1060 6GB
[2019.02.17-22.27.02:400][  0]LogD3D11RHI:   Driver Version: 391.35 (internal:23.21.13.9135, unified:391.35)
[2019.02.17-22.27.02:400][  0]LogD3D11RHI:      Driver Date: 3-23-2018
[2019.02.17-22.27.02:400][  0]LogRHI: Texture pool is 4236 MB (70% of 6052 MB)
[2019.02.17-22.27.02:421][  0]LogD3D11RHI: Async texture creation enabled
[2019.02.17-22.27.02:442][  0]LogD3D11RHI: GPU Timing Frequency: 1000.000000 (Debug: 2 2)
[2019.02.17-22.27.02:485][  0]LogShaderCompilers: Guid format shader working directory is -5 characters bigger than the processId version (../../../../../../Users/jone0641/Documents/GitHub/GOOB/Intermediate/Shaders/WorkingDirectory/3804/).
[2019.02.17-22.27.02:485][  0]LogShaderCompilers: Cleaned the shader compiler working directory 'C:/Users/jone0641/AppData/Local/Temp/UnrealShaderWorkingDir/93E5785C4982C82B3B44D8B244E0A361/'.
[2019.02.17-22.27.02:699][  0]LogTemp: Display: Loaded TP AllDesktopTargetPlatform
[2019.02.17-22.27.02:710][  0]LogTemp: Display: Loaded TP MacClientTargetPlatform
[2019.02.17-22.27.02:722][  0]LogTemp: Display: Loaded TP MacNoEditorTargetPlatform
[2019.02.17-22.27.02:734][  0]LogTemp: Display: Loaded TP MacServerTargetPlatform
[2019.02.17-22.27.02:746][  0]LogTemp: Display: Loaded TP MacTargetPlatform
[2019.02.17-22.27.02:758][  0]LogTemp: Display: Loaded TP WindowsClientTargetPlatform
[2019.02.17-22.27.02:770][  0]LogTemp: Display: Loaded TP WindowsNoEditorTargetPlatform
[2019.02.17-22.27.02:782][  0]LogTemp: Display: Loaded TP WindowsServerTargetPlatform
[2019.02.17-22.27.02:788][  0]LogTemp: Display: Loaded TP WindowsTargetPlatform
[2019.02.17-22.27.02:850][  0]LogTemp: Display: Loaded TP AndroidTargetPlatform
[2019.02.17-22.27.02:850][  0]LogTemp: Display: Loaded TP AndroidTargetPlatform
[2019.02.17-22.27.02:850][  0]LogTemp: Display: Loaded TP AndroidTargetPlatform
[2019.02.17-22.27.02:850][  0]LogTemp: Display: Loaded TP AndroidTargetPlatform
[2019.02.17-22.27.02:850][  0]LogTemp: Display: Loaded TP AndroidTargetPlatform
[2019.02.17-22.27.02:850][  0]LogTemp: Display: Loaded TP AndroidTargetPlatform
[2019.02.17-22.27.02:850][  0]LogTemp: Display: Loaded TP AndroidTargetPlatform
[2019.02.17-22.27.02:850][  0]LogTemp: Display: Loaded TP AndroidTargetPlatform
[2019.02.17-22.27.02:850][  0]LogTemp: Display: Loaded TP AndroidTargetPlatform
[2019.02.17-22.27.02:850][  0]LogTemp: Display: Loaded TP AndroidTargetPlatform
[2019.02.17-22.27.02:850][  0]LogTemp: Display: Loaded TP AndroidTargetPlatform
[2019.02.17-22.27.02:850][  0]LogTemp: Display: Loaded TP AndroidTargetPlatform
[2019.02.17-22.27.02:850][  0]LogTemp: Display: Loaded TP AndroidTargetPlatform
[2019.02.17-22.27.02:850][  0]LogTemp: Display: Loaded TP AndroidTargetPlatform
[2019.02.17-22.27.02:850][  0]LogTemp: Display: Loaded TP AndroidTargetPlatform
[2019.02.17-22.27.02:850][  0]LogTemp: Display: Loaded TP AndroidTargetPlatform
[2019.02.17-22.27.02:850][  0]LogTemp: Display: Loaded TP AndroidTargetPlatform
[2019.02.17-22.27.02:850][  0]LogTemp: Display: Loaded TP AndroidTargetPlatform
[2019.02.17-22.27.02:852][  0]LogTemp: Display: Loaded TP HTML5TargetPlatform
[2019.02.17-22.27.02:913][  0]LogTemp: Display: Loaded TP IOSTargetPlatform
[2019.02.17-22.27.02:913][  0]LogTemp: Display: Loaded TP IOSTargetPlatform
[2019.02.17-22.27.02:932][  0]LogTemp: Display: Loaded TP TVOSTargetPlatform
[2019.02.17-22.27.02:932][  0]LogTemp: Display: Loaded TP TVOSTargetPlatform
[2019.02.17-22.27.02:943][  0]LogTemp: Display: Loaded TP LinuxClientTargetPlatform
[2019.02.17-22.27.02:954][  0]LogTemp: Display: Loaded TP LinuxNoEditorTargetPlatform
[2019.02.17-22.27.02:966][  0]LogTemp: Display: Loaded TP LinuxServerTargetPlatform
[2019.02.17-22.27.02:978][  0]LogTemp: Display: Loaded TP LinuxTargetPlatform
[2019.02.17-22.27.02:986][  0]LogTemp: Display: Loaded TP LuminTargetPlatform
[2019.02.17-22.27.02:986][  0]LogTargetPlatformManager: Display: Building Assets For Windows
[2019.02.17-22.27.03:083][  0]LogXGEController: Cleaning working directory: C:/Users/jone0641/AppData/Local/Temp/UnrealXGEWorkingDir/
[2019.02.17-22.27.03:083][  0]LogXGEController: Cannot use XGE Controller as Incredibuild is not installed on this machine.
[2019.02.17-22.27.03:083][  0]LogShaderCompilers: Cannot use XGE Shader Compiler as Incredibuild is not installed on this machine.
[2019.02.17-22.27.03:083][  0]LogShaderCompilers: Display: Using Local Shader Compiler.
[2019.02.17-22.27.03:869][  0]LogDerivedDataCache: Display: Max Cache Size: 512 MB
[2019.02.17-22.27.03:869][  0]LogDerivedDataCache: Display: Starting with empty Boot cache
[2019.02.17-22.27.03:869][  0]LogDerivedDataCache: FDerivedDataBackendGraph:  Pak pak cache file ../../../../../../Users/jone0641/Documents/GitHub/GOOB/DerivedDataCache/DDC.ddp not found, will not use a pak cache.
[2019.02.17-22.27.03:869][  0]LogDerivedDataCache: Unable to find inner node Pak for hierarchical cache Hierarchy.
[2019.02.17-22.27.03:869][  0]LogDerivedDataCache: FDerivedDataBackendGraph:  CompressedPak pak cache file ../../../../../../Users/jone0641/Documents/GitHub/GOOB/DerivedDataCache/Compressed.ddp not found, will not use a pak cache.
[2019.02.17-22.27.03:869][  0]LogDerivedDataCache: Unable to find inner node CompressedPak for hierarchical cache Hierarchy.
[2019.02.17-22.27.03:882][  0]LogDerivedDataCache: Display: Pak cache opened for reading ../../../Engine/DerivedDataCache/Compressed.ddp.
[2019.02.17-22.27.03:894][  0]LogDerivedDataCache: Using Local data cache path C:/Users/jone0641/AppData/Local/UnrealEngine/Common/DerivedDataCache: Writable
[2019.02.17-22.27.03:894][  0]LogDerivedDataCache: Shared data cache path not found in *engine.ini, will not use an Shared cache.
[2019.02.17-22.27.03:894][  0]LogDerivedDataCache: Unable to find inner node Shared for hierarchical cache Hierarchy.
[2019.02.17-22.27.03:928][  0]LogMaterial: Verifying Global Shaders for PCD3D_SM5
[2019.02.17-22.27.03:931][  0]LogSlate: Using FreeType 2.6.0
[2019.02.17-22.27.03:934][  0]LogSlate: SlateFontServices - WITH_FREETYPE: 1, WITH_HARFBUZZ: 1
[2019.02.17-22.27.04:066][  0]LogAssetRegistry: FAssetRegistry took 0.0267 seconds to start up
[2019.02.17-22.27.04:371][  0]LogInit: Selected Device Profile: [Windows]
[2019.02.17-22.27.04:521][  0]LogSimplygon: Simplygon DLL not present - disabling.
[2019.02.17-22.27.04:540][  0]LogMeshReduction: Using SimplygonSwarm for distributed automatic mesh merging
[2019.02.17-22.27.04:540][  0]LogMeshReduction: Using ProxyLODMeshReduction for automatic mesh merging
[2019.02.17-22.27.04:540][  0]LogMeshReduction: Using QuadricMeshReduction for automatic static mesh reduction
[2019.02.17-22.27.04:540][  0]LogMeshReduction: No automatic skeletal mesh reduction module available
[2019.02.17-22.27.04:657][  0]LogNetVersion: Terminus_22XX 1.0.0, NetCL: 4212847, EngineNetVer: 5, GameNetVer: 0 (Checksum: 1011408813)
[2019.02.17-22.27.05:476][  0]LogPackageLocalizationCache: Processed 11 localized package path(s) for 2 prioritized culture(s) in 0.075886 seconds
[2019.02.17-22.27.05:482][  0]LogUObjectArray: 38447 objects as part of root set at end of initial load.
[2019.02.17-22.27.05:482][  0]LogUObjectAllocator: 6692632 out of 0 bytes used by permanent object pool.
[2019.02.17-22.27.05:482][  0]LogUObjectArray: CloseDisregardForGC: 0/0 objects in disregard for GC pool
[2019.02.17-22.27.07:086][  0]LogTcpMessaging: Initializing TcpMessaging bridge
[2019.02.17-22.27.07:101][  0]LogUdpMessaging: Initializing bridge on interface 0.0.0.0:0 to multicast group 230.0.0.1:6666.
[2019.02.17-22.27.07:550][  0]SourceControl: Source control is disabled
[2019.02.17-22.27.07:550][  0]SourceControl: Source control is disabled
[2019.02.17-22.27.07:558][  0]SourceControl: Source control is disabled
[2019.02.17-22.27.07:562][  0]SourceControl: Source control is disabled
[2019.02.17-22.27.07:850][  0]LogAndroidPermission: UAndroidPermissionCallbackProxy::GetInstance
[2019.02.17-22.27.07:931][  0]LogOcInput: OculusInput pre-init called
[2019.02.17-22.27.08:026][  0]LogEngine: Initializing Engine...
[2019.02.17-22.27.08:027][  0]LogHMD: Failed to initialize OpenVR with code 110
[2019.02.17-22.27.08:029][  0]LogStats: UGameplayTagsManager::ConstructGameplayTagTree: ImportINI prefixes -  0.000 s
[2019.02.17-22.27.08:029][  0]LogStats: UGameplayTagsManager::ConstructGameplayTagTree: Construct from data asset -  0.000 s
[2019.02.17-22.27.08:029][  0]LogStats: UGameplayTagsManager::ConstructGameplayTagTree: ImportINI -  0.000 s
[2019.02.17-22.27.08:029][  0]LogStats: UGameplayTagsManager::ConstructGameplayTagTree: GameplayTagTreeChangedEvent.Broadcast -  0.000 s
[2019.02.17-22.27.08:318][  0]LogInit: Initializing FReadOnlyCVARCache
[2019.02.17-22.27.08:346][  0]LogAIModule: Creating AISystem for world Untitled
[2019.02.17-22.27.08:358][  0]LogInit: XAudio2 using 'DELL P2715Q (NVIDIA High Definition Audio)' : 2 channels at 48 kHz using 16 bits per sample (channel mask 0x3)
[2019.02.17-22.27.08:372][  0]LogInit: FAudioDevice initialized.
[2019.02.17-22.27.08:372][  0]LogNetVersion: Set ProjectVersion to 1.0.0.0. Version Checksum will be recalculated on next use.
[2019.02.17-22.27.08:430][  0]LogDerivedDataCache: Saved boot cache 0.06s 87MB C:/Users/jone0641/AppData/Local/UnrealEngine/4.20/DerivedDataCache/Boot.ddc.
[2019.02.17-22.27.08:435][  0]LogInit: Texture streaming: Enabled
[2019.02.17-22.27.08:454][  0]LogEngineSessionManager: EngineSessionManager initialized
[2019.02.17-22.27.08:466][  0]LogInit: Transaction tracking system initialized
[2019.02.17-22.27.08:504][  0]BlueprintLog: New page: Editor Load
[2019.02.17-22.27.08:714][  0]LocalizationService: Localization service is disabled
[2019.02.17-22.27.08:980][  0]LogCook: Display: Max memory allowance for cook 16384mb min free memory 0mb
[2019.02.17-22.27.08:980][  0]LogCook: Display: Mobile HDR setting 1
[2019.02.17-22.27.08:980][  0]LogGameplayTags: Display: UGameplayTagsManager::DoneAddingNativeTags. DelegateIsBound: 0
[2019.02.17-22.27.08:980][  0]LogStats: UGameplayTagsManager::ConstructGameplayTagTree: ImportINI prefixes -  0.000 s
[2019.02.17-22.27.08:981][  0]LogStats: UGameplayTagsManager::ConstructGameplayTagTree: Construct from data asset -  0.000 s
[2019.02.17-22.27.08:981][  0]LogStats: UGameplayTagsManager::ConstructGameplayTagTree: ImportINI -  0.000 s
[2019.02.17-22.27.08:981][  0]LogStats: UGameplayTagsManager::ConstructGameplayTagTree: GameplayTagTreeChangedEvent.Broadcast -  0.000 s
[2019.02.17-22.27.09:178][  0]LogFileCache: Scanning file cache for directory 'C:/Users/jone0641/Documents/GitHub/GOOB/Content/' took 0.01s
[2019.02.17-22.27.09:178][  0]SourceControl: Source control is disabled
[2019.02.17-22.27.09:178][  0]Cmd: MAP LOAD FILE="../../../../../../Users/jone0641/Documents/GitHub/GOOB/Content/Levels/Test_Level.umap" TEMPLATE=0 SHOWPROGRESS=1 FEATURELEVEL=3
[2019.02.17-22.27.09:179][  0]LightingResults: New page: Lighting Build
[2019.02.17-22.27.09:184][  0]MapCheck: New page: Map Check
[2019.02.17-22.27.09:184][  0]LightingResults: New page: Lighting Build
[2019.02.17-22.27.09:248][  0]LogAIModule: Creating AISystem for world Test_Level
[2019.02.17-22.27.09:258][  0]LogEditorServer: Finished looking for orphan Actors (0.000 secs)
[2019.02.17-22.27.09:278][  0]Cmd: MAP CHECKDEP NOCLEARLOG
[2019.02.17-22.27.09:338][  0]MapCheck: Map check complete: 0 Error(s), 0 Warning(s), took 59.563ms to complete.
[2019.02.17-22.27.09:338][  0]LogFileHelpers: Loading map 'Test_Level' took 0.160
[2019.02.17-22.27.09:486][  0]LogSlate: Updating window title bar state: overlay mode, drag disabled, window buttons hidden, title bar hidden
[2019.02.17-22.27.09:495][  0]LogSlate: Updating window title bar state: overlay mode, drag disabled, window buttons hidden, title bar hidden
[2019.02.17-22.27.09:502][  0]LogSlate: Updating window title bar state: overlay mode, drag disabled, window buttons hidden, title bar hidden
[2019.02.17-22.27.09:510][  0]LogSlate: Updating window title bar state: overlay mode, drag disabled, window buttons hidden, title bar hidden
[2019.02.17-22.27.09:521][  0]LogCollectionManager: Loaded 0 collections in 0.001117 seconds
[2019.02.17-22.27.09:567][  0]LogFileCache: Scanning file cache for directory 'C:/Users/jone0641/Documents/GitHub/GOOB/Saved/Collections/' took 0.01s
[2019.02.17-22.27.09:567][  0]LogFileCache: Scanning file cache for directory 'C:/Users/jone0641/Documents/GitHub/GOOB/Content/Developers/jone0641/Collections/' took 0.01s
[2019.02.17-22.27.09:567][  0]LogFileCache: Scanning file cache for directory 'C:/Users/jone0641/Documents/GitHub/GOOB/Content/Collections/' took 0.01s
[2019.02.17-22.27.09:567][  0]LogCollectionManager: Rebuilt the GUID cache for 0 collections in 0.000000 seconds
[2019.02.17-22.27.09:576][  0]LogContentBrowser: Native class hierarchy populated in 0.0082 seconds. Added 2577 classes and 605 folders.
[2019.02.17-22.27.09:584][  0]LogContentBrowser: Native class hierarchy updated for 'WidgetCarousel' in 0.0003 seconds. Added 0 classes and 0 folders.
[2019.02.17-22.27.09:674][  0]LogContentBrowser: Native class hierarchy updated for 'AddContentDialog' in 0.0003 seconds. Added 0 classes and 0 folders.
[2019.02.17-22.27.09:683][  0]LogContentBrowser: Native class hierarchy updated for 'SceneOutliner' in 0.0003 seconds. Added 1 classes and 2 folders.
[2019.02.17-22.27.09:716][  0]LogSlate: Took 0.001390 seconds to synchronously load lazily loaded font '../../../Engine/Content/Slate/Fonts/Roboto-Regular.ttf' (155K)
[2019.02.17-22.27.09:718][  0]LogSlate: Took 0.001148 seconds to synchronously load lazily loaded font '../../../Engine/Content/Slate/Fonts/Roboto-Bold.ttf' (160K)
[2019.02.17-22.27.09:724][  0]LogSlate: Took 0.001038 seconds to synchronously load lazily loaded font '../../../Engine/Content/Editor/Slate/Fonts/FontAwesome.ttf' (139K)
[2019.02.17-22.27.09:790][  0]LogRenderer: Reallocating scene render targets to support 1616x812 Format 10 NumSamples 1 (Frame:1).
[2019.02.17-22.27.10:015][  0]LogContentBrowser: Native class hierarchy updated for 'HierarchicalLODOutliner' in 0.0006 seconds. Added 0 classes and 0 folders.
[2019.02.17-22.27.10:015][  0]LogLoad: (Engine Initialization) Total time: 49.86 seconds
[2019.02.17-22.27.10:015][  0]LogLoad: (Engine Initialization) Total Blueprint compile time: 0.00 seconds
[2019.02.17-22.27.10:027][  0]LogWindowsTextInputMethodSystem: Display: IME system now deactivated.
[2019.02.17-22.27.10:054][  0]LogContentStreaming: Texture pool size now 3000 MB
[2019.02.17-22.27.10:087][  1]LogAssetRegistry: Asset discovery search completed in 6.0431 seconds
[2019.02.17-22.27.10:089][  1]LogCollectionManager: Rebuilt the object cache for 0 collections in 0.000001 seconds (found 0 objects)
[2019.02.17-22.27.10:089][  1]LogCollectionManager: Fixed up redirectors for 0 collections in 0.000059 seconds (updated 0 objects)
[2019.02.17-22.27.46:018][242]LogRenderer: Reallocating scene render targets to support 1616x836 Format 10 NumSamples 1 (Frame:4).
[2019.02.17-22.28.35:881][147]LogSlate: FSceneViewport::OnFocusLost() reason 0
[2019.02.17-22.28.35:987][160]LogTemp: Repeating last play command: Selected Viewport
[2019.02.17-22.28.36:002][160]LogPlayLevel: PlayLevel: No blueprints needed recompiling
[2019.02.17-22.28.36:017][160]PIE: New page: PIE session: Test_Level (Feb 17, 2019, 12:28:36 PM)
[2019.02.17-22.28.36:017][160]LogPlayLevel: Creating play world package: /Game/Levels/UEDPIE_0_Test_Level
[2019.02.17-22.28.36:032][160]LogPlayLevel: PIE: StaticDuplicateObject took: (0.015022s)
[2019.02.17-22.28.36:033][160]LogAIModule: Creating AISystem for world Test_Level
[2019.02.17-22.28.36:033][160]LogPlayLevel: PIE: World Init took: (0.000583s)
[2019.02.17-22.28.36:033][160]LogPlayLevel: PIE: Created PIE world by copying editor world from /Game/Levels/Test_Level.Test_Level to /Game/Levels/UEDPIE_0_Test_Level.Test_Level (0.016279s)
[2019.02.17-22.28.36:053][160]LogInit: XAudio2 using 'DELL P2715Q (NVIDIA High Definition Audio)' : 2 channels at 48 kHz using 16 bits per sample (channel mask 0x3)
[2019.02.17-22.28.36:058][160]LogInit: FAudioDevice initialized.
[2019.02.17-22.28.36:147][160]LogLoad: Game class is 'Test_Terminus_22XXGameModeBase_C'
[2019.02.17-22.28.36:150][160]LogWorld: Bringing World /Game/Levels/UEDPIE_0_Test_Level.Test_Level up for play (max tick rate 0) at 2019.02.17-17.28.36
[2019.02.17-22.28.36:150][160]LogWorld: Bringing up level for play took: 0.001046
[2019.02.17-22.28.36:169][160]LogContentBrowser: Native class hierarchy updated for 'MovieSceneCapture' in 0.0003 seconds. Added 10 classes and 0 folders.
[2019.02.17-22.28.36:174][160]PIE: Play in editor start time for /Game/Levels/UEDPIE_0_Test_Level 1.157
[2019.02.17-22.30.47:957][961]LogSlate: Updating window title bar state: overlay mode, drag disabled, window buttons hidden, title bar hidden
[2019.02.17-22.30.47:991][961]LogPlayLevel: Display: Shutting down PIE online subsystems
[2019.02.17-22.30.48:022][961]LogSlate: Updating window title bar state: overlay mode, drag disabled, window buttons hidden, title bar hidden
[2019.02.17-22.30.48:065][963]LogPlayLevel: Display: Destroying online subsystem :Context_1
[2019.02.17-22.31.05:329][997]LogSlate: FSceneViewport::OnFocusLost() reason 2
[2019.02.17-22.31.05:622][ 31]LogSlate: FSceneViewport::OnFocusLost() reason 2
[2019.02.17-22.31.05:902][ 63]LogSlate: FSceneViewport::OnFocusLost() reason 2
[2019.02.17-22.31.05:928][ 65]LogSlate: FSceneViewport::OnFocusLost() reason 2
[2019.02.17-22.31.06:113][ 86]LogSlate: FSceneViewport::OnFocusLost() reason 2
[2019.02.17-22.31.08:112][324]LogSlate: FSceneViewport::OnFocusLost() reason 2
[2019.02.17-22.31.08:878][324]LogSlate: Only BGRA pngs, bmps or icos are supported in by External Image Picker
[2019.02.17-22.31.08:942][325]LogTemp: Executing iPhonePackager certificates Engine -bundlename com.YourCompany.Terminus22XX
[2019.02.17-22.31.08:942][325]LogTemp: CWD: C:\Program Files\Epic Games\UE_4.20\Engine\Binaries\DotNET\IOS
[2019.02.17-22.31.08:942][325]LogTemp: Initial Dir: C:\Program Files\Epic Games\UE_4.20
[2019.02.17-22.31.08:942][325]LogTemp: Env CWD: C:\Program Files\Epic Games\UE_4.20\Engine\Binaries\DotNET\IOS
[2019.02.17-22.31.08:942][325]LogTemp: BranchPath = WJ310-15/C/Program Files/Epic Games/UE_4.20/Engine/Binaries --- GameBranchPath = WJ310-15/C/Program Files/Epic Games/UE_4.20/Engine/Binaries
[2019.02.17-22.31.08:942][325]LogTemp: IPP ERROR: Could not find provision directory 'C:\Users\jone0641\AppData\Local/Apple Computer/MobileDevice/Provisioning Profiles/'.
[2019.02.17-22.32.16:704][381]LogSlate: Window 'Project Settings' being destroyed
[2019.02.17-22.32.16:706][381]LogSlate: Window 'Project Settings' being destroyed
[2019.02.17-22.32.18:156][552]LogSlate: FSceneViewport::OnFocusLost() reason 0
[2019.02.17-22.32.18:239][562]LogTemp: Repeating last play command: Selected Viewport
[2019.02.17-22.32.18:250][562]LogPlayLevel: PlayLevel: No blueprints needed recompiling
[2019.02.17-22.32.18:250][562]PIE: New page: PIE session: Test_Level (Feb 17, 2019, 12:32:18 PM)
[2019.02.17-22.32.18:250][562]LogPlayLevel: Creating play world package: /Game/Levels/UEDPIE_0_Test_Level
[2019.02.17-22.32.18:261][562]LogPlayLevel: PIE: StaticDuplicateObject took: (0.011060s)
[2019.02.17-22.32.18:262][562]LogAIModule: Creating AISystem for world Test_Level
[2019.02.17-22.32.18:262][562]LogPlayLevel: PIE: World Init took: (0.000590s)
[2019.02.17-22.32.18:262][562]LogPlayLevel: PIE: Created PIE world by copying editor world from /Game/Levels/Test_Level.Test_Level to /Game/Levels/UEDPIE_0_Test_Level.Test_Level (0.011752s)
[2019.02.17-22.32.18:283][562]LogInit: XAudio2 using 'DELL P2715Q (NVIDIA High Definition Audio)' : 2 channels at 48 kHz using 16 bits per sample (channel mask 0x3)
[2019.02.17-22.32.18:288][562]LogInit: FAudioDevice initialized.
[2019.02.17-22.32.18:316][562]LogLoad: Game class is 'Test_Terminus_22XXGameModeBase_C'
[2019.02.17-22.32.18:318][562]LogWorld: Bringing World /Game/Levels/UEDPIE_0_Test_Level.Test_Level up for play (max tick rate 0) at 2019.02.17-17.32.18
[2019.02.17-22.32.18:318][562]LogWorld: Bringing up level for play took: 0.000857
[2019.02.17-22.32.18:331][562]PIE: Play in editor start time for /Game/Levels/UEDPIE_0_Test_Level -0.685
[2019.02.17-22.32.49:722][327]LogSlate: Updating window title bar state: overlay mode, drag disabled, window buttons hidden, title bar hidden
[2019.02.17-22.32.49:751][327]LogPlayLevel: Display: Shutting down PIE online subsystems
[2019.02.17-22.32.49:768][327]LogSlate: Updating window title bar state: overlay mode, drag disabled, window buttons hidden, title bar hidden
[2019.02.17-22.32.49:825][332]LogPlayLevel: Display: Destroying online subsystem :Context_6
[2019.02.17-22.32.58:972][388]LogSlate: FSceneViewport::OnFocusLost() reason 0
[2019.02.17-22.33.11:253][839]LogSlate: FSceneViewport::OnFocusLost() reason 2
[2019.02.17-22.33.17:017][500]LogSlate: FSceneViewport::OnFocusLost() reason 0
[2019.02.17-22.33.43:347][645]LogSlate: FSceneViewport::OnFocusLost() reason 2
[2019.02.17-22.33.50:243][462]LogSlate: FSceneViewport::OnFocusLost() reason 0
[2019.02.17-22.34.06:925][443]MapCheck: New page: Map Check
[2019.02.17-22.34.06:939][443]Cmd: MAP REBUILD ALLVISIBLE
[2019.02.17-22.34.06:940][443]LogEditorServer: Rebuildmap Clear paths rebuilt
[2019.02.17-22.34.07:033][443]LightingResults: New page: Lighting Build - Feb 17, 2019, 12:34:07 PM
[2019.02.17-22.34.07:070][443]LogSwarmInterface: [OpenConnection] Registering TCP channel ...
[2019.02.17-22.34.07:106][443]LogSwarmInterface: [OpenConnection] Connecting to agent ...
[2019.02.17-22.34.07:117][443]LogSwarmInterface: [TryOpenConnection] Testing the Agent
[2019.02.17-22.34.07:663][443]LogSwarmInterface: [TryOpenConnection] Opening Connection to Agent
[2019.02.17-22.34.07:664][443]LogSwarmInterface: [TryOpenConnection] Local Process ID is 3804
[2019.02.17-22.34.10:170][443]LogStaticLightingSystem: Warning: No importance volume found, so the scene bounding box was used.  You can optimize your scene's quality and lighting build times by adding importance volumes.
[2019.02.17-22.34.10:170][443]LogStaticLightingSystem: Running Lightmass w/ ImmediateImport mode ENABLED
[2019.02.17-22.34.10:170][443]LogStaticLightingSystem: Running Lightmass w/ ImmediateProcess mode ENABLED
[2019.02.17-22.34.10:170][443]LogStaticLightingSystem: Running Lightmass w/ Sorting mode ENABLED
[2019.02.17-22.34.10:170][443]LogStaticLightingSystem: Running Lightmass w/ Mapping paddings ENABLED
[2019.02.17-22.34.10:171][443]LogStaticLightingSystem: Running Lightmass w/ Mapping debug paddings DISABLED
[2019.02.17-22.34.10:292][443]LogEditorBuildUtils: Build time 0:03
[2019.02.17-22.34.10:299][443]LogMaterial: Display: Missing cached shader map for material FLightmassMaterialRenderer WorldGridMaterial, compiling. Is special engine material.
[2019.02.17-22.34.10:314][443]LogShaderCompilers: Display: Shaders left to compile 2
[2019.02.17-22.34.10:314][443]LogMaterial: Display: Missing cached shader map for material FLightmassMaterialRenderer WorldGridMaterial, compiling. Is special engine material.
[2019.02.17-22.34.10:328][444]LogShaderCompilers: Display: Shaders left to compile 2
[2019.02.17-22.34.14:467][680]Job is a success!
[2019.02.17-22.34.14:492][681]LogSlate: Took 0.001089 seconds to synchronously load lazily loaded font '../../../Engine/Content/Slate/Fonts/Roboto-Light.ttf' (167K)
[2019.02.17-22.34.14:522][681]LogVolumetricLightmapImport: Imported Volumetric Lightmap in 0.013s
[2019.02.17-22.34.14:522][681]LogVolumetricLightmapImport:      Indirection Texture 16x16x16 = 0.0Mb
[2019.02.17-22.34.14:522][681]LogVolumetricLightmapImport:      BrickData 610x5x5 = 0.5Mb (trimmed 0.1Mb due to 0.010000 MinBrickError)
[2019.02.17-22.34.14:522][681]LogVolumetricLightmapImport:      Bricks at Level
[2019.02.17-22.34.14:522][681]LogVolumetricLightmapImport:          0: 0.8% covering 100.0% of volume
[2019.02.17-22.34.14:522][681]LogVolumetricLightmapImport:          1: 4.1% covering 7.8% of volume
[2019.02.17-22.34.14:522][681]LogVolumetricLightmapImport:          2: 95.1% covering 2.8% of volume
[2019.02.17-22.34.14:868][681]LogTexture: Display: Building textures: HQ_Lightmap0_1 (AutoDXT, 1024X1024)
[2019.02.17-22.34.14:868][681]LogTexture: Display: Building textures: LQ_Lightmap_0_1 (DXT1, 1024X1024)
[2019.02.17-22.34.14:960][681]LogTexture: Display: Building textures: ShadowMapTexture2D_0 (BGRA8, 512X1024)
[2019.02.17-22.34.14:983][681]Lightmass on WJ310-15: 2.81 sec total, 66 ms importing, 9 ms setup, 682 ms photons, 2.01 sec processing, 0 ms extra exporting [252/252 mappings]. Threads: 13.9 sec total, 5.96 sec processing.
[2019.02.17-22.34.15:018][681]LogStaticLightingSystem: Illumination: 7.96 sec (248 ms encoding lightmaps, 86 ms encoding shadowmaps)
[2019.02.17-22.34.15:018][681]LogStaticLightingSystem: Lightmap texture memory:  2.0 MB (0.0 MB streaming, 2.0 MB non-streaming), 2 textures
[2019.02.17-22.34.15:018][681]LogStaticLightingSystem: Shadowmap texture memory: 2.7 MB (0.0 MB streaming, 2.7 MB non-streaming), 1 textures
[2019.02.17-22.34.15:175][681]DumpUnbuiltLightIteractions
[2019.02.17-22.34.15:175][681]Lights with unbuilt interactions: 0
[2019.02.17-22.34.15:175][681]
[2019.02.17-22.34.15:175][681]Primitives with unbuilt interactions: 0
[2019.02.17-22.34.15:289][682]Cmd: MAP CHECK NOTIFYRESULTS
[2019.02.17-22.34.15:289][682]MapCheck: New page: Test_Level - Feb 17, 2019, 12:34:15 PM
[2019.02.17-22.34.15:355][682]MapCheck: Map check complete: 0 Error(s), 0 Warning(s), took 65.867ms to complete.
[2019.02.17-22.34.17:042][871]LogTemp: Repeating last play command: Selected Viewport
[2019.02.17-22.34.17:057][871]LogPlayLevel: PlayLevel: No blueprints needed recompiling
[2019.02.17-22.34.17:057][871]PIE: New page: PIE session: Test_Level (Feb 17, 2019, 12:34:17 PM)
[2019.02.17-22.34.17:057][871]LogPlayLevel: Creating play world package: /Game/Levels/UEDPIE_0_Test_Level
[2019.02.17-22.34.17:073][871]LogPlayLevel: PIE: StaticDuplicateObject took: (0.016181s)
[2019.02.17-22.34.17:074][871]LogAIModule: Creating AISystem for world Test_Level
[2019.02.17-22.34.17:074][871]LogPlayLevel: PIE: World Init took: (0.000517s)
[2019.02.17-22.34.17:074][871]LogPlayLevel: PIE: Created PIE world by copying editor world from /Game/Levels/Test_Level.Test_Level to /Game/Levels/UEDPIE_0_Test_Level.Test_Level (0.016810s)
[2019.02.17-22.34.17:095][871]LogInit: XAudio2 using 'DELL P2715Q (NVIDIA High Definition Audio)' : 2 channels at 48 kHz using 16 bits per sample (channel mask 0x3)
[2019.02.17-22.34.17:100][871]LogInit: FAudioDevice initialized.
[2019.02.17-22.34.17:128][871]LogLoad: Game class is 'Test_Terminus_22XXGameModeBase_C'
[2019.02.17-22.34.17:129][871]LogWorld: Bringing World /Game/Levels/UEDPIE_0_Test_Level.Test_Level up for play (max tick rate 0) at 2019.02.17-17.34.17
[2019.02.17-22.34.17:129][871]LogWorld: Bringing up level for play took: 0.000766
[2019.02.17-22.34.17:141][871]PIE: Play in editor start time for /Game/Levels/UEDPIE_0_Test_Level 0.126
[2019.02.17-22.34.34:538][956]LogSlate: Updating window title bar state: overlay mode, drag disabled, window buttons hidden, title bar hidden
[2019.02.17-22.34.34:571][956]LogPlayLevel: Display: Shutting down PIE online subsystems
[2019.02.17-22.34.34:588][956]LogSlate: Updating window title bar state: overlay mode, drag disabled, window buttons hidden, title bar hidden
[2019.02.17-22.34.34:643][960]LogPlayLevel: Display: Destroying online subsystem :Context_7
[2019.02.17-22.34.37:543][302]LogSlate: FSceneViewport::OnFocusLost() reason 2
[2019.02.17-22.34.40:746][683]LogSlate: FSceneViewport::OnFocusLost() reason 2
[2019.02.17-22.34.40:860][695]LogSlate: FSceneViewport::OnFocusLost() reason 2
[2019.02.17-22.34.41:034][715]LogSlate: FSceneViewport::OnFocusLost() reason 2
[2019.02.17-22.34.42:334][869]LogSlate: FSceneViewport::OnFocusLost() reason 2
[2019.02.17-22.34.42:975][869]LogSlate: Only BGRA pngs, bmps or icos are supported in by External Image Picker
[2019.02.17-22.34.43:028][870]LogTemp: Executing iPhonePackager certificates Engine -bundlename com.YourCompany.Terminus22XX
[2019.02.17-22.34.43:028][870]LogTemp: CWD: C:\Program Files\Epic Games\UE_4.20\Engine\Binaries\DotNET\IOS
[2019.02.17-22.34.43:028][870]LogTemp: Initial Dir: C:\Program Files\Epic Games\UE_4.20
[2019.02.17-22.34.43:028][870]LogTemp: Env CWD: C:\Program Files\Epic Games\UE_4.20\Engine\Binaries\DotNET\IOS
[2019.02.17-22.34.43:028][870]LogTemp: BranchPath = WJ310-15/C/Program Files/Epic Games/UE_4.20/Engine/Binaries --- GameBranchPath = WJ310-15/C/Program Files/Epic Games/UE_4.20/Engine/Binaries
[2019.02.17-22.34.43:028][870]LogTemp: IPP ERROR: Could not find provision directory 'C:\Users\jone0641\AppData\Local/Apple Computer/MobileDevice/Provisioning Profiles/'.
[2019.02.17-22.34.54:864][274]LogSlate: Window 'Project Settings' being destroyed
[2019.02.17-22.34.54:865][274]LogSlate: Window 'Project Settings' being destroyed
[2019.02.17-22.34.58:061][645]LogEditorViewport: Clicking on Actor (LMB): PointLight (PointLight)
[2019.02.17-22.34.59:350][788]Cmd: DELETE
[2019.02.17-22.34.59:350][788]Cmd: ACTOR DELETE
[2019.02.17-22.34.59:367][788]LogEditorActor: Deleted Actor: PointLight
[2019.02.17-22.34.59:420][788]LogEditorActor: Deleted 1 Actors (0.066 secs)
[2019.02.17-22.35.00:673][935]LogSlate: FSceneViewport::OnFocusLost() reason 0
[2019.02.17-22.35.00:781][948]LogTemp: Repeating last play command: Selected Viewport
[2019.02.17-22.35.00:792][948]LogPlayLevel: PlayLevel: No blueprints needed recompiling
[2019.02.17-22.35.00:793][948]PIE: New page: PIE session: Test_Level (Feb 17, 2019, 12:35:00 PM)
[2019.02.17-22.35.00:793][948]LogPlayLevel: Creating play world package: /Game/Levels/UEDPIE_0_Test_Level
[2019.02.17-22.35.00:804][948]LogPlayLevel: PIE: StaticDuplicateObject took: (0.010933s)
[2019.02.17-22.35.00:805][948]LogAIModule: Creating AISystem for world Test_Level
[2019.02.17-22.35.00:805][948]LogPlayLevel: PIE: World Init took: (0.000917s)
[2019.02.17-22.35.00:805][948]LogPlayLevel: PIE: Created PIE world by copying editor world from /Game/Levels/Test_Level.Test_Level to /Game/Levels/UEDPIE_0_Test_Level.Test_Level (0.011963s)
[2019.02.17-22.35.00:826][948]LogInit: XAudio2 using 'DELL P2715Q (NVIDIA High Definition Audio)' : 2 channels at 48 kHz using 16 bits per sample (channel mask 0x3)
[2019.02.17-22.35.00:831][948]LogInit: FAudioDevice initialized.
[2019.02.17-22.35.00:858][948]LogLoad: Game class is 'Test_Terminus_22XXGameModeBase_C'
[2019.02.17-22.35.00:859][948]LogWorld: Bringing World /Game/Levels/UEDPIE_0_Test_Level.Test_Level up for play (max tick rate 0) at 2019.02.17-17.35.00
[2019.02.17-22.35.00:859][948]LogWorld: Bringing up level for play took: 0.000746
[2019.02.17-22.35.00:871][948]PIE: Play in editor start time for /Game/Levels/UEDPIE_0_Test_Level -0.144
[2019.02.17-22.35.03:345][242]LogSlate: Updating window title bar state: overlay mode, drag disabled, window buttons hidden, title bar hidden
[2019.02.17-22.35.03:376][242]LogPlayLevel: Display: Shutting down PIE online subsystems
[2019.02.17-22.35.03:393][242]LogSlate: Updating window title bar state: overlay mode, drag disabled, window buttons hidden, title bar hidden
[2019.02.17-22.35.03:447][248]LogPlayLevel: Display: Destroying online subsystem :Context_8
[2019.02.17-22.35.08:724][875]LogPlayLevel: PlayLevel: No blueprints needed recompiling
[2019.02.17-22.35.08:724][875]PIE: New page: PIE session: Test_Level (Feb 17, 2019, 12:35:08 PM)
[2019.02.17-22.35.08:724][875]LogPlayLevel: Creating play world package: /Game/Levels/UEDPIE_0_Test_Level
[2019.02.17-22.35.08:734][875]LogPlayLevel: PIE: StaticDuplicateObject took: (0.010287s)
[2019.02.17-22.35.08:734][875]LogAIModule: Creating AISystem for world Test_Level
[2019.02.17-22.35.08:735][875]LogPlayLevel: PIE: World Init took: (0.000505s)
[2019.02.17-22.35.08:735][875]LogPlayLevel: PIE: Created PIE world by copying editor world from /Game/Levels/Test_Level.Test_Level to /Game/Levels/UEDPIE_0_Test_Level.Test_Level (0.010901s)
[2019.02.17-22.35.08:755][875]LogInit: XAudio2 using 'DELL P2715Q (NVIDIA High Definition Audio)' : 2 channels at 48 kHz using 16 bits per sample (channel mask 0x3)
[2019.02.17-22.35.08:759][875]LogInit: FAudioDevice initialized.
[2019.02.17-22.35.08:770][875]LogSlate: Updating window title bar state: overlay mode, drag disabled, window buttons hidden, title bar hidden
[2019.02.17-22.35.08:838][875]LogLoad: Game class is 'Test_Terminus_22XXGameModeBase_C'
[2019.02.17-22.35.08:839][875]LogWorld: Bringing World /Game/Levels/UEDPIE_0_Test_Level.Test_Level up for play (max tick rate 0) at 2019.02.17-17.35.08
[2019.02.17-22.35.08:839][875]LogWorld: Bringing up level for play took: 0.000763
[2019.02.17-22.35.08:854][875]PIE: Play in editor start time for /Game/Levels/UEDPIE_0_Test_Level -0.161
[2019.02.17-22.35.26:089][610]LogRenderer: Reallocating scene render targets to support 2560x1376 Format 10 NumSamples 1 (Frame:1737).
[2019.02.17-22.35.34:054][417]LogSlate: Updating window title bar state: overlay mode, drag disabled, window buttons hidden, title bar hidden
[2019.02.17-22.35.34:099][417]LogSlate: Window 'Terminus_22XX Game Preview Standalone (64-bit/PCD3D_SM5)' being destroyed
[2019.02.17-22.35.34:136][417]LogPlayLevel: Display: Shutting down PIE online subsystems
[2019.02.17-22.35.34:179][418]LogPlayLevel: Display: Destroying online subsystem :Context_9
[2019.02.17-22.35.37:624][830]MapCheck: New page: Map Check
[2019.02.17-22.35.37:637][830]Cmd: MAP REBUILD ALLVISIBLE
[2019.02.17-22.35.37:638][830]LogEditorServer: Rebuildmap Clear paths rebuilt
[2019.02.17-22.35.37:725][830]LightingResults: New page: Lighting Build - Feb 17, 2019, 12:35:37 PM
[2019.02.17-22.35.37:732][830]LogSwarmInterface: [OpenConnection] Registering TCP channel ...
[2019.02.17-22.35.37:734][830]LogSwarmInterface: [OpenConnection] Connecting to agent ...
[2019.02.17-22.35.37:734][830]LogSwarmInterface: [TryOpenConnection] Testing the Agent
[2019.02.17-22.35.37:734][830]LogSwarmInterface: [TryOpenConnection] Opening Connection to Agent
[2019.02.17-22.35.37:734][830]LogSwarmInterface: [TryOpenConnection] Local Process ID is 3804
[2019.02.17-22.35.42:300][830]LogStaticLightingSystem: Warning: No importance volume found, so the scene bounding box was used.  You can optimize your scene's quality and lighting build times by adding importance volumes.
[2019.02.17-22.35.42:301][830]LogStaticLightingSystem: Running Lightmass w/ ImmediateImport mode ENABLED
[2019.02.17-22.35.42:301][830]LogStaticLightingSystem: Running Lightmass w/ ImmediateProcess mode ENABLED
[2019.02.17-22.35.42:301][830]LogStaticLightingSystem: Running Lightmass w/ Sorting mode ENABLED
[2019.02.17-22.35.42:301][830]LogStaticLightingSystem: Running Lightmass w/ Mapping paddings ENABLED
[2019.02.17-22.35.42:301][830]LogStaticLightingSystem: Running Lightmass w/ Mapping debug paddings DISABLED
[2019.02.17-22.35.42:498][830]LogEditorBuildUtils: Build time 0:04
[2019.02.17-22.35.43:970][946]Job is a success!
[2019.02.17-22.35.44:014][948]LogVolumetricLightmapImport: Imported Volumetric Lightmap in 0.011s
[2019.02.17-22.35.44:014][948]LogVolumetricLightmapImport:      Indirection Texture 16x16x16 = 0.0Mb
[2019.02.17-22.35.44:015][948]LogVolumetricLightmapImport:      BrickData 670x5x5 = 0.6Mb (trimmed 0.1Mb due to 0.010000 MinBrickError)
[2019.02.17-22.35.44:015][948]LogVolumetricLightmapImport:      Bricks at Level
[2019.02.17-22.35.44:015][948]LogVolumetricLightmapImport:          0: 0.7% covering 100.0% of volume
[2019.02.17-22.35.44:015][948]LogVolumetricLightmapImport:          1: 3.7% covering 7.8% of volume
[2019.02.17-22.35.44:015][948]LogVolumetricLightmapImport:          2: 95.5% covering 3.1% of volume
[2019.02.17-22.35.44:271][948]LogTexture: Display: Building textures: HQ_Lightmap1_1 (AutoDXT, 1024X1024)
[2019.02.17-22.35.44:271][948]LogTexture: Display: Building textures: LQ_Lightmap_1_1 (DXT1, 1024X1024)
[2019.02.17-22.35.44:271][948]LogTexture: Display: Building textures: ShadowMapTexture2D_1 (G8, 512X1024)
[2019.02.17-22.35.44:304][948]Lightmass on WJ310-15: 1.46 sec total, 58 ms importing, 3 ms setup, 404 ms photons, 975 ms processing, 0 ms extra exporting [252/252 mappings]. Threads: 6.67 sec total, 2.71 sec processing.
[2019.02.17-22.35.44:313][948]LogStaticLightingSystem: Illumination: 6.57 sec (88 ms encoding lightmaps, 89 ms encoding shadowmaps)
[2019.02.17-22.35.44:313][948]LogStaticLightingSystem: Lightmap texture memory:  2.0 MB (0.0 MB streaming, 2.0 MB non-streaming), 2 textures
[2019.02.17-22.35.44:313][948]LogStaticLightingSystem: Shadowmap texture memory: 0.7 MB (0.0 MB streaming, 0.7 MB non-streaming), 1 textures
[2019.02.17-22.35.45:303][948]DumpUnbuiltLightIteractions
[2019.02.17-22.35.45:303][948]Lights with unbuilt interactions: 0
[2019.02.17-22.35.45:303][948]
[2019.02.17-22.35.45:303][948]Primitives with unbuilt interactions: 0
[2019.02.17-22.35.45:412][949]Cmd: MAP CHECK NOTIFYRESULTS
[2019.02.17-22.35.45:412][949]MapCheck: New page: Test_Level - Feb 17, 2019, 12:35:45 PM
[2019.02.17-22.35.45:480][949]MapCheck: Map check complete: 0 Error(s), 0 Warning(s), took 67.811ms to complete.
[2019.02.17-22.35.47:001][128]LogTemp: Repeating last play command: New Editor Window (PIE)
[2019.02.17-22.35.47:012][128]LogPlayLevel: PlayLevel: No blueprints needed recompiling
[2019.02.17-22.35.47:012][128]PIE: New page: PIE session: Test_Level (Feb 17, 2019, 12:35:47 PM)
[2019.02.17-22.35.47:012][128]LogPlayLevel: Creating play world package: /Game/Levels/UEDPIE_0_Test_Level
[2019.02.17-22.35.47:025][128]LogPlayLevel: PIE: StaticDuplicateObject took: (0.012094s)
[2019.02.17-22.35.47:025][128]LogAIModule: Creating AISystem for world Test_Level
[2019.02.17-22.35.47:025][128]LogPlayLevel: PIE: World Init took: (0.000513s)
[2019.02.17-22.35.47:025][128]LogPlayLevel: PIE: Created PIE world by copying editor world from /Game/Levels/Test_Level.Test_Level to /Game/Levels/UEDPIE_0_Test_Level.Test_Level (0.012718s)
[2019.02.17-22.35.47:043][128]LogInit: XAudio2 using 'DELL P2715Q (NVIDIA High Definition Audio)' : 2 channels at 48 kHz using 16 bits per sample (channel mask 0x3)
[2019.02.17-22.35.47:048][128]LogInit: FAudioDevice initialized.
[2019.02.17-22.35.47:055][128]LogSlate: Updating window title bar state: overlay mode, drag disabled, window buttons hidden, title bar hidden
[2019.02.17-22.35.47:122][128]LogLoad: Game class is 'Test_Terminus_22XXGameModeBase_C'
[2019.02.17-22.35.47:123][128]LogWorld: Bringing World /Game/Levels/UEDPIE_0_Test_Level.Test_Level up for play (max tick rate 0) at 2019.02.17-17.35.47
[2019.02.17-22.35.47:123][128]LogWorld: Bringing up level for play took: 0.000750
[2019.02.17-22.35.47:139][128]PIE: Play in editor start time for /Game/Levels/UEDPIE_0_Test_Level 0.124
[2019.02.17-22.35.53:787][901]LogSlate: Window 'Terminus_22XX Game Preview Standalone (64-bit/PCD3D_SM5)' being destroyed
[2019.02.17-22.35.53:816][901]LogPlayLevel: Display: Shutting down PIE online subsystems
[2019.02.17-22.35.53:882][906]LogPlayLevel: Display: Destroying online subsystem :Context_10
[2019.02.17-22.36.07:886][386]LogSlate: Window 'Save Content' being destroyed
[2019.02.17-22.36.07:957][386]LogSlate: Window 'Terminus_22XX - Unreal Editor' being destroyed
[2019.02.17-22.36.08:145][387]Cmd: QUIT_EDITOR
[2019.02.17-22.36.09:148][387]LogWindowsTextInputMethodSystem: Display: IME system now deactivated.
[2019.02.17-22.36.09:183][387]LogExit: Preparing to exit.
[2019.02.17-22.36.10:259][387]LogExit: Editor shut down
[2019.02.17-22.36.10:259][387]LogExit: Transaction tracking system shut down
[2019.02.17-22.36.10:766][387]LogExit: Object subsystem successfully closed.
[2019.02.17-22.36.10:786][387]LogShaderCompilers: Display: Shaders left to compile 0
[2019.02.17-22.36.10:788][387]LogD3D11RHI: Shutdown
[2019.02.17-22.36.10:788][387]LogD3D11RHI: CleanupD3DDevice
[2019.02.17-22.36.10:790][387]LogD3D11RHI: ~FD3D11DynamicRHI
[2019.02.17-22.36.10:825][387]LogModuleManager: Shutting down and abandoning module ExternalImagePicker (618)
[2019.02.17-22.36.10:825][387]LogModuleManager: Shutting down and abandoning module MovieSceneCapture (616)
[2019.02.17-22.36.10:825][387]LogModuleManager: Shutting down and abandoning module Voice (614)
[2019.02.17-22.36.10:826][387]LogModuleManager: Shutting down and abandoning module HierarchicalLODOutliner (612)
[2019.02.17-22.36.10:826][387]LogModuleManager: Shutting down and abandoning module SceneOutliner (610)
[2019.02.17-22.36.10:826][387]LogModuleManager: Shutting down and abandoning module AddContentDialog (608)
[2019.02.17-22.36.10:826][387]LogModuleManager: Shutting down and abandoning module WidgetCarousel (607)
[2019.02.17-22.36.10:826][387]LogModuleManager: Shutting down and abandoning module EditorWidgets (604)
[2019.02.17-22.36.10:826][387]LogModuleManager: Shutting down and abandoning module CollectionManager (602)
[2019.02.17-22.36.10:826][387]LogModuleManager: Shutting down and abandoning module StatsViewer (600)
[2019.02.17-22.36.10:826][387]LogModuleManager: Shutting down and abandoning module FoliageEdit (598)
[2019.02.17-22.36.10:826][387]LogModuleManager: Shutting down and abandoning module LandscapeEditor (596)
[2019.02.17-22.36.10:827][387]LogModuleManager: Shutting down and abandoning module MeshPaintMode (594)
[2019.02.17-22.36.10:828][387]LogModuleManager: Shutting down and abandoning module SceneDepthPickerMode (592)
[2019.02.17-22.36.10:828][387]LogModuleManager: Shutting down and abandoning module ActorPickerMode (590)
[2019.02.17-22.36.10:828][387]LogModuleManager: Shutting down and abandoning module GeometryMode (588)
[2019.02.17-22.36.10:828][387]LogModuleManager: Shutting down and abandoning module TextureAlignMode (586)
[2019.02.17-22.36.10:828][387]LogModuleManager: Shutting down and abandoning module BspMode (584)
[2019.02.17-22.36.10:828][387]LogModuleManager: Shutting down and abandoning module PIEPreviewDeviceProfileSelector (582)
[2019.02.17-22.36.10:828][387]LogModuleManager: Shutting down and abandoning module SequenceRecorderSections (580)
[2019.02.17-22.36.10:828][387]LogModuleManager: Shutting down and abandoning module AutomationWorker (578)
[2019.02.17-22.36.10:828][387]LogModuleManager: Shutting down and abandoning module AudioCaptureEditor (576)
[2019.02.17-22.36.10:828][387]LogModuleManager: Shutting down and abandoning module SequenceRecorder (575)
[2019.02.17-22.36.10:828][387]LogModuleManager: Shutting down and abandoning module MatineeToLevelSequence (572)
[2019.02.17-22.36.10:828][387]LogModuleManager: Shutting down and abandoning module LevelSequenceEditor (570)
[2019.02.17-22.36.10:829][387]LogModuleManager: Shutting down and abandoning module PlacementMode (569)
[2019.02.17-22.36.10:829][387]LogModuleManager: Shutting down and abandoning module MaterialEditor (568)
[2019.02.17-22.36.10:830][387]LogModuleManager: Shutting down and abandoning module WmfMediaFactory (564)
[2019.02.17-22.36.10:830][387]LogModuleManager: Shutting down and abandoning module WmfMediaEditor (562)
[2019.02.17-22.36.10:830][387]LogModuleManager: Shutting down and abandoning module MediaPlayerEditor (560)
[2019.02.17-22.36.10:831][387]LogModuleManager: Shutting down and abandoning module OpenExrWrapper (558)
[2019.02.17-22.36.10:831][387]LogModuleManager: Shutting down and abandoning module ImgMediaFactory (556)
[2019.02.17-22.36.10:831][387]LogModuleManager: Shutting down and abandoning module ImgMediaEditor (554)
[2019.02.17-22.36.10:831][387]LogModuleManager: Shutting down and abandoning module AvfMediaFactory (552)
[2019.02.17-22.36.10:831][387]LogModuleManager: Shutting down and abandoning module AvfMediaEditor (550)
[2019.02.17-22.36.10:831][387]LogModuleManager: Shutting down and abandoning module AndroidMediaFactory (548)
[2019.02.17-22.36.10:831][387]LogModuleManager: Shutting down and abandoning module AndroidMediaEditor (546)
[2019.02.17-22.36.10:831][387]LogModuleManager: Shutting down and abandoning module MagicLeapCameraPreviewFactory (544)
[2019.02.17-22.36.10:831][387]LogModuleManager: Shutting down and abandoning module MagicLeapMediaFactory (542)
[2019.02.17-22.36.10:831][387]LogModuleManager: Shutting down and abandoning module MagicLeapMediaEditor (540)
[2019.02.17-22.36.10:831][387]LogModuleManager: Shutting down and abandoning module CharacterAI (538)
[2019.02.17-22.36.10:831][387]LogModuleManager: Shutting down and abandoning module SmartSnapping (536)
[2019.02.17-22.36.10:831][387]LogModuleManager: Shutting down and abandoning module SessionServices (534)
[2019.02.17-22.36.10:831][387]LogModuleManager: Shutting down and abandoning module ViewportSnapping (532)
[2019.02.17-22.36.10:831][387]LogModuleManager: Shutting down and abandoning module ViewportInteraction (530)
[2019.02.17-22.36.10:831][387]LogModuleManager: Shutting down and abandoning module ClothPainter (528)
[2019.02.17-22.36.10:831][387]LogModuleManager: Shutting down and abandoning module SkeletalMeshEditor (527)
[2019.02.17-22.36.10:832][387]LogModuleManager: Shutting down and abandoning module LogVisualizer (524)
[2019.02.17-22.36.10:832][387]LogModuleManager: Shutting down and abandoning module IntroTutorials (522)
[2019.02.17-22.36.10:833][387]LogModuleManager: Shutting down and abandoning module GameProjectGeneration (521)
[2019.02.17-22.36.10:833][387]LogModuleManager: Shutting down and abandoning module LuminPlatformEditor (518)
[2019.02.17-22.36.10:833][387]LogModuleManager: Shutting down and abandoning module IOSPlatformEditor (516)
[2019.02.17-22.36.10:833][387]LogModuleManager: Shutting down and abandoning module HTML5PlatformEditor (514)
[2019.02.17-22.36.10:833][387]LogModuleManager: Shutting down and abandoning module AndroidPlatformEditor (512)
[2019.02.17-22.36.10:833][387]LogModuleManager: Shutting down and abandoning module AndroidDeviceDetection (511)
[2019.02.17-22.36.10:858][387]LogModuleManager: Shutting down and abandoning module WindowsPlatformEditor (508)
[2019.02.17-22.36.10:858][387]LogModuleManager: Shutting down and abandoning module LuminRuntimeSettings (506)
[2019.02.17-22.36.10:858][387]LogModuleManager: Shutting down and abandoning module IOSRuntimeSettings (504)
[2019.02.17-22.36.10:858][387]LogModuleManager: Shutting down and abandoning module AndroidRuntimeSettings (502)
[2019.02.17-22.36.10:858][387]LogModuleManager: Shutting down and abandoning module InputBindingEditor (500)
[2019.02.17-22.36.10:858][387]LogModuleManager: Shutting down and abandoning module MergeActors (498)
[2019.02.17-22.36.10:858][387]LogModuleManager: Shutting down and abandoning module LocalizationDashboard (496)
[2019.02.17-22.36.10:859][387]LogModuleManager: Shutting down and abandoning module LocalizationService (495)
[2019.02.17-22.36.10:859][387]LogModuleManager: Shutting down and abandoning module HardwareTargeting (492)
[2019.02.17-22.36.10:859][387]LogModuleManager: Shutting down and abandoning module DeviceProfileEditor (490)
[2019.02.17-22.36.10:859][387]LogModuleManager: Shutting down and abandoning module UndoHistory (488)
[2019.02.17-22.36.10:859][387]LogModuleManager: Shutting down and abandoning module XmlParser (486)
[2019.02.17-22.36.10:859][387]LogModuleManager: Shutting down and abandoning module Blutility (484)
[2019.02.17-22.36.10:859][387]LogModuleManager: Shutting down and abandoning module ProjectSettingsViewer (482)
[2019.02.17-22.36.10:859][387]LogModuleManager: Shutting down and abandoning module ProjectTargetPlatformEditor (481)
[2019.02.17-22.36.10:859][387]LogModuleManager: Shutting down and abandoning module EditorSettingsViewer (478)
[2019.02.17-22.36.10:859][387]LogModuleManager: Shutting down and abandoning module SettingsEditor (476)
[2019.02.17-22.36.10:859][387]LogModuleManager: Shutting down and abandoning module ProjectLauncher (474)
[2019.02.17-22.36.10:860][387]LogModuleManager: Shutting down and abandoning module SessionFrontend (472)
[2019.02.17-22.36.10:860][387]LogModuleManager: Shutting down and abandoning module ProfilerClient (470)
[2019.02.17-22.36.10:860][387]LogModuleManager: Shutting down and abandoning module DeviceManager (468)
[2019.02.17-22.36.10:860][387]LogModuleManager: Shutting down and abandoning module TargetDeviceServices (467)
[2019.02.17-22.36.10:922][387]LogModuleManager: Shutting down and abandoning module AutomationController (464)
[2019.02.17-22.36.10:924][387]LogModuleManager: Shutting down and abandoning module AutomationWindow (462)
[2019.02.17-22.36.10:925][387]LogModuleManager: Shutting down and abandoning module Layers (460)
[2019.02.17-22.36.10:925][387]LogModuleManager: Shutting down and abandoning module ComponentVisualizers (458)
[2019.02.17-22.36.10:925][387]LogModuleManager: Shutting down and abandoning module DetailCustomizations (456)
[2019.02.17-22.36.10:926][387]LogModuleManager: Shutting down and abandoning module PackagesDialog (454)
[2019.02.17-22.36.10:926][387]LogModuleManager: Shutting down and abandoning module Persona (452)
[2019.02.17-22.36.10:927][387]LogModuleManager: Shutting down and abandoning module AdvancedPreviewScene (451)
[2019.02.17-22.36.10:927][387]LogModuleManager: Shutting down and abandoning module AnimGraph (449)
[2019.02.17-22.36.10:927][387]LogModuleManager: Shutting down and abandoning module Kismet (446)
[2019.02.17-22.36.10:928][387]LogModuleManager: Shutting down and abandoning module GraphEditor (444)
[2019.02.17-22.36.10:929][387]LogModuleManager: Shutting down and abandoning module ClassViewer (442)
[2019.02.17-22.36.10:929][387]LogModuleManager: Shutting down and abandoning module Toolbox (440)
[2019.02.17-22.36.10:929][387]LogModuleManager: Shutting down and abandoning module ModuleUI (438)
[2019.02.17-22.36.10:929][387]LogModuleManager: Shutting down and abandoning module MovieSceneTools (436)
[2019.02.17-22.36.10:929][387]LogModuleManager: Shutting down and abandoning module OutputLog (434)
[2019.02.17-22.36.10:929][387]LogModuleManager: Shutting down and abandoning module GammaUI (432)
[2019.02.17-22.36.10:929][387]LogModuleManager: Shutting down and abandoning module Documentation (430)
[2019.02.17-22.36.10:929][387]LogModuleManager: Shutting down and abandoning module MovieSceneTracks (428)
[2019.02.17-22.36.10:929][387]LogModuleManager: Shutting down and abandoning module MovieScene (426)
[2019.02.17-22.36.10:930][387]LogModuleManager: Shutting down and abandoning module StreamingPauseRendering (424)
[2019.02.17-22.36.10:930][387]LogModuleManager: Shutting down and abandoning module LauncherPlatform (422)
[2019.02.17-22.36.10:930][387]LogModuleManager: Shutting down and abandoning module AnalyticsET (420)
[2019.02.17-22.36.10:930][387]LogModuleManager: Shutting down and abandoning module PortalServices (418)
[2019.02.17-22.36.10:930][387]LogModuleManager: Shutting down and abandoning module PortalRpc (416)
[2019.02.17-22.36.10:930][387]LogModuleManager: Shutting down and abandoning module MessagingRpc (414)
[2019.02.17-22.36.10:930][387]LogModuleManager: Shutting down and abandoning module AIModule (412)
[2019.02.17-22.36.10:930][387]LogModuleManager: Shutting down and abandoning module GameplayDebugger (411)
[2019.02.17-22.36.10:930][387]LogModuleManager: Shutting down and abandoning module AITestSuite (409)
[2019.02.17-22.36.10:930][387]LogModuleManager: Shutting down and abandoning module NavigationSystem (407)
[2019.02.17-22.36.10:930][387]LogModuleManager: Shutting down and abandoning module ProfilerService (404)
[2019.02.17-22.36.11:076][387]LogModuleManager: Shutting down and abandoning module TaskGraph (402)
[2019.02.17-22.36.11:079][387]LogModuleManager: Shutting down and abandoning module SteamVRController (400)
[2019.02.17-22.36.11:079][387]LogModuleManager: Shutting down and abandoning module ProceduralMeshComponentEditor (398)
[2019.02.17-22.36.11:079][387]LogModuleManager: Shutting down and abandoning module ProceduralMeshComponent (396)
[2019.02.17-22.36.11:079][387]LogModuleManager: Shutting down and abandoning module OculusInput (394)
[2019.02.17-22.36.11:079][387]LogModuleManager: Shutting down and abandoning module MobilePatchingUtils (392)
[2019.02.17-22.36.11:079][387]LogModuleManager: Shutting down and abandoning module EditableMesh (390)
[2019.02.17-22.36.11:080][387]LogModuleManager: Shutting down and abandoning module CustomMeshComponent (388)
[2019.02.17-22.36.11:080][387]LogModuleManager: Shutting down and abandoning module CableComponent (386)
[2019.02.17-22.36.11:080][387]LogModuleManager: Shutting down and abandoning module AudioCapture (384)
[2019.02.17-22.36.11:080][387]LogModuleManager: Shutting down and abandoning module ArchVisCharacter (382)
[2019.02.17-22.36.11:080][387]LogModuleManager: Shutting down and abandoning module AndroidPermission (380)
[2019.02.17-22.36.11:080][387]LogModuleManager: Shutting down and abandoning module NUTUnrealEngine4 (378)
[2019.02.17-22.36.11:080][387]LogModuleManager: Shutting down and abandoning module NetcodeUnitTest (376)
[2019.02.17-22.36.11:080][387]LogModuleManager: Shutting down and abandoning module MediaCompositingEditor (374)
[2019.02.17-22.36.11:080][387]LogModuleManager: Shutting down and abandoning module MediaCompositing (372)
[2019.02.17-22.36.11:080][387]LogModuleManager: Shutting down and abandoning module LinearTimecode (370)
[2019.02.17-22.36.11:080][387]LogModuleManager: Shutting down and abandoning module ImgMedia (368)
[2019.02.17-22.36.11:082][387]LogModuleManager: Shutting down and abandoning module HTML5Networking (366)
[2019.02.17-22.36.11:082][387]LogModuleManager: Shutting down and abandoning module GeometryCacheTracks (364)
[2019.02.17-22.36.11:082][387]LogModuleManager: Shutting down and abandoning module GeometryCacheSequencer (362)
[2019.02.17-22.36.11:082][387]LogModuleManager: Shutting down and abandoning module BackChannel (360)
[2019.02.17-22.36.11:082][387]LogModuleManager: Shutting down and abandoning module AppleVision (358)
[2019.02.17-22.36.11:082][387]LogModuleManager: Shutting down and abandoning module AppleImageUtils (356)
[2019.02.17-22.36.11:082][387]LogModuleManager: Shutting down and abandoning module AlembicImporter (354)
[2019.02.17-22.36.11:082][387]LogModuleManager: Shutting down and abandoning module AlembicLibrary (353)
[2019.02.17-22.36.11:082][387]LogModuleManager: Shutting down and abandoning module GeometryCache (352)
[2019.02.17-22.36.11:082][387]LogModuleManager: Shutting down and abandoning module GeometryCacheEd (351)
[2019.02.17-22.36.11:082][387]LogModuleManager: Shutting down and abandoning module DatasmithContentEditor (346)
[2019.02.17-22.36.11:082][387]LogModuleManager: Shutting down and abandoning module DatasmithContent (344)
[2019.02.17-22.36.11:083][387]LogModuleManager: Shutting down and abandoning module SpeedTreeImporter (342)
[2019.02.17-22.36.11:083][387]LogModuleManager: Shutting down and abandoning module PluginBrowser (340)
[2019.02.17-22.36.11:084][387]LogModuleManager: Shutting down and abandoning module MobileLauncherProfileWizard (338)
[2019.02.17-22.36.11:084][387]LogModuleManager: Shutting down and abandoning module PolygonModeling (336)
[2019.02.17-22.36.11:084][387]LogModuleManager: Shutting down and abandoning module MeshEditor (334)
[2019.02.17-22.36.11:084][387]LogModuleManager: Shutting down and abandoning module CryptoKeysOpenSSL (332)
[2019.02.17-22.36.11:084][387]LogModuleManager: Shutting down and abandoning module CryptoKeys (330)
[2019.02.17-22.36.11:084][387]LogModuleManager: Shutting down and abandoning module VisualStudioSourceCodeAccess (328)
[2019.02.17-22.36.11:084][387]LogModuleManager: Shutting down and abandoning module VisualStudioCodeSourceCodeAccess (326)
[2019.02.17-22.36.11:084][387]LogModuleManager: Shutting down and abandoning module UObjectPlugin (324)
[2019.02.17-22.36.11:084][387]LogModuleManager: Shutting down and abandoning module SubversionSourceControl (322)
[2019.02.17-22.36.11:084][387]LogModuleManager: Shutting down and abandoning module PerforceSourceControl (320)
[2019.02.17-22.36.11:085][387]LogModuleManager: Shutting down and abandoning module GitSourceControl (318)
[2019.02.17-22.36.11:085][387]LogModuleManager: Shutting down and abandoning module SourceControl (317)
[2019.02.17-22.36.11:085][387]LogModuleManager: Shutting down and abandoning module CLionSourceCodeAccess (314)
[2019.02.17-22.36.11:085][387]LogModuleManager: Shutting down and abandoning module LightPropagationVolumeEditor (312)
[2019.02.17-22.36.11:085][387]LogModuleManager: Shutting down and abandoning module PaperTiledImporter (310)
[2019.02.17-22.36.11:085][387]LogModuleManager: Shutting down and abandoning module PaperSpriteSheetImporter (308)
[2019.02.17-22.36.11:085][387]LogModuleManager: Shutting down and abandoning module Paper2DEditor (306)
[2019.02.17-22.36.11:086][387]LogModuleManager: Shutting down and abandoning module MeshPaint (305)
[2019.02.17-22.36.11:086][387]LogModuleManager: Shutting down and abandoning module Terminus_22XX (302)
[2019.02.17-22.36.11:086][387]LogModuleManager: Shutting down and abandoning module RuntimePhysXCooking (300)
[2019.02.17-22.36.11:086][387]LogModuleManager: Shutting down and abandoning module PhysXVehiclesEditor (298)
[2019.02.17-22.36.11:086][387]LogModuleManager: Shutting down and abandoning module PhysXVehicles (296)
[2019.02.17-22.36.11:086][387]LogModuleManager: Shutting down and abandoning module OculusEditor (294)
[2019.02.17-22.36.11:086][387]LogModuleManager: Shutting down and abandoning module LocationServicesBPLibrary (292)
[2019.02.17-22.36.11:086][387]LogModuleManager: Shutting down and abandoning module ImmediatePhysicsEditor (290)
[2019.02.17-22.36.11:086][387]LogModuleManager: Shutting down and abandoning module ImmediatePhysics (288)
[2019.02.17-22.36.11:087][387]LogModuleManager: Shutting down and abandoning module ActorSequence (286)
[2019.02.17-22.36.11:087][387]LogModuleManager: Shutting down and abandoning module UdpMessaging (284)
[2019.02.17-22.36.11:188][387]LogModuleManager: Shutting down and abandoning module TcpMessaging (282)
[2019.02.17-22.36.11:288][387]LogModuleManager: Shutting down and abandoning module MagicLeapAudio (280)
[2019.02.17-22.36.11:288][387]LogModuleManager: Shutting down and abandoning module GameplayTagsEditor (278)
[2019.02.17-22.36.11:291][387]LogModuleManager: Shutting down and abandoning module FacialAnimationEditor (276)
[2019.02.17-22.36.11:291][387]LogModuleManager: Shutting down and abandoning module FacialAnimation (274)
[2019.02.17-22.36.11:291][387]LogModuleManager: Shutting down and abandoning module DataValidation (272)
[2019.02.17-22.36.11:291][387]LogModuleManager: Shutting down and abandoning module AssetManagerEditor (270)
[2019.02.17-22.36.11:292][387]LogModuleManager: Shutting down and abandoning module LevelEditor (269)
[2019.02.17-22.36.11:293][387]LogModuleManager: Shutting down and abandoning module PixelInspectorModule (268)
[2019.02.17-22.36.11:294][387]LogModuleManager: Shutting down and abandoning module CommonMenuExtensions (266)
[2019.02.17-22.36.11:294][387]LogModuleManager: Shutting down and abandoning module MainFrame (264)
[2019.02.17-22.36.11:294][387]LogModuleManager: Shutting down and abandoning module HotReload (263)
[2019.02.17-22.36.11:295][387]LogModuleManager: Shutting down and abandoning module ContentBrowser (259)
[2019.02.17-22.36.11:297][387]LogModuleManager: Shutting down and abandoning module TreeMap (257)
[2019.02.17-22.36.11:297][387]LogModuleManager: Shutting down and abandoning module LightPropagationVolumeRuntime (254)
[2019.02.17-22.36.11:297][387]LogModuleManager: Shutting down and abandoning module AISupportModule (252)
[2019.02.17-22.36.11:297][387]LogModuleManager: Shutting down and abandoning module Paper2D (250)
[2019.02.17-22.36.11:297][387]LogModuleManager: Shutting down and abandoning module WindowsMoviePlayer (248)
[2019.02.17-22.36.11:298][387]LogModuleManager: Shutting down and abandoning module WmfMedia (246)
[2019.02.17-22.36.11:300][387]LogModuleManager: Shutting down and abandoning module Media (245)
[2019.02.17-22.36.11:306][387]LogModuleManager: Shutting down and abandoning module PacketHandler (242)
[2019.02.17-22.36.11:306][387]LogModuleManager: Shutting down and abandoning module ClothingSystemEditor (240)
[2019.02.17-22.36.11:306][387]LogModuleManager: Shutting down and abandoning module ClothingSystemRuntime (238)
[2019.02.17-22.36.11:307][387]LogModuleManager: Shutting down and abandoning module MediaAssets (236)
[2019.02.17-22.36.11:307][387]LogModuleManager: Shutting down and abandoning module Overlay (234)
[2019.02.17-22.36.11:307][387]LogModuleManager: Shutting down and abandoning module OverlayEditor (233)
[2019.02.17-22.36.11:307][387]LogModuleManager: Shutting down and abandoning module VREditor (230)
[2019.02.17-22.36.11:307][387]LogModuleManager: Shutting down and abandoning module StringTableEditor (228)
[2019.02.17-22.36.11:308][387]LogModuleManager: Shutting down and abandoning module GameplayTasksEditor (226)
[2019.02.17-22.36.11:308][387]LogModuleManager: Shutting down and abandoning module BehaviorTreeEditor (224)
[2019.02.17-22.36.11:309][387]LogModuleManager: Shutting down and abandoning module FunctionalTesting (222)
[2019.02.17-22.36.11:309][387]LogModuleManager: Shutting down and abandoning module CollisionAnalyzer (220)
[2019.02.17-22.36.11:310][387]LogModuleManager: Shutting down and abandoning module WorkspaceMenuStructure (219)
[2019.02.17-22.36.11:310][387]LogModuleManager: Shutting down and abandoning module UMG (216)
[2019.02.17-22.36.11:310][387]LogModuleManager: Shutting down and abandoning module UMGEditor (215)
[2019.02.17-22.36.11:311][387]LogModuleManager: Shutting down and abandoning module Sequencer (214)
[2019.02.17-22.36.11:312][387]LogModuleManager: Shutting down and abandoning module MessageLog (211)
[2019.02.17-22.36.11:312][387]LogModuleManager: Shutting down and abandoning module SlateReflector (206)
[2019.02.17-22.36.11:314][387]LogModuleManager: Shutting down and abandoning module Slate (204)
[2019.02.17-22.36.11:314][387]LogModuleManager: Shutting down and abandoning module EditorStyle (202)
[2019.02.17-22.36.11:317][387]LogModuleManager: Shutting down and abandoning module MRMesh (200)
[2019.02.17-22.36.11:317][387]LogModuleManager: Shutting down and abandoning module SourceCodeAccess (198)
[2019.02.17-22.36.11:317][387]LogModuleManager: Shutting down and abandoning module HeadMountedDisplay (196)
[2019.02.17-22.36.11:317][387]LogModuleManager: Shutting down and abandoning module XAudio2 (194)
[2019.02.17-22.36.11:317][387]LogModuleManager: Shutting down and abandoning module Networking (192)
[2019.02.17-22.36.11:318][387]LogModuleManager: Shutting down and abandoning module Core (190)
[2019.02.17-22.36.11:318][387]LogModuleManager: Shutting down and abandoning module LevelSequence (188)
[2019.02.17-22.36.11:318][387]LogModuleManager: Shutting down and abandoning module KismetCompiler (186)
[2019.02.17-22.36.11:318][387]LogModuleManager: Shutting down and abandoning module MeshUtilities (184)
[2019.02.17-22.36.11:318][387]LogModuleManager: Shutting down and abandoning module MeshMergeUtilities (183)
[2019.02.17-22.36.11:319][387]LogModuleManager: Shutting down and abandoning module MeshReductionInterface (182)
[2019.02.17-22.36.11:319][387]LogModuleManager: Shutting down and abandoning module SimplygonSwarm (181)
[2019.02.17-22.36.11:319][387]LogModuleManager: Shutting down and abandoning module ProxyLODMeshReduction (179)
[2019.02.17-22.36.11:319][387]LogModuleManager: Shutting down and abandoning module SimplygonMeshReduction (177)
[2019.02.17-22.36.11:319][387]LogModuleManager: Shutting down and abandoning module QuadricMeshReduction (175)
[2019.02.17-22.36.11:319][387]LogModuleManager: Shutting down and abandoning module MaterialBaking (171)
[2019.02.17-22.36.11:319][387]LogModuleManager: Shutting down and abandoning module DirectoryWatcher (167)
[2019.02.17-22.36.11:320][387]LogModuleManager: Shutting down and abandoning module DerivedDataCache (164)
[2019.02.17-22.36.11:358][387]LogDerivedDataCache: Shutdown
[2019.02.17-22.36.11:358][387]LogModuleManager: Shutting down and abandoning module XGEController (162)
[2019.02.17-22.36.11:358][387]LogXGEController: Cleaning working directory: C:/Users/jone0641/AppData/Local/Temp/UnrealXGEWorkingDir/
[2019.02.17-22.36.11:359][387]LogModuleManager: Shutting down and abandoning module TargetPlatform (160)
[2019.02.17-22.36.11:359][387]LogModuleManager: Shutting down and abandoning module VulkanShaderFormat (159)
[2019.02.17-22.36.11:359][387]LogModuleManager: Shutting down and abandoning module ShaderFormatVectorVM (157)
[2019.02.17-22.36.11:359][387]LogModuleManager: Shutting down and abandoning module ShaderFormatOpenGL (155)
[2019.02.17-22.36.11:359][387]LogModuleManager: Shutting down and abandoning module ShaderFormatD3D (153)
[2019.02.17-22.36.11:359][387]LogModuleManager: Shutting down and abandoning module MetalShaderFormat (151)
[2019.02.17-22.36.11:360][387]LogModuleManager: Shutting down and abandoning module TextureFormatUncompressed (149)
[2019.02.17-22.36.11:360][387]LogModuleManager: Shutting down and abandoning module TextureFormatPVR (147)
[2019.02.17-22.36.11:360][387]LogModuleManager: Shutting down and abandoning module TextureFormatDXT (145)
[2019.02.17-22.36.11:360][387]LogModuleManager: Shutting down and abandoning module TextureFormatIntelISPCTexComp (143)
[2019.02.17-22.36.11:360][387]LogModuleManager: Shutting down and abandoning module TextureFormatASTC (141)
[2019.02.17-22.36.11:360][387]LogModuleManager: Shutting down and abandoning module ImageWrapper (140)
[2019.02.17-22.36.11:360][387]LogModuleManager: Shutting down and abandoning module TextureFormatAndroid (137)
[2019.02.17-22.36.11:360][387]LogModuleManager: Shutting down and abandoning module AudioFormatOpus (135)
[2019.02.17-22.36.11:360][387]LogModuleManager: Shutting down and abandoning module AudioFormatOgg (133)
[2019.02.17-22.36.11:360][387]LogModuleManager: Shutting down and abandoning module AudioFormatADPCM (131)
[2019.02.17-22.36.11:360][387]LogModuleManager: Shutting down and abandoning module LuminTargetPlatform (129)
[2019.02.17-22.36.11:361][387]LogModuleManager: Shutting down and abandoning module LinuxTargetPlatform (127)
[2019.02.17-22.36.11:361][387]LogModuleManager: Shutting down and abandoning module LinuxServerTargetPlatform (125)
[2019.02.17-22.36.11:361][387]LogModuleManager: Shutting down and abandoning module LinuxNoEditorTargetPlatform (123)
[2019.02.17-22.36.11:361][387]LogModuleManager: Shutting down and abandoning module LinuxClientTargetPlatform (121)
[2019.02.17-22.36.11:361][387]LogModuleManager: Shutting down and abandoning module TVOSTargetPlatform (119)
[2019.02.17-22.36.11:363][387]LogModuleManager: Shutting down and abandoning module Messaging (117)
[2019.02.17-22.36.11:363][387]LogModuleManager: Shutting down and abandoning module IOSTargetPlatform (115)
[2019.02.17-22.36.11:365][387]LogModuleManager: Shutting down and abandoning module HTML5TargetPlatform (113)
[2019.02.17-22.36.11:365][387]LogModuleManager: Shutting down and abandoning module AndroidTargetPlatform (111)
[2019.02.17-22.36.11:383][387]LogModuleManager: Shutting down and abandoning module WindowsTargetPlatform (109)
[2019.02.17-22.36.11:383][387]LogModuleManager: Shutting down and abandoning module WindowsServerTargetPlatform (107)
[2019.02.17-22.36.11:383][387]LogModuleManager: Shutting down and abandoning module WindowsNoEditorTargetPlatform (105)
[2019.02.17-22.36.11:383][387]LogModuleManager: Shutting down and abandoning module WindowsClientTargetPlatform (103)
[2019.02.17-22.36.11:383][387]LogModuleManager: Shutting down and abandoning module MacTargetPlatform (101)
[2019.02.17-22.36.11:383][387]LogModuleManager: Shutting down and abandoning module MacServerTargetPlatform (99)
[2019.02.17-22.36.11:383][387]LogModuleManager: Shutting down and abandoning module MacNoEditorTargetPlatform (97)
[2019.02.17-22.36.11:384][387]LogModuleManager: Shutting down and abandoning module MacClientTargetPlatform (95)
[2019.02.17-22.36.11:384][387]LogModuleManager: Shutting down and abandoning module AllDesktopTargetPlatform (93)
[2019.02.17-22.36.11:384][387]LogModuleManager: Shutting down and abandoning module InputCore (90)
[2019.02.17-22.36.11:384][387]LogModuleManager: Shutting down and abandoning module Settings (88)
[2019.02.17-22.36.11:384][387]LogModuleManager: Shutting down and abandoning module PhysXCooking (86)
[2019.02.17-22.36.11:384][387]LogModuleManager: Shutting down and abandoning module SteamVR (84)
[2019.02.17-22.36.11:384][387]LogModuleManager: Shutting down and abandoning module OculusHMD (82)
[2019.02.17-22.36.11:385][387]LogModuleManager: Shutting down and abandoning module ExampleDeviceProfileSelector (80)
[2019.02.17-22.36.11:385][387]LogModuleManager: Shutting down and abandoning module LauncherChunkInstaller (78)
[2019.02.17-22.36.11:385][387]LogModuleManager: Shutting down and abandoning module OnlineBlueprintSupport (76)
[2019.02.17-22.36.11:385][387]LogModuleManager: Shutting down and abandoning module OnlineSubsystem (72)
[2019.02.17-22.36.11:387][387]LogModuleManager: Shutting down and abandoning module XMPP (67)
[2019.02.17-22.36.11:388][387]LogModuleManager: Shutting down and abandoning module WebSockets (66)
[2019.02.17-22.36.11:414][387]LogModuleManager: Shutting down and abandoning module HTTP (63)
[2019.02.17-22.36.11:414][387]LogHttp: Display: Http module shutting down, but needs to wait on 1 outstanding Http requests:
[2019.02.17-22.36.11:414][387]LogHttp: Display: 	verb=[POST] url=[https://datarouter.ol.epicgames.com/datarouter/api/v1/public/data?SessionID=%7B5F58F9FC-495A-0EC6-B868-D6A82D197982%7D&AppID=UEEditor.Rocket.Release&AppVersion=4.20.0-4212847%2B%2B%2BUE4%2BRelease-4.20&UserID=bbe0968745d5411d8e26739d837c6f0c%7C2bd54f50d3474bbaa066b5568058959f%7Ca902c8ce-9679-44ed-bc18-95e7811a99fd&AppEnvironment=datacollector-binary&UploadType=eteventstream] status=Processing
[2019.02.17-22.36.11:416][387]LogModuleManager: Shutting down and abandoning module SSL (62)
[2019.02.17-22.36.11:418][387]LogModuleManager: Shutting down and abandoning module MagicLeapEmulator (58)
[2019.02.17-22.36.11:418][387]LogModuleManager: Shutting down and abandoning module MagicLeapPrivileges (56)
[2019.02.17-22.36.11:418][387]LogModuleManager: Shutting down and abandoning module MagicLeapIdentity (54)
[2019.02.17-22.36.11:418][387]LogModuleManager: Shutting down and abandoning module MagicLeapHelperVulkan (52)
[2019.02.17-22.36.11:418][387]LogModuleManager: Shutting down and abandoning module MagicLeapHelperOpenGL (50)
[2019.02.17-22.36.11:418][387]LogModuleManager: Shutting down and abandoning module MagicLeapSecureStorage (48)
[2019.02.17-22.36.11:418][387]LogModuleManager: Shutting down and abandoning module MagicLeapGestures (46)
[2019.02.17-22.36.11:419][387]LogModuleManager: Shutting down and abandoning module MagicLeapEyeTracker (44)
[2019.02.17-22.36.11:419][387]LogModuleManager: Shutting down and abandoning module MagicLeapController (42)
[2019.02.17-22.36.11:419][387]LogSlate: Slate User Destroyed.  User Index 0, Is Virtual User: 0
[2019.02.17-22.36.11:419][387]LogModuleManager: Shutting down and abandoning module MagicLeap (40)
[2019.02.17-22.36.11:419][387]LogModuleManager: Shutting down and abandoning module DesktopPlatform (38)
[2019.02.17-22.36.11:419][387]LogModuleManager: Shutting down and abandoning module AnimationModifiers (36)
[2019.02.17-22.36.11:420][387]LogModuleManager: Shutting down and abandoning module PropertyEditor (35)
[2019.02.17-22.36.11:420][387]LogModuleManager: Shutting down and abandoning module AudioEditor (32)
[2019.02.17-22.36.11:421][387]LogModuleManager: Shutting down and abandoning module TextureCompressor (30)
[2019.02.17-22.36.11:421][387]LogModuleManager: Shutting down and abandoning module ShaderCore (28)
[2019.02.17-22.36.11:421][387]LogModuleManager: Shutting down and abandoning module Landscape (26)
[2019.02.17-22.36.11:421][387]LogModuleManager: Shutting down and abandoning module SlateRHIRenderer (24)
[2019.02.17-22.36.11:422][387]LogModuleManager: Shutting down and abandoning module OpenGLDrv (22)
[2019.02.17-22.36.11:422][387]LogModuleManager: Shutting down and abandoning module D3D11RHI (20)
[2019.02.17-22.36.11:423][387]LogModuleManager: Shutting down and abandoning module AnimGraphRuntime (18)
[2019.02.17-22.36.11:423][387]LogModuleManager: Shutting down and abandoning module Renderer (16)
[2019.02.17-22.36.11:423][387]LogModuleManager: Shutting down and abandoning module Engine (14)
[2019.02.17-22.36.11:423][387]LogModuleManager: Shutting down and abandoning module CoreUObject (12)
[2019.02.17-22.36.11:423][387]LogModuleManager: Shutting down and abandoning module NetworkFile (10)
[2019.02.17-22.36.11:423][387]LogModuleManager: Shutting down and abandoning module CookedIterativeFile (8)
[2019.02.17-22.36.11:423][387]LogModuleManager: Shutting down and abandoning module StreamingFile (6)
[2019.02.17-22.36.11:423][387]LogModuleManager: Shutting down and abandoning module SandboxFile (4)
[2019.02.17-22.36.11:423][387]LogModuleManager: Shutting down and abandoning module PakFile (2)
[2019.02.17-22.36.11:428][387]LogExit: Exiting.
[2019.02.17-22.36.11:439][387]Log file closed, 02/17/19 17:36:11
