
﻿Log file open, 02/22/19 12:45:54
LogWindows: Failed to load 'aqProf.dll' (GetLastError=126)
LogWindows: File 'aqProf.dll' does not exist
LogWindows: Failed to load 'VSPerf140.dll' (GetLastError=126)
LogWindows: File 'VSPerf140.dll' does not exist
LogWindows: Failed to load 'VtuneApi.dll' (GetLastError=126)
LogWindows: File 'VtuneApi.dll' does not exist
LogWindows: Failed to load 'VtuneApi32e.dll' (GetLastError=126)
LogWindows: File 'VtuneApi32e.dll' does not exist
LogInit: Display: Running engine for game: Terminus_22XX
LogPlatformFile: Not using cached read wrapper
LogTaskGraph: Started task graph with 5 named threads and 14 total threads with 3 sets of task threads.
LogStats: Stats thread started at 0.293218
LogD3D11RHI: Loaded GFSDK_Aftermath_Lib.x64.dll
LogICUInternationalization: Display: ICU TimeZone Detection - Raw Offset: -5:00, Platform Override: ''
LogPluginManager: Mounting plugin Paper2D
LogPluginManager: Mounting plugin AISupport
LogPluginManager: Mounting plugin LightPropagationVolume
LogPluginManager: Mounting plugin CLionSourceCodeAccess
LogPluginManager: Mounting plugin CodeLiteSourceCodeAccess
LogPluginManager: Mounting plugin GitSourceControl
LogPluginManager: Mounting plugin KDevelopSourceCodeAccess
LogPluginManager: Mounting plugin NullSourceCodeAccess
LogPluginManager: Mounting plugin PerforceSourceControl
LogPluginManager: Mounting plugin SubversionSourceControl
LogPluginManager: Mounting plugin UObjectPlugin
LogPluginManager: Mounting plugin VisualStudioCodeSourceCodeAccess
LogPluginManager: Mounting plugin VisualStudioSourceCodeAccess
LogPluginManager: Mounting plugin XCodeSourceCodeAccess
LogPluginManager: Mounting plugin AssetManagerEditor
LogPluginManager: Mounting plugin CryptoKeys
LogPluginManager: Mounting plugin DataValidation
LogPluginManager: Mounting plugin FacialAnimation
LogPluginManager: Mounting plugin GameplayTagsEditor
LogPluginManager: Mounting plugin MacGraphicsSwitching
LogPluginManager: Mounting plugin MeshEditor
LogPluginManager: Mounting plugin MobileLauncherProfileWizard
LogPluginManager: Mounting plugin PluginBrowser
LogPluginManager: Mounting plugin SpeedTreeImporter
LogPluginManager: Mounting plugin DatasmithContent
LogPluginManager: Mounting plugin AlembicImporter
LogPluginManager: Mounting plugin AppleImageUtils
LogPluginManager: Mounting plugin AppleVision
LogPluginManager: Mounting plugin BackChannel
LogPluginManager: Mounting plugin CharacterAI
LogPluginManager: Mounting plugin GeometryCache
LogPluginManager: Mounting plugin HTML5Networking
LogPluginManager: Mounting plugin ProxyLODPlugin
LogPluginManager: Mounting plugin MagicLeap
LogPluginManager: Mounting plugin MagicLeapEmulator
LogPluginManager: Mounting plugin MagicLeapMedia
LogPluginManager: Mounting plugin AndroidMedia
LogPluginManager: Mounting plugin AvfMedia
LogPluginManager: Mounting plugin ImgMedia
LogPluginManager: Mounting plugin LinearTimecode
LogPluginManager: Mounting plugin MediaCompositing
LogPluginManager: Mounting plugin MediaPlayerEditor
LogPluginManager: Mounting plugin WmfMedia
LogPluginManager: Mounting plugin TcpMessaging
LogPluginManager: Mounting plugin UdpMessaging
LogPluginManager: Mounting plugin ActorSequence
LogPluginManager: Mounting plugin LevelSequenceEditor
LogPluginManager: Mounting plugin MatineeToLevelSequence
LogPluginManager: Mounting plugin NetcodeUnitTest
LogPluginManager: Mounting plugin NUTUnrealEngine4
LogPluginManager: Mounting plugin OnlineSubsystemGooglePlay
LogPluginManager: Mounting plugin OnlineSubsystemIOS
LogPluginManager: Mounting plugin OnlineSubsystem
LogPluginManager: Mounting plugin OnlineSubsystemNull
LogPluginManager: Mounting plugin OnlineSubsystemUtils
LogPluginManager: Mounting plugin LauncherChunkInstaller
LogPluginManager: Mounting plugin AndroidDeviceProfileSelector
LogPluginManager: Mounting plugin AndroidMoviePlayer
LogPluginManager: Mounting plugin AndroidPermission
LogPluginManager: Mounting plugin AppleMoviePlayer
LogPluginManager: Mounting plugin ArchVisCharacter
LogPluginManager: Mounting plugin AudioCapture
LogPluginManager: Mounting plugin CableComponent
LogPluginManager: Mounting plugin CustomMeshComponent
LogPluginManager: Mounting plugin EditableMesh
LogPluginManager: Mounting plugin ExampleDeviceProfileSelector
LogPluginManager: Mounting plugin GoogleCloudMessaging
LogPluginManager: Mounting plugin ImmediatePhysics
LogPluginManager: Mounting plugin IOSDeviceProfileSelector
LogPluginManager: Mounting plugin LinuxDeviceProfileSelector
LogPluginManager: Mounting plugin LocationServicesBPLibrary
LogPluginManager: Mounting plugin MobilePatchingUtils
LogPluginManager: Mounting plugin OculusVR
LogPluginManager: Plugin shader directory ../../../Engine/Plugins/Runtime/Oculus/OculusVR/Shaders found
LogPluginManager: Mapping shader source directory ../../../Engine/Plugins/Runtime/Oculus/OculusVR/Shaders to virtual directory /Plugin/OculusVR
LogPluginManager: Mounting plugin PhysXVehicles
LogPluginManager: Mounting plugin ProceduralMeshComponent
LogPluginManager: Mounting plugin RuntimePhysXCooking
LogPluginManager: Mounting plugin SteamVR
LogPluginManager: Mounting plugin WindowsMoviePlayer
LogStreaming: Display: Took  0.168s to configure plugins.
LogInit: Using libcurl 7.55.1-DEV
LogInit:  - built for x86_64-pc-win32
LogInit:  - supports SSL with OpenSSL/1.0.2h
LogInit:  - supports HTTP deflate (compression) using libz 1.2.8
LogInit:  - other features:
LogInit:      CURL_VERSION_SSL
LogInit:      CURL_VERSION_LIBZ
LogInit:      CURL_VERSION_IPV6
LogInit:      CURL_VERSION_ASYNCHDNS
LogInit:      CURL_VERSION_LARGEFILE
LogInit:      CURL_VERSION_IDN
LogInit:  CurlRequestOptions (configurable via config and command line):
LogInit:  - bVerifyPeer = false  - Libcurl will NOT verify peer certificate
LogInit:  - bUseHttpProxy = false  - Libcurl will NOT use HTTP proxy
LogInit:  - bDontReuseConnections = false  - Libcurl will reuse connections
LogInit:  - CertBundlePath = nullptr  - Libcurl will use whatever was configured at build time.
LogInit:  - MaxHostConnections = 16  - Libcurl will limit the number of connections to a host
LogInit:  - LocalHostAddr = Default
LogInit:  - BufferSize = 65536
LogInit: WinSock: version 1.1 (2.2), MaxSocks=32767, MaxUdp=65467
LogInit: Build: ++UE4+Release-4.20-CL-4369336
LogInit: Engine Version: 4.20.3-4369336+++UE4+Release-4.20
LogInit: Compatible Engine Version: 4.20.0-4212847+++UE4+Release-4.20
LogInit: Net CL: 4212847
LogInit: OS: Windows 10 (), CPU: Intel(R) Core(TM) i5-6600K CPU @ 3.50GHz, GPU: NVIDIA GeForce GTX 1060 6GB
LogInit: Compiled (64-bit): Sep 17 2018 12:26:19
LogInit: Compiled with Visual C++: 19.13.26129.00
LogInit: Build Configuration: Development
LogInit: Branch Name: ++UE4+Release-4.20
LogInit: Command Line:  -skipcompile
LogInit: Base Directory: F:/Program Files (x86)/Epic Games/UE_4.20/Engine/Binaries/Win64/
LogInit: Installed Engine Build: 1
LogDevObjectVersion: Number of dev versions registered: 20
LogDevObjectVersion:   Dev-Blueprints (B0D832E4-1F89-4F0D-ACCF-7EB736FD4AA2): 10
LogDevObjectVersion:   Dev-Build (E1C64328-A22C-4D53-A36C-8E866417BD8C): 0
LogDevObjectVersion:   Dev-Core (375EC13C-06E4-48FB-B500-84F0262A717E): 2
LogDevObjectVersion:   Dev-Editor (E4B068ED-F494-42E9-A231-DA0B2E46BB41): 24
LogDevObjectVersion:   Dev-Framework (CFFC743F-43B0-4480-9391-14DF171D2073): 34
LogDevObjectVersion:   Dev-Mobile (B02B49B5-BB20-44E9-A304-32B752E40360): 2
LogDevObjectVersion:   Dev-Networking (A4E4105C-59A1-49B5-A7C5-40C4547EDFEE): 0
LogDevObjectVersion:   Dev-Online (39C831C9-5AE6-47DC-9A44-9C173E1C8E7C): 0
LogDevObjectVersion:   Dev-Physics (78F01B33-EBEA-4F98-B9B4-84EACCB95AA2): 0
LogDevObjectVersion:   Dev-Platform (6631380F-2D4D-43E0-8009-CF276956A95A): 0
LogDevObjectVersion:   Dev-Rendering (12F88B9F-8875-4AFC-A67C-D90C383ABD29): 26
LogDevObjectVersion:   Dev-Sequencer (7B5AE74C-D270-4C10-A958-57980B212A5A): 9
LogDevObjectVersion:   Dev-VR (D7296918-1DD6-4BDD-9DE2-64A83CC13884): 2
LogDevObjectVersion:   Dev-LoadTimes (C2A15278-BFE7-4AFE-6C17-90FF531DF755): 1
LogDevObjectVersion:   Private-Geometry (6EACA3D4-40EC-4CC1-B786-8BED09428FC5): 3
LogDevObjectVersion:   Dev-AnimPhys (29E575DD-E0A3-4627-9D10-D276232CDCEA): 17
LogDevObjectVersion:   Dev-ReflectionCapture (6B266CEC-1EC7-4B8F-A30B-E4D90942FC07): 1
LogDevObjectVersion:   Dev-Automation (0DF73D61-A23F-47EA-B727-89E90C41499A): 1
LogDevObjectVersion:   FortniteMain (601D1886-AC64-4F84-AA16-D3DE0DEAC7D6): 12
LogDevObjectVersion:   Dev-Enterprise (9DFFBCD6-494F-0158-E221-12823C92A888): 1
LogStreaming: Display: Took  0.001s to delete old logs.
LogInit: Presizing for max 8388607 objects, including 0 objects not considered by GC, pre-allocating 0 bytes for permanent pool.
LogInit: Object subsystem initialized
[2019.02.22-17.45.55:369][  0]LogInit: Selected Device Profile: [Windows]
[2019.02.22-17.45.55:369][  0]LogInit: Applying CVar settings loaded from the selected device profile: [Windows]
[2019.02.22-17.45.55:382][  0]LogHAL: Display: Platform has ~ 16 GB [17136545792 / 17179869184 / 16], which maps to Larger [LargestMinGB=32, LargerMinGB=12, DefaultMinGB=8, SmallerMinGB=6, SmallestMinGB=0)
[2019.02.22-17.45.55:383][  0]LogInit: Setting Device Profile CVar: [[r.Vulkan.UseRealUBs:1]]
[2019.02.22-17.45.55:383][  0]LogInit: Going up to parent DeviceProfile []
[2019.02.22-17.45.55:383][  0]LogInit: Computer: RENZY-GAMING
[2019.02.22-17.45.55:383][  0]LogInit: User: Renzy
[2019.02.22-17.45.55:383][  0]LogInit: CPU Page size=4096, Cores=4
[2019.02.22-17.45.55:383][  0]LogInit: High frequency timer resolution =3.421871 MHz
[2019.02.22-17.45.55:384][  0]LogMemory: Memory total: Physical=16.0GB (16GB approx)
[2019.02.22-17.45.55:384][  0]LogMemory: Platform Memory Stats for Windows
[2019.02.22-17.45.55:385][  0]LogMemory: Process Physical Memory: 101.82 MB used, 101.82 MB peak
[2019.02.22-17.45.55:386][  0]LogMemory: Process Virtual Memory: 92.45 MB used, 92.45 MB peak
[2019.02.22-17.45.55:386][  0]LogMemory: Physical Memory: 9008.29 MB used,  7334.39 MB free, 16342.68 MB total
[2019.02.22-17.45.55:386][  0]LogMemory: Virtual Memory: 4633.35 MB used,  7334.39 MB free, 134217728.00 MB total
[2019.02.22-17.45.55:512][  0]LogInit: Using OS detected language (en-US).
[2019.02.22-17.45.55:512][  0]LogInit: Using OS detected locale (en-CA).
[2019.02.22-17.45.55:513][  0]LogTextLocalizationManager: No specific localization for 'en-US' exists, so the 'en' localization will be used.
[2019.02.22-17.45.55:824][  0]LogStreaming: Display: Took  0.312s to InitEngineTextLocalization.
[2019.02.22-17.45.55:824][  0]LogInit: Setting process to per monitor DPI aware
[2019.02.22-17.45.55:878][  0]LogSlate: New Slate User Created.  User Index 0, Is Virtual User: 0
[2019.02.22-17.45.55:878][  0]LogSlate: Slate User Registered.  User Index 0, Is Virtual User: 0
[2019.02.22-17.45.56:140][  0]LogHMD: Failed to initialize OpenVR with code 110
[2019.02.22-17.45.56:140][  0]LogD3D11RHI: D3D11 adapters:
[2019.02.22-17.45.56:208][  0]LogD3D11RHI:    0. 'NVIDIA GeForce GTX 1060 6GB' (Feature Level 11_0)
[2019.02.22-17.45.56:208][  0]LogD3D11RHI:       6052/0/8171 MB DedicatedVideo/DedicatedSystem/SharedSystem, Outputs:2, VendorId:0x10de
[2019.02.22-17.45.56:213][  0]LogD3D11RHI:    1. 'Microsoft Basic Render Driver' (Feature Level 11_0)
[2019.02.22-17.45.56:213][  0]LogD3D11RHI:       0/0/8171 MB DedicatedVideo/DedicatedSystem/SharedSystem, Outputs:0, VendorId:0x1414
[2019.02.22-17.45.56:213][  0]LogD3D11RHI: Chosen D3D11 Adapter: 0
[2019.02.22-17.45.56:220][  0]LogD3D11RHI: Creating new Direct3DDevice
[2019.02.22-17.45.56:220][  0]LogD3D11RHI:     GPU DeviceId: 0x1c03 (for the marketing name, search the web for "GPU Device Id")
[2019.02.22-17.45.56:220][  0]LogWindows: EnumDisplayDevices:
[2019.02.22-17.45.56:221][  0]LogWindows:    0. 'NVIDIA GeForce GTX 1060 6GB' (P:1 D:1)
[2019.02.22-17.45.56:221][  0]LogWindows:    1. 'NVIDIA GeForce GTX 1060 6GB' (P:0 D:1)
[2019.02.22-17.45.56:221][  0]LogWindows:    2. 'NVIDIA GeForce GTX 1060 6GB' (P:0 D:0)
[2019.02.22-17.45.56:221][  0]LogWindows:    3. 'NVIDIA GeForce GTX 1060 6GB' (P:0 D:0)
[2019.02.22-17.45.56:221][  0]LogWindows: DebugString: FoundDriverCount:4 
[2019.02.22-17.45.56:222][  0]LogD3D11RHI:     Adapter Name: NVIDIA GeForce GTX 1060 6GB
[2019.02.22-17.45.56:222][  0]LogD3D11RHI:   Driver Version: 418.81 (internal:25.21.14.1881, unified:418.81)
[2019.02.22-17.45.56:222][  0]LogD3D11RHI:      Driver Date: 1-30-2019
[2019.02.22-17.45.56:222][  0]LogRHI: Texture pool is 4236 MB (70% of 6052 MB)
[2019.02.22-17.45.56:256][  0]LogD3D11RHI: Async texture creation enabled
[2019.02.22-17.45.56:277][  0]LogD3D11RHI: GPU Timing Frequency: 1000.000000 (Debug: 2 1)
[2019.02.22-17.45.56:368][  0]LogShaderCompilers: Guid format shader working directory is -64 characters bigger than the processId version (../../../../../../Renzy/Documents/Algonquin/Term 4/GAM1528 - High Level Development 2/Assignments/GOOB-master/Intermediate/Shaders/WorkingDirectory/21540/).
[2019.02.22-17.45.56:368][  0]LogShaderCompilers: Cleaned the shader compiler working directory 'C:/Users/Renzy/AppData/Local/Temp/UnrealShaderWorkingDir/981835F549C22BC2E3E2D7A5CDB1B5D0/'.
[2019.02.22-17.45.56:592][  0]LogTemp: Display: Loaded TP AllDesktopTargetPlatform
[2019.02.22-17.45.56:606][  0]LogTemp: Display: Loaded TP MacClientTargetPlatform
[2019.02.22-17.45.56:619][  0]LogTemp: Display: Loaded TP MacNoEditorTargetPlatform
[2019.02.22-17.45.56:631][  0]LogTemp: Display: Loaded TP MacServerTargetPlatform
[2019.02.22-17.45.56:643][  0]LogTemp: Display: Loaded TP MacTargetPlatform
[2019.02.22-17.45.56:657][  0]LogTemp: Display: Loaded TP WindowsClientTargetPlatform
[2019.02.22-17.45.56:669][  0]LogTemp: Display: Loaded TP WindowsNoEditorTargetPlatform
[2019.02.22-17.45.56:681][  0]LogTemp: Display: Loaded TP WindowsServerTargetPlatform
[2019.02.22-17.45.56:687][  0]LogTemp: Display: Loaded TP WindowsTargetPlatform
[2019.02.22-17.45.56:750][  0]LogTemp: Display: Loaded TP AndroidTargetPlatform
[2019.02.22-17.45.56:751][  0]LogTemp: Display: Loaded TP AndroidTargetPlatform
[2019.02.22-17.45.56:751][  0]LogTemp: Display: Loaded TP AndroidTargetPlatform
[2019.02.22-17.45.56:751][  0]LogTemp: Display: Loaded TP AndroidTargetPlatform
[2019.02.22-17.45.56:751][  0]LogTemp: Display: Loaded TP AndroidTargetPlatform
[2019.02.22-17.45.56:751][  0]LogTemp: Display: Loaded TP AndroidTargetPlatform
[2019.02.22-17.45.56:751][  0]LogTemp: Display: Loaded TP AndroidTargetPlatform
[2019.02.22-17.45.56:751][  0]LogTemp: Display: Loaded TP AndroidTargetPlatform
[2019.02.22-17.45.56:751][  0]LogTemp: Display: Loaded TP AndroidTargetPlatform
[2019.02.22-17.45.56:751][  0]LogTemp: Display: Loaded TP AndroidTargetPlatform
[2019.02.22-17.45.56:751][  0]LogTemp: Display: Loaded TP AndroidTargetPlatform
[2019.02.22-17.45.56:751][  0]LogTemp: Display: Loaded TP AndroidTargetPlatform
[2019.02.22-17.45.56:751][  0]LogTemp: Display: Loaded TP AndroidTargetPlatform
[2019.02.22-17.45.56:751][  0]LogTemp: Display: Loaded TP AndroidTargetPlatform
[2019.02.22-17.45.56:751][  0]LogTemp: Display: Loaded TP AndroidTargetPlatform
[2019.02.22-17.45.56:751][  0]LogTemp: Display: Loaded TP AndroidTargetPlatform
[2019.02.22-17.45.56:751][  0]LogTemp: Display: Loaded TP AndroidTargetPlatform
[2019.02.22-17.45.56:751][  0]LogTemp: Display: Loaded TP AndroidTargetPlatform
[2019.02.22-17.45.56:754][  0]LogTemp: Display: Loaded TP HTML5TargetPlatform
[2019.02.22-17.45.56:819][  0]LogTemp: Display: Loaded TP IOSTargetPlatform
[2019.02.22-17.45.56:819][  0]LogTemp: Display: Loaded TP IOSTargetPlatform
[2019.02.22-17.45.56:839][  0]LogTemp: Display: Loaded TP TVOSTargetPlatform
[2019.02.22-17.45.56:839][  0]LogTemp: Display: Loaded TP TVOSTargetPlatform
[2019.02.22-17.45.56:851][  0]LogTemp: Display: Loaded TP LinuxClientTargetPlatform
[2019.02.22-17.45.56:863][  0]LogTemp: Display: Loaded TP LinuxNoEditorTargetPlatform
[2019.02.22-17.45.56:877][  0]LogTemp: Display: Loaded TP LinuxServerTargetPlatform
[2019.02.22-17.45.56:889][  0]LogTemp: Display: Loaded TP LinuxTargetPlatform
[2019.02.22-17.45.56:898][  0]LogTemp: Display: Loaded TP LuminTargetPlatform
[2019.02.22-17.45.56:900][  0]LogTargetPlatformManager: Display: Building Assets For Windows
[2019.02.22-17.45.57:000][  0]LogXGEController: Cleaning working directory: C:/Users/Renzy/AppData/Local/Temp/UnrealXGEWorkingDir/
[2019.02.22-17.45.57:001][  0]LogXGEController: Cannot use XGE Controller as Incredibuild is not installed on this machine.
[2019.02.22-17.45.57:001][  0]LogShaderCompilers: Cannot use XGE Shader Compiler as Incredibuild is not installed on this machine.
[2019.02.22-17.45.57:001][  0]LogShaderCompilers: Display: Using Local Shader Compiler.
[2019.02.22-17.45.57:546][  0]LogDerivedDataCache: Display: Max Cache Size: 512 MB
[2019.02.22-17.45.57:590][  0]LogDerivedDataCache: Loaded boot cache 0.04s 71MB C:/Users/Renzy/AppData/Local/UnrealEngine/4.20/DerivedDataCache/Boot.ddc.
[2019.02.22-17.45.57:590][  0]LogDerivedDataCache: Display: Loaded Boot cache: C:/Users/Renzy/AppData/Local/UnrealEngine/4.20/DerivedDataCache/Boot.ddc
[2019.02.22-17.45.57:590][  0]LogDerivedDataCache: FDerivedDataBackendGraph:  Pak pak cache file ../../../../../../Renzy/Documents/Algonquin/Term 4/GAM1528 - High Level Development 2/Assignments/GOOB-master/DerivedDataCache/DDC.ddp not found, will not use a pak cache.
[2019.02.22-17.45.57:590][  0]LogDerivedDataCache: Unable to find inner node Pak for hierarchical cache Hierarchy.
[2019.02.22-17.45.57:590][  0]LogDerivedDataCache: FDerivedDataBackendGraph:  CompressedPak pak cache file ../../../../../../Renzy/Documents/Algonquin/Term 4/GAM1528 - High Level Development 2/Assignments/GOOB-master/DerivedDataCache/Compressed.ddp not found, will not use a pak cache.
[2019.02.22-17.45.57:590][  0]LogDerivedDataCache: Unable to find inner node CompressedPak for hierarchical cache Hierarchy.
[2019.02.22-17.45.57:600][  0]LogDerivedDataCache: Display: Pak cache opened for reading ../../../Engine/DerivedDataCache/Compressed.ddp.
[2019.02.22-17.45.57:613][  0]LogDerivedDataCache: Using Local data cache path C:/Users/Renzy/AppData/Local/UnrealEngine/Common/DerivedDataCache: Writable
[2019.02.22-17.45.57:613][  0]LogDerivedDataCache: Shared data cache path not found in *engine.ini, will not use an Shared cache.
[2019.02.22-17.45.57:613][  0]LogDerivedDataCache: Unable to find inner node Shared for hierarchical cache Hierarchy.
[2019.02.22-17.45.57:627][  0]LogMaterial: Verifying Global Shaders for PCD3D_SM5
[2019.02.22-17.45.57:628][  0]LogSlate: Using FreeType 2.6.0
[2019.02.22-17.45.57:629][  0]LogSlate: SlateFontServices - WITH_FREETYPE: 1, WITH_HARFBUZZ: 1
[2019.02.22-17.45.57:704][  0]LogAssetRegistry: FAssetRegistry took 0.0273 seconds to start up
[2019.02.22-17.45.57:944][  0]LogInit: Selected Device Profile: [Windows]
[2019.02.22-17.45.58:001][  0]LogSimplygon: Simplygon DLL not present - disabling.
[2019.02.22-17.45.58:007][  0]LogMeshReduction: Using SimplygonSwarm for distributed automatic mesh merging
[2019.02.22-17.45.58:007][  0]LogMeshReduction: Using ProxyLODMeshReduction for automatic mesh merging
[2019.02.22-17.45.58:008][  0]LogMeshReduction: Using QuadricMeshReduction for automatic static mesh reduction
[2019.02.22-17.45.58:008][  0]LogMeshReduction: No automatic skeletal mesh reduction module available
[2019.02.22-17.45.58:090][  0]LogNetVersion: Terminus_22XX 1.0.0, NetCL: 4212847, EngineNetVer: 5, GameNetVer: 0 (Checksum: 1011408813)
[2019.02.22-17.45.58:578][  0]LogPackageLocalizationCache: Processed 11 localized package path(s) for 2 prioritized culture(s) in 0.119280 seconds
[2019.02.22-17.45.58:583][  0]LogUObjectArray: 38425 objects as part of root set at end of initial load.
[2019.02.22-17.45.58:583][  0]LogUObjectAllocator: 6690872 out of 0 bytes used by permanent object pool.
[2019.02.22-17.45.58:583][  0]LogUObjectArray: CloseDisregardForGC: 0/0 objects in disregard for GC pool
[2019.02.22-17.45.59:459][  0]LogTcpMessaging: Initializing TcpMessaging bridge
[2019.02.22-17.45.59:474][  0]LogUdpMessaging: Initializing bridge on interface 0.0.0.0:0 to multicast group 230.0.0.1:6666.
[2019.02.22-17.45.59:658][  0]SourceControl: Source control is disabled
[2019.02.22-17.45.59:658][  0]SourceControl: Source control is disabled
[2019.02.22-17.45.59:661][  0]SourceControl: Source control is disabled
[2019.02.22-17.45.59:663][  0]SourceControl: Source control is disabled
[2019.02.22-17.45.59:863][  0]LogAndroidPermission: UAndroidPermissionCallbackProxy::GetInstance
[2019.02.22-17.45.59:970][  0]LogOcInput: OculusInput pre-init called
[2019.02.22-17.46.00:024][  0]LogEngine: Initializing Engine...
[2019.02.22-17.46.00:025][  0]LogHMD: Failed to initialize OpenVR with code 110
[2019.02.22-17.46.00:026][  0]LogStats: UGameplayTagsManager::ConstructGameplayTagTree: ImportINI prefixes -  0.000 s
[2019.02.22-17.46.00:026][  0]LogStats: UGameplayTagsManager::ConstructGameplayTagTree: Construct from data asset -  0.000 s
[2019.02.22-17.46.00:026][  0]LogStats: UGameplayTagsManager::ConstructGameplayTagTree: ImportINI -  0.000 s
[2019.02.22-17.46.00:027][  0]LogStats: UGameplayTagsManager::ConstructGameplayTagTree: GameplayTagTreeChangedEvent.Broadcast -  0.000 s
[2019.02.22-17.46.00:183][  0]LogInit: Initializing FReadOnlyCVARCache
[2019.02.22-17.46.00:193][  0]LogAIModule: Creating AISystem for world Untitled
[2019.02.22-17.46.00:274][  0]LogInit: XAudio2 using 'Speakers (Sound BlasterX AE-5)' : 6 channels at 48 kHz using 32 bits per sample (channel mask 0x3f)
[2019.02.22-17.46.00:296][  0]LogInit: FAudioDevice initialized.
[2019.02.22-17.46.00:296][  0]LogNetVersion: Set ProjectVersion to 1.0.0.0. Version Checksum will be recalculated on next use.
[2019.02.22-17.46.00:357][  0]LogDerivedDataCache: Saved boot cache 0.06s 71MB C:/Users/Renzy/AppData/Local/UnrealEngine/4.20/DerivedDataCache/Boot.ddc.
[2019.02.22-17.46.00:365][  0]LogInit: Texture streaming: Enabled
[2019.02.22-17.46.00:381][  0]LogEngineSessionManager: EngineSessionManager initialized
[2019.02.22-17.46.00:389][  0]LogInit: Transaction tracking system initialized
[2019.02.22-17.46.00:409][  0]BlueprintLog: New page: Editor Load
[2019.02.22-17.46.00:484][  0]LocalizationService: Localization service is disabled
[2019.02.22-17.46.00:709][  0]LogCook: Display: Max memory allowance for cook 16384mb min free memory 0mb
[2019.02.22-17.46.00:709][  0]LogCook: Display: Mobile HDR setting 1
[2019.02.22-17.46.00:709][  0]LogGameplayTags: Display: UGameplayTagsManager::DoneAddingNativeTags. DelegateIsBound: 0
[2019.02.22-17.46.00:709][  0]LogStats: UGameplayTagsManager::ConstructGameplayTagTree: ImportINI prefixes -  0.000 s
[2019.02.22-17.46.00:709][  0]LogStats: UGameplayTagsManager::ConstructGameplayTagTree: Construct from data asset -  0.000 s
[2019.02.22-17.46.00:710][  0]LogStats: UGameplayTagsManager::ConstructGameplayTagTree: ImportINI -  0.000 s
[2019.02.22-17.46.00:710][  0]LogStats: UGameplayTagsManager::ConstructGameplayTagTree: GameplayTagTreeChangedEvent.Broadcast -  0.000 s
[2019.02.22-17.46.00:835][  0]LogFileCache: Scanning file cache for directory 'F:/Renzy/Documents/Algonquin/Term 4/GAM1528 - High Level Development 2/Assignments/GOOB-master/Content/' took 0.02s
[2019.02.22-17.46.00:835][  0]SourceControl: Source control is disabled
[2019.02.22-17.46.00:835][  0]Cmd: MAP LOAD FILE="../../../../../../Renzy/Documents/Algonquin/Term 4/GAM1528 - High Level Development 2/Assignments/GOOB-master/Content/Levels/Test_Level.umap" TEMPLATE=0 SHOWPROGRESS=1 FEATURELEVEL=3
[2019.02.22-17.46.00:836][  0]LightingResults: New page: Lighting Build
[2019.02.22-17.46.00:838][  0]MapCheck: New page: Map Check
[2019.02.22-17.46.00:839][  0]LightingResults: New page: Lighting Build
[2019.02.22-17.46.01:019][  0]LogAIModule: Creating AISystem for world Test_Level
[2019.02.22-17.46.01:048][  0]PIE: Warning: AttachTo: '/Game/Levels/Test_Level.Test_Level:PersistentLevel.TestT22XX_Shotgun_2.Gun Mesh' root component cannot be attached to other components in the same actor. Aborting.
[2019.02.22-17.46.01:048][  0]PIE: Warning: AttachTo: '/Game/Levels/Test_Level.Test_Level:PersistentLevel.TestT22XX_Vampyr_2.Gun Mesh' root component cannot be attached to other components in the same actor. Aborting.
[2019.02.22-17.46.01:049][  0]PIE: Warning: AttachTo: '/Game/Levels/Test_Level.Test_Level:PersistentLevel.TestT22XX_Railgun_2.SphereComponent' root component cannot be attached to other components in the same actor. Aborting.
[2019.02.22-17.46.01:050][  0]LogEditorServer: Finished looking for orphan Actors (0.000 secs)
[2019.02.22-17.46.01:068][  0]Cmd: MAP CHECKDEP NOCLEARLOG
[2019.02.22-17.46.01:118][  0]MapCheck: Map check complete: 0 Error(s), 0 Warning(s), took 49.886ms to complete.
[2019.02.22-17.46.01:118][  0]LogFileHelpers: Loading map 'Test_Level' took 0.283
[2019.02.22-17.46.01:235][  0]LogSlate: Updating window title bar state: overlay mode, drag disabled, window buttons hidden, title bar hidden
[2019.02.22-17.46.01:241][  0]LogSlate: Updating window title bar state: overlay mode, drag disabled, window buttons hidden, title bar hidden
[2019.02.22-17.46.01:247][  0]LogSlate: Updating window title bar state: overlay mode, drag disabled, window buttons hidden, title bar hidden
[2019.02.22-17.46.01:253][  0]LogSlate: Updating window title bar state: overlay mode, drag disabled, window buttons hidden, title bar hidden
[2019.02.22-17.46.01:259][  0]LogCollectionManager: Loaded 0 collections in 0.000943 seconds
[2019.02.22-17.46.01:310][  0]LogFileCache: Scanning file cache for directory 'F:/Renzy/Documents/Algonquin/Term 4/GAM1528 - High Level Development 2/Assignments/GOOB-master/Saved/Collections/' took 0.01s
[2019.02.22-17.46.01:310][  0]LogFileCache: Scanning file cache for directory 'F:/Renzy/Documents/Algonquin/Term 4/GAM1528 - High Level Development 2/Assignments/GOOB-master/Content/Developers/Renzy/Collections/' took 0.01s
[2019.02.22-17.46.01:310][  0]LogFileCache: Scanning file cache for directory 'F:/Renzy/Documents/Algonquin/Term 4/GAM1528 - High Level Development 2/Assignments/GOOB-master/Content/Collections/' took 0.01s
[2019.02.22-17.46.01:310][  0]LogCollectionManager: Rebuilt the GUID cache for 0 collections in 0.000001 seconds
[2019.02.22-17.46.01:318][  0]LogContentBrowser: Native class hierarchy populated in 0.0075 seconds. Added 2594 classes and 608 folders.
[2019.02.22-17.46.01:323][  0]LogContentBrowser: Native class hierarchy updated for 'WidgetCarousel' in 0.0004 seconds. Added 0 classes and 0 folders.
[2019.02.22-17.46.01:377][  0]LogContentBrowser: Native class hierarchy updated for 'AddContentDialog' in 0.0004 seconds. Added 0 classes and 0 folders.
[2019.02.22-17.46.01:382][  0]LogContentBrowser: Native class hierarchy updated for 'SceneOutliner' in 0.0005 seconds. Added 1 classes and 2 folders.
[2019.02.22-17.46.01:436][  0]LogSlate: Took 0.000215 seconds to synchronously load lazily loaded font '../../../Engine/Content/Slate/Fonts/Roboto-Regular.ttf' (155K)
[2019.02.22-17.46.01:440][  0]LogSlate: Took 0.000236 seconds to synchronously load lazily loaded font '../../../Engine/Content/Slate/Fonts/Roboto-Bold.ttf' (160K)
[2019.02.22-17.46.01:444][  0]LogSlate: Took 0.000229 seconds to synchronously load lazily loaded font '../../../Engine/Content/Editor/Slate/Fonts/FontAwesome.ttf' (139K)
[2019.02.22-17.46.01:503][  0]LogRenderer: Reallocating scene render targets to support 1208x576 Format 10 NumSamples 1 (Frame:1).
[2019.02.22-17.46.01:652][  0]LogContentBrowser: Native class hierarchy updated for 'HierarchicalLODOutliner' in 0.0004 seconds. Added 0 classes and 0 folders.
[2019.02.22-17.46.01:652][  0]LogLoad: (Engine Initialization) Total time: 8.21 seconds
[2019.02.22-17.46.01:652][  0]LogLoad: (Engine Initialization) Total Blueprint compile time: 0.00 seconds
[2019.02.22-17.46.01:662][  0]LogWindowsTextInputMethodSystem: Display: IME system now deactivated.
[2019.02.22-17.46.01:681][  0]LogAssetRegistry: Asset discovery search completed in 4.0009 seconds
[2019.02.22-17.46.01:682][  0]LogCollectionManager: Rebuilt the object cache for 0 collections in 0.000000 seconds (found 0 objects)
[2019.02.22-17.46.01:682][  0]LogCollectionManager: Fixed up redirectors for 0 collections in 0.000119 seconds (updated 0 objects)
[2019.02.22-17.46.01:684][  0]LogContentStreaming: Texture pool size now 1000 MB
[2019.02.22-17.46.01:716][  0]LogSlate: Took 0.000277 seconds to synchronously load lazily loaded font '../../../Engine/Content/Slate/Fonts/Roboto-Light.ttf' (167K)
[2019.02.22-17.46.03:460][199]LogSlate: FSceneViewport::OnFocusLost() reason 0
[2019.02.22-17.46.03:535][208]LogTemp: Repeating last play command: Selected Viewport
[2019.02.22-17.46.03:554][208]LogPlayLevel: PlayLevel: No blueprints needed recompiling
[2019.02.22-17.46.03:568][208]PIE: New page: PIE session: Test_Level (Feb 22, 2019, 7:46:03 AM)
[2019.02.22-17.46.03:568][208]LogPlayLevel: Creating play world package: /Game/Levels/UEDPIE_0_Test_Level
[2019.02.22-17.46.03:581][208]LogPlayLevel: PIE: StaticDuplicateObject took: (0.012278s)
[2019.02.22-17.46.03:581][208]LogAIModule: Creating AISystem for world Test_Level
[2019.02.22-17.46.03:581][208]LogPlayLevel: PIE: World Init took: (0.000584s)
[2019.02.22-17.46.03:582][208]LogPlayLevel: PIE: Created PIE world by copying editor world from /Game/Levels/Test_Level.Test_Level to /Game/Levels/UEDPIE_0_Test_Level.Test_Level (0.013188s)
[2019.02.22-17.46.03:621][208]LogInit: XAudio2 using 'Speakers (Sound BlasterX AE-5)' : 6 channels at 48 kHz using 32 bits per sample (channel mask 0x3f)
[2019.02.22-17.46.03:635][208]LogInit: FAudioDevice initialized.
[2019.02.22-17.46.03:717][208]LogLoad: Game class is 'Test_Terminus_22XXGameModeBase_C'
[2019.02.22-17.46.03:719][208]PIE: Warning: AttachTo: '/Game/Levels/UEDPIE_0_Test_Level.Test_Level:PersistentLevel.TestT22XX_Shotgun_2.SphereComponent' root component cannot be attached to other components in the same actor. Aborting.
[2019.02.22-17.46.03:720][208]PIE: Warning: AttachTo: '/Game/Levels/UEDPIE_0_Test_Level.Test_Level:PersistentLevel.TestT22XX_Vampyr_2.SphereComponent' root component cannot be attached to other components in the same actor. Aborting.
[2019.02.22-17.46.03:720][208]LogWorld: Bringing World /Game/Levels/UEDPIE_0_Test_Level.Test_Level up for play (max tick rate 0) at 2019.02.22-12.46.03
[2019.02.22-17.46.03:720][208]LogWorld: Bringing up level for play took: 0.001755
[2019.02.22-17.46.03:736][208]LogContentBrowser: Native class hierarchy updated for 'MovieSceneCapture' in 0.0005 seconds. Added 10 classes and 0 folders.
[2019.02.22-17.46.03:739][208]PIE: Play in editor start time for /Game/Levels/UEDPIE_0_Test_Level -0.097
[2019.02.22-17.46.22:394][441]LogSlate: Updating window title bar state: overlay mode, drag disabled, window buttons hidden, title bar hidden
[2019.02.22-17.46.22:429][441]LogPlayLevel: Display: Shutting down PIE online subsystems
[2019.02.22-17.46.22:449][441]LogSlate: Updating window title bar state: overlay mode, drag disabled, window buttons hidden, title bar hidden
[2019.02.22-17.46.22:495][443]LogPlayLevel: Display: Destroying online subsystem :Context_5
[2019.02.22-17.46.25:295][773]LogEditorViewport: Clicking on Actor (LMB): TestT22XX_Vampyr_C (TestT22XX_Vampyr)
[2019.02.22-17.46.27:658][ 43]LogSlate: FSceneViewport::OnFocusLost() reason 0
[2019.02.22-17.46.27:751][ 54]LogTemp: Repeating last play command: Selected Viewport
[2019.02.22-17.46.27:770][ 54]LogPlayLevel: PlayLevel: No blueprints needed recompiling
[2019.02.22-17.46.27:770][ 54]PIE: New page: PIE session: Test_Level (Feb 22, 2019, 7:46:27 AM)
[2019.02.22-17.46.27:770][ 54]LogPlayLevel: Creating play world package: /Game/Levels/UEDPIE_0_Test_Level
[2019.02.22-17.46.27:782][ 54]LogPlayLevel: PIE: StaticDuplicateObject took: (0.011971s)
[2019.02.22-17.46.27:783][ 54]LogAIModule: Creating AISystem for world Test_Level
[2019.02.22-17.46.27:783][ 54]LogPlayLevel: PIE: World Init took: (0.000797s)
[2019.02.22-17.46.27:783][ 54]LogPlayLevel: PIE: Created PIE world by copying editor world from /Game/Levels/Test_Level.Test_Level to /Game/Levels/UEDPIE_0_Test_Level.Test_Level (0.013087s)
[2019.02.22-17.46.27:824][ 54]LogInit: XAudio2 using 'Speakers (Sound BlasterX AE-5)' : 6 channels at 48 kHz using 32 bits per sample (channel mask 0x3f)
[2019.02.22-17.46.27:839][ 54]LogInit: FAudioDevice initialized.
[2019.02.22-17.46.27:873][ 54]LogLoad: Game class is 'Test_Terminus_22XXGameModeBase_C'
[2019.02.22-17.46.27:874][ 54]PIE: Warning: AttachTo: '/Game/Levels/UEDPIE_0_Test_Level.Test_Level:PersistentLevel.TestT22XX_Shotgun_2.SphereComponent' root component cannot be attached to other components in the same actor. Aborting.
[2019.02.22-17.46.27:875][ 54]PIE: Warning: AttachTo: '/Game/Levels/UEDPIE_0_Test_Level.Test_Level:PersistentLevel.TestT22XX_Vampyr_2.SphereComponent' root component cannot be attached to other components in the same actor. Aborting.
[2019.02.22-17.46.27:875][ 54]LogWorld: Bringing World /Game/Levels/UEDPIE_0_Test_Level.Test_Level up for play (max tick rate 0) at 2019.02.22-12.46.27
[2019.02.22-17.46.27:876][ 54]LogWorld: Bringing up level for play took: 0.001937
[2019.02.22-17.46.27:890][ 54]PIE: Play in editor start time for /Game/Levels/UEDPIE_0_Test_Level 0.053
[2019.02.22-17.46.29:142][202]LogSlate: Updating window title bar state: overlay mode, drag disabled, window buttons hidden, title bar hidden
[2019.02.22-17.46.29:177][202]LogPlayLevel: Display: Shutting down PIE online subsystems
[2019.02.22-17.46.29:196][202]LogSlate: Updating window title bar state: overlay mode, drag disabled, window buttons hidden, title bar hidden
[2019.02.22-17.46.29:247][205]LogPlayLevel: Display: Destroying online subsystem :Context_8
[2019.02.22-17.46.30:718][367]LogSlate: FSceneViewport::OnFocusLost() reason 0
[2019.02.22-17.46.30:872][381]LogSlate: Took 0.000202 seconds to synchronously load lazily loaded font '../../../Engine/Content/Slate/Fonts/Roboto-Light.ttf' (167K)
[2019.02.22-17.46.30:877][381]LogAssetEditorManager: Opening Asset editor for Blueprint /Game/Blueprints/ProgrammingBlueprints/TestT22XX_Vampyr.TestT22XX_Vampyr
[2019.02.22-17.46.31:270][381]LogContentBrowser: Native class hierarchy updated for 'BlueprintGraph' in 0.0007 seconds. Added 116 classes and 0 folders.
[2019.02.22-17.46.34:706][697]LogSlate: Window 'TestT22XX_Vampyr' being destroyed
[2019.02.22-17.46.34:769][697]LogAssetEditorManager: Opening Asset editor for Blueprint /Game/Blueprints/ProgrammingBlueprints/TestT22XX_Vampyr.TestT22XX_Vampyr
[2019.02.22-17.46.35:006][697]LogSlate: Took 0.000292 seconds to synchronously load lazily loaded font '../../../Engine/Content/Slate/Fonts/Roboto-BoldCondensed.ttf' (158K)
[2019.02.22-17.46.35:777][784]LogSlate: Took 0.000210 seconds to synchronously load lazily loaded font '../../../Engine/Content/Slate/Fonts/Roboto-Italic.ttf' (157K)
[2019.02.22-17.46.37:551][989]LogRenderer: Reallocating scene render targets to support 1208x712 Format 10 NumSamples 1 (Frame:1).
[2019.02.22-17.46.39:674][239]LogEditorViewport: Clicking on Actor (LMB): TestT22XX_Vampyr_C (TestT22XX_Vampyr)
[2019.02.22-17.46.41:031][389]Cmd: DELETE
[2019.02.22-17.46.41:031][389]Cmd: ACTOR DELETE
[2019.02.22-17.46.41:481][389]LogEditorActor: Deleted Actor: TestT22XX_Vampyr_C
[2019.02.22-17.46.41:534][389]LogEditorActor: Deleted 1 Actors (0.091 secs)
[2019.02.22-17.46.42:495][500]LogEditorViewport: Clicking on Actor (LMB): TestT22XX_Shotgun_C (TestT22XX_Shotgun)
[2019.02.22-17.46.42:753][524]Cmd: DELETE
[2019.02.22-17.46.42:753][524]Cmd: ACTOR DELETE
[2019.02.22-17.46.42:757][524]LogEditorActor: Deleted Actor: TestT22XX_Shotgun_C
[2019.02.22-17.46.42:782][524]LogEditorActor: Deleted 1 Actors (0.028 secs)
[2019.02.22-17.46.43:324][588]LogEditorViewport: Clicking on Actor (LMB): TestT22XX_Railgun_C (TestT22XX_Railgun)
[2019.02.22-17.46.43:734][629]Cmd: DELETE
[2019.02.22-17.46.43:734][629]Cmd: ACTOR DELETE
[2019.02.22-17.46.43:737][629]LogEditorActor: Deleted Actor: TestT22XX_Railgun_C
[2019.02.22-17.46.43:762][629]LogEditorActor: Deleted 1 Actors (0.028 secs)
[2019.02.22-17.46.44:688][738]LogSlate: FSceneViewport::OnFocusLost() reason 0
[2019.02.22-17.46.46:680][925]LogSlate: FSceneViewport::OnFocusLost() reason 0
[2019.02.22-17.46.48:136][ 43]LogSlate: FSceneViewport::OnFocusLost() reason 0
[2019.02.22-17.46.49:872][214]LogSlate: FSceneViewport::OnFocusLost() reason 0
[2019.02.22-17.46.49:940][222]LogTemp: Repeating last play command: Selected Viewport
[2019.02.22-17.46.49:963][222]LogPlayLevel: PlayLevel: No blueprints needed recompiling
[2019.02.22-17.46.49:963][222]PIE: New page: PIE session: Test_Level (Feb 22, 2019, 7:46:49 AM)
[2019.02.22-17.46.49:963][222]LogPlayLevel: Creating play world package: /Game/Levels/UEDPIE_0_Test_Level
[2019.02.22-17.46.49:977][222]LogPlayLevel: PIE: StaticDuplicateObject took: (0.012917s)
[2019.02.22-17.46.49:978][222]LogAIModule: Creating AISystem for world Test_Level
[2019.02.22-17.46.49:978][222]LogPlayLevel: PIE: World Init took: (0.000945s)
[2019.02.22-17.46.49:978][222]LogPlayLevel: PIE: Created PIE world by copying editor world from /Game/Levels/Test_Level.Test_Level to /Game/Levels/UEDPIE_0_Test_Level.Test_Level (0.015209s)
[2019.02.22-17.46.50:026][222]LogInit: XAudio2 using 'Speakers (Sound BlasterX AE-5)' : 6 channels at 48 kHz using 32 bits per sample (channel mask 0x3f)
[2019.02.22-17.46.50:041][222]LogInit: FAudioDevice initialized.
[2019.02.22-17.46.50:074][222]LogLoad: Game class is 'Test_Terminus_22XXGameModeBase_C'
[2019.02.22-17.46.50:076][222]LogWorld: Bringing World /Game/Levels/UEDPIE_0_Test_Level.Test_Level up for play (max tick rate 0) at 2019.02.22-12.46.50
[2019.02.22-17.46.50:076][222]LogWorld: Bringing up level for play took: 0.001578
[2019.02.22-17.46.50:091][222]PIE: Play in editor start time for /Game/Levels/UEDPIE_0_Test_Level 0.255
[2019.02.22-17.47.03:789][841]LogSlate: Updating window title bar state: overlay mode, drag disabled, window buttons hidden, title bar hidden
[2019.02.22-17.47.03:823][841]LogPlayLevel: Display: Shutting down PIE online subsystems
[2019.02.22-17.47.03:848][841]LogSlate: Updating window title bar state: overlay mode, drag disabled, window buttons hidden, title bar hidden
[2019.02.22-17.47.03:909][843]LogPlayLevel: Display: Destroying online subsystem :Context_11
[2019.02.22-17.47.06:601][139]LogSlate: FSceneViewport::OnFocusLost() reason 0
[2019.02.22-17.47.08:923][382]LogSlate: FSceneViewport::OnFocusLost() reason 2
[2019.02.22-17.47.09:102][382]LogSavePackage: Moving '../../../../../../Renzy/Documents/Algonquin/Term 4/GAM1528 - High Level Development 2/Assignments/GOOB-master/Saved/Test_Level39994CBA433BF67EDD243EA7E4D439D4.tmp' to '../../../../../../Renzy/Documents/Algonquin/Term 4/GAM1528 - High Level Development 2/Assignments/GOOB-master/Content/Levels/Test_Level.umap'
[2019.02.22-17.47.09:407][382]LogSavePackage: Moving '../../../../../../Renzy/Documents/Algonquin/Term 4/GAM1528 - High Level Development 2/Assignments/GOOB-master/Saved/Test_Level_BuiltData1F20C1734944EE967E0BE99890FEE085.tmp' to '../../../../../../Renzy/Documents/Algonquin/Term 4/GAM1528 - High Level Development 2/Assignments/GOOB-master/Content/Levels/Test_Level_BuiltData.uasset'
[2019.02.22-17.47.10:628][525]LogSlate: FSceneViewport::OnFocusLost() reason 0
[2019.02.22-17.47.10:721][536]LogTemp: Repeating last play command: Selected Viewport
[2019.02.22-17.47.10:739][536]LogPlayLevel: PlayLevel: No blueprints needed recompiling
[2019.02.22-17.47.10:739][536]PIE: New page: PIE session: Test_Level (Feb 22, 2019, 7:47:10 AM)
[2019.02.22-17.47.10:739][536]LogPlayLevel: Creating play world package: /Game/Levels/UEDPIE_0_Test_Level
[2019.02.22-17.47.10:751][536]LogPlayLevel: PIE: StaticDuplicateObject took: (0.011762s)
[2019.02.22-17.47.10:752][536]LogAIModule: Creating AISystem for world Test_Level
[2019.02.22-17.47.10:752][536]LogPlayLevel: PIE: World Init took: (0.000756s)
[2019.02.22-17.47.10:752][536]LogPlayLevel: PIE: Created PIE world by copying editor world from /Game/Levels/Test_Level.Test_Level to /Game/Levels/UEDPIE_0_Test_Level.Test_Level (0.012858s)
[2019.02.22-17.47.10:799][536]LogInit: XAudio2 using 'Speakers (Sound BlasterX AE-5)' : 6 channels at 48 kHz using 32 bits per sample (channel mask 0x3f)
[2019.02.22-17.47.10:813][536]LogInit: FAudioDevice initialized.
[2019.02.22-17.47.10:849][536]LogLoad: Game class is 'Test_Terminus_22XXGameModeBase_C'
[2019.02.22-17.47.10:851][536]LogWorld: Bringing World /Game/Levels/UEDPIE_0_Test_Level.Test_Level up for play (max tick rate 0) at 2019.02.22-12.47.10
[2019.02.22-17.47.10:852][536]LogWorld: Bringing up level for play took: 0.001944
[2019.02.22-17.47.10:868][536]PIE: Play in editor start time for /Game/Levels/UEDPIE_0_Test_Level 1.033
[2019.02.22-17.47.31:227][969]Set new viewmode: Wireframe
[2019.02.22-17.47.32:786][154]LogSlate: Updating window title bar state: overlay mode, drag disabled, window buttons hidden, title bar hidden
[2019.02.22-17.47.32:821][154]LogPlayLevel: Display: Shutting down PIE online subsystems
[2019.02.22-17.47.32:847][154]LogSlate: Updating window title bar state: overlay mode, drag disabled, window buttons hidden, title bar hidden
[2019.02.22-17.47.32:895][156]LogPlayLevel: Display: Destroying online subsystem :Context_14
[2019.02.22-17.47.35:429][459]LogSlate: FSceneViewport::OnFocusLost() reason 0
[2019.02.22-17.47.35:687][467]LogSlate: Window 'TestT22XX_Vampyr' being destroyed
[2019.02.22-17.47.35:752][467]LogSlate: Window 'Terminus_22XX - Unreal Editor' being destroyed
[2019.02.22-17.47.35:752][467]LogWindowsTextInputMethodSystem: Display: IME system now deactivated.
[2019.02.22-17.47.36:112][468]Cmd: QUIT_EDITOR
[2019.02.22-17.47.37:059][468]LogExit: Preparing to exit.
[2019.02.22-17.47.38:352][468]LogExit: Editor shut down
[2019.02.22-17.47.38:352][468]LogExit: Transaction tracking system shut down
[2019.02.22-17.47.40:035][468]LogExit: Object subsystem successfully closed.
[2019.02.22-17.47.40:185][468]LogShaderCompilers: Display: Shaders left to compile 0
[2019.02.22-17.47.40:188][468]LogD3D11RHI: Shutdown
[2019.02.22-17.47.40:188][468]LogD3D11RHI: CleanupD3DDevice
[2019.02.22-17.47.40:195][468]LogD3D11RHI: ~FD3D11DynamicRHI
[2019.02.22-17.47.41:867][468]LogModuleManager: Shutting down and abandoning module BlueprintGraph (618)
[2019.02.22-17.47.41:867][468]LogModuleManager: Shutting down and abandoning module MovieSceneCapture (616)
[2019.02.22-17.47.41:867][468]LogModuleManager: Shutting down and abandoning module Voice (614)
[2019.02.22-17.47.41:881][468]LogModuleManager: Shutting down and abandoning module HierarchicalLODOutliner (612)
[2019.02.22-17.47.41:881][468]LogModuleManager: Shutting down and abandoning module SceneOutliner (610)
[2019.02.22-17.47.41:881][468]LogModuleManager: Shutting down and abandoning module AddContentDialog (608)
[2019.02.22-17.47.41:882][468]LogModuleManager: Shutting down and abandoning module WidgetCarousel (607)
[2019.02.22-17.47.41:882][468]LogModuleManager: Shutting down and abandoning module EditorWidgets (604)
[2019.02.22-17.47.41:883][468]LogModuleManager: Shutting down and abandoning module CollectionManager (602)
[2019.02.22-17.47.41:919][468]LogModuleManager: Shutting down and abandoning module StatsViewer (600)
[2019.02.22-17.47.41:919][468]LogModuleManager: Shutting down and abandoning module FoliageEdit (598)
[2019.02.22-17.47.41:937][468]LogModuleManager: Shutting down and abandoning module LandscapeEditor (596)
[2019.02.22-17.47.41:967][468]LogModuleManager: Shutting down and abandoning module MeshPaintMode (594)
[2019.02.22-17.47.41:988][468]LogModuleManager: Shutting down and abandoning module SceneDepthPickerMode (592)
[2019.02.22-17.47.41:988][468]LogModuleManager: Shutting down and abandoning module ActorPickerMode (590)
[2019.02.22-17.47.41:988][468]LogModuleManager: Shutting down and abandoning module GeometryMode (588)
[2019.02.22-17.47.41:988][468]LogModuleManager: Shutting down and abandoning module TextureAlignMode (586)
[2019.02.22-17.47.41:988][468]LogModuleManager: Shutting down and abandoning module BspMode (584)
[2019.02.22-17.47.41:988][468]LogModuleManager: Shutting down and abandoning module PIEPreviewDeviceProfileSelector (582)
[2019.02.22-17.47.41:988][468]LogModuleManager: Shutting down and abandoning module SequenceRecorderSections (580)
[2019.02.22-17.47.42:016][468]LogModuleManager: Shutting down and abandoning module AutomationWorker (578)
[2019.02.22-17.47.42:016][468]LogModuleManager: Shutting down and abandoning module AudioCaptureEditor (576)
[2019.02.22-17.47.42:016][468]LogModuleManager: Shutting down and abandoning module SequenceRecorder (575)
[2019.02.22-17.47.42:068][468]LogModuleManager: Shutting down and abandoning module MatineeToLevelSequence (572)
[2019.02.22-17.47.42:108][468]LogModuleManager: Shutting down and abandoning module LevelSequenceEditor (570)
[2019.02.22-17.47.42:127][468]LogModuleManager: Shutting down and abandoning module PlacementMode (569)
[2019.02.22-17.47.42:127][468]LogModuleManager: Shutting down and abandoning module MaterialEditor (568)
[2019.02.22-17.47.42:127][468]LogModuleManager: Shutting down and abandoning module WmfMediaFactory (564)
[2019.02.22-17.47.42:127][468]LogModuleManager: Shutting down and abandoning module WmfMediaEditor (562)
[2019.02.22-17.47.42:127][468]LogModuleManager: Shutting down and abandoning module MediaPlayerEditor (560)
[2019.02.22-17.47.42:142][468]LogModuleManager: Shutting down and abandoning module OpenExrWrapper (558)
[2019.02.22-17.47.42:143][468]LogModuleManager: Shutting down and abandoning module ImgMediaFactory (556)
[2019.02.22-17.47.42:143][468]LogModuleManager: Shutting down and abandoning module ImgMediaEditor (554)
[2019.02.22-17.47.42:143][468]LogModuleManager: Shutting down and abandoning module AvfMediaFactory (552)
[2019.02.22-17.47.42:143][468]LogModuleManager: Shutting down and abandoning module AvfMediaEditor (550)
[2019.02.22-17.47.42:143][468]LogModuleManager: Shutting down and abandoning module AndroidMediaFactory (548)
[2019.02.22-17.47.42:143][468]LogModuleManager: Shutting down and abandoning module AndroidMediaEditor (546)
[2019.02.22-17.47.42:143][468]LogModuleManager: Shutting down and abandoning module MagicLeapCameraPreviewFactory (544)
[2019.02.22-17.47.42:143][468]LogModuleManager: Shutting down and abandoning module MagicLeapMediaFactory (542)
[2019.02.22-17.47.42:143][468]LogModuleManager: Shutting down and abandoning module MagicLeapMediaEditor (540)
[2019.02.22-17.47.42:143][468]LogModuleManager: Shutting down and abandoning module CharacterAI (538)
[2019.02.22-17.47.42:143][468]LogModuleManager: Shutting down and abandoning module SmartSnapping (536)
[2019.02.22-17.47.42:143][468]LogModuleManager: Shutting down and abandoning module SessionServices (534)
[2019.02.22-17.47.42:144][468]LogModuleManager: Shutting down and abandoning module ViewportSnapping (532)
[2019.02.22-17.47.42:144][468]LogModuleManager: Shutting down and abandoning module ViewportInteraction (530)
[2019.02.22-17.47.42:144][468]LogModuleManager: Shutting down and abandoning module ClothPainter (528)
[2019.02.22-17.47.42:197][468]LogModuleManager: Shutting down and abandoning module SkeletalMeshEditor (527)
[2019.02.22-17.47.42:205][468]LogModuleManager: Shutting down and abandoning module LogVisualizer (524)
[2019.02.22-17.47.42:233][468]LogModuleManager: Shutting down and abandoning module IntroTutorials (522)
[2019.02.22-17.47.42:280][468]LogModuleManager: Shutting down and abandoning module GameProjectGeneration (521)
[2019.02.22-17.47.42:280][468]LogModuleManager: Shutting down and abandoning module LuminPlatformEditor (518)
[2019.02.22-17.47.42:280][468]LogModuleManager: Shutting down and abandoning module IOSPlatformEditor (516)
[2019.02.22-17.47.42:298][468]LogModuleManager: Shutting down and abandoning module HTML5PlatformEditor (514)
[2019.02.22-17.47.42:298][468]LogModuleManager: Shutting down and abandoning module AndroidPlatformEditor (512)
[2019.02.22-17.47.42:298][468]LogModuleManager: Shutting down and abandoning module AndroidDeviceDetection (511)
[2019.02.22-17.47.42:734][468]LogModuleManager: Shutting down and abandoning module WindowsPlatformEditor (508)
[2019.02.22-17.47.42:734][468]LogModuleManager: Shutting down and abandoning module LuminRuntimeSettings (506)
[2019.02.22-17.47.42:735][468]LogModuleManager: Shutting down and abandoning module IOSRuntimeSettings (504)
[2019.02.22-17.47.42:735][468]LogModuleManager: Shutting down and abandoning module AndroidRuntimeSettings (502)
[2019.02.22-17.47.42:735][468]LogModuleManager: Shutting down and abandoning module InputBindingEditor (500)
[2019.02.22-17.47.42:760][468]LogModuleManager: Shutting down and abandoning module MergeActors (498)
[2019.02.22-17.47.42:788][468]LogModuleManager: Shutting down and abandoning module LocalizationDashboard (496)
[2019.02.22-17.47.42:807][468]LogModuleManager: Shutting down and abandoning module LocalizationService (495)
[2019.02.22-17.47.42:834][468]LogModuleManager: Shutting down and abandoning module HardwareTargeting (492)
[2019.02.22-17.47.42:834][468]LogModuleManager: Shutting down and abandoning module DeviceProfileEditor (490)
[2019.02.22-17.47.42:834][468]LogModuleManager: Shutting down and abandoning module UndoHistory (488)
[2019.02.22-17.47.42:849][468]LogModuleManager: Shutting down and abandoning module XmlParser (486)
[2019.02.22-17.47.42:849][468]LogModuleManager: Shutting down and abandoning module Blutility (484)
[2019.02.22-17.47.42:866][468]LogModuleManager: Shutting down and abandoning module ProjectSettingsViewer (482)
[2019.02.22-17.47.42:867][468]LogModuleManager: Shutting down and abandoning module ProjectTargetPlatformEditor (481)
[2019.02.22-17.47.42:867][468]LogModuleManager: Shutting down and abandoning module EditorSettingsViewer (478)
[2019.02.22-17.47.42:867][468]LogModuleManager: Shutting down and abandoning module SettingsEditor (476)
[2019.02.22-17.47.42:941][468]LogModuleManager: Shutting down and abandoning module ProjectLauncher (474)
[2019.02.22-17.47.42:960][468]LogModuleManager: Shutting down and abandoning module SessionFrontend (472)
[2019.02.22-17.47.42:975][468]LogModuleManager: Shutting down and abandoning module ProfilerClient (470)
[2019.02.22-17.47.43:003][468]LogModuleManager: Shutting down and abandoning module DeviceManager (468)
[2019.02.22-17.47.43:023][468]LogModuleManager: Shutting down and abandoning module TargetDeviceServices (467)
[2019.02.22-17.47.43:079][468]LogModuleManager: Shutting down and abandoning module AutomationController (464)
[2019.02.22-17.47.43:109][468]LogModuleManager: Shutting down and abandoning module AutomationWindow (462)
[2019.02.22-17.47.43:133][468]LogModuleManager: Shutting down and abandoning module Layers (460)
[2019.02.22-17.47.43:164][468]LogModuleManager: Shutting down and abandoning module ComponentVisualizers (458)
[2019.02.22-17.47.43:164][468]LogModuleManager: Shutting down and abandoning module DetailCustomizations (456)
[2019.02.22-17.47.43:192][468]LogModuleManager: Shutting down and abandoning module PackagesDialog (454)
[2019.02.22-17.47.43:192][468]LogModuleManager: Shutting down and abandoning module Persona (452)
[2019.02.22-17.47.43:216][468]LogModuleManager: Shutting down and abandoning module AdvancedPreviewScene (451)
[2019.02.22-17.47.43:216][468]LogModuleManager: Shutting down and abandoning module AnimGraph (449)
[2019.02.22-17.47.43:216][468]LogModuleManager: Shutting down and abandoning module Kismet (446)
[2019.02.22-17.47.43:220][468]LogModuleManager: Shutting down and abandoning module GraphEditor (444)
[2019.02.22-17.47.43:221][468]LogModuleManager: Shutting down and abandoning module ClassViewer (442)
[2019.02.22-17.47.43:221][468]LogModuleManager: Shutting down and abandoning module Toolbox (440)
[2019.02.22-17.47.43:221][468]LogModuleManager: Shutting down and abandoning module DesktopPlatform (439)
[2019.02.22-17.47.43:221][468]LogModuleManager: Shutting down and abandoning module ModuleUI (436)
[2019.02.22-17.47.43:235][468]LogModuleManager: Shutting down and abandoning module MovieSceneTools (434)
[2019.02.22-17.47.43:264][468]LogModuleManager: Shutting down and abandoning module OutputLog (432)
[2019.02.22-17.47.43:264][468]LogModuleManager: Shutting down and abandoning module GammaUI (430)
[2019.02.22-17.47.43:285][468]LogModuleManager: Shutting down and abandoning module Documentation (428)
[2019.02.22-17.47.43:285][468]LogModuleManager: Shutting down and abandoning module MovieSceneTracks (426)
[2019.02.22-17.47.43:285][468]LogModuleManager: Shutting down and abandoning module MovieScene (424)
[2019.02.22-17.47.43:285][468]LogModuleManager: Shutting down and abandoning module StreamingPauseRendering (422)
[2019.02.22-17.47.43:300][468]LogModuleManager: Shutting down and abandoning module LauncherPlatform (420)
[2019.02.22-17.47.43:300][468]LogModuleManager: Shutting down and abandoning module AnalyticsET (418)
[2019.02.22-17.47.43:300][468]LogModuleManager: Shutting down and abandoning module PortalServices (416)
[2019.02.22-17.47.43:300][468]LogModuleManager: Shutting down and abandoning module PortalRpc (414)
[2019.02.22-17.47.43:300][468]LogModuleManager: Shutting down and abandoning module MessagingRpc (412)
[2019.02.22-17.47.43:300][468]LogModuleManager: Shutting down and abandoning module AIModule (410)
[2019.02.22-17.47.43:321][468]LogModuleManager: Shutting down and abandoning module GameplayDebugger (409)
[2019.02.22-17.47.43:338][468]LogModuleManager: Shutting down and abandoning module AITestSuite (407)
[2019.02.22-17.47.43:350][468]LogModuleManager: Shutting down and abandoning module NavigationSystem (405)
[2019.02.22-17.47.43:350][468]LogModuleManager: Shutting down and abandoning module ProfilerService (402)
[2019.02.22-17.47.43:390][468]LogModuleManager: Shutting down and abandoning module TaskGraph (400)
[2019.02.22-17.47.43:421][468]LogModuleManager: Shutting down and abandoning module SteamVRController (398)
[2019.02.22-17.47.43:421][468]LogModuleManager: Shutting down and abandoning module ProceduralMeshComponentEditor (396)
[2019.02.22-17.47.43:421][468]LogModuleManager: Shutting down and abandoning module ProceduralMeshComponent (394)
[2019.02.22-17.47.43:438][468]LogModuleManager: Shutting down and abandoning module OculusInput (392)
[2019.02.22-17.47.43:438][468]LogModuleManager: Shutting down and abandoning module MobilePatchingUtils (390)
[2019.02.22-17.47.43:438][468]LogModuleManager: Shutting down and abandoning module EditableMesh (388)
[2019.02.22-17.47.43:460][468]LogModuleManager: Shutting down and abandoning module CustomMeshComponent (386)
[2019.02.22-17.47.43:460][468]LogModuleManager: Shutting down and abandoning module CableComponent (384)
[2019.02.22-17.47.43:460][468]LogModuleManager: Shutting down and abandoning module AudioCapture (382)
[2019.02.22-17.47.43:460][468]LogModuleManager: Shutting down and abandoning module ArchVisCharacter (380)
[2019.02.22-17.47.43:461][468]LogModuleManager: Shutting down and abandoning module AndroidPermission (378)
[2019.02.22-17.47.43:461][468]LogModuleManager: Shutting down and abandoning module NUTUnrealEngine4 (376)
[2019.02.22-17.47.43:461][468]LogModuleManager: Shutting down and abandoning module NetcodeUnitTest (374)
[2019.02.22-17.47.43:510][468]LogModuleManager: Shutting down and abandoning module MediaCompositingEditor (372)
[2019.02.22-17.47.43:510][468]LogModuleManager: Shutting down and abandoning module MediaCompositing (370)
[2019.02.22-17.47.43:510][468]LogModuleManager: Shutting down and abandoning module LinearTimecode (368)
[2019.02.22-17.47.43:510][468]LogModuleManager: Shutting down and abandoning module ImgMedia (366)
[2019.02.22-17.47.43:543][468]LogModuleManager: Shutting down and abandoning module HTML5Networking (364)
[2019.02.22-17.47.43:544][468]LogModuleManager: Shutting down and abandoning module GeometryCacheTracks (362)
[2019.02.22-17.47.43:545][468]LogModuleManager: Shutting down and abandoning module GeometryCacheSequencer (360)
[2019.02.22-17.47.43:545][468]LogModuleManager: Shutting down and abandoning module BackChannel (358)
[2019.02.22-17.47.43:583][468]LogModuleManager: Shutting down and abandoning module AppleVision (356)
[2019.02.22-17.47.43:583][468]LogModuleManager: Shutting down and abandoning module AppleImageUtils (354)
[2019.02.22-17.47.43:583][468]LogModuleManager: Shutting down and abandoning module AlembicImporter (352)
[2019.02.22-17.47.43:583][468]LogModuleManager: Shutting down and abandoning module AlembicLibrary (351)
[2019.02.22-17.47.43:583][468]LogModuleManager: Shutting down and abandoning module GeometryCache (350)
[2019.02.22-17.47.43:583][468]LogModuleManager: Shutting down and abandoning module GeometryCacheEd (349)
[2019.02.22-17.47.43:583][468]LogModuleManager: Shutting down and abandoning module DatasmithContentEditor (344)
[2019.02.22-17.47.43:591][468]LogModuleManager: Shutting down and abandoning module DatasmithContent (342)
[2019.02.22-17.47.43:592][468]LogModuleManager: Shutting down and abandoning module SpeedTreeImporter (340)
[2019.02.22-17.47.43:592][468]LogModuleManager: Shutting down and abandoning module PluginBrowser (338)
[2019.02.22-17.47.43:623][468]LogModuleManager: Shutting down and abandoning module MobileLauncherProfileWizard (336)
[2019.02.22-17.47.43:638][468]LogModuleManager: Shutting down and abandoning module PolygonModeling (334)
[2019.02.22-17.47.43:638][468]LogModuleManager: Shutting down and abandoning module MeshEditor (332)
[2019.02.22-17.47.43:665][468]LogModuleManager: Shutting down and abandoning module CryptoKeysOpenSSL (330)
[2019.02.22-17.47.43:681][468]LogModuleManager: Shutting down and abandoning module CryptoKeys (328)
[2019.02.22-17.47.43:681][468]LogModuleManager: Shutting down and abandoning module VisualStudioSourceCodeAccess (326)
[2019.02.22-17.47.43:681][468]LogModuleManager: Shutting down and abandoning module VisualStudioCodeSourceCodeAccess (324)
[2019.02.22-17.47.43:681][468]LogModuleManager: Shutting down and abandoning module UObjectPlugin (322)
[2019.02.22-17.47.43:681][468]LogModuleManager: Shutting down and abandoning module SubversionSourceControl (320)
[2019.02.22-17.47.43:703][468]LogModuleManager: Shutting down and abandoning module PerforceSourceControl (318)
[2019.02.22-17.47.43:730][468]LogModuleManager: Shutting down and abandoning module GitSourceControl (316)
[2019.02.22-17.47.43:758][468]LogModuleManager: Shutting down and abandoning module SourceControl (315)
[2019.02.22-17.47.43:758][468]LogModuleManager: Shutting down and abandoning module CLionSourceCodeAccess (312)
[2019.02.22-17.47.43:758][468]LogModuleManager: Shutting down and abandoning module LightPropagationVolumeEditor (310)
[2019.02.22-17.47.43:758][468]LogModuleManager: Shutting down and abandoning module PaperTiledImporter (308)
[2019.02.22-17.47.43:758][468]LogModuleManager: Shutting down and abandoning module PaperSpriteSheetImporter (306)
[2019.02.22-17.47.43:758][468]LogModuleManager: Shutting down and abandoning module Paper2DEditor (304)
[2019.02.22-17.47.43:778][468]LogModuleManager: Shutting down and abandoning module MeshPaint (303)
[2019.02.22-17.47.43:794][468]LogModuleManager: Shutting down and abandoning module Terminus_22XX (300)
[2019.02.22-17.47.43:794][468]LogModuleManager: Shutting down and abandoning module RuntimePhysXCooking (298)
[2019.02.22-17.47.43:794][468]LogModuleManager: Shutting down and abandoning module PhysXVehiclesEditor (296)
[2019.02.22-17.47.43:794][468]LogModuleManager: Shutting down and abandoning module PhysXVehicles (294)
[2019.02.22-17.47.43:794][468]LogModuleManager: Shutting down and abandoning module OculusEditor (292)
[2019.02.22-17.47.43:818][468]LogModuleManager: Shutting down and abandoning module LocationServicesBPLibrary (290)
[2019.02.22-17.47.43:818][468]LogModuleManager: Shutting down and abandoning module ImmediatePhysicsEditor (288)
[2019.02.22-17.47.43:818][468]LogModuleManager: Shutting down and abandoning module ImmediatePhysics (286)
[2019.02.22-17.47.43:842][468]LogModuleManager: Shutting down and abandoning module ActorSequence (284)
[2019.02.22-17.47.43:843][468]LogModuleManager: Shutting down and abandoning module UdpMessaging (282)
[2019.02.22-17.47.43:944][468]LogModuleManager: Shutting down and abandoning module TcpMessaging (280)
[2019.02.22-17.47.44:063][468]LogModuleManager: Shutting down and abandoning module MagicLeapAudio (278)
[2019.02.22-17.47.44:063][468]LogModuleManager: Shutting down and abandoning module GameplayTagsEditor (276)
[2019.02.22-17.47.44:080][468]LogModuleManager: Shutting down and abandoning module FacialAnimationEditor (274)
[2019.02.22-17.47.44:080][468]LogModuleManager: Shutting down and abandoning module FacialAnimation (272)
[2019.02.22-17.47.44:080][468]LogModuleManager: Shutting down and abandoning module DataValidation (270)
[2019.02.22-17.47.44:081][468]LogModuleManager: Shutting down and abandoning module AssetManagerEditor (268)
[2019.02.22-17.47.44:096][468]LogModuleManager: Shutting down and abandoning module LevelEditor (267)
[2019.02.22-17.47.44:121][468]LogModuleManager: Shutting down and abandoning module PixelInspectorModule (266)
[2019.02.22-17.47.44:138][468]LogModuleManager: Shutting down and abandoning module CommonMenuExtensions (264)
[2019.02.22-17.47.44:138][468]LogModuleManager: Shutting down and abandoning module MainFrame (262)
[2019.02.22-17.47.44:146][468]LogModuleManager: Shutting down and abandoning module HotReload (261)
[2019.02.22-17.47.44:146][468]LogModuleManager: Shutting down and abandoning module ContentBrowser (257)
[2019.02.22-17.47.44:147][468]LogModuleManager: Shutting down and abandoning module TreeMap (255)
[2019.02.22-17.47.44:176][468]LogModuleManager: Shutting down and abandoning module LightPropagationVolumeRuntime (252)
[2019.02.22-17.47.44:176][468]LogModuleManager: Shutting down and abandoning module AISupportModule (250)
[2019.02.22-17.47.44:176][468]LogModuleManager: Shutting down and abandoning module Paper2D (248)
[2019.02.22-17.47.44:190][468]LogModuleManager: Shutting down and abandoning module WindowsMoviePlayer (246)
[2019.02.22-17.47.44:206][468]LogModuleManager: Shutting down and abandoning module WmfMedia (244)
[2019.02.22-17.47.44:219][468]LogModuleManager: Shutting down and abandoning module Media (243)
[2019.02.22-17.47.44:226][468]LogModuleManager: Shutting down and abandoning module PacketHandler (240)
[2019.02.22-17.47.44:226][468]LogModuleManager: Shutting down and abandoning module ClothingSystemEditor (238)
[2019.02.22-17.47.44:226][468]LogModuleManager: Shutting down and abandoning module ClothingSystemRuntime (236)
[2019.02.22-17.47.44:253][468]LogModuleManager: Shutting down and abandoning module MediaAssets (234)
[2019.02.22-17.47.44:253][468]LogModuleManager: Shutting down and abandoning module Overlay (232)
[2019.02.22-17.47.44:254][468]LogModuleManager: Shutting down and abandoning module OverlayEditor (231)
[2019.02.22-17.47.44:254][468]LogModuleManager: Shutting down and abandoning module VREditor (228)
[2019.02.22-17.47.44:265][468]LogModuleManager: Shutting down and abandoning module StringTableEditor (226)
[2019.02.22-17.47.44:287][468]LogModuleManager: Shutting down and abandoning module GameplayTasksEditor (224)
[2019.02.22-17.47.44:287][468]LogModuleManager: Shutting down and abandoning module BehaviorTreeEditor (222)
[2019.02.22-17.47.44:325][468]LogModuleManager: Shutting down and abandoning module FunctionalTesting (220)
[2019.02.22-17.47.44:345][468]LogModuleManager: Shutting down and abandoning module CollisionAnalyzer (218)
[2019.02.22-17.47.44:354][468]LogModuleManager: Shutting down and abandoning module WorkspaceMenuStructure (217)
[2019.02.22-17.47.44:354][468]LogModuleManager: Shutting down and abandoning module UMG (214)
[2019.02.22-17.47.44:354][468]LogModuleManager: Shutting down and abandoning module UMGEditor (213)
[2019.02.22-17.47.44:354][468]LogModuleManager: Shutting down and abandoning module Sequencer (212)
[2019.02.22-17.47.44:477][468]LogModuleManager: Shutting down and abandoning module MessageLog (209)
[2019.02.22-17.47.44:477][468]LogModuleManager: Shutting down and abandoning module SlateReflector (204)
[2019.02.22-17.47.44:505][468]LogModuleManager: Shutting down and abandoning module Slate (202)
[2019.02.22-17.47.44:505][468]LogModuleManager: Shutting down and abandoning module EditorStyle (200)
[2019.02.22-17.47.44:506][468]LogModuleManager: Shutting down and abandoning module MRMesh (198)
[2019.02.22-17.47.44:538][468]LogModuleManager: Shutting down and abandoning module SourceCodeAccess (196)
[2019.02.22-17.47.44:538][468]LogModuleManager: Shutting down and abandoning module HeadMountedDisplay (194)
[2019.02.22-17.47.44:538][468]LogModuleManager: Shutting down and abandoning module XAudio2 (192)
[2019.02.22-17.47.44:539][468]LogModuleManager: Shutting down and abandoning module Networking (190)
[2019.02.22-17.47.44:539][468]LogModuleManager: Shutting down and abandoning module Core (188)
[2019.02.22-17.47.44:539][468]LogModuleManager: Shutting down and abandoning module LevelSequence (186)
[2019.02.22-17.47.44:540][468]LogModuleManager: Shutting down and abandoning module KismetCompiler (184)
[2019.02.22-17.47.44:540][468]LogModuleManager: Shutting down and abandoning module MeshUtilities (182)
[2019.02.22-17.47.44:569][468]LogModuleManager: Shutting down and abandoning module MeshMergeUtilities (181)
[2019.02.22-17.47.44:582][468]LogModuleManager: Shutting down and abandoning module MeshReductionInterface (180)
[2019.02.22-17.47.44:582][468]LogModuleManager: Shutting down and abandoning module SimplygonSwarm (179)
[2019.02.22-17.47.44:595][468]LogModuleManager: Shutting down and abandoning module ProxyLODMeshReduction (177)
[2019.02.22-17.47.44:626][468]LogModuleManager: Shutting down and abandoning module SimplygonMeshReduction (175)
[2019.02.22-17.47.44:626][468]LogModuleManager: Shutting down and abandoning module QuadricMeshReduction (173)
[2019.02.22-17.47.44:653][468]LogModuleManager: Shutting down and abandoning module MaterialBaking (169)
[2019.02.22-17.47.44:653][468]LogModuleManager: Shutting down and abandoning module DirectoryWatcher (165)
[2019.02.22-17.47.44:653][468]LogModuleManager: Shutting down and abandoning module DerivedDataCache (162)
[2019.02.22-17.47.44:699][468]LogDerivedDataCache: Shutdown
[2019.02.22-17.47.44:699][468]LogModuleManager: Shutting down and abandoning module XGEController (160)
[2019.02.22-17.47.44:699][468]LogXGEController: Cleaning working directory: C:/Users/Renzy/AppData/Local/Temp/UnrealXGEWorkingDir/
[2019.02.22-17.47.44:700][468]LogModuleManager: Shutting down and abandoning module TargetPlatform (158)
[2019.02.22-17.47.44:700][468]LogModuleManager: Shutting down and abandoning module VulkanShaderFormat (157)
[2019.02.22-17.47.44:747][468]LogModuleManager: Shutting down and abandoning module ShaderFormatVectorVM (155)
[2019.02.22-17.47.44:766][468]LogModuleManager: Shutting down and abandoning module ShaderFormatOpenGL (153)
[2019.02.22-17.47.44:775][468]LogModuleManager: Shutting down and abandoning module ShaderFormatD3D (151)
[2019.02.22-17.47.44:775][468]LogModuleManager: Shutting down and abandoning module MetalShaderFormat (149)
[2019.02.22-17.47.44:801][468]LogModuleManager: Shutting down and abandoning module TextureFormatUncompressed (147)
[2019.02.22-17.47.44:801][468]LogModuleManager: Shutting down and abandoning module TextureFormatPVR (145)
[2019.02.22-17.47.44:801][468]LogModuleManager: Shutting down and abandoning module TextureFormatDXT (143)
[2019.02.22-17.47.44:819][468]LogModuleManager: Shutting down and abandoning module TextureFormatIntelISPCTexComp (141)
[2019.02.22-17.47.44:838][468]LogModuleManager: Shutting down and abandoning module TextureFormatASTC (139)
[2019.02.22-17.47.44:839][468]LogModuleManager: Shutting down and abandoning module ImageWrapper (138)
[2019.02.22-17.47.44:839][468]LogModuleManager: Shutting down and abandoning module TextureFormatAndroid (135)
[2019.02.22-17.47.44:839][468]LogModuleManager: Shutting down and abandoning module AudioFormatOpus (133)
[2019.02.22-17.47.44:839][468]LogModuleManager: Shutting down and abandoning module AudioFormatOgg (131)
[2019.02.22-17.47.44:840][468]LogModuleManager: Shutting down and abandoning module AudioFormatADPCM (129)
[2019.02.22-17.47.44:840][468]LogModuleManager: Shutting down and abandoning module LuminTargetPlatform (127)
[2019.02.22-17.47.44:840][468]LogModuleManager: Shutting down and abandoning module LinuxTargetPlatform (125)
[2019.02.22-17.47.44:840][468]LogModuleManager: Shutting down and abandoning module LinuxServerTargetPlatform (123)
[2019.02.22-17.47.44:840][468]LogModuleManager: Shutting down and abandoning module LinuxNoEditorTargetPlatform (121)
[2019.02.22-17.47.44:856][468]LogModuleManager: Shutting down and abandoning module LinuxClientTargetPlatform (119)
[2019.02.22-17.47.44:871][468]LogModuleManager: Shutting down and abandoning module TVOSTargetPlatform (117)
[2019.02.22-17.47.44:872][468]LogModuleManager: Shutting down and abandoning module Messaging (115)
[2019.02.22-17.47.44:872][468]LogModuleManager: Shutting down and abandoning module IOSTargetPlatform (113)
[2019.02.22-17.47.44:873][468]LogModuleManager: Shutting down and abandoning module HTML5TargetPlatform (111)
[2019.02.22-17.47.44:873][468]LogModuleManager: Shutting down and abandoning module AndroidTargetPlatform (109)
[2019.02.22-17.47.44:900][468]LogModuleManager: Shutting down and abandoning module WindowsTargetPlatform (107)
[2019.02.22-17.47.44:900][468]LogModuleManager: Shutting down and abandoning module WindowsServerTargetPlatform (105)
[2019.02.22-17.47.44:900][468]LogModuleManager: Shutting down and abandoning module WindowsNoEditorTargetPlatform (103)
[2019.02.22-17.47.44:900][468]LogModuleManager: Shutting down and abandoning module WindowsClientTargetPlatform (101)
[2019.02.22-17.47.44:900][468]LogModuleManager: Shutting down and abandoning module MacTargetPlatform (99)
[2019.02.22-17.47.44:900][468]LogModuleManager: Shutting down and abandoning module MacServerTargetPlatform (97)
[2019.02.22-17.47.44:900][468]LogModuleManager: Shutting down and abandoning module MacNoEditorTargetPlatform (95)
[2019.02.22-17.47.44:901][468]LogModuleManager: Shutting down and abandoning module MacClientTargetPlatform (93)
[2019.02.22-17.47.44:901][468]LogModuleManager: Shutting down and abandoning module AllDesktopTargetPlatform (91)
[2019.02.22-17.47.44:901][468]LogModuleManager: Shutting down and abandoning module InputCore (88)
[2019.02.22-17.47.44:901][468]LogModuleManager: Shutting down and abandoning module Settings (86)
[2019.02.22-17.47.44:901][468]LogModuleManager: Shutting down and abandoning module PhysXCooking (84)
[2019.02.22-17.47.44:901][468]LogModuleManager: Shutting down and abandoning module SteamVR (82)
[2019.02.22-17.47.44:901][468]LogModuleManager: Shutting down and abandoning module OculusHMD (80)
[2019.02.22-17.47.44:919][468]LogModuleManager: Shutting down and abandoning module ExampleDeviceProfileSelector (78)
[2019.02.22-17.47.44:919][468]LogModuleManager: Shutting down and abandoning module LauncherChunkInstaller (76)
[2019.02.22-17.47.44:919][468]LogModuleManager: Shutting down and abandoning module OnlineBlueprintSupport (74)
[2019.02.22-17.47.44:919][468]LogModuleManager: Shutting down and abandoning module OnlineSubsystem (70)
[2019.02.22-17.47.44:932][468]LogModuleManager: Shutting down and abandoning module XMPP (65)
[2019.02.22-17.47.44:953][468]LogModuleManager: Shutting down and abandoning module WebSockets (64)
[2019.02.22-17.47.45:005][468]LogModuleManager: Shutting down and abandoning module HTTP (61)
[2019.02.22-17.47.45:006][468]LogHttp: Display: Http module shutting down, but needs to wait on 1 outstanding Http requests:
[2019.02.22-17.47.45:006][468]LogHttp: Display: 	verb=[POST] url=[https://datarouter.ol.epicgames.com/datarouter/api/v1/public/data?SessionID=%7B314673ED-46B1-6D25-FA7B-89B16C67A9DF%7D&AppID=UEEditor.Rocket.Release&AppVersion=4.20.3-4369336%2B%2B%2BUE4%2BRelease-4.20&UserID=d2d2c5d64e9a564b2d095eb70c098350%7C27350404f3bb4f2791c9f6bae70f1cac%7C0fc99a33-513b-48b1-9fb5-b5212c68fc71&AppEnvironment=datacollector-binary&UploadType=eteventstream] status=Processing
[2019.02.22-17.47.45:023][468]LogModuleManager: Shutting down and abandoning module SSL (60)
[2019.02.22-17.47.45:023][468]LogModuleManager: Shutting down and abandoning module MagicLeapEmulator (56)
[2019.02.22-17.47.45:024][468]LogModuleManager: Shutting down and abandoning module MagicLeapPrivileges (54)
[2019.02.22-17.47.45:024][468]LogModuleManager: Shutting down and abandoning module MagicLeapIdentity (52)
[2019.02.22-17.47.45:024][468]LogModuleManager: Shutting down and abandoning module MagicLeapHelperVulkan (50)
[2019.02.22-17.47.45:024][468]LogModuleManager: Shutting down and abandoning module MagicLeapHelperOpenGL (48)
[2019.02.22-17.47.45:024][468]LogModuleManager: Shutting down and abandoning module MagicLeapSecureStorage (46)
[2019.02.22-17.47.45:024][468]LogModuleManager: Shutting down and abandoning module MagicLeapGestures (44)
[2019.02.22-17.47.45:024][468]LogModuleManager: Shutting down and abandoning module MagicLeapEyeTracker (42)
[2019.02.22-17.47.45:025][468]LogModuleManager: Shutting down and abandoning module MagicLeapController (40)
[2019.02.22-17.47.45:025][468]LogSlate: Slate User Destroyed.  User Index 0, Is Virtual User: 0
[2019.02.22-17.47.45:025][468]LogModuleManager: Shutting down and abandoning module MagicLeap (38)
[2019.02.22-17.47.45:041][468]LogModuleManager: Shutting down and abandoning module AnimationModifiers (36)
[2019.02.22-17.47.45:065][468]LogModuleManager: Shutting down and abandoning module PropertyEditor (35)
[2019.02.22-17.47.45:065][468]LogModuleManager: Shutting down and abandoning module AudioEditor (32)
[2019.02.22-17.47.45:087][468]LogModuleManager: Shutting down and abandoning module TextureCompressor (30)
[2019.02.22-17.47.45:120][468]LogModuleManager: Shutting down and abandoning module ShaderCore (28)
[2019.02.22-17.47.45:120][468]LogModuleManager: Shutting down and abandoning module Landscape (26)
[2019.02.22-17.47.45:120][468]LogModuleManager: Shutting down and abandoning module SlateRHIRenderer (24)
[2019.02.22-17.47.45:121][468]LogModuleManager: Shutting down and abandoning module OpenGLDrv (22)
[2019.02.22-17.47.45:142][468]LogModuleManager: Shutting down and abandoning module D3D11RHI (20)
[2019.02.22-17.47.45:142][468]LogModuleManager: Shutting down and abandoning module AnimGraphRuntime (18)
[2019.02.22-17.47.45:142][468]LogModuleManager: Shutting down and abandoning module Renderer (16)
[2019.02.22-17.47.45:142][468]LogModuleManager: Shutting down and abandoning module Engine (14)
[2019.02.22-17.47.45:142][468]LogModuleManager: Shutting down and abandoning module CoreUObject (12)
[2019.02.22-17.47.45:143][468]LogModuleManager: Shutting down and abandoning module NetworkFile (10)
[2019.02.22-17.47.45:173][468]LogModuleManager: Shutting down and abandoning module CookedIterativeFile (8)
[2019.02.22-17.47.45:173][468]LogModuleManager: Shutting down and abandoning module StreamingFile (6)
[2019.02.22-17.47.45:173][468]LogModuleManager: Shutting down and abandoning module SandboxFile (4)
[2019.02.22-17.47.45:173][468]LogModuleManager: Shutting down and abandoning module PakFile (2)
[2019.02.22-17.47.45:182][468]LogExit: Exiting.
[2019.02.22-17.47.45:190][468]Log file closed, 02/22/19 12:47:45
