Log file open, 02/22/19 12:14:31
LogWindows: Failed to load 'aqProf.dll' (GetLastError=126)
LogWindows: File 'aqProf.dll' does not exist
LogWindows: Failed to load 'VSPerf140.dll' (GetLastError=126)
LogWindows: File 'VSPerf140.dll' does not exist
LogWindows: Failed to load 'VtuneApi.dll' (GetLastError=126)
LogWindows: File 'VtuneApi.dll' does not exist
LogWindows: Failed to load 'VtuneApi32e.dll' (GetLastError=126)
LogWindows: File 'VtuneApi32e.dll' does not exist
LogInit: Display: Running engine for game: Terminus_22XX
LogPlatformFile: Not using cached read wrapper
LogTaskGraph: Started task graph with 5 named threads and 14 total threads with 3 sets of task threads.
LogStats: Stats thread started at 0.377793
LogD3D11RHI: Loaded GFSDK_Aftermath_Lib.x64.dll
LogICUInternationalization: Display: ICU TimeZone Detection - Raw Offset: -5:00, Platform Override: ''
LogPluginManager: Mounting plugin Paper2D
LogPluginManager: Mounting plugin AISupport
LogPluginManager: Mounting plugin LightPropagationVolume
LogPluginManager: Mounting plugin CLionSourceCodeAccess
LogPluginManager: Mounting plugin CodeLiteSourceCodeAccess
LogPluginManager: Mounting plugin GitSourceControl
LogPluginManager: Mounting plugin KDevelopSourceCodeAccess
LogPluginManager: Mounting plugin NullSourceCodeAccess
LogPluginManager: Mounting plugin PerforceSourceControl
LogPluginManager: Mounting plugin SubversionSourceControl
LogPluginManager: Mounting plugin UObjectPlugin
LogPluginManager: Mounting plugin VisualStudioCodeSourceCodeAccess
LogPluginManager: Mounting plugin VisualStudioSourceCodeAccess
LogPluginManager: Mounting plugin XCodeSourceCodeAccess
LogPluginManager: Mounting plugin AssetManagerEditor
LogPluginManager: Mounting plugin CryptoKeys
LogPluginManager: Mounting plugin DataValidation
LogPluginManager: Mounting plugin FacialAnimation
LogPluginManager: Mounting plugin GameplayTagsEditor
LogPluginManager: Mounting plugin MacGraphicsSwitching
LogPluginManager: Mounting plugin MeshEditor
LogPluginManager: Mounting plugin MobileLauncherProfileWizard
LogPluginManager: Mounting plugin PluginBrowser
LogPluginManager: Mounting plugin SpeedTreeImporter
LogPluginManager: Mounting plugin DatasmithContent
LogPluginManager: Mounting plugin AlembicImporter
LogPluginManager: Mounting plugin AppleImageUtils
LogPluginManager: Mounting plugin AppleVision
LogPluginManager: Mounting plugin BackChannel
LogPluginManager: Mounting plugin CharacterAI
LogPluginManager: Mounting plugin GeometryCache
LogPluginManager: Mounting plugin HTML5Networking
LogPluginManager: Mounting plugin ProxyLODPlugin
LogPluginManager: Mounting plugin MagicLeap
LogPluginManager: Mounting plugin MagicLeapEmulator
LogPluginManager: Mounting plugin MagicLeapMedia
LogPluginManager: Mounting plugin AndroidMedia
LogPluginManager: Mounting plugin AvfMedia
LogPluginManager: Mounting plugin ImgMedia
LogPluginManager: Mounting plugin LinearTimecode
LogPluginManager: Mounting plugin MediaCompositing
LogPluginManager: Mounting plugin MediaPlayerEditor
LogPluginManager: Mounting plugin WmfMedia
LogPluginManager: Mounting plugin TcpMessaging
LogPluginManager: Mounting plugin UdpMessaging
LogPluginManager: Mounting plugin ActorSequence
LogPluginManager: Mounting plugin LevelSequenceEditor
LogPluginManager: Mounting plugin MatineeToLevelSequence
LogPluginManager: Mounting plugin NetcodeUnitTest
LogPluginManager: Mounting plugin NUTUnrealEngine4
LogPluginManager: Mounting plugin OnlineSubsystemGooglePlay
LogPluginManager: Mounting plugin OnlineSubsystemIOS
LogPluginManager: Mounting plugin OnlineSubsystem
LogPluginManager: Mounting plugin OnlineSubsystemNull
LogPluginManager: Mounting plugin OnlineSubsystemUtils
LogPluginManager: Mounting plugin LauncherChunkInstaller
LogPluginManager: Mounting plugin AndroidDeviceProfileSelector
LogPluginManager: Mounting plugin AndroidMoviePlayer
LogPluginManager: Mounting plugin AndroidPermission
LogPluginManager: Mounting plugin AppleMoviePlayer
LogPluginManager: Mounting plugin ArchVisCharacter
LogPluginManager: Mounting plugin AudioCapture
LogPluginManager: Mounting plugin CableComponent
LogPluginManager: Mounting plugin CustomMeshComponent
LogPluginManager: Mounting plugin EditableMesh
LogPluginManager: Mounting plugin ExampleDeviceProfileSelector
LogPluginManager: Mounting plugin GoogleCloudMessaging
LogPluginManager: Mounting plugin ImmediatePhysics
LogPluginManager: Mounting plugin IOSDeviceProfileSelector
LogPluginManager: Mounting plugin LinuxDeviceProfileSelector
LogPluginManager: Mounting plugin LocationServicesBPLibrary
LogPluginManager: Mounting plugin MobilePatchingUtils
LogPluginManager: Mounting plugin OculusVR
LogPluginManager: Plugin shader directory ../../../Engine/Plugins/Runtime/Oculus/OculusVR/Shaders found
LogPluginManager: Mapping shader source directory ../../../Engine/Plugins/Runtime/Oculus/OculusVR/Shaders to virtual directory /Plugin/OculusVR
LogPluginManager: Mounting plugin PhysXVehicles
LogPluginManager: Mounting plugin ProceduralMeshComponent
LogPluginManager: Mounting plugin RuntimePhysXCooking
LogPluginManager: Mounting plugin SteamVR
LogPluginManager: Mounting plugin WindowsMoviePlayer
LogStreaming: Display: Took  0.165s to configure plugins.
LogInit: Using libcurl 7.55.1-DEV
LogInit:  - built for x86_64-pc-win32
LogInit:  - supports SSL with OpenSSL/1.0.2h
LogInit:  - supports HTTP deflate (compression) using libz 1.2.8
LogInit:  - other features:
LogInit:      CURL_VERSION_SSL
LogInit:      CURL_VERSION_LIBZ
LogInit:      CURL_VERSION_IPV6
LogInit:      CURL_VERSION_ASYNCHDNS
LogInit:      CURL_VERSION_LARGEFILE
LogInit:      CURL_VERSION_IDN
LogInit:  CurlRequestOptions (configurable via config and command line):
LogInit:  - bVerifyPeer = false  - Libcurl will NOT verify peer certificate
LogInit:  - bUseHttpProxy = false  - Libcurl will NOT use HTTP proxy
LogInit:  - bDontReuseConnections = false  - Libcurl will reuse connections
LogInit:  - CertBundlePath = nullptr  - Libcurl will use whatever was configured at build time.
LogInit:  - MaxHostConnections = 16  - Libcurl will limit the number of connections to a host
LogInit:  - LocalHostAddr = Default
LogInit:  - BufferSize = 65536
LogInit: WinSock: version 1.1 (2.2), MaxSocks=32767, MaxUdp=65467
LogInit: Build: ++UE4+Release-4.20-CL-4369336
LogInit: Engine Version: 4.20.3-4369336+++UE4+Release-4.20
LogInit: Compatible Engine Version: 4.20.0-4212847+++UE4+Release-4.20
LogInit: Net CL: 4212847
LogInit: OS: Windows 10 (), CPU: Intel(R) Core(TM) i5-6600K CPU @ 3.50GHz, GPU: NVIDIA GeForce GTX 1060 6GB
LogInit: Compiled (64-bit): Sep 17 2018 12:26:19
LogInit: Compiled with Visual C++: 19.13.26129.00
LogInit: Build Configuration: Development
LogInit: Branch Name: ++UE4+Release-4.20
LogInit: Command Line:  -skipcompile
LogInit: Base Directory: F:/Program Files (x86)/Epic Games/UE_4.20/Engine/Binaries/Win64/
LogInit: Installed Engine Build: 1
LogDevObjectVersion: Number of dev versions registered: 20
LogDevObjectVersion:   Dev-Blueprints (B0D832E4-1F89-4F0D-ACCF-7EB736FD4AA2): 10
LogDevObjectVersion:   Dev-Build (E1C64328-A22C-4D53-A36C-8E866417BD8C): 0
LogDevObjectVersion:   Dev-Core (375EC13C-06E4-48FB-B500-84F0262A717E): 2
LogDevObjectVersion:   Dev-Editor (E4B068ED-F494-42E9-A231-DA0B2E46BB41): 24
LogDevObjectVersion:   Dev-Framework (CFFC743F-43B0-4480-9391-14DF171D2073): 34
LogDevObjectVersion:   Dev-Mobile (B02B49B5-BB20-44E9-A304-32B752E40360): 2
LogDevObjectVersion:   Dev-Networking (A4E4105C-59A1-49B5-A7C5-40C4547EDFEE): 0
LogDevObjectVersion:   Dev-Online (39C831C9-5AE6-47DC-9A44-9C173E1C8E7C): 0
LogDevObjectVersion:   Dev-Physics (78F01B33-EBEA-4F98-B9B4-84EACCB95AA2): 0
LogDevObjectVersion:   Dev-Platform (6631380F-2D4D-43E0-8009-CF276956A95A): 0
LogDevObjectVersion:   Dev-Rendering (12F88B9F-8875-4AFC-A67C-D90C383ABD29): 26
LogDevObjectVersion:   Dev-Sequencer (7B5AE74C-D270-4C10-A958-57980B212A5A): 9
LogDevObjectVersion:   Dev-VR (D7296918-1DD6-4BDD-9DE2-64A83CC13884): 2
LogDevObjectVersion:   Dev-LoadTimes (C2A15278-BFE7-4AFE-6C17-90FF531DF755): 1
LogDevObjectVersion:   Private-Geometry (6EACA3D4-40EC-4CC1-B786-8BED09428FC5): 3
LogDevObjectVersion:   Dev-AnimPhys (29E575DD-E0A3-4627-9D10-D276232CDCEA): 17
LogDevObjectVersion:   Dev-ReflectionCapture (6B266CEC-1EC7-4B8F-A30B-E4D90942FC07): 1
LogDevObjectVersion:   Dev-Automation (0DF73D61-A23F-47EA-B727-89E90C41499A): 1
LogDevObjectVersion:   FortniteMain (601D1886-AC64-4F84-AA16-D3DE0DEAC7D6): 12
LogDevObjectVersion:   Dev-Enterprise (9DFFBCD6-494F-0158-E221-12823C92A888): 1
LogStreaming: Display: Took  0.002s to delete old logs.
LogInit: Presizing for max 8388607 objects, including 0 objects not considered by GC, pre-allocating 0 bytes for permanent pool.
LogInit: Object subsystem initialized
[2019.02.22-17.14.32:159][  0]LogInit: Selected Device Profile: [Windows]
[2019.02.22-17.14.32:159][  0]LogInit: Applying CVar settings loaded from the selected device profile: [Windows]
[2019.02.22-17.14.32:172][  0]LogHAL: Display: Platform has ~ 16 GB [17136545792 / 17179869184 / 16], which maps to Larger [LargestMinGB=32, LargerMinGB=12, DefaultMinGB=8, SmallerMinGB=6, SmallestMinGB=0)
[2019.02.22-17.14.32:172][  0]LogInit: Setting Device Profile CVar: [[r.Vulkan.UseRealUBs:1]]
[2019.02.22-17.14.32:173][  0]LogInit: Going up to parent DeviceProfile []
[2019.02.22-17.14.32:173][  0]LogInit: Computer: RENZY-GAMING
[2019.02.22-17.14.32:174][  0]LogInit: User: Renzy
[2019.02.22-17.14.32:174][  0]LogInit: CPU Page size=4096, Cores=4
[2019.02.22-17.14.32:174][  0]LogInit: High frequency timer resolution =3.421871 MHz
[2019.02.22-17.14.32:175][  0]LogMemory: Memory total: Physical=16.0GB (16GB approx)
[2019.02.22-17.14.32:175][  0]LogMemory: Platform Memory Stats for Windows
[2019.02.22-17.14.32:175][  0]LogMemory: Process Physical Memory: 101.79 MB used, 101.79 MB peak
[2019.02.22-17.14.32:175][  0]LogMemory: Process Virtual Memory: 92.36 MB used, 92.36 MB peak
[2019.02.22-17.14.32:175][  0]LogMemory: Physical Memory: 7344.62 MB used,  8998.06 MB free, 16342.68 MB total
[2019.02.22-17.14.32:175][  0]LogMemory: Virtual Memory: 4633.35 MB used,  8998.06 MB free, 134217728.00 MB total
[2019.02.22-17.14.32:289][  0]LogInit: Using OS detected language (en-US).
[2019.02.22-17.14.32:290][  0]LogInit: Using OS detected locale (en-CA).
[2019.02.22-17.14.32:291][  0]LogTextLocalizationManager: No specific localization for 'en-US' exists, so the 'en' localization will be used.
[2019.02.22-17.14.32:599][  0]LogStreaming: Display: Took  0.309s to InitEngineTextLocalization.
[2019.02.22-17.14.32:599][  0]LogInit: Setting process to per monitor DPI aware
[2019.02.22-17.14.32:629][  0]LogSlate: New Slate User Created.  User Index 0, Is Virtual User: 0
[2019.02.22-17.14.32:630][  0]LogSlate: Slate User Registered.  User Index 0, Is Virtual User: 0
[2019.02.22-17.14.32:907][  0]LogHMD: Failed to initialize OpenVR with code 110
[2019.02.22-17.14.32:908][  0]LogD3D11RHI: D3D11 adapters:
[2019.02.22-17.14.32:974][  0]LogD3D11RHI:    0. 'NVIDIA GeForce GTX 1060 6GB' (Feature Level 11_0)
[2019.02.22-17.14.32:974][  0]LogD3D11RHI:       6052/0/8171 MB DedicatedVideo/DedicatedSystem/SharedSystem, Outputs:2, VendorId:0x10de
[2019.02.22-17.14.32:979][  0]LogD3D11RHI:    1. 'Microsoft Basic Render Driver' (Feature Level 11_0)
[2019.02.22-17.14.32:979][  0]LogD3D11RHI:       0/0/8171 MB DedicatedVideo/DedicatedSystem/SharedSystem, Outputs:0, VendorId:0x1414
[2019.02.22-17.14.32:979][  0]LogD3D11RHI: Chosen D3D11 Adapter: 0
[2019.02.22-17.14.32:986][  0]LogD3D11RHI: Creating new Direct3DDevice
[2019.02.22-17.14.32:986][  0]LogD3D11RHI:     GPU DeviceId: 0x1c03 (for the marketing name, search the web for "GPU Device Id")
[2019.02.22-17.14.32:986][  0]LogWindows: EnumDisplayDevices:
[2019.02.22-17.14.32:986][  0]LogWindows:    0. 'NVIDIA GeForce GTX 1060 6GB' (P:1 D:1)
[2019.02.22-17.14.32:987][  0]LogWindows:    1. 'NVIDIA GeForce GTX 1060 6GB' (P:0 D:1)
[2019.02.22-17.14.32:987][  0]LogWindows:    2. 'NVIDIA GeForce GTX 1060 6GB' (P:0 D:0)
[2019.02.22-17.14.32:987][  0]LogWindows:    3. 'NVIDIA GeForce GTX 1060 6GB' (P:0 D:0)
[2019.02.22-17.14.32:987][  0]LogWindows: DebugString: FoundDriverCount:4 
[2019.02.22-17.14.32:987][  0]LogD3D11RHI:     Adapter Name: NVIDIA GeForce GTX 1060 6GB
[2019.02.22-17.14.32:987][  0]LogD3D11RHI:   Driver Version: 418.81 (internal:25.21.14.1881, unified:418.81)
[2019.02.22-17.14.32:987][  0]LogD3D11RHI:      Driver Date: 1-30-2019
[2019.02.22-17.14.32:987][  0]LogRHI: Texture pool is 4236 MB (70% of 6052 MB)
[2019.02.22-17.14.33:026][  0]LogD3D11RHI: Async texture creation enabled
[2019.02.22-17.14.33:047][  0]LogD3D11RHI: GPU Timing Frequency: 1000.000000 (Debug: 2 1)
[2019.02.22-17.14.33:137][  0]LogShaderCompilers: Guid format shader working directory is -64 characters bigger than the processId version (../../../../../../Renzy/Documents/Algonquin/Term 4/GAM1528 - High Level Development 2/Assignments/GOOB-master/Intermediate/Shaders/WorkingDirectory/13136/).
[2019.02.22-17.14.33:138][  0]LogShaderCompilers: Cleaned the shader compiler working directory 'C:/Users/Renzy/AppData/Local/Temp/UnrealShaderWorkingDir/3561E387487903250774AC8DEFA1F277/'.
[2019.02.22-17.14.33:373][  0]LogTemp: Display: Loaded TP AllDesktopTargetPlatform
[2019.02.22-17.14.33:385][  0]LogTemp: Display: Loaded TP MacClientTargetPlatform
[2019.02.22-17.14.33:397][  0]LogTemp: Display: Loaded TP MacNoEditorTargetPlatform
[2019.02.22-17.14.33:409][  0]LogTemp: Display: Loaded TP MacServerTargetPlatform
[2019.02.22-17.14.33:421][  0]LogTemp: Display: Loaded TP MacTargetPlatform
[2019.02.22-17.14.33:433][  0]LogTemp: Display: Loaded TP WindowsClientTargetPlatform
[2019.02.22-17.14.33:445][  0]LogTemp: Display: Loaded TP WindowsNoEditorTargetPlatform
[2019.02.22-17.14.33:458][  0]LogTemp: Display: Loaded TP WindowsServerTargetPlatform
[2019.02.22-17.14.33:466][  0]LogTemp: Display: Loaded TP WindowsTargetPlatform
[2019.02.22-17.14.33:533][  0]LogTemp: Display: Loaded TP AndroidTargetPlatform
[2019.02.22-17.14.33:533][  0]LogTemp: Display: Loaded TP AndroidTargetPlatform
[2019.02.22-17.14.33:533][  0]LogTemp: Display: Loaded TP AndroidTargetPlatform
[2019.02.22-17.14.33:533][  0]LogTemp: Display: Loaded TP AndroidTargetPlatform
[2019.02.22-17.14.33:533][  0]LogTemp: Display: Loaded TP AndroidTargetPlatform
[2019.02.22-17.14.33:533][  0]LogTemp: Display: Loaded TP AndroidTargetPlatform
[2019.02.22-17.14.33:533][  0]LogTemp: Display: Loaded TP AndroidTargetPlatform
[2019.02.22-17.14.33:533][  0]LogTemp: Display: Loaded TP AndroidTargetPlatform
[2019.02.22-17.14.33:533][  0]LogTemp: Display: Loaded TP AndroidTargetPlatform
[2019.02.22-17.14.33:533][  0]LogTemp: Display: Loaded TP AndroidTargetPlatform
[2019.02.22-17.14.33:533][  0]LogTemp: Display: Loaded TP AndroidTargetPlatform
[2019.02.22-17.14.33:533][  0]LogTemp: Display: Loaded TP AndroidTargetPlatform
[2019.02.22-17.14.33:533][  0]LogTemp: Display: Loaded TP AndroidTargetPlatform
[2019.02.22-17.14.33:533][  0]LogTemp: Display: Loaded TP AndroidTargetPlatform
[2019.02.22-17.14.33:533][  0]LogTemp: Display: Loaded TP AndroidTargetPlatform
[2019.02.22-17.14.33:533][  0]LogTemp: Display: Loaded TP AndroidTargetPlatform
[2019.02.22-17.14.33:533][  0]LogTemp: Display: Loaded TP AndroidTargetPlatform
[2019.02.22-17.14.33:533][  0]LogTemp: Display: Loaded TP AndroidTargetPlatform
[2019.02.22-17.14.33:537][  0]LogTemp: Display: Loaded TP HTML5TargetPlatform
[2019.02.22-17.14.33:601][  0]LogTemp: Display: Loaded TP IOSTargetPlatform
[2019.02.22-17.14.33:601][  0]LogTemp: Display: Loaded TP IOSTargetPlatform
[2019.02.22-17.14.33:622][  0]LogTemp: Display: Loaded TP TVOSTargetPlatform
[2019.02.22-17.14.33:622][  0]LogTemp: Display: Loaded TP TVOSTargetPlatform
[2019.02.22-17.14.33:634][  0]LogTemp: Display: Loaded TP LinuxClientTargetPlatform
[2019.02.22-17.14.33:645][  0]LogTemp: Display: Loaded TP LinuxNoEditorTargetPlatform
[2019.02.22-17.14.33:657][  0]LogTemp: Display: Loaded TP LinuxServerTargetPlatform
[2019.02.22-17.14.33:672][  0]LogTemp: Display: Loaded TP LinuxTargetPlatform
[2019.02.22-17.14.33:682][  0]LogTemp: Display: Loaded TP LuminTargetPlatform
[2019.02.22-17.14.33:682][  0]LogTargetPlatformManager: Display: Building Assets For Windows
[2019.02.22-17.14.33:771][  0]LogXGEController: Cleaning working directory: C:/Users/Renzy/AppData/Local/Temp/UnrealXGEWorkingDir/
[2019.02.22-17.14.33:771][  0]LogXGEController: Cannot use XGE Controller as Incredibuild is not installed on this machine.
[2019.02.22-17.14.33:771][  0]LogShaderCompilers: Cannot use XGE Shader Compiler as Incredibuild is not installed on this machine.
[2019.02.22-17.14.33:771][  0]LogShaderCompilers: Display: Using Local Shader Compiler.
[2019.02.22-17.14.34:344][  0]LogDerivedDataCache: Display: Max Cache Size: 512 MB
[2019.02.22-17.14.34:391][  0]LogDerivedDataCache: Loaded boot cache 0.05s 71MB C:/Users/Renzy/AppData/Local/UnrealEngine/4.20/DerivedDataCache/Boot.ddc.
[2019.02.22-17.14.34:391][  0]LogDerivedDataCache: Display: Loaded Boot cache: C:/Users/Renzy/AppData/Local/UnrealEngine/4.20/DerivedDataCache/Boot.ddc
[2019.02.22-17.14.34:391][  0]LogDerivedDataCache: FDerivedDataBackendGraph:  Pak pak cache file ../../../../../../Renzy/Documents/Algonquin/Term 4/GAM1528 - High Level Development 2/Assignments/GOOB-master/DerivedDataCache/DDC.ddp not found, will not use a pak cache.
[2019.02.22-17.14.34:391][  0]LogDerivedDataCache: Unable to find inner node Pak for hierarchical cache Hierarchy.
[2019.02.22-17.14.34:391][  0]LogDerivedDataCache: FDerivedDataBackendGraph:  CompressedPak pak cache file ../../../../../../Renzy/Documents/Algonquin/Term 4/GAM1528 - High Level Development 2/Assignments/GOOB-master/DerivedDataCache/Compressed.ddp not found, will not use a pak cache.
[2019.02.22-17.14.34:391][  0]LogDerivedDataCache: Unable to find inner node CompressedPak for hierarchical cache Hierarchy.
[2019.02.22-17.14.34:401][  0]LogDerivedDataCache: Display: Pak cache opened for reading ../../../Engine/DerivedDataCache/Compressed.ddp.
[2019.02.22-17.14.34:414][  0]LogDerivedDataCache: Using Local data cache path C:/Users/Renzy/AppData/Local/UnrealEngine/Common/DerivedDataCache: Writable
[2019.02.22-17.14.34:414][  0]LogDerivedDataCache: Shared data cache path not found in *engine.ini, will not use an Shared cache.
[2019.02.22-17.14.34:414][  0]LogDerivedDataCache: Unable to find inner node Shared for hierarchical cache Hierarchy.
[2019.02.22-17.14.34:428][  0]LogMaterial: Verifying Global Shaders for PCD3D_SM5
[2019.02.22-17.14.34:429][  0]LogSlate: Using FreeType 2.6.0
[2019.02.22-17.14.34:430][  0]LogSlate: SlateFontServices - WITH_FREETYPE: 1, WITH_HARFBUZZ: 1
[2019.02.22-17.14.34:503][  0]LogAssetRegistry: FAssetRegistry took 0.0278 seconds to start up
[2019.02.22-17.14.34:754][  0]LogInit: Selected Device Profile: [Windows]
[2019.02.22-17.14.34:809][  0]LogSimplygon: Simplygon DLL not present - disabling.
[2019.02.22-17.14.34:816][  0]LogMeshReduction: Using SimplygonSwarm for distributed automatic mesh merging
[2019.02.22-17.14.34:816][  0]LogMeshReduction: Using ProxyLODMeshReduction for automatic mesh merging
[2019.02.22-17.14.34:816][  0]LogMeshReduction: Using QuadricMeshReduction for automatic static mesh reduction
[2019.02.22-17.14.34:816][  0]LogMeshReduction: No automatic skeletal mesh reduction module available
[2019.02.22-17.14.34:901][  0]LogNetVersion: Terminus_22XX 1.0.0, NetCL: 4212847, EngineNetVer: 5, GameNetVer: 0 (Checksum: 1011408813)
[2019.02.22-17.14.35:386][  0]LogPackageLocalizationCache: Processed 11 localized package path(s) for 2 prioritized culture(s) in 0.123869 seconds
[2019.02.22-17.14.35:392][  0]LogUObjectArray: 38425 objects as part of root set at end of initial load.
[2019.02.22-17.14.35:392][  0]LogUObjectAllocator: 6690864 out of 0 bytes used by permanent object pool.
[2019.02.22-17.14.35:392][  0]LogUObjectArray: CloseDisregardForGC: 0/0 objects in disregard for GC pool
[2019.02.22-17.14.36:292][  0]LogTcpMessaging: Initializing TcpMessaging bridge
[2019.02.22-17.14.36:311][  0]LogUdpMessaging: Initializing bridge on interface 0.0.0.0:0 to multicast group 230.0.0.1:6666.
[2019.02.22-17.14.36:489][  0]SourceControl: Source control is disabled
[2019.02.22-17.14.36:489][  0]SourceControl: Source control is disabled
[2019.02.22-17.14.36:492][  0]SourceControl: Source control is disabled
[2019.02.22-17.14.36:494][  0]SourceControl: Source control is disabled
[2019.02.22-17.14.36:705][  0]LogAndroidPermission: UAndroidPermissionCallbackProxy::GetInstance
[2019.02.22-17.14.36:817][  0]LogOcInput: OculusInput pre-init called
[2019.02.22-17.14.36:871][  0]LogEngine: Initializing Engine...
[2019.02.22-17.14.36:872][  0]LogHMD: Failed to initialize OpenVR with code 110
[2019.02.22-17.14.36:873][  0]LogStats: UGameplayTagsManager::ConstructGameplayTagTree: ImportINI prefixes -  0.000 s
[2019.02.22-17.14.36:873][  0]LogStats: UGameplayTagsManager::ConstructGameplayTagTree: Construct from data asset -  0.000 s
[2019.02.22-17.14.36:874][  0]LogStats: UGameplayTagsManager::ConstructGameplayTagTree: ImportINI -  0.000 s
[2019.02.22-17.14.36:874][  0]LogStats: UGameplayTagsManager::ConstructGameplayTagTree: GameplayTagTreeChangedEvent.Broadcast -  0.000 s
[2019.02.22-17.14.37:032][  0]LogInit: Initializing FReadOnlyCVARCache
[2019.02.22-17.14.37:041][  0]LogAIModule: Creating AISystem for world Untitled
[2019.02.22-17.14.37:124][  0]LogInit: XAudio2 using 'Speakers (Sound BlasterX AE-5)' : 6 channels at 48 kHz using 32 bits per sample (channel mask 0x3f)
[2019.02.22-17.14.37:154][  0]LogInit: FAudioDevice initialized.
[2019.02.22-17.14.37:155][  0]LogNetVersion: Set ProjectVersion to 1.0.0.0. Version Checksum will be recalculated on next use.
[2019.02.22-17.14.37:215][  0]LogDerivedDataCache: Saved boot cache 0.06s 71MB C:/Users/Renzy/AppData/Local/UnrealEngine/4.20/DerivedDataCache/Boot.ddc.
[2019.02.22-17.14.37:223][  0]LogInit: Texture streaming: Enabled
[2019.02.22-17.14.37:239][  0]LogEngineSessionManager: EngineSessionManager initialized
[2019.02.22-17.14.37:246][  0]LogInit: Transaction tracking system initialized
[2019.02.22-17.14.37:270][  0]BlueprintLog: New page: Editor Load
[2019.02.22-17.14.37:354][  0]LocalizationService: Localization service is disabled
[2019.02.22-17.14.37:607][  0]LogCook: Display: Max memory allowance for cook 16384mb min free memory 0mb
[2019.02.22-17.14.37:607][  0]LogCook: Display: Mobile HDR setting 1
[2019.02.22-17.14.37:607][  0]LogGameplayTags: Display: UGameplayTagsManager::DoneAddingNativeTags. DelegateIsBound: 0
[2019.02.22-17.14.37:607][  0]LogStats: UGameplayTagsManager::ConstructGameplayTagTree: ImportINI prefixes -  0.000 s
[2019.02.22-17.14.37:607][  0]LogStats: UGameplayTagsManager::ConstructGameplayTagTree: Construct from data asset -  0.000 s
[2019.02.22-17.14.37:608][  0]LogStats: UGameplayTagsManager::ConstructGameplayTagTree: ImportINI -  0.000 s
[2019.02.22-17.14.37:608][  0]LogStats: UGameplayTagsManager::ConstructGameplayTagTree: GameplayTagTreeChangedEvent.Broadcast -  0.000 s
[2019.02.22-17.14.37:741][  0]LogFileCache: Scanning file cache for directory 'F:/Renzy/Documents/Algonquin/Term 4/GAM1528 - High Level Development 2/Assignments/GOOB-master/Content/' took 0.04s
[2019.02.22-17.14.37:741][  0]SourceControl: Source control is disabled
[2019.02.22-17.14.37:742][  0]Cmd: MAP LOAD FILE="../../../../../../Renzy/Documents/Algonquin/Term 4/GAM1528 - High Level Development 2/Assignments/GOOB-master/Content/Levels/Test_Level.umap" TEMPLATE=0 SHOWPROGRESS=1 FEATURELEVEL=3
[2019.02.22-17.14.37:742][  0]LightingResults: New page: Lighting Build
[2019.02.22-17.14.37:744][  0]MapCheck: New page: Map Check
[2019.02.22-17.14.37:744][  0]LightingResults: New page: Lighting Build
[2019.02.22-17.14.37:816][  0]LogAIModule: Creating AISystem for world Test_Level
[2019.02.22-17.14.37:827][  0]LogEditorServer: Finished looking for orphan Actors (0.002 secs)
[2019.02.22-17.14.37:851][  0]Cmd: MAP CHECKDEP NOCLEARLOG
[2019.02.22-17.14.37:906][  0]MapCheck: Map check complete: 0 Error(s), 0 Warning(s), took 54.195ms to complete.
[2019.02.22-17.14.37:906][  0]LogFileHelpers: Loading map 'Test_Level' took 0.165
[2019.02.22-17.14.38:021][  0]LogSlate: Updating window title bar state: overlay mode, drag disabled, window buttons hidden, title bar hidden
[2019.02.22-17.14.38:027][  0]LogSlate: Updating window title bar state: overlay mode, drag disabled, window buttons hidden, title bar hidden
[2019.02.22-17.14.38:033][  0]LogSlate: Updating window title bar state: overlay mode, drag disabled, window buttons hidden, title bar hidden
[2019.02.22-17.14.38:040][  0]LogSlate: Updating window title bar state: overlay mode, drag disabled, window buttons hidden, title bar hidden
[2019.02.22-17.14.38:045][  0]LogCollectionManager: Loaded 0 collections in 0.000966 seconds
[2019.02.22-17.14.38:097][  0]LogFileCache: Scanning file cache for directory 'F:/Renzy/Documents/Algonquin/Term 4/GAM1528 - High Level Development 2/Assignments/GOOB-master/Saved/Collections/' took 0.01s
[2019.02.22-17.14.38:097][  0]LogFileCache: Scanning file cache for directory 'F:/Renzy/Documents/Algonquin/Term 4/GAM1528 - High Level Development 2/Assignments/GOOB-master/Content/Developers/Renzy/Collections/' took 0.01s
[2019.02.22-17.14.38:097][  0]LogFileCache: Scanning file cache for directory 'F:/Renzy/Documents/Algonquin/Term 4/GAM1528 - High Level Development 2/Assignments/GOOB-master/Content/Collections/' took 0.01s
[2019.02.22-17.14.38:097][  0]LogCollectionManager: Rebuilt the GUID cache for 0 collections in 0.000000 seconds
[2019.02.22-17.14.38:104][  0]LogContentBrowser: Native class hierarchy populated in 0.0075 seconds. Added 2589 classes and 608 folders.
[2019.02.22-17.14.38:109][  0]LogContentBrowser: Native class hierarchy updated for 'WidgetCarousel' in 0.0004 seconds. Added 0 classes and 0 folders.
[2019.02.22-17.14.38:163][  0]LogContentBrowser: Native class hierarchy updated for 'AddContentDialog' in 0.0005 seconds. Added 0 classes and 0 folders.
[2019.02.22-17.14.38:168][  0]LogContentBrowser: Native class hierarchy updated for 'SceneOutliner' in 0.0004 seconds. Added 1 classes and 2 folders.
[2019.02.22-17.14.38:218][  0]LogSlate: Took 0.000249 seconds to synchronously load lazily loaded font '../../../Engine/Content/Slate/Fonts/Roboto-Regular.ttf' (155K)
[2019.02.22-17.14.38:220][  0]LogSlate: Took 0.000198 seconds to synchronously load lazily loaded font '../../../Engine/Content/Slate/Fonts/Roboto-Bold.ttf' (160K)
[2019.02.22-17.14.38:224][  0]LogSlate: Took 0.000194 seconds to synchronously load lazily loaded font '../../../Engine/Content/Editor/Slate/Fonts/FontAwesome.ttf' (139K)
[2019.02.22-17.14.38:285][  0]LogRenderer: Reallocating scene render targets to support 1208x576 Format 10 NumSamples 1 (Frame:1).
[2019.02.22-17.14.38:421][  0]LogContentBrowser: Native class hierarchy updated for 'HierarchicalLODOutliner' in 0.0004 seconds. Added 0 classes and 0 folders.
[2019.02.22-17.14.38:421][  0]LogLoad: (Engine Initialization) Total time: 8.33 seconds
[2019.02.22-17.14.38:422][  0]LogLoad: (Engine Initialization) Total Blueprint compile time: 0.00 seconds
[2019.02.22-17.14.38:457][  0]LogContentStreaming: Texture pool size now 1000 MB
[2019.02.22-17.14.38:489][  0]LogSlate: Took 0.000199 seconds to synchronously load lazily loaded font '../../../Engine/Content/Slate/Fonts/Roboto-Light.ttf' (167K)
[2019.02.22-17.14.38:525][  1]LogAssetRegistry: Asset discovery search completed in 4.0458 seconds
[2019.02.22-17.14.38:526][  1]LogCollectionManager: Rebuilt the object cache for 0 collections in 0.000000 seconds (found 0 objects)
[2019.02.22-17.14.38:526][  1]LogCollectionManager: Fixed up redirectors for 0 collections in 0.000098 seconds (updated 0 objects)
[2019.02.22-17.16.03:181][255]LogSlate: FSceneViewport::OnFocusLost() reason 0
[2019.02.22-17.16.15:218][657]LogSlate: Took 0.000267 seconds to synchronously load lazily loaded font '../../../Engine/Content/Slate/Fonts/Roboto-Light.ttf' (167K)
[2019.02.22-17.16.15:223][657]LogAssetEditorManager: Opening Asset editor for Class /Script/Terminus_22XX.BoxShieldComponent
[2019.02.22-17.16.15:360][657]LogVSAccessor: Warning: Couldn't goto line number '1' in 'F:/Renzy/Documents/Algonquin/Term 4/GAM1528 - High Level Development 2/Assignments/GOOB-master/Source/Terminus_22XX/Components/BoxShieldComponent.h'
[2019.02.22-17.16.15:434][657]LogVSAccessor: Warning: Couldn't goto line number '1' in 'F:/Renzy/Documents/Algonquin/Term 4/GAM1528 - High Level Development 2/Assignments/GOOB-master/Source/Terminus_22XX/Components/BoxShieldComponent.cpp'
[2019.02.22-17.16.21:828][854]LogSlate: Took 0.000313 seconds to synchronously load lazily loaded font '../../../Engine/Content/Slate/Fonts/Roboto-BoldCondensed.ttf' (158K)
[2019.02.22-17.16.28:972][690]Running F:/Program Files (x86)/Epic Games/UE_4.20/Engine/Binaries/DotNET/UnrealBuildTool.exe Win64 Development -TargetType=Editor -Project="F:/Renzy/Documents/Algonquin/Term 4/GAM1528 - High Level Development 2/Assignments/GOOB-master/Terminus_22XX.uproject" -invalidatemakefilesonly
[2019.02.22-17.16.29:679][690]Invalidating makefiles only in this run.
[2019.02.22-17.16.29:906][690]Candidate modules for hot reload:
[2019.02.22-17.16.29:908][690]  Terminus_22XX
[2019.02.22-17.16.29:908][690]Launching UnrealBuildTool... [F:/Program Files (x86)/Epic Games/UE_4.20/Engine/Binaries/DotNET/UnrealBuildTool.exe  -ModuleWithSuffix=Terminus_22XX,9866 Win64 Development -TargetType=Editor -Project="../../../../../../Renzy/Documents/Algonquin/Term 4/GAM1528 - High Level Development 2/Assignments/GOOB-master/Terminus_22XX.uproject" -canskiplink "F:/Renzy/Documents/Algonquin/Term 4/GAM1528 - High Level Development 2/Assignments/GOOB-master/Terminus_22XX.uproject" ]
[2019.02.22-17.16.47:024][690]CompilerResultsLog: New page: Compilation - Feb 22, 2019, 7:16:47 AM
[2019.02.22-17.16.47:024][690]CompilerResultsLog: Using 'git status' to determine working set for adaptive non-unity build.
[2019.02.22-17.16.47:024][690]CompilerResultsLog: Creating makefile for hot reloading Terminus_22XXEditor (no existing makefile)
[2019.02.22-17.16.47:024][690]CompilerResultsLog: Compiling game modules for hot reload
[2019.02.22-17.16.47:024][690]CompilerResultsLog: Using Visual Studio 2017 14.15.26726 toolchain (C:\Program Files (x86)\Microsoft Visual Studio\2017\Community\VC\Tools\MSVC\14.15.26726) and Windows 10.0.16299.0 SDK (C:\Program Files (x86)\Windows Kits\10).
[2019.02.22-17.16.47:025][690]CompilerResultsLog: Parsing headers for Terminus_22XXEditor
[2019.02.22-17.16.47:025][690]CompilerResultsLog:   Running UnrealHeaderTool "F:\Renzy\Documents\Algonquin\Term 4\GAM1528 - High Level Development 2\Assignments\GOOB-master\Terminus_22XX.uproject" "F:\Renzy\Documents\Algonquin\Term 4\GAM1528 - High Level Development 2\Assignments\GOOB-master\Intermediate\Build\Win64\Terminus_22XXEditor\Development\Terminus_22XXEditor.uhtmanifest" -LogCmds="loginit warning, logexit warning, logdatabase error" -Unattended -WarningsAsErrors -installed
[2019.02.22-17.16.47:026][690]CompilerResultsLog: Reflection code generated for Terminus_22XXEditor in 8.8784276 seconds
[2019.02.22-17.16.47:026][690]CompilerResultsLog: Building 5 actions with 4 processes...
[2019.02.22-17.16.47:026][690]CompilerResultsLog:   [1/5] Terminus_22XX.init.gen.cpp
[2019.02.22-17.16.47:026][690]CompilerResultsLog:   [2/5] SphereShieldComponent.cpp
[2019.02.22-17.16.47:026][690]CompilerResultsLog:   [3/5] SphereShieldComponent.gen.cpp
[2019.02.22-17.16.47:026][690]CompilerResultsLog:   [4/5] UE4Editor-Terminus_22XX-9866.lib
[2019.02.22-17.16.47:026][690]CompilerResultsLog:      Creating library F:\Renzy\Documents\Algonquin\Term 4\GAM1528 - High Level Development 2\Assignments\GOOB-master\Intermediate\Build\Win64\UE4Editor\Development\Terminus_22XX\UE4Editor-Terminus_22XX-9866.lib and object F:\Renzy\Documents\Algonquin\Term 4\GAM1528 - High Level Development 2\Assignments\GOOB-master\Intermediate\Build\Win64\UE4Editor\Development\Terminus_22XX\UE4Editor-Terminus_22XX-9866.exp
[2019.02.22-17.16.47:026][690]CompilerResultsLog:   [5/5] UE4Editor-Terminus_22XX-9866.dll
[2019.02.22-17.16.47:027][690]CompilerResultsLog:      Creating library F:\Renzy\Documents\Algonquin\Term 4\GAM1528 - High Level Development 2\Assignments\GOOB-master\Intermediate\Build\Win64\UE4Editor\Development\Terminus_22XX\UE4Editor-Terminus_22XX-9866.suppressed.lib and object F:\Renzy\Documents\Algonquin\Term 4\GAM1528 - High Level Development 2\Assignments\GOOB-master\Intermediate\Build\Win64\UE4Editor\Development\Terminus_22XX\UE4Editor-Terminus_22XX-9866.suppressed.exp
[2019.02.22-17.16.47:027][690]CompilerResultsLog: Total build time: 16.87 seconds (Parallel executor: 2.64 seconds)
[2019.02.22-17.16.47:027][690]LogMainFrame: MainFrame: Module compiling took 17.132 seconds
[2019.02.22-17.16.47:120][690]LogClass: Could not find existing class SphereShieldComponent in package /Script/Terminus_22XX for HotReload, assuming new class
[2019.02.22-17.16.47:126][690]LogClass: EGunName HotReload.
[2019.02.22-17.16.47:128][690]LogClass: EFireStyle HotReload.
[2019.02.22-17.16.47:155][690]LogContentBrowser: Native class hierarchy updated for 'Terminus_22XX' in 0.0005 seconds. Added 18 classes and 5 folders.
[2019.02.22-17.16.47:157][690]Display: HotReload successful (8 functions remapped  0 scriptstructs remapped)
[2019.02.22-17.16.47:249][690]LogContentBrowser: Native class hierarchy populated in 0.0069 seconds. Added 2591 classes and 610 folders.
[2019.02.22-17.16.47:345][690]Display: HotReload took 17.5s.
[2019.02.22-17.16.47:346][690]Warning: HotReload operation took 17.5s.
[2019.02.22-17.16.47:516][690]LogVSAccessor: Warning: Couldn't goto line number '1' in 'F:/Renzy/Documents/Algonquin/Term 4/GAM1528 - High Level Development 2/Assignments/GOOB-master/Source/Terminus_22XX/Components/SphereShieldComponent.h'
[2019.02.22-17.16.47:627][690]LogVSAccessor: Warning: Couldn't goto line number '1' in 'F:/Renzy/Documents/Algonquin/Term 4/GAM1528 - High Level Development 2/Assignments/GOOB-master/Source/Terminus_22XX/Components/SphereShieldComponent.cpp'
[2019.02.22-17.16.47:668][690]LogSlate: Window 'Add C++ Class' being destroyed
[2019.02.22-17.16.47:680][690]LogHotReload: New module detected: UE4Editor-Terminus_22XX-9866.dll
[2019.02.22-17.16.47:736][691]LogHotReload: Starting Hot-Reload from IDE
[2019.02.22-17.16.47:796][691]LogContentBrowser: Native class hierarchy updated for 'Terminus_22XX' in 0.0007 seconds. Added 18 classes and 5 folders.
[2019.02.22-17.16.47:798][691]Display: HotReload successful (0 functions remapped  0 scriptstructs remapped)
[2019.02.22-17.16.47:833][691]LogContentBrowser: Native class hierarchy populated in 0.0157 seconds. Added 2591 classes and 610 folders.
[2019.02.22-17.16.47:859][691]Display: HotReload took  0.1s.
[2019.02.22-17.17.00:593][951]Running F:/Program Files (x86)/Epic Games/UE_4.20/Engine/Binaries/DotNET/UnrealBuildTool.exe Win64 Development -TargetType=Editor -Project="F:/Renzy/Documents/Algonquin/Term 4/GAM1528 - High Level Development 2/Assignments/GOOB-master/Terminus_22XX.uproject" -invalidatemakefilesonly
[2019.02.22-17.17.01:501][951]Invalidating makefiles only in this run.
[2019.02.22-17.17.01:632][951]Candidate modules for hot reload:
[2019.02.22-17.17.01:634][951]  Terminus_22XX
[2019.02.22-17.17.01:634][951]Launching UnrealBuildTool... [F:/Program Files (x86)/Epic Games/UE_4.20/Engine/Binaries/DotNET/UnrealBuildTool.exe  -ModuleWithSuffix=Terminus_22XX,442 Win64 Development -TargetType=Editor -Project="../../../../../../Renzy/Documents/Algonquin/Term 4/GAM1528 - High Level Development 2/Assignments/GOOB-master/Terminus_22XX.uproject" -canskiplink "F:/Renzy/Documents/Algonquin/Term 4/GAM1528 - High Level Development 2/Assignments/GOOB-master/Terminus_22XX.uproject" ]
[2019.02.22-17.17.18:161][951]CompilerResultsLog: New page: Compilation - Feb 22, 2019, 7:17:18 AM
[2019.02.22-17.17.18:161][951]CompilerResultsLog: Using 'git status' to determine working set for adaptive non-unity build.
[2019.02.22-17.17.18:161][951]CompilerResultsLog: Creating makefile for hot reloading Terminus_22XXEditor (no existing makefile)
[2019.02.22-17.17.18:161][951]CompilerResultsLog: Compiling game modules for hot reload
[2019.02.22-17.17.18:161][951]CompilerResultsLog: Using Visual Studio 2017 14.15.26726 toolchain (C:\Program Files (x86)\Microsoft Visual Studio\2017\Community\VC\Tools\MSVC\14.15.26726) and Windows 10.0.16299.0 SDK (C:\Program Files (x86)\Windows Kits\10).
[2019.02.22-17.17.18:161][951]CompilerResultsLog: Parsing headers for Terminus_22XXEditor
[2019.02.22-17.17.18:162][951]CompilerResultsLog:   Running UnrealHeaderTool "F:\Renzy\Documents\Algonquin\Term 4\GAM1528 - High Level Development 2\Assignments\GOOB-master\Terminus_22XX.uproject" "F:\Renzy\Documents\Algonquin\Term 4\GAM1528 - High Level Development 2\Assignments\GOOB-master\Intermediate\Build\Win64\Terminus_22XXEditor\Development\Terminus_22XXEditor.uhtmanifest" -LogCmds="loginit warning, logexit warning, logdatabase error" -Unattended -WarningsAsErrors -installed
[2019.02.22-17.17.18:162][951]CompilerResultsLog: Reflection code generated for Terminus_22XXEditor in 8.5721945 seconds
[2019.02.22-17.17.18:162][951]CompilerResultsLog: Building 5 actions with 4 processes...
[2019.02.22-17.17.18:162][951]CompilerResultsLog:   [1/5] Terminus_22XX.init.gen.cpp
[2019.02.22-17.17.18:162][951]CompilerResultsLog:   [2/5] CapsuleShieldComponent.cpp
[2019.02.22-17.17.18:162][951]CompilerResultsLog:   [3/5] CapsuleShieldComponent.gen.cpp
[2019.02.22-17.17.18:162][951]CompilerResultsLog:   [4/5] UE4Editor-Terminus_22XX-442.lib
[2019.02.22-17.17.18:162][951]CompilerResultsLog:      Creating library F:\Renzy\Documents\Algonquin\Term 4\GAM1528 - High Level Development 2\Assignments\GOOB-master\Intermediate\Build\Win64\UE4Editor\Development\Terminus_22XX\UE4Editor-Terminus_22XX-442.lib and object F:\Renzy\Documents\Algonquin\Term 4\GAM1528 - High Level Development 2\Assignments\GOOB-master\Intermediate\Build\Win64\UE4Editor\Development\Terminus_22XX\UE4Editor-Terminus_22XX-442.exp
[2019.02.22-17.17.18:162][951]CompilerResultsLog:   [5/5] UE4Editor-Terminus_22XX-442.dll
[2019.02.22-17.17.18:162][951]CompilerResultsLog:      Creating library F:\Renzy\Documents\Algonquin\Term 4\GAM1528 - High Level Development 2\Assignments\GOOB-master\Intermediate\Build\Win64\UE4Editor\Development\Terminus_22XX\UE4Editor-Terminus_22XX-442.suppressed.lib and object F:\Renzy\Documents\Algonquin\Term 4\GAM1528 - High Level Development 2\Assignments\GOOB-master\Intermediate\Build\Win64\UE4Editor\Development\Terminus_22XX\UE4Editor-Terminus_22XX-442.suppressed.exp
[2019.02.22-17.17.18:163][951]CompilerResultsLog: Total build time: 16.23 seconds (Parallel executor: 1.99 seconds)
[2019.02.22-17.17.18:163][951]LogMainFrame: MainFrame: Module compiling took 16.543 seconds
[2019.02.22-17.17.18:219][951]LogClass: Could not find existing class CapsuleShieldComponent in package /Script/Terminus_22XX for HotReload, assuming new class
[2019.02.22-17.17.18:228][951]LogClass: EGunName HotReload.
[2019.02.22-17.17.18:230][951]LogClass: EFireStyle HotReload.
[2019.02.22-17.17.18:238][951]LogContentBrowser: Native class hierarchy updated for 'Terminus_22XX' in 0.0005 seconds. Added 19 classes and 5 folders.
[2019.02.22-17.17.18:241][951]Display: HotReload successful (8 functions remapped  0 scriptstructs remapped)
[2019.02.22-17.17.18:288][951]LogContentBrowser: Native class hierarchy populated in 0.0080 seconds. Added 2592 classes and 610 folders.
[2019.02.22-17.17.18:288][951]Display: HotReload took 16.7s.
[2019.02.22-17.17.18:289][951]Warning: HotReload operation took 16.7s.
[2019.02.22-17.17.18:494][951]LogVSAccessor: Warning: Couldn't goto line number '1' in 'F:/Renzy/Documents/Algonquin/Term 4/GAM1528 - High Level Development 2/Assignments/GOOB-master/Source/Terminus_22XX/Components/CapsuleShieldComponent.cpp'
[2019.02.22-17.17.18:500][951]LogSlate: Window 'Add C++ Class' being destroyed
[2019.02.22-17.17.18:528][951]LogHotReload: New module detected: UE4Editor-Terminus_22XX-442.dll
[2019.02.22-17.17.18:574][952]LogHotReload: Starting Hot-Reload from IDE
[2019.02.22-17.17.18:622][952]LogContentBrowser: Native class hierarchy updated for 'Terminus_22XX' in 0.0006 seconds. Added 19 classes and 5 folders.
[2019.02.22-17.17.18:624][952]Display: HotReload successful (0 functions remapped  0 scriptstructs remapped)
[2019.02.22-17.17.18:660][952]LogContentBrowser: Native class hierarchy populated in 0.0090 seconds. Added 2592 classes and 610 folders.
[2019.02.22-17.17.18:671][952]Display: HotReload took  0.1s.
