Log file open, 02/22/19 11:49:01
LogWindows: Failed to load 'aqProf.dll' (GetLastError=126)
LogWindows: File 'aqProf.dll' does not exist
LogWindows: Failed to load 'VSPerf140.dll' (GetLastError=126)
LogWindows: File 'VSPerf140.dll' does not exist
LogWindows: Failed to load 'VtuneApi.dll' (GetLastError=126)
LogWindows: File 'VtuneApi.dll' does not exist
LogWindows: Failed to load 'VtuneApi32e.dll' (GetLastError=126)
LogWindows: File 'VtuneApi32e.dll' does not exist
LogInit: Display: Running engine for game: Terminus_22XX
LogPlatformFile: Not using cached read wrapper
LogTaskGraph: Started task graph with 5 named threads and 14 total threads with 3 sets of task threads.
LogStats: Stats thread started at 0.303293
LogD3D11RHI: Loaded GFSDK_Aftermath_Lib.x64.dll
LogICUInternationalization: Display: ICU TimeZone Detection - Raw Offset: -5:00, Platform Override: ''
LogPluginManager: Mounting plugin Paper2D
LogPluginManager: Mounting plugin AISupport
LogPluginManager: Mounting plugin LightPropagationVolume
LogPluginManager: Mounting plugin CLionSourceCodeAccess
LogPluginManager: Mounting plugin CodeLiteSourceCodeAccess
LogPluginManager: Mounting plugin GitSourceControl
LogPluginManager: Mounting plugin KDevelopSourceCodeAccess
LogPluginManager: Mounting plugin NullSourceCodeAccess
LogPluginManager: Mounting plugin PerforceSourceControl
LogPluginManager: Mounting plugin SubversionSourceControl
LogPluginManager: Mounting plugin UObjectPlugin
LogPluginManager: Mounting plugin VisualStudioCodeSourceCodeAccess
LogPluginManager: Mounting plugin VisualStudioSourceCodeAccess
LogPluginManager: Mounting plugin XCodeSourceCodeAccess
LogPluginManager: Mounting plugin AssetManagerEditor
LogPluginManager: Mounting plugin CryptoKeys
LogPluginManager: Mounting plugin DataValidation
LogPluginManager: Mounting plugin FacialAnimation
LogPluginManager: Mounting plugin GameplayTagsEditor
LogPluginManager: Mounting plugin MacGraphicsSwitching
LogPluginManager: Mounting plugin MeshEditor
LogPluginManager: Mounting plugin MobileLauncherProfileWizard
LogPluginManager: Mounting plugin PluginBrowser
LogPluginManager: Mounting plugin SpeedTreeImporter
LogPluginManager: Mounting plugin DatasmithContent
LogPluginManager: Mounting plugin AlembicImporter
LogPluginManager: Mounting plugin AppleImageUtils
LogPluginManager: Mounting plugin AppleVision
LogPluginManager: Mounting plugin BackChannel
LogPluginManager: Mounting plugin CharacterAI
LogPluginManager: Mounting plugin GeometryCache
LogPluginManager: Mounting plugin HTML5Networking
LogPluginManager: Mounting plugin ProxyLODPlugin
LogPluginManager: Mounting plugin MagicLeap
LogPluginManager: Mounting plugin MagicLeapEmulator
LogPluginManager: Mounting plugin MagicLeapMedia
LogPluginManager: Mounting plugin AndroidMedia
LogPluginManager: Mounting plugin AvfMedia
LogPluginManager: Mounting plugin ImgMedia
LogPluginManager: Mounting plugin LinearTimecode
LogPluginManager: Mounting plugin MediaCompositing
LogPluginManager: Mounting plugin MediaPlayerEditor
LogPluginManager: Mounting plugin WmfMedia
LogPluginManager: Mounting plugin TcpMessaging
LogPluginManager: Mounting plugin UdpMessaging
LogPluginManager: Mounting plugin ActorSequence
LogPluginManager: Mounting plugin LevelSequenceEditor
LogPluginManager: Mounting plugin MatineeToLevelSequence
LogPluginManager: Mounting plugin NetcodeUnitTest
LogPluginManager: Mounting plugin NUTUnrealEngine4
LogPluginManager: Mounting plugin OnlineSubsystemGooglePlay
LogPluginManager: Mounting plugin OnlineSubsystemIOS
LogPluginManager: Mounting plugin OnlineSubsystem
LogPluginManager: Mounting plugin OnlineSubsystemNull
LogPluginManager: Mounting plugin OnlineSubsystemUtils
LogPluginManager: Mounting plugin LauncherChunkInstaller
LogPluginManager: Mounting plugin AndroidDeviceProfileSelector
LogPluginManager: Mounting plugin AndroidMoviePlayer
LogPluginManager: Mounting plugin AndroidPermission
LogPluginManager: Mounting plugin AppleMoviePlayer
LogPluginManager: Mounting plugin ArchVisCharacter
LogPluginManager: Mounting plugin AudioCapture
LogPluginManager: Mounting plugin CableComponent
LogPluginManager: Mounting plugin CustomMeshComponent
LogPluginManager: Mounting plugin EditableMesh
LogPluginManager: Mounting plugin ExampleDeviceProfileSelector
LogPluginManager: Mounting plugin GoogleCloudMessaging
LogPluginManager: Mounting plugin ImmediatePhysics
LogPluginManager: Mounting plugin IOSDeviceProfileSelector
LogPluginManager: Mounting plugin LinuxDeviceProfileSelector
LogPluginManager: Mounting plugin LocationServicesBPLibrary
LogPluginManager: Mounting plugin MobilePatchingUtils
LogPluginManager: Mounting plugin OculusVR
LogPluginManager: Plugin shader directory ../../../Engine/Plugins/Runtime/Oculus/OculusVR/Shaders found
LogPluginManager: Mapping shader source directory ../../../Engine/Plugins/Runtime/Oculus/OculusVR/Shaders to virtual directory /Plugin/OculusVR
LogPluginManager: Mounting plugin PhysXVehicles
LogPluginManager: Mounting plugin ProceduralMeshComponent
LogPluginManager: Mounting plugin RuntimePhysXCooking
LogPluginManager: Mounting plugin SteamVR
LogPluginManager: Mounting plugin WindowsMoviePlayer
LogStreaming: Display: Took  0.254s to configure plugins.
LogInit: Using libcurl 7.55.1-DEV
LogInit:  - built for x86_64-pc-win32
LogInit:  - supports SSL with OpenSSL/1.0.2h
LogInit:  - supports HTTP deflate (compression) using libz 1.2.8
LogInit:  - other features:
LogInit:      CURL_VERSION_SSL
LogInit:      CURL_VERSION_LIBZ
LogInit:      CURL_VERSION_IPV6
LogInit:      CURL_VERSION_ASYNCHDNS
LogInit:      CURL_VERSION_LARGEFILE
LogInit:      CURL_VERSION_IDN
LogInit:  CurlRequestOptions (configurable via config and command line):
LogInit:  - bVerifyPeer = false  - Libcurl will NOT verify peer certificate
LogInit:  - bUseHttpProxy = false  - Libcurl will NOT use HTTP proxy
LogInit:  - bDontReuseConnections = false  - Libcurl will reuse connections
LogInit:  - CertBundlePath = nullptr  - Libcurl will use whatever was configured at build time.
LogInit:  - MaxHostConnections = 16  - Libcurl will limit the number of connections to a host
LogInit:  - LocalHostAddr = Default
LogInit:  - BufferSize = 65536
LogInit: WinSock: version 1.1 (2.2), MaxSocks=32767, MaxUdp=65467
LogInit: Build: ++UE4+Release-4.20-CL-4369336
LogInit: Engine Version: 4.20.3-4369336+++UE4+Release-4.20
LogInit: Compatible Engine Version: 4.20.0-4212847+++UE4+Release-4.20
LogInit: Net CL: 4212847
LogInit: OS: Windows 10 (), CPU: Intel(R) Core(TM) i5-6600K CPU @ 3.50GHz, GPU: NVIDIA GeForce GTX 1060 6GB
LogInit: Compiled (64-bit): Sep 17 2018 12:26:19
LogInit: Compiled with Visual C++: 19.13.26129.00
LogInit: Build Configuration: Development
LogInit: Branch Name: ++UE4+Release-4.20
LogInit: Command Line:  -skipcompile
LogInit: Base Directory: F:/Program Files (x86)/Epic Games/UE_4.20/Engine/Binaries/Win64/
LogInit: Installed Engine Build: 1
LogDevObjectVersion: Number of dev versions registered: 20
LogDevObjectVersion:   Dev-Blueprints (B0D832E4-1F89-4F0D-ACCF-7EB736FD4AA2): 10
LogDevObjectVersion:   Dev-Build (E1C64328-A22C-4D53-A36C-8E866417BD8C): 0
LogDevObjectVersion:   Dev-Core (375EC13C-06E4-48FB-B500-84F0262A717E): 2
LogDevObjectVersion:   Dev-Editor (E4B068ED-F494-42E9-A231-DA0B2E46BB41): 24
LogDevObjectVersion:   Dev-Framework (CFFC743F-43B0-4480-9391-14DF171D2073): 34
LogDevObjectVersion:   Dev-Mobile (B02B49B5-BB20-44E9-A304-32B752E40360): 2
LogDevObjectVersion:   Dev-Networking (A4E4105C-59A1-49B5-A7C5-40C4547EDFEE): 0
LogDevObjectVersion:   Dev-Online (39C831C9-5AE6-47DC-9A44-9C173E1C8E7C): 0
LogDevObjectVersion:   Dev-Physics (78F01B33-EBEA-4F98-B9B4-84EACCB95AA2): 0
LogDevObjectVersion:   Dev-Platform (6631380F-2D4D-43E0-8009-CF276956A95A): 0
LogDevObjectVersion:   Dev-Rendering (12F88B9F-8875-4AFC-A67C-D90C383ABD29): 26
LogDevObjectVersion:   Dev-Sequencer (7B5AE74C-D270-4C10-A958-57980B212A5A): 9
LogDevObjectVersion:   Dev-VR (D7296918-1DD6-4BDD-9DE2-64A83CC13884): 2
LogDevObjectVersion:   Dev-LoadTimes (C2A15278-BFE7-4AFE-6C17-90FF531DF755): 1
LogDevObjectVersion:   Private-Geometry (6EACA3D4-40EC-4CC1-B786-8BED09428FC5): 3
LogDevObjectVersion:   Dev-AnimPhys (29E575DD-E0A3-4627-9D10-D276232CDCEA): 17
LogDevObjectVersion:   Dev-ReflectionCapture (6B266CEC-1EC7-4B8F-A30B-E4D90942FC07): 1
LogDevObjectVersion:   Dev-Automation (0DF73D61-A23F-47EA-B727-89E90C41499A): 1
LogDevObjectVersion:   FortniteMain (601D1886-AC64-4F84-AA16-D3DE0DEAC7D6): 12
LogDevObjectVersion:   Dev-Enterprise (9DFFBCD6-494F-0158-E221-12823C92A888): 1
LogStreaming: Display: Took  0.037s to delete old logs.
LogInit: Presizing for max 8388607 objects, including 0 objects not considered by GC, pre-allocating 0 bytes for permanent pool.
LogInit: Object subsystem initialized
[2019.02.22-16.49.03:845][  0]LogInit: Selected Device Profile: [Windows]
[2019.02.22-16.49.03:846][  0]LogInit: Applying CVar settings loaded from the selected device profile: [Windows]
[2019.02.22-16.49.03:915][  0]LogHAL: Display: Platform has ~ 16 GB [17136545792 / 17179869184 / 16], which maps to Larger [LargestMinGB=32, LargerMinGB=12, DefaultMinGB=8, SmallerMinGB=6, SmallestMinGB=0)
[2019.02.22-16.49.03:927][  0]LogInit: Setting Device Profile CVar: [[r.Vulkan.UseRealUBs:1]]
[2019.02.22-16.49.03:927][  0]LogInit: Going up to parent DeviceProfile []
[2019.02.22-16.49.03:934][  0]LogInit: Computer: RENZY-GAMING
[2019.02.22-16.49.03:935][  0]LogInit: User: Renzy
[2019.02.22-16.49.03:935][  0]LogInit: CPU Page size=4096, Cores=4
[2019.02.22-16.49.03:935][  0]LogInit: High frequency timer resolution =3.421871 MHz
[2019.02.22-16.49.03:935][  0]LogMemory: Memory total: Physical=16.0GB (16GB approx)
[2019.02.22-16.49.03:935][  0]LogMemory: Platform Memory Stats for Windows
[2019.02.22-16.49.03:935][  0]LogMemory: Process Physical Memory: 101.71 MB used, 101.71 MB peak
[2019.02.22-16.49.03:936][  0]LogMemory: Process Virtual Memory: 92.45 MB used, 92.45 MB peak
[2019.02.22-16.49.03:936][  0]LogMemory: Physical Memory: 9468.64 MB used,  6874.04 MB free, 16342.68 MB total
[2019.02.22-16.49.03:936][  0]LogMemory: Virtual Memory: 4633.35 MB used,  6874.04 MB free, 134217728.00 MB total
[2019.02.22-16.49.05:030][  0]LogInit: Using OS detected language (en-US).
[2019.02.22-16.49.05:030][  0]LogInit: Using OS detected locale (en-CA).
[2019.02.22-16.49.05:031][  0]LogTextLocalizationManager: No specific localization for 'en-US' exists, so the 'en' localization will be used.
[2019.02.22-16.49.05:717][  0]LogStreaming: Display: Took  0.659s to InitEngineTextLocalization.
[2019.02.22-16.49.05:717][  0]LogInit: Setting process to per monitor DPI aware
[2019.02.22-16.49.06:299][  0]LogSlate: New Slate User Created.  User Index 0, Is Virtual User: 0
[2019.02.22-16.49.06:299][  0]LogSlate: Slate User Registered.  User Index 0, Is Virtual User: 0
[2019.02.22-16.49.09:650][  0]LogHMD: Failed to initialize OpenVR with code 110
[2019.02.22-16.49.09:651][  0]LogD3D11RHI: D3D11 adapters:
[2019.02.22-16.49.09:717][  0]LogD3D11RHI:    0. 'NVIDIA GeForce GTX 1060 6GB' (Feature Level 11_0)
[2019.02.22-16.49.09:718][  0]LogD3D11RHI:       6052/0/8171 MB DedicatedVideo/DedicatedSystem/SharedSystem, Outputs:2, VendorId:0x10de
[2019.02.22-16.49.09:724][  0]LogD3D11RHI:    1. 'Microsoft Basic Render Driver' (Feature Level 11_0)
[2019.02.22-16.49.09:724][  0]LogD3D11RHI:       0/0/8171 MB DedicatedVideo/DedicatedSystem/SharedSystem, Outputs:0, VendorId:0x1414
[2019.02.22-16.49.09:724][  0]LogD3D11RHI: Chosen D3D11 Adapter: 0
[2019.02.22-16.49.09:734][  0]LogD3D11RHI: Creating new Direct3DDevice
[2019.02.22-16.49.09:734][  0]LogD3D11RHI:     GPU DeviceId: 0x1c03 (for the marketing name, search the web for "GPU Device Id")
[2019.02.22-16.49.09:734][  0]LogWindows: EnumDisplayDevices:
[2019.02.22-16.49.09:734][  0]LogWindows:    0. 'NVIDIA GeForce GTX 1060 6GB' (P:1 D:1)
[2019.02.22-16.49.09:734][  0]LogWindows:    1. 'NVIDIA GeForce GTX 1060 6GB' (P:0 D:1)
[2019.02.22-16.49.09:735][  0]LogWindows:    2. 'NVIDIA GeForce GTX 1060 6GB' (P:0 D:0)
[2019.02.22-16.49.09:735][  0]LogWindows:    3. 'NVIDIA GeForce GTX 1060 6GB' (P:0 D:0)
[2019.02.22-16.49.09:735][  0]LogWindows: DebugString: FoundDriverCount:4 
[2019.02.22-16.49.09:735][  0]LogD3D11RHI:     Adapter Name: NVIDIA GeForce GTX 1060 6GB
[2019.02.22-16.49.09:735][  0]LogD3D11RHI:   Driver Version: 418.81 (internal:25.21.14.1881, unified:418.81)
[2019.02.22-16.49.09:735][  0]LogD3D11RHI:      Driver Date: 1-30-2019
[2019.02.22-16.49.09:735][  0]LogRHI: Texture pool is 4236 MB (70% of 6052 MB)
[2019.02.22-16.49.09:778][  0]LogD3D11RHI: Async texture creation enabled
[2019.02.22-16.49.09:951][  0]LogD3D11RHI: GPU Timing Frequency: 1000.000000 (Debug: 2 1)
[2019.02.22-16.49.10:100][  0]LogShaderCompilers: Guid format shader working directory is -64 characters bigger than the processId version (../../../../../../Renzy/Documents/Algonquin/Term 4/GAM1528 - High Level Development 2/Assignments/GOOB-master/Intermediate/Shaders/WorkingDirectory/11168/).
[2019.02.22-16.49.10:100][  0]LogShaderCompilers: Cleaned the shader compiler working directory 'C:/Users/Renzy/AppData/Local/Temp/UnrealShaderWorkingDir/E11E7E074658B363F5CAB1B46FB07423/'.
[2019.02.22-16.49.10:430][  0]LogTemp: Display: Loaded TP AllDesktopTargetPlatform
[2019.02.22-16.49.10:473][  0]LogTemp: Display: Loaded TP MacClientTargetPlatform
[2019.02.22-16.49.10:511][  0]LogTemp: Display: Loaded TP MacNoEditorTargetPlatform
[2019.02.22-16.49.10:550][  0]LogTemp: Display: Loaded TP MacServerTargetPlatform
[2019.02.22-16.49.10:624][  0]LogTemp: Display: Loaded TP MacTargetPlatform
[2019.02.22-16.49.10:692][  0]LogTemp: Display: Loaded TP WindowsClientTargetPlatform
[2019.02.22-16.49.10:732][  0]LogTemp: Display: Loaded TP WindowsNoEditorTargetPlatform
[2019.02.22-16.49.10:768][  0]LogTemp: Display: Loaded TP WindowsServerTargetPlatform
[2019.02.22-16.49.10:804][  0]LogTemp: Display: Loaded TP WindowsTargetPlatform
[2019.02.22-16.49.10:977][  0]LogTemp: Display: Loaded TP AndroidTargetPlatform
[2019.02.22-16.49.10:977][  0]LogTemp: Display: Loaded TP AndroidTargetPlatform
[2019.02.22-16.49.10:977][  0]LogTemp: Display: Loaded TP AndroidTargetPlatform
[2019.02.22-16.49.10:977][  0]LogTemp: Display: Loaded TP AndroidTargetPlatform
[2019.02.22-16.49.10:977][  0]LogTemp: Display: Loaded TP AndroidTargetPlatform
[2019.02.22-16.49.10:978][  0]LogTemp: Display: Loaded TP AndroidTargetPlatform
[2019.02.22-16.49.10:978][  0]LogTemp: Display: Loaded TP AndroidTargetPlatform
[2019.02.22-16.49.10:978][  0]LogTemp: Display: Loaded TP AndroidTargetPlatform
[2019.02.22-16.49.10:978][  0]LogTemp: Display: Loaded TP AndroidTargetPlatform
[2019.02.22-16.49.10:978][  0]LogTemp: Display: Loaded TP AndroidTargetPlatform
[2019.02.22-16.49.10:978][  0]LogTemp: Display: Loaded TP AndroidTargetPlatform
[2019.02.22-16.49.10:978][  0]LogTemp: Display: Loaded TP AndroidTargetPlatform
[2019.02.22-16.49.10:978][  0]LogTemp: Display: Loaded TP AndroidTargetPlatform
[2019.02.22-16.49.10:978][  0]LogTemp: Display: Loaded TP AndroidTargetPlatform
[2019.02.22-16.49.10:978][  0]LogTemp: Display: Loaded TP AndroidTargetPlatform
[2019.02.22-16.49.10:978][  0]LogTemp: Display: Loaded TP AndroidTargetPlatform
[2019.02.22-16.49.10:978][  0]LogTemp: Display: Loaded TP AndroidTargetPlatform
[2019.02.22-16.49.10:978][  0]LogTemp: Display: Loaded TP AndroidTargetPlatform
[2019.02.22-16.49.10:993][  0]LogTemp: Display: Loaded TP HTML5TargetPlatform
[2019.02.22-16.49.11:142][  0]LogTemp: Display: Loaded TP IOSTargetPlatform
[2019.02.22-16.49.11:142][  0]LogTemp: Display: Loaded TP IOSTargetPlatform
[2019.02.22-16.49.11:188][  0]LogTemp: Display: Loaded TP TVOSTargetPlatform
[2019.02.22-16.49.11:188][  0]LogTemp: Display: Loaded TP TVOSTargetPlatform
[2019.02.22-16.49.11:224][  0]LogTemp: Display: Loaded TP LinuxClientTargetPlatform
[2019.02.22-16.49.11:259][  0]LogTemp: Display: Loaded TP LinuxNoEditorTargetPlatform
[2019.02.22-16.49.11:278][  0]LogTemp: Display: Loaded TP LinuxServerTargetPlatform
[2019.02.22-16.49.11:316][  0]LogTemp: Display: Loaded TP LinuxTargetPlatform
[2019.02.22-16.49.11:349][  0]LogTemp: Display: Loaded TP LuminTargetPlatform
[2019.02.22-16.49.11:349][  0]LogTargetPlatformManager: Display: Building Assets For Windows
[2019.02.22-16.49.12:303][  0]LogXGEController: Cleaning working directory: C:/Users/Renzy/AppData/Local/Temp/UnrealXGEWorkingDir/
[2019.02.22-16.49.12:304][  0]LogXGEController: Cannot use XGE Controller as Incredibuild is not installed on this machine.
[2019.02.22-16.49.12:304][  0]LogShaderCompilers: Cannot use XGE Shader Compiler as Incredibuild is not installed on this machine.
[2019.02.22-16.49.12:304][  0]LogShaderCompilers: Display: Using Local Shader Compiler.
[2019.02.22-16.49.15:636][  0]LogDerivedDataCache: Display: Max Cache Size: 512 MB
[2019.02.22-16.49.15:872][  0]LogDerivedDataCache: Loaded boot cache 0.24s 71MB C:/Users/Renzy/AppData/Local/UnrealEngine/4.20/DerivedDataCache/Boot.ddc.
[2019.02.22-16.49.15:872][  0]LogDerivedDataCache: Display: Loaded Boot cache: C:/Users/Renzy/AppData/Local/UnrealEngine/4.20/DerivedDataCache/Boot.ddc
[2019.02.22-16.49.15:872][  0]LogDerivedDataCache: FDerivedDataBackendGraph:  Pak pak cache file ../../../../../../Renzy/Documents/Algonquin/Term 4/GAM1528 - High Level Development 2/Assignments/GOOB-master/DerivedDataCache/DDC.ddp not found, will not use a pak cache.
[2019.02.22-16.49.15:873][  0]LogDerivedDataCache: Unable to find inner node Pak for hierarchical cache Hierarchy.
[2019.02.22-16.49.15:873][  0]LogDerivedDataCache: FDerivedDataBackendGraph:  CompressedPak pak cache file ../../../../../../Renzy/Documents/Algonquin/Term 4/GAM1528 - High Level Development 2/Assignments/GOOB-master/DerivedDataCache/Compressed.ddp not found, will not use a pak cache.
[2019.02.22-16.49.15:873][  0]LogDerivedDataCache: Unable to find inner node CompressedPak for hierarchical cache Hierarchy.
[2019.02.22-16.49.15:951][  0]LogDerivedDataCache: Display: Pak cache opened for reading ../../../Engine/DerivedDataCache/Compressed.ddp.
[2019.02.22-16.49.15:963][  0]LogDerivedDataCache: Using Local data cache path C:/Users/Renzy/AppData/Local/UnrealEngine/Common/DerivedDataCache: Writable
[2019.02.22-16.49.15:963][  0]LogDerivedDataCache: Shared data cache path not found in *engine.ini, will not use an Shared cache.
[2019.02.22-16.49.15:963][  0]LogDerivedDataCache: Unable to find inner node Shared for hierarchical cache Hierarchy.
[2019.02.22-16.49.16:034][  0]LogMaterial: Verifying Global Shaders for PCD3D_SM5
[2019.02.22-16.49.16:066][  0]LogSlate: Using FreeType 2.6.0
[2019.02.22-16.49.16:153][  0]LogSlate: SlateFontServices - WITH_FREETYPE: 1, WITH_HARFBUZZ: 1
[2019.02.22-16.49.17:341][  0]LogAssetRegistry: FAssetRegistry took 0.0268 seconds to start up
[2019.02.22-16.49.23:831][  0]LogInit: Selected Device Profile: [Windows]
[2019.02.22-16.49.25:330][  0]LogSimplygon: Simplygon DLL not present - disabling.
[2019.02.22-16.49.25:655][  0]LogMeshReduction: Using SimplygonSwarm for distributed automatic mesh merging
[2019.02.22-16.49.25:655][  0]LogMeshReduction: Using ProxyLODMeshReduction for automatic mesh merging
[2019.02.22-16.49.25:656][  0]LogMeshReduction: Using QuadricMeshReduction for automatic static mesh reduction
[2019.02.22-16.49.25:656][  0]LogMeshReduction: No automatic skeletal mesh reduction module available
[2019.02.22-16.49.26:476][  0]LogNetVersion: Terminus_22XX 1.0.0, NetCL: 4212847, EngineNetVer: 5, GameNetVer: 0 (Checksum: 1011408813)
[2019.02.22-16.49.31:408][  0]LogPackageLocalizationCache: Processed 11 localized package path(s) for 2 prioritized culture(s) in 0.175276 seconds
[2019.02.22-16.49.31:450][  0]LogUObjectArray: 38425 objects as part of root set at end of initial load.
[2019.02.22-16.49.31:450][  0]LogUObjectAllocator: 6690864 out of 0 bytes used by permanent object pool.
[2019.02.22-16.49.31:450][  0]LogUObjectArray: CloseDisregardForGC: 0/0 objects in disregard for GC pool
[2019.02.22-16.50.00:817][  0]LogTcpMessaging: Initializing TcpMessaging bridge
[2019.02.22-16.50.00:952][  0]LogUdpMessaging: Initializing bridge on interface 0.0.0.0:0 to multicast group 230.0.0.1:6666.
[2019.02.22-16.50.02:366][  0]SourceControl: Source control is disabled
[2019.02.22-16.50.02:387][  0]SourceControl: Source control is disabled
[2019.02.22-16.50.02:470][  0]SourceControl: Source control is disabled
[2019.02.22-16.50.02:500][  0]SourceControl: Source control is disabled
[2019.02.22-16.50.04:092][  0]LogAndroidPermission: UAndroidPermissionCallbackProxy::GetInstance
[2019.02.22-16.50.04:338][  0]LogOcInput: OculusInput pre-init called
[2019.02.22-16.50.05:002][  0]LogEngine: Initializing Engine...
[2019.02.22-16.50.05:051][  0]LogHMD: Failed to initialize OpenVR with code 110
[2019.02.22-16.50.05:073][  0]LogStats: UGameplayTagsManager::ConstructGameplayTagTree: ImportINI prefixes -  0.000 s
[2019.02.22-16.50.05:073][  0]LogStats: UGameplayTagsManager::ConstructGameplayTagTree: Construct from data asset -  0.000 s
[2019.02.22-16.50.05:074][  0]LogStats: UGameplayTagsManager::ConstructGameplayTagTree: ImportINI -  0.000 s
[2019.02.22-16.50.05:074][  0]LogStats: UGameplayTagsManager::ConstructGameplayTagTree: GameplayTagTreeChangedEvent.Broadcast -  0.000 s
[2019.02.22-16.50.06:291][  0]LogInit: Initializing FReadOnlyCVARCache
[2019.02.22-16.50.06:766][  0]LogAIModule: Creating AISystem for world Untitled
[2019.02.22-16.50.06:929][  0]LogInit: XAudio2 using 'Speakers (Sound BlasterX AE-5)' : 6 channels at 48 kHz using 32 bits per sample (channel mask 0x3f)
[2019.02.22-16.50.06:961][  0]LogInit: FAudioDevice initialized.
[2019.02.22-16.50.07:019][  0]LogNetVersion: Set ProjectVersion to 1.0.0.0. Version Checksum will be recalculated on next use.
[2019.02.22-16.50.07:078][  0]LogDerivedDataCache: Saved boot cache 0.06s 71MB C:/Users/Renzy/AppData/Local/UnrealEngine/4.20/DerivedDataCache/Boot.ddc.
[2019.02.22-16.50.07:086][  0]LogInit: Texture streaming: Enabled
[2019.02.22-16.50.07:364][  0]LogEngineSessionManager: EngineSessionManager initialized
[2019.02.22-16.50.07:556][  0]LogInit: Transaction tracking system initialized
[2019.02.22-16.50.07:937][  0]BlueprintLog: New page: Editor Load
[2019.02.22-16.50.09:393][  0]LocalizationService: Localization service is disabled
[2019.02.22-16.50.12:110][  0]LogFileCache: Scanning file cache for directory 'F:/Renzy/Documents/Algonquin/Term 4/GAM1528 - High Level Development 2/Assignments/GOOB-master/Content/' took 0.02s
[2019.02.22-16.50.12:111][  0]LogCook: Display: Max memory allowance for cook 16384mb min free memory 0mb
[2019.02.22-16.50.12:111][  0]LogCook: Display: Mobile HDR setting 1
[2019.02.22-16.50.12:116][  0]LogGameplayTags: Display: UGameplayTagsManager::DoneAddingNativeTags. DelegateIsBound: 0
[2019.02.22-16.50.12:117][  0]LogStats: UGameplayTagsManager::ConstructGameplayTagTree: ImportINI prefixes -  0.000 s
[2019.02.22-16.50.12:117][  0]LogStats: UGameplayTagsManager::ConstructGameplayTagTree: Construct from data asset -  0.000 s
[2019.02.22-16.50.12:117][  0]LogStats: UGameplayTagsManager::ConstructGameplayTagTree: ImportINI -  0.000 s
[2019.02.22-16.50.12:117][  0]LogStats: UGameplayTagsManager::ConstructGameplayTagTree: GameplayTagTreeChangedEvent.Broadcast -  0.000 s
[2019.02.22-16.50.14:335][  0]SourceControl: Source control is disabled
[2019.02.22-16.50.14:380][  0]Cmd: MAP LOAD FILE="../../../../../../Renzy/Documents/Algonquin/Term 4/GAM1528 - High Level Development 2/Assignments/GOOB-master/Content/Levels/Test_Level.umap" TEMPLATE=0 SHOWPROGRESS=1 FEATURELEVEL=3
[2019.02.22-16.50.14:507][  0]LightingResults: New page: Lighting Build
[2019.02.22-16.50.14:689][  0]MapCheck: New page: Map Check
[2019.02.22-16.50.14:690][  0]LightingResults: New page: Lighting Build
[2019.02.22-16.50.15:961][  0]LogAIModule: Creating AISystem for world Test_Level
[2019.02.22-16.50.16:545][  0]LogEditorServer: Finished looking for orphan Actors (0.000 secs)
[2019.02.22-16.50.16:666][  0]Cmd: MAP CHECKDEP NOCLEARLOG
[2019.02.22-16.50.16:722][  0]MapCheck: Map check complete: 0 Error(s), 0 Warning(s), took 55.431ms to complete.
[2019.02.22-16.50.16:722][  0]LogFileHelpers: Loading map 'Test_Level' took 2.367
[2019.02.22-16.50.18:515][  0]LogSlate: Updating window title bar state: overlay mode, drag disabled, window buttons hidden, title bar hidden
[2019.02.22-16.50.18:521][  0]LogSlate: Updating window title bar state: overlay mode, drag disabled, window buttons hidden, title bar hidden
[2019.02.22-16.50.18:527][  0]LogSlate: Updating window title bar state: overlay mode, drag disabled, window buttons hidden, title bar hidden
[2019.02.22-16.50.18:533][  0]LogSlate: Updating window title bar state: overlay mode, drag disabled, window buttons hidden, title bar hidden
[2019.02.22-16.50.18:563][  0]LogCollectionManager: Loaded 0 collections in 0.000962 seconds
[2019.02.22-16.50.18:686][  0]LogFileCache: Scanning file cache for directory 'F:/Renzy/Documents/Algonquin/Term 4/GAM1528 - High Level Development 2/Assignments/GOOB-master/Saved/Collections/' took 0.01s
[2019.02.22-16.50.18:686][  0]LogFileCache: Scanning file cache for directory 'F:/Renzy/Documents/Algonquin/Term 4/GAM1528 - High Level Development 2/Assignments/GOOB-master/Content/Developers/Renzy/Collections/' took 0.01s
[2019.02.22-16.50.18:686][  0]LogFileCache: Scanning file cache for directory 'F:/Renzy/Documents/Algonquin/Term 4/GAM1528 - High Level Development 2/Assignments/GOOB-master/Content/Collections/' took 0.01s
[2019.02.22-16.50.18:686][  0]LogCollectionManager: Rebuilt the GUID cache for 0 collections in 0.000000 seconds
[2019.02.22-16.50.18:695][  0]LogContentBrowser: Native class hierarchy populated in 0.0082 seconds. Added 2588 classes and 608 folders.
[2019.02.22-16.50.18:798][  0]LogContentBrowser: Native class hierarchy updated for 'WidgetCarousel' in 0.0004 seconds. Added 0 classes and 0 folders.
[2019.02.22-16.50.20:687][  0]LogContentBrowser: Native class hierarchy updated for 'AddContentDialog' in 0.0004 seconds. Added 0 classes and 0 folders.
[2019.02.22-16.50.20:727][  0]LogContentBrowser: Native class hierarchy updated for 'SceneOutliner' in 0.0005 seconds. Added 1 classes and 2 folders.
[2019.02.22-16.50.21:365][  0]LogSlate: Took 0.017592 seconds to synchronously load lazily loaded font '../../../Engine/Content/Slate/Fonts/Roboto-Regular.ttf' (155K)
[2019.02.22-16.50.21:380][  0]LogSlate: Took 0.013275 seconds to synchronously load lazily loaded font '../../../Engine/Content/Slate/Fonts/Roboto-Bold.ttf' (160K)
[2019.02.22-16.50.21:477][  0]LogSlate: Took 0.024472 seconds to synchronously load lazily loaded font '../../../Engine/Content/Editor/Slate/Fonts/FontAwesome.ttf' (139K)
[2019.02.22-16.50.21:965][  0]LogRenderer: Reallocating scene render targets to support 1208x576 Format 10 NumSamples 1 (Frame:1).
[2019.02.22-16.50.22:476][  0]LogContentBrowser: Native class hierarchy updated for 'HierarchicalLODOutliner' in 0.0005 seconds. Added 0 classes and 0 folders.
[2019.02.22-16.50.22:477][  0]LogLoad: (Engine Initialization) Total time: 84.12 seconds
[2019.02.22-16.50.22:477][  0]LogLoad: (Engine Initialization) Total Blueprint compile time: 0.00 seconds
[2019.02.22-16.50.22:753][  0]LogContentStreaming: Texture pool size now 1000 MB
[2019.02.22-16.50.22:997][  0]LogSlate: Took 0.019849 seconds to synchronously load lazily loaded font '../../../Engine/Content/Slate/Fonts/Roboto-Light.ttf' (167K)
[2019.02.22-16.50.23:290][  1]LogAssetRegistry: Asset discovery search completed in 65.9734 seconds
[2019.02.22-16.50.23:293][  1]LogCollectionManager: Rebuilt the object cache for 0 collections in 0.000000 seconds (found 0 objects)
[2019.02.22-16.50.23:293][  1]LogCollectionManager: Fixed up redirectors for 0 collections in 0.000141 seconds (updated 0 objects)
[2019.02.22-16.51.01:530][184]LogSlate: FSceneViewport::OnFocusLost() reason 0
[2019.02.22-16.51.02:291][193]LogSlate: Took 0.000257 seconds to synchronously load lazily loaded font '../../../Engine/Content/Slate/Fonts/Roboto-Light.ttf' (167K)
[2019.02.22-16.51.02:334][193]LogAssetEditorManager: Opening Asset editor for Blueprint /Game/Blueprints/ProgrammingBlueprints/TestPlayerCharacter.TestPlayerCharacter
[2019.02.22-16.51.04:321][193]LogContentBrowser: Native class hierarchy updated for 'BlueprintGraph' in 0.0142 seconds. Added 116 classes and 0 folders.
[2019.02.22-16.51.07:188][193]LogSlate: Took 0.047413 seconds to synchronously load lazily loaded font '../../../Engine/Content/Slate/Fonts/Roboto-BoldCondensed.ttf' (158K)
[2019.02.22-16.51.08:063][194]LogSlate: Took 0.032218 seconds to synchronously load lazily loaded font '../../../Engine/Content/Slate/Fonts/Roboto-Italic.ttf' (157K)
[2019.02.22-16.51.12:443][571]LogTemp: Repeating last play command: Selected Viewport
[2019.02.22-16.51.12:548][571]LogPlayLevel: PlayLevel: No blueprints needed recompiling
[2019.02.22-16.51.12:724][571]PIE: New page: PIE session: Test_Level (Feb 22, 2019, 6:51:12 AM)
[2019.02.22-16.51.12:724][571]LogPlayLevel: Creating play world package: /Game/Levels/UEDPIE_0_Test_Level
[2019.02.22-16.51.12:776][571]LogPlayLevel: PIE: StaticDuplicateObject took: (0.051279s)
[2019.02.22-16.51.12:776][571]LogAIModule: Creating AISystem for world Test_Level
[2019.02.22-16.51.12:796][571]LogPlayLevel: PIE: World Init took: (0.020139s)
[2019.02.22-16.51.12:828][571]LogPlayLevel: PIE: Created PIE world by copying editor world from /Game/Levels/Test_Level.Test_Level to /Game/Levels/UEDPIE_0_Test_Level.Test_Level (0.103845s)
[2019.02.22-16.51.12:952][571]LogInit: XAudio2 using 'Speakers (Sound BlasterX AE-5)' : 6 channels at 48 kHz using 32 bits per sample (channel mask 0x3f)
[2019.02.22-16.51.12:967][571]LogInit: FAudioDevice initialized.
[2019.02.22-16.51.13:113][571]LogLoad: Game class is 'Test_Terminus_22XXGameModeBase_C'
[2019.02.22-16.51.13:285][571]LogWorld: Bringing World /Game/Levels/UEDPIE_0_Test_Level.Test_Level up for play (max tick rate 0) at 2019.02.22-11.51.13
[2019.02.22-16.51.13:345][571]LogWorld: Bringing up level for play took: 0.060847
[2019.02.22-16.51.13:600][571]LogContentBrowser: Native class hierarchy updated for 'MovieSceneCapture' in 0.0005 seconds. Added 10 classes and 0 folders.
[2019.02.22-16.51.13:767][571]PIE: Play in editor start time for /Game/Levels/UEDPIE_0_Test_Level 1.931
[2019.02.22-16.51.16:645][842]LogSlate: Updating window title bar state: overlay mode, drag disabled, window buttons hidden, title bar hidden
[2019.02.22-16.51.16:826][842]LogPlayLevel: Display: Shutting down PIE online subsystems
[2019.02.22-16.51.16:967][842]LogSlate: Updating window title bar state: overlay mode, drag disabled, window buttons hidden, title bar hidden
[2019.02.22-16.51.17:061][843]LogPlayLevel: Display: Destroying online subsystem :Context_7
[2019.02.22-16.51.17:815][924]LogSlate: FSceneViewport::OnFocusLost() reason 0
[2019.02.22-16.51.19:838][106]LogAssetEditorManager: Opening Asset editor for Blueprint /Game/Blueprints/ProgrammingBlueprints/Test_Terminus_22XXGameModeBase.Test_Terminus_22XXGameModeBase
[2019.02.22-16.51.33:088][550]BlueprintLog: New page: Compile Test_Terminus_22XXGameModeBase
[2019.02.22-16.51.34:290][550]LogSavePackage: Moving '../../../../../../Renzy/Documents/Algonquin/Term 4/GAM1528 - High Level Development 2/Assignments/GOOB-master/Saved/Test_Terminus_22XXGameModeBase7546E5154548A77914438F9F98385949.tmp' to '../../../../../../Renzy/Documents/Algonquin/Term 4/GAM1528 - High Level Development 2/Assignments/GOOB-master/Content/Blueprints/ProgrammingBlueprints/Test_Terminus_22XXGameModeBase.uasset'
[2019.02.22-16.51.35:892][708]LogTemp: Repeating last play command: Selected Viewport
[2019.02.22-16.51.35:915][708]LogPlayLevel: PlayLevel: No blueprints needed recompiling
[2019.02.22-16.51.35:915][708]PIE: New page: PIE session: Test_Level (Feb 22, 2019, 6:51:35 AM)
[2019.02.22-16.51.35:915][708]LogPlayLevel: Creating play world package: /Game/Levels/UEDPIE_0_Test_Level
[2019.02.22-16.51.35:927][708]LogPlayLevel: PIE: StaticDuplicateObject took: (0.011772s)
[2019.02.22-16.51.35:928][708]LogAIModule: Creating AISystem for world Test_Level
[2019.02.22-16.51.35:928][708]LogPlayLevel: PIE: World Init took: (0.000755s)
[2019.02.22-16.51.35:928][708]LogPlayLevel: PIE: Created PIE world by copying editor world from /Game/Levels/Test_Level.Test_Level to /Game/Levels/UEDPIE_0_Test_Level.Test_Level (0.012813s)
[2019.02.22-16.51.35:975][708]LogInit: XAudio2 using 'Speakers (Sound BlasterX AE-5)' : 6 channels at 48 kHz using 32 bits per sample (channel mask 0x3f)
[2019.02.22-16.51.35:992][708]LogInit: FAudioDevice initialized.
[2019.02.22-16.51.36:027][708]LogLoad: Game class is 'Test_Terminus_22XXGameModeBase_C'
[2019.02.22-16.51.36:028][708]LogWorld: Bringing World /Game/Levels/UEDPIE_0_Test_Level.Test_Level up for play (max tick rate 0) at 2019.02.22-11.51.36
[2019.02.22-16.51.36:029][708]LogWorld: Bringing up level for play took: 0.001468
[2019.02.22-16.51.36:074][708]PIE: Play in editor start time for /Game/Levels/UEDPIE_0_Test_Level 0.237
[2019.02.22-16.51.46:813][962]LogSlate: Updating window title bar state: overlay mode, drag disabled, window buttons hidden, title bar hidden
[2019.02.22-16.51.46:851][962]LogPlayLevel: Display: Shutting down PIE online subsystems
[2019.02.22-16.51.46:878][962]LogSlate: Updating window title bar state: overlay mode, drag disabled, window buttons hidden, title bar hidden
[2019.02.22-16.51.46:916][965]LogPlayLevel: Display: Destroying online subsystem :Context_9
[2019.02.22-16.51.55:682][  7]LogSlate: FSceneViewport::OnFocusLost() reason 0
[2019.02.22-16.52.16:923][  9]LogTemp: Repeating last play command: Selected Viewport
[2019.02.22-16.52.16:949][  9]LogPlayLevel: PlayLevel: No blueprints needed recompiling
[2019.02.22-16.52.16:949][  9]PIE: New page: PIE session: Test_Level (Feb 22, 2019, 6:52:16 AM)
[2019.02.22-16.52.16:949][  9]LogPlayLevel: Creating play world package: /Game/Levels/UEDPIE_0_Test_Level
[2019.02.22-16.52.16:962][  9]LogPlayLevel: PIE: StaticDuplicateObject took: (0.012401s)
[2019.02.22-16.52.16:962][  9]LogAIModule: Creating AISystem for world Test_Level
[2019.02.22-16.52.16:963][  9]LogPlayLevel: PIE: World Init took: (0.000868s)
[2019.02.22-16.52.16:963][  9]LogPlayLevel: PIE: Created PIE world by copying editor world from /Game/Levels/Test_Level.Test_Level to /Game/Levels/UEDPIE_0_Test_Level.Test_Level (0.013981s)
[2019.02.22-16.52.17:013][  9]LogInit: XAudio2 using 'Speakers (Sound BlasterX AE-5)' : 6 channels at 48 kHz using 32 bits per sample (channel mask 0x3f)
[2019.02.22-16.52.17:028][  9]LogInit: FAudioDevice initialized.
[2019.02.22-16.52.17:059][  9]LogLoad: Game class is 'Test_Terminus_22XXGameModeBase_C'
[2019.02.22-16.52.17:061][  9]LogWorld: Bringing World /Game/Levels/UEDPIE_0_Test_Level.Test_Level up for play (max tick rate 0) at 2019.02.22-11.52.17
[2019.02.22-16.52.17:061][  9]LogWorld: Bringing up level for play took: 0.001442
[2019.02.22-16.52.17:075][  9]PIE: Play in editor start time for /Game/Levels/UEDPIE_0_Test_Level -0.761
[2019.02.22-16.52.21:404][468]LogSlate: FSceneViewport::OnFocusLost() reason 0
[2019.02.22-16.53.00:993][191]LogSlate: Updating window title bar state: overlay mode, drag disabled, window buttons hidden, title bar hidden
[2019.02.22-16.53.01:028][191]LogPlayLevel: Display: Shutting down PIE online subsystems
[2019.02.22-16.53.01:055][191]LogSlate: Updating window title bar state: overlay mode, drag disabled, window buttons hidden, title bar hidden
[2019.02.22-16.53.01:098][195]LogPlayLevel: Display: Destroying online subsystem :Context_10
[2019.02.22-16.53.01:627][257]LogSlate: FSceneViewport::OnFocusLost() reason 0
[2019.02.22-16.53.01:786][270]LogAssetEditorManager: Opening Asset editor for Blueprint /Game/Blueprints/ProgrammingBlueprints/TestT22XX_Railgun.TestT22XX_Railgun
[2019.02.22-16.53.05:744][551]LogAssetEditorManager: Opening Asset editor for Blueprint /Game/Blueprints/ProgrammingBlueprints/TestT22XX_Railgun.TestT22XX_Railgun
[2019.02.22-16.53.09:810][975]LogTemp: Repeating last play command: Selected Viewport
[2019.02.22-16.53.09:833][975]LogPlayLevel: PlayLevel: No blueprints needed recompiling
[2019.02.22-16.53.09:834][975]PIE: New page: PIE session: Test_Level (Feb 22, 2019, 6:53:09 AM)
[2019.02.22-16.53.09:834][975]LogPlayLevel: Creating play world package: /Game/Levels/UEDPIE_0_Test_Level
[2019.02.22-16.53.09:846][975]LogPlayLevel: PIE: StaticDuplicateObject took: (0.012336s)
[2019.02.22-16.53.09:847][975]LogAIModule: Creating AISystem for world Test_Level
[2019.02.22-16.53.09:847][975]LogPlayLevel: PIE: World Init took: (0.000826s)
[2019.02.22-16.53.09:847][975]LogPlayLevel: PIE: Created PIE world by copying editor world from /Game/Levels/Test_Level.Test_Level to /Game/Levels/UEDPIE_0_Test_Level.Test_Level (0.013434s)
[2019.02.22-16.53.09:946][975]LogInit: XAudio2 using 'Speakers (Sound BlasterX AE-5)' : 6 channels at 48 kHz using 32 bits per sample (channel mask 0x3f)
[2019.02.22-16.53.09:961][975]LogInit: FAudioDevice initialized.
[2019.02.22-16.53.09:995][975]LogLoad: Game class is 'Test_Terminus_22XXGameModeBase_C'
[2019.02.22-16.53.09:996][975]LogWorld: Bringing World /Game/Levels/UEDPIE_0_Test_Level.Test_Level up for play (max tick rate 0) at 2019.02.22-11.53.09
[2019.02.22-16.53.09:997][975]LogWorld: Bringing up level for play took: 0.001411
[2019.02.22-16.53.10:012][975]PIE: Play in editor start time for /Game/Levels/UEDPIE_0_Test_Level 0.175
[2019.02.22-16.53.34:066][849]LogSlate: Updating window title bar state: overlay mode, drag disabled, window buttons hidden, title bar hidden
[2019.02.22-16.53.34:165][849]LogPlayLevel: Display: Shutting down PIE online subsystems
[2019.02.22-16.53.34:193][849]LogSlate: Updating window title bar state: overlay mode, drag disabled, window buttons hidden, title bar hidden
[2019.02.22-16.53.34:211][850]LogPlayLevel: Display: Destroying online subsystem :Context_14
[2019.02.22-16.53.34:753][914]LogSlate: FSceneViewport::OnFocusLost() reason 0
[2019.02.22-16.53.34:820][922]LogTemp: Repeating last play command: Selected Viewport
[2019.02.22-16.53.34:845][922]LogPlayLevel: PlayLevel: No blueprints needed recompiling
[2019.02.22-16.53.34:846][922]PIE: New page: PIE session: Test_Level (Feb 22, 2019, 6:53:34 AM)
[2019.02.22-16.53.34:846][922]LogPlayLevel: Creating play world package: /Game/Levels/UEDPIE_0_Test_Level
[2019.02.22-16.53.34:858][922]LogPlayLevel: PIE: StaticDuplicateObject took: (0.012012s)
[2019.02.22-16.53.34:859][922]LogAIModule: Creating AISystem for world Test_Level
[2019.02.22-16.53.34:859][922]LogPlayLevel: PIE: World Init took: (0.000690s)
[2019.02.22-16.53.34:860][922]LogPlayLevel: PIE: Created PIE world by copying editor world from /Game/Levels/Test_Level.Test_Level to /Game/Levels/UEDPIE_0_Test_Level.Test_Level (0.013972s)
[2019.02.22-16.53.34:910][922]LogInit: XAudio2 using 'Speakers (Sound BlasterX AE-5)' : 6 channels at 48 kHz using 32 bits per sample (channel mask 0x3f)
[2019.02.22-16.53.34:925][922]LogInit: FAudioDevice initialized.
[2019.02.22-16.53.34:959][922]LogLoad: Game class is 'Test_Terminus_22XXGameModeBase_C'
[2019.02.22-16.53.34:961][922]LogWorld: Bringing World /Game/Levels/UEDPIE_0_Test_Level.Test_Level up for play (max tick rate 0) at 2019.02.22-11.53.34
[2019.02.22-16.53.34:961][922]LogWorld: Bringing up level for play took: 0.001462
[2019.02.22-16.53.34:976][922]PIE: Play in editor start time for /Game/Levels/UEDPIE_0_Test_Level -0.86
[2019.02.22-16.53.43:494][915]LogSlate: FSceneViewport::OnFocusLost() reason 2
[2019.02.22-16.53.46:366][252]LogSlate: FSceneViewport::OnFocusLost() reason 0
[2019.02.22-16.53.50:087][670]LogSlate: FSceneViewport::OnFocusLost() reason 2
[2019.02.22-16.53.52:458][916]LogSlate: FSceneViewport::OnFocusLost() reason 2
[2019.02.22-16.54.06:617][570]LogSlate: FSceneViewport::OnFocusLost() reason 2
[2019.02.22-16.54.24:479][641]LogSlate: Updating window title bar state: overlay mode, drag disabled, window buttons hidden, title bar hidden
[2019.02.22-16.54.24:517][641]LogPlayLevel: Display: Shutting down PIE online subsystems
[2019.02.22-16.54.24:544][641]LogSlate: Updating window title bar state: overlay mode, drag disabled, window buttons hidden, title bar hidden
[2019.02.22-16.54.24:581][645]LogPlayLevel: Display: Destroying online subsystem :Context_15
[2019.02.22-16.54.55:226][425]LogTemp: Repeating last play command: Selected Viewport
[2019.02.22-16.54.55:252][425]LogPlayLevel: PlayLevel: No blueprints needed recompiling
[2019.02.22-16.54.55:253][425]PIE: New page: PIE session: Test_Level (Feb 22, 2019, 6:54:55 AM)
[2019.02.22-16.54.55:254][425]LogPlayLevel: Creating play world package: /Game/Levels/UEDPIE_0_Test_Level
[2019.02.22-16.54.55:267][425]LogPlayLevel: PIE: StaticDuplicateObject took: (0.012736s)
[2019.02.22-16.54.55:268][425]LogAIModule: Creating AISystem for world Test_Level
[2019.02.22-16.54.55:268][425]LogPlayLevel: PIE: World Init took: (0.000766s)
[2019.02.22-16.54.55:269][425]LogPlayLevel: PIE: Created PIE world by copying editor world from /Game/Levels/Test_Level.Test_Level to /Game/Levels/UEDPIE_0_Test_Level.Test_Level (0.014566s)
