Log file open, 02/27/19 10:37:39
LogWindows: Failed to load 'aqProf.dll' (GetLastError=126)
LogWindows: File 'aqProf.dll' does not exist
LogWindows: Failed to load 'VSPerf140.dll' (GetLastError=126)
LogWindows: File 'VSPerf140.dll' does not exist
LogWindows: Failed to load 'VtuneApi.dll' (GetLastError=126)
LogWindows: File 'VtuneApi.dll' does not exist
LogWindows: Failed to load 'VtuneApi32e.dll' (GetLastError=126)
LogWindows: File 'VtuneApi32e.dll' does not exist
LogInit: Display: Running engine for game: Terminus_22XX
LogPlatformFile: Not using cached read wrapper
LogTaskGraph: Started task graph with 5 named threads and 14 total threads with 3 sets of task threads.
LogStats: Stats thread started at 0.380885
LogD3D11RHI: Loaded GFSDK_Aftermath_Lib.x64.dll
LogICUInternationalization: Display: ICU TimeZone Detection - Raw Offset: -5:00, Platform Override: ''
LogPluginManager: Mounting plugin Paper2D
LogPluginManager: Mounting plugin AISupport
LogPluginManager: Mounting plugin LightPropagationVolume
LogPluginManager: Mounting plugin CLionSourceCodeAccess
LogPluginManager: Mounting plugin CodeLiteSourceCodeAccess
LogPluginManager: Mounting plugin GitSourceControl
LogPluginManager: Mounting plugin KDevelopSourceCodeAccess
LogPluginManager: Mounting plugin NullSourceCodeAccess
LogPluginManager: Mounting plugin PerforceSourceControl
LogPluginManager: Mounting plugin SubversionSourceControl
LogPluginManager: Mounting plugin UObjectPlugin
LogPluginManager: Mounting plugin VisualStudioCodeSourceCodeAccess
LogPluginManager: Mounting plugin VisualStudioSourceCodeAccess
LogPluginManager: Mounting plugin XCodeSourceCodeAccess
LogPluginManager: Mounting plugin AssetManagerEditor
LogPluginManager: Mounting plugin CryptoKeys
LogPluginManager: Mounting plugin DataValidation
LogPluginManager: Mounting plugin FacialAnimation
LogPluginManager: Mounting plugin GameplayTagsEditor
LogPluginManager: Mounting plugin MacGraphicsSwitching
LogPluginManager: Mounting plugin MeshEditor
LogPluginManager: Mounting plugin MobileLauncherProfileWizard
LogPluginManager: Mounting plugin PluginBrowser
LogPluginManager: Mounting plugin SpeedTreeImporter
LogPluginManager: Mounting plugin DatasmithContent
LogPluginManager: Mounting plugin AlembicImporter
LogPluginManager: Mounting plugin AppleImageUtils
LogPluginManager: Mounting plugin AppleVision
LogPluginManager: Mounting plugin BackChannel
LogPluginManager: Mounting plugin CharacterAI
LogPluginManager: Mounting plugin GeometryCache
LogPluginManager: Mounting plugin HTML5Networking
LogPluginManager: Mounting plugin ProxyLODPlugin
LogPluginManager: Mounting plugin MagicLeap
LogPluginManager: Mounting plugin MagicLeapEmulator
LogPluginManager: Mounting plugin MagicLeapMedia
LogPluginManager: Mounting plugin AndroidMedia
LogPluginManager: Mounting plugin AvfMedia
LogPluginManager: Mounting plugin ImgMedia
LogPluginManager: Mounting plugin LinearTimecode
LogPluginManager: Mounting plugin MediaCompositing
LogPluginManager: Mounting plugin MediaPlayerEditor
LogPluginManager: Mounting plugin WmfMedia
LogPluginManager: Mounting plugin TcpMessaging
LogPluginManager: Mounting plugin UdpMessaging
LogPluginManager: Mounting plugin ActorSequence
LogPluginManager: Mounting plugin LevelSequenceEditor
LogPluginManager: Mounting plugin MatineeToLevelSequence
LogPluginManager: Mounting plugin NetcodeUnitTest
LogPluginManager: Mounting plugin NUTUnrealEngine4
LogPluginManager: Mounting plugin OnlineSubsystemGooglePlay
LogPluginManager: Mounting plugin OnlineSubsystemIOS
LogPluginManager: Mounting plugin OnlineSubsystem
LogPluginManager: Mounting plugin OnlineSubsystemNull
LogPluginManager: Mounting plugin OnlineSubsystemUtils
LogPluginManager: Mounting plugin LauncherChunkInstaller
LogPluginManager: Mounting plugin AndroidDeviceProfileSelector
LogPluginManager: Mounting plugin AndroidMoviePlayer
LogPluginManager: Mounting plugin AndroidPermission
LogPluginManager: Mounting plugin AppleMoviePlayer
LogPluginManager: Mounting plugin ArchVisCharacter
LogPluginManager: Mounting plugin AudioCapture
LogPluginManager: Mounting plugin CableComponent
LogPluginManager: Mounting plugin CustomMeshComponent
LogPluginManager: Mounting plugin EditableMesh
LogPluginManager: Mounting plugin ExampleDeviceProfileSelector
LogPluginManager: Mounting plugin GoogleCloudMessaging
LogPluginManager: Mounting plugin ImmediatePhysics
LogPluginManager: Mounting plugin IOSDeviceProfileSelector
LogPluginManager: Mounting plugin LinuxDeviceProfileSelector
LogPluginManager: Mounting plugin LocationServicesBPLibrary
LogPluginManager: Mounting plugin MobilePatchingUtils
LogPluginManager: Mounting plugin OculusVR
LogPluginManager: Plugin shader directory ../../../Engine/Plugins/Runtime/Oculus/OculusVR/Shaders found
LogPluginManager: Mapping shader source directory ../../../Engine/Plugins/Runtime/Oculus/OculusVR/Shaders to virtual directory /Plugin/OculusVR
LogPluginManager: Mounting plugin PhysXVehicles
LogPluginManager: Mounting plugin ProceduralMeshComponent
LogPluginManager: Mounting plugin RuntimePhysXCooking
LogPluginManager: Mounting plugin SteamVR
LogPluginManager: Mounting plugin WindowsMoviePlayer
LogStreaming: Display: Took  0.168s to configure plugins.
LogInit: Using libcurl 7.55.1-DEV
LogInit:  - built for x86_64-pc-win32
LogInit:  - supports SSL with OpenSSL/1.0.2h
LogInit:  - supports HTTP deflate (compression) using libz 1.2.8
LogInit:  - other features:
LogInit:      CURL_VERSION_SSL
LogInit:      CURL_VERSION_LIBZ
LogInit:      CURL_VERSION_IPV6
LogInit:      CURL_VERSION_ASYNCHDNS
LogInit:      CURL_VERSION_LARGEFILE
LogInit:      CURL_VERSION_IDN
LogInit:  CurlRequestOptions (configurable via config and command line):
LogInit:  - bVerifyPeer = false  - Libcurl will NOT verify peer certificate
LogInit:  - bUseHttpProxy = false  - Libcurl will NOT use HTTP proxy
LogInit:  - bDontReuseConnections = false  - Libcurl will reuse connections
LogInit:  - CertBundlePath = nullptr  - Libcurl will use whatever was configured at build time.
LogInit:  - MaxHostConnections = 16  - Libcurl will limit the number of connections to a host
LogInit:  - LocalHostAddr = Default
LogInit:  - BufferSize = 65536
LogInit: WinSock: version 1.1 (2.2), MaxSocks=32767, MaxUdp=65467
LogInit: Build: ++UE4+Release-4.20-CL-4369336
LogInit: Engine Version: 4.20.3-4369336+++UE4+Release-4.20
LogInit: Compatible Engine Version: 4.20.0-4212847+++UE4+Release-4.20
LogInit: Net CL: 4212847
LogInit: OS: Windows 10 (), CPU: Intel(R) Core(TM) i5-6600K CPU @ 3.50GHz, GPU: NVIDIA GeForce GTX 1060 6GB
LogInit: Compiled (64-bit): Sep 17 2018 12:26:19
LogInit: Compiled with Visual C++: 19.13.26129.00
LogInit: Build Configuration: Development
LogInit: Branch Name: ++UE4+Release-4.20
LogInit: Command Line:  -skipcompile
LogInit: Base Directory: F:/Program Files (x86)/Epic Games/UE_4.20/Engine/Binaries/Win64/
LogInit: Installed Engine Build: 1
LogDevObjectVersion: Number of dev versions registered: 20
LogDevObjectVersion:   Dev-Blueprints (B0D832E4-1F89-4F0D-ACCF-7EB736FD4AA2): 10
LogDevObjectVersion:   Dev-Build (E1C64328-A22C-4D53-A36C-8E866417BD8C): 0
LogDevObjectVersion:   Dev-Core (375EC13C-06E4-48FB-B500-84F0262A717E): 2
LogDevObjectVersion:   Dev-Editor (E4B068ED-F494-42E9-A231-DA0B2E46BB41): 24
LogDevObjectVersion:   Dev-Framework (CFFC743F-43B0-4480-9391-14DF171D2073): 34
LogDevObjectVersion:   Dev-Mobile (B02B49B5-BB20-44E9-A304-32B752E40360): 2
LogDevObjectVersion:   Dev-Networking (A4E4105C-59A1-49B5-A7C5-40C4547EDFEE): 0
LogDevObjectVersion:   Dev-Online (39C831C9-5AE6-47DC-9A44-9C173E1C8E7C): 0
LogDevObjectVersion:   Dev-Physics (78F01B33-EBEA-4F98-B9B4-84EACCB95AA2): 0
LogDevObjectVersion:   Dev-Platform (6631380F-2D4D-43E0-8009-CF276956A95A): 0
LogDevObjectVersion:   Dev-Rendering (12F88B9F-8875-4AFC-A67C-D90C383ABD29): 26
LogDevObjectVersion:   Dev-Sequencer (7B5AE74C-D270-4C10-A958-57980B212A5A): 9
LogDevObjectVersion:   Dev-VR (D7296918-1DD6-4BDD-9DE2-64A83CC13884): 2
LogDevObjectVersion:   Dev-LoadTimes (C2A15278-BFE7-4AFE-6C17-90FF531DF755): 1
LogDevObjectVersion:   Private-Geometry (6EACA3D4-40EC-4CC1-B786-8BED09428FC5): 3
LogDevObjectVersion:   Dev-AnimPhys (29E575DD-E0A3-4627-9D10-D276232CDCEA): 17
LogDevObjectVersion:   Dev-ReflectionCapture (6B266CEC-1EC7-4B8F-A30B-E4D90942FC07): 1
LogDevObjectVersion:   Dev-Automation (0DF73D61-A23F-47EA-B727-89E90C41499A): 1
LogDevObjectVersion:   FortniteMain (601D1886-AC64-4F84-AA16-D3DE0DEAC7D6): 12
LogDevObjectVersion:   Dev-Enterprise (9DFFBCD6-494F-0158-E221-12823C92A888): 1
LogStreaming: Display: Took  0.001s to delete old logs.
LogInit: Presizing for max 8388607 objects, including 0 objects not considered by GC, pre-allocating 0 bytes for permanent pool.
LogInit: Object subsystem initialized
[2019.02.27-15.37.39:725][  0]LogInit: Selected Device Profile: [Windows]
[2019.02.27-15.37.39:725][  0]LogInit: Applying CVar settings loaded from the selected device profile: [Windows]
[2019.02.27-15.37.39:738][  0]LogHAL: Display: Platform has ~ 16 GB [17136545792 / 17179869184 / 16], which maps to Larger [LargestMinGB=32, LargerMinGB=12, DefaultMinGB=8, SmallerMinGB=6, SmallestMinGB=0)
[2019.02.27-15.37.39:738][  0]LogInit: Setting Device Profile CVar: [[r.Vulkan.UseRealUBs:1]]
[2019.02.27-15.37.39:738][  0]LogInit: Going up to parent DeviceProfile []
[2019.02.27-15.37.39:738][  0]LogInit: Computer: RENZY-GAMING
[2019.02.27-15.37.39:738][  0]LogInit: User: Renzy
[2019.02.27-15.37.39:739][  0]LogInit: CPU Page size=4096, Cores=4
[2019.02.27-15.37.39:739][  0]LogInit: High frequency timer resolution =3.421871 MHz
[2019.02.27-15.37.39:739][  0]LogMemory: Memory total: Physical=16.0GB (16GB approx)
[2019.02.27-15.37.39:739][  0]LogMemory: Platform Memory Stats for Windows
[2019.02.27-15.37.39:739][  0]LogMemory: Process Physical Memory: 101.90 MB used, 101.90 MB peak
[2019.02.27-15.37.39:739][  0]LogMemory: Process Virtual Memory: 96.36 MB used, 96.36 MB peak
[2019.02.27-15.37.39:739][  0]LogMemory: Physical Memory: 7286.04 MB used,  9056.64 MB free, 16342.68 MB total
[2019.02.27-15.37.39:739][  0]LogMemory: Virtual Memory: 4637.35 MB used,  9056.64 MB free, 134217728.00 MB total
[2019.02.27-15.37.39:840][  0]LogInit: Using OS detected language (en-US).
[2019.02.27-15.37.39:840][  0]LogInit: Using OS detected locale (en-CA).
[2019.02.27-15.37.39:841][  0]LogTextLocalizationManager: No specific localization for 'en-US' exists, so the 'en' localization will be used.
[2019.02.27-15.37.40:189][  0]LogStreaming: Display: Took  0.349s to InitEngineTextLocalization.
[2019.02.27-15.37.40:189][  0]LogInit: Setting process to per monitor DPI aware
[2019.02.27-15.37.40:235][  0]LogSlate: New Slate User Created.  User Index 0, Is Virtual User: 0
[2019.02.27-15.37.40:235][  0]LogSlate: Slate User Registered.  User Index 0, Is Virtual User: 0
[2019.02.27-15.37.40:492][  0]LogHMD: Failed to initialize OpenVR with code 110
[2019.02.27-15.37.40:492][  0]LogD3D11RHI: D3D11 adapters:
[2019.02.27-15.37.40:558][  0]LogD3D11RHI:    0. 'NVIDIA GeForce GTX 1060 6GB' (Feature Level 11_0)
[2019.02.27-15.37.40:558][  0]LogD3D11RHI:       6052/0/8171 MB DedicatedVideo/DedicatedSystem/SharedSystem, Outputs:2, VendorId:0x10de
[2019.02.27-15.37.40:563][  0]LogD3D11RHI:    1. 'Microsoft Basic Render Driver' (Feature Level 11_0)
[2019.02.27-15.37.40:563][  0]LogD3D11RHI:       0/0/8171 MB DedicatedVideo/DedicatedSystem/SharedSystem, Outputs:0, VendorId:0x1414
[2019.02.27-15.37.40:563][  0]LogD3D11RHI: Chosen D3D11 Adapter: 0
[2019.02.27-15.37.40:569][  0]LogD3D11RHI: Creating new Direct3DDevice
[2019.02.27-15.37.40:569][  0]LogD3D11RHI:     GPU DeviceId: 0x1c03 (for the marketing name, search the web for "GPU Device Id")
[2019.02.27-15.37.40:569][  0]LogWindows: EnumDisplayDevices:
[2019.02.27-15.37.40:569][  0]LogWindows:    0. 'NVIDIA GeForce GTX 1060 6GB' (P:1 D:1)
[2019.02.27-15.37.40:569][  0]LogWindows:    1. 'NVIDIA GeForce GTX 1060 6GB' (P:0 D:1)
[2019.02.27-15.37.40:569][  0]LogWindows:    2. 'NVIDIA GeForce GTX 1060 6GB' (P:0 D:0)
[2019.02.27-15.37.40:570][  0]LogWindows:    3. 'NVIDIA GeForce GTX 1060 6GB' (P:0 D:0)
[2019.02.27-15.37.40:570][  0]LogWindows: DebugString: FoundDriverCount:4 
[2019.02.27-15.37.40:570][  0]LogD3D11RHI:     Adapter Name: NVIDIA GeForce GTX 1060 6GB
[2019.02.27-15.37.40:570][  0]LogD3D11RHI:   Driver Version: 418.81 (internal:25.21.14.1881, unified:418.81)
[2019.02.27-15.37.40:570][  0]LogD3D11RHI:      Driver Date: 1-30-2019
[2019.02.27-15.37.40:570][  0]LogRHI: Texture pool is 4236 MB (70% of 6052 MB)
[2019.02.27-15.37.40:604][  0]LogD3D11RHI: Async texture creation enabled
[2019.02.27-15.37.40:624][  0]LogD3D11RHI: GPU Timing Frequency: 1000.000000 (Debug: 2 1)
[2019.02.27-15.37.40:713][  0]LogShaderCompilers: Guid format shader working directory is -64 characters bigger than the processId version (../../../../../../Renzy/Documents/Algonquin/Term 4/GAM1528 - High Level Development 2/Assignments/GOOB-master/Intermediate/Shaders/WorkingDirectory/10600/).
[2019.02.27-15.37.40:713][  0]LogShaderCompilers: Cleaned the shader compiler working directory 'C:/Users/Renzy/AppData/Local/Temp/UnrealShaderWorkingDir/102B8D704B253434D843BC909F15DB49/'.
[2019.02.27-15.37.40:928][  0]LogTemp: Display: Loaded TP AllDesktopTargetPlatform
[2019.02.27-15.37.40:940][  0]LogTemp: Display: Loaded TP MacClientTargetPlatform
[2019.02.27-15.37.40:951][  0]LogTemp: Display: Loaded TP MacNoEditorTargetPlatform
[2019.02.27-15.37.40:963][  0]LogTemp: Display: Loaded TP MacServerTargetPlatform
[2019.02.27-15.37.40:975][  0]LogTemp: Display: Loaded TP MacTargetPlatform
[2019.02.27-15.37.40:987][  0]LogTemp: Display: Loaded TP WindowsClientTargetPlatform
[2019.02.27-15.37.40:998][  0]LogTemp: Display: Loaded TP WindowsNoEditorTargetPlatform
[2019.02.27-15.37.41:010][  0]LogTemp: Display: Loaded TP WindowsServerTargetPlatform
[2019.02.27-15.37.41:016][  0]LogTemp: Display: Loaded TP WindowsTargetPlatform
[2019.02.27-15.37.41:076][  0]LogTemp: Display: Loaded TP AndroidTargetPlatform
[2019.02.27-15.37.41:076][  0]LogTemp: Display: Loaded TP AndroidTargetPlatform
[2019.02.27-15.37.41:076][  0]LogTemp: Display: Loaded TP AndroidTargetPlatform
[2019.02.27-15.37.41:076][  0]LogTemp: Display: Loaded TP AndroidTargetPlatform
[2019.02.27-15.37.41:076][  0]LogTemp: Display: Loaded TP AndroidTargetPlatform
[2019.02.27-15.37.41:076][  0]LogTemp: Display: Loaded TP AndroidTargetPlatform
[2019.02.27-15.37.41:076][  0]LogTemp: Display: Loaded TP AndroidTargetPlatform
[2019.02.27-15.37.41:076][  0]LogTemp: Display: Loaded TP AndroidTargetPlatform
[2019.02.27-15.37.41:076][  0]LogTemp: Display: Loaded TP AndroidTargetPlatform
[2019.02.27-15.37.41:076][  0]LogTemp: Display: Loaded TP AndroidTargetPlatform
[2019.02.27-15.37.41:076][  0]LogTemp: Display: Loaded TP AndroidTargetPlatform
[2019.02.27-15.37.41:076][  0]LogTemp: Display: Loaded TP AndroidTargetPlatform
[2019.02.27-15.37.41:076][  0]LogTemp: Display: Loaded TP AndroidTargetPlatform
[2019.02.27-15.37.41:076][  0]LogTemp: Display: Loaded TP AndroidTargetPlatform
[2019.02.27-15.37.41:076][  0]LogTemp: Display: Loaded TP AndroidTargetPlatform
[2019.02.27-15.37.41:076][  0]LogTemp: Display: Loaded TP AndroidTargetPlatform
[2019.02.27-15.37.41:076][  0]LogTemp: Display: Loaded TP AndroidTargetPlatform
[2019.02.27-15.37.41:076][  0]LogTemp: Display: Loaded TP AndroidTargetPlatform
[2019.02.27-15.37.41:079][  0]LogTemp: Display: Loaded TP HTML5TargetPlatform
[2019.02.27-15.37.41:141][  0]LogTemp: Display: Loaded TP IOSTargetPlatform
[2019.02.27-15.37.41:141][  0]LogTemp: Display: Loaded TP IOSTargetPlatform
[2019.02.27-15.37.41:162][  0]LogTemp: Display: Loaded TP TVOSTargetPlatform
[2019.02.27-15.37.41:162][  0]LogTemp: Display: Loaded TP TVOSTargetPlatform
[2019.02.27-15.37.41:173][  0]LogTemp: Display: Loaded TP LinuxClientTargetPlatform
[2019.02.27-15.37.41:186][  0]LogTemp: Display: Loaded TP LinuxNoEditorTargetPlatform
[2019.02.27-15.37.41:197][  0]LogTemp: Display: Loaded TP LinuxServerTargetPlatform
[2019.02.27-15.37.41:209][  0]LogTemp: Display: Loaded TP LinuxTargetPlatform
[2019.02.27-15.37.41:218][  0]LogTemp: Display: Loaded TP LuminTargetPlatform
[2019.02.27-15.37.41:218][  0]LogTargetPlatformManager: Display: Building Assets For Windows
[2019.02.27-15.37.41:300][  0]LogXGEController: Cleaning working directory: C:/Users/Renzy/AppData/Local/Temp/UnrealXGEWorkingDir/
[2019.02.27-15.37.41:300][  0]LogXGEController: Cannot use XGE Controller as Incredibuild is not installed on this machine.
[2019.02.27-15.37.41:301][  0]LogShaderCompilers: Cannot use XGE Shader Compiler as Incredibuild is not installed on this machine.
[2019.02.27-15.37.41:301][  0]LogShaderCompilers: Display: Using Local Shader Compiler.
[2019.02.27-15.37.41:865][  0]LogDerivedDataCache: Display: Max Cache Size: 512 MB
[2019.02.27-15.37.41:910][  0]LogDerivedDataCache: Loaded boot cache 0.04s 71MB C:/Users/Renzy/AppData/Local/UnrealEngine/4.20/DerivedDataCache/Boot.ddc.
[2019.02.27-15.37.41:910][  0]LogDerivedDataCache: Display: Loaded Boot cache: C:/Users/Renzy/AppData/Local/UnrealEngine/4.20/DerivedDataCache/Boot.ddc
[2019.02.27-15.37.41:910][  0]LogDerivedDataCache: FDerivedDataBackendGraph:  Pak pak cache file ../../../../../../Renzy/Documents/Algonquin/Term 4/GAM1528 - High Level Development 2/Assignments/GOOB-master/DerivedDataCache/DDC.ddp not found, will not use a pak cache.
[2019.02.27-15.37.41:910][  0]LogDerivedDataCache: Unable to find inner node Pak for hierarchical cache Hierarchy.
[2019.02.27-15.37.41:910][  0]LogDerivedDataCache: FDerivedDataBackendGraph:  CompressedPak pak cache file ../../../../../../Renzy/Documents/Algonquin/Term 4/GAM1528 - High Level Development 2/Assignments/GOOB-master/DerivedDataCache/Compressed.ddp not found, will not use a pak cache.
[2019.02.27-15.37.41:910][  0]LogDerivedDataCache: Unable to find inner node CompressedPak for hierarchical cache Hierarchy.
[2019.02.27-15.37.41:921][  0]LogDerivedDataCache: Display: Pak cache opened for reading ../../../Engine/DerivedDataCache/Compressed.ddp.
[2019.02.27-15.37.41:934][  0]LogDerivedDataCache: Using Local data cache path C:/Users/Renzy/AppData/Local/UnrealEngine/Common/DerivedDataCache: Writable
[2019.02.27-15.37.41:934][  0]LogDerivedDataCache: Shared data cache path not found in *engine.ini, will not use an Shared cache.
[2019.02.27-15.37.41:934][  0]LogDerivedDataCache: Unable to find inner node Shared for hierarchical cache Hierarchy.
[2019.02.27-15.37.41:948][  0]LogMaterial: Verifying Global Shaders for PCD3D_SM5
[2019.02.27-15.37.41:949][  0]LogSlate: Using FreeType 2.6.0
[2019.02.27-15.37.41:950][  0]LogSlate: SlateFontServices - WITH_FREETYPE: 1, WITH_HARFBUZZ: 1
[2019.02.27-15.37.42:025][  0]LogAssetRegistry: FAssetRegistry took 0.0268 seconds to start up
[2019.02.27-15.37.42:261][  0]LogInit: Selected Device Profile: [Windows]
[2019.02.27-15.37.42:368][  0]LogSimplygon: Simplygon DLL not present - disabling.
[2019.02.27-15.37.42:380][  0]LogMeshReduction: Using SimplygonSwarm for distributed automatic mesh merging
[2019.02.27-15.37.42:380][  0]LogMeshReduction: Using ProxyLODMeshReduction for automatic mesh merging
[2019.02.27-15.37.42:380][  0]LogMeshReduction: Using QuadricMeshReduction for automatic static mesh reduction
[2019.02.27-15.37.42:380][  0]LogMeshReduction: No automatic skeletal mesh reduction module available
[2019.02.27-15.37.42:398][  0]LogNetVersion: Terminus_22XX 1.0.0, NetCL: 4212847, EngineNetVer: 5, GameNetVer: 0 (Checksum: 1011408813)
[2019.02.27-15.37.42:828][  0]LogPackageLocalizationCache: Processed 11 localized package path(s) for 2 prioritized culture(s) in 0.117636 seconds
[2019.02.27-15.37.42:834][  0]LogUObjectArray: 38425 objects as part of root set at end of initial load.
[2019.02.27-15.37.42:834][  0]LogUObjectAllocator: 6690864 out of 0 bytes used by permanent object pool.
[2019.02.27-15.37.42:834][  0]LogUObjectArray: CloseDisregardForGC: 0/0 objects in disregard for GC pool
[2019.02.27-15.37.43:651][  0]LogTcpMessaging: Initializing TcpMessaging bridge
[2019.02.27-15.37.43:666][  0]LogUdpMessaging: Initializing bridge on interface 0.0.0.0:0 to multicast group 230.0.0.1:6666.
[2019.02.27-15.38.33:573][  0]SourceControl: Source control is disabled
[2019.02.27-15.38.33:573][  0]SourceControl: Source control is disabled
[2019.02.27-15.38.33:576][  0]SourceControl: Source control is disabled
[2019.02.27-15.38.33:579][  0]SourceControl: Source control is disabled
[2019.02.27-15.38.33:791][  0]LogAndroidPermission: UAndroidPermissionCallbackProxy::GetInstance
[2019.02.27-15.38.33:901][  0]LogOcInput: OculusInput pre-init called
[2019.02.27-15.38.33:954][  0]LogEngine: Initializing Engine...
[2019.02.27-15.38.33:954][  0]LogHMD: Failed to initialize OpenVR with code 110
[2019.02.27-15.38.33:956][  0]LogStats: UGameplayTagsManager::ConstructGameplayTagTree: ImportINI prefixes -  0.000 s
[2019.02.27-15.38.33:956][  0]LogStats: UGameplayTagsManager::ConstructGameplayTagTree: Construct from data asset -  0.000 s
[2019.02.27-15.38.33:956][  0]LogStats: UGameplayTagsManager::ConstructGameplayTagTree: ImportINI -  0.000 s
[2019.02.27-15.38.33:956][  0]LogStats: UGameplayTagsManager::ConstructGameplayTagTree: GameplayTagTreeChangedEvent.Broadcast -  0.000 s
[2019.02.27-15.38.34:113][  0]LogInit: Initializing FReadOnlyCVARCache
[2019.02.27-15.38.34:123][  0]LogAIModule: Creating AISystem for world Untitled
[2019.02.27-15.38.34:150][  0]LogInit: XAudio2 using 'Speakers (Sound BlasterX AE-5)' : 6 channels at 48 kHz using 32 bits per sample (channel mask 0x3f)
[2019.02.27-15.38.34:172][  0]LogInit: FAudioDevice initialized.
[2019.02.27-15.38.34:172][  0]LogNetVersion: Set ProjectVersion to 1.0.0.0. Version Checksum will be recalculated on next use.
[2019.02.27-15.38.34:232][  0]LogDerivedDataCache: Saved boot cache 0.06s 71MB C:/Users/Renzy/AppData/Local/UnrealEngine/4.20/DerivedDataCache/Boot.ddc.
[2019.02.27-15.38.34:238][  0]LogInit: Texture streaming: Enabled
[2019.02.27-15.38.34:255][  0]LogEngineSessionManager: EngineSessionManager initialized
[2019.02.27-15.38.34:255][  0]LogEngineSessionManager: EngineSessionManager sent abnormal shutdown report. Type=Debugger, SessionId={12135095-4CD1-433E-D268-8DBD8A529915}
[2019.02.27-15.38.34:255][  0]LogEngineSessionManager: EngineSessionManager sent abnormal shutdown report. Type=Debugger, SessionId={A61DA517-4DFF-ED70-6495-669BAB4D117C}
[2019.02.27-15.38.34:262][  0]LogInit: Transaction tracking system initialized
[2019.02.27-15.38.34:283][  0]BlueprintLog: New page: Editor Load
[2019.02.27-15.38.34:361][  0]LocalizationService: Localization service is disabled
[2019.02.27-15.38.34:589][  0]LogCook: Display: Max memory allowance for cook 16384mb min free memory 0mb
[2019.02.27-15.38.34:589][  0]LogCook: Display: Mobile HDR setting 1
[2019.02.27-15.38.34:589][  0]LogGameplayTags: Display: UGameplayTagsManager::DoneAddingNativeTags. DelegateIsBound: 0
[2019.02.27-15.38.34:589][  0]LogStats: UGameplayTagsManager::ConstructGameplayTagTree: ImportINI prefixes -  0.000 s
[2019.02.27-15.38.34:589][  0]LogStats: UGameplayTagsManager::ConstructGameplayTagTree: Construct from data asset -  0.000 s
[2019.02.27-15.38.34:589][  0]LogStats: UGameplayTagsManager::ConstructGameplayTagTree: ImportINI -  0.000 s
[2019.02.27-15.38.34:589][  0]LogStats: UGameplayTagsManager::ConstructGameplayTagTree: GameplayTagTreeChangedEvent.Broadcast -  0.000 s
[2019.02.27-15.38.34:664][  0]LogFileCache: Scanning file cache for directory 'F:/Renzy/Documents/Algonquin/Term 4/GAM1528 - High Level Development 2/Assignments/GOOB-master/Content/' took 0.02s
[2019.02.27-15.38.34:713][  0]SourceControl: Source control is disabled
[2019.02.27-15.38.34:713][  0]Cmd: MAP LOAD FILE="../../../../../../Renzy/Documents/Algonquin/Term 4/GAM1528 - High Level Development 2/Assignments/GOOB-master/Content/Levels/Test_Level.umap" TEMPLATE=0 SHOWPROGRESS=1 FEATURELEVEL=3
[2019.02.27-15.38.34:714][  0]LightingResults: New page: Lighting Build
[2019.02.27-15.38.34:715][  0]MapCheck: New page: Map Check
[2019.02.27-15.38.34:715][  0]LightingResults: New page: Lighting Build
[2019.02.27-15.38.38:130][  0]LogAIModule: Creating AISystem for world Test_Level
[2019.02.27-15.38.38:138][  0]PIE: Warning: AttachTo: '/Game/Levels/Test_Level.Test_Level:PersistentLevel.TestT22XX_Vampyr_3.Gun Mesh' root component cannot be attached to other components in the same actor. Aborting.
[2019.02.27-15.38.38:140][  0]LogEditorServer: Finished looking for orphan Actors (0.000 secs)
[2019.02.27-15.38.38:158][  0]Cmd: MAP CHECKDEP NOCLEARLOG
[2019.02.27-15.38.38:213][  0]MapCheck: Map check complete: 0 Error(s), 0 Warning(s), took 56.167ms to complete.
[2019.02.27-15.38.38:214][  0]LogFileHelpers: Loading map 'Test_Level' took 3.501
[2019.02.27-15.38.38:338][  0]LogSlate: Updating window title bar state: overlay mode, drag disabled, window buttons hidden, title bar hidden
[2019.02.27-15.38.38:344][  0]LogSlate: Updating window title bar state: overlay mode, drag disabled, window buttons hidden, title bar hidden
[2019.02.27-15.38.38:349][  0]LogSlate: Updating window title bar state: overlay mode, drag disabled, window buttons hidden, title bar hidden
[2019.02.27-15.38.38:355][  0]LogSlate: Updating window title bar state: overlay mode, drag disabled, window buttons hidden, title bar hidden
[2019.02.27-15.38.38:361][  0]LogCollectionManager: Loaded 0 collections in 0.000920 seconds
[2019.02.27-15.38.38:411][  0]LogFileCache: Scanning file cache for directory 'F:/Renzy/Documents/Algonquin/Term 4/GAM1528 - High Level Development 2/Assignments/GOOB-master/Saved/Collections/' took 0.01s
[2019.02.27-15.38.38:411][  0]LogFileCache: Scanning file cache for directory 'F:/Renzy/Documents/Algonquin/Term 4/GAM1528 - High Level Development 2/Assignments/GOOB-master/Content/Developers/Renzy/Collections/' took 0.01s
[2019.02.27-15.38.38:411][  0]LogFileCache: Scanning file cache for directory 'F:/Renzy/Documents/Algonquin/Term 4/GAM1528 - High Level Development 2/Assignments/GOOB-master/Content/Collections/' took 0.01s
[2019.02.27-15.38.38:411][  0]LogCollectionManager: Rebuilt the GUID cache for 0 collections in 0.000000 seconds
[2019.02.27-15.38.38:419][  0]LogContentBrowser: Native class hierarchy populated in 0.0075 seconds. Added 2594 classes and 608 folders.
[2019.02.27-15.38.38:424][  0]LogContentBrowser: Native class hierarchy updated for 'WidgetCarousel' in 0.0005 seconds. Added 0 classes and 0 folders.
[2019.02.27-15.38.38:478][  0]LogContentBrowser: Native class hierarchy updated for 'AddContentDialog' in 0.0004 seconds. Added 0 classes and 0 folders.
[2019.02.27-15.38.38:482][  0]LogContentBrowser: Native class hierarchy updated for 'SceneOutliner' in 0.0005 seconds. Added 1 classes and 2 folders.
[2019.02.27-15.38.38:543][  0]LogSlate: Took 0.000207 seconds to synchronously load lazily loaded font '../../../Engine/Content/Slate/Fonts/Roboto-Regular.ttf' (155K)
[2019.02.27-15.38.38:545][  0]LogSlate: Took 0.000195 seconds to synchronously load lazily loaded font '../../../Engine/Content/Slate/Fonts/Roboto-Bold.ttf' (160K)
[2019.02.27-15.38.38:551][  0]LogSlate: Took 0.000248 seconds to synchronously load lazily loaded font '../../../Engine/Content/Editor/Slate/Fonts/FontAwesome.ttf' (139K)
[2019.02.27-15.38.38:612][  0]LogRenderer: Reallocating scene render targets to support 1208x576 Format 10 NumSamples 1 (Frame:1).
[2019.02.27-15.38.38:707][  0]LogContentBrowser: Native class hierarchy updated for 'HierarchicalLODOutliner' in 0.0005 seconds. Added 0 classes and 0 folders.
[2019.02.27-15.38.38:707][  0]LogLoad: (Engine Initialization) Total time: 61.29 seconds
[2019.02.27-15.38.38:707][  0]LogLoad: (Engine Initialization) Total Blueprint compile time: 0.00 seconds
[2019.02.27-15.38.38:729][  0]LogWindowsTextInputMethodSystem: Display: IME system now deactivated.
[2019.02.27-15.38.38:751][  0]LogContentStreaming: Texture pool size now 1000 MB
[2019.02.27-15.38.38:778][  0]LogSlate: Took 0.000224 seconds to synchronously load lazily loaded font '../../../Engine/Content/Slate/Fonts/Roboto-Light.ttf' (167K)
[2019.02.27-15.38.38:817][  1]LogAssetRegistry: Asset discovery search completed in 56.8155 seconds
[2019.02.27-15.38.38:818][  1]LogCollectionManager: Rebuilt the object cache for 0 collections in 0.000000 seconds (found 0 objects)
[2019.02.27-15.38.38:818][  1]LogCollectionManager: Fixed up redirectors for 0 collections in 0.000109 seconds (updated 0 objects)
[2019.02.27-15.38.42:119][391]LogSlate: FSceneViewport::OnFocusLost() reason 0
[2019.02.27-15.39.01:601][490]LogSlate: FSceneViewport::OnFocusLost() reason 2
[2019.02.27-15.39.08:341][732]PIE: Warning: AttachTo: '/Game/Levels/Test_Level.Test_Level:PersistentLevel.TestEnemy_6.Shield' already attached to '/Game/Levels/Test_Level.Test_Level:PersistentLevel.TestEnemy_6.HitBox', would form cycle. Aborting.
[2019.02.27-15.39.08:344][732]PIE: Warning: AttachTo: '/Game/Levels/Test_Level.Test_Level:PersistentLevel.TestEnemy_6.Shield' already attached to '/Game/Levels/Test_Level.Test_Level:PersistentLevel.TestEnemy_6.HitBox', would form cycle. Aborting.
[2019.02.27-15.39.08:349][732]LogOutputDevice: Error: Ensure condition failed: ParentActor != ActorPtr [File:D:\Build\++UE4\Sync\Engine\Source\Editor\SceneOutliner\Private\ActorTreeItem.cpp] [Line: 245] 
Encountered an Actor attached to itself (TestEnemy_6)

[2019.02.27-15.39.08:349][732]LogStats:             FDebug::EnsureFailed -  0.000 s
[2019.02.27-15.39.16:312][736]LogSlate: FSceneViewport::OnFocusLost() reason 2
[2019.02.27-15.39.19:042][ 56]LogSlate: FSceneViewport::OnFocusLost() reason 0
[2019.02.27-15.39.23:894][ 77]LogSlate: FSceneViewport::OnFocusLost() reason 2
[2019.02.27-15.39.34:791][319]Cmd: DELETE
[2019.02.27-15.39.34:791][319]Cmd: ACTOR DELETE
[2019.02.27-15.39.34:866][319]LogEditorActor: Deleted Actor: TestPlayerCharacter_C
[2019.02.27-15.39.34:937][319]LogEditorActor: Deleted 1 Actors (0.100 secs)
[2019.02.27-15.39.38:360][722]LogSlate: FSceneViewport::OnFocusLost() reason 0
[2019.02.27-15.39.43:485][ 70]LogSlate: Window 'Delete Assets' being destroyed
[2019.02.27-15.39.43:500][ 70]LogSlate: Took 0.000245 seconds to synchronously load lazily loaded font '../../../Engine/Content/Slate/Fonts/Roboto-Light.ttf' (167K)
[2019.02.27-15.39.48:059][557]PIE: Warning: AttachTo: '/Game/Levels/Test_Level.Test_Level:PersistentLevel.TestEnemy_6.Shield' already attached to '/Game/Levels/Test_Level.Test_Level:PersistentLevel.TestEnemy_6.HitBox', would form cycle. Aborting.
[2019.02.27-15.39.53:275][180]LogSlate: Took 0.000204 seconds to synchronously load lazily loaded font '../../../Engine/Content/Slate/Fonts/Roboto-Italic.ttf' (157K)
[2019.02.27-15.39.54:276][300]LogSlate: FSceneViewport::OnFocusLost() reason 0
[2019.02.27-15.40.15:332][817]LogSlate: FSceneViewport::OnFocusLost() reason 0
[2019.02.27-15.40.18:016][133]LogSlate: FSceneViewport::OnFocusLost() reason 0
[2019.02.27-15.40.21:514][549]LogSlate: FSceneViewport::OnFocusLost() reason 0
[2019.02.27-15.40.26:540][144]LogSlate: FSceneViewport::OnFocusLost() reason 0
[2019.02.27-15.40.31:142][684]LogSlate: FSceneViewport::OnFocusLost() reason 0
[2019.02.27-15.40.32:921][893]PIE: Warning: AttachTo: '/Game/Levels/Test_Level.Test_Level:PersistentLevel.TestEnemy_6.Shield' already attached to '/Game/Levels/Test_Level.Test_Level:PersistentLevel.TestEnemy_6.HitBox', would form cycle. Aborting.
[2019.02.27-15.41.05:916][846]Cmd: DELETE
[2019.02.27-15.41.05:916][846]Cmd: ACTOR DELETE
[2019.02.27-15.41.05:920][846]LogEditorActor: Deleted Actor: TestEnemy_C
[2019.02.27-15.41.05:939][846]LogEditorActor: Deleted 1 Actors (0.023 secs)
[2019.02.27-15.41.09:259][ 65]LogSavePackage: Moving '../../../../../../Renzy/Documents/Algonquin/Term 4/GAM1528 - High Level Development 2/Assignments/GOOB-master/Saved/Test_LevelC60EDF704BDCD4843D427CB6AB4C9285.tmp' to '../../../../../../Renzy/Documents/Algonquin/Term 4/GAM1528 - High Level Development 2/Assignments/GOOB-master/Content/Levels/Test_Level.umap'
[2019.02.27-15.41.09:383][ 65]LogSavePackage: Moving '../../../../../../Renzy/Documents/Algonquin/Term 4/GAM1528 - High Level Development 2/Assignments/GOOB-master/Saved/Test_Level_BuiltData7A7B4891440E2A9AC5B454AD21C639C3.tmp' to '../../../../../../Renzy/Documents/Algonquin/Term 4/GAM1528 - High Level Development 2/Assignments/GOOB-master/Content/Levels/Test_Level_BuiltData.uasset'
[2019.02.27-15.41.25:863][603]Candidate modules for hot reload:
[2019.02.27-15.41.25:863][603]  Terminus_22XX
[2019.02.27-15.41.25:864][603]Launching UnrealBuildTool... [F:/Program Files (x86)/Epic Games/UE_4.20/Engine/Binaries/DotNET/UnrealBuildTool.exe  -ModuleWithSuffix=Terminus_22XX,3106 Win64 Development -TargetType=Editor -Project="../../../../../../Renzy/Documents/Algonquin/Term 4/GAM1528 - High Level Development 2/Assignments/GOOB-master/Terminus_22XX.uproject" -canskiplink "F:/Renzy/Documents/Algonquin/Term 4/GAM1528 - High Level Development 2/Assignments/GOOB-master/Terminus_22XX.uproject" ]
[2019.02.27-15.41.25:865][603]Warning: Starting HotReload took  0.2s.
[2019.02.27-15.42.25:124][741]CompilerResultsLog: New page: Compilation - Feb 27, 2019, 5:42:25 AM
[2019.02.27-15.42.25:124][741]CompilerResultsLog: Using 'git status' to determine working set for adaptive non-unity build.
[2019.02.27-15.42.25:124][741]CompilerResultsLog: Creating makefile for hot reloading Terminus_22XXEditor (no existing makefile)
[2019.02.27-15.42.25:124][741]CompilerResultsLog: Compiling game modules for hot reload
[2019.02.27-15.42.25:125][741]CompilerResultsLog: Using Visual Studio 2017 14.15.26726 toolchain (C:\Program Files (x86)\Microsoft Visual Studio\2017\Community\VC\Tools\MSVC\14.15.26726) and Windows 10.0.16299.0 SDK (C:\Program Files (x86)\Windows Kits\10).
[2019.02.27-15.42.25:125][741]CompilerResultsLog: Building 3 actions with 4 processes...
[2019.02.27-15.42.25:125][741]CompilerResultsLog:   [1/3] Enemy.cpp
[2019.02.27-15.42.25:125][741]CompilerResultsLog:   [2/3] UE4Editor-Terminus_22XX-3106.lib
[2019.02.27-15.42.25:125][741]CompilerResultsLog:      Creating library F:\Renzy\Documents\Algonquin\Term 4\GAM1528 - High Level Development 2\Assignments\GOOB-master\Intermediate\Build\Win64\UE4Editor\Development\Terminus_22XX\UE4Editor-Terminus_22XX-3106.lib and object F:\Renzy\Documents\Algonquin\Term 4\GAM1528 - High Level Development 2\Assignments\GOOB-master\Intermediate\Build\Win64\UE4Editor\Development\Terminus_22XX\UE4Editor-Terminus_22XX-3106.exp
[2019.02.27-15.42.25:125][741]CompilerResultsLog:   [3/3] UE4Editor-Terminus_22XX-3106.dll
[2019.02.27-15.42.25:125][741]CompilerResultsLog:      Creating library F:\Renzy\Documents\Algonquin\Term 4\GAM1528 - High Level Development 2\Assignments\GOOB-master\Intermediate\Build\Win64\UE4Editor\Development\Terminus_22XX\UE4Editor-Terminus_22XX-3106.suppressed.lib and object F:\Renzy\Documents\Algonquin\Term 4\GAM1528 - High Level Development 2\Assignments\GOOB-master\Intermediate\Build\Win64\UE4Editor\Development\Terminus_22XX\UE4Editor-Terminus_22XX-3106.suppressed.exp
[2019.02.27-15.42.25:125][741]CompilerResultsLog: Total build time: 58.95 seconds (Parallel executor: 3.04 seconds)
[2019.02.27-15.42.25:125][741]LogMainFrame: MainFrame: Module compiling took 59.332 seconds
[2019.02.27-15.42.25:174][741]LogClass: EGunName HotReload.
[2019.02.27-15.42.25:174][741]LogClass: EFireStyle HotReload.
[2019.02.27-15.42.25:180][741]LogHotReload: Re-instancing Enemy after hot-reload.
[2019.02.27-15.42.25:224][741]LogContentBrowser: Native class hierarchy updated for 'Terminus_22XX' in 0.0005 seconds. Added 22 classes and 5 folders.
[2019.02.27-15.42.25:226][741]Display: HotReload successful (9 functions remapped  0 scriptstructs remapped)
[2019.02.27-15.42.25:306][741]LogContentBrowser: Native class hierarchy populated in 0.0073 seconds. Added 2595 classes and 610 folders.
[2019.02.27-15.42.25:335][741]Display: HotReload took 59.7s.
[2019.02.27-15.42.28:610][765]LogAssetEditorManager: Opening Asset editor for Blueprint /Game/Blueprints/ProgrammingBlueprints/TestEnemy.TestEnemy
[2019.02.27-15.42.29:008][765]LogContentBrowser: Native class hierarchy updated for 'BlueprintGraph' in 0.0006 seconds. Added 116 classes and 0 folders.
[2019.02.27-15.42.31:336][969]LogSlate: Window 'TestEnemy' being destroyed
[2019.02.27-15.42.31:410][969]LogAssetEditorManager: Opening Asset editor for Blueprint /Game/Blueprints/ProgrammingBlueprints/TestEnemy.TestEnemy
[2019.02.27-15.42.31:649][969]LogSlate: Took 0.000309 seconds to synchronously load lazily loaded font '../../../Engine/Content/Slate/Fonts/Roboto-BoldCondensed.ttf' (158K)
[2019.02.27-15.42.50:062][651]LogSlate: FSceneViewport::OnFocusLost() reason 0
[2019.02.27-15.43.01:928][438]Cmd: DELETE
[2019.02.27-15.43.01:928][438]Cmd: ACTOR DELETE
[2019.02.27-15.43.01:932][438]LogEditorActor: Deleted Actor: TestEnemy_C
[2019.02.27-15.43.01:959][438]LogEditorActor: Deleted 1 Actors (0.031 secs)
[2019.02.27-15.43.03:677][642]Candidate modules for hot reload:
[2019.02.27-15.43.03:677][642]  Terminus_22XX
[2019.02.27-15.43.03:678][642]Launching UnrealBuildTool... [F:/Program Files (x86)/Epic Games/UE_4.20/Engine/Binaries/DotNET/UnrealBuildTool.exe  -ModuleWithSuffix=Terminus_22XX,2782 Win64 Development -TargetType=Editor -Project="../../../../../../Renzy/Documents/Algonquin/Term 4/GAM1528 - High Level Development 2/Assignments/GOOB-master/Terminus_22XX.uproject" -canskiplink "F:/Renzy/Documents/Algonquin/Term 4/GAM1528 - High Level Development 2/Assignments/GOOB-master/Terminus_22XX.uproject" ]
[2019.02.27-15.43.03:680][642]Warning: Starting HotReload took  0.0s.
[2019.02.27-15.43.07:488][ 95]CompilerResultsLog: New page: Compilation - Feb 27, 2019, 5:43:07 AM
[2019.02.27-15.43.07:488][ 95]CompilerResultsLog: Using 'git status' to determine working set for adaptive non-unity build.
[2019.02.27-15.43.07:488][ 95]CompilerResultsLog: Compiling game modules for hot reload
[2019.02.27-15.43.07:488][ 95]CompilerResultsLog: Building 3 actions with 4 processes...
[2019.02.27-15.43.07:488][ 95]CompilerResultsLog:   [1/3] Enemy.cpp
[2019.02.27-15.43.07:488][ 95]CompilerResultsLog:   [2/3] UE4Editor-Terminus_22XX-2782.lib
[2019.02.27-15.43.07:488][ 95]CompilerResultsLog:      Creating library F:\Renzy\Documents\Algonquin\Term 4\GAM1528 - High Level Development 2\Assignments\GOOB-master\Intermediate\Build\Win64\UE4Editor\Development\Terminus_22XX\UE4Editor-Terminus_22XX-2782.lib and object F:\Renzy\Documents\Algonquin\Term 4\GAM1528 - High Level Development 2\Assignments\GOOB-master\Intermediate\Build\Win64\UE4Editor\Development\Terminus_22XX\UE4Editor-Terminus_22XX-2782.exp
[2019.02.27-15.43.07:488][ 95]CompilerResultsLog:   [3/3] UE4Editor-Terminus_22XX-2782.dll
[2019.02.27-15.43.07:489][ 95]CompilerResultsLog:      Creating library F:\Renzy\Documents\Algonquin\Term 4\GAM1528 - High Level Development 2\Assignments\GOOB-master\Intermediate\Build\Win64\UE4Editor\Development\Terminus_22XX\UE4Editor-Terminus_22XX-2782.suppressed.lib and object F:\Renzy\Documents\Algonquin\Term 4\GAM1528 - High Level Development 2\Assignments\GOOB-master\Intermediate\Build\Win64\UE4Editor\Development\Terminus_22XX\UE4Editor-Terminus_22XX-2782.suppressed.exp
[2019.02.27-15.43.07:489][ 95]CompilerResultsLog: Total build time: 3.54 seconds (Parallel executor: 1.86 seconds)
[2019.02.27-15.43.07:489][ 95]LogMainFrame: MainFrame: Module compiling took 3.819 seconds
[2019.02.27-15.43.07:553][ 95]LogClass: EGunName HotReload.
[2019.02.27-15.43.07:553][ 95]LogClass: EFireStyle HotReload.
[2019.02.27-15.43.07:558][ 95]LogHotReload: Re-instancing Enemy after hot-reload.
[2019.02.27-15.43.07:716][ 95]LogContentBrowser: Native class hierarchy updated for 'Terminus_22XX' in 0.0005 seconds. Added 22 classes and 5 folders.
[2019.02.27-15.43.07:719][ 95]Display: HotReload successful (9 functions remapped  0 scriptstructs remapped)
[2019.02.27-15.43.07:971][ 95]LogContentBrowser: Native class hierarchy populated in 0.0070 seconds. Added 2595 classes and 610 folders.
[2019.02.27-15.43.07:971][ 95]Display: HotReload took  4.3s.
[2019.02.27-15.43.17:739][236]PIE: Warning: AttachTo: '/Game/Levels/Test_Level.Test_Level:PersistentLevel.TestEnemy_13.Shield' already attached to '/Game/Levels/Test_Level.Test_Level:PersistentLevel.TestEnemy_13.HitBox', would form cycle. Aborting.
[2019.02.27-15.43.17:742][236]PIE: Warning: AttachTo: '/Game/Levels/Test_Level.Test_Level:PersistentLevel.TestEnemy_13.Shield' already attached to '/Game/Levels/Test_Level.Test_Level:PersistentLevel.TestEnemy_13.HitBox', would form cycle. Aborting.
[2019.02.27-15.43.27:453][382]LogEditorViewport: Clicking on Actor (LMB): TestEnemy_C (TestEnemy)
[2019.02.27-15.43.27:485][382]PIE: Warning: AttachTo: '/Game/Levels/Test_Level.Test_Level:PersistentLevel.TestEnemy_13.Shield' already attached to '/Game/Levels/Test_Level.Test_Level:PersistentLevel.TestEnemy_13.HitBox', would form cycle. Aborting.
[2019.02.27-15.43.38:330][672]LogSlate: FSceneViewport::OnFocusLost() reason 0
[2019.02.27-15.43.38:682][697]PIE: Warning: AttachTo: '/Game/Levels/Test_Level.Test_Level:PersistentLevel.TestEnemy2_16.Shield' already attached to '/Game/Levels/Test_Level.Test_Level:PersistentLevel.TestEnemy2_16.HitBox', would form cycle. Aborting.
[2019.02.27-15.43.38:685][697]PIE: Warning: AttachTo: '/Game/Levels/Test_Level.Test_Level:PersistentLevel.TestEnemy2_16.Shield' already attached to '/Game/Levels/Test_Level.Test_Level:PersistentLevel.TestEnemy2_16.HitBox', would form cycle. Aborting.
[2019.02.27-15.43.58:979][120]Cmd: DELETE
[2019.02.27-15.43.58:979][120]Cmd: ACTOR DELETE
[2019.02.27-15.43.58:983][120]LogEditorActor: Deleted Actor: TestEnemy_C
[2019.02.27-15.43.59:021][120]LogEditorActor: Deleted 1 Actors (0.042 secs)
[2019.02.27-15.44.00:931][349]LogEditorViewport: Clicking on Actor (LMB): TestEnemy_C (TestEnemy)
[2019.02.27-15.44.00:962][349]PIE: Warning: AttachTo: '/Game/Levels/Test_Level.Test_Level:PersistentLevel.TestEnemy_13.Shield' already attached to '/Game/Levels/Test_Level.Test_Level:PersistentLevel.TestEnemy_13.HitBox', would form cycle. Aborting.
[2019.02.27-15.44.02:489][529]Cmd: DELETE
[2019.02.27-15.44.02:489][529]Cmd: ACTOR DELETE
[2019.02.27-15.44.02:492][529]LogEditorActor: Deleted Actor: TestEnemy_C
[2019.02.27-15.44.02:516][529]LogEditorActor: Deleted 1 Actors (0.027 secs)
[2019.02.27-15.44.27:705][300]LogSlate: FSceneViewport::OnFocusLost() reason 0
[2019.02.27-15.44.27:819][304]Candidate modules for hot reload:
[2019.02.27-15.44.27:820][304]  Terminus_22XX
[2019.02.27-15.44.27:821][304]Launching UnrealBuildTool... [F:/Program Files (x86)/Epic Games/UE_4.20/Engine/Binaries/DotNET/UnrealBuildTool.exe  -ModuleWithSuffix=Terminus_22XX,5387 Win64 Development -TargetType=Editor -Project="../../../../../../Renzy/Documents/Algonquin/Term 4/GAM1528 - High Level Development 2/Assignments/GOOB-master/Terminus_22XX.uproject" -canskiplink "F:/Renzy/Documents/Algonquin/Term 4/GAM1528 - High Level Development 2/Assignments/GOOB-master/Terminus_22XX.uproject" ]
[2019.02.27-15.44.27:822][304]Warning: Starting HotReload took  0.0s.
[2019.02.27-15.44.32:581][860]CompilerResultsLog: New page: Compilation - Feb 27, 2019, 5:44:32 AM
[2019.02.27-15.44.32:582][860]CompilerResultsLog: Using 'git status' to determine working set for adaptive non-unity build.
[2019.02.27-15.44.32:582][860]CompilerResultsLog: Compiling game modules for hot reload
[2019.02.27-15.44.32:582][860]CompilerResultsLog: Building 3 actions with 4 processes...
[2019.02.27-15.44.32:582][860]CompilerResultsLog:   [1/3] Enemy.cpp
[2019.02.27-15.44.32:582][860]CompilerResultsLog:   [2/3] UE4Editor-Terminus_22XX-5387.lib
[2019.02.27-15.44.32:582][860]CompilerResultsLog:      Creating library F:\Renzy\Documents\Algonquin\Term 4\GAM1528 - High Level Development 2\Assignments\GOOB-master\Intermediate\Build\Win64\UE4Editor\Development\Terminus_22XX\UE4Editor-Terminus_22XX-5387.lib and object F:\Renzy\Documents\Algonquin\Term 4\GAM1528 - High Level Development 2\Assignments\GOOB-master\Intermediate\Build\Win64\UE4Editor\Development\Terminus_22XX\UE4Editor-Terminus_22XX-5387.exp
[2019.02.27-15.44.32:582][860]CompilerResultsLog:   [3/3] UE4Editor-Terminus_22XX-5387.dll
[2019.02.27-15.44.32:582][860]CompilerResultsLog:      Creating library F:\Renzy\Documents\Algonquin\Term 4\GAM1528 - High Level Development 2\Assignments\GOOB-master\Intermediate\Build\Win64\UE4Editor\Development\Terminus_22XX\UE4Editor-Terminus_22XX-5387.suppressed.lib and object F:\Renzy\Documents\Algonquin\Term 4\GAM1528 - High Level Development 2\Assignments\GOOB-master\Intermediate\Build\Win64\UE4Editor\Development\Terminus_22XX\UE4Editor-Terminus_22XX-5387.suppressed.exp
[2019.02.27-15.44.32:582][860]CompilerResultsLog: Total build time: 4.47 seconds (Parallel executor: 2.76 seconds)
[2019.02.27-15.44.32:582][860]LogMainFrame: MainFrame: Module compiling took 4.773 seconds
[2019.02.27-15.44.32:656][860]LogClass: EGunName HotReload.
[2019.02.27-15.44.32:657][860]LogClass: EFireStyle HotReload.
[2019.02.27-15.44.32:662][860]LogHotReload: Re-instancing Enemy after hot-reload.
[2019.02.27-15.44.32:866][860]LogContentBrowser: Native class hierarchy updated for 'Terminus_22XX' in 0.0005 seconds. Added 22 classes and 5 folders.
[2019.02.27-15.44.32:870][860]Display: HotReload successful (9 functions remapped  0 scriptstructs remapped)
[2019.02.27-15.44.33:127][860]LogContentBrowser: Native class hierarchy populated in 0.0072 seconds. Added 2595 classes and 610 folders.
[2019.02.27-15.44.33:127][860]Display: HotReload took  5.3s.
[2019.02.27-15.44.37:885][419]LogRenderer: Reallocating scene render targets to support 1208x696 Format 10 NumSamples 1 (Frame:1).
[2019.02.27-15.44.42:205][922]LogEditorTransaction: Undo Modify Component(s)
[2019.02.27-15.44.44:453][188]LogSlate: FSceneViewport::OnFocusLost() reason 0
[2019.02.27-15.44.48:563][200]LogSlate: Window 'Save Content' being destroyed
[2019.02.27-15.44.48:817][200]LogSavePackage: Moving '../../../../../../Renzy/Documents/Algonquin/Term 4/GAM1528 - High Level Development 2/Assignments/GOOB-master/Saved/Test_Level6795C4D04C4414391A7CCE8E297C323B.tmp' to '../../../../../../Renzy/Documents/Algonquin/Term 4/GAM1528 - High Level Development 2/Assignments/GOOB-master/Content/Levels/Test_Level.umap'
[2019.02.27-15.44.48:862][200]LogFileHelpers: Saving map 'Test_Level' took 0.275
[2019.02.27-15.44.48:956][200]LogSlate: Window 'TestEnemy' being destroyed
[2019.02.27-15.44.49:008][200]LogSlate: Window 'Terminus_22XX - Unreal Editor' being destroyed
[2019.02.27-15.44.49:009][200]LogWindowsTextInputMethodSystem: Display: IME system now deactivated.
[2019.02.27-15.44.49:230][201]Cmd: QUIT_EDITOR
[2019.02.27-15.44.49:317][201]LogExit: Preparing to exit.
[2019.02.27-15.44.49:601][201]LogDirectoryWatcher: A directory notification failed for 'F:/Renzy/Documents/Algonquin/Term 4/GAM1528 - High Level Development 2/Assignments/GOOB-master/Content/', and we were unable to create a new request.
[2019.02.27-15.44.49:649][201]LogExit: Editor shut down
[2019.02.27-15.44.49:649][201]LogExit: Transaction tracking system shut down
[2019.02.27-15.44.49:917][201]LogExit: Object subsystem successfully closed.
[2019.02.27-15.44.49:934][201]LogShaderCompilers: Display: Shaders left to compile 0
[2019.02.27-15.44.49:937][201]LogD3D11RHI: Shutdown
[2019.02.27-15.44.49:937][201]LogD3D11RHI: CleanupD3DDevice
[2019.02.27-15.44.49:939][201]LogD3D11RHI: ~FD3D11DynamicRHI
[2019.02.27-15.44.49:948][201]LogModuleManager: Shutting down and abandoning module Terminus_22XX (617)
[2019.02.27-15.44.49:949][201]LogModuleManager: Shutting down and abandoning module BlueprintGraph (615)
[2019.02.27-15.44.49:949][201]LogModuleManager: Shutting down and abandoning module HierarchicalLODOutliner (612)
[2019.02.27-15.44.49:949][201]LogModuleManager: Shutting down and abandoning module SceneOutliner (610)
[2019.02.27-15.44.49:949][201]LogModuleManager: Shutting down and abandoning module AddContentDialog (608)
[2019.02.27-15.44.49:953][201]LogModuleManager: Shutting down and abandoning module WidgetCarousel (607)
[2019.02.27-15.44.49:953][201]LogModuleManager: Shutting down and abandoning module EditorWidgets (604)
[2019.02.27-15.44.49:953][201]LogModuleManager: Shutting down and abandoning module CollectionManager (602)
[2019.02.27-15.44.49:953][201]LogModuleManager: Shutting down and abandoning module StatsViewer (600)
[2019.02.27-15.44.49:953][201]LogModuleManager: Shutting down and abandoning module FoliageEdit (598)
[2019.02.27-15.44.49:953][201]LogModuleManager: Shutting down and abandoning module LandscapeEditor (596)
[2019.02.27-15.44.49:954][201]LogModuleManager: Shutting down and abandoning module MeshPaintMode (594)
[2019.02.27-15.44.49:954][201]LogModuleManager: Shutting down and abandoning module SceneDepthPickerMode (592)
[2019.02.27-15.44.49:954][201]LogModuleManager: Shutting down and abandoning module ActorPickerMode (590)
[2019.02.27-15.44.49:954][201]LogModuleManager: Shutting down and abandoning module GeometryMode (588)
[2019.02.27-15.44.49:954][201]LogModuleManager: Shutting down and abandoning module TextureAlignMode (586)
[2019.02.27-15.44.49:954][201]LogModuleManager: Shutting down and abandoning module BspMode (584)
[2019.02.27-15.44.49:954][201]LogModuleManager: Shutting down and abandoning module PIEPreviewDeviceProfileSelector (582)
[2019.02.27-15.44.49:954][201]LogModuleManager: Shutting down and abandoning module SequenceRecorderSections (580)
[2019.02.27-15.44.49:954][201]LogModuleManager: Shutting down and abandoning module AutomationWorker (578)
[2019.02.27-15.44.49:954][201]LogModuleManager: Shutting down and abandoning module AudioCaptureEditor (576)
[2019.02.27-15.44.49:954][201]LogModuleManager: Shutting down and abandoning module SequenceRecorder (575)
[2019.02.27-15.44.49:954][201]LogModuleManager: Shutting down and abandoning module MatineeToLevelSequence (572)
[2019.02.27-15.44.49:954][201]LogModuleManager: Shutting down and abandoning module LevelSequenceEditor (570)
[2019.02.27-15.44.49:954][201]LogModuleManager: Shutting down and abandoning module PlacementMode (569)
[2019.02.27-15.44.49:954][201]LogModuleManager: Shutting down and abandoning module MaterialEditor (568)
[2019.02.27-15.44.49:955][201]LogModuleManager: Shutting down and abandoning module WmfMediaFactory (564)
[2019.02.27-15.44.49:955][201]LogModuleManager: Shutting down and abandoning module WmfMediaEditor (562)
[2019.02.27-15.44.49:955][201]LogModuleManager: Shutting down and abandoning module MediaPlayerEditor (560)
[2019.02.27-15.44.49:955][201]LogModuleManager: Shutting down and abandoning module OpenExrWrapper (558)
[2019.02.27-15.44.49:955][201]LogModuleManager: Shutting down and abandoning module ImgMediaFactory (556)
[2019.02.27-15.44.49:955][201]LogModuleManager: Shutting down and abandoning module ImgMediaEditor (554)
[2019.02.27-15.44.49:955][201]LogModuleManager: Shutting down and abandoning module AvfMediaFactory (552)
[2019.02.27-15.44.49:955][201]LogModuleManager: Shutting down and abandoning module AvfMediaEditor (550)
[2019.02.27-15.44.49:955][201]LogModuleManager: Shutting down and abandoning module AndroidMediaFactory (548)
[2019.02.27-15.44.49:955][201]LogModuleManager: Shutting down and abandoning module AndroidMediaEditor (546)
[2019.02.27-15.44.49:955][201]LogModuleManager: Shutting down and abandoning module MagicLeapCameraPreviewFactory (544)
[2019.02.27-15.44.49:955][201]LogModuleManager: Shutting down and abandoning module MagicLeapMediaFactory (542)
[2019.02.27-15.44.49:955][201]LogModuleManager: Shutting down and abandoning module MagicLeapMediaEditor (540)
[2019.02.27-15.44.49:955][201]LogModuleManager: Shutting down and abandoning module CharacterAI (538)
[2019.02.27-15.44.49:955][201]LogModuleManager: Shutting down and abandoning module SmartSnapping (536)
[2019.02.27-15.44.49:955][201]LogModuleManager: Shutting down and abandoning module SessionServices (534)
[2019.02.27-15.44.49:955][201]LogModuleManager: Shutting down and abandoning module ViewportSnapping (532)
[2019.02.27-15.44.49:955][201]LogModuleManager: Shutting down and abandoning module ViewportInteraction (530)
[2019.02.27-15.44.49:956][201]LogModuleManager: Shutting down and abandoning module ClothPainter (528)
[2019.02.27-15.44.49:956][201]LogModuleManager: Shutting down and abandoning module SkeletalMeshEditor (527)
[2019.02.27-15.44.49:956][201]LogModuleManager: Shutting down and abandoning module LogVisualizer (524)
[2019.02.27-15.44.49:956][201]LogModuleManager: Shutting down and abandoning module IntroTutorials (522)
[2019.02.27-15.44.49:956][201]LogModuleManager: Shutting down and abandoning module GameProjectGeneration (521)
[2019.02.27-15.44.49:956][201]LogModuleManager: Shutting down and abandoning module LuminPlatformEditor (518)
[2019.02.27-15.44.49:956][201]LogModuleManager: Shutting down and abandoning module IOSPlatformEditor (516)
[2019.02.27-15.44.49:956][201]LogModuleManager: Shutting down and abandoning module HTML5PlatformEditor (514)
[2019.02.27-15.44.49:956][201]LogModuleManager: Shutting down and abandoning module AndroidPlatformEditor (512)
[2019.02.27-15.44.49:956][201]LogModuleManager: Shutting down and abandoning module AndroidDeviceDetection (511)
[2019.02.27-15.44.50:414][201]LogModuleManager: Shutting down and abandoning module WindowsPlatformEditor (508)
[2019.02.27-15.44.50:414][201]LogModuleManager: Shutting down and abandoning module LuminRuntimeSettings (506)
[2019.02.27-15.44.50:414][201]LogModuleManager: Shutting down and abandoning module IOSRuntimeSettings (504)
[2019.02.27-15.44.50:415][201]LogModuleManager: Shutting down and abandoning module AndroidRuntimeSettings (502)
[2019.02.27-15.44.50:415][201]LogModuleManager: Shutting down and abandoning module InputBindingEditor (500)
[2019.02.27-15.44.50:415][201]LogModuleManager: Shutting down and abandoning module MergeActors (498)
[2019.02.27-15.44.50:415][201]LogModuleManager: Shutting down and abandoning module LocalizationDashboard (496)
[2019.02.27-15.44.50:416][201]LogModuleManager: Shutting down and abandoning module LocalizationService (495)
[2019.02.27-15.44.50:417][201]LogModuleManager: Shutting down and abandoning module HardwareTargeting (492)
[2019.02.27-15.44.50:417][201]LogModuleManager: Shutting down and abandoning module DeviceProfileEditor (490)
[2019.02.27-15.44.50:417][201]LogModuleManager: Shutting down and abandoning module UndoHistory (488)
[2019.02.27-15.44.50:417][201]LogModuleManager: Shutting down and abandoning module XmlParser (486)
[2019.02.27-15.44.50:417][201]LogModuleManager: Shutting down and abandoning module Blutility (484)
[2019.02.27-15.44.50:418][201]LogModuleManager: Shutting down and abandoning module ProjectSettingsViewer (482)
[2019.02.27-15.44.50:418][201]LogModuleManager: Shutting down and abandoning module ProjectTargetPlatformEditor (481)
[2019.02.27-15.44.50:418][201]LogModuleManager: Shutting down and abandoning module EditorSettingsViewer (478)
[2019.02.27-15.44.50:418][201]LogModuleManager: Shutting down and abandoning module SettingsEditor (476)
[2019.02.27-15.44.50:418][201]LogModuleManager: Shutting down and abandoning module ProjectLauncher (474)
[2019.02.27-15.44.50:419][201]LogModuleManager: Shutting down and abandoning module SessionFrontend (472)
[2019.02.27-15.44.50:419][201]LogModuleManager: Shutting down and abandoning module ProfilerClient (470)
[2019.02.27-15.44.50:419][201]LogModuleManager: Shutting down and abandoning module DeviceManager (468)
[2019.02.27-15.44.50:419][201]LogModuleManager: Shutting down and abandoning module TargetDeviceServices (467)
[2019.02.27-15.44.50:474][201]LogModuleManager: Shutting down and abandoning module AutomationController (464)
[2019.02.27-15.44.50:474][201]LogModuleManager: Shutting down and abandoning module AutomationWindow (462)
[2019.02.27-15.44.50:474][201]LogModuleManager: Shutting down and abandoning module Layers (460)
[2019.02.27-15.44.50:475][201]LogModuleManager: Shutting down and abandoning module ComponentVisualizers (458)
[2019.02.27-15.44.50:475][201]LogModuleManager: Shutting down and abandoning module DetailCustomizations (456)
[2019.02.27-15.44.50:475][201]LogModuleManager: Shutting down and abandoning module PackagesDialog (454)
[2019.02.27-15.44.50:476][201]LogModuleManager: Shutting down and abandoning module Persona (452)
[2019.02.27-15.44.50:476][201]LogModuleManager: Shutting down and abandoning module AdvancedPreviewScene (451)
[2019.02.27-15.44.50:477][201]LogModuleManager: Shutting down and abandoning module AnimGraph (449)
[2019.02.27-15.44.50:477][201]LogModuleManager: Shutting down and abandoning module Kismet (446)
[2019.02.27-15.44.50:508][201]LogModuleManager: Shutting down and abandoning module GraphEditor (444)
[2019.02.27-15.44.50:508][201]LogModuleManager: Shutting down and abandoning module ClassViewer (442)
[2019.02.27-15.44.50:508][201]LogModuleManager: Shutting down and abandoning module Toolbox (440)
[2019.02.27-15.44.50:508][201]LogModuleManager: Shutting down and abandoning module DesktopPlatform (439)
[2019.02.27-15.44.50:508][201]LogModuleManager: Shutting down and abandoning module ModuleUI (436)
[2019.02.27-15.44.50:508][201]LogModuleManager: Shutting down and abandoning module MovieSceneTools (434)
[2019.02.27-15.44.50:509][201]LogModuleManager: Shutting down and abandoning module OutputLog (432)
[2019.02.27-15.44.50:509][201]LogModuleManager: Shutting down and abandoning module GammaUI (430)
[2019.02.27-15.44.50:509][201]LogModuleManager: Shutting down and abandoning module Documentation (428)
[2019.02.27-15.44.50:509][201]LogModuleManager: Shutting down and abandoning module MovieSceneTracks (426)
[2019.02.27-15.44.50:509][201]LogModuleManager: Shutting down and abandoning module MovieScene (424)
[2019.02.27-15.44.50:510][201]LogModuleManager: Shutting down and abandoning module StreamingPauseRendering (422)
[2019.02.27-15.44.50:510][201]LogModuleManager: Shutting down and abandoning module LauncherPlatform (420)
[2019.02.27-15.44.50:510][201]LogModuleManager: Shutting down and abandoning module AnalyticsET (418)
[2019.02.27-15.44.50:510][201]LogModuleManager: Shutting down and abandoning module PortalServices (416)
[2019.02.27-15.44.50:510][201]LogModuleManager: Shutting down and abandoning module PortalRpc (414)
[2019.02.27-15.44.50:510][201]LogModuleManager: Shutting down and abandoning module MessagingRpc (412)
[2019.02.27-15.44.50:510][201]LogModuleManager: Shutting down and abandoning module AIModule (410)
[2019.02.27-15.44.50:510][201]LogModuleManager: Shutting down and abandoning module GameplayDebugger (409)
[2019.02.27-15.44.50:510][201]LogModuleManager: Shutting down and abandoning module AITestSuite (407)
[2019.02.27-15.44.50:510][201]LogModuleManager: Shutting down and abandoning module NavigationSystem (405)
[2019.02.27-15.44.50:510][201]LogModuleManager: Shutting down and abandoning module ProfilerService (402)
[2019.02.27-15.44.50:759][201]LogModuleManager: Shutting down and abandoning module TaskGraph (400)
[2019.02.27-15.44.50:760][201]LogModuleManager: Shutting down and abandoning module SteamVRController (398)
[2019.02.27-15.44.50:760][201]LogModuleManager: Shutting down and abandoning module ProceduralMeshComponentEditor (396)
[2019.02.27-15.44.50:760][201]LogModuleManager: Shutting down and abandoning module ProceduralMeshComponent (394)
[2019.02.27-15.44.50:760][201]LogModuleManager: Shutting down and abandoning module OculusInput (392)
[2019.02.27-15.44.50:760][201]LogModuleManager: Shutting down and abandoning module MobilePatchingUtils (390)
[2019.02.27-15.44.50:760][201]LogModuleManager: Shutting down and abandoning module EditableMesh (388)
[2019.02.27-15.44.50:760][201]LogModuleManager: Shutting down and abandoning module CustomMeshComponent (386)
[2019.02.27-15.44.50:760][201]LogModuleManager: Shutting down and abandoning module CableComponent (384)
[2019.02.27-15.44.50:760][201]LogModuleManager: Shutting down and abandoning module AudioCapture (382)
[2019.02.27-15.44.50:760][201]LogModuleManager: Shutting down and abandoning module ArchVisCharacter (380)
[2019.02.27-15.44.50:760][201]LogModuleManager: Shutting down and abandoning module AndroidPermission (378)
[2019.02.27-15.44.50:760][201]LogModuleManager: Shutting down and abandoning module NUTUnrealEngine4 (376)
[2019.02.27-15.44.50:760][201]LogModuleManager: Shutting down and abandoning module NetcodeUnitTest (374)
[2019.02.27-15.44.50:760][201]LogModuleManager: Shutting down and abandoning module MediaCompositingEditor (372)
[2019.02.27-15.44.50:761][201]LogModuleManager: Shutting down and abandoning module MediaCompositing (370)
[2019.02.27-15.44.50:761][201]LogModuleManager: Shutting down and abandoning module LinearTimecode (368)
[2019.02.27-15.44.50:761][201]LogModuleManager: Shutting down and abandoning module ImgMedia (366)
[2019.02.27-15.44.50:768][201]LogModuleManager: Shutting down and abandoning module HTML5Networking (364)
[2019.02.27-15.44.50:768][201]LogModuleManager: Shutting down and abandoning module GeometryCacheTracks (362)
[2019.02.27-15.44.50:768][201]LogModuleManager: Shutting down and abandoning module GeometryCacheSequencer (360)
[2019.02.27-15.44.50:768][201]LogModuleManager: Shutting down and abandoning module BackChannel (358)
[2019.02.27-15.44.50:768][201]LogModuleManager: Shutting down and abandoning module AppleVision (356)
[2019.02.27-15.44.50:768][201]LogModuleManager: Shutting down and abandoning module AppleImageUtils (354)
[2019.02.27-15.44.50:768][201]LogModuleManager: Shutting down and abandoning module AlembicImporter (352)
[2019.02.27-15.44.50:768][201]LogModuleManager: Shutting down and abandoning module AlembicLibrary (351)
[2019.02.27-15.44.50:768][201]LogModuleManager: Shutting down and abandoning module GeometryCache (350)
[2019.02.27-15.44.50:768][201]LogModuleManager: Shutting down and abandoning module GeometryCacheEd (349)
[2019.02.27-15.44.50:768][201]LogModuleManager: Shutting down and abandoning module DatasmithContentEditor (344)
[2019.02.27-15.44.50:768][201]LogModuleManager: Shutting down and abandoning module DatasmithContent (342)
[2019.02.27-15.44.50:769][201]LogModuleManager: Shutting down and abandoning module SpeedTreeImporter (340)
[2019.02.27-15.44.50:769][201]LogModuleManager: Shutting down and abandoning module PluginBrowser (338)
[2019.02.27-15.44.50:770][201]LogModuleManager: Shutting down and abandoning module MobileLauncherProfileWizard (336)
[2019.02.27-15.44.50:770][201]LogModuleManager: Shutting down and abandoning module PolygonModeling (334)
[2019.02.27-15.44.50:770][201]LogModuleManager: Shutting down and abandoning module MeshEditor (332)
[2019.02.27-15.44.50:770][201]LogModuleManager: Shutting down and abandoning module CryptoKeysOpenSSL (330)
[2019.02.27-15.44.50:770][201]LogModuleManager: Shutting down and abandoning module CryptoKeys (328)
[2019.02.27-15.44.50:770][201]LogModuleManager: Shutting down and abandoning module VisualStudioSourceCodeAccess (326)
[2019.02.27-15.44.50:770][201]LogModuleManager: Shutting down and abandoning module VisualStudioCodeSourceCodeAccess (324)
[2019.02.27-15.44.50:770][201]LogModuleManager: Shutting down and abandoning module UObjectPlugin (322)
[2019.02.27-15.44.50:770][201]LogModuleManager: Shutting down and abandoning module SubversionSourceControl (320)
[2019.02.27-15.44.50:771][201]LogModuleManager: Shutting down and abandoning module PerforceSourceControl (318)
[2019.02.27-15.44.50:771][201]LogModuleManager: Shutting down and abandoning module GitSourceControl (316)
[2019.02.27-15.44.50:771][201]LogModuleManager: Shutting down and abandoning module SourceControl (315)
[2019.02.27-15.44.50:771][201]LogModuleManager: Shutting down and abandoning module CLionSourceCodeAccess (312)
[2019.02.27-15.44.50:771][201]LogModuleManager: Shutting down and abandoning module LightPropagationVolumeEditor (310)
[2019.02.27-15.44.50:771][201]LogModuleManager: Shutting down and abandoning module PaperTiledImporter (308)
[2019.02.27-15.44.50:771][201]LogModuleManager: Shutting down and abandoning module PaperSpriteSheetImporter (306)
[2019.02.27-15.44.50:771][201]LogModuleManager: Shutting down and abandoning module Paper2DEditor (304)
[2019.02.27-15.44.50:771][201]LogModuleManager: Shutting down and abandoning module MeshPaint (303)
[2019.02.27-15.44.50:771][201]LogModuleManager: Shutting down and abandoning module RuntimePhysXCooking (298)
[2019.02.27-15.44.50:771][201]LogModuleManager: Shutting down and abandoning module PhysXVehiclesEditor (296)
[2019.02.27-15.44.50:771][201]LogModuleManager: Shutting down and abandoning module PhysXVehicles (294)
[2019.02.27-15.44.50:771][201]LogModuleManager: Shutting down and abandoning module OculusEditor (292)
[2019.02.27-15.44.50:772][201]LogModuleManager: Shutting down and abandoning module LocationServicesBPLibrary (290)
[2019.02.27-15.44.50:772][201]LogModuleManager: Shutting down and abandoning module ImmediatePhysicsEditor (288)
[2019.02.27-15.44.50:772][201]LogModuleManager: Shutting down and abandoning module ImmediatePhysics (286)
[2019.02.27-15.44.50:772][201]LogModuleManager: Shutting down and abandoning module ActorSequence (284)
[2019.02.27-15.44.50:772][201]LogModuleManager: Shutting down and abandoning module UdpMessaging (282)
[2019.02.27-15.44.50:872][201]LogModuleManager: Shutting down and abandoning module TcpMessaging (280)
[2019.02.27-15.44.50:973][201]LogModuleManager: Shutting down and abandoning module MagicLeapAudio (278)
[2019.02.27-15.44.50:973][201]LogModuleManager: Shutting down and abandoning module GameplayTagsEditor (276)
[2019.02.27-15.44.50:973][201]LogModuleManager: Shutting down and abandoning module FacialAnimationEditor (274)
[2019.02.27-15.44.50:973][201]LogModuleManager: Shutting down and abandoning module FacialAnimation (272)
[2019.02.27-15.44.50:973][201]LogModuleManager: Shutting down and abandoning module DataValidation (270)
[2019.02.27-15.44.50:973][201]LogModuleManager: Shutting down and abandoning module AssetManagerEditor (268)
[2019.02.27-15.44.50:974][201]LogModuleManager: Shutting down and abandoning module LevelEditor (267)
[2019.02.27-15.44.50:975][201]LogModuleManager: Shutting down and abandoning module PixelInspectorModule (266)
[2019.02.27-15.44.50:975][201]LogModuleManager: Shutting down and abandoning module CommonMenuExtensions (264)
[2019.02.27-15.44.50:976][201]LogModuleManager: Shutting down and abandoning module MainFrame (262)
[2019.02.27-15.44.50:977][201]LogModuleManager: Shutting down and abandoning module HotReload (261)
[2019.02.27-15.44.50:979][201]LogModuleManager: Shutting down and abandoning module ContentBrowser (257)
[2019.02.27-15.44.50:983][201]LogModuleManager: Shutting down and abandoning module TreeMap (255)
[2019.02.27-15.44.50:983][201]LogModuleManager: Shutting down and abandoning module LightPropagationVolumeRuntime (252)
[2019.02.27-15.44.50:984][201]LogModuleManager: Shutting down and abandoning module AISupportModule (250)
[2019.02.27-15.44.50:984][201]LogModuleManager: Shutting down and abandoning module Paper2D (248)
[2019.02.27-15.44.50:985][201]LogModuleManager: Shutting down and abandoning module WindowsMoviePlayer (246)
[2019.02.27-15.44.50:985][201]LogModuleManager: Shutting down and abandoning module WmfMedia (244)
[2019.02.27-15.44.50:997][201]LogModuleManager: Shutting down and abandoning module Media (243)
[2019.02.27-15.44.51:007][201]LogModuleManager: Shutting down and abandoning module PacketHandler (240)
[2019.02.27-15.44.51:007][201]LogModuleManager: Shutting down and abandoning module ClothingSystemEditor (238)
[2019.02.27-15.44.51:007][201]LogModuleManager: Shutting down and abandoning module ClothingSystemRuntime (236)
[2019.02.27-15.44.51:007][201]LogModuleManager: Shutting down and abandoning module MediaAssets (234)
[2019.02.27-15.44.51:008][201]LogModuleManager: Shutting down and abandoning module Overlay (232)
[2019.02.27-15.44.51:008][201]LogModuleManager: Shutting down and abandoning module OverlayEditor (231)
[2019.02.27-15.44.51:008][201]LogModuleManager: Shutting down and abandoning module VREditor (228)
[2019.02.27-15.44.51:008][201]LogModuleManager: Shutting down and abandoning module StringTableEditor (226)
[2019.02.27-15.44.51:009][201]LogModuleManager: Shutting down and abandoning module GameplayTasksEditor (224)
[2019.02.27-15.44.51:009][201]LogModuleManager: Shutting down and abandoning module BehaviorTreeEditor (222)
[2019.02.27-15.44.51:010][201]LogModuleManager: Shutting down and abandoning module FunctionalTesting (220)
[2019.02.27-15.44.51:010][201]LogModuleManager: Shutting down and abandoning module CollisionAnalyzer (218)
[2019.02.27-15.44.51:010][201]LogModuleManager: Shutting down and abandoning module WorkspaceMenuStructure (217)
[2019.02.27-15.44.51:010][201]LogModuleManager: Shutting down and abandoning module UMG (214)
[2019.02.27-15.44.51:010][201]LogModuleManager: Shutting down and abandoning module UMGEditor (213)
[2019.02.27-15.44.51:010][201]LogModuleManager: Shutting down and abandoning module Sequencer (212)
[2019.02.27-15.44.51:011][201]LogModuleManager: Shutting down and abandoning module MessageLog (209)
[2019.02.27-15.44.51:011][201]LogModuleManager: Shutting down and abandoning module SlateReflector (204)
[2019.02.27-15.44.51:011][201]LogModuleManager: Shutting down and abandoning module Slate (202)
[2019.02.27-15.44.51:011][201]LogModuleManager: Shutting down and abandoning module EditorStyle (200)
[2019.02.27-15.44.51:015][201]LogModuleManager: Shutting down and abandoning module MRMesh (198)
[2019.02.27-15.44.51:015][201]LogModuleManager: Shutting down and abandoning module SourceCodeAccess (196)
[2019.02.27-15.44.51:015][201]LogModuleManager: Shutting down and abandoning module HeadMountedDisplay (194)
[2019.02.27-15.44.51:015][201]LogModuleManager: Shutting down and abandoning module XAudio2 (192)
[2019.02.27-15.44.51:015][201]LogModuleManager: Shutting down and abandoning module Networking (190)
[2019.02.27-15.44.51:015][201]LogModuleManager: Shutting down and abandoning module Core (188)
[2019.02.27-15.44.51:015][201]LogModuleManager: Shutting down and abandoning module LevelSequence (186)
[2019.02.27-15.44.51:015][201]LogModuleManager: Shutting down and abandoning module KismetCompiler (184)
[2019.02.27-15.44.51:015][201]LogModuleManager: Shutting down and abandoning module MeshUtilities (182)
[2019.02.27-15.44.51:016][201]LogModuleManager: Shutting down and abandoning module MeshMergeUtilities (181)
[2019.02.27-15.44.51:016][201]LogModuleManager: Shutting down and abandoning module MeshReductionInterface (180)
[2019.02.27-15.44.51:016][201]LogModuleManager: Shutting down and abandoning module SimplygonSwarm (179)
[2019.02.27-15.44.51:016][201]LogModuleManager: Shutting down and abandoning module ProxyLODMeshReduction (177)
[2019.02.27-15.44.51:017][201]LogModuleManager: Shutting down and abandoning module SimplygonMeshReduction (175)
[2019.02.27-15.44.51:017][201]LogModuleManager: Shutting down and abandoning module QuadricMeshReduction (173)
[2019.02.27-15.44.51:017][201]LogModuleManager: Shutting down and abandoning module MaterialBaking (169)
[2019.02.27-15.44.51:017][201]LogModuleManager: Shutting down and abandoning module DirectoryWatcher (165)
[2019.02.27-15.44.51:017][201]LogModuleManager: Shutting down and abandoning module DerivedDataCache (162)
[2019.02.27-15.44.51:033][201]LogDerivedDataCache: Shutdown
[2019.02.27-15.44.51:033][201]LogModuleManager: Shutting down and abandoning module XGEController (160)
[2019.02.27-15.44.51:033][201]LogXGEController: Cleaning working directory: C:/Users/Renzy/AppData/Local/Temp/UnrealXGEWorkingDir/
[2019.02.27-15.44.51:034][201]LogModuleManager: Shutting down and abandoning module TargetPlatform (158)
[2019.02.27-15.44.51:034][201]LogModuleManager: Shutting down and abandoning module VulkanShaderFormat (157)
[2019.02.27-15.44.51:034][201]LogModuleManager: Shutting down and abandoning module ShaderFormatVectorVM (155)
[2019.02.27-15.44.51:034][201]LogModuleManager: Shutting down and abandoning module ShaderFormatOpenGL (153)
[2019.02.27-15.44.51:035][201]LogModuleManager: Shutting down and abandoning module ShaderFormatD3D (151)
[2019.02.27-15.44.51:035][201]LogModuleManager: Shutting down and abandoning module MetalShaderFormat (149)
[2019.02.27-15.44.51:035][201]LogModuleManager: Shutting down and abandoning module TextureFormatUncompressed (147)
[2019.02.27-15.44.51:035][201]LogModuleManager: Shutting down and abandoning module TextureFormatPVR (145)
[2019.02.27-15.44.51:035][201]LogModuleManager: Shutting down and abandoning module TextureFormatDXT (143)
[2019.02.27-15.44.51:035][201]LogModuleManager: Shutting down and abandoning module TextureFormatIntelISPCTexComp (141)
[2019.02.27-15.44.51:037][201]LogModuleManager: Shutting down and abandoning module TextureFormatASTC (139)
[2019.02.27-15.44.51:037][201]LogModuleManager: Shutting down and abandoning module ImageWrapper (138)
[2019.02.27-15.44.51:037][201]LogModuleManager: Shutting down and abandoning module TextureFormatAndroid (135)
[2019.02.27-15.44.51:037][201]LogModuleManager: Shutting down and abandoning module AudioFormatOpus (133)
[2019.02.27-15.44.51:037][201]LogModuleManager: Shutting down and abandoning module AudioFormatOgg (131)
[2019.02.27-15.44.51:037][201]LogModuleManager: Shutting down and abandoning module AudioFormatADPCM (129)
[2019.02.27-15.44.51:037][201]LogModuleManager: Shutting down and abandoning module LuminTargetPlatform (127)
[2019.02.27-15.44.51:038][201]LogModuleManager: Shutting down and abandoning module LinuxTargetPlatform (125)
[2019.02.27-15.44.51:038][201]LogModuleManager: Shutting down and abandoning module LinuxServerTargetPlatform (123)
[2019.02.27-15.44.51:038][201]LogModuleManager: Shutting down and abandoning module LinuxNoEditorTargetPlatform (121)
[2019.02.27-15.44.51:038][201]LogModuleManager: Shutting down and abandoning module LinuxClientTargetPlatform (119)
[2019.02.27-15.44.51:038][201]LogModuleManager: Shutting down and abandoning module TVOSTargetPlatform (117)
[2019.02.27-15.44.51:039][201]LogModuleManager: Shutting down and abandoning module Messaging (115)
[2019.02.27-15.44.51:039][201]LogModuleManager: Shutting down and abandoning module IOSTargetPlatform (113)
[2019.02.27-15.44.51:040][201]LogModuleManager: Shutting down and abandoning module HTML5TargetPlatform (111)
[2019.02.27-15.44.51:040][201]LogModuleManager: Shutting down and abandoning module AndroidTargetPlatform (109)
[2019.02.27-15.44.51:046][201]LogModuleManager: Shutting down and abandoning module WindowsTargetPlatform (107)
[2019.02.27-15.44.51:046][201]LogModuleManager: Shutting down and abandoning module WindowsServerTargetPlatform (105)
[2019.02.27-15.44.51:046][201]LogModuleManager: Shutting down and abandoning module WindowsNoEditorTargetPlatform (103)
[2019.02.27-15.44.51:046][201]LogModuleManager: Shutting down and abandoning module WindowsClientTargetPlatform (101)
[2019.02.27-15.44.51:046][201]LogModuleManager: Shutting down and abandoning module MacTargetPlatform (99)
[2019.02.27-15.44.51:046][201]LogModuleManager: Shutting down and abandoning module MacServerTargetPlatform (97)
[2019.02.27-15.44.51:046][201]LogModuleManager: Shutting down and abandoning module MacNoEditorTargetPlatform (95)
[2019.02.27-15.44.51:047][201]LogModuleManager: Shutting down and abandoning module MacClientTargetPlatform (93)
[2019.02.27-15.44.51:047][201]LogModuleManager: Shutting down and abandoning module AllDesktopTargetPlatform (91)
[2019.02.27-15.44.51:047][201]LogModuleManager: Shutting down and abandoning module InputCore (88)
[2019.02.27-15.44.51:047][201]LogModuleManager: Shutting down and abandoning module Settings (86)
[2019.02.27-15.44.51:047][201]LogModuleManager: Shutting down and abandoning module PhysXCooking (84)
[2019.02.27-15.44.51:047][201]LogModuleManager: Shutting down and abandoning module SteamVR (82)
[2019.02.27-15.44.51:047][201]LogModuleManager: Shutting down and abandoning module OculusHMD (80)
[2019.02.27-15.44.51:047][201]LogModuleManager: Shutting down and abandoning module ExampleDeviceProfileSelector (78)
[2019.02.27-15.44.51:047][201]LogModuleManager: Shutting down and abandoning module LauncherChunkInstaller (76)
[2019.02.27-15.44.51:047][201]LogModuleManager: Shutting down and abandoning module OnlineBlueprintSupport (74)
[2019.02.27-15.44.51:047][201]LogModuleManager: Shutting down and abandoning module OnlineSubsystem (70)
[2019.02.27-15.44.51:049][201]LogModuleManager: Shutting down and abandoning module XMPP (65)
[2019.02.27-15.44.51:049][201]LogModuleManager: Shutting down and abandoning module WebSockets (64)
[2019.02.27-15.44.51:069][201]LogModuleManager: Shutting down and abandoning module HTTP (61)
[2019.02.27-15.44.51:069][201]LogHttp: Display: Http module shutting down, but needs to wait on 1 outstanding Http requests:
[2019.02.27-15.44.51:070][201]LogHttp: Display: 	verb=[POST] url=[https://datarouter.ol.epicgames.com/datarouter/api/v1/public/data?SessionID=%7BBAC421CA-4C40-A024-C3B7-FF9A9E7C279D%7D&AppID=UEEditor.Rocket.Release&AppVersion=4.20.3-4369336%2B%2B%2BUE4%2BRelease-4.20&UserID=d2d2c5d64e9a564b2d095eb70c098350%7C27350404f3bb4f2791c9f6bae70f1cac%7C0fc99a33-513b-48b1-9fb5-b5212c68fc71&AppEnvironment=datacollector-binary&UploadType=eteventstream] status=Processing
[2019.02.27-15.44.51:098][201]LogModuleManager: Shutting down and abandoning module SSL (60)
[2019.02.27-15.44.51:099][201]LogModuleManager: Shutting down and abandoning module MagicLeapEmulator (56)
[2019.02.27-15.44.51:099][201]LogModuleManager: Shutting down and abandoning module MagicLeapPrivileges (54)
[2019.02.27-15.44.51:099][201]LogModuleManager: Shutting down and abandoning module MagicLeapIdentity (52)
[2019.02.27-15.44.51:099][201]LogModuleManager: Shutting down and abandoning module MagicLeapHelperVulkan (50)
[2019.02.27-15.44.51:100][201]LogModuleManager: Shutting down and abandoning module MagicLeapHelperOpenGL (48)
[2019.02.27-15.44.51:100][201]LogModuleManager: Shutting down and abandoning module MagicLeapSecureStorage (46)
[2019.02.27-15.44.51:100][201]LogModuleManager: Shutting down and abandoning module MagicLeapGestures (44)
[2019.02.27-15.44.51:100][201]LogModuleManager: Shutting down and abandoning module MagicLeapEyeTracker (42)
[2019.02.27-15.44.51:100][201]LogModuleManager: Shutting down and abandoning module MagicLeapController (40)
[2019.02.27-15.44.51:100][201]LogSlate: Slate User Destroyed.  User Index 0, Is Virtual User: 0
[2019.02.27-15.44.51:100][201]LogModuleManager: Shutting down and abandoning module MagicLeap (38)
[2019.02.27-15.44.51:100][201]LogModuleManager: Shutting down and abandoning module AnimationModifiers (36)
[2019.02.27-15.44.51:100][201]LogModuleManager: Shutting down and abandoning module PropertyEditor (35)
[2019.02.27-15.44.51:100][201]LogModuleManager: Shutting down and abandoning module AudioEditor (32)
[2019.02.27-15.44.51:101][201]LogModuleManager: Shutting down and abandoning module TextureCompressor (30)
[2019.02.27-15.44.51:103][201]LogModuleManager: Shutting down and abandoning module ShaderCore (28)
[2019.02.27-15.44.51:103][201]LogModuleManager: Shutting down and abandoning module Landscape (26)
[2019.02.27-15.44.51:103][201]LogModuleManager: Shutting down and abandoning module SlateRHIRenderer (24)
[2019.02.27-15.44.51:103][201]LogModuleManager: Shutting down and abandoning module OpenGLDrv (22)
[2019.02.27-15.44.51:103][201]LogModuleManager: Shutting down and abandoning module D3D11RHI (20)
[2019.02.27-15.44.51:103][201]LogModuleManager: Shutting down and abandoning module AnimGraphRuntime (18)
[2019.02.27-15.44.51:103][201]LogModuleManager: Shutting down and abandoning module Renderer (16)
[2019.02.27-15.44.51:104][201]LogModuleManager: Shutting down and abandoning module Engine (14)
[2019.02.27-15.44.51:104][201]LogModuleManager: Shutting down and abandoning module CoreUObject (12)
[2019.02.27-15.44.51:104][201]LogModuleManager: Shutting down and abandoning module NetworkFile (10)
[2019.02.27-15.44.51:104][201]LogModuleManager: Shutting down and abandoning module CookedIterativeFile (8)
[2019.02.27-15.44.51:104][201]LogModuleManager: Shutting down and abandoning module StreamingFile (6)
[2019.02.27-15.44.51:104][201]LogModuleManager: Shutting down and abandoning module SandboxFile (4)
[2019.02.27-15.44.51:104][201]LogModuleManager: Shutting down and abandoning module PakFile (2)
[2019.02.27-15.44.51:116][201]LogExit: Exiting.
[2019.02.27-15.44.51:124][201]Log file closed, 02/27/19 10:44:51
