Log file open, 02/20/19 09:09:34
LogWindows: Failed to load 'aqProf.dll' (GetLastError=126)
LogWindows: File 'aqProf.dll' does not exist
LogWindows: Failed to load 'VSPerf140.dll' (GetLastError=126)
LogWindows: File 'VSPerf140.dll' does not exist
LogWindows: Failed to load 'VtuneApi.dll' (GetLastError=126)
LogWindows: File 'VtuneApi.dll' does not exist
LogWindows: Failed to load 'VtuneApi32e.dll' (GetLastError=126)
LogWindows: File 'VtuneApi32e.dll' does not exist
LogInit: Display: Running engine for game: Terminus_22XX
LogPlatformFile: Not using cached read wrapper
LogTaskGraph: Started task graph with 5 named threads and 14 total threads with 3 sets of task threads.
LogStats: Stats thread started at 0.364983
LogD3D11RHI: Loaded GFSDK_Aftermath_Lib.x64.dll
LogICUInternationalization: Display: ICU TimeZone Detection - Raw Offset: -5:00, Platform Override: ''
LogPluginManager: Mounting plugin Paper2D
LogPluginManager: Mounting plugin AISupport
LogPluginManager: Mounting plugin LightPropagationVolume
LogPluginManager: Mounting plugin CLionSourceCodeAccess
LogPluginManager: Mounting plugin CodeLiteSourceCodeAccess
LogPluginManager: Mounting plugin GitSourceControl
LogPluginManager: Mounting plugin KDevelopSourceCodeAccess
LogPluginManager: Mounting plugin NullSourceCodeAccess
LogPluginManager: Mounting plugin PerforceSourceControl
LogPluginManager: Mounting plugin SubversionSourceControl
LogPluginManager: Mounting plugin UObjectPlugin
LogPluginManager: Mounting plugin VisualStudioCodeSourceCodeAccess
LogPluginManager: Mounting plugin VisualStudioSourceCodeAccess
LogPluginManager: Mounting plugin XCodeSourceCodeAccess
LogPluginManager: Mounting plugin AssetManagerEditor
LogPluginManager: Mounting plugin CryptoKeys
LogPluginManager: Mounting plugin DataValidation
LogPluginManager: Mounting plugin FacialAnimation
LogPluginManager: Mounting plugin GameplayTagsEditor
LogPluginManager: Mounting plugin MacGraphicsSwitching
LogPluginManager: Mounting plugin MeshEditor
LogPluginManager: Mounting plugin MobileLauncherProfileWizard
LogPluginManager: Mounting plugin PluginBrowser
LogPluginManager: Mounting plugin SpeedTreeImporter
LogPluginManager: Mounting plugin DatasmithContent
LogPluginManager: Mounting plugin AlembicImporter
LogPluginManager: Mounting plugin AppleImageUtils
LogPluginManager: Mounting plugin AppleVision
LogPluginManager: Mounting plugin BackChannel
LogPluginManager: Mounting plugin CharacterAI
LogPluginManager: Mounting plugin GeometryCache
LogPluginManager: Mounting plugin HTML5Networking
LogPluginManager: Mounting plugin ProxyLODPlugin
LogPluginManager: Mounting plugin MagicLeap
LogPluginManager: Mounting plugin MagicLeapEmulator
LogPluginManager: Mounting plugin MagicLeapMedia
LogPluginManager: Mounting plugin AndroidMedia
LogPluginManager: Mounting plugin AvfMedia
LogPluginManager: Mounting plugin ImgMedia
LogPluginManager: Mounting plugin LinearTimecode
LogPluginManager: Mounting plugin MediaCompositing
LogPluginManager: Mounting plugin MediaPlayerEditor
LogPluginManager: Mounting plugin WmfMedia
LogPluginManager: Mounting plugin TcpMessaging
LogPluginManager: Mounting plugin UdpMessaging
LogPluginManager: Mounting plugin ActorSequence
LogPluginManager: Mounting plugin LevelSequenceEditor
LogPluginManager: Mounting plugin MatineeToLevelSequence
LogPluginManager: Mounting plugin NetcodeUnitTest
LogPluginManager: Mounting plugin NUTUnrealEngine4
LogPluginManager: Mounting plugin OnlineSubsystemGooglePlay
LogPluginManager: Mounting plugin OnlineSubsystemIOS
LogPluginManager: Mounting plugin OnlineSubsystem
LogPluginManager: Mounting plugin OnlineSubsystemNull
LogPluginManager: Mounting plugin OnlineSubsystemUtils
LogPluginManager: Mounting plugin LauncherChunkInstaller
LogPluginManager: Mounting plugin AndroidDeviceProfileSelector
LogPluginManager: Mounting plugin AndroidMoviePlayer
LogPluginManager: Mounting plugin AndroidPermission
LogPluginManager: Mounting plugin AppleMoviePlayer
LogPluginManager: Mounting plugin ArchVisCharacter
LogPluginManager: Mounting plugin AudioCapture
LogPluginManager: Mounting plugin CableComponent
LogPluginManager: Mounting plugin CustomMeshComponent
LogPluginManager: Mounting plugin EditableMesh
LogPluginManager: Mounting plugin ExampleDeviceProfileSelector
LogPluginManager: Mounting plugin GoogleCloudMessaging
LogPluginManager: Mounting plugin ImmediatePhysics
LogPluginManager: Mounting plugin IOSDeviceProfileSelector
LogPluginManager: Mounting plugin LinuxDeviceProfileSelector
LogPluginManager: Mounting plugin LocationServicesBPLibrary
LogPluginManager: Mounting plugin MobilePatchingUtils
LogPluginManager: Mounting plugin OculusVR
LogPluginManager: Plugin shader directory ../../../Engine/Plugins/Runtime/Oculus/OculusVR/Shaders found
LogPluginManager: Mapping shader source directory ../../../Engine/Plugins/Runtime/Oculus/OculusVR/Shaders to virtual directory /Plugin/OculusVR
LogPluginManager: Mounting plugin PhysXVehicles
LogPluginManager: Mounting plugin ProceduralMeshComponent
LogPluginManager: Mounting plugin RuntimePhysXCooking
LogPluginManager: Mounting plugin SteamVR
LogPluginManager: Mounting plugin WindowsMoviePlayer
LogStreaming: Display: Took  0.272s to configure plugins.
LogInit: Warning: Incompatible or missing module: Terminus_22XX
Running F:/Program Files (x86)/Epic Games/UE_4.20/Engine/Binaries/DotNET/UnrealBuildTool.exe Development Win64 -Project="F:/Renzy/Documents/Algonquin/Term 4/GAM1528 - High Level Development 2/Assignments/GOOB-master/Terminus_22XX.uproject" -TargetType=Editor -Progress -NoHotReloadFromIDE
Using 'git status' to determine working set for adaptive non-unity build.
Creating makefile for Terminus_22XXEditor (no existing makefile)
Performing full C++ include scan (no include cache file)
Using Visual Studio 2017 14.15.26726 toolchain (C:\Program Files (x86)\Microsoft Visual Studio\2017\Community\VC\Tools\MSVC\14.15.26726) and Windows 10.0.16299.0 SDK (C:\Program Files (x86)\Windows Kits\10).
@progress push 5%
Parsing headers for Terminus_22XXEditor
  Running UnrealHeaderTool "F:\Renzy\Documents\Algonquin\Term 4\GAM1528 - High Level Development 2\Assignments\GOOB-master\Terminus_22XX.uproject" "F:\Renzy\Documents\Algonquin\Term 4\GAM1528 - High Level Development 2\Assignments\GOOB-master\Intermediate\Build\Win64\Terminus_22XXEditor\Development\Terminus_22XXEditor.uhtmanifest" -LogCmds="loginit warning, logexit warning, logdatabase error" -Unattended -WarningsAsErrors -installed
Reflection code generated for Terminus_22XXEditor in 8.8333761 seconds
@progress pop
Building 16 actions with 4 processes...
  @progress 'Compiling C++ source code...' 0%
  @progress 'Compiling C++ source code...' 6%
  [1/16] PCLaunch.rc
  @progress 'Compiling C++ source code...' 12%
  [2/16] SharedPCH.Engine.cpp
  @progress 'Compiling C++ source code...' 19%
  [3/16] T22XX_Shotgun.cpp
  f:\program files (x86)\epic games\ue_4.20\engine\source\runtime\core\public\Containers/EnumAsByte.h(19): warning C4996: 'TEnumAsByte_EnumClass<true>': TEnumAsByte is not intended for use with enum classes - please derive your enum class from uint8 instead. Please update your code to the new API before upgrading to the next release, otherwise your project will no longer compile.
  f:\program files (x86)\epic games\ue_4.20\engine\source\runtime\core\public\Containers/EnumAsByte.h(10): note: see declaration of 'TEnumAsByte_EnumClass<true>'
  f:\renzy\documents\algonquin\term 4\gam1528 - high level development 2\assignments\goob-master\source\terminus_22xx\BaseGun.h(52): note: see reference to class template instantiation 'TEnumAsByte<EFireStyle>' being compiled
  @progress 'Compiling C++ source code...' 25%
  [4/16] BaseGun.cpp
  f:\program files (x86)\epic games\ue_4.20\engine\source\runtime\core\public\Containers/EnumAsByte.h(19): warning C4996: 'TEnumAsByte_EnumClass<true>': TEnumAsByte is not intended for use with enum classes - please derive your enum class from uint8 instead. Please update your code to the new API before upgrading to the next release, otherwise your project will no longer compile.
  f:\program files (x86)\epic games\ue_4.20\engine\source\runtime\core\public\Containers/EnumAsByte.h(10): note: see declaration of 'TEnumAsByte_EnumClass<true>'
  f:\renzy\documents\algonquin\term 4\gam1528 - high level development 2\assignments\goob-master\source\terminus_22xx\BaseGun.h(52): note: see reference to class template instantiation 'TEnumAsByte<EFireStyle>' being compiled
  @progress 'Compiling C++ source code...' 31%
  [5/16] Terminus_22XX.cpp
  @progress 'Compiling C++ source code...' 38%
  [6/16] PlayerCharacter.cpp
  f:\program files (x86)\epic games\ue_4.20\engine\source\runtime\core\public\Containers/EnumAsByte.h(19): warning C4996: 'TEnumAsByte_EnumClass<true>': TEnumAsByte is not intended for use with enum classes - please derive your enum class from uint8 instead. Please update your code to the new API before upgrading to the next release, otherwise your project will no longer compile.
  f:\program files (x86)\epic games\ue_4.20\engine\source\runtime\core\public\Containers/EnumAsByte.h(10): note: see declaration of 'TEnumAsByte_EnumClass<true>'
  f:\renzy\documents\algonquin\term 4\gam1528 - high level development 2\assignments\goob-master\source\terminus_22xx\BaseGun.h(52): note: see reference to class template instantiation 'TEnumAsByte<EFireStyle>' being compiled
  @progress 'Compiling C++ source code...' 44%
  [7/16] BaseBullet.gen.cpp
  @progress 'Compiling C++ source code...' 50%
  [8/16] Terminus_22XXGameModeBase.cpp
  @progress 'Compiling C++ source code...' 56%
  [9/16] BaseGun.gen.cpp
  f:\program files (x86)\epic games\ue_4.20\engine\source\runtime\core\public\Containers/EnumAsByte.h(19): warning C4996: 'TEnumAsByte_EnumClass<true>': TEnumAsByte is not intended for use with enum classes - please derive your enum class from uint8 instead. Please update your code to the new API before upgrading to the next release, otherwise your project will no longer compile.
  f:\program files (x86)\epic games\ue_4.20\engine\source\runtime\core\public\Containers/EnumAsByte.h(10): note: see declaration of 'TEnumAsByte_EnumClass<true>'
  F:\Renzy\Documents\Algonquin\Term 4\GAM1528 - High Level Development 2\Assignments\GOOB-master\Source\Terminus_22XX/BaseGun.h(52): note: see reference to class template instantiation 'TEnumAsByte<EFireStyle>' being compiled
  @progress 'Compiling C++ source code...' 62%
  [10/16] PlayerCharacter.gen.cpp
  @progress 'Compiling C++ source code...' 69%
  [11/16] Terminus_22XXGameModeBase.gen.cpp
  @progress 'Compiling C++ source code...' 75%
  [12/16] Terminus_22XX.init.gen.cpp
  @progress 'Compiling C++ source code...' 81%
  [13/16] T22XX_Shotgun.gen.cpp
  f:\program files (x86)\epic games\ue_4.20\engine\source\runtime\core\public\Containers/EnumAsByte.h(19): warning C4996: 'TEnumAsByte_EnumClass<true>': TEnumAsByte is not intended for use with enum classes - please derive your enum class from uint8 instead. Please update your code to the new API before upgrading to the next release, otherwise your project will no longer compile.
  f:\program files (x86)\epic games\ue_4.20\engine\source\runtime\core\public\Containers/EnumAsByte.h(10): note: see declaration of 'TEnumAsByte_EnumClass<true>'
  f:\renzy\documents\algonquin\term 4\gam1528 - high level development 2\assignments\goob-master\source\terminus_22xx\BaseGun.h(52): note: see reference to class template instantiation 'TEnumAsByte<EFireStyle>' being compiled
  @progress 'Compiling C++ source code...' 88%
  [14/16] BaseBullet.cpp
  @progress 'Compiling C++ source code...' 94%
  [15/16] UE4Editor-Terminus_22XX.lib
     Creating library F:\Renzy\Documents\Algonquin\Term 4\GAM1528 - High Level Development 2\Assignments\GOOB-master\Intermediate\Build\Win64\UE4Editor\Development\Terminus_22XX\UE4Editor-Terminus_22XX.lib and object F:\Renzy\Documents\Algonquin\Term 4\GAM1528 - High Level Development 2\Assignments\GOOB-master\Intermediate\Build\Win64\UE4Editor\Development\Terminus_22XX\UE4Editor-Terminus_22XX.exp
  @progress 'Compiling C++ source code...' 100%
  [16/16] UE4Editor-Terminus_22XX.dll
     Creating library F:\Renzy\Documents\Algonquin\Term 4\GAM1528 - High Level Development 2\Assignments\GOOB-master\Intermediate\Build\Win64\UE4Editor\Development\Terminus_22XX\UE4Editor-Terminus_22XX.suppressed.lib and object F:\Renzy\Documents\Algonquin\Term 4\GAM1528 - High Level Development 2\Assignments\GOOB-master\Intermediate\Build\Win64\UE4Editor\Development\Terminus_22XX\UE4Editor-Terminus_22XX.suppressed.exp
Total build time: 102.05 seconds (Parallel executor: 29.12 seconds)
LogInit: Using libcurl 7.55.1-DEV
LogInit:  - built for x86_64-pc-win32
LogInit:  - supports SSL with OpenSSL/1.0.2h
LogInit:  - supports HTTP deflate (compression) using libz 1.2.8
LogInit:  - other features:
LogInit:      CURL_VERSION_SSL
LogInit:      CURL_VERSION_LIBZ
LogInit:      CURL_VERSION_IPV6
LogInit:      CURL_VERSION_ASYNCHDNS
LogInit:      CURL_VERSION_LARGEFILE
LogInit:      CURL_VERSION_IDN
LogInit:  CurlRequestOptions (configurable via config and command line):
LogInit:  - bVerifyPeer = false  - Libcurl will NOT verify peer certificate
LogInit:  - bUseHttpProxy = false  - Libcurl will NOT use HTTP proxy
LogInit:  - bDontReuseConnections = false  - Libcurl will reuse connections
LogInit:  - CertBundlePath = nullptr  - Libcurl will use whatever was configured at build time.
LogInit:  - MaxHostConnections = 16  - Libcurl will limit the number of connections to a host
LogInit:  - LocalHostAddr = Default
LogInit:  - BufferSize = 65536
LogInit: WinSock: version 1.1 (2.2), MaxSocks=32767, MaxUdp=65467
LogInit: Build: ++UE4+Release-4.20-CL-4369336
LogInit: Engine Version: 4.20.3-4369336+++UE4+Release-4.20
LogInit: Compatible Engine Version: 4.20.0-4212847+++UE4+Release-4.20
LogInit: Net CL: 4212847
LogInit: OS: Windows 10 (), CPU: Intel(R) Core(TM) i5-6600K CPU @ 3.50GHz, GPU: NVIDIA GeForce GTX 1060 6GB
LogInit: Compiled (64-bit): Sep 17 2018 12:26:19
LogInit: Compiled with Visual C++: 19.13.26129.00
LogInit: Build Configuration: Development
LogInit: Branch Name: ++UE4+Release-4.20
LogInit: Command Line:  
LogInit: Base Directory: F:/Program Files (x86)/Epic Games/UE_4.20/Engine/Binaries/Win64/
LogInit: Installed Engine Build: 1
LogDevObjectVersion: Number of dev versions registered: 20
LogDevObjectVersion:   Dev-Blueprints (B0D832E4-1F89-4F0D-ACCF-7EB736FD4AA2): 10
LogDevObjectVersion:   Dev-Build (E1C64328-A22C-4D53-A36C-8E866417BD8C): 0
LogDevObjectVersion:   Dev-Core (375EC13C-06E4-48FB-B500-84F0262A717E): 2
LogDevObjectVersion:   Dev-Editor (E4B068ED-F494-42E9-A231-DA0B2E46BB41): 24
LogDevObjectVersion:   Dev-Framework (CFFC743F-43B0-4480-9391-14DF171D2073): 34
LogDevObjectVersion:   Dev-Mobile (B02B49B5-BB20-44E9-A304-32B752E40360): 2
LogDevObjectVersion:   Dev-Networking (A4E4105C-59A1-49B5-A7C5-40C4547EDFEE): 0
LogDevObjectVersion:   Dev-Online (39C831C9-5AE6-47DC-9A44-9C173E1C8E7C): 0
LogDevObjectVersion:   Dev-Physics (78F01B33-EBEA-4F98-B9B4-84EACCB95AA2): 0
LogDevObjectVersion:   Dev-Platform (6631380F-2D4D-43E0-8009-CF276956A95A): 0
LogDevObjectVersion:   Dev-Rendering (12F88B9F-8875-4AFC-A67C-D90C383ABD29): 26
LogDevObjectVersion:   Dev-Sequencer (7B5AE74C-D270-4C10-A958-57980B212A5A): 9
LogDevObjectVersion:   Dev-VR (D7296918-1DD6-4BDD-9DE2-64A83CC13884): 2
LogDevObjectVersion:   Dev-LoadTimes (C2A15278-BFE7-4AFE-6C17-90FF531DF755): 1
LogDevObjectVersion:   Private-Geometry (6EACA3D4-40EC-4CC1-B786-8BED09428FC5): 3
LogDevObjectVersion:   Dev-AnimPhys (29E575DD-E0A3-4627-9D10-D276232CDCEA): 17
LogDevObjectVersion:   Dev-ReflectionCapture (6B266CEC-1EC7-4B8F-A30B-E4D90942FC07): 1
LogDevObjectVersion:   Dev-Automation (0DF73D61-A23F-47EA-B727-89E90C41499A): 1
LogDevObjectVersion:   FortniteMain (601D1886-AC64-4F84-AA16-D3DE0DEAC7D6): 12
LogDevObjectVersion:   Dev-Enterprise (9DFFBCD6-494F-0158-E221-12823C92A888): 1
LogStreaming: Display: Took  0.004s to delete old logs.
LogInit: Presizing for max 8388607 objects, including 0 objects not considered by GC, pre-allocating 0 bytes for permanent pool.
LogInit: Object subsystem initialized
[2019.02.20-14.11.25:263][  0]LogInit: Selected Device Profile: [Windows]
[2019.02.20-14.11.25:263][  0]LogInit: Applying CVar settings loaded from the selected device profile: [Windows]
[2019.02.20-14.11.25:376][  0]LogHAL: Display: Platform has ~ 16 GB [17136545792 / 17179869184 / 16], which maps to Larger [LargestMinGB=32, LargerMinGB=12, DefaultMinGB=8, SmallerMinGB=6, SmallestMinGB=0)
[2019.02.20-14.11.25:763][  0]LogInit: Setting Device Profile CVar: [[r.Vulkan.UseRealUBs:1]]
[2019.02.20-14.11.25:766][  0]LogInit: Going up to parent DeviceProfile []
[2019.02.20-14.11.25:809][  0]LogInit: Computer: RENZY-GAMING
[2019.02.20-14.11.25:809][  0]LogInit: User: Renzy
[2019.02.20-14.11.25:809][  0]LogInit: CPU Page size=4096, Cores=4
[2019.02.20-14.11.25:809][  0]LogInit: High frequency timer resolution =3.421875 MHz
[2019.02.20-14.11.25:810][  0]LogMemory: Memory total: Physical=16.0GB (16GB approx)
[2019.02.20-14.11.25:810][  0]LogMemory: Platform Memory Stats for Windows
[2019.02.20-14.11.25:810][  0]LogMemory: Process Physical Memory: 104.21 MB used, 104.21 MB peak
[2019.02.20-14.11.25:810][  0]LogMemory: Process Virtual Memory: 84.91 MB used, 84.91 MB peak
[2019.02.20-14.11.25:810][  0]LogMemory: Physical Memory: 6029.24 MB used,  10313.45 MB free, 16342.68 MB total
[2019.02.20-14.11.25:810][  0]LogMemory: Virtual Memory: 4662.01 MB used,  10313.45 MB free, 134217728.00 MB total
[2019.02.20-14.11.26:674][  0]LogInit: Using OS detected language (en-US).
[2019.02.20-14.11.26:674][  0]LogInit: Using OS detected locale (en-CA).
[2019.02.20-14.11.27:021][  0]LogTextLocalizationManager: No specific localization for 'en-US' exists, so the 'en' localization will be used.
[2019.02.20-14.11.27:904][  0]LogStreaming: Display: Took  1.228s to InitEngineTextLocalization.
[2019.02.20-14.11.27:929][  0]LogInit: Setting process to per monitor DPI aware
[2019.02.20-14.11.28:802][  0]LogSlate: New Slate User Created.  User Index 0, Is Virtual User: 0
[2019.02.20-14.11.28:802][  0]LogSlate: Slate User Registered.  User Index 0, Is Virtual User: 0
[2019.02.20-14.11.32:553][  0]LogHMD: Failed to initialize OpenVR with code 110
[2019.02.20-14.11.32:554][  0]LogD3D11RHI: D3D11 adapters:
[2019.02.20-14.11.32:633][  0]LogD3D11RHI:    0. 'NVIDIA GeForce GTX 1060 6GB' (Feature Level 11_0)
[2019.02.20-14.11.32:633][  0]LogD3D11RHI:       6052/0/8171 MB DedicatedVideo/DedicatedSystem/SharedSystem, Outputs:2, VendorId:0x10de
[2019.02.20-14.11.32:635][  0]LogD3D11RHI:    1. 'Microsoft Basic Render Driver' (Feature Level 11_0)
[2019.02.20-14.11.32:635][  0]LogD3D11RHI:       0/0/8171 MB DedicatedVideo/DedicatedSystem/SharedSystem, Outputs:0, VendorId:0x1414
[2019.02.20-14.11.32:635][  0]LogD3D11RHI: Chosen D3D11 Adapter: 0
[2019.02.20-14.11.32:661][  0]LogD3D11RHI: Creating new Direct3DDevice
[2019.02.20-14.11.32:661][  0]LogD3D11RHI:     GPU DeviceId: 0x1c03 (for the marketing name, search the web for "GPU Device Id")
[2019.02.20-14.11.32:678][  0]LogWindows: EnumDisplayDevices:
[2019.02.20-14.11.32:678][  0]LogWindows:    0. 'NVIDIA GeForce GTX 1060 6GB' (P:1 D:1)
[2019.02.20-14.11.32:679][  0]LogWindows:    1. 'NVIDIA GeForce GTX 1060 6GB' (P:0 D:1)
[2019.02.20-14.11.32:679][  0]LogWindows:    2. 'NVIDIA GeForce GTX 1060 6GB' (P:0 D:0)
[2019.02.20-14.11.32:679][  0]LogWindows:    3. 'NVIDIA GeForce GTX 1060 6GB' (P:0 D:0)
[2019.02.20-14.11.32:679][  0]LogWindows: DebugString: FoundDriverCount:4 
[2019.02.20-14.11.32:679][  0]LogD3D11RHI:     Adapter Name: NVIDIA GeForce GTX 1060 6GB
[2019.02.20-14.11.32:679][  0]LogD3D11RHI:   Driver Version: 418.81 (internal:25.21.14.1881, unified:418.81)
[2019.02.20-14.11.32:679][  0]LogD3D11RHI:      Driver Date: 1-30-2019
[2019.02.20-14.11.32:680][  0]LogRHI: Texture pool is 4236 MB (70% of 6052 MB)
[2019.02.20-14.11.32:711][  0]LogD3D11RHI: Async texture creation enabled
[2019.02.20-14.11.32:980][  0]LogD3D11RHI: GPU Timing Frequency: 1000.000000 (Debug: 2 1)
[2019.02.20-14.11.33:136][  0]LogShaderCompilers: Guid format shader working directory is -63 characters bigger than the processId version (../../../../../../Renzy/Documents/Algonquin/Term 4/GAM1528 - High Level Development 2/Assignments/GOOB-master/Intermediate/Shaders/WorkingDirectory/8720/).
[2019.02.20-14.11.33:137][  0]LogShaderCompilers: Cleaned the shader compiler working directory 'C:/Users/Renzy/AppData/Local/Temp/UnrealShaderWorkingDir/CD4601834283D8AB0BAC2B8E681BD015/'.
[2019.02.20-14.11.33:433][  0]LogTemp: Display: Loaded TP AllDesktopTargetPlatform
[2019.02.20-14.11.33:493][  0]LogTemp: Display: Loaded TP MacClientTargetPlatform
[2019.02.20-14.11.33:537][  0]LogTemp: Display: Loaded TP MacNoEditorTargetPlatform
[2019.02.20-14.11.33:685][  0]LogTemp: Display: Loaded TP MacServerTargetPlatform
[2019.02.20-14.11.33:779][  0]LogTemp: Display: Loaded TP MacTargetPlatform
[2019.02.20-14.11.33:845][  0]LogTemp: Display: Loaded TP WindowsClientTargetPlatform
[2019.02.20-14.11.33:891][  0]LogTemp: Display: Loaded TP WindowsNoEditorTargetPlatform
[2019.02.20-14.11.33:936][  0]LogTemp: Display: Loaded TP WindowsServerTargetPlatform
[2019.02.20-14.11.33:976][  0]LogTemp: Display: Loaded TP WindowsTargetPlatform
[2019.02.20-14.11.34:134][  0]LogTemp: Display: Loaded TP AndroidTargetPlatform
[2019.02.20-14.11.34:134][  0]LogTemp: Display: Loaded TP AndroidTargetPlatform
[2019.02.20-14.11.34:134][  0]LogTemp: Display: Loaded TP AndroidTargetPlatform
[2019.02.20-14.11.34:134][  0]LogTemp: Display: Loaded TP AndroidTargetPlatform
[2019.02.20-14.11.34:134][  0]LogTemp: Display: Loaded TP AndroidTargetPlatform
[2019.02.20-14.11.34:134][  0]LogTemp: Display: Loaded TP AndroidTargetPlatform
[2019.02.20-14.11.34:134][  0]LogTemp: Display: Loaded TP AndroidTargetPlatform
[2019.02.20-14.11.34:134][  0]LogTemp: Display: Loaded TP AndroidTargetPlatform
[2019.02.20-14.11.34:134][  0]LogTemp: Display: Loaded TP AndroidTargetPlatform
[2019.02.20-14.11.34:134][  0]LogTemp: Display: Loaded TP AndroidTargetPlatform
[2019.02.20-14.11.34:134][  0]LogTemp: Display: Loaded TP AndroidTargetPlatform
[2019.02.20-14.11.34:134][  0]LogTemp: Display: Loaded TP AndroidTargetPlatform
[2019.02.20-14.11.34:134][  0]LogTemp: Display: Loaded TP AndroidTargetPlatform
[2019.02.20-14.11.34:134][  0]LogTemp: Display: Loaded TP AndroidTargetPlatform
[2019.02.20-14.11.34:134][  0]LogTemp: Display: Loaded TP AndroidTargetPlatform
[2019.02.20-14.11.34:134][  0]LogTemp: Display: Loaded TP AndroidTargetPlatform
[2019.02.20-14.11.34:134][  0]LogTemp: Display: Loaded TP AndroidTargetPlatform
[2019.02.20-14.11.34:134][  0]LogTemp: Display: Loaded TP AndroidTargetPlatform
[2019.02.20-14.11.34:153][  0]LogTemp: Display: Loaded TP HTML5TargetPlatform
[2019.02.20-14.11.34:301][  0]LogTemp: Display: Loaded TP IOSTargetPlatform
[2019.02.20-14.11.34:301][  0]LogTemp: Display: Loaded TP IOSTargetPlatform
[2019.02.20-14.11.34:375][  0]LogTemp: Display: Loaded TP TVOSTargetPlatform
[2019.02.20-14.11.34:375][  0]LogTemp: Display: Loaded TP TVOSTargetPlatform
[2019.02.20-14.11.34:441][  0]LogTemp: Display: Loaded TP LinuxClientTargetPlatform
[2019.02.20-14.11.34:493][  0]LogTemp: Display: Loaded TP LinuxNoEditorTargetPlatform
[2019.02.20-14.11.34:529][  0]LogTemp: Display: Loaded TP LinuxServerTargetPlatform
[2019.02.20-14.11.34:589][  0]LogTemp: Display: Loaded TP LinuxTargetPlatform
[2019.02.20-14.11.34:640][  0]LogTemp: Display: Loaded TP LuminTargetPlatform
[2019.02.20-14.11.34:640][  0]LogTargetPlatformManager: Display: Building Assets For Windows
[2019.02.20-14.11.35:757][  0]LogXGEController: Cleaning working directory: C:/Users/Renzy/AppData/Local/Temp/UnrealXGEWorkingDir/
[2019.02.20-14.11.35:757][  0]LogXGEController: Cannot use XGE Controller as Incredibuild is not installed on this machine.
[2019.02.20-14.11.35:757][  0]LogShaderCompilers: Cannot use XGE Shader Compiler as Incredibuild is not installed on this machine.
[2019.02.20-14.11.35:757][  0]LogShaderCompilers: Display: Using Local Shader Compiler.
[2019.02.20-14.11.40:250][  0]LogDerivedDataCache: Display: Max Cache Size: 512 MB
[2019.02.20-14.11.40:489][  0]LogDerivedDataCache: Loaded boot cache 0.24s 71MB C:/Users/Renzy/AppData/Local/UnrealEngine/4.20/DerivedDataCache/Boot.ddc.
[2019.02.20-14.11.40:490][  0]LogDerivedDataCache: Display: Loaded Boot cache: C:/Users/Renzy/AppData/Local/UnrealEngine/4.20/DerivedDataCache/Boot.ddc
[2019.02.20-14.11.40:490][  0]LogDerivedDataCache: FDerivedDataBackendGraph:  Pak pak cache file ../../../../../../Renzy/Documents/Algonquin/Term 4/GAM1528 - High Level Development 2/Assignments/GOOB-master/DerivedDataCache/DDC.ddp not found, will not use a pak cache.
[2019.02.20-14.11.40:490][  0]LogDerivedDataCache: Unable to find inner node Pak for hierarchical cache Hierarchy.
[2019.02.20-14.11.40:490][  0]LogDerivedDataCache: FDerivedDataBackendGraph:  CompressedPak pak cache file ../../../../../../Renzy/Documents/Algonquin/Term 4/GAM1528 - High Level Development 2/Assignments/GOOB-master/DerivedDataCache/Compressed.ddp not found, will not use a pak cache.
[2019.02.20-14.11.40:490][  0]LogDerivedDataCache: Unable to find inner node CompressedPak for hierarchical cache Hierarchy.
[2019.02.20-14.11.40:597][  0]LogDerivedDataCache: Display: Pak cache opened for reading ../../../Engine/DerivedDataCache/Compressed.ddp.
[2019.02.20-14.11.40:610][  0]LogDerivedDataCache: Using Local data cache path C:/Users/Renzy/AppData/Local/UnrealEngine/Common/DerivedDataCache: Writable
[2019.02.20-14.11.40:610][  0]LogDerivedDataCache: Shared data cache path not found in *engine.ini, will not use an Shared cache.
[2019.02.20-14.11.40:610][  0]LogDerivedDataCache: Unable to find inner node Shared for hierarchical cache Hierarchy.
[2019.02.20-14.11.40:730][  0]LogMaterial: Verifying Global Shaders for PCD3D_SM5
[2019.02.20-14.11.40:811][  0]LogSlate: Using FreeType 2.6.0
[2019.02.20-14.11.40:926][  0]LogSlate: SlateFontServices - WITH_FREETYPE: 1, WITH_HARFBUZZ: 1
[2019.02.20-14.11.42:620][  0]LogAssetRegistry: FAssetRegistry took 0.0347 seconds to start up
[2019.02.20-14.11.52:327][  0]LogInit: Selected Device Profile: [Windows]
[2019.02.20-14.11.56:902][  0]LogSimplygon: Simplygon DLL not present - disabling.
[2019.02.20-14.11.57:467][  0]LogMeshReduction: Using SimplygonSwarm for distributed automatic mesh merging
[2019.02.20-14.11.57:468][  0]LogMeshReduction: Using ProxyLODMeshReduction for automatic mesh merging
[2019.02.20-14.11.57:533][  0]LogMeshReduction: Using QuadricMeshReduction for automatic static mesh reduction
[2019.02.20-14.11.57:533][  0]LogMeshReduction: No automatic skeletal mesh reduction module available
[2019.02.20-14.11.58:619][  0]LogNetVersion: Terminus_22XX 1.0.0, NetCL: 4212847, EngineNetVer: 5, GameNetVer: 0 (Checksum: 1011408813)
[2019.02.20-14.12.09:090][  0]LogPackageLocalizationCache: Processed 11 localized package path(s) for 2 prioritized culture(s) in 0.143742 seconds
[2019.02.20-14.12.09:197][  0]LogUObjectArray: 38425 objects as part of root set at end of initial load.
[2019.02.20-14.12.09:197][  0]LogUObjectAllocator: 6690872 out of 0 bytes used by permanent object pool.
[2019.02.20-14.12.09:197][  0]LogUObjectArray: CloseDisregardForGC: 0/0 objects in disregard for GC pool
[2019.02.20-14.13.09:525][  0]LogTcpMessaging: Initializing TcpMessaging bridge
[2019.02.20-14.13.09:579][  0]LogUdpMessaging: Initializing bridge on interface 0.0.0.0:0 to multicast group 230.0.0.1:6666.
[2019.02.20-14.13.11:121][  0]SourceControl: Source control is disabled
[2019.02.20-14.13.11:138][  0]SourceControl: Source control is disabled
[2019.02.20-14.13.11:229][  0]SourceControl: Source control is disabled
[2019.02.20-14.13.11:263][  0]SourceControl: Source control is disabled
[2019.02.20-14.13.13:139][  0]LogAndroidPermission: UAndroidPermissionCallbackProxy::GetInstance
[2019.02.20-14.13.13:387][  0]LogOcInput: OculusInput pre-init called
[2019.02.20-14.13.14:227][  0]LogEngine: Initializing Engine...
[2019.02.20-14.13.14:260][  0]LogHMD: Failed to initialize OpenVR with code 110
[2019.02.20-14.13.14:290][  0]LogStats: UGameplayTagsManager::ConstructGameplayTagTree: ImportINI prefixes -  0.000 s
[2019.02.20-14.13.14:290][  0]LogStats: UGameplayTagsManager::ConstructGameplayTagTree: Construct from data asset -  0.000 s
[2019.02.20-14.13.14:291][  0]LogStats: UGameplayTagsManager::ConstructGameplayTagTree: ImportINI -  0.000 s
[2019.02.20-14.13.14:291][  0]LogStats: UGameplayTagsManager::ConstructGameplayTagTree: GameplayTagTreeChangedEvent.Broadcast -  0.000 s
[2019.02.20-14.13.14:533][  0]LogInit: Initializing FReadOnlyCVARCache
[2019.02.20-14.13.14:995][  0]LogAIModule: Creating AISystem for world Untitled
[2019.02.20-14.13.15:250][  0]LogInit: XAudio2 using 'Speakers (Sound BlasterX AE-5)' : 6 channels at 48 kHz using 32 bits per sample (channel mask 0x3f)
[2019.02.20-14.13.15:290][  0]LogInit: FAudioDevice initialized.
[2019.02.20-14.13.15:290][  0]LogNetVersion: Set ProjectVersion to 1.0.0.0. Version Checksum will be recalculated on next use.
[2019.02.20-14.13.15:390][  0]LogDerivedDataCache: Saved boot cache 0.10s 71MB C:/Users/Renzy/AppData/Local/UnrealEngine/4.20/DerivedDataCache/Boot.ddc.
[2019.02.20-14.13.15:404][  0]LogInit: Texture streaming: Enabled
[2019.02.20-14.13.15:593][  0]LogEngineSessionManager: EngineSessionManager initialized
[2019.02.20-14.13.15:714][  0]LogWindowsTextInputMethodSystem: Display: IME system now deactivated.
[2019.02.20-14.13.16:082][  0]LogInit: Transaction tracking system initialized
[2019.02.20-14.13.17:565][  0]BlueprintLog: New page: Editor Load
[2019.02.20-14.13.21:474][  0]LocalizationService: Localization service is disabled
[2019.02.20-14.13.25:162][  0]LogFileCache: Scanning file cache for directory 'F:/Renzy/Documents/Algonquin/Term 4/GAM1528 - High Level Development 2/Assignments/GOOB-master/Content/' took 0.01s
[2019.02.20-14.13.25:162][  0]LogCook: Display: Max memory allowance for cook 16384mb min free memory 0mb
[2019.02.20-14.13.25:163][  0]LogCook: Display: Mobile HDR setting 1
[2019.02.20-14.13.25:183][  0]LogGameplayTags: Display: UGameplayTagsManager::DoneAddingNativeTags. DelegateIsBound: 0
[2019.02.20-14.13.25:183][  0]LogStats: UGameplayTagsManager::ConstructGameplayTagTree: ImportINI prefixes -  0.000 s
[2019.02.20-14.13.25:183][  0]LogStats: UGameplayTagsManager::ConstructGameplayTagTree: Construct from data asset -  0.000 s
[2019.02.20-14.13.25:184][  0]LogStats: UGameplayTagsManager::ConstructGameplayTagTree: ImportINI -  0.000 s
[2019.02.20-14.13.25:184][  0]LogStats: UGameplayTagsManager::ConstructGameplayTagTree: GameplayTagTreeChangedEvent.Broadcast -  0.000 s
[2019.02.20-14.13.32:355][  0]SourceControl: Source control is disabled
[2019.02.20-14.13.32:423][  0]Cmd: MAP LOAD FILE="../../../../../../Renzy/Documents/Algonquin/Term 4/GAM1528 - High Level Development 2/Assignments/GOOB-master/Content/Levels/Test_Level.umap" TEMPLATE=0 SHOWPROGRESS=1 FEATURELEVEL=3
[2019.02.20-14.13.32:425][  0]LightingResults: New page: Lighting Build
[2019.02.20-14.13.32:910][  0]MapCheck: New page: Map Check
[2019.02.20-14.13.32:910][  0]LightingResults: New page: Lighting Build
[2019.02.20-14.13.34:701][  0]LogAIModule: Creating AISystem for world Test_Level
[2019.02.20-14.13.35:556][  0]LogEditorServer: Finished looking for orphan Actors (0.000 secs)
[2019.02.20-14.13.35:847][  0]Cmd: MAP CHECKDEP NOCLEARLOG
[2019.02.20-14.13.35:912][  0]MapCheck: Map check complete: 0 Error(s), 0 Warning(s), took 64.496ms to complete.
[2019.02.20-14.13.35:912][  0]LogFileHelpers: Loading map 'Test_Level' took 3.528
[2019.02.20-14.13.38:993][  0]LogSlate: Updating window title bar state: overlay mode, drag disabled, window buttons hidden, title bar hidden
[2019.02.20-14.13.39:012][  0]LogSlate: Updating window title bar state: overlay mode, drag disabled, window buttons hidden, title bar hidden
[2019.02.20-14.13.39:027][  0]LogSlate: Updating window title bar state: overlay mode, drag disabled, window buttons hidden, title bar hidden
[2019.02.20-14.13.39:040][  0]LogSlate: Updating window title bar state: overlay mode, drag disabled, window buttons hidden, title bar hidden
[2019.02.20-14.13.39:096][  0]LogCollectionManager: Loaded 0 collections in 0.001522 seconds
[2019.02.20-14.13.39:441][  0]LogFileCache: Scanning file cache for directory 'F:/Renzy/Documents/Algonquin/Term 4/GAM1528 - High Level Development 2/Assignments/GOOB-master/Saved/Collections/' took 0.01s
[2019.02.20-14.13.39:441][  0]LogFileCache: Scanning file cache for directory 'F:/Renzy/Documents/Algonquin/Term 4/GAM1528 - High Level Development 2/Assignments/GOOB-master/Content/Developers/Renzy/Collections/' took 0.01s
[2019.02.20-14.13.39:441][  0]LogFileCache: Scanning file cache for directory 'F:/Renzy/Documents/Algonquin/Term 4/GAM1528 - High Level Development 2/Assignments/GOOB-master/Content/Collections/' took 0.01s
[2019.02.20-14.13.39:441][  0]LogCollectionManager: Rebuilt the GUID cache for 0 collections in 0.000001 seconds
[2019.02.20-14.13.39:494][  0]LogContentBrowser: Native class hierarchy populated in 0.0523 seconds. Added 2577 classes and 605 folders.
[2019.02.20-14.13.39:595][  0]LogContentBrowser: Native class hierarchy updated for 'WidgetCarousel' in 0.0003 seconds. Added 0 classes and 0 folders.
[2019.02.20-14.13.44:106][  0]LogContentBrowser: Native class hierarchy updated for 'AddContentDialog' in 0.0007 seconds. Added 0 classes and 0 folders.
[2019.02.20-14.13.44:162][  0]LogContentBrowser: Native class hierarchy updated for 'SceneOutliner' in 0.0007 seconds. Added 1 classes and 2 folders.
[2019.02.20-14.13.48:723][  0]LogSlate: Took 0.052607 seconds to synchronously load lazily loaded font '../../../Engine/Content/Slate/Fonts/Roboto-Regular.ttf' (155K)
[2019.02.20-14.13.48:888][  0]LogSlate: Took 0.059099 seconds to synchronously load lazily loaded font '../../../Engine/Content/Slate/Fonts/Roboto-Bold.ttf' (160K)
[2019.02.20-14.13.49:081][  0]LogSlate: Took 0.041624 seconds to synchronously load lazily loaded font '../../../Engine/Content/Editor/Slate/Fonts/FontAwesome.ttf' (139K)
[2019.02.20-14.13.50:136][  0]LogRenderer: Reallocating scene render targets to support 1208x576 Format 10 NumSamples 1 (Frame:1).
[2019.02.20-14.13.52:255][  0]LogContentBrowser: Native class hierarchy updated for 'HierarchicalLODOutliner' in 0.0010 seconds. Added 0 classes and 0 folders.
[2019.02.20-14.13.52:255][  0]LogLoad: (Engine Initialization) Total time: 264.40 seconds
[2019.02.20-14.13.52:255][  0]LogLoad: (Engine Initialization) Total Blueprint compile time: 0.00 seconds
[2019.02.20-14.13.52:890][  0]LogContentStreaming: Texture pool size now 1000 MB
[2019.02.20-14.13.53:717][  4]LogAssetRegistry: Asset discovery search completed in 131.1207 seconds
[2019.02.20-14.13.53:719][  4]LogCollectionManager: Rebuilt the object cache for 0 collections in 0.000000 seconds (found 0 objects)
[2019.02.20-14.13.53:719][  4]LogCollectionManager: Fixed up redirectors for 0 collections in 0.000084 seconds (updated 0 objects)
[2019.02.20-14.13.53:908][  4]LogSlate: Took 0.035384 seconds to synchronously load lazily loaded font '../../../Engine/Content/Slate/Fonts/Roboto-Light.ttf' (167K)
[2019.02.20-14.14.11:130][490]LogSlate: FSceneViewport::OnFocusLost() reason 0
[2019.02.20-14.14.11:205][499]LogTemp: Repeating last play command: New Editor Window (PIE)
[2019.02.20-14.14.11:221][499]LogPlayLevel: PlayLevel: No blueprints needed recompiling
[2019.02.20-14.14.11:349][499]PIE: New page: PIE session: Test_Level (Feb 20, 2019, 4:14:11 AM)
[2019.02.20-14.14.11:349][499]LogPlayLevel: Creating play world package: /Game/Levels/UEDPIE_0_Test_Level
[2019.02.20-14.14.11:455][499]LogPlayLevel: PIE: StaticDuplicateObject took: (0.105584s)
[2019.02.20-14.14.11:457][499]LogAIModule: Creating AISystem for world Test_Level
[2019.02.20-14.14.11:457][499]LogPlayLevel: PIE: World Init took: (0.001781s)
[2019.02.20-14.14.11:469][499]LogPlayLevel: PIE: Created PIE world by copying editor world from /Game/Levels/Test_Level.Test_Level to /Game/Levels/UEDPIE_0_Test_Level.Test_Level (0.119303s)
[2019.02.20-14.14.11:536][499]LogInit: XAudio2 using 'Speakers (Sound BlasterX AE-5)' : 6 channels at 48 kHz using 32 bits per sample (channel mask 0x3f)
[2019.02.20-14.14.11:553][499]LogInit: FAudioDevice initialized.
[2019.02.20-14.14.11:656][499]LogSlate: Updating window title bar state: overlay mode, drag disabled, window buttons hidden, title bar hidden
[2019.02.20-14.14.12:206][499]LogLoad: Game class is 'Test_Terminus_22XXGameModeBase_C'
[2019.02.20-14.14.12:283][499]LogWorld: Bringing World /Game/Levels/UEDPIE_0_Test_Level.Test_Level up for play (max tick rate 0) at 2019.02.20-09.14.12
[2019.02.20-14.14.12:283][499]LogWorld: Bringing up level for play took: 0.001507
[2019.02.20-14.14.12:357][499]LogContentBrowser: Native class hierarchy updated for 'MovieSceneCapture' in 0.0007 seconds. Added 10 classes and 0 folders.
[2019.02.20-14.14.12:587][499]PIE: Play in editor start time for /Game/Levels/UEDPIE_0_Test_Level 0.452
[2019.02.20-14.14.12:752][499]LogRenderer: Reallocating scene render targets to support 1292x756 Format 10 NumSamples 1 (Frame:1).
[2019.02.20-14.14.30:550][623]LogSlate: Updating window title bar state: overlay mode, drag disabled, window buttons hidden, title bar hidden
[2019.02.20-14.14.30:566][623]LogSlate: Window 'Terminus_22XX Game Preview Standalone (64-bit/PCD3D_SM5)' being destroyed
[2019.02.20-14.14.30:634][623]LogPlayLevel: Display: Shutting down PIE online subsystems
[2019.02.20-14.14.30:743][624]LogPlayLevel: Display: Destroying online subsystem :Context_1
[2019.02.20-14.14.44:412][845]LogTemp: Executing iPhonePackager certificates Engine -bundlename com.YourCompany.Terminus22XX
[2019.02.20-14.14.44:412][845]LogTemp: CWD: F:\Program Files (x86)\Epic Games\UE_4.20\Engine\Binaries\DotNET\IOS
[2019.02.20-14.14.44:412][845]LogTemp: Initial Dir: F:\Program Files (x86)\Epic Games\UE_4.20
[2019.02.20-14.14.44:412][845]LogTemp: Env CWD: F:\Program Files (x86)\Epic Games\UE_4.20\Engine\Binaries\DotNET\IOS
[2019.02.20-14.14.44:412][845]LogTemp: BranchPath = RENZY-GAMING/F/Program Files (x86)/Epic Games/UE_4.20/Engine/Binaries --- GameBranchPath = RENZY-GAMING/F/Program Files (x86)/Epic Games/UE_4.20/Engine/Binaries
[2019.02.20-14.14.44:412][845]LogTemp: IPP ERROR: Could not find provision directory 'C:\Users\Renzy\AppData\Local/Apple Computer/MobileDevice/Provisioning Profiles/'.
[2019.02.20-14.14.44:412][845]LogSlate: Only BGRA pngs, bmps or icos are supported in by External Image Picker
[2019.02.20-14.14.57:294][342]LogSlate: Took 0.000236 seconds to synchronously load lazily loaded font '../../../Engine/Content/Slate/Fonts/Roboto-Light.ttf' (167K)
[2019.02.20-14.14.57:299][342]LogAssetEditorManager: Opening Asset editor for Blueprint /Game/Blueprints/ProgrammingBlueprints/Test_PlayerCharacter.Test_PlayerCharacter
[2019.02.20-14.14.58:209][342]LogContentBrowser: Native class hierarchy updated for 'BlueprintGraph' in 0.0012 seconds. Added 116 classes and 0 folders.
[2019.02.20-14.15.01:605][523]LogSlate: Window 'Test_PlayerCharacter' being destroyed
[2019.02.20-14.15.01:817][523]LogAssetEditorManager: Opening Asset editor for Blueprint /Game/Blueprints/ProgrammingBlueprints/Test_PlayerCharacter.Test_PlayerCharacter
[2019.02.20-14.15.02:363][523]LogSlate: Took 0.036794 seconds to synchronously load lazily loaded font '../../../Engine/Content/Slate/Fonts/Roboto-BoldCondensed.ttf' (158K)
[2019.02.20-14.15.03:374][587]LogSlate: Took 0.067404 seconds to synchronously load lazily loaded font '../../../Engine/Content/Slate/Fonts/Roboto-Italic.ttf' (157K)
[2019.02.20-14.15.12:627][658]LogSlate: FSceneViewport::OnFocusLost() reason 0
[2019.02.20-14.15.12:710][668]BlueprintLog: New page: Compile Test_PlayerCharacter
[2019.02.20-14.15.13:221][668]LogSavePackage: Moving '../../../../../../Renzy/Documents/Algonquin/Term 4/GAM1528 - High Level Development 2/Assignments/GOOB-master/Saved/Test_PlayerCharacterE9B8ECAE4FE840D1DAC51890C6446F26.tmp' to '../../../../../../Renzy/Documents/Algonquin/Term 4/GAM1528 - High Level Development 2/Assignments/GOOB-master/Content/Blueprints/ProgrammingBlueprints/Test_PlayerCharacter.uasset'
[2019.02.20-14.15.15:045][885]LogTemp: Repeating last play command: New Editor Window (PIE)
[2019.02.20-14.15.15:063][885]LogPlayLevel: PlayLevel: No blueprints needed recompiling
[2019.02.20-14.15.15:063][885]PIE: New page: PIE session: Test_Level (Feb 20, 2019, 4:15:15 AM)
[2019.02.20-14.15.15:063][885]LogPlayLevel: Creating play world package: /Game/Levels/UEDPIE_0_Test_Level
[2019.02.20-14.15.15:074][885]LogPlayLevel: PIE: StaticDuplicateObject took: (0.010665s)
[2019.02.20-14.15.15:074][885]LogAIModule: Creating AISystem for world Test_Level
[2019.02.20-14.15.15:075][885]LogPlayLevel: PIE: World Init took: (0.000499s)
[2019.02.20-14.15.15:075][885]LogPlayLevel: PIE: Created PIE world by copying editor world from /Game/Levels/Test_Level.Test_Level to /Game/Levels/UEDPIE_0_Test_Level.Test_Level (0.011274s)
[2019.02.20-14.15.15:120][885]LogInit: XAudio2 using 'Speakers (Sound BlasterX AE-5)' : 6 channels at 48 kHz using 32 bits per sample (channel mask 0x3f)
[2019.02.20-14.15.15:134][885]LogInit: FAudioDevice initialized.
[2019.02.20-14.15.15:145][885]LogSlate: Updating window title bar state: overlay mode, drag disabled, window buttons hidden, title bar hidden
[2019.02.20-14.15.15:194][885]LogLoad: Game class is 'Test_Terminus_22XXGameModeBase_C'
[2019.02.20-14.15.15:195][885]LogWorld: Bringing World /Game/Levels/UEDPIE_0_Test_Level.Test_Level up for play (max tick rate 0) at 2019.02.20-09.15.15
[2019.02.20-14.15.15:195][885]LogWorld: Bringing up level for play took: 0.000906
[2019.02.20-14.15.15:211][885]PIE: Play in editor start time for /Game/Levels/UEDPIE_0_Test_Level 1.075
[2019.02.20-14.15.39:118][747]LogSlate: Updating window title bar state: overlay mode, drag disabled, window buttons hidden, title bar hidden
[2019.02.20-14.15.39:135][747]LogSlate: Window 'Terminus_22XX Game Preview Standalone (64-bit/PCD3D_SM5)' being destroyed
[2019.02.20-14.15.39:168][747]LogPlayLevel: Display: Shutting down PIE online subsystems
[2019.02.20-14.15.39:220][749]LogPlayLevel: Display: Destroying online subsystem :Context_9
[2019.02.20-14.15.41:776][929]LogSlate: Window 'Test_PlayerCharacter' being destroyed
[2019.02.20-14.15.41:865][929]LogSlate: Window 'Project Settings' being destroyed
[2019.02.20-14.15.41:884][929]LogSlate: Window 'Terminus_22XX - Unreal Editor' being destroyed
[2019.02.20-14.15.41:885][929]LogWindowsTextInputMethodSystem: Display: IME system now deactivated.
[2019.02.20-14.15.42:109][930]Cmd: QUIT_EDITOR
[2019.02.20-14.15.42:571][930]LogExit: Preparing to exit.
[2019.02.20-14.15.42:911][930]LogExit: Editor shut down
[2019.02.20-14.15.42:911][930]LogExit: Transaction tracking system shut down
[2019.02.20-14.15.44:101][930]LogExit: Object subsystem successfully closed.
[2019.02.20-14.15.44:156][930]LogShaderCompilers: Display: Shaders left to compile 0
[2019.02.20-14.15.44:185][930]LogD3D11RHI: Shutdown
[2019.02.20-14.15.44:185][930]LogD3D11RHI: CleanupD3DDevice
[2019.02.20-14.15.44:188][930]LogD3D11RHI: ~FD3D11DynamicRHI
[2019.02.20-14.15.44:861][930]LogModuleManager: Shutting down and abandoning module BlueprintGraph (620)
[2019.02.20-14.15.44:861][930]LogModuleManager: Shutting down and abandoning module ExternalImagePicker (618)
[2019.02.20-14.15.44:861][930]LogModuleManager: Shutting down and abandoning module MovieSceneCapture (616)
[2019.02.20-14.15.44:861][930]LogModuleManager: Shutting down and abandoning module Voice (614)
[2019.02.20-14.15.44:861][930]LogModuleManager: Shutting down and abandoning module HierarchicalLODOutliner (612)
[2019.02.20-14.15.44:861][930]LogModuleManager: Shutting down and abandoning module SceneOutliner (610)
[2019.02.20-14.15.44:861][930]LogModuleManager: Shutting down and abandoning module AddContentDialog (608)
[2019.02.20-14.15.44:862][930]LogModuleManager: Shutting down and abandoning module WidgetCarousel (607)
[2019.02.20-14.15.44:862][930]LogModuleManager: Shutting down and abandoning module EditorWidgets (604)
[2019.02.20-14.15.44:862][930]LogModuleManager: Shutting down and abandoning module CollectionManager (602)
[2019.02.20-14.15.44:862][930]LogModuleManager: Shutting down and abandoning module StatsViewer (600)
[2019.02.20-14.15.44:862][930]LogModuleManager: Shutting down and abandoning module FoliageEdit (598)
[2019.02.20-14.15.44:862][930]LogModuleManager: Shutting down and abandoning module LandscapeEditor (596)
[2019.02.20-14.15.44:892][930]LogModuleManager: Shutting down and abandoning module MeshPaintMode (594)
[2019.02.20-14.15.44:892][930]LogModuleManager: Shutting down and abandoning module SceneDepthPickerMode (592)
[2019.02.20-14.15.44:892][930]LogModuleManager: Shutting down and abandoning module ActorPickerMode (590)
[2019.02.20-14.15.44:892][930]LogModuleManager: Shutting down and abandoning module GeometryMode (588)
[2019.02.20-14.15.44:892][930]LogModuleManager: Shutting down and abandoning module TextureAlignMode (586)
[2019.02.20-14.15.44:892][930]LogModuleManager: Shutting down and abandoning module BspMode (584)
[2019.02.20-14.15.44:892][930]LogModuleManager: Shutting down and abandoning module PIEPreviewDeviceProfileSelector (582)
[2019.02.20-14.15.44:893][930]LogModuleManager: Shutting down and abandoning module SequenceRecorderSections (580)
[2019.02.20-14.15.44:893][930]LogModuleManager: Shutting down and abandoning module AutomationWorker (578)
[2019.02.20-14.15.44:893][930]LogModuleManager: Shutting down and abandoning module AudioCaptureEditor (576)
[2019.02.20-14.15.44:893][930]LogModuleManager: Shutting down and abandoning module SequenceRecorder (575)
[2019.02.20-14.15.44:893][930]LogModuleManager: Shutting down and abandoning module MatineeToLevelSequence (572)
[2019.02.20-14.15.44:893][930]LogModuleManager: Shutting down and abandoning module LevelSequenceEditor (570)
[2019.02.20-14.15.44:919][930]LogModuleManager: Shutting down and abandoning module PlacementMode (569)
[2019.02.20-14.15.44:919][930]LogModuleManager: Shutting down and abandoning module MaterialEditor (568)
[2019.02.20-14.15.44:946][930]LogModuleManager: Shutting down and abandoning module WmfMediaFactory (564)
[2019.02.20-14.15.44:947][930]LogModuleManager: Shutting down and abandoning module WmfMediaEditor (562)
[2019.02.20-14.15.44:947][930]LogModuleManager: Shutting down and abandoning module MediaPlayerEditor (560)
[2019.02.20-14.15.44:947][930]LogModuleManager: Shutting down and abandoning module OpenExrWrapper (558)
[2019.02.20-14.15.44:947][930]LogModuleManager: Shutting down and abandoning module ImgMediaFactory (556)
[2019.02.20-14.15.44:947][930]LogModuleManager: Shutting down and abandoning module ImgMediaEditor (554)
[2019.02.20-14.15.44:947][930]LogModuleManager: Shutting down and abandoning module AvfMediaFactory (552)
[2019.02.20-14.15.44:947][930]LogModuleManager: Shutting down and abandoning module AvfMediaEditor (550)
[2019.02.20-14.15.44:947][930]LogModuleManager: Shutting down and abandoning module AndroidMediaFactory (548)
[2019.02.20-14.15.44:947][930]LogModuleManager: Shutting down and abandoning module AndroidMediaEditor (546)
[2019.02.20-14.15.44:947][930]LogModuleManager: Shutting down and abandoning module MagicLeapCameraPreviewFactory (544)
[2019.02.20-14.15.44:947][930]LogModuleManager: Shutting down and abandoning module MagicLeapMediaFactory (542)
[2019.02.20-14.15.44:947][930]LogModuleManager: Shutting down and abandoning module MagicLeapMediaEditor (540)
[2019.02.20-14.15.44:947][930]LogModuleManager: Shutting down and abandoning module CharacterAI (538)
[2019.02.20-14.15.44:947][930]LogModuleManager: Shutting down and abandoning module SmartSnapping (536)
[2019.02.20-14.15.44:947][930]LogModuleManager: Shutting down and abandoning module SessionServices (534)
[2019.02.20-14.15.44:947][930]LogModuleManager: Shutting down and abandoning module ViewportSnapping (532)
[2019.02.20-14.15.44:948][930]LogModuleManager: Shutting down and abandoning module ViewportInteraction (530)
[2019.02.20-14.15.44:961][930]LogModuleManager: Shutting down and abandoning module ClothPainter (528)
[2019.02.20-14.15.44:961][930]LogModuleManager: Shutting down and abandoning module SkeletalMeshEditor (527)
[2019.02.20-14.15.44:980][930]LogModuleManager: Shutting down and abandoning module LogVisualizer (524)
[2019.02.20-14.15.44:981][930]LogModuleManager: Shutting down and abandoning module IntroTutorials (522)
[2019.02.20-14.15.44:981][930]LogModuleManager: Shutting down and abandoning module GameProjectGeneration (521)
[2019.02.20-14.15.44:981][930]LogModuleManager: Shutting down and abandoning module LuminPlatformEditor (518)
[2019.02.20-14.15.44:981][930]LogModuleManager: Shutting down and abandoning module IOSPlatformEditor (516)
[2019.02.20-14.15.44:981][930]LogModuleManager: Shutting down and abandoning module HTML5PlatformEditor (514)
[2019.02.20-14.15.44:981][930]LogModuleManager: Shutting down and abandoning module AndroidPlatformEditor (512)
[2019.02.20-14.15.44:981][930]LogModuleManager: Shutting down and abandoning module AndroidDeviceDetection (511)
[2019.02.20-14.15.46:050][930]LogModuleManager: Shutting down and abandoning module WindowsPlatformEditor (508)
[2019.02.20-14.15.46:050][930]LogModuleManager: Shutting down and abandoning module LuminRuntimeSettings (506)
[2019.02.20-14.15.46:050][930]LogModuleManager: Shutting down and abandoning module IOSRuntimeSettings (504)
[2019.02.20-14.15.46:051][930]LogModuleManager: Shutting down and abandoning module AndroidRuntimeSettings (502)
[2019.02.20-14.15.46:051][930]LogModuleManager: Shutting down and abandoning module InputBindingEditor (500)
[2019.02.20-14.15.46:071][930]LogModuleManager: Shutting down and abandoning module MergeActors (498)
[2019.02.20-14.15.46:071][930]LogModuleManager: Shutting down and abandoning module LocalizationDashboard (496)
[2019.02.20-14.15.46:093][930]LogModuleManager: Shutting down and abandoning module LocalizationService (495)
[2019.02.20-14.15.46:093][930]LogModuleManager: Shutting down and abandoning module HardwareTargeting (492)
[2019.02.20-14.15.46:094][930]LogModuleManager: Shutting down and abandoning module DeviceProfileEditor (490)
[2019.02.20-14.15.46:094][930]LogModuleManager: Shutting down and abandoning module UndoHistory (488)
[2019.02.20-14.15.46:094][930]LogModuleManager: Shutting down and abandoning module XmlParser (486)
[2019.02.20-14.15.46:094][930]LogModuleManager: Shutting down and abandoning module Blutility (484)
[2019.02.20-14.15.46:094][930]LogModuleManager: Shutting down and abandoning module ProjectSettingsViewer (482)
[2019.02.20-14.15.46:094][930]LogModuleManager: Shutting down and abandoning module ProjectTargetPlatformEditor (481)
[2019.02.20-14.15.46:094][930]LogModuleManager: Shutting down and abandoning module EditorSettingsViewer (478)
[2019.02.20-14.15.46:094][930]LogModuleManager: Shutting down and abandoning module SettingsEditor (476)
[2019.02.20-14.15.46:094][930]LogModuleManager: Shutting down and abandoning module ProjectLauncher (474)
[2019.02.20-14.15.46:122][930]LogModuleManager: Shutting down and abandoning module SessionFrontend (472)
[2019.02.20-14.15.46:122][930]LogModuleManager: Shutting down and abandoning module ProfilerClient (470)
[2019.02.20-14.15.46:148][930]LogModuleManager: Shutting down and abandoning module DeviceManager (468)
[2019.02.20-14.15.46:148][930]LogModuleManager: Shutting down and abandoning module TargetDeviceServices (467)
[2019.02.20-14.15.46:203][930]LogModuleManager: Shutting down and abandoning module AutomationController (464)
[2019.02.20-14.15.46:203][930]LogModuleManager: Shutting down and abandoning module AutomationWindow (462)
[2019.02.20-14.15.46:227][930]LogModuleManager: Shutting down and abandoning module Layers (460)
[2019.02.20-14.15.46:256][930]LogModuleManager: Shutting down and abandoning module ComponentVisualizers (458)
[2019.02.20-14.15.46:256][930]LogModuleManager: Shutting down and abandoning module DetailCustomizations (456)
[2019.02.20-14.15.46:256][930]LogModuleManager: Shutting down and abandoning module PackagesDialog (454)
[2019.02.20-14.15.46:256][930]LogModuleManager: Shutting down and abandoning module Persona (452)
[2019.02.20-14.15.46:288][930]LogModuleManager: Shutting down and abandoning module AdvancedPreviewScene (451)
[2019.02.20-14.15.46:288][930]LogModuleManager: Shutting down and abandoning module AnimGraph (449)
[2019.02.20-14.15.46:288][930]LogModuleManager: Shutting down and abandoning module Kismet (446)
[2019.02.20-14.15.46:309][930]LogModuleManager: Shutting down and abandoning module GraphEditor (444)
[2019.02.20-14.15.46:309][930]LogModuleManager: Shutting down and abandoning module ClassViewer (442)
[2019.02.20-14.15.46:309][930]LogModuleManager: Shutting down and abandoning module Toolbox (440)
[2019.02.20-14.15.46:309][930]LogModuleManager: Shutting down and abandoning module ModuleUI (438)
[2019.02.20-14.15.46:330][930]LogModuleManager: Shutting down and abandoning module MovieSceneTools (436)
[2019.02.20-14.15.46:330][930]LogModuleManager: Shutting down and abandoning module OutputLog (434)
[2019.02.20-14.15.46:330][930]LogModuleManager: Shutting down and abandoning module GammaUI (432)
[2019.02.20-14.15.46:355][930]LogModuleManager: Shutting down and abandoning module Documentation (430)
[2019.02.20-14.15.46:355][930]LogModuleManager: Shutting down and abandoning module MovieSceneTracks (428)
[2019.02.20-14.15.46:355][930]LogModuleManager: Shutting down and abandoning module MovieScene (426)
[2019.02.20-14.15.46:355][930]LogModuleManager: Shutting down and abandoning module StreamingPauseRendering (424)
[2019.02.20-14.15.46:355][930]LogModuleManager: Shutting down and abandoning module LauncherPlatform (422)
[2019.02.20-14.15.46:356][930]LogModuleManager: Shutting down and abandoning module AnalyticsET (420)
[2019.02.20-14.15.46:356][930]LogModuleManager: Shutting down and abandoning module PortalServices (418)
[2019.02.20-14.15.46:356][930]LogModuleManager: Shutting down and abandoning module PortalRpc (416)
[2019.02.20-14.15.46:356][930]LogModuleManager: Shutting down and abandoning module MessagingRpc (414)
[2019.02.20-14.15.46:356][930]LogModuleManager: Shutting down and abandoning module AIModule (412)
[2019.02.20-14.15.46:356][930]LogModuleManager: Shutting down and abandoning module GameplayDebugger (411)
[2019.02.20-14.15.46:356][930]LogModuleManager: Shutting down and abandoning module AITestSuite (409)
[2019.02.20-14.15.46:356][930]LogModuleManager: Shutting down and abandoning module NavigationSystem (407)
[2019.02.20-14.15.46:356][930]LogModuleManager: Shutting down and abandoning module ProfilerService (404)
[2019.02.20-14.15.46:474][930]LogModuleManager: Shutting down and abandoning module TaskGraph (402)
[2019.02.20-14.15.46:475][930]LogModuleManager: Shutting down and abandoning module SteamVRController (400)
[2019.02.20-14.15.46:475][930]LogModuleManager: Shutting down and abandoning module ProceduralMeshComponentEditor (398)
[2019.02.20-14.15.46:475][930]LogModuleManager: Shutting down and abandoning module ProceduralMeshComponent (396)
[2019.02.20-14.15.46:475][930]LogModuleManager: Shutting down and abandoning module OculusInput (394)
[2019.02.20-14.15.46:475][930]LogModuleManager: Shutting down and abandoning module MobilePatchingUtils (392)
[2019.02.20-14.15.46:475][930]LogModuleManager: Shutting down and abandoning module EditableMesh (390)
[2019.02.20-14.15.46:475][930]LogModuleManager: Shutting down and abandoning module CustomMeshComponent (388)
[2019.02.20-14.15.46:475][930]LogModuleManager: Shutting down and abandoning module CableComponent (386)
[2019.02.20-14.15.46:475][930]LogModuleManager: Shutting down and abandoning module AudioCapture (384)
[2019.02.20-14.15.46:475][930]LogModuleManager: Shutting down and abandoning module ArchVisCharacter (382)
[2019.02.20-14.15.46:475][930]LogModuleManager: Shutting down and abandoning module AndroidPermission (380)
[2019.02.20-14.15.46:475][930]LogModuleManager: Shutting down and abandoning module NUTUnrealEngine4 (378)
[2019.02.20-14.15.46:475][930]LogModuleManager: Shutting down and abandoning module NetcodeUnitTest (376)
[2019.02.20-14.15.46:486][930]LogModuleManager: Shutting down and abandoning module MediaCompositingEditor (374)
[2019.02.20-14.15.46:486][930]LogModuleManager: Shutting down and abandoning module MediaCompositing (372)
[2019.02.20-14.15.46:486][930]LogModuleManager: Shutting down and abandoning module LinearTimecode (370)
[2019.02.20-14.15.46:486][930]LogModuleManager: Shutting down and abandoning module ImgMedia (368)
[2019.02.20-14.15.46:515][930]LogModuleManager: Shutting down and abandoning module HTML5Networking (366)
[2019.02.20-14.15.46:515][930]LogModuleManager: Shutting down and abandoning module GeometryCacheTracks (364)
[2019.02.20-14.15.46:515][930]LogModuleManager: Shutting down and abandoning module GeometryCacheSequencer (362)
[2019.02.20-14.15.46:515][930]LogModuleManager: Shutting down and abandoning module BackChannel (360)
[2019.02.20-14.15.46:544][930]LogModuleManager: Shutting down and abandoning module AppleVision (358)
[2019.02.20-14.15.46:544][930]LogModuleManager: Shutting down and abandoning module AppleImageUtils (356)
[2019.02.20-14.15.46:544][930]LogModuleManager: Shutting down and abandoning module AlembicImporter (354)
[2019.02.20-14.15.46:544][930]LogModuleManager: Shutting down and abandoning module AlembicLibrary (353)
[2019.02.20-14.15.46:544][930]LogModuleManager: Shutting down and abandoning module GeometryCache (352)
[2019.02.20-14.15.46:544][930]LogModuleManager: Shutting down and abandoning module GeometryCacheEd (351)
[2019.02.20-14.15.46:544][930]LogModuleManager: Shutting down and abandoning module DatasmithContentEditor (346)
[2019.02.20-14.15.46:544][930]LogModuleManager: Shutting down and abandoning module DatasmithContent (344)
[2019.02.20-14.15.46:545][930]LogModuleManager: Shutting down and abandoning module SpeedTreeImporter (342)
[2019.02.20-14.15.46:545][930]LogModuleManager: Shutting down and abandoning module PluginBrowser (340)
[2019.02.20-14.15.46:557][930]LogModuleManager: Shutting down and abandoning module MobileLauncherProfileWizard (338)
[2019.02.20-14.15.46:575][930]LogModuleManager: Shutting down and abandoning module PolygonModeling (336)
[2019.02.20-14.15.46:575][930]LogModuleManager: Shutting down and abandoning module MeshEditor (334)
[2019.02.20-14.15.46:575][930]LogModuleManager: Shutting down and abandoning module CryptoKeysOpenSSL (332)
[2019.02.20-14.15.46:575][930]LogModuleManager: Shutting down and abandoning module CryptoKeys (330)
[2019.02.20-14.15.46:575][930]LogModuleManager: Shutting down and abandoning module VisualStudioSourceCodeAccess (328)
[2019.02.20-14.15.46:575][930]LogModuleManager: Shutting down and abandoning module VisualStudioCodeSourceCodeAccess (326)
[2019.02.20-14.15.46:575][930]LogModuleManager: Shutting down and abandoning module UObjectPlugin (324)
[2019.02.20-14.15.46:575][930]LogModuleManager: Shutting down and abandoning module SubversionSourceControl (322)
[2019.02.20-14.15.46:575][930]LogModuleManager: Shutting down and abandoning module PerforceSourceControl (320)
[2019.02.20-14.15.46:590][930]LogModuleManager: Shutting down and abandoning module GitSourceControl (318)
[2019.02.20-14.15.46:591][930]LogModuleManager: Shutting down and abandoning module SourceControl (317)
[2019.02.20-14.15.46:591][930]LogModuleManager: Shutting down and abandoning module CLionSourceCodeAccess (314)
[2019.02.20-14.15.46:591][930]LogModuleManager: Shutting down and abandoning module LightPropagationVolumeEditor (312)
[2019.02.20-14.15.46:591][930]LogModuleManager: Shutting down and abandoning module PaperTiledImporter (310)
[2019.02.20-14.15.46:591][930]LogModuleManager: Shutting down and abandoning module PaperSpriteSheetImporter (308)
[2019.02.20-14.15.46:591][930]LogModuleManager: Shutting down and abandoning module Paper2DEditor (306)
[2019.02.20-14.15.46:613][930]LogModuleManager: Shutting down and abandoning module MeshPaint (305)
[2019.02.20-14.15.46:613][930]LogModuleManager: Shutting down and abandoning module Terminus_22XX (302)
[2019.02.20-14.15.46:613][930]LogModuleManager: Shutting down and abandoning module RuntimePhysXCooking (300)
[2019.02.20-14.15.46:613][930]LogModuleManager: Shutting down and abandoning module PhysXVehiclesEditor (298)
[2019.02.20-14.15.46:613][930]LogModuleManager: Shutting down and abandoning module PhysXVehicles (296)
[2019.02.20-14.15.46:613][930]LogModuleManager: Shutting down and abandoning module OculusEditor (294)
[2019.02.20-14.15.46:613][930]LogModuleManager: Shutting down and abandoning module LocationServicesBPLibrary (292)
[2019.02.20-14.15.46:613][930]LogModuleManager: Shutting down and abandoning module ImmediatePhysicsEditor (290)
[2019.02.20-14.15.46:613][930]LogModuleManager: Shutting down and abandoning module ImmediatePhysics (288)
[2019.02.20-14.15.46:613][930]LogModuleManager: Shutting down and abandoning module ActorSequence (286)
[2019.02.20-14.15.46:613][930]LogModuleManager: Shutting down and abandoning module UdpMessaging (284)
[2019.02.20-14.15.46:715][930]LogModuleManager: Shutting down and abandoning module TcpMessaging (282)
[2019.02.20-14.15.46:815][930]LogModuleManager: Shutting down and abandoning module MagicLeapAudio (280)
[2019.02.20-14.15.46:815][930]LogModuleManager: Shutting down and abandoning module GameplayTagsEditor (278)
[2019.02.20-14.15.46:815][930]LogModuleManager: Shutting down and abandoning module FacialAnimationEditor (276)
[2019.02.20-14.15.46:815][930]LogModuleManager: Shutting down and abandoning module FacialAnimation (274)
[2019.02.20-14.15.46:815][930]LogModuleManager: Shutting down and abandoning module DataValidation (272)
[2019.02.20-14.15.46:815][930]LogModuleManager: Shutting down and abandoning module AssetManagerEditor (270)
[2019.02.20-14.15.46:897][930]LogModuleManager: Shutting down and abandoning module LevelEditor (269)
[2019.02.20-14.15.46:898][930]LogModuleManager: Shutting down and abandoning module PixelInspectorModule (268)
[2019.02.20-14.15.46:898][930]LogModuleManager: Shutting down and abandoning module CommonMenuExtensions (266)
[2019.02.20-14.15.46:899][930]LogModuleManager: Shutting down and abandoning module MainFrame (264)
[2019.02.20-14.15.46:899][930]LogModuleManager: Shutting down and abandoning module HotReload (263)
[2019.02.20-14.15.46:899][930]LogModuleManager: Shutting down and abandoning module ContentBrowser (259)
[2019.02.20-14.15.46:900][930]LogModuleManager: Shutting down and abandoning module TreeMap (257)
[2019.02.20-14.15.46:900][930]LogModuleManager: Shutting down and abandoning module LightPropagationVolumeRuntime (254)
[2019.02.20-14.15.46:900][930]LogModuleManager: Shutting down and abandoning module AISupportModule (252)
[2019.02.20-14.15.46:900][930]LogModuleManager: Shutting down and abandoning module Paper2D (250)
[2019.02.20-14.15.46:900][930]LogModuleManager: Shutting down and abandoning module WindowsMoviePlayer (248)
[2019.02.20-14.15.46:900][930]LogModuleManager: Shutting down and abandoning module WmfMedia (246)
[2019.02.20-14.15.46:922][930]LogModuleManager: Shutting down and abandoning module Media (245)
[2019.02.20-14.15.46:928][930]LogModuleManager: Shutting down and abandoning module PacketHandler (242)
[2019.02.20-14.15.46:928][930]LogModuleManager: Shutting down and abandoning module ClothingSystemEditor (240)
[2019.02.20-14.15.46:928][930]LogModuleManager: Shutting down and abandoning module ClothingSystemRuntime (238)
[2019.02.20-14.15.46:948][930]LogModuleManager: Shutting down and abandoning module MediaAssets (236)
[2019.02.20-14.15.46:948][930]LogModuleManager: Shutting down and abandoning module Overlay (234)
[2019.02.20-14.15.46:948][930]LogModuleManager: Shutting down and abandoning module OverlayEditor (233)
[2019.02.20-14.15.46:948][930]LogModuleManager: Shutting down and abandoning module VREditor (230)
[2019.02.20-14.15.46:959][930]LogModuleManager: Shutting down and abandoning module StringTableEditor (228)
[2019.02.20-14.15.46:991][930]LogModuleManager: Shutting down and abandoning module GameplayTasksEditor (226)
[2019.02.20-14.15.46:991][930]LogModuleManager: Shutting down and abandoning module BehaviorTreeEditor (224)
[2019.02.20-14.15.47:011][930]LogModuleManager: Shutting down and abandoning module FunctionalTesting (222)
[2019.02.20-14.15.47:011][930]LogModuleManager: Shutting down and abandoning module CollisionAnalyzer (220)
[2019.02.20-14.15.47:011][930]LogModuleManager: Shutting down and abandoning module WorkspaceMenuStructure (219)
[2019.02.20-14.15.47:011][930]LogModuleManager: Shutting down and abandoning module UMG (216)
[2019.02.20-14.15.47:030][930]LogModuleManager: Shutting down and abandoning module UMGEditor (215)
[2019.02.20-14.15.47:047][930]LogModuleManager: Shutting down and abandoning module Sequencer (214)
[2019.02.20-14.15.47:058][930]LogModuleManager: Shutting down and abandoning module MessageLog (211)
[2019.02.20-14.15.47:058][930]LogModuleManager: Shutting down and abandoning module SlateReflector (206)
[2019.02.20-14.15.47:080][930]LogModuleManager: Shutting down and abandoning module Slate (204)
[2019.02.20-14.15.47:081][930]LogModuleManager: Shutting down and abandoning module EditorStyle (202)
[2019.02.20-14.15.47:083][930]LogModuleManager: Shutting down and abandoning module MRMesh (200)
[2019.02.20-14.15.47:084][930]LogModuleManager: Shutting down and abandoning module SourceCodeAccess (198)
[2019.02.20-14.15.47:084][930]LogModuleManager: Shutting down and abandoning module HeadMountedDisplay (196)
[2019.02.20-14.15.47:084][930]LogModuleManager: Shutting down and abandoning module XAudio2 (194)
[2019.02.20-14.15.47:084][930]LogModuleManager: Shutting down and abandoning module Networking (192)
[2019.02.20-14.15.47:084][930]LogModuleManager: Shutting down and abandoning module Core (190)
[2019.02.20-14.15.47:084][930]LogModuleManager: Shutting down and abandoning module LevelSequence (188)
[2019.02.20-14.15.47:084][930]LogModuleManager: Shutting down and abandoning module KismetCompiler (186)
[2019.02.20-14.15.47:084][930]LogModuleManager: Shutting down and abandoning module MeshUtilities (184)
[2019.02.20-14.15.47:084][930]LogModuleManager: Shutting down and abandoning module MeshMergeUtilities (183)
[2019.02.20-14.15.47:084][930]LogModuleManager: Shutting down and abandoning module MeshReductionInterface (182)
[2019.02.20-14.15.47:084][930]LogModuleManager: Shutting down and abandoning module SimplygonSwarm (181)
[2019.02.20-14.15.47:098][930]LogModuleManager: Shutting down and abandoning module ProxyLODMeshReduction (179)
[2019.02.20-14.15.47:140][930]LogModuleManager: Shutting down and abandoning module SimplygonMeshReduction (177)
[2019.02.20-14.15.47:140][930]LogModuleManager: Shutting down and abandoning module QuadricMeshReduction (175)
[2019.02.20-14.15.47:157][930]LogModuleManager: Shutting down and abandoning module MaterialBaking (171)
[2019.02.20-14.15.47:186][930]LogModuleManager: Shutting down and abandoning module DirectoryWatcher (167)
[2019.02.20-14.15.47:186][930]LogModuleManager: Shutting down and abandoning module DerivedDataCache (164)
[2019.02.20-14.15.47:235][930]LogDerivedDataCache: Shutdown
[2019.02.20-14.15.47:235][930]LogModuleManager: Shutting down and abandoning module XGEController (162)
[2019.02.20-14.15.47:235][930]LogXGEController: Cleaning working directory: C:/Users/Renzy/AppData/Local/Temp/UnrealXGEWorkingDir/
[2019.02.20-14.15.47:245][930]LogModuleManager: Shutting down and abandoning module TargetPlatform (160)
[2019.02.20-14.15.47:245][930]LogModuleManager: Shutting down and abandoning module VulkanShaderFormat (159)
[2019.02.20-14.15.47:245][930]LogModuleManager: Shutting down and abandoning module ShaderFormatVectorVM (157)
[2019.02.20-14.15.47:245][930]LogModuleManager: Shutting down and abandoning module ShaderFormatOpenGL (155)
[2019.02.20-14.15.47:269][930]LogModuleManager: Shutting down and abandoning module ShaderFormatD3D (153)
[2019.02.20-14.15.47:269][930]LogModuleManager: Shutting down and abandoning module MetalShaderFormat (151)
[2019.02.20-14.15.47:287][930]LogModuleManager: Shutting down and abandoning module TextureFormatUncompressed (149)
[2019.02.20-14.15.47:287][930]LogModuleManager: Shutting down and abandoning module TextureFormatPVR (147)
[2019.02.20-14.15.47:287][930]LogModuleManager: Shutting down and abandoning module TextureFormatDXT (145)
[2019.02.20-14.15.47:287][930]LogModuleManager: Shutting down and abandoning module TextureFormatIntelISPCTexComp (143)
[2019.02.20-14.15.47:287][930]LogModuleManager: Shutting down and abandoning module TextureFormatASTC (141)
[2019.02.20-14.15.47:288][930]LogModuleManager: Shutting down and abandoning module ImageWrapper (140)
[2019.02.20-14.15.47:288][930]LogModuleManager: Shutting down and abandoning module TextureFormatAndroid (137)
[2019.02.20-14.15.47:288][930]LogModuleManager: Shutting down and abandoning module AudioFormatOpus (135)
[2019.02.20-14.15.47:289][930]LogModuleManager: Shutting down and abandoning module AudioFormatOgg (133)
[2019.02.20-14.15.47:289][930]LogModuleManager: Shutting down and abandoning module AudioFormatADPCM (131)
[2019.02.20-14.15.47:289][930]LogModuleManager: Shutting down and abandoning module LuminTargetPlatform (129)
[2019.02.20-14.15.47:289][930]LogModuleManager: Shutting down and abandoning module LinuxTargetPlatform (127)
[2019.02.20-14.15.47:289][930]LogModuleManager: Shutting down and abandoning module LinuxServerTargetPlatform (125)
[2019.02.20-14.15.47:289][930]LogModuleManager: Shutting down and abandoning module LinuxNoEditorTargetPlatform (123)
[2019.02.20-14.15.47:289][930]LogModuleManager: Shutting down and abandoning module LinuxClientTargetPlatform (121)
[2019.02.20-14.15.47:289][930]LogModuleManager: Shutting down and abandoning module TVOSTargetPlatform (119)
[2019.02.20-14.15.47:290][930]LogModuleManager: Shutting down and abandoning module Messaging (117)
[2019.02.20-14.15.47:290][930]LogModuleManager: Shutting down and abandoning module IOSTargetPlatform (115)
[2019.02.20-14.15.47:290][930]LogModuleManager: Shutting down and abandoning module HTML5TargetPlatform (113)
[2019.02.20-14.15.47:290][930]LogModuleManager: Shutting down and abandoning module AndroidTargetPlatform (111)
[2019.02.20-14.15.47:296][930]LogModuleManager: Shutting down and abandoning module WindowsTargetPlatform (109)
[2019.02.20-14.15.47:296][930]LogModuleManager: Shutting down and abandoning module WindowsServerTargetPlatform (107)
[2019.02.20-14.15.47:296][930]LogModuleManager: Shutting down and abandoning module WindowsNoEditorTargetPlatform (105)
[2019.02.20-14.15.47:296][930]LogModuleManager: Shutting down and abandoning module WindowsClientTargetPlatform (103)
[2019.02.20-14.15.47:296][930]LogModuleManager: Shutting down and abandoning module MacTargetPlatform (101)
[2019.02.20-14.15.47:296][930]LogModuleManager: Shutting down and abandoning module MacServerTargetPlatform (99)
[2019.02.20-14.15.47:296][930]LogModuleManager: Shutting down and abandoning module MacNoEditorTargetPlatform (97)
[2019.02.20-14.15.47:296][930]LogModuleManager: Shutting down and abandoning module MacClientTargetPlatform (95)
[2019.02.20-14.15.47:296][930]LogModuleManager: Shutting down and abandoning module AllDesktopTargetPlatform (93)
[2019.02.20-14.15.47:296][930]LogModuleManager: Shutting down and abandoning module InputCore (90)
[2019.02.20-14.15.47:296][930]LogModuleManager: Shutting down and abandoning module Settings (88)
[2019.02.20-14.15.47:296][930]LogModuleManager: Shutting down and abandoning module PhysXCooking (86)
[2019.02.20-14.15.47:296][930]LogModuleManager: Shutting down and abandoning module SteamVR (84)
[2019.02.20-14.15.47:296][930]LogModuleManager: Shutting down and abandoning module OculusHMD (82)
[2019.02.20-14.15.47:296][930]LogModuleManager: Shutting down and abandoning module ExampleDeviceProfileSelector (80)
[2019.02.20-14.15.47:296][930]LogModuleManager: Shutting down and abandoning module LauncherChunkInstaller (78)
[2019.02.20-14.15.47:296][930]LogModuleManager: Shutting down and abandoning module OnlineBlueprintSupport (76)
[2019.02.20-14.15.47:296][930]LogModuleManager: Shutting down and abandoning module OnlineSubsystem (72)
[2019.02.20-14.15.47:297][930]LogModuleManager: Shutting down and abandoning module XMPP (67)
[2019.02.20-14.15.47:322][930]LogModuleManager: Shutting down and abandoning module WebSockets (66)
[2019.02.20-14.15.47:366][930]LogModuleManager: Shutting down and abandoning module HTTP (63)
[2019.02.20-14.15.47:366][930]LogHttp: Display: Http module shutting down, but needs to wait on 1 outstanding Http requests:
[2019.02.20-14.15.47:366][930]LogHttp: Display: 	verb=[POST] url=[https://datarouter.ol.epicgames.com/datarouter/api/v1/public/data?SessionID=%7B8DDE1FD9-4D1B-7F08-B2EF-AAA9D18BF0B7%7D&AppID=UEEditor.Rocket.Release&AppVersion=4.20.3-4369336%2B%2B%2BUE4%2BRelease-4.20&UserID=d2d2c5d64e9a564b2d095eb70c098350%7C27350404f3bb4f2791c9f6bae70f1cac%7C0fc99a33-513b-48b1-9fb5-b5212c68fc71&AppEnvironment=datacollector-binary&UploadType=eteventstream] status=Processing
[2019.02.20-14.15.47:372][930]LogModuleManager: Shutting down and abandoning module SSL (62)
[2019.02.20-14.15.47:373][930]LogModuleManager: Shutting down and abandoning module MagicLeapEmulator (58)
[2019.02.20-14.15.47:373][930]LogModuleManager: Shutting down and abandoning module MagicLeapPrivileges (56)
[2019.02.20-14.15.47:373][930]LogModuleManager: Shutting down and abandoning module MagicLeapIdentity (54)
[2019.02.20-14.15.47:373][930]LogModuleManager: Shutting down and abandoning module MagicLeapHelperVulkan (52)
[2019.02.20-14.15.47:373][930]LogModuleManager: Shutting down and abandoning module MagicLeapHelperOpenGL (50)
[2019.02.20-14.15.47:373][930]LogModuleManager: Shutting down and abandoning module MagicLeapSecureStorage (48)
[2019.02.20-14.15.47:373][930]LogModuleManager: Shutting down and abandoning module MagicLeapGestures (46)
[2019.02.20-14.15.47:373][930]LogModuleManager: Shutting down and abandoning module MagicLeapEyeTracker (44)
[2019.02.20-14.15.47:373][930]LogModuleManager: Shutting down and abandoning module MagicLeapController (42)
[2019.02.20-14.15.47:373][930]LogSlate: Slate User Destroyed.  User Index 0, Is Virtual User: 0
[2019.02.20-14.15.47:373][930]LogModuleManager: Shutting down and abandoning module MagicLeap (40)
[2019.02.20-14.15.47:373][930]LogModuleManager: Shutting down and abandoning module DesktopPlatform (38)
[2019.02.20-14.15.47:373][930]LogModuleManager: Shutting down and abandoning module AnimationModifiers (36)
[2019.02.20-14.15.47:392][930]LogModuleManager: Shutting down and abandoning module PropertyEditor (35)
[2019.02.20-14.15.47:392][930]LogModuleManager: Shutting down and abandoning module AudioEditor (32)
[2019.02.20-14.15.47:407][930]LogModuleManager: Shutting down and abandoning module TextureCompressor (30)
[2019.02.20-14.15.47:407][930]LogModuleManager: Shutting down and abandoning module ShaderCore (28)
[2019.02.20-14.15.47:407][930]LogModuleManager: Shutting down and abandoning module Landscape (26)
[2019.02.20-14.15.47:407][930]LogModuleManager: Shutting down and abandoning module SlateRHIRenderer (24)
[2019.02.20-14.15.47:428][930]LogModuleManager: Shutting down and abandoning module OpenGLDrv (22)
[2019.02.20-14.15.47:444][930]LogModuleManager: Shutting down and abandoning module D3D11RHI (20)
[2019.02.20-14.15.47:444][930]LogModuleManager: Shutting down and abandoning module AnimGraphRuntime (18)
[2019.02.20-14.15.47:444][930]LogModuleManager: Shutting down and abandoning module Renderer (16)
[2019.02.20-14.15.47:444][930]LogModuleManager: Shutting down and abandoning module Engine (14)
[2019.02.20-14.15.47:444][930]LogModuleManager: Shutting down and abandoning module CoreUObject (12)
[2019.02.20-14.15.47:444][930]LogModuleManager: Shutting down and abandoning module NetworkFile (10)
[2019.02.20-14.15.47:445][930]LogModuleManager: Shutting down and abandoning module CookedIterativeFile (8)
[2019.02.20-14.15.47:445][930]LogModuleManager: Shutting down and abandoning module StreamingFile (6)
[2019.02.20-14.15.47:445][930]LogModuleManager: Shutting down and abandoning module SandboxFile (4)
[2019.02.20-14.15.47:445][930]LogModuleManager: Shutting down and abandoning module PakFile (2)
[2019.02.20-14.15.47:448][930]LogExit: Exiting.
[2019.02.20-14.15.47:452][930]Log file closed, 02/20/19 09:15:47
