Log file open, 02/01/19 15:30:16
LogWindows: Failed to load 'aqProf.dll' (GetLastError=126)
LogWindows: File 'aqProf.dll' does not exist
LogWindows: Failed to load 'VSPerf140.dll' (GetLastError=126)
LogWindows: File 'VSPerf140.dll' does not exist
LogWindows: Failed to load 'VtuneApi.dll' (GetLastError=126)
LogWindows: File 'VtuneApi.dll' does not exist
LogWindows: Failed to load 'VtuneApi32e.dll' (GetLastError=126)
LogWindows: File 'VtuneApi32e.dll' does not exist
LogInit: Display: Running engine for game: Terminus_22XX
LogPlatformFile: Not using cached read wrapper
LogTaskGraph: Started task graph with 5 named threads and 14 total threads with 3 sets of task threads.
LogStats: Stats thread started at 0.268980
LogD3D11RHI: Loaded GFSDK_Aftermath_Lib.x64.dll
LogICUInternationalization: Display: ICU TimeZone Detection - Raw Offset: -5:00, Platform Override: ''
LogPluginManager: Mounting plugin Paper2D
LogPluginManager: Mounting plugin AISupport
LogPluginManager: Mounting plugin LightPropagationVolume
LogPluginManager: Mounting plugin CLionSourceCodeAccess
LogPluginManager: Mounting plugin CodeLiteSourceCodeAccess
LogPluginManager: Mounting plugin GitSourceControl
LogPluginManager: Mounting plugin KDevelopSourceCodeAccess
LogPluginManager: Mounting plugin NullSourceCodeAccess
LogPluginManager: Mounting plugin PerforceSourceControl
LogPluginManager: Mounting plugin SubversionSourceControl
LogPluginManager: Mounting plugin UObjectPlugin
LogPluginManager: Mounting plugin VisualStudioCodeSourceCodeAccess
LogPluginManager: Mounting plugin VisualStudioSourceCodeAccess
LogPluginManager: Mounting plugin XCodeSourceCodeAccess
LogPluginManager: Mounting plugin AssetManagerEditor
LogPluginManager: Mounting plugin CryptoKeys
LogPluginManager: Mounting plugin DataValidation
LogPluginManager: Mounting plugin FacialAnimation
LogPluginManager: Mounting plugin GameplayTagsEditor
LogPluginManager: Mounting plugin MacGraphicsSwitching
LogPluginManager: Mounting plugin MeshEditor
LogPluginManager: Mounting plugin MobileLauncherProfileWizard
LogPluginManager: Mounting plugin PluginBrowser
LogPluginManager: Mounting plugin SpeedTreeImporter
LogPluginManager: Mounting plugin DatasmithContent
LogPluginManager: Mounting plugin AlembicImporter
LogPluginManager: Mounting plugin AppleImageUtils
LogPluginManager: Mounting plugin AppleVision
LogPluginManager: Mounting plugin BackChannel
LogPluginManager: Mounting plugin CharacterAI
LogPluginManager: Mounting plugin GeometryCache
LogPluginManager: Mounting plugin HTML5Networking
LogPluginManager: Mounting plugin ProxyLODPlugin
LogPluginManager: Mounting plugin MagicLeap
LogPluginManager: Mounting plugin MagicLeapEmulator
LogPluginManager: Mounting plugin MagicLeapMedia
LogPluginManager: Mounting plugin AndroidMedia
LogPluginManager: Mounting plugin AvfMedia
LogPluginManager: Mounting plugin ImgMedia
LogPluginManager: Mounting plugin LinearTimecode
LogPluginManager: Mounting plugin MediaCompositing
LogPluginManager: Mounting plugin MediaPlayerEditor
LogPluginManager: Mounting plugin WmfMedia
LogPluginManager: Mounting plugin TcpMessaging
LogPluginManager: Mounting plugin UdpMessaging
LogPluginManager: Mounting plugin ActorSequence
LogPluginManager: Mounting plugin LevelSequenceEditor
LogPluginManager: Mounting plugin MatineeToLevelSequence
LogPluginManager: Mounting plugin NetcodeUnitTest
LogPluginManager: Mounting plugin NUTUnrealEngine4
LogPluginManager: Mounting plugin OnlineSubsystemGooglePlay
LogPluginManager: Mounting plugin OnlineSubsystemIOS
LogPluginManager: Mounting plugin OnlineSubsystem
LogPluginManager: Mounting plugin OnlineSubsystemNull
LogPluginManager: Mounting plugin OnlineSubsystemUtils
LogPluginManager: Mounting plugin LauncherChunkInstaller
LogPluginManager: Mounting plugin AndroidDeviceProfileSelector
LogPluginManager: Mounting plugin AndroidMoviePlayer
LogPluginManager: Mounting plugin AndroidPermission
LogPluginManager: Mounting plugin AppleMoviePlayer
LogPluginManager: Mounting plugin ArchVisCharacter
LogPluginManager: Mounting plugin AudioCapture
LogPluginManager: Mounting plugin CableComponent
LogPluginManager: Mounting plugin CustomMeshComponent
LogPluginManager: Mounting plugin EditableMesh
LogPluginManager: Mounting plugin ExampleDeviceProfileSelector
LogPluginManager: Mounting plugin GoogleCloudMessaging
LogPluginManager: Mounting plugin ImmediatePhysics
LogPluginManager: Mounting plugin IOSDeviceProfileSelector
LogPluginManager: Mounting plugin LinuxDeviceProfileSelector
LogPluginManager: Mounting plugin LocationServicesBPLibrary
LogPluginManager: Mounting plugin MobilePatchingUtils
LogPluginManager: Mounting plugin OculusVR
LogPluginManager: Plugin shader directory ../../../Engine/Plugins/Runtime/Oculus/OculusVR/Shaders found
LogPluginManager: Mapping shader source directory ../../../Engine/Plugins/Runtime/Oculus/OculusVR/Shaders to virtual directory /Plugin/OculusVR
LogPluginManager: Mounting plugin PhysXVehicles
LogPluginManager: Mounting plugin ProceduralMeshComponent
LogPluginManager: Mounting plugin RuntimePhysXCooking
LogPluginManager: Mounting plugin SteamVR
LogPluginManager: Mounting plugin WindowsMoviePlayer
LogStreaming: Display: Took  0.140s to configure plugins.
LogInit: Using libcurl 7.55.1-DEV
LogInit:  - built for x86_64-pc-win32
LogInit:  - supports SSL with OpenSSL/1.0.2h
LogInit:  - supports HTTP deflate (compression) using libz 1.2.8
LogInit:  - other features:
LogInit:      CURL_VERSION_SSL
LogInit:      CURL_VERSION_LIBZ
LogInit:      CURL_VERSION_IPV6
LogInit:      CURL_VERSION_ASYNCHDNS
LogInit:      CURL_VERSION_LARGEFILE
LogInit:      CURL_VERSION_IDN
LogInit:  CurlRequestOptions (configurable via config and command line):
LogInit:  - bVerifyPeer = false  - Libcurl will NOT verify peer certificate
LogInit:  - bUseHttpProxy = false  - Libcurl will NOT use HTTP proxy
LogInit:  - bDontReuseConnections = false  - Libcurl will reuse connections
LogInit:  - CertBundlePath = nullptr  - Libcurl will use whatever was configured at build time.
LogInit:  - MaxHostConnections = 16  - Libcurl will limit the number of connections to a host
LogInit:  - LocalHostAddr = Default
LogInit:  - BufferSize = 65536
LogInit: WinSock: version 1.1 (2.2), MaxSocks=32767, MaxUdp=65467
LogInit: Build: ++UE4+Release-4.20-CL-4369336
LogInit: Engine Version: 4.20.3-4369336+++UE4+Release-4.20
LogInit: Compatible Engine Version: 4.20.0-4212847+++UE4+Release-4.20
LogInit: Net CL: 4212847
LogInit: OS: Windows 10 (), CPU: Intel(R) Core(TM) i5-6600K CPU @ 3.50GHz, GPU: NVIDIA GeForce GTX 1060 6GB
LogInit: Compiled (64-bit): Sep 17 2018 12:26:19
LogInit: Compiled with Visual C++: 19.13.26129.00
LogInit: Build Configuration: Development
LogInit: Branch Name: ++UE4+Release-4.20
LogInit: Command Line:  -skipcompile
LogInit: Base Directory: F:/Program Files (x86)/Epic Games/UE_4.20/Engine/Binaries/Win64/
LogInit: Installed Engine Build: 1
LogDevObjectVersion: Number of dev versions registered: 20
LogDevObjectVersion:   Dev-Blueprints (B0D832E4-1F89-4F0D-ACCF-7EB736FD4AA2): 10
LogDevObjectVersion:   Dev-Build (E1C64328-A22C-4D53-A36C-8E866417BD8C): 0
LogDevObjectVersion:   Dev-Core (375EC13C-06E4-48FB-B500-84F0262A717E): 2
LogDevObjectVersion:   Dev-Editor (E4B068ED-F494-42E9-A231-DA0B2E46BB41): 24
LogDevObjectVersion:   Dev-Framework (CFFC743F-43B0-4480-9391-14DF171D2073): 34
LogDevObjectVersion:   Dev-Mobile (B02B49B5-BB20-44E9-A304-32B752E40360): 2
LogDevObjectVersion:   Dev-Networking (A4E4105C-59A1-49B5-A7C5-40C4547EDFEE): 0
LogDevObjectVersion:   Dev-Online (39C831C9-5AE6-47DC-9A44-9C173E1C8E7C): 0
LogDevObjectVersion:   Dev-Physics (78F01B33-EBEA-4F98-B9B4-84EACCB95AA2): 0
LogDevObjectVersion:   Dev-Platform (6631380F-2D4D-43E0-8009-CF276956A95A): 0
LogDevObjectVersion:   Dev-Rendering (12F88B9F-8875-4AFC-A67C-D90C383ABD29): 26
LogDevObjectVersion:   Dev-Sequencer (7B5AE74C-D270-4C10-A958-57980B212A5A): 9
LogDevObjectVersion:   Dev-VR (D7296918-1DD6-4BDD-9DE2-64A83CC13884): 2
LogDevObjectVersion:   Dev-LoadTimes (C2A15278-BFE7-4AFE-6C17-90FF531DF755): 1
LogDevObjectVersion:   Private-Geometry (6EACA3D4-40EC-4CC1-B786-8BED09428FC5): 3
LogDevObjectVersion:   Dev-AnimPhys (29E575DD-E0A3-4627-9D10-D276232CDCEA): 17
LogDevObjectVersion:   Dev-ReflectionCapture (6B266CEC-1EC7-4B8F-A30B-E4D90942FC07): 1
LogDevObjectVersion:   Dev-Automation (0DF73D61-A23F-47EA-B727-89E90C41499A): 1
LogDevObjectVersion:   FortniteMain (601D1886-AC64-4F84-AA16-D3DE0DEAC7D6): 12
LogDevObjectVersion:   Dev-Enterprise (9DFFBCD6-494F-0158-E221-12823C92A888): 1
LogStreaming: Display: Took  0.001s to delete old logs.
LogInit: Presizing for max 8388607 objects, including 0 objects not considered by GC, pre-allocating 0 bytes for permanent pool.
LogInit: Object subsystem initialized
[2019.02.01-20.30.16:559][  0]LogInit: Selected Device Profile: [Windows]
[2019.02.01-20.30.16:559][  0]LogInit: Applying CVar settings loaded from the selected device profile: [Windows]
[2019.02.01-20.30.16:571][  0]LogHAL: Display: Platform has ~ 16 GB [17136545792 / 17179869184 / 16], which maps to Larger [LargestMinGB=32, LargerMinGB=12, DefaultMinGB=8, SmallerMinGB=6, SmallestMinGB=0)
[2019.02.01-20.30.16:571][  0]LogInit: Setting Device Profile CVar: [[r.Vulkan.UseRealUBs:1]]
[2019.02.01-20.30.16:571][  0]LogInit: Going up to parent DeviceProfile []
[2019.02.01-20.30.16:572][  0]LogInit: Computer: RENZY-GAMING
[2019.02.01-20.30.16:572][  0]LogInit: User: Renzy
[2019.02.01-20.30.16:572][  0]LogInit: CPU Page size=4096, Cores=4
[2019.02.01-20.30.16:572][  0]LogInit: High frequency timer resolution =3.421876 MHz
[2019.02.01-20.30.16:572][  0]LogMemory: Memory total: Physical=16.0GB (16GB approx)
[2019.02.01-20.30.16:572][  0]LogMemory: Platform Memory Stats for Windows
[2019.02.01-20.30.16:572][  0]LogMemory: Process Physical Memory: 101.33 MB used, 101.33 MB peak
[2019.02.01-20.30.16:572][  0]LogMemory: Process Virtual Memory: 84.42 MB used, 84.42 MB peak
[2019.02.01-20.30.16:572][  0]LogMemory: Physical Memory: 8319.31 MB used,  8023.38 MB free, 16342.68 MB total
[2019.02.01-20.30.16:572][  0]LogMemory: Virtual Memory: 4625.35 MB used,  8023.38 MB free, 134217728.00 MB total
[2019.02.01-20.30.16:654][  0]LogInit: Using OS detected language (en-US).
[2019.02.01-20.30.16:654][  0]LogInit: Using OS detected locale (en-CA).
[2019.02.01-20.30.16:655][  0]LogTextLocalizationManager: No specific localization for 'en-US' exists, so the 'en' localization will be used.
[2019.02.01-20.30.16:935][  0]LogStreaming: Display: Took  0.281s to InitEngineTextLocalization.
[2019.02.01-20.30.16:935][  0]LogInit: Setting process to per monitor DPI aware
[2019.02.01-20.30.16:983][  0]LogSlate: New Slate User Created.  User Index 0, Is Virtual User: 0
[2019.02.01-20.30.16:983][  0]LogSlate: Slate User Registered.  User Index 0, Is Virtual User: 0
[2019.02.01-20.30.17:232][  0]LogHMD: Failed to initialize OpenVR with code 110
[2019.02.01-20.30.17:232][  0]LogD3D11RHI: D3D11 adapters:
[2019.02.01-20.30.17:289][  0]LogD3D11RHI:    0. 'NVIDIA GeForce GTX 1060 6GB' (Feature Level 11_0)
[2019.02.01-20.30.17:289][  0]LogD3D11RHI:       6052/0/8171 MB DedicatedVideo/DedicatedSystem/SharedSystem, Outputs:2, VendorId:0x10de
[2019.02.01-20.30.17:295][  0]LogD3D11RHI:    1. 'Microsoft Basic Render Driver' (Feature Level 11_0)
[2019.02.01-20.30.17:295][  0]LogD3D11RHI:       0/0/8171 MB DedicatedVideo/DedicatedSystem/SharedSystem, Outputs:0, VendorId:0x1414
[2019.02.01-20.30.17:295][  0]LogD3D11RHI: Chosen D3D11 Adapter: 0
[2019.02.01-20.30.17:301][  0]LogD3D11RHI: Creating new Direct3DDevice
[2019.02.01-20.30.17:301][  0]LogD3D11RHI:     GPU DeviceId: 0x1c03 (for the marketing name, search the web for "GPU Device Id")
[2019.02.01-20.30.17:301][  0]LogWindows: EnumDisplayDevices:
[2019.02.01-20.30.17:301][  0]LogWindows:    0. 'NVIDIA GeForce GTX 1060 6GB' (P:1 D:1)
[2019.02.01-20.30.17:302][  0]LogWindows:    1. 'NVIDIA GeForce GTX 1060 6GB' (P:0 D:1)
[2019.02.01-20.30.17:302][  0]LogWindows:    2. 'NVIDIA GeForce GTX 1060 6GB' (P:0 D:0)
[2019.02.01-20.30.17:302][  0]LogWindows:    3. 'NVIDIA GeForce GTX 1060 6GB' (P:0 D:0)
[2019.02.01-20.30.17:302][  0]LogWindows: DebugString: FoundDriverCount:4 
[2019.02.01-20.30.17:302][  0]LogD3D11RHI:     Adapter Name: NVIDIA GeForce GTX 1060 6GB
[2019.02.01-20.30.17:302][  0]LogD3D11RHI:   Driver Version: 417.71 (internal:25.21.14.1771, unified:417.71)
[2019.02.01-20.30.17:302][  0]LogD3D11RHI:      Driver Date: 1-11-2019
[2019.02.01-20.30.17:302][  0]LogRHI: Texture pool is 4236 MB (70% of 6052 MB)
[2019.02.01-20.30.17:341][  0]LogD3D11RHI: Async texture creation enabled
[2019.02.01-20.30.17:371][  0]LogD3D11RHI: GPU Timing Frequency: 1000.000000 (Debug: 2 2)
[2019.02.01-20.30.17:462][  0]LogShaderCompilers: Guid format shader working directory is -63 characters bigger than the processId version (../../../../../../Renzy/Documents/Algonquin/Term 4/GAM1528 - High Level Development 2/Assignments/GOOB-master/Intermediate/Shaders/WorkingDirectory/1720/).
[2019.02.01-20.30.17:462][  0]LogShaderCompilers: Cleaned the shader compiler working directory 'C:/Users/Renzy/AppData/Local/Temp/UnrealShaderWorkingDir/52B781594D92909CFFCDE8810D07184B/'.
[2019.02.01-20.30.17:688][  0]LogTemp: Display: Loaded TP AllDesktopTargetPlatform
[2019.02.01-20.30.17:700][  0]LogTemp: Display: Loaded TP MacClientTargetPlatform
[2019.02.01-20.30.17:712][  0]LogTemp: Display: Loaded TP MacNoEditorTargetPlatform
[2019.02.01-20.30.17:723][  0]LogTemp: Display: Loaded TP MacServerTargetPlatform
[2019.02.01-20.30.17:734][  0]LogTemp: Display: Loaded TP MacTargetPlatform
[2019.02.01-20.30.17:747][  0]LogTemp: Display: Loaded TP WindowsClientTargetPlatform
[2019.02.01-20.30.17:759][  0]LogTemp: Display: Loaded TP WindowsNoEditorTargetPlatform
[2019.02.01-20.30.17:774][  0]LogTemp: Display: Loaded TP WindowsServerTargetPlatform
[2019.02.01-20.30.17:781][  0]LogTemp: Display: Loaded TP WindowsTargetPlatform
[2019.02.01-20.30.17:844][  0]LogTemp: Display: Loaded TP AndroidTargetPlatform
[2019.02.01-20.30.17:844][  0]LogTemp: Display: Loaded TP AndroidTargetPlatform
[2019.02.01-20.30.17:844][  0]LogTemp: Display: Loaded TP AndroidTargetPlatform
[2019.02.01-20.30.17:844][  0]LogTemp: Display: Loaded TP AndroidTargetPlatform
[2019.02.01-20.30.17:844][  0]LogTemp: Display: Loaded TP AndroidTargetPlatform
[2019.02.01-20.30.17:845][  0]LogTemp: Display: Loaded TP AndroidTargetPlatform
[2019.02.01-20.30.17:845][  0]LogTemp: Display: Loaded TP AndroidTargetPlatform
[2019.02.01-20.30.17:845][  0]LogTemp: Display: Loaded TP AndroidTargetPlatform
[2019.02.01-20.30.17:845][  0]LogTemp: Display: Loaded TP AndroidTargetPlatform
[2019.02.01-20.30.17:845][  0]LogTemp: Display: Loaded TP AndroidTargetPlatform
[2019.02.01-20.30.17:845][  0]LogTemp: Display: Loaded TP AndroidTargetPlatform
[2019.02.01-20.30.17:845][  0]LogTemp: Display: Loaded TP AndroidTargetPlatform
[2019.02.01-20.30.17:845][  0]LogTemp: Display: Loaded TP AndroidTargetPlatform
[2019.02.01-20.30.17:845][  0]LogTemp: Display: Loaded TP AndroidTargetPlatform
[2019.02.01-20.30.17:845][  0]LogTemp: Display: Loaded TP AndroidTargetPlatform
[2019.02.01-20.30.17:845][  0]LogTemp: Display: Loaded TP AndroidTargetPlatform
[2019.02.01-20.30.17:845][  0]LogTemp: Display: Loaded TP AndroidTargetPlatform
[2019.02.01-20.30.17:845][  0]LogTemp: Display: Loaded TP AndroidTargetPlatform
[2019.02.01-20.30.17:848][  0]LogTemp: Display: Loaded TP HTML5TargetPlatform
[2019.02.01-20.30.17:908][  0]LogTemp: Display: Loaded TP IOSTargetPlatform
[2019.02.01-20.30.17:908][  0]LogTemp: Display: Loaded TP IOSTargetPlatform
[2019.02.01-20.30.17:927][  0]LogTemp: Display: Loaded TP TVOSTargetPlatform
[2019.02.01-20.30.17:927][  0]LogTemp: Display: Loaded TP TVOSTargetPlatform
[2019.02.01-20.30.17:938][  0]LogTemp: Display: Loaded TP LinuxClientTargetPlatform
[2019.02.01-20.30.17:951][  0]LogTemp: Display: Loaded TP LinuxNoEditorTargetPlatform
[2019.02.01-20.30.17:962][  0]LogTemp: Display: Loaded TP LinuxServerTargetPlatform
[2019.02.01-20.30.17:974][  0]LogTemp: Display: Loaded TP LinuxTargetPlatform
[2019.02.01-20.30.17:982][  0]LogTemp: Display: Loaded TP LuminTargetPlatform
[2019.02.01-20.30.17:982][  0]LogTargetPlatformManager: Display: Building Assets For Windows
[2019.02.01-20.30.18:061][  0]LogXGEController: Cleaning working directory: C:/Users/Renzy/AppData/Local/Temp/UnrealXGEWorkingDir/
[2019.02.01-20.30.18:061][  0]LogXGEController: Cannot use XGE Controller as Incredibuild is not installed on this machine.
[2019.02.01-20.30.18:061][  0]LogShaderCompilers: Cannot use XGE Shader Compiler as Incredibuild is not installed on this machine.
[2019.02.01-20.30.18:061][  0]LogShaderCompilers: Display: Using Local Shader Compiler.
[2019.02.01-20.30.18:592][  0]LogDerivedDataCache: Display: Max Cache Size: 512 MB
[2019.02.01-20.30.18:633][  0]LogDerivedDataCache: Loaded boot cache 0.04s 71MB C:/Users/Renzy/AppData/Local/UnrealEngine/4.20/DerivedDataCache/Boot.ddc.
[2019.02.01-20.30.18:634][  0]LogDerivedDataCache: Display: Loaded Boot cache: C:/Users/Renzy/AppData/Local/UnrealEngine/4.20/DerivedDataCache/Boot.ddc
[2019.02.01-20.30.18:634][  0]LogDerivedDataCache: FDerivedDataBackendGraph:  Pak pak cache file ../../../../../../Renzy/Documents/Algonquin/Term 4/GAM1528 - High Level Development 2/Assignments/GOOB-master/DerivedDataCache/DDC.ddp not found, will not use a pak cache.
[2019.02.01-20.30.18:634][  0]LogDerivedDataCache: Unable to find inner node Pak for hierarchical cache Hierarchy.
[2019.02.01-20.30.18:634][  0]LogDerivedDataCache: FDerivedDataBackendGraph:  CompressedPak pak cache file ../../../../../../Renzy/Documents/Algonquin/Term 4/GAM1528 - High Level Development 2/Assignments/GOOB-master/DerivedDataCache/Compressed.ddp not found, will not use a pak cache.
[2019.02.01-20.30.18:634][  0]LogDerivedDataCache: Unable to find inner node CompressedPak for hierarchical cache Hierarchy.
[2019.02.01-20.30.18:644][  0]LogDerivedDataCache: Display: Pak cache opened for reading ../../../Engine/DerivedDataCache/Compressed.ddp.
[2019.02.01-20.30.18:656][  0]LogDerivedDataCache: Using Local data cache path C:/Users/Renzy/AppData/Local/UnrealEngine/Common/DerivedDataCache: Writable
[2019.02.01-20.30.18:656][  0]LogDerivedDataCache: Shared data cache path not found in *engine.ini, will not use an Shared cache.
[2019.02.01-20.30.18:656][  0]LogDerivedDataCache: Unable to find inner node Shared for hierarchical cache Hierarchy.
[2019.02.01-20.30.18:670][  0]LogMaterial: Verifying Global Shaders for PCD3D_SM5
[2019.02.01-20.30.18:671][  0]LogSlate: Using FreeType 2.6.0
[2019.02.01-20.30.18:672][  0]LogSlate: SlateFontServices - WITH_FREETYPE: 1, WITH_HARFBUZZ: 1
[2019.02.01-20.30.18:743][  0]LogAssetRegistry: FAssetRegistry took 0.0267 seconds to start up
[2019.02.01-20.30.18:974][  0]LogInit: Selected Device Profile: [Windows]
[2019.02.01-20.30.19:024][  0]LogSimplygon: Simplygon DLL not present - disabling.
[2019.02.01-20.30.19:030][  0]LogMeshReduction: Using SimplygonSwarm for distributed automatic mesh merging
[2019.02.01-20.30.19:030][  0]LogMeshReduction: Using ProxyLODMeshReduction for automatic mesh merging
[2019.02.01-20.30.19:030][  0]LogMeshReduction: Using QuadricMeshReduction for automatic static mesh reduction
[2019.02.01-20.30.19:030][  0]LogMeshReduction: No automatic skeletal mesh reduction module available
[2019.02.01-20.30.19:106][  0]LogNetVersion: Terminus_22XX 1.0.0, NetCL: 4212847, EngineNetVer: 5, GameNetVer: 0 (Checksum: 1011408813)
[2019.02.01-20.30.19:519][  0]LogPackageLocalizationCache: Processed 11 localized package path(s) for 2 prioritized culture(s) in 0.106513 seconds
[2019.02.01-20.30.19:524][  0]LogUObjectArray: 38425 objects as part of root set at end of initial load.
[2019.02.01-20.30.19:525][  0]LogUObjectAllocator: 6690872 out of 0 bytes used by permanent object pool.
[2019.02.01-20.30.19:525][  0]LogUObjectArray: CloseDisregardForGC: 0/0 objects in disregard for GC pool
[2019.02.01-20.30.20:337][  0]LogTcpMessaging: Initializing TcpMessaging bridge
[2019.02.01-20.30.20:352][  0]LogUdpMessaging: Initializing bridge on interface 0.0.0.0:0 to multicast group 230.0.0.1:6666.
[2019.02.01-20.30.20:525][  0]SourceControl: Source control is disabled
[2019.02.01-20.30.20:525][  0]SourceControl: Source control is disabled
[2019.02.01-20.30.20:529][  0]SourceControl: Source control is disabled
[2019.02.01-20.30.20:531][  0]SourceControl: Source control is disabled
[2019.02.01-20.30.20:812][  0]LogAndroidPermission: UAndroidPermissionCallbackProxy::GetInstance
[2019.02.01-20.30.20:956][  0]LogOcInput: OculusInput pre-init called
[2019.02.01-20.30.21:014][  0]LogEngine: Initializing Engine...
[2019.02.01-20.30.21:015][  0]LogHMD: Failed to initialize OpenVR with code 110
[2019.02.01-20.30.21:016][  0]LogStats: UGameplayTagsManager::ConstructGameplayTagTree: ImportINI prefixes -  0.000 s
[2019.02.01-20.30.21:016][  0]LogStats: UGameplayTagsManager::ConstructGameplayTagTree: Construct from data asset -  0.000 s
[2019.02.01-20.30.21:016][  0]LogStats: UGameplayTagsManager::ConstructGameplayTagTree: ImportINI -  0.000 s
[2019.02.01-20.30.21:017][  0]LogStats: UGameplayTagsManager::ConstructGameplayTagTree: GameplayTagTreeChangedEvent.Broadcast -  0.000 s
[2019.02.01-20.30.21:176][  0]LogInit: Initializing FReadOnlyCVARCache
[2019.02.01-20.30.21:185][  0]LogAIModule: Creating AISystem for world Untitled
[2019.02.01-20.30.21:261][  0]LogInit: XAudio2 using 'Speakers (Sound BlasterX AE-5)' : 6 channels at 48 kHz using 32 bits per sample (channel mask 0x3f)
[2019.02.01-20.30.21:284][  0]LogInit: FAudioDevice initialized.
[2019.02.01-20.30.21:284][  0]LogNetVersion: Set ProjectVersion to 1.0.0.0. Version Checksum will be recalculated on next use.
[2019.02.01-20.30.21:382][  0]LogDerivedDataCache: Saved boot cache 0.10s 71MB C:/Users/Renzy/AppData/Local/UnrealEngine/4.20/DerivedDataCache/Boot.ddc.
[2019.02.01-20.30.21:397][  0]LogInit: Texture streaming: Enabled
[2019.02.01-20.30.21:422][  0]LogEngineSessionManager: EngineSessionManager initialized
[2019.02.01-20.30.21:423][  0]LogEngineSessionManager: EngineSessionManager sent abnormal shutdown report. Type=Debugger, SessionId={BA885C4F-48D6-85E2-C929-72A7D0F30C6B}
[2019.02.01-20.30.21:432][  0]LogInit: Transaction tracking system initialized
[2019.02.01-20.30.21:465][  0]BlueprintLog: New page: Editor Load
[2019.02.01-20.30.21:570][  0]LocalizationService: Localization service is disabled
[2019.02.01-20.30.21:795][  0]LogCook: Display: Max memory allowance for cook 16384mb min free memory 0mb
[2019.02.01-20.30.21:795][  0]LogCook: Display: Mobile HDR setting 1
[2019.02.01-20.30.21:795][  0]LogGameplayTags: Display: UGameplayTagsManager::DoneAddingNativeTags. DelegateIsBound: 0
[2019.02.01-20.30.21:795][  0]LogStats: UGameplayTagsManager::ConstructGameplayTagTree: ImportINI prefixes -  0.000 s
[2019.02.01-20.30.21:795][  0]LogStats: UGameplayTagsManager::ConstructGameplayTagTree: Construct from data asset -  0.000 s
[2019.02.01-20.30.21:796][  0]LogStats: UGameplayTagsManager::ConstructGameplayTagTree: ImportINI -  0.000 s
[2019.02.01-20.30.21:796][  0]LogStats: UGameplayTagsManager::ConstructGameplayTagTree: GameplayTagTreeChangedEvent.Broadcast -  0.000 s
[2019.02.01-20.30.21:941][  0]LogFileCache: Scanning file cache for directory 'F:/Renzy/Documents/Algonquin/Term 4/GAM1528 - High Level Development 2/Assignments/GOOB-master/Content/' took 0.01s
[2019.02.01-20.30.21:941][  0]SourceControl: Source control is disabled
[2019.02.01-20.30.21:942][  0]LightingResults: New page: Lighting Build
[2019.02.01-20.30.21:945][  0]MapCheck: New page: Map Check
[2019.02.01-20.30.21:945][  0]LightingResults: New page: Lighting Build
[2019.02.01-20.30.22:201][  0]LogAIModule: Creating AISystem for world Minimal_Default
[2019.02.01-20.30.22:209][  0]LogEditorServer: Finished looking for orphan Actors (0.000 secs)
[2019.02.01-20.30.22:227][  0]Cmd: MAP CHECKDEP NOCLEARLOG
[2019.02.01-20.30.22:287][  0]MapCheck: Map check complete: 0 Error(s), 0 Warning(s), took 59.259ms to complete.
[2019.02.01-20.30.22:287][  0]LogFileHelpers: Loading map 'Minimal_Default' took 0.345
[2019.02.01-20.30.22:442][  0]LogSlate: Updating window title bar state: overlay mode, drag disabled, window buttons hidden, title bar hidden
[2019.02.01-20.30.22:448][  0]LogSlate: Updating window title bar state: overlay mode, drag disabled, window buttons hidden, title bar hidden
[2019.02.01-20.30.22:454][  0]LogSlate: Updating window title bar state: overlay mode, drag disabled, window buttons hidden, title bar hidden
[2019.02.01-20.30.22:460][  0]LogSlate: Updating window title bar state: overlay mode, drag disabled, window buttons hidden, title bar hidden
[2019.02.01-20.30.22:467][  0]LogCollectionManager: Loaded 0 collections in 0.000965 seconds
[2019.02.01-20.30.22:517][  0]LogFileCache: Scanning file cache for directory 'F:/Renzy/Documents/Algonquin/Term 4/GAM1528 - High Level Development 2/Assignments/GOOB-master/Saved/Collections/' took 0.01s
[2019.02.01-20.30.22:517][  0]LogFileCache: Scanning file cache for directory 'F:/Renzy/Documents/Algonquin/Term 4/GAM1528 - High Level Development 2/Assignments/GOOB-master/Content/Developers/Renzy/Collections/' took 0.01s
[2019.02.01-20.30.22:517][  0]LogFileCache: Scanning file cache for directory 'F:/Renzy/Documents/Algonquin/Term 4/GAM1528 - High Level Development 2/Assignments/GOOB-master/Content/Collections/' took 0.01s
[2019.02.01-20.30.22:517][  0]LogCollectionManager: Rebuilt the GUID cache for 0 collections in 0.000000 seconds
[2019.02.01-20.30.22:525][  0]LogContentBrowser: Native class hierarchy populated in 0.0074 seconds. Added 2574 classes and 605 folders.
[2019.02.01-20.30.22:529][  0]LogContentBrowser: Native class hierarchy updated for 'WidgetCarousel' in 0.0003 seconds. Added 0 classes and 0 folders.
[2019.02.01-20.30.22:582][  0]LogContentBrowser: Native class hierarchy updated for 'AddContentDialog' in 0.0003 seconds. Added 0 classes and 0 folders.
[2019.02.01-20.30.22:588][  0]LogContentBrowser: Native class hierarchy updated for 'SceneOutliner' in 0.0005 seconds. Added 1 classes and 2 folders.
[2019.02.01-20.30.22:637][  0]LogSlate: Took 0.000255 seconds to synchronously load lazily loaded font '../../../Engine/Content/Slate/Fonts/Roboto-Regular.ttf' (155K)
[2019.02.01-20.30.22:639][  0]LogSlate: Took 0.000187 seconds to synchronously load lazily loaded font '../../../Engine/Content/Slate/Fonts/Roboto-Bold.ttf' (160K)
[2019.02.01-20.30.22:645][  0]LogSlate: Took 0.000232 seconds to synchronously load lazily loaded font '../../../Engine/Content/Editor/Slate/Fonts/FontAwesome.ttf' (139K)
[2019.02.01-20.30.22:706][  0]LogRenderer: Reallocating scene render targets to support 1208x576 Format 10 NumSamples 1 (Frame:1).
[2019.02.01-20.30.22:832][  0]LogContentBrowser: Native class hierarchy updated for 'HierarchicalLODOutliner' in 0.0004 seconds. Added 0 classes and 0 folders.
[2019.02.01-20.30.22:832][  0]LogLoad: (Engine Initialization) Total time: 8.16 seconds
[2019.02.01-20.30.22:832][  0]LogLoad: (Engine Initialization) Total Blueprint compile time: 0.00 seconds
[2019.02.01-20.30.22:842][  0]LogWindowsTextInputMethodSystem: Display: IME system now deactivated.
[2019.02.01-20.30.22:859][  0]LogAssetRegistry: Asset discovery search completed in 4.1398 seconds
[2019.02.01-20.30.22:861][  0]LogCollectionManager: Rebuilt the object cache for 0 collections in 0.000000 seconds (found 0 objects)
[2019.02.01-20.30.22:861][  0]LogCollectionManager: Fixed up redirectors for 0 collections in 0.000118 seconds (updated 0 objects)
[2019.02.01-20.30.22:862][  0]LogContentStreaming: Texture pool size now 1000 MB
[2019.02.01-20.30.22:926][  0]LogSlate: Took 0.000154 seconds to synchronously load lazily loaded font '../../../Engine/Content/Slate/Fonts/Roboto-Light.ttf' (167K)
[2019.02.01-20.30.23:739][ 95]LogSlate: FSceneViewport::OnFocusLost() reason 0
[2019.02.01-20.30.23:806][103]LogTemp: Repeating last play command: Selected Viewport
[2019.02.01-20.30.23:820][103]LogBlueprintUserMessages: Early PlayInEditor Detection: Level '/Game/StarterContent/Maps/Minimal_Default.Minimal_Default:PersistentLevel' has LevelScriptBlueprint '/Game/StarterContent/Maps/Minimal_Default.Minimal_Default:PersistentLevel.Minimal_Default' with GeneratedClass '/Game/StarterContent/Maps/Minimal_Default.Minimal_Default_C' with ClassGeneratedBy '/Game/StarterContent/Maps/Minimal_Default.Minimal_Default:PersistentLevel.Minimal_Default'
[2019.02.01-20.30.23:820][103]LogPlayLevel: PlayLevel: No blueprints needed recompiling
[2019.02.01-20.30.23:833][103]PIE: New page: PIE session: Minimal_Default (Feb 1, 2019, 10:30:23 AM)
[2019.02.01-20.30.23:833][103]LogPlayLevel: Creating play world package: /Game/StarterContent/Maps/UEDPIE_0_Minimal_Default
[2019.02.01-20.30.23:836][103]LogPlayLevel: PIE: StaticDuplicateObject took: (0.002770s)
[2019.02.01-20.30.23:837][103]LogAIModule: Creating AISystem for world Minimal_Default
[2019.02.01-20.30.23:837][103]LogPlayLevel: PIE: World Init took: (0.000652s)
[2019.02.01-20.30.23:837][103]LogPlayLevel: PIE: Created PIE world by copying editor world from /Game/StarterContent/Maps/Minimal_Default.Minimal_Default to /Game/StarterContent/Maps/UEDPIE_0_Minimal_Default.Minimal_Default (0.003700s)
[2019.02.01-20.30.23:876][103]LogInit: XAudio2 using 'Speakers (Sound BlasterX AE-5)' : 6 channels at 48 kHz using 32 bits per sample (channel mask 0x3f)
[2019.02.01-20.30.23:889][103]LogInit: FAudioDevice initialized.
[2019.02.01-20.30.23:936][103]LogLoad: Game class is 'Test_Terminus_22XXGameModeBase_C'
[2019.02.01-20.30.23:937][103]LogWorld: Bringing World /Game/StarterContent/Maps/UEDPIE_0_Minimal_Default.Minimal_Default up for play (max tick rate 0) at 2019.02.01-15.30.23
[2019.02.01-20.30.23:938][103]LogWorld: Bringing up level for play took: 0.000724
[2019.02.01-20.30.23:953][103]LogContentBrowser: Native class hierarchy updated for 'MovieSceneCapture' in 0.0004 seconds. Added 10 classes and 0 folders.
[2019.02.01-20.30.23:954][103]PIE: Play in editor start time for /Game/StarterContent/Maps/UEDPIE_0_Minimal_Default 0.275
[2019.02.01-20.30.23:955][103]LogBlueprintUserMessages: Late PlayInEditor Detection: Level '/Game/StarterContent/Maps/Minimal_Default.Minimal_Default:PersistentLevel' has LevelScriptBlueprint '/Game/StarterContent/Maps/Minimal_Default.Minimal_Default:PersistentLevel.Minimal_Default' with GeneratedClass '/Game/StarterContent/Maps/Minimal_Default.Minimal_Default_C' with ClassGeneratedBy '/Game/StarterContent/Maps/Minimal_Default.Minimal_Default:PersistentLevel.Minimal_Default'
[2019.02.01-20.30.36:258][575]LogBlueprintUserMessages: Early EndPlayMap Detection: Level '/Game/StarterContent/Maps/Minimal_Default.Minimal_Default:PersistentLevel' has LevelScriptBlueprint '/Game/StarterContent/Maps/Minimal_Default.Minimal_Default:PersistentLevel.Minimal_Default' with GeneratedClass '/Game/StarterContent/Maps/Minimal_Default.Minimal_Default_C' with ClassGeneratedBy '/Game/StarterContent/Maps/Minimal_Default.Minimal_Default:PersistentLevel.Minimal_Default'
[2019.02.01-20.30.36:258][575]LogSlate: Updating window title bar state: overlay mode, drag disabled, window buttons hidden, title bar hidden
[2019.02.01-20.30.36:293][575]LogPlayLevel: Display: Shutting down PIE online subsystems
[2019.02.01-20.30.36:293][575]LogBlueprintUserMessages: Late EndPlayMap Detection: Level '/Game/StarterContent/Maps/Minimal_Default.Minimal_Default:PersistentLevel' has LevelScriptBlueprint '/Game/StarterContent/Maps/Minimal_Default.Minimal_Default:PersistentLevel.Minimal_Default' with GeneratedClass '/Game/StarterContent/Maps/Minimal_Default.Minimal_Default_C' with ClassGeneratedBy '/Game/StarterContent/Maps/Minimal_Default.Minimal_Default:PersistentLevel.Minimal_Default'
[2019.02.01-20.30.36:311][575]LogSlate: Updating window title bar state: overlay mode, drag disabled, window buttons hidden, title bar hidden
[2019.02.01-20.30.36:357][579]LogPlayLevel: Display: Destroying online subsystem :Context_1
